<?xml version="1.0" encoding="UTF-8" ?>
<testsuite errors="0" failures="0" hostname="MacBook-Pro-Dawid.local" name="peergos.server.tests.QrCodeTests" skipped="0" tests="2" time="0.678" timestamp="2021-05-16T19:52:44">
  <properties>
    <property name="ant.library.dir" value="/usr/local/Cellar/ant/1.10.9/libexec/lib" />
    <property name="ant.file.type" value="file" />
    <property name="java.specification.version" value="15" />
    <property name="ant.project.name" value="Peergos" />
    <property name="sun.jnu.encoding" value="UTF-8" />
    <property name="dist" value="/Users/dawid/dev/mudita/Peergos/dist" />
    <property name="java.class.path" value="/Users/dawid/dev/mudita/Peergos/lib-build/gwt-user.jar:/Users/dawid/dev/mudita/Peergos/lib-build/hamcrest-core-1.3.jar:/Users/dawid/dev/mudita/Peergos/lib-build/junit-4.11.jar:/Users/dawid/dev/mudita/Peergos/lib/HikariCP-3.4.2.jar:/Users/dawid/dev/mudita/Peergos/lib/jain-sdp.jar:/Users/dawid/dev/mudita/Peergos/lib/jline-3.12.1.jar:/Users/dawid/dev/mudita/Peergos/lib/jnr-fuse-0.3-all.jar:/Users/dawid/dev/mudita/Peergos/lib/postgresql-42.2.8.jar:/Users/dawid/dev/mudita/Peergos/lib/simpleclient-0.8.0.jar:/Users/dawid/dev/mudita/Peergos/lib/simpleclient_common-0.8.0.jar:/Users/dawid/dev/mudita/Peergos/lib/simpleclient_httpserver-0.8.0.jar:/Users/dawid/dev/mudita/Peergos/lib/slf4j-api-1.7.30.jar:/Users/dawid/dev/mudita/Peergos/lib/slf4j-nop-1.7.30.jar:/Users/dawid/dev/mudita/Peergos/lib/sqlite-jdbc-3.30.1.jar:/Users/dawid/dev/mudita/Peergos/lib/weupnp-0.1.2-SNAPSHOT.jar:/Users/dawid/dev/mudita/Peergos/build:/usr/local/Cellar/ant/1.10.9/libexec/lib/ant-launcher.jar:/usr/local/Cellar/ant/1.10.9/libexec/lib/ant.jar:/usr/local/Cellar/ant/1.10.9/libexec/lib/ant-junit.jar:/usr/local/Cellar/ant/1.10.9/libexec/lib/ant-junit4.jar" />
    <property name="java.vm.vendor" value="Oracle Corporation" />
    <property name="test.reports" value="/Users/dawid/dev/mudita/Peergos/test.reports" />
    <property name="sun.arch.data.model" value="64" />
    <property name="java.vendor.url" value="https://openjdk.java.net/" />
    <property name="os.name" value="Mac OS X" />
    <property name="java.vm.specification.version" value="15" />
    <property name="sun.java.launcher" value="SUN_STANDARD" />
    <property name="user.country" value="PL" />
    <property name="sun.boot.library.path" value="/usr/local/Cellar/openjdk/15.0.1/libexec/openjdk.jdk/Contents/Home/lib" />
    <property name="sun.java.command" value="org.apache.tools.ant.taskdefs.optional.junit.JUnitTestRunner peergos.server.tests.QrCodeTests skipNonTests=true filtertrace=true haltOnError=false haltOnFailure=false formatter=org.apache.tools.ant.taskdefs.optional.junit.SummaryJUnitResultFormatter showoutput=false outputtoformatters=true logfailedtests=true threadid=0 logtestlistenerevents=false formatter=org.apache.tools.ant.taskdefs.optional.junit.XMLJUnitResultFormatter,/Users/dawid/dev/mudita/Peergos/test.reports/TEST-peergos.server.tests.QrCodeTests.xml crashfile=/Users/dawid/dev/mudita/Peergos/junitvmwatcher7030179428434529440.properties propsfile=/Users/dawid/dev/mudita/Peergos/junit11047101365843611269.properties" />
    <property name="http.nonProxyHosts" value="local|*.local|169.254/16|*.169.254/16" />
    <property name="jdk.debug" value="release" />
    <property name="sun.cpu.endian" value="little" />
    <property name="user.home" value="/Users/dawid" />
    <property name="user.language" value="pl" />
    <property name="java.specification.vendor" value="Oracle Corporation" />
    <property name="java.version.date" value="2020-10-20" />
    <property name="java.home" value="/usr/local/Cellar/openjdk/15.0.1/libexec/openjdk.jdk/Contents/Home" />
    <property name="file.separator" value="/" />
    <property name="basedir" value="/Users/dawid/dev/mudita/Peergos" />
    <property name="java.vm.compressedOopsMode" value="Zero based" />
    <property name="line.separator" value="&#xa;" />
    <property name="ant.java.version" value="15" />
    <property name="java.vm.specification.vendor" value="Oracle Corporation" />
    <property name="java.specification.name" value="Java Platform API Specification" />
    <property name="test.source.absolute" value="/Users/dawid/dev/mudita/Peergos/src/peergos/server/tests/QrCodeTests.java" />
    <property name="gwt.args" value="-generateJsInteropExports -style Pretty -strict" />
    <property name="sun.management.compiler" value="HotSpot 64-Bit Tiered Compilers" />
    <property name="ftp.nonProxyHosts" value="local|*.local|169.254/16|*.169.254/16" />
    <property name="ant.file.type.Peergos" value="file" />
    <property name="java.runtime.version" value="15.0.1+9" />
    <property name="user.name" value="dawid" />
    <property name="ant.file" value="/Users/dawid/dev/mudita/Peergos/build.xml" />
    <property name="test.source.relative" value="peergos/server/tests/QrCodeTests.java" />
    <property name="path.separator" value=":" />
    <property name="os.version" value="10.15.7" />
    <property name="ant.file.Peergos" value="/Users/dawid/dev/mudita/Peergos/build.xml" />
    <property name="java.runtime.name" value="OpenJDK Runtime Environment" />
    <property name="file.encoding" value="UTF-8" />
    <property name="ant.project.invoked-targets" value="execute.test" />
    <property name="java.vm.name" value="OpenJDK 64-Bit Server VM" />
    <property name="ant.core.lib" value="/usr/local/Cellar/ant/1.10.9/libexec/lib/ant.jar" />
    <property name="java.vendor.url.bug" value="https://bugreport.java.com/bugreport/" />
    <property name="java.io.tmpdir" value="/var/folders/gv/63jbvk_x3dv61sknmgcfqtg40000gn/T/" />
    <property name="src" value="/Users/dawid/dev/mudita/Peergos/src" />
    <property name="java.version" value="15.0.1" />
    <property name="user.dir" value="/Users/dawid/dev/mudita/Peergos" />
    <property name="os.arch" value="x86_64" />
    <property name="timestamp.millis" value="1489731900000" />
    <property name="java.vm.specification.name" value="Java Virtual Machine Specification" />
    <property name="manifest_cp" value="lib/HikariCP-3.4.2.jar lib/jain-sdp.jar lib/jline-3.12.1.jar lib/jnr-fuse-0.3-all.jar lib/postgresql-42.2.8.jar lib/simpleclient-0.8.0.jar lib/simpleclient_common-0.8.0.jar lib/simpleclient_httpserver-0.8.0.jar lib/slf4j-api-1.7.30.jar lib/slf4j-nop-1.7.30.jar lib/sqlite-jdbc-3.30.1.jar lib/weupnp-0.1.2-SNAPSHOT.jar" />
    <property name="ant.home" value="/usr/local/Cellar/ant/1.10.9/libexec" />
    <property name="test.sources" value="/Users/dawid/dev/mudita/Peergos/src" />
    <property name="ant.version" value="Apache Ant(TM) version 1.10.9 compiled on September 27 2020" />
    <property name="java.library.path" value="native-lib" />
    <property name="java.vm.info" value="mixed mode, sharing" />
    <property name="java.vendor" value="N/A" />
    <property name="build" value="/Users/dawid/dev/mudita/Peergos/build" />
    <property name="java.vm.version" value="15.0.1+9" />
    <property name="sun.io.unicode.encoding" value="UnicodeBig" />
    <property name="gwt.sdk" value="/Users/dawid/dev/mudita/Peergos/gwt/gwt-2.8.3" />
    <property name="socksNonProxyHosts" value="local|*.local|169.254/16|*.169.254/16" />
    <property name="java.class.version" value="59.0" />
    <property name="ant.project.default-target" value="dist" />
  </properties>
  <testcase classname="peergos.server.tests.QrCodeTests" name="roundTripFingerPrint" time="0.479" />
  <testcase classname="peergos.server.tests.QrCodeTests" name="invertable" time="0.114" />
  <system-out><![CDATA[]]></system-out>
  <system-err><![CDATA[Couldn't load native crypto library at /Users/dawid/dev/mudita/Peergos/native-lib/libtweetnacl.so, using pure Java version...
To use the native linux-x86-64 crypto implementation use option -Djava.library.path=native-lib
]]></system-err>
</testsuite>
