<?xml version="1.0" encoding="UTF-8" ?>
<testsuite errors="0" failures="0" hostname="MacBook-Pro-Dawid.local" name="peergos.server.tests.MultiNodeNetworkTests" skipped="0" tests="24" time="835.373" timestamp="2021-05-16T19:28:15">
  <properties>
    <property name="ant.library.dir" value="/usr/local/Cellar/ant/1.10.9/libexec/lib" />
    <property name="ant.file.type" value="file" />
    <property name="java.specification.version" value="15" />
    <property name="ant.project.name" value="Peergos" />
    <property name="sun.jnu.encoding" value="UTF-8" />
    <property name="dist" value="/Users/dawid/dev/mudita/Peergos/dist" />
    <property name="java.class.path" value="/Users/dawid/dev/mudita/Peergos/lib-build/gwt-user.jar:/Users/dawid/dev/mudita/Peergos/lib-build/hamcrest-core-1.3.jar:/Users/dawid/dev/mudita/Peergos/lib-build/junit-4.11.jar:/Users/dawid/dev/mudita/Peergos/lib/HikariCP-3.4.2.jar:/Users/dawid/dev/mudita/Peergos/lib/jain-sdp.jar:/Users/dawid/dev/mudita/Peergos/lib/jline-3.12.1.jar:/Users/dawid/dev/mudita/Peergos/lib/jnr-fuse-0.3-all.jar:/Users/dawid/dev/mudita/Peergos/lib/postgresql-42.2.8.jar:/Users/dawid/dev/mudita/Peergos/lib/simpleclient-0.8.0.jar:/Users/dawid/dev/mudita/Peergos/lib/simpleclient_common-0.8.0.jar:/Users/dawid/dev/mudita/Peergos/lib/simpleclient_httpserver-0.8.0.jar:/Users/dawid/dev/mudita/Peergos/lib/slf4j-api-1.7.30.jar:/Users/dawid/dev/mudita/Peergos/lib/slf4j-nop-1.7.30.jar:/Users/dawid/dev/mudita/Peergos/lib/sqlite-jdbc-3.30.1.jar:/Users/dawid/dev/mudita/Peergos/lib/weupnp-0.1.2-SNAPSHOT.jar:/Users/dawid/dev/mudita/Peergos/build:/usr/local/Cellar/ant/1.10.9/libexec/lib/ant-launcher.jar:/usr/local/Cellar/ant/1.10.9/libexec/lib/ant.jar:/usr/local/Cellar/ant/1.10.9/libexec/lib/ant-junit.jar:/usr/local/Cellar/ant/1.10.9/libexec/lib/ant-junit4.jar" />
    <property name="java.vm.vendor" value="Oracle Corporation" />
    <property name="test.reports" value="/Users/dawid/dev/mudita/Peergos/test.reports" />
    <property name="sun.arch.data.model" value="64" />
    <property name="java.vendor.url" value="https://openjdk.java.net/" />
    <property name="os.name" value="Mac OS X" />
    <property name="java.vm.specification.version" value="15" />
    <property name="sun.java.launcher" value="SUN_STANDARD" />
    <property name="user.country" value="PL" />
    <property name="sun.boot.library.path" value="/usr/local/Cellar/openjdk/15.0.1/libexec/openjdk.jdk/Contents/Home/lib" />
    <property name="sun.java.command" value="org.apache.tools.ant.taskdefs.optional.junit.JUnitTestRunner peergos.server.tests.MultiNodeNetworkTests skipNonTests=true filtertrace=true haltOnError=false haltOnFailure=false formatter=org.apache.tools.ant.taskdefs.optional.junit.SummaryJUnitResultFormatter showoutput=false outputtoformatters=true logfailedtests=true threadid=0 logtestlistenerevents=false formatter=org.apache.tools.ant.taskdefs.optional.junit.XMLJUnitResultFormatter,/Users/dawid/dev/mudita/Peergos/test.reports/TEST-peergos.server.tests.MultiNodeNetworkTests.xml crashfile=/Users/dawid/dev/mudita/Peergos/junitvmwatcher4009123861407579937.properties propsfile=/Users/dawid/dev/mudita/Peergos/junit16713925801173024963.properties" />
    <property name="http.nonProxyHosts" value="local|*.local|169.254/16|*.169.254/16" />
    <property name="jdk.debug" value="release" />
    <property name="sun.cpu.endian" value="little" />
    <property name="user.home" value="/Users/dawid" />
    <property name="user.language" value="pl" />
    <property name="java.specification.vendor" value="Oracle Corporation" />
    <property name="java.version.date" value="2020-10-20" />
    <property name="java.home" value="/usr/local/Cellar/openjdk/15.0.1/libexec/openjdk.jdk/Contents/Home" />
    <property name="file.separator" value="/" />
    <property name="basedir" value="/Users/dawid/dev/mudita/Peergos" />
    <property name="java.vm.compressedOopsMode" value="Zero based" />
    <property name="line.separator" value="&#xa;" />
    <property name="ant.java.version" value="15" />
    <property name="java.vm.specification.vendor" value="Oracle Corporation" />
    <property name="java.specification.name" value="Java Platform API Specification" />
    <property name="test.source.absolute" value="/Users/dawid/dev/mudita/Peergos/src/peergos/server/tests/MultiNodeNetworkTests.java" />
    <property name="gwt.args" value="-generateJsInteropExports -style Pretty -strict" />
    <property name="sun.management.compiler" value="HotSpot 64-Bit Tiered Compilers" />
    <property name="ftp.nonProxyHosts" value="local|*.local|169.254/16|*.169.254/16" />
    <property name="ant.file.type.Peergos" value="file" />
    <property name="java.runtime.version" value="15.0.1+9" />
    <property name="user.name" value="dawid" />
    <property name="ant.file" value="/Users/dawid/dev/mudita/Peergos/build.xml" />
    <property name="test.source.relative" value="peergos/server/tests/MultiNodeNetworkTests.java" />
    <property name="path.separator" value=":" />
    <property name="os.version" value="10.15.7" />
    <property name="ant.file.Peergos" value="/Users/dawid/dev/mudita/Peergos/build.xml" />
    <property name="java.runtime.name" value="OpenJDK Runtime Environment" />
    <property name="file.encoding" value="UTF-8" />
    <property name="ant.project.invoked-targets" value="execute.test" />
    <property name="java.vm.name" value="OpenJDK 64-Bit Server VM" />
    <property name="ant.core.lib" value="/usr/local/Cellar/ant/1.10.9/libexec/lib/ant.jar" />
    <property name="java.vendor.url.bug" value="https://bugreport.java.com/bugreport/" />
    <property name="java.io.tmpdir" value="/var/folders/gv/63jbvk_x3dv61sknmgcfqtg40000gn/T/" />
    <property name="src" value="/Users/dawid/dev/mudita/Peergos/src" />
    <property name="java.version" value="15.0.1" />
    <property name="user.dir" value="/Users/dawid/dev/mudita/Peergos" />
    <property name="os.arch" value="x86_64" />
    <property name="timestamp.millis" value="1489731900000" />
    <property name="java.vm.specification.name" value="Java Virtual Machine Specification" />
    <property name="manifest_cp" value="lib/HikariCP-3.4.2.jar lib/jain-sdp.jar lib/jline-3.12.1.jar lib/jnr-fuse-0.3-all.jar lib/postgresql-42.2.8.jar lib/simpleclient-0.8.0.jar lib/simpleclient_common-0.8.0.jar lib/simpleclient_httpserver-0.8.0.jar lib/slf4j-api-1.7.30.jar lib/slf4j-nop-1.7.30.jar lib/sqlite-jdbc-3.30.1.jar lib/weupnp-0.1.2-SNAPSHOT.jar" />
    <property name="ant.home" value="/usr/local/Cellar/ant/1.10.9/libexec" />
    <property name="test.sources" value="/Users/dawid/dev/mudita/Peergos/src" />
    <property name="ant.version" value="Apache Ant(TM) version 1.10.9 compiled on September 27 2020" />
    <property name="java.library.path" value="native-lib" />
    <property name="java.vm.info" value="mixed mode, sharing" />
    <property name="java.vendor" value="N/A" />
    <property name="build" value="/Users/dawid/dev/mudita/Peergos/build" />
    <property name="java.vm.version" value="15.0.1+9" />
    <property name="sun.io.unicode.encoding" value="UnicodeBig" />
    <property name="gwt.sdk" value="/Users/dawid/dev/mudita/Peergos/gwt/gwt-2.8.3" />
    <property name="socksNonProxyHosts" value="local|*.local|169.254/16|*.169.254/16" />
    <property name="java.class.version" value="59.0" />
    <property name="ant.project.default-target" value="dist" />
  </properties>
  <testcase classname="peergos.server.tests.MultiNodeNetworkTests" name="signUp[nodes: 0, 1 (0 == PKI, &gt; 0 normal)]" time="5.48" />
  <testcase classname="peergos.server.tests.MultiNodeNetworkTests" name="grantAndRevokeDirReadAccess[nodes: 0, 1 (0 == PKI, &gt; 0 normal)]" time="107.443" />
  <testcase classname="peergos.server.tests.MultiNodeNetworkTests" name="internodeFriends[nodes: 0, 1 (0 == PKI, &gt; 0 normal)]" time="33.797" />
  <testcase classname="peergos.server.tests.MultiNodeNetworkTests" name="grantAndRevokeFileReadAccess[nodes: 0, 1 (0 == PKI, &gt; 0 normal)]" time="71.068" />
  <testcase classname="peergos.server.tests.MultiNodeNetworkTests" name="invalidMigrate[nodes: 0, 1 (0 == PKI, &gt; 0 normal)]" time="7.24" />
  <testcase classname="peergos.server.tests.MultiNodeNetworkTests" name="writeViaUnrelatedNode[nodes: 0, 1 (0 == PKI, &gt; 0 normal)]" time="5.874" />
  <testcase classname="peergos.server.tests.MultiNodeNetworkTests" name="publicLinkToFile[nodes: 0, 1 (0 == PKI, &gt; 0 normal)]" time="6.923" />
  <testcase classname="peergos.server.tests.MultiNodeNetworkTests" name="migrate[nodes: 0, 1 (0 == PKI, &gt; 0 normal)]" time="1.397" />
  <testcase classname="peergos.server.tests.MultiNodeNetworkTests" name="signUp[nodes: 1, 0 (0 == PKI, &gt; 0 normal)]" time="5.394" />
  <testcase classname="peergos.server.tests.MultiNodeNetworkTests" name="grantAndRevokeDirReadAccess[nodes: 1, 0 (0 == PKI, &gt; 0 normal)]" time="103.006" />
  <testcase classname="peergos.server.tests.MultiNodeNetworkTests" name="internodeFriends[nodes: 1, 0 (0 == PKI, &gt; 0 normal)]" time="41.212" />
  <testcase classname="peergos.server.tests.MultiNodeNetworkTests" name="grantAndRevokeFileReadAccess[nodes: 1, 0 (0 == PKI, &gt; 0 normal)]" time="70.965" />
  <testcase classname="peergos.server.tests.MultiNodeNetworkTests" name="invalidMigrate[nodes: 1, 0 (0 == PKI, &gt; 0 normal)]" time="9.586" />
  <testcase classname="peergos.server.tests.MultiNodeNetworkTests" name="writeViaUnrelatedNode[nodes: 1, 0 (0 == PKI, &gt; 0 normal)]" time="5.645" />
  <testcase classname="peergos.server.tests.MultiNodeNetworkTests" name="publicLinkToFile[nodes: 1, 0 (0 == PKI, &gt; 0 normal)]" time="8.124" />
  <testcase classname="peergos.server.tests.MultiNodeNetworkTests" name="migrate[nodes: 1, 0 (0 == PKI, &gt; 0 normal)]" time="2.313" />
  <testcase classname="peergos.server.tests.MultiNodeNetworkTests" name="signUp[nodes: 2, 1 (0 == PKI, &gt; 0 normal)]" time="5.833" />
  <testcase classname="peergos.server.tests.MultiNodeNetworkTests" name="grantAndRevokeDirReadAccess[nodes: 2, 1 (0 == PKI, &gt; 0 normal)]" time="105.915" />
  <testcase classname="peergos.server.tests.MultiNodeNetworkTests" name="internodeFriends[nodes: 2, 1 (0 == PKI, &gt; 0 normal)]" time="35.215" />
  <testcase classname="peergos.server.tests.MultiNodeNetworkTests" name="grantAndRevokeFileReadAccess[nodes: 2, 1 (0 == PKI, &gt; 0 normal)]" time="74.521" />
  <testcase classname="peergos.server.tests.MultiNodeNetworkTests" name="invalidMigrate[nodes: 2, 1 (0 == PKI, &gt; 0 normal)]" time="25.147" />
  <testcase classname="peergos.server.tests.MultiNodeNetworkTests" name="writeViaUnrelatedNode[nodes: 2, 1 (0 == PKI, &gt; 0 normal)]" time="7.668" />
  <testcase classname="peergos.server.tests.MultiNodeNetworkTests" name="publicLinkToFile[nodes: 2, 1 (0 == PKI, &gt; 0 normal)]" time="8.878" />
  <testcase classname="peergos.server.tests.MultiNodeNetworkTests" name="migrate[nodes: 2, 1 (0 == PKI, &gt; 0 normal)]" time="60.384" />
  <system-out><![CDATA[Looking up OS: mac os x
Looking up architecture: x86_64
init
bootstrap rm all
config --json Experimental.Libp2pStreamMounting true
config --json Experimental.P2pHttpProxy true
config Addresses.API /ip4/127.0.0.1/tcp/15376
config Addresses.Gateway /ip4/127.0.0.1/tcp/25365
config --json Addresses.Swarm ["/ip4/0.0.0.0/tcp/38631","/ip6/::/tcp/38631"]
daemon
p2p listen --allow-custom-protocol /http /ip4/127.0.0.1/tcp/16648
Looking up OS: mac os x
Looking up architecture: x86_64
bootstrap rm all
config --json Experimental.Libp2pStreamMounting true
config --json Experimental.P2pHttpProxy true
config Addresses.API /ip4/127.0.0.1/tcp/15376
config Addresses.Gateway /ip4/127.0.0.1/tcp/25365
config --json Addresses.Swarm ["/ip4/0.0.0.0/tcp/38631","/ip6/::/tcp/38631"]
daemon
p2p listen --allow-custom-protocol /http /ip4/127.0.0.1/tcp/16648
Starting blockstore garbage collection on node z5AanNVJCxnMSa5gtdc2424ycoo7k8dHJ6swCfEKo5yz36VQ8twtNXS...
Listing block store took 0s
Listing pending blocks took 0s
Listing pointers took 0s
Marking reachable took 0s
Deleting blocks took 0s
GC complete. Freed 28 blocks totalling 40888 bytes in 0s

█╗█╗█╗█╗   ██████╗ ███████╗███████╗██████╗  ██████╗  ██████╗ ███████╗   █╗█╗█╗█╗
 █████╔╝   ██╔══██╗██╔════╝██╔════╝██╔══██╗██╔════╝ ██╔═══██╗██╔════╝    █████╔╝
 ██ ██║    ██████╔╝█████╗  █████╗  ██████╔╝██║  ███╗██║   ██║███████╗    ██ ██║
 █████║    ██╔═══╝ ██╔══╝  ██╔══╝  ██╔══██╗██║   ██║██║   ██║╚════██║    █████║
███████╗   ██║     ███████╗███████╗██║  ██║╚██████╔╝╚██████╔╝███████║   ███████╗
╚══════╝   ╚═╝     ╚══════╝╚══════╝╚═╝  ╚═╝ ╚═════╝  ╚═════╝ ╚══════╝   ╚══════╝
Peergos daemon started. Browse to http://localhost:16648/ to sign up or login. 
Running version 0.4.0-
Looking up OS: mac os x
Looking up architecture: x86_64
init
bootstrap rm all
bootstrap add /ip4/127.0.0.1/tcp/38631/ipfs/z5AanNVJCxnMSa5gtdc2424ycoo7k8dHJ6swCfEKo5yz36VQ8twtNXS
config --json Experimental.Libp2pStreamMounting true
config --json Experimental.P2pHttpProxy true
config Addresses.API /ip4/127.0.0.1/tcp/14360
config Addresses.Gateway /ip4/127.0.0.1/tcp/10948
config --json Addresses.Swarm ["/ip4/0.0.0.0/tcp/13029","/ip6/::/tcp/13029"]
daemon
p2p listen --allow-custom-protocol /http /ip4/127.0.0.1/tcp/13447
Starting blockstore garbage collection on node z5AanNVJCxnSngaCPw2yjWmKPNn6w5tmzxX42gxazW91Wd74W8XhmtG...
Listing block store took 0s
Listing pending blocks took 0s
Listing pointers took 0s
Marking reachable took 0s
Deleting blocks took 0s
GC complete. Freed 28 blocks totalling 40888 bytes in 0s
swarm connect /ip4/172.104.157.121/tcp/5001/ipfs/z5AanNVJCxnMSa5gtdc2424ycoo7k8dHJ6swCfEKo5yz36VQ8twtNXS

█╗█╗█╗█╗   ██████╗ ███████╗███████╗██████╗  ██████╗  ██████╗ ███████╗   █╗█╗█╗█╗
 █████╔╝   ██╔══██╗██╔════╝██╔════╝██╔══██╗██╔════╝ ██╔═══██╗██╔════╝    █████╔╝
 ██ ██║    ██████╔╝█████╗  █████╗  ██████╔╝██║  ███╗██║   ██║███████╗    ██ ██║
 █████║    ██╔═══╝ ██╔══╝  ██╔══╝  ██╔══██╗██║   ██║██║   ██║╚════██║    █████║
███████╗   ██║     ███████╗███████╗██║  ██║╚██████╔╝╚██████╔╝███████║   ███████╗
╚══════╝   ╚═╝     ╚══════╝╚══════╝╚═╝  ╚═╝ ╚═════╝  ╚═════╝ ╚══════╝   ╚══════╝
Peergos daemon started. Browse to http://localhost:13447/ to sign up or login. 
Running version 0.4.0-
Looking up OS: mac os x
Looking up architecture: x86_64
init
bootstrap rm all
bootstrap add /ip4/127.0.0.1/tcp/38631/ipfs/z5AanNVJCxnMSa5gtdc2424ycoo7k8dHJ6swCfEKo5yz36VQ8twtNXS
config --json Experimental.Libp2pStreamMounting true
config --json Experimental.P2pHttpProxy true
config Addresses.API /ip4/127.0.0.1/tcp/12515
config Addresses.Gateway /ip4/127.0.0.1/tcp/10053
config --json Addresses.Swarm ["/ip4/0.0.0.0/tcp/15491","/ip6/::/tcp/15491"]
daemon
p2p listen --allow-custom-protocol /http /ip4/127.0.0.1/tcp/14761
Starting blockstore garbage collection on node z5AanNVJCxnHfQiQvZF5JATFhEDSmvdqEnmDmR6bkLQoZzHgMkZyL74...
Listing block store took 0s
Listing pending blocks took 0s
Listing pointers took 0s
Marking reachable took 0s
Deleting blocks took 0s
GC complete. Freed 28 blocks totalling 40888 bytes in 0s
swarm connect /ip4/172.104.157.121/tcp/5001/ipfs/z5AanNVJCxnMSa5gtdc2424ycoo7k8dHJ6swCfEKo5yz36VQ8twtNXS

█╗█╗█╗█╗   ██████╗ ███████╗███████╗██████╗  ██████╗  ██████╗ ███████╗   █╗█╗█╗█╗
 █████╔╝   ██╔══██╗██╔════╝██╔════╝██╔══██╗██╔════╝ ██╔═══██╗██╔════╝    █████╔╝
 ██ ██║    ██████╔╝█████╗  █████╗  ██████╔╝██║  ███╗██║   ██║███████╗    ██ ██║
 █████║    ██╔═══╝ ██╔══╝  ██╔══╝  ██╔══██╗██║   ██║██║   ██║╚════██║    █████║
███████╗   ██║     ███████╗███████╗██║  ██║╚██████╔╝╚██████╔╝███████║   ███████╗
╚══════╝   ╚═╝     ╚══════╝╚══════╝╚═╝  ╚═╝ ╚═════╝  ╚═════╝ ╚══════╝   ╚══════╝
Peergos daemon started. Browse to http://localhost:14761/ to sign up or login. 
Running version 0.4.0-
Starting blockstore garbage collection on node z5AanNVJCxnMSa5gtdc2424ycoo7k8dHJ6swCfEKo5yz36VQ8twtNXS...
Listing block store took 0s
Listing pending blocks took 0s
Listing pointers took 0s
Marking reachable took 0s
Deleting blocks took 0s
GC complete. Freed 130 blocks totalling 511786 bytes in 0s
Starting blockstore garbage collection on node z5AanNVJCxnSngaCPw2yjWmKPNn6w5tmzxX42gxazW91Wd74W8XhmtG...
Listing block store took 0s
Listing pending blocks took 0s
Listing pointers took 0s
Marking reachable took 0s
Deleting blocks took 0s
GC complete. Freed 14 blocks totalling 32826 bytes in 0s
Starting blockstore garbage collection on node z5AanNVJCxnHfQiQvZF5JATFhEDSmvdqEnmDmR6bkLQoZzHgMkZyL74...
Listing block store took 0s
Listing pending blocks took 0s
Listing pointers took 0s
Marking reachable took 0s
Deleting blocks took 0s
GC complete. Freed 14 blocks totalling 32826 bytes in 0s
Starting blockstore garbage collection on node z5AanNVJCxnMSa5gtdc2424ycoo7k8dHJ6swCfEKo5yz36VQ8twtNXS...
Listing block store took 0s
Listing pending blocks took 0s
Listing pointers took 0s
Marking reachable took 0s
Deleting blocks took 0s
GC complete. Freed 102 blocks totalling 400043 bytes in 0s
Starting blockstore garbage collection on node z5AanNVJCxnSngaCPw2yjWmKPNn6w5tmzxX42gxazW91Wd74W8XhmtG...
Listing block store took 0s
Listing pending blocks took 0s
Listing pointers took 0s
Marking reachable took 0s
Deleting blocks took 0s
GC complete. Freed 16 blocks totalling 33031 bytes in 0s
Starting blockstore garbage collection on node z5AanNVJCxnHfQiQvZF5JATFhEDSmvdqEnmDmR6bkLQoZzHgMkZyL74...
Listing block store took 0s
Listing pending blocks took 0s
Listing pointers took 0s
Marking reachable took 0s
Deleting blocks took 0s
GC complete. Freed 16 blocks totalling 33031 bytes in 0s
Starting blockstore garbage collection on node z5AanNVJCxnMSa5gtdc2424ycoo7k8dHJ6swCfEKo5yz36VQ8twtNXS...
Listing block store took 0s
Listing pending blocks took 0s
Listing pointers took 0s
Marking reachable took 0s
Deleting blocks took 1s
GC complete. Freed 343 blocks totalling 1363170 bytes in 1s
PATH username_938301587/afolder
Starting blockstore garbage collection on node z5AanNVJCxnSngaCPw2yjWmKPNn6w5tmzxX42gxazW91Wd74W8XhmtG...
Listing block store took 0s
Listing pending blocks took 0s
Listing pointers took 0s
Marking reachable took 0s
Deleting blocks took 1s
GC complete. Freed 556 blocks totalling 2148391 bytes in 1s
Starting blockstore garbage collection on node z5AanNVJCxnHfQiQvZF5JATFhEDSmvdqEnmDmR6bkLQoZzHgMkZyL74...
Listing block store took 0s
Listing pending blocks took 0s
Listing pointers took 0s
Marking reachable took 0s
Deleting blocks took 0s
GC complete. Freed 13 blocks totalling 28267 bytes in 0s
Starting blockstore garbage collection on node z5AanNVJCxnMSa5gtdc2424ycoo7k8dHJ6swCfEKo5yz36VQ8twtNXS...
Listing block store took 0s
Listing pending blocks took 0s
Listing pointers took 0s
Marking reachable took 0s
Deleting blocks took 9s
GC complete. Freed 1064 blocks totalling 3757382 bytes in 9s
Starting blockstore garbage collection on node z5AanNVJCxnMSa5gtdc2424ycoo7k8dHJ6swCfEKo5yz36VQ8twtNXS...
Listing block store took 0s
Listing pending blocks took 0s
Listing pointers took 0s
Marking reachable took 0s
Deleting blocks took 1s
GC complete. Freed 229 blocks totalling 781569 bytes in 1s
Starting blockstore garbage collection on node z5AanNVJCxnSngaCPw2yjWmKPNn6w5tmzxX42gxazW91Wd74W8XhmtG...
Listing block store took 0s
Listing pending blocks took 0s
Listing pointers took 0s
Marking reachable took 0s
Deleting blocks took 0s
GC complete. Freed 248 blocks totalling 881720 bytes in 0s
Starting blockstore garbage collection on node z5AanNVJCxnHfQiQvZF5JATFhEDSmvdqEnmDmR6bkLQoZzHgMkZyL74...
Listing block store took 0s
Listing pending blocks took 0s
Listing pointers took 0s
Marking reachable took 0s
Deleting blocks took 0s
GC complete. Freed 16 blocks totalling 33092 bytes in 0s
Starting blockstore garbage collection on node z5AanNVJCxnSngaCPw2yjWmKPNn6w5tmzxX42gxazW91Wd74W8XhmtG...
Listing block store took 0s
Listing pending blocks took 0s
Listing pointers took 0s
Marking reachable took 0s
Deleting blocks took 0s
GC complete. Freed 14 blocks totalling 33002 bytes in 0s
Starting blockstore garbage collection on node z5AanNVJCxnHfQiQvZF5JATFhEDSmvdqEnmDmR6bkLQoZzHgMkZyL74...
Listing block store took 0s
Listing pending blocks took 0s
Listing pointers took 0s
Marking reachable took 0s
Deleting blocks took 0s
GC complete. Freed 13 blocks totalling 28267 bytes in 0s
Starting blockstore garbage collection on node z5AanNVJCxnMSa5gtdc2424ycoo7k8dHJ6swCfEKo5yz36VQ8twtNXS...
Listing block store took 0s
Listing pending blocks took 0s
Listing pointers took 0s
Marking reachable took 0s
Deleting blocks took 2s
GC complete. Freed 315 blocks totalling 1231436 bytes in 2s
Starting blockstore garbage collection on node z5AanNVJCxnSngaCPw2yjWmKPNn6w5tmzxX42gxazW91Wd74W8XhmtG...
Listing block store took 0s
Listing pending blocks took 0s
Listing pointers took 0s
Marking reachable took 0s
Deleting blocks took 1s
GC complete. Freed 286 blocks totalling 1101715 bytes in 1s
Starting blockstore garbage collection on node z5AanNVJCxnHfQiQvZF5JATFhEDSmvdqEnmDmR6bkLQoZzHgMkZyL74...
Listing block store took 0s
Listing pending blocks took 0s
Listing pointers took 0s
Marking reachable took 0s
Deleting blocks took 0s
GC complete. Freed 16 blocks totalling 33273 bytes in 0s
Starting blockstore garbage collection on node z5AanNVJCxnMSa5gtdc2424ycoo7k8dHJ6swCfEKo5yz36VQ8twtNXS...
Listing block store took 0s
Listing pending blocks took 0s
Listing pointers took 0s
Marking reachable took 0s
Deleting blocks took 2s
GC complete. Freed 153 blocks totalling 625402 bytes in 2s
Starting blockstore garbage collection on node z5AanNVJCxnSngaCPw2yjWmKPNn6w5tmzxX42gxazW91Wd74W8XhmtG...
Listing block store took 0s
Listing pending blocks took 0s
Listing pointers took 0s
Marking reachable took 0s
Starting blockstore garbage collection on node z5AanNVJCxnHfQiQvZF5JATFhEDSmvdqEnmDmR6bkLQoZzHgMkZyL74...
Listing block store took 0s
Listing pending blocks took 0s
Listing pointers took 0s
Marking reachable took 0s
Deleting blocks took 0s
GC complete. Freed 13 blocks totalling 28267 bytes in 0s
Deleting blocks took 2s
GC complete. Freed 379 blocks totalling 1468443 bytes in 2s
Starting blockstore garbage collection on node z5AanNVJCxnMSa5gtdc2424ycoo7k8dHJ6swCfEKo5yz36VQ8twtNXS...
Listing block store took 0s
Listing pending blocks took 0s
Listing pointers took 0s
Marking reachable took 0s
Deleting blocks took 3s
GC complete. Freed 447 blocks totalling 12130904 bytes in 3s
Starting blockstore garbage collection on node z5AanNVJCxnSngaCPw2yjWmKPNn6w5tmzxX42gxazW91Wd74W8XhmtG...
Listing block store took 0s
Listing pending blocks took 0s
Listing pointers took 0s
Marking reachable took 0s
Deleting blocks took 3s
GC complete. Freed 425 blocks totalling 12043609 bytes in 3s
Starting blockstore garbage collection on node z5AanNVJCxnHfQiQvZF5JATFhEDSmvdqEnmDmR6bkLQoZzHgMkZyL74...
Listing block store took 0s
Listing pending blocks took 0s
Listing pointers took 0s
Marking reachable took 0s
Deleting blocks took 0s
GC complete. Freed 16 blocks totalling 33334 bytes in 0s
Starting blockstore garbage collection on node z5AanNVJCxnMSa5gtdc2424ycoo7k8dHJ6swCfEKo5yz36VQ8twtNXS...
Listing block store took 0s
Listing pending blocks took 0s
Listing pointers took 0s
Marking reachable took 0s
Deleting blocks took 0s
GC complete. Freed 13 blocks totalling 28751 bytes in 0s
Starting blockstore garbage collection on node z5AanNVJCxnSngaCPw2yjWmKPNn6w5tmzxX42gxazW91Wd74W8XhmtG...
Listing block store took 0s
Listing pending blocks took 0s
Listing pointers took 0s
Marking reachable took 0s
Deleting blocks took 0s
GC complete. Freed 13 blocks totalling 28707 bytes in 0s
Starting blockstore garbage collection on node z5AanNVJCxnHfQiQvZF5JATFhEDSmvdqEnmDmR6bkLQoZzHgMkZyL74...
Listing block store took 0s
Listing pending blocks took 0s
Listing pointers took 0s
Marking reachable took 0s
Deleting blocks took 0s
GC complete. Freed 13 blocks totalling 28267 bytes in 0s
Starting blockstore garbage collection on node z5AanNVJCxnMSa5gtdc2424ycoo7k8dHJ6swCfEKo5yz36VQ8twtNXS...
Listing block store took 0s
Listing pending blocks took 0s
Listing pointers took 0s
Marking reachable took 0s
Deleting blocks took 0s
GC complete. Freed 19 blocks totalling 51963 bytes in 0s
Starting blockstore garbage collection on node z5AanNVJCxnSngaCPw2yjWmKPNn6w5tmzxX42gxazW91Wd74W8XhmtG...
Listing block store took 0s
Listing pending blocks took 0s
Listing pointers took 0s
Marking reachable took 0s
Deleting blocks took 0s
GC complete. Freed 113 blocks totalling 443823 bytes in 1s
Starting blockstore garbage collection on node z5AanNVJCxnHfQiQvZF5JATFhEDSmvdqEnmDmR6bkLQoZzHgMkZyL74...
Listing block store took 0s
Listing pending blocks took 0s
Listing pointers took 0s
Marking reachable took 0s
Deleting blocks took 0s
GC complete. Freed 13 blocks totalling 28267 bytes in 0s
Starting blockstore garbage collection on node z5AanNVJCxnMSa5gtdc2424ycoo7k8dHJ6swCfEKo5yz36VQ8twtNXS...
Listing block store took 0s
Listing pending blocks took 0s
Listing pointers took 0s
Marking reachable took 0s
Deleting blocks took 0s
GC complete. Freed 115 blocks totalling 463038 bytes in 1s
Starting blockstore garbage collection on node z5AanNVJCxnMSa5gtdc2424ycoo7k8dHJ6swCfEKo5yz36VQ8twtNXS...
Starting blockstore garbage collection on node z5AanNVJCxnSngaCPw2yjWmKPNn6w5tmzxX42gxazW91Wd74W8XhmtG...
Listing block store took 0s
Listing pending blocks took 0s
Listing pointers took 0s
Listing block store took 0s
Listing pending blocks took 0s
Listing pointers took 0s
Marking reachable took 0s
Marking reachable took 0s
Deleting blocks took 0s
GC complete. Freed 13 blocks totalling 28839 bytes in 0s
Deleting blocks took 0s
GC complete. Freed 20 blocks totalling 38969 bytes in 0s
Starting blockstore garbage collection on node z5AanNVJCxnHfQiQvZF5JATFhEDSmvdqEnmDmR6bkLQoZzHgMkZyL74...
Listing block store took 0s
Listing pending blocks took 0s
Listing pointers took 0s
Marking reachable took 0s
Deleting blocks took 0s
GC complete. Freed 13 blocks totalling 28267 bytes in 0s
Starting blockstore garbage collection on node z5AanNVJCxnMSa5gtdc2424ycoo7k8dHJ6swCfEKo5yz36VQ8twtNXS...
Listing block store took 0s
Listing pending blocks took 0s
Listing pointers took 0s
Marking reachable took 0s
Deleting blocks took 0s
GC complete. Freed 13 blocks totalling 28839 bytes in 0s
Starting blockstore garbage collection on node z5AanNVJCxnSngaCPw2yjWmKPNn6w5tmzxX42gxazW91Wd74W8XhmtG...
Listing block store took 0s
Listing pending blocks took 0s
Listing pointers took 0s
Marking reachable took 0s
Deleting blocks took 0s
GC complete. Freed 13 blocks totalling 28795 bytes in 0s
Starting blockstore garbage collection on node z5AanNVJCxnHfQiQvZF5JATFhEDSmvdqEnmDmR6bkLQoZzHgMkZyL74...
Listing block store took 0s
Listing pending blocks took 0s
Listing pointers took 0s
Marking reachable took 0s
Deleting blocks took 0s
GC complete. Freed 13 blocks totalling 28267 bytes in 0s
Starting blockstore garbage collection on node z5AanNVJCxnHfQiQvZF5JATFhEDSmvdqEnmDmR6bkLQoZzHgMkZyL74...
Listing block store took 0s
Listing pending blocks took 0s
Listing pointers took 0s
Marking reachable took 0s
Deleting blocks took 0s
GC complete. Freed 13 blocks totalling 28267 bytes in 0s
Starting blockstore garbage collection on node z5AanNVJCxnSngaCPw2yjWmKPNn6w5tmzxX42gxazW91Wd74W8XhmtG...
Listing block store took 0s
Listing pending blocks took 0s
Listing pointers took 0s
Marking reachable took 0s
Deleting blocks took 0s
GC complete. Freed 16 blocks totalling 34220 bytes in 0s
Starting blockstore garbage collection on node z5AanNVJCxnMSa5gtdc2424ycoo7k8dHJ6swCfEKo5yz36VQ8twtNXS...
Listing block store took 0s
Listing pending blocks took 0s
Listing pointers took 0s
Marking reachable took 0s
Deleting blocks took 0s
GC complete. Freed 18 blocks totalling 52077 bytes in 0s
Starting blockstore garbage collection on node z5AanNVJCxnSngaCPw2yjWmKPNn6w5tmzxX42gxazW91Wd74W8XhmtG...
Listing block store took 0s
Listing pending blocks took 0s
Listing pointers took 0s
Marking reachable took 0s
Deleting blocks took 0s
GC complete. Freed 95 blocks totalling 377678 bytes in 0s
Starting blockstore garbage collection on node z5AanNVJCxnHfQiQvZF5JATFhEDSmvdqEnmDmR6bkLQoZzHgMkZyL74...
Listing block store took 0s
Listing pending blocks took 0s
Listing pointers took 0s
Marking reachable took 0s
Deleting blocks took 0s
GC complete. Freed 16 blocks totalling 33572 bytes in 0s
PATH username_206956924/afolder
Starting blockstore garbage collection on node z5AanNVJCxnMSa5gtdc2424ycoo7k8dHJ6swCfEKo5yz36VQ8twtNXS...
Listing block store took 0s
Listing pending blocks took 0s
Listing pointers took 0s
Marking reachable took 0s
Starting blockstore garbage collection on node z5AanNVJCxnHfQiQvZF5JATFhEDSmvdqEnmDmR6bkLQoZzHgMkZyL74...
Listing block store took 0s
Listing pending blocks took 0s
Listing pointers took 0s
Marking reachable took 0s
Deleting blocks took 0s
GC complete. Freed 13 blocks totalling 28267 bytes in 0s
Starting blockstore garbage collection on node z5AanNVJCxnSngaCPw2yjWmKPNn6w5tmzxX42gxazW91Wd74W8XhmtG...
Listing block store took 0s
Listing pending blocks took 0s
Listing pointers took 0s
Marking reachable took 0s
Deleting blocks took 9s
GC complete. Freed 565 blocks totalling 2305066 bytes in 9s
Deleting blocks took 9s
GC complete. Freed 726 blocks totalling 2855893 bytes in 9s
Starting blockstore garbage collection on node z5AanNVJCxnMSa5gtdc2424ycoo7k8dHJ6swCfEKo5yz36VQ8twtNXS...
Listing block store took 0s
Listing pending blocks took 0s
Listing pointers took 0s
Marking reachable took 0s
Deleting blocks took 2s
GC complete. Freed 231 blocks totalling 907197 bytes in 2s
Starting blockstore garbage collection on node z5AanNVJCxnSngaCPw2yjWmKPNn6w5tmzxX42gxazW91Wd74W8XhmtG...
Listing block store took 0s
Listing pending blocks took 0s
Listing pointers took 0s
Marking reachable took 0s
Starting blockstore garbage collection on node z5AanNVJCxnHfQiQvZF5JATFhEDSmvdqEnmDmR6bkLQoZzHgMkZyL74...
Listing block store took 0s
Listing pending blocks took 0s
Listing pointers took 0s
Marking reachable took 0s
Deleting blocks took 0s
GC complete. Freed 16 blocks totalling 33753 bytes in 0s
Deleting blocks took 10s
GC complete. Freed 884 blocks totalling 3139177 bytes in 10s
Starting blockstore garbage collection on node z5AanNVJCxnHfQiQvZF5JATFhEDSmvdqEnmDmR6bkLQoZzHgMkZyL74...
Listing block store took 0s
Listing pending blocks took 0s
Listing pointers took 0s
Marking reachable took 0s
Deleting blocks took 0s
GC complete. Freed 13 blocks totalling 28267 bytes in 0s
Starting blockstore garbage collection on node z5AanNVJCxnMSa5gtdc2424ycoo7k8dHJ6swCfEKo5yz36VQ8twtNXS...
Listing block store took 0s
Listing pending blocks took 0s
Listing pointers took 0s
Marking reachable took 0s
Deleting blocks took 1s
GC complete. Freed 107 blocks totalling 442907 bytes in 1s
Starting blockstore garbage collection on node z5AanNVJCxnSngaCPw2yjWmKPNn6w5tmzxX42gxazW91Wd74W8XhmtG...
Listing block store took 0s
Listing pending blocks took 0s
Listing pointers took 0s
Marking reachable took 0s
Deleting blocks took 1s
GC complete. Freed 123 blocks totalling 487067 bytes in 1s
Starting blockstore garbage collection on node z5AanNVJCxnMSa5gtdc2424ycoo7k8dHJ6swCfEKo5yz36VQ8twtNXS...
Listing block store took 0s
Listing pending blocks took 0s
Listing pointers took 0s
Marking reachable took 0s
Deleting blocks took 2s
GC complete. Freed 201 blocks totalling 777847 bytes in 2s
Starting blockstore garbage collection on node z5AanNVJCxnSngaCPw2yjWmKPNn6w5tmzxX42gxazW91Wd74W8XhmtG...
Listing block store took 0s
Listing pending blocks took 0s
Listing pointers took 0s
Marking reachable took 0s
Deleting blocks took 2s
GC complete. Freed 197 blocks totalling 760658 bytes in 2s
Starting blockstore garbage collection on node z5AanNVJCxnHfQiQvZF5JATFhEDSmvdqEnmDmR6bkLQoZzHgMkZyL74...
Listing block store took 0s
Listing pending blocks took 0s
Listing pointers took 0s
Marking reachable took 0s
Deleting blocks took 0s
GC complete. Freed 14 blocks totalling 32826 bytes in 0s
Starting blockstore garbage collection on node z5AanNVJCxnHfQiQvZF5JATFhEDSmvdqEnmDmR6bkLQoZzHgMkZyL74...
Listing block store took 0s
Listing pending blocks took 0s
Listing pointers took 0s
Marking reachable took 0s
Deleting blocks took 0s
GC complete. Freed 13 blocks totalling 28267 bytes in 0s
Starting blockstore garbage collection on node z5AanNVJCxnMSa5gtdc2424ycoo7k8dHJ6swCfEKo5yz36VQ8twtNXS...
Listing block store took 0s
Listing pending blocks took 0s
Listing pointers took 0s
Marking reachable took 0s
Starting blockstore garbage collection on node z5AanNVJCxnSngaCPw2yjWmKPNn6w5tmzxX42gxazW91Wd74W8XhmtG...
Listing block store took 0s
Listing pending blocks took 0s
Listing pointers took 0s
Marking reachable took 0s
Deleting blocks took 9s
GC complete. Freed 462 blocks totalling 1948258 bytes in 9s
Deleting blocks took 7s
GC complete. Freed 347 blocks totalling 1355227 bytes in 7s
Starting blockstore garbage collection on node z5AanNVJCxnMSa5gtdc2424ycoo7k8dHJ6swCfEKo5yz36VQ8twtNXS...
Listing block store took 0s
Listing pending blocks took 0s
Listing pointers took 0s
Marking reachable took 0s
Deleting blocks took 5s
GC complete. Freed 333 blocks totalling 11755035 bytes in 5s
Starting blockstore garbage collection on node z5AanNVJCxnSngaCPw2yjWmKPNn6w5tmzxX42gxazW91Wd74W8XhmtG...
Listing block store took 0s
Listing pending blocks took 0s
Listing pointers took 0s
Marking reachable took 0s
Deleting blocks took 3s
GC complete. Freed 272 blocks totalling 11403992 bytes in 4s
Starting blockstore garbage collection on node z5AanNVJCxnHfQiQvZF5JATFhEDSmvdqEnmDmR6bkLQoZzHgMkZyL74...
Listing block store took 0s
Listing pending blocks took 0s
Listing pointers took 0s
Marking reachable took 0s
Deleting blocks took 0s
GC complete. Freed 16 blocks totalling 33933 bytes in 0s
Starting blockstore garbage collection on node z5AanNVJCxnMSa5gtdc2424ycoo7k8dHJ6swCfEKo5yz36VQ8twtNXS...
Listing block store took 0s
Listing pending blocks took 0s
Listing pointers took 0s
Marking reachable took 0s
Deleting blocks took 0s
GC complete. Freed 13 blocks totalling 29279 bytes in 0s
Starting blockstore garbage collection on node z5AanNVJCxnSngaCPw2yjWmKPNn6w5tmzxX42gxazW91Wd74W8XhmtG...
Listing block store took 0s
Listing pending blocks took 0s
Listing pointers took 0s
Marking reachable took 0s
Deleting blocks took 0s
GC complete. Freed 13 blocks totalling 29147 bytes in 0s
Starting blockstore garbage collection on node z5AanNVJCxnHfQiQvZF5JATFhEDSmvdqEnmDmR6bkLQoZzHgMkZyL74...
Listing block store took 0s
Listing pending blocks took 0s
Listing pointers took 0s
Marking reachable took 0s
Deleting blocks took 0s
GC complete. Freed 13 blocks totalling 28267 bytes in 0s
Starting blockstore garbage collection on node z5AanNVJCxnMSa5gtdc2424ycoo7k8dHJ6swCfEKo5yz36VQ8twtNXS...
Listing block store took 0s
Listing pending blocks took 0s
Listing pointers took 0s
Marking reachable took 0s
Deleting blocks took 1s
GC complete. Freed 115 blocks totalling 481520 bytes in 2s
Starting blockstore garbage collection on node z5AanNVJCxnSngaCPw2yjWmKPNn6w5tmzxX42gxazW91Wd74W8XhmtG...
Listing block store took 0s
Listing pending blocks took 0s
Listing pointers took 0s
Marking reachable took 0s
Deleting blocks took 0s
GC complete. Freed 17 blocks totalling 35003 bytes in 0s
Starting blockstore garbage collection on node z5AanNVJCxnHfQiQvZF5JATFhEDSmvdqEnmDmR6bkLQoZzHgMkZyL74...
Listing block store took 0s
Listing pending blocks took 0s
Listing pointers took 0s
Marking reachable took 0s
Deleting blocks took 0s
GC complete. Freed 13 blocks totalling 28267 bytes in 0s
Starting blockstore garbage collection on node z5AanNVJCxnHfQiQvZF5JATFhEDSmvdqEnmDmR6bkLQoZzHgMkZyL74...
Listing block store took 0s
Listing pending blocks took 0s
Listing pointers took 0s
Marking reachable took 0s
Deleting blocks took 0s
GC complete. Freed 13 blocks totalling 28267 bytes in 0s
Starting blockstore garbage collection on node z5AanNVJCxnMSa5gtdc2424ycoo7k8dHJ6swCfEKo5yz36VQ8twtNXS...
Listing block store took 0s
Listing pending blocks took 0s
Listing pointers took 0s
Marking reachable took 0s
Deleting blocks took 0s
GC complete. Freed 22 blocks totalling 58470 bytes in 0s
Starting blockstore garbage collection on node z5AanNVJCxnSngaCPw2yjWmKPNn6w5tmzxX42gxazW91Wd74W8XhmtG...
Listing block store took 0s
Listing pending blocks took 0s
Listing pointers took 0s
Marking reachable took 0s
Deleting blocks took 1s
GC complete. Freed 113 blocks totalling 458804 bytes in 1s
Starting blockstore garbage collection on node z5AanNVJCxnHfQiQvZF5JATFhEDSmvdqEnmDmR6bkLQoZzHgMkZyL74...
Listing block store took 0s
Listing pending blocks took 0s
Listing pointers took 0s
Marking reachable took 0s
Deleting blocks took 0s
GC complete. Freed 16 blocks totalling 33973 bytes in 0s
Starting blockstore garbage collection on node z5AanNVJCxnMSa5gtdc2424ycoo7k8dHJ6swCfEKo5yz36VQ8twtNXS...
Listing block store took 0s
Listing pending blocks took 0s
Listing pointers took 0s
Marking reachable took 0s
Deleting blocks took 0s
GC complete. Freed 13 blocks totalling 29367 bytes in 0s
Starting blockstore garbage collection on node z5AanNVJCxnSngaCPw2yjWmKPNn6w5tmzxX42gxazW91Wd74W8XhmtG...
Listing block store took 0s
Listing pending blocks took 0s
Listing pointers took 0s
Marking reachable took 0s
Deleting blocks took 0s
GC complete. Freed 13 blocks totalling 29235 bytes in 0s
Starting blockstore garbage collection on node z5AanNVJCxnHfQiQvZF5JATFhEDSmvdqEnmDmR6bkLQoZzHgMkZyL74...
Listing block store took 0s
Listing pending blocks took 0s
Listing pointers took 0s
Marking reachable took 0s
Deleting blocks took 0s
GC complete. Freed 13 blocks totalling 28267 bytes in 0s
Starting blockstore garbage collection on node z5AanNVJCxnMSa5gtdc2424ycoo7k8dHJ6swCfEKo5yz36VQ8twtNXS...
Listing block store took 0s
Listing pending blocks took 0s
Listing pointers took 0s
Marking reachable took 0s
Deleting blocks took 0s
GC complete. Freed 18 blocks totalling 53661 bytes in 0s
Starting blockstore garbage collection on node z5AanNVJCxnSngaCPw2yjWmKPNn6w5tmzxX42gxazW91Wd74W8XhmtG...
Listing block store took 0s
Listing pending blocks took 0s
Listing pointers took 0s
Marking reachable took 0s
Deleting blocks took 0s
GC complete. Freed 17 blocks totalling 35371 bytes in 0s
Starting blockstore garbage collection on node z5AanNVJCxnHfQiQvZF5JATFhEDSmvdqEnmDmR6bkLQoZzHgMkZyL74...
Listing block store took 0s
Listing pending blocks took 0s
Listing pointers took 0s
Marking reachable took 0s
Deleting blocks took 0s
GC complete. Freed 101 blocks totalling 379984 bytes in 0s
Starting blockstore garbage collection on node z5AanNVJCxnMSa5gtdc2424ycoo7k8dHJ6swCfEKo5yz36VQ8twtNXS...
Starting blockstore garbage collection on node z5AanNVJCxnSngaCPw2yjWmKPNn6w5tmzxX42gxazW91Wd74W8XhmtG...
Listing block store took 0s
Listing pending blocks took 0s
Listing pointers took 0s
Listing block store took 0s
Listing pending blocks took 0s
Listing pointers took 0s
Marking reachable took 0s
Marking reachable took 0s
Deleting blocks took 0s
GC complete. Freed 23 blocks totalling 77955 bytes in 0s
Deleting blocks took 1s
GC complete. Freed 50 blocks totalling 228659 bytes in 1s
PATH username_5648249/afolder
Starting blockstore garbage collection on node z5AanNVJCxnHfQiQvZF5JATFhEDSmvdqEnmDmR6bkLQoZzHgMkZyL74...
Listing block store took 0s
Listing pending blocks took 0s
Listing pointers took 0s
Marking reachable took 0s
Deleting blocks took 3s
GC complete. Freed 488 blocks totalling 1882991 bytes in 3s
Starting blockstore garbage collection on node z5AanNVJCxnMSa5gtdc2424ycoo7k8dHJ6swCfEKo5yz36VQ8twtNXS...
Listing block store took 0s
Listing pending blocks took 0s
Listing pointers took 0s
Marking reachable took 0s
Deleting blocks took 0s
GC complete. Freed 18 blocks totalling 53661 bytes in 0s
Starting blockstore garbage collection on node z5AanNVJCxnSngaCPw2yjWmKPNn6w5tmzxX42gxazW91Wd74W8XhmtG...
Listing block store took 0s
Listing pending blocks took 0s
Listing pointers took 0s
Marking reachable took 0s
Deleting blocks took 13s
GC complete. Freed 728 blocks totalling 2890274 bytes in 13s
Starting blockstore garbage collection on node z5AanNVJCxnMSa5gtdc2424ycoo7k8dHJ6swCfEKo5yz36VQ8twtNXS...
Listing block store took 0s
Listing pending blocks took 0s
Listing pointers took 0s
Marking reachable took 0s
Deleting blocks took 0s
GC complete. Freed 13 blocks totalling 29367 bytes in 0s
Starting blockstore garbage collection on node z5AanNVJCxnSngaCPw2yjWmKPNn6w5tmzxX42gxazW91Wd74W8XhmtG...
Listing block store took 0s
Listing pending blocks took 0s
Listing pointers took 0s
Marking reachable took 0s
Deleting blocks took 0s
GC complete. Freed 45 blocks totalling 142546 bytes in 0s
Starting blockstore garbage collection on node z5AanNVJCxnHfQiQvZF5JATFhEDSmvdqEnmDmR6bkLQoZzHgMkZyL74...
Listing block store took 0s
Listing pending blocks took 0s
Listing pointers took 0s
Marking reachable took 0s
Deleting blocks took 4s
GC complete. Freed 1137 blocks totalling 3881427 bytes in 5s
Starting blockstore garbage collection on node z5AanNVJCxnHfQiQvZF5JATFhEDSmvdqEnmDmR6bkLQoZzHgMkZyL74...
Listing block store took 0s
Listing pending blocks took 0s
Listing pointers took 0s
Marking reachable took 0s
Deleting blocks took 0s
GC complete. Freed 14 blocks totalling 33002 bytes in 0s
Starting blockstore garbage collection on node z5AanNVJCxnMSa5gtdc2424ycoo7k8dHJ6swCfEKo5yz36VQ8twtNXS...
Listing block store took 0s
Listing pending blocks took 0s
Listing pointers took 0s
Marking reachable took 0s
Deleting blocks took 0s
GC complete. Freed 23 blocks totalling 77955 bytes in 0s
Starting blockstore garbage collection on node z5AanNVJCxnMSa5gtdc2424ycoo7k8dHJ6swCfEKo5yz36VQ8twtNXS...
Listing block store took 0s
Listing pending blocks took 0s
Listing pointers took 0s
Marking reachable took 0s
Deleting blocks took 0s
GC complete. Freed 13 blocks totalling 29367 bytes in 0s
Starting blockstore garbage collection on node z5AanNVJCxnSngaCPw2yjWmKPNn6w5tmzxX42gxazW91Wd74W8XhmtG...
Listing block store took 0s
Listing pending blocks took 0s
Listing pointers took 0s
Marking reachable took 0s
Deleting blocks took 5s
GC complete. Freed 295 blocks totalling 1178415 bytes in 5s
Starting blockstore garbage collection on node z5AanNVJCxnSngaCPw2yjWmKPNn6w5tmzxX42gxazW91Wd74W8XhmtG...
Starting blockstore garbage collection on node z5AanNVJCxnHfQiQvZF5JATFhEDSmvdqEnmDmR6bkLQoZzHgMkZyL74...
Listing block store took 0s
Listing pending blocks took 0s
Listing pointers took 0s
Listing block store took 0s
Listing pending blocks took 0s
Listing pointers took 0s
Marking reachable took 0s
Marking reachable took 0s
Deleting blocks took 0s
GC complete. Freed 13 blocks totalling 29499 bytes in 0s
Deleting blocks took 1s
GC complete. Freed 317 blocks totalling 1180930 bytes in 1s
Starting blockstore garbage collection on node z5AanNVJCxnHfQiQvZF5JATFhEDSmvdqEnmDmR6bkLQoZzHgMkZyL74...
Listing block store took 0s
Listing pending blocks took 0s
Listing pointers took 0s
Marking reachable took 0s
Deleting blocks took 1s
GC complete. Freed 136 blocks totalling 523570 bytes in 1s
Starting blockstore garbage collection on node z5AanNVJCxnMSa5gtdc2424ycoo7k8dHJ6swCfEKo5yz36VQ8twtNXS...
Listing block store took 0s
Listing pending blocks took 0s
Listing pointers took 0s
Marking reachable took 0s
Deleting blocks took 0s
GC complete. Freed 28 blocks totalling 102249 bytes in 0s
Starting blockstore garbage collection on node z5AanNVJCxnSngaCPw2yjWmKPNn6w5tmzxX42gxazW91Wd74W8XhmtG...
Listing block store took 0s
Listing pending blocks took 0s
Listing pointers took 0s
Marking reachable took 0s
Starting blockstore garbage collection on node z5AanNVJCxnMSa5gtdc2424ycoo7k8dHJ6swCfEKo5yz36VQ8twtNXS...
Listing block store took 0s
Listing pending blocks took 0s
Listing pointers took 0s
Marking reachable took 0s
Deleting blocks took 0s
GC complete. Freed 13 blocks totalling 29367 bytes in 0s
Deleting blocks took 17s
GC complete. Freed 777 blocks totalling 13647320 bytes in 17s
Starting blockstore garbage collection on node z5AanNVJCxnSngaCPw2yjWmKPNn6w5tmzxX42gxazW91Wd74W8XhmtG...
Listing block store took 0s
Listing pending blocks took 0s
Listing pointers took 0s
Marking reachable took 0s
Deleting blocks took 0s
GC complete. Freed 32 blocks totalling 3224153 bytes in 0s
Starting blockstore garbage collection on node z5AanNVJCxnHfQiQvZF5JATFhEDSmvdqEnmDmR6bkLQoZzHgMkZyL74...
Listing block store took 0s
Listing pending blocks took 0s
Listing pointers took 0s
Marking reachable took 0s
Deleting blocks took 3s
GC complete. Freed 460 blocks totalling 12166676 bytes in 3s
Starting blockstore garbage collection on node z5AanNVJCxnHfQiQvZF5JATFhEDSmvdqEnmDmR6bkLQoZzHgMkZyL74...
Listing block store took 0s
Listing pending blocks took 0s
Listing pointers took 0s
Marking reachable took 0s
Deleting blocks took 0s
GC complete. Freed 81 blocks totalling 310881 bytes in 0s
Starting blockstore garbage collection on node z5AanNVJCxnMSa5gtdc2424ycoo7k8dHJ6swCfEKo5yz36VQ8twtNXS...
Listing block store took 0s
Listing pending blocks took 0s
Listing pointers took 0s
Marking reachable took 0s
Deleting blocks took 0s
GC complete. Freed 23 blocks totalling 77955 bytes in 0s
Starting blockstore garbage collection on node z5AanNVJCxnSngaCPw2yjWmKPNn6w5tmzxX42gxazW91Wd74W8XhmtG...
Listing block store took 0s
Listing pending blocks took 0s
Listing pointers took 0s
Marking reachable took 0s
Deleting blocks took 0s
GC complete. Freed 18 blocks totalling 40215 bytes in 0s
Starting blockstore garbage collection on node z5AanNVJCxnHfQiQvZF5JATFhEDSmvdqEnmDmR6bkLQoZzHgMkZyL74...
Listing block store took 0s
Listing pending blocks took 0s
Listing pointers took 0s
Marking reachable took 0s
Deleting blocks took 1s
GC complete. Freed 131 blocks totalling 516592 bytes in 1s
Starting blockstore garbage collection on node z5AanNVJCxnMSa5gtdc2424ycoo7k8dHJ6swCfEKo5yz36VQ8twtNXS...
Listing block store took 0s
Listing pending blocks took 0s
Listing pointers took 0s
Marking reachable took 0s
Deleting blocks took 0s
GC complete. Freed 18 blocks totalling 53661 bytes in 0s
Starting blockstore garbage collection on node z5AanNVJCxnSngaCPw2yjWmKPNn6w5tmzxX42gxazW91Wd74W8XhmtG...
Listing block store took 0s
Listing pending blocks took 0s
Listing pointers took 0s
Marking reachable took 0s
Starting blockstore garbage collection on node z5AanNVJCxnMSa5gtdc2424ycoo7k8dHJ6swCfEKo5yz36VQ8twtNXS...
Listing block store took 0s
Listing pending blocks took 0s
Listing pointers took 0s
Marking reachable took 0s
Deleting blocks took 0s
GC complete. Freed 13 blocks totalling 29367 bytes in 0s
Deleting blocks took 2s
GC complete. Freed 114 blocks totalling 476763 bytes in 2s
Starting blockstore garbage collection on node z5AanNVJCxnHfQiQvZF5JATFhEDSmvdqEnmDmR6bkLQoZzHgMkZyL74...
Listing block store took 0s
Listing pending blocks took 0s
Listing pointers took 0s
Marking reachable took 0s
Deleting blocks took 0s
GC complete. Freed 18 blocks totalling 35235 bytes in 0s
Starting blockstore garbage collection on node z5AanNVJCxnMSa5gtdc2424ycoo7k8dHJ6swCfEKo5yz36VQ8twtNXS...
Listing block store took 0s
Listing pending blocks took 0s
Listing pointers took 0s
Marking reachable took 0s
Deleting blocks took 0s
GC complete. Freed 18 blocks totalling 53661 bytes in 0s
Starting blockstore garbage collection on node z5AanNVJCxnSngaCPw2yjWmKPNn6w5tmzxX42gxazW91Wd74W8XhmtG...
Listing block store took 0s
Listing pending blocks took 0s
Listing pointers took 0s
Marking reachable took 0s
Deleting blocks took 0s
GC complete. Freed 21 blocks totalling 40741 bytes in 0s
Starting blockstore garbage collection on node z5AanNVJCxnHfQiQvZF5JATFhEDSmvdqEnmDmR6bkLQoZzHgMkZyL74...
Listing block store took 0s
Listing pending blocks took 0s
Listing pointers took 0s
Marking reachable took 0s
Deleting blocks took 0s
GC complete. Freed 114 blocks totalling 447591 bytes in 1s
Starting blockstore garbage collection on node z5AanNVJCxnSngaCPw2yjWmKPNn6w5tmzxX42gxazW91Wd74W8XhmtG...
Listing block store took 0s
Listing pending blocks took 0s
Listing pointers took 0s
Marking reachable took 0s
Deleting blocks took 0s
GC complete. Freed 40 blocks totalling 99942 bytes in 1s
Starting blockstore garbage collection on node z5AanNVJCxnHfQiQvZF5JATFhEDSmvdqEnmDmR6bkLQoZzHgMkZyL74...
Listing block store took 0s
Listing pending blocks took 0s
Listing pointers took 0s
Marking reachable took 0s
Deleting blocks took 7s
GC complete. Freed 464 blocks totalling 1908582 bytes in 7s
Starting blockstore garbage collection on node z5AanNVJCxnMSa5gtdc2424ycoo7k8dHJ6swCfEKo5yz36VQ8twtNXS...
Listing block store took 0s
Listing pending blocks took 0s
Listing pointers took 0s
Marking reachable took 0s
Deleting blocks took 1s
GC complete. Freed 73 blocks totalling 298674 bytes in 1s
Deleting /var/folders/gv/63jbvk_x3dv61sknmgcfqtg40000gn/T/peergos9424199618866940415
Deleting /var/folders/gv/63jbvk_x3dv61sknmgcfqtg40000gn/T/peergos10895466485135706084
Deleting /var/folders/gv/63jbvk_x3dv61sknmgcfqtg40000gn/T/peergos4385613880002154200
]]></system-out>
  <system-err><![CDATA[Couldn't load native crypto library at /Users/dawid/dev/mudita/Peergos/native-lib/libtweetnacl.so, using pure Java version...
To use the native linux-x86-64 crypto implementation use option -Djava.library.path=native-lib
java.lang.IllegalStateException: Writer not present on this server: z59vuwzfFDp49La1sG3rQkBUGN6U2wxULofpdwkmuZUKRz8v9uncPcB
	at peergos.server.space.JdbcUsageStore.getWriterId(JdbcUsageStore.java:179)
	at peergos.server.space.JdbcUsageStore.getOwner(JdbcUsageStore.java:239)
	at peergos.server.space.JdbcUsageStore.getUsage(JdbcUsageStore.java:268)
	at peergos.server.space.SpaceCheckingKeyFilter.prepareMutablePointerChange(SpaceCheckingKeyFilter.java:214)
	at peergos.server.space.SpaceCheckingKeyFilter.accept(SpaceCheckingKeyFilter.java:182)
	at peergos.server.mutable.MutableEventPropagator.lambda$setPointer$0(MutableEventPropagator.java:30)
	at java.base/java.util.concurrent.CompletableFuture.uniApplyNow(CompletableFuture.java:680)
	at java.base/java.util.concurrent.CompletableFuture.uniApplyStage(CompletableFuture.java:658)
	at java.base/java.util.concurrent.CompletableFuture.thenApply(CompletableFuture.java:2158)
	at peergos.server.mutable.MutableEventPropagator.setPointer(MutableEventPropagator.java:26)
	at peergos.server.mutable.PinningMutablePointers.lambda$setPointer$2(PinningMutablePointers.java:52)
	at java.base/java.util.concurrent.CompletableFuture.uniComposeStage(CompletableFuture.java:1183)
	at java.base/java.util.concurrent.CompletableFuture.thenCompose(CompletableFuture.java:2299)
	at peergos.server.mutable.PinningMutablePointers.lambda$setPointer$3(PinningMutablePointers.java:41)
	at java.base/java.util.concurrent.CompletableFuture.uniComposeStage(CompletableFuture.java:1183)
	at java.base/java.util.concurrent.CompletableFuture.thenCompose(CompletableFuture.java:2299)
	at peergos.server.mutable.PinningMutablePointers.setPointer(PinningMutablePointers.java:33)
	at peergos.server.mutable.BlockingMutablePointers.setPointer(BlockingMutablePointers.java:21)
	at peergos.shared.mutable.ProxyingMutablePointers.lambda$setPointer$0(ProxyingMutablePointers.java:30)
	at peergos.shared.corenode.Proxy.lambda$redirectCall$0(Proxy.java:26)
	at java.base/java.util.concurrent.CompletableFuture.uniComposeStage(CompletableFuture.java:1183)
	at java.base/java.util.concurrent.CompletableFuture.thenCompose(CompletableFuture.java:2299)
	at peergos.shared.corenode.Proxy.lambda$redirectCall$1(Proxy.java:19)
	at java.base/java.util.concurrent.CompletableFuture.uniComposeStage(CompletableFuture.java:1183)
	at java.base/java.util.concurrent.CompletableFuture.thenCompose(CompletableFuture.java:2299)
	at peergos.shared.corenode.Proxy.redirectCall(Proxy.java:18)
	at peergos.shared.mutable.ProxyingMutablePointers.setPointer(ProxyingMutablePointers.java:27)
	at peergos.server.net.MutationHandler.handle(MutationHandler.java:60)
	at jdk.httpserver/com.sun.net.httpserver.Filter$Chain.doFilter(Filter.java:77)
	at jdk.httpserver/sun.net.httpserver.AuthFilter.doFilter(AuthFilter.java:82)
	at jdk.httpserver/com.sun.net.httpserver.Filter$Chain.doFilter(Filter.java:80)
	at jdk.httpserver/sun.net.httpserver.ServerImpl$Exchange$LinkHandler.handle(ServerImpl.java:692)
	at jdk.httpserver/com.sun.net.httpserver.Filter$Chain.doFilter(Filter.java:77)
	at jdk.httpserver/sun.net.httpserver.ServerImpl$Exchange.run(ServerImpl.java:664)
	at java.base/java.util.concurrent.ThreadPoolExecutor.runWorker(ThreadPoolExecutor.java:1130)
	at java.base/java.util.concurrent.ThreadPoolExecutor$Worker.run(ThreadPoolExecutor.java:630)
	at java.base/java.lang.Thread.run(Thread.java:832)
java.lang.IllegalStateException: Writer not present on this server: z59vuwzfFDp49La1sG3rQkBUGN6U2wxULofpdwkmuZUKRz8v9uncPcB
	at peergos.server.space.JdbcUsageStore.getWriterId(JdbcUsageStore.java:179)
	at peergos.server.space.JdbcUsageStore.getOwner(JdbcUsageStore.java:239)
	at peergos.server.space.JdbcUsageStore.getUsage(JdbcUsageStore.java:268)
	at peergos.server.space.SpaceCheckingKeyFilter.prepareMutablePointerChange(SpaceCheckingKeyFilter.java:214)
	at peergos.server.space.SpaceCheckingKeyFilter.accept(SpaceCheckingKeyFilter.java:182)
	at peergos.server.mutable.MutableEventPropagator.lambda$setPointer$0(MutableEventPropagator.java:30)
	at java.base/java.util.concurrent.CompletableFuture.uniApplyNow(CompletableFuture.java:680)
	at java.base/java.util.concurrent.CompletableFuture.uniApplyStage(CompletableFuture.java:658)
	at java.base/java.util.concurrent.CompletableFuture.thenApply(CompletableFuture.java:2158)
	at peergos.server.mutable.MutableEventPropagator.setPointer(MutableEventPropagator.java:26)
	at peergos.server.mutable.PinningMutablePointers.lambda$setPointer$2(PinningMutablePointers.java:52)
	at java.base/java.util.concurrent.CompletableFuture.uniComposeStage(CompletableFuture.java:1183)
	at java.base/java.util.concurrent.CompletableFuture.thenCompose(CompletableFuture.java:2299)
	at peergos.server.mutable.PinningMutablePointers.lambda$setPointer$3(PinningMutablePointers.java:41)
	at java.base/java.util.concurrent.CompletableFuture.uniComposeStage(CompletableFuture.java:1183)
	at java.base/java.util.concurrent.CompletableFuture.thenCompose(CompletableFuture.java:2299)
	at peergos.server.mutable.PinningMutablePointers.setPointer(PinningMutablePointers.java:33)
	at peergos.server.mutable.BlockingMutablePointers.setPointer(BlockingMutablePointers.java:21)
	at peergos.shared.mutable.ProxyingMutablePointers.lambda$setPointer$0(ProxyingMutablePointers.java:30)
	at peergos.shared.corenode.Proxy.lambda$redirectCall$0(Proxy.java:26)
	at java.base/java.util.concurrent.CompletableFuture.uniComposeStage(CompletableFuture.java:1183)
	at java.base/java.util.concurrent.CompletableFuture.thenCompose(CompletableFuture.java:2299)
	at peergos.shared.corenode.Proxy.lambda$redirectCall$1(Proxy.java:19)
	at java.base/java.util.concurrent.CompletableFuture.uniComposeStage(CompletableFuture.java:1183)
	at java.base/java.util.concurrent.CompletableFuture.thenCompose(CompletableFuture.java:2299)
	at peergos.shared.corenode.Proxy.redirectCall(Proxy.java:18)
	at peergos.shared.mutable.ProxyingMutablePointers.setPointer(ProxyingMutablePointers.java:27)
	at peergos.server.net.MutationHandler.handle(MutationHandler.java:60)
	at jdk.httpserver/com.sun.net.httpserver.Filter$Chain.doFilter(Filter.java:77)
	at jdk.httpserver/sun.net.httpserver.AuthFilter.doFilter(AuthFilter.java:82)
	at jdk.httpserver/com.sun.net.httpserver.Filter$Chain.doFilter(Filter.java:80)
	at jdk.httpserver/sun.net.httpserver.ServerImpl$Exchange$LinkHandler.handle(ServerImpl.java:692)
	at jdk.httpserver/com.sun.net.httpserver.Filter$Chain.doFilter(Filter.java:77)
	at jdk.httpserver/sun.net.httpserver.ServerImpl$Exchange.run(ServerImpl.java:664)
	at java.base/java.util.concurrent.ThreadPoolExecutor.runWorker(ThreadPoolExecutor.java:1130)
	at java.base/java.util.concurrent.ThreadPoolExecutor$Worker.run(ThreadPoolExecutor.java:630)
	at java.base/java.lang.Thread.run(Thread.java:832)
java.lang.IllegalStateException: Writer not present on this server: z59vuwzfFDonV843fJQemdKSEtGroboq1hTqieZS5NJBJtsnvZupiMB
	at peergos.server.space.JdbcUsageStore.getWriterId(JdbcUsageStore.java:179)
	at peergos.server.space.JdbcUsageStore.getOwner(JdbcUsageStore.java:239)
	at peergos.server.space.JdbcUsageStore.getUsage(JdbcUsageStore.java:268)
	at peergos.server.space.SpaceCheckingKeyFilter.prepareMutablePointerChange(SpaceCheckingKeyFilter.java:214)
	at peergos.server.space.SpaceCheckingKeyFilter.accept(SpaceCheckingKeyFilter.java:182)
	at peergos.server.mutable.MutableEventPropagator.lambda$setPointer$0(MutableEventPropagator.java:30)
	at java.base/java.util.concurrent.CompletableFuture.uniApplyNow(CompletableFuture.java:680)
	at java.base/java.util.concurrent.CompletableFuture.uniApplyStage(CompletableFuture.java:658)
	at java.base/java.util.concurrent.CompletableFuture.thenApply(CompletableFuture.java:2158)
	at peergos.server.mutable.MutableEventPropagator.setPointer(MutableEventPropagator.java:26)
	at peergos.server.mutable.PinningMutablePointers.lambda$setPointer$2(PinningMutablePointers.java:52)
	at java.base/java.util.concurrent.CompletableFuture.uniComposeStage(CompletableFuture.java:1183)
	at java.base/java.util.concurrent.CompletableFuture.thenCompose(CompletableFuture.java:2299)
	at peergos.server.mutable.PinningMutablePointers.lambda$setPointer$3(PinningMutablePointers.java:41)
	at java.base/java.util.concurrent.CompletableFuture.uniComposeStage(CompletableFuture.java:1183)
	at java.base/java.util.concurrent.CompletableFuture.thenCompose(CompletableFuture.java:2299)
	at peergos.server.mutable.PinningMutablePointers.setPointer(PinningMutablePointers.java:33)
	at peergos.server.mutable.BlockingMutablePointers.setPointer(BlockingMutablePointers.java:21)
	at peergos.shared.mutable.ProxyingMutablePointers.lambda$setPointer$0(ProxyingMutablePointers.java:30)
	at peergos.shared.corenode.Proxy.lambda$redirectCall$0(Proxy.java:26)
	at java.base/java.util.concurrent.CompletableFuture.uniComposeStage(CompletableFuture.java:1183)
	at java.base/java.util.concurrent.CompletableFuture.thenCompose(CompletableFuture.java:2299)
	at peergos.shared.corenode.Proxy.lambda$redirectCall$1(Proxy.java:19)
	at java.base/java.util.concurrent.CompletableFuture.uniComposeStage(CompletableFuture.java:1183)
	at java.base/java.util.concurrent.CompletableFuture.thenCompose(CompletableFuture.java:2299)
	at peergos.shared.corenode.Proxy.redirectCall(Proxy.java:18)
	at peergos.shared.mutable.ProxyingMutablePointers.setPointer(ProxyingMutablePointers.java:27)
	at peergos.server.net.MutationHandler.handle(MutationHandler.java:60)
	at jdk.httpserver/com.sun.net.httpserver.Filter$Chain.doFilter(Filter.java:77)
	at jdk.httpserver/sun.net.httpserver.AuthFilter.doFilter(AuthFilter.java:82)
	at jdk.httpserver/com.sun.net.httpserver.Filter$Chain.doFilter(Filter.java:80)
	at jdk.httpserver/sun.net.httpserver.ServerImpl$Exchange$LinkHandler.handle(ServerImpl.java:692)
	at jdk.httpserver/com.sun.net.httpserver.Filter$Chain.doFilter(Filter.java:77)
	at jdk.httpserver/sun.net.httpserver.ServerImpl$Exchange.run(ServerImpl.java:664)
	at java.base/java.util.concurrent.ThreadPoolExecutor.runWorker(ThreadPoolExecutor.java:1130)
	at java.base/java.util.concurrent.ThreadPoolExecutor$Worker.run(ThreadPoolExecutor.java:630)
	at java.base/java.lang.Thread.run(Thread.java:832)
java.lang.IllegalStateException: Writer not present on this server: z59vuwzfFDonV843fJQemdKSEtGroboq1hTqieZS5NJBJtsnvZupiMB
	at peergos.server.space.JdbcUsageStore.getWriterId(JdbcUsageStore.java:179)
	at peergos.server.space.JdbcUsageStore.getOwner(JdbcUsageStore.java:239)
	at peergos.server.space.JdbcUsageStore.getUsage(JdbcUsageStore.java:268)
	at peergos.server.space.SpaceCheckingKeyFilter.prepareMutablePointerChange(SpaceCheckingKeyFilter.java:214)
	at peergos.server.space.SpaceCheckingKeyFilter.accept(SpaceCheckingKeyFilter.java:182)
	at peergos.server.mutable.MutableEventPropagator.lambda$setPointer$0(MutableEventPropagator.java:30)
	at java.base/java.util.concurrent.CompletableFuture.uniApplyNow(CompletableFuture.java:680)
	at java.base/java.util.concurrent.CompletableFuture.uniApplyStage(CompletableFuture.java:658)
	at java.base/java.util.concurrent.CompletableFuture.thenApply(CompletableFuture.java:2158)
	at peergos.server.mutable.MutableEventPropagator.setPointer(MutableEventPropagator.java:26)
	at peergos.server.mutable.PinningMutablePointers.lambda$setPointer$2(PinningMutablePointers.java:52)
	at java.base/java.util.concurrent.CompletableFuture.uniComposeStage(CompletableFuture.java:1183)
	at java.base/java.util.concurrent.CompletableFuture.thenCompose(CompletableFuture.java:2299)
	at peergos.server.mutable.PinningMutablePointers.lambda$setPointer$3(PinningMutablePointers.java:41)
	at java.base/java.util.concurrent.CompletableFuture.uniComposeStage(CompletableFuture.java:1183)
	at java.base/java.util.concurrent.CompletableFuture.thenCompose(CompletableFuture.java:2299)
	at peergos.server.mutable.PinningMutablePointers.setPointer(PinningMutablePointers.java:33)
	at peergos.server.mutable.BlockingMutablePointers.setPointer(BlockingMutablePointers.java:21)
	at peergos.shared.mutable.ProxyingMutablePointers.lambda$setPointer$0(ProxyingMutablePointers.java:30)
	at peergos.shared.corenode.Proxy.lambda$redirectCall$0(Proxy.java:26)
	at java.base/java.util.concurrent.CompletableFuture.uniComposeStage(CompletableFuture.java:1183)
	at java.base/java.util.concurrent.CompletableFuture.thenCompose(CompletableFuture.java:2299)
	at peergos.shared.corenode.Proxy.lambda$redirectCall$1(Proxy.java:19)
	at java.base/java.util.concurrent.CompletableFuture.uniComposeStage(CompletableFuture.java:1183)
	at java.base/java.util.concurrent.CompletableFuture.thenCompose(CompletableFuture.java:2299)
	at peergos.shared.corenode.Proxy.redirectCall(Proxy.java:18)
	at peergos.shared.mutable.ProxyingMutablePointers.setPointer(ProxyingMutablePointers.java:27)
	at peergos.server.net.MutationHandler.handle(MutationHandler.java:60)
	at jdk.httpserver/com.sun.net.httpserver.Filter$Chain.doFilter(Filter.java:77)
	at jdk.httpserver/sun.net.httpserver.AuthFilter.doFilter(AuthFilter.java:82)
	at jdk.httpserver/com.sun.net.httpserver.Filter$Chain.doFilter(Filter.java:80)
	at jdk.httpserver/sun.net.httpserver.ServerImpl$Exchange$LinkHandler.handle(ServerImpl.java:692)
	at jdk.httpserver/com.sun.net.httpserver.Filter$Chain.doFilter(Filter.java:77)
	at jdk.httpserver/sun.net.httpserver.ServerImpl$Exchange.run(ServerImpl.java:664)
	at java.base/java.util.concurrent.ThreadPoolExecutor.runWorker(ThreadPoolExecutor.java:1130)
	at java.base/java.util.concurrent.ThreadPoolExecutor$Worker.run(ThreadPoolExecutor.java:630)
	at java.base/java.lang.Thread.run(Thread.java:832)
java.lang.IllegalStateException: Writer not present on this server: z59vuwzfFDp49La1sG3rQkBUGN6U2wxULofpdwkmuZUKRz8v9uncPcB
	at peergos.server.space.JdbcUsageStore.getWriterId(JdbcUsageStore.java:179)
	at peergos.server.space.JdbcUsageStore.getOwner(JdbcUsageStore.java:239)
	at peergos.server.space.JdbcUsageStore.getUsage(JdbcUsageStore.java:268)
	at peergos.server.space.SpaceCheckingKeyFilter.prepareMutablePointerChange(SpaceCheckingKeyFilter.java:214)
	at peergos.server.space.SpaceCheckingKeyFilter.accept(SpaceCheckingKeyFilter.java:182)
	at peergos.server.mutable.MutableEventPropagator.lambda$setPointer$0(MutableEventPropagator.java:30)
	at java.base/java.util.concurrent.CompletableFuture.uniApplyNow(CompletableFuture.java:680)
	at java.base/java.util.concurrent.CompletableFuture.uniApplyStage(CompletableFuture.java:658)
	at java.base/java.util.concurrent.CompletableFuture.thenApply(CompletableFuture.java:2158)
	at peergos.server.mutable.MutableEventPropagator.setPointer(MutableEventPropagator.java:26)
	at peergos.server.mutable.PinningMutablePointers.lambda$setPointer$2(PinningMutablePointers.java:52)
	at java.base/java.util.concurrent.CompletableFuture.uniComposeStage(CompletableFuture.java:1183)
	at java.base/java.util.concurrent.CompletableFuture.thenCompose(CompletableFuture.java:2299)
	at peergos.server.mutable.PinningMutablePointers.lambda$setPointer$3(PinningMutablePointers.java:41)
	at java.base/java.util.concurrent.CompletableFuture.uniComposeStage(CompletableFuture.java:1183)
	at java.base/java.util.concurrent.CompletableFuture.thenCompose(CompletableFuture.java:2299)
	at peergos.server.mutable.PinningMutablePointers.setPointer(PinningMutablePointers.java:33)
	at peergos.server.mutable.BlockingMutablePointers.setPointer(BlockingMutablePointers.java:21)
	at peergos.shared.mutable.ProxyingMutablePointers.lambda$setPointer$0(ProxyingMutablePointers.java:30)
	at peergos.shared.corenode.Proxy.lambda$redirectCall$0(Proxy.java:26)
	at java.base/java.util.concurrent.CompletableFuture.uniComposeStage(CompletableFuture.java:1183)
	at java.base/java.util.concurrent.CompletableFuture.thenCompose(CompletableFuture.java:2299)
	at peergos.shared.corenode.Proxy.lambda$redirectCall$1(Proxy.java:19)
	at java.base/java.util.concurrent.CompletableFuture.uniComposeStage(CompletableFuture.java:1183)
	at java.base/java.util.concurrent.CompletableFuture.thenCompose(CompletableFuture.java:2299)
	at peergos.shared.corenode.Proxy.redirectCall(Proxy.java:18)
	at peergos.shared.mutable.ProxyingMutablePointers.setPointer(ProxyingMutablePointers.java:27)
	at peergos.server.net.MutationHandler.handle(MutationHandler.java:60)
	at jdk.httpserver/com.sun.net.httpserver.Filter$Chain.doFilter(Filter.java:77)
	at jdk.httpserver/sun.net.httpserver.AuthFilter.doFilter(AuthFilter.java:82)
	at jdk.httpserver/com.sun.net.httpserver.Filter$Chain.doFilter(Filter.java:80)
	at jdk.httpserver/sun.net.httpserver.ServerImpl$Exchange$LinkHandler.handle(ServerImpl.java:692)
	at jdk.httpserver/com.sun.net.httpserver.Filter$Chain.doFilter(Filter.java:77)
	at jdk.httpserver/sun.net.httpserver.ServerImpl$Exchange.run(ServerImpl.java:664)
	at java.base/java.util.concurrent.ThreadPoolExecutor.runWorker(ThreadPoolExecutor.java:1130)
	at java.base/java.util.concurrent.ThreadPoolExecutor$Worker.run(ThreadPoolExecutor.java:630)
	at java.base/java.lang.Thread.run(Thread.java:832)
java.lang.IllegalStateException: Writer not present on this server: z59vuwzfFDonV843fJQemdKSEtGroboq1hTqieZS5NJBJtsnvZupiMB
	at peergos.server.space.JdbcUsageStore.getWriterId(JdbcUsageStore.java:179)
	at peergos.server.space.JdbcUsageStore.getOwner(JdbcUsageStore.java:239)
	at peergos.server.space.JdbcUsageStore.getUsage(JdbcUsageStore.java:268)
	at peergos.server.space.SpaceCheckingKeyFilter.prepareMutablePointerChange(SpaceCheckingKeyFilter.java:214)
	at peergos.server.space.SpaceCheckingKeyFilter.accept(SpaceCheckingKeyFilter.java:182)
	at peergos.server.mutable.MutableEventPropagator.lambda$setPointer$0(MutableEventPropagator.java:30)
	at java.base/java.util.concurrent.CompletableFuture.uniApplyNow(CompletableFuture.java:680)
	at java.base/java.util.concurrent.CompletableFuture.uniApplyStage(CompletableFuture.java:658)
	at java.base/java.util.concurrent.CompletableFuture.thenApply(CompletableFuture.java:2158)
	at peergos.server.mutable.MutableEventPropagator.setPointer(MutableEventPropagator.java:26)
	at peergos.server.mutable.PinningMutablePointers.lambda$setPointer$2(PinningMutablePointers.java:52)
	at java.base/java.util.concurrent.CompletableFuture.uniComposeStage(CompletableFuture.java:1183)
	at java.base/java.util.concurrent.CompletableFuture.thenCompose(CompletableFuture.java:2299)
	at peergos.server.mutable.PinningMutablePointers.lambda$setPointer$3(PinningMutablePointers.java:41)
	at java.base/java.util.concurrent.CompletableFuture.uniComposeStage(CompletableFuture.java:1183)
	at java.base/java.util.concurrent.CompletableFuture.thenCompose(CompletableFuture.java:2299)
	at peergos.server.mutable.PinningMutablePointers.setPointer(PinningMutablePointers.java:33)
	at peergos.server.mutable.BlockingMutablePointers.setPointer(BlockingMutablePointers.java:21)
	at peergos.shared.mutable.ProxyingMutablePointers.lambda$setPointer$0(ProxyingMutablePointers.java:30)
	at peergos.shared.corenode.Proxy.lambda$redirectCall$0(Proxy.java:26)
	at java.base/java.util.concurrent.CompletableFuture.uniComposeStage(CompletableFuture.java:1183)
	at java.base/java.util.concurrent.CompletableFuture.thenCompose(CompletableFuture.java:2299)
	at peergos.shared.corenode.Proxy.lambda$redirectCall$1(Proxy.java:19)
	at java.base/java.util.concurrent.CompletableFuture.uniComposeStage(CompletableFuture.java:1183)
	at java.base/java.util.concurrent.CompletableFuture.thenCompose(CompletableFuture.java:2299)
	at peergos.shared.corenode.Proxy.redirectCall(Proxy.java:18)
	at peergos.shared.mutable.ProxyingMutablePointers.setPointer(ProxyingMutablePointers.java:27)
	at peergos.server.net.MutationHandler.handle(MutationHandler.java:60)
	at jdk.httpserver/com.sun.net.httpserver.Filter$Chain.doFilter(Filter.java:77)
	at jdk.httpserver/sun.net.httpserver.AuthFilter.doFilter(AuthFilter.java:82)
	at jdk.httpserver/com.sun.net.httpserver.Filter$Chain.doFilter(Filter.java:80)
	at jdk.httpserver/sun.net.httpserver.ServerImpl$Exchange$LinkHandler.handle(ServerImpl.java:692)
	at jdk.httpserver/com.sun.net.httpserver.Filter$Chain.doFilter(Filter.java:77)
	at jdk.httpserver/sun.net.httpserver.ServerImpl$Exchange.run(ServerImpl.java:664)
	at java.base/java.util.concurrent.ThreadPoolExecutor.runWorker(ThreadPoolExecutor.java:1130)
	at java.base/java.util.concurrent.ThreadPoolExecutor$Worker.run(ThreadPoolExecutor.java:630)
	at java.base/java.lang.Thread.run(Thread.java:832)
java.lang.IllegalStateException: Writer not present on this server: z59vuwzfFDonV843fJQemdKSEtGroboq1hTqieZS5NJBJtsnvZupiMB
	at peergos.server.space.JdbcUsageStore.getWriterId(JdbcUsageStore.java:179)
	at peergos.server.space.JdbcUsageStore.getOwner(JdbcUsageStore.java:239)
	at peergos.server.space.JdbcUsageStore.getUsage(JdbcUsageStore.java:268)
	at peergos.server.space.SpaceCheckingKeyFilter.prepareMutablePointerChange(SpaceCheckingKeyFilter.java:214)
	at peergos.server.space.SpaceCheckingKeyFilter.accept(SpaceCheckingKeyFilter.java:182)
	at peergos.server.mutable.MutableEventPropagator.lambda$setPointer$0(MutableEventPropagator.java:30)
	at java.base/java.util.concurrent.CompletableFuture.uniApplyNow(CompletableFuture.java:680)
	at java.base/java.util.concurrent.CompletableFuture.uniApplyStage(CompletableFuture.java:658)
	at java.base/java.util.concurrent.CompletableFuture.thenApply(CompletableFuture.java:2158)
	at peergos.server.mutable.MutableEventPropagator.setPointer(MutableEventPropagator.java:26)
	at peergos.server.mutable.PinningMutablePointers.lambda$setPointer$2(PinningMutablePointers.java:52)
	at java.base/java.util.concurrent.CompletableFuture.uniComposeStage(CompletableFuture.java:1183)
	at java.base/java.util.concurrent.CompletableFuture.thenCompose(CompletableFuture.java:2299)
	at peergos.server.mutable.PinningMutablePointers.lambda$setPointer$3(PinningMutablePointers.java:41)
	at java.base/java.util.concurrent.CompletableFuture.uniComposeStage(CompletableFuture.java:1183)
	at java.base/java.util.concurrent.CompletableFuture.thenCompose(CompletableFuture.java:2299)
	at peergos.server.mutable.PinningMutablePointers.setPointer(PinningMutablePointers.java:33)
	at peergos.server.mutable.BlockingMutablePointers.setPointer(BlockingMutablePointers.java:21)
	at peergos.shared.mutable.ProxyingMutablePointers.lambda$setPointer$0(ProxyingMutablePointers.java:30)
	at peergos.shared.corenode.Proxy.lambda$redirectCall$0(Proxy.java:26)
	at java.base/java.util.concurrent.CompletableFuture.uniComposeStage(CompletableFuture.java:1183)
	at java.base/java.util.concurrent.CompletableFuture.thenCompose(CompletableFuture.java:2299)
	at peergos.shared.corenode.Proxy.lambda$redirectCall$1(Proxy.java:19)
	at java.base/java.util.concurrent.CompletableFuture.uniComposeStage(CompletableFuture.java:1183)
	at java.base/java.util.concurrent.CompletableFuture.thenCompose(CompletableFuture.java:2299)
	at peergos.shared.corenode.Proxy.redirectCall(Proxy.java:18)
	at peergos.shared.mutable.ProxyingMutablePointers.setPointer(ProxyingMutablePointers.java:27)
	at peergos.server.net.MutationHandler.handle(MutationHandler.java:60)
	at jdk.httpserver/com.sun.net.httpserver.Filter$Chain.doFilter(Filter.java:77)
	at jdk.httpserver/sun.net.httpserver.AuthFilter.doFilter(AuthFilter.java:82)
	at jdk.httpserver/com.sun.net.httpserver.Filter$Chain.doFilter(Filter.java:80)
	at jdk.httpserver/sun.net.httpserver.ServerImpl$Exchange$LinkHandler.handle(ServerImpl.java:692)
	at jdk.httpserver/com.sun.net.httpserver.Filter$Chain.doFilter(Filter.java:77)
	at jdk.httpserver/sun.net.httpserver.ServerImpl$Exchange.run(ServerImpl.java:664)
	at java.base/java.util.concurrent.ThreadPoolExecutor.runWorker(ThreadPoolExecutor.java:1130)
	at java.base/java.util.concurrent.ThreadPoolExecutor$Worker.run(ThreadPoolExecutor.java:630)
	at java.base/java.lang.Thread.run(Thread.java:832)
java.lang.IllegalStateException: Writer not present on this server: z59vuwzfFDonV843fJQemdKSEtGroboq1hTqieZS5NJBJtsnvZupiMB
	at peergos.server.space.JdbcUsageStore.getWriterId(JdbcUsageStore.java:179)
	at peergos.server.space.JdbcUsageStore.getOwner(JdbcUsageStore.java:239)
	at peergos.server.space.JdbcUsageStore.getUsage(JdbcUsageStore.java:268)
	at peergos.server.space.SpaceCheckingKeyFilter.prepareMutablePointerChange(SpaceCheckingKeyFilter.java:214)
	at peergos.server.space.SpaceCheckingKeyFilter.accept(SpaceCheckingKeyFilter.java:182)
	at peergos.server.mutable.MutableEventPropagator.lambda$setPointer$0(MutableEventPropagator.java:30)
	at java.base/java.util.concurrent.CompletableFuture.uniApplyNow(CompletableFuture.java:680)
	at java.base/java.util.concurrent.CompletableFuture.uniApplyStage(CompletableFuture.java:658)
	at java.base/java.util.concurrent.CompletableFuture.thenApply(CompletableFuture.java:2158)
	at peergos.server.mutable.MutableEventPropagator.setPointer(MutableEventPropagator.java:26)
	at peergos.server.mutable.PinningMutablePointers.lambda$setPointer$2(PinningMutablePointers.java:52)
	at java.base/java.util.concurrent.CompletableFuture.uniComposeStage(CompletableFuture.java:1183)
	at java.base/java.util.concurrent.CompletableFuture.thenCompose(CompletableFuture.java:2299)
	at peergos.server.mutable.PinningMutablePointers.lambda$setPointer$3(PinningMutablePointers.java:41)
	at java.base/java.util.concurrent.CompletableFuture.uniComposeStage(CompletableFuture.java:1183)
	at java.base/java.util.concurrent.CompletableFuture.thenCompose(CompletableFuture.java:2299)
	at peergos.server.mutable.PinningMutablePointers.setPointer(PinningMutablePointers.java:33)
	at peergos.server.mutable.BlockingMutablePointers.setPointer(BlockingMutablePointers.java:21)
	at peergos.shared.mutable.ProxyingMutablePointers.lambda$setPointer$0(ProxyingMutablePointers.java:30)
	at peergos.shared.corenode.Proxy.lambda$redirectCall$0(Proxy.java:26)
	at java.base/java.util.concurrent.CompletableFuture.uniComposeStage(CompletableFuture.java:1183)
	at java.base/java.util.concurrent.CompletableFuture.thenCompose(CompletableFuture.java:2299)
	at peergos.shared.corenode.Proxy.lambda$redirectCall$1(Proxy.java:19)
	at java.base/java.util.concurrent.CompletableFuture.uniComposeStage(CompletableFuture.java:1183)
	at java.base/java.util.concurrent.CompletableFuture.thenCompose(CompletableFuture.java:2299)
	at peergos.shared.corenode.Proxy.redirectCall(Proxy.java:18)
	at peergos.shared.mutable.ProxyingMutablePointers.setPointer(ProxyingMutablePointers.java:27)
	at peergos.server.net.MutationHandler.handle(MutationHandler.java:60)
	at jdk.httpserver/com.sun.net.httpserver.Filter$Chain.doFilter(Filter.java:77)
	at jdk.httpserver/sun.net.httpserver.AuthFilter.doFilter(AuthFilter.java:82)
	at jdk.httpserver/com.sun.net.httpserver.Filter$Chain.doFilter(Filter.java:80)
	at jdk.httpserver/sun.net.httpserver.ServerImpl$Exchange$LinkHandler.handle(ServerImpl.java:692)
	at jdk.httpserver/com.sun.net.httpserver.Filter$Chain.doFilter(Filter.java:77)
	at jdk.httpserver/sun.net.httpserver.ServerImpl$Exchange.run(ServerImpl.java:664)
	at java.base/java.util.concurrent.ThreadPoolExecutor.runWorker(ThreadPoolExecutor.java:1130)
	at java.base/java.util.concurrent.ThreadPoolExecutor$Worker.run(ThreadPoolExecutor.java:630)
	at java.base/java.lang.Thread.run(Thread.java:832)
java.lang.IllegalStateException: Writer not present on this server: z59vuwzfFDonV843fJQemdKSEtGroboq1hTqieZS5NJBJtsnvZupiMB
	at peergos.server.space.JdbcUsageStore.getWriterId(JdbcUsageStore.java:179)
	at peergos.server.space.JdbcUsageStore.getOwner(JdbcUsageStore.java:239)
	at peergos.server.space.JdbcUsageStore.getUsage(JdbcUsageStore.java:268)
	at peergos.server.space.SpaceCheckingKeyFilter.prepareMutablePointerChange(SpaceCheckingKeyFilter.java:214)
	at peergos.server.space.SpaceCheckingKeyFilter.accept(SpaceCheckingKeyFilter.java:182)
	at peergos.server.mutable.MutableEventPropagator.lambda$setPointer$0(MutableEventPropagator.java:30)
	at java.base/java.util.concurrent.CompletableFuture.uniApplyNow(CompletableFuture.java:680)
	at java.base/java.util.concurrent.CompletableFuture.uniApplyStage(CompletableFuture.java:658)
	at java.base/java.util.concurrent.CompletableFuture.thenApply(CompletableFuture.java:2158)
	at peergos.server.mutable.MutableEventPropagator.setPointer(MutableEventPropagator.java:26)
	at peergos.server.mutable.PinningMutablePointers.lambda$setPointer$2(PinningMutablePointers.java:52)
	at java.base/java.util.concurrent.CompletableFuture.uniComposeStage(CompletableFuture.java:1183)
	at java.base/java.util.concurrent.CompletableFuture.thenCompose(CompletableFuture.java:2299)
	at peergos.server.mutable.PinningMutablePointers.lambda$setPointer$3(PinningMutablePointers.java:41)
	at java.base/java.util.concurrent.CompletableFuture.uniComposeStage(CompletableFuture.java:1183)
	at java.base/java.util.concurrent.CompletableFuture.thenCompose(CompletableFuture.java:2299)
	at peergos.server.mutable.PinningMutablePointers.setPointer(PinningMutablePointers.java:33)
	at peergos.server.mutable.BlockingMutablePointers.setPointer(BlockingMutablePointers.java:21)
	at peergos.shared.mutable.ProxyingMutablePointers.lambda$setPointer$0(ProxyingMutablePointers.java:30)
	at peergos.shared.corenode.Proxy.lambda$redirectCall$0(Proxy.java:26)
	at java.base/java.util.concurrent.CompletableFuture.uniComposeStage(CompletableFuture.java:1183)
	at java.base/java.util.concurrent.CompletableFuture.thenCompose(CompletableFuture.java:2299)
	at peergos.shared.corenode.Proxy.lambda$redirectCall$1(Proxy.java:19)
	at java.base/java.util.concurrent.CompletableFuture.uniComposeStage(CompletableFuture.java:1183)
	at java.base/java.util.concurrent.CompletableFuture.thenCompose(CompletableFuture.java:2299)
	at peergos.shared.corenode.Proxy.redirectCall(Proxy.java:18)
	at peergos.shared.mutable.ProxyingMutablePointers.setPointer(ProxyingMutablePointers.java:27)
	at peergos.server.net.MutationHandler.handle(MutationHandler.java:60)
	at jdk.httpserver/com.sun.net.httpserver.Filter$Chain.doFilter(Filter.java:77)
	at jdk.httpserver/sun.net.httpserver.AuthFilter.doFilter(AuthFilter.java:82)
	at jdk.httpserver/com.sun.net.httpserver.Filter$Chain.doFilter(Filter.java:80)
	at jdk.httpserver/sun.net.httpserver.ServerImpl$Exchange$LinkHandler.handle(ServerImpl.java:692)
	at jdk.httpserver/com.sun.net.httpserver.Filter$Chain.doFilter(Filter.java:77)
	at jdk.httpserver/sun.net.httpserver.ServerImpl$Exchange.run(ServerImpl.java:664)
	at java.base/java.util.concurrent.ThreadPoolExecutor.runWorker(ThreadPoolExecutor.java:1130)
	at java.base/java.util.concurrent.ThreadPoolExecutor$Worker.run(ThreadPoolExecutor.java:630)
	at java.base/java.lang.Thread.run(Thread.java:832)
java.lang.IllegalStateException: Writer not present on this server: z59vuwzfFDonV843fJQemdKSEtGroboq1hTqieZS5NJBJtsnvZupiMB
	at peergos.server.space.JdbcUsageStore.getWriterId(JdbcUsageStore.java:179)
	at peergos.server.space.JdbcUsageStore.getOwner(JdbcUsageStore.java:239)
	at peergos.server.space.JdbcUsageStore.getUsage(JdbcUsageStore.java:268)
	at peergos.server.space.SpaceCheckingKeyFilter.prepareMutablePointerChange(SpaceCheckingKeyFilter.java:214)
	at peergos.server.space.SpaceCheckingKeyFilter.accept(SpaceCheckingKeyFilter.java:182)
	at peergos.server.mutable.MutableEventPropagator.lambda$setPointer$0(MutableEventPropagator.java:30)
	at java.base/java.util.concurrent.CompletableFuture.uniApplyNow(CompletableFuture.java:680)
	at java.base/java.util.concurrent.CompletableFuture.uniApplyStage(CompletableFuture.java:658)
	at java.base/java.util.concurrent.CompletableFuture.thenApply(CompletableFuture.java:2158)
	at peergos.server.mutable.MutableEventPropagator.setPointer(MutableEventPropagator.java:26)
	at peergos.server.mutable.PinningMutablePointers.lambda$setPointer$2(PinningMutablePointers.java:52)
	at java.base/java.util.concurrent.CompletableFuture.uniComposeStage(CompletableFuture.java:1183)
	at java.base/java.util.concurrent.CompletableFuture.thenCompose(CompletableFuture.java:2299)
	at peergos.server.mutable.PinningMutablePointers.lambda$setPointer$3(PinningMutablePointers.java:41)
	at java.base/java.util.concurrent.CompletableFuture.uniComposeStage(CompletableFuture.java:1183)
	at java.base/java.util.concurrent.CompletableFuture.thenCompose(CompletableFuture.java:2299)
	at peergos.server.mutable.PinningMutablePointers.setPointer(PinningMutablePointers.java:33)
	at peergos.server.mutable.BlockingMutablePointers.setPointer(BlockingMutablePointers.java:21)
	at peergos.shared.mutable.ProxyingMutablePointers.lambda$setPointer$0(ProxyingMutablePointers.java:30)
	at peergos.shared.corenode.Proxy.lambda$redirectCall$0(Proxy.java:26)
	at java.base/java.util.concurrent.CompletableFuture.uniComposeStage(CompletableFuture.java:1183)
	at java.base/java.util.concurrent.CompletableFuture.thenCompose(CompletableFuture.java:2299)
	at peergos.shared.corenode.Proxy.lambda$redirectCall$1(Proxy.java:19)
	at java.base/java.util.concurrent.CompletableFuture.uniComposeStage(CompletableFuture.java:1183)
	at java.base/java.util.concurrent.CompletableFuture.thenCompose(CompletableFuture.java:2299)
	at peergos.shared.corenode.Proxy.redirectCall(Proxy.java:18)
	at peergos.shared.mutable.ProxyingMutablePointers.setPointer(ProxyingMutablePointers.java:27)
	at peergos.server.net.MutationHandler.handle(MutationHandler.java:60)
	at jdk.httpserver/com.sun.net.httpserver.Filter$Chain.doFilter(Filter.java:77)
	at jdk.httpserver/sun.net.httpserver.AuthFilter.doFilter(AuthFilter.java:82)
	at jdk.httpserver/com.sun.net.httpserver.Filter$Chain.doFilter(Filter.java:80)
	at jdk.httpserver/sun.net.httpserver.ServerImpl$Exchange$LinkHandler.handle(ServerImpl.java:692)
	at jdk.httpserver/com.sun.net.httpserver.Filter$Chain.doFilter(Filter.java:77)
	at jdk.httpserver/sun.net.httpserver.ServerImpl$Exchange.run(ServerImpl.java:664)
	at java.base/java.util.concurrent.ThreadPoolExecutor.runWorker(ThreadPoolExecutor.java:1130)
	at java.base/java.util.concurrent.ThreadPoolExecutor$Worker.run(ThreadPoolExecutor.java:630)
	at java.base/java.lang.Thread.run(Thread.java:832)
java.lang.IllegalStateException: Writer not present on this server: z59vuwzfFDonV843fJQemdKSEtGroboq1hTqieZS5NJBJtsnvZupiMB
	at peergos.server.space.JdbcUsageStore.getWriterId(JdbcUsageStore.java:179)
	at peergos.server.space.JdbcUsageStore.getOwner(JdbcUsageStore.java:239)
	at peergos.server.space.JdbcUsageStore.getUsage(JdbcUsageStore.java:268)
	at peergos.server.space.SpaceCheckingKeyFilter.prepareMutablePointerChange(SpaceCheckingKeyFilter.java:214)
	at peergos.server.space.SpaceCheckingKeyFilter.accept(SpaceCheckingKeyFilter.java:182)
	at peergos.server.mutable.MutableEventPropagator.lambda$setPointer$0(MutableEventPropagator.java:30)
	at java.base/java.util.concurrent.CompletableFuture.uniApplyNow(CompletableFuture.java:680)
	at java.base/java.util.concurrent.CompletableFuture.uniApplyStage(CompletableFuture.java:658)
	at java.base/java.util.concurrent.CompletableFuture.thenApply(CompletableFuture.java:2158)
	at peergos.server.mutable.MutableEventPropagator.setPointer(MutableEventPropagator.java:26)
	at peergos.server.mutable.PinningMutablePointers.lambda$setPointer$2(PinningMutablePointers.java:52)
	at java.base/java.util.concurrent.CompletableFuture.uniComposeStage(CompletableFuture.java:1183)
	at java.base/java.util.concurrent.CompletableFuture.thenCompose(CompletableFuture.java:2299)
	at peergos.server.mutable.PinningMutablePointers.lambda$setPointer$3(PinningMutablePointers.java:41)
	at java.base/java.util.concurrent.CompletableFuture.uniComposeStage(CompletableFuture.java:1183)
	at java.base/java.util.concurrent.CompletableFuture.thenCompose(CompletableFuture.java:2299)
	at peergos.server.mutable.PinningMutablePointers.setPointer(PinningMutablePointers.java:33)
	at peergos.server.mutable.BlockingMutablePointers.setPointer(BlockingMutablePointers.java:21)
	at peergos.shared.mutable.ProxyingMutablePointers.lambda$setPointer$0(ProxyingMutablePointers.java:30)
	at peergos.shared.corenode.Proxy.lambda$redirectCall$0(Proxy.java:26)
	at java.base/java.util.concurrent.CompletableFuture.uniComposeStage(CompletableFuture.java:1183)
	at java.base/java.util.concurrent.CompletableFuture.thenCompose(CompletableFuture.java:2299)
	at peergos.shared.corenode.Proxy.lambda$redirectCall$1(Proxy.java:19)
	at java.base/java.util.concurrent.CompletableFuture.uniComposeStage(CompletableFuture.java:1183)
	at java.base/java.util.concurrent.CompletableFuture.thenCompose(CompletableFuture.java:2299)
	at peergos.shared.corenode.Proxy.redirectCall(Proxy.java:18)
	at peergos.shared.mutable.ProxyingMutablePointers.setPointer(ProxyingMutablePointers.java:27)
	at peergos.server.net.MutationHandler.handle(MutationHandler.java:60)
	at jdk.httpserver/com.sun.net.httpserver.Filter$Chain.doFilter(Filter.java:77)
	at jdk.httpserver/sun.net.httpserver.AuthFilter.doFilter(AuthFilter.java:82)
	at jdk.httpserver/com.sun.net.httpserver.Filter$Chain.doFilter(Filter.java:80)
	at jdk.httpserver/sun.net.httpserver.ServerImpl$Exchange$LinkHandler.handle(ServerImpl.java:692)
	at jdk.httpserver/com.sun.net.httpserver.Filter$Chain.doFilter(Filter.java:77)
	at jdk.httpserver/sun.net.httpserver.ServerImpl$Exchange.run(ServerImpl.java:664)
	at java.base/java.util.concurrent.ThreadPoolExecutor.runWorker(ThreadPoolExecutor.java:1130)
	at java.base/java.util.concurrent.ThreadPoolExecutor$Worker.run(ThreadPoolExecutor.java:630)
	at java.base/java.lang.Thread.run(Thread.java:832)
java.lang.IllegalStateException: Writer not present on this server: z59vuwzfFDp2x4U5HwZeCLyghocdP4CGugLDSm9vW8KJxNKhwaTpkMb
	at peergos.server.space.JdbcUsageStore.getWriterId(JdbcUsageStore.java:179)
	at peergos.server.space.JdbcUsageStore.getOwner(JdbcUsageStore.java:239)
	at peergos.server.space.JdbcUsageStore.getUsage(JdbcUsageStore.java:268)
	at peergos.server.space.SpaceCheckingKeyFilter.prepareMutablePointerChange(SpaceCheckingKeyFilter.java:214)
	at peergos.server.space.SpaceCheckingKeyFilter.accept(SpaceCheckingKeyFilter.java:182)
	at peergos.server.mutable.MutableEventPropagator.lambda$setPointer$0(MutableEventPropagator.java:30)
	at java.base/java.util.concurrent.CompletableFuture.uniApplyNow(CompletableFuture.java:680)
	at java.base/java.util.concurrent.CompletableFuture.uniApplyStage(CompletableFuture.java:658)
	at java.base/java.util.concurrent.CompletableFuture.thenApply(CompletableFuture.java:2158)
	at peergos.server.mutable.MutableEventPropagator.setPointer(MutableEventPropagator.java:26)
	at peergos.server.mutable.PinningMutablePointers.lambda$setPointer$2(PinningMutablePointers.java:52)
	at java.base/java.util.concurrent.CompletableFuture.uniComposeStage(CompletableFuture.java:1183)
	at java.base/java.util.concurrent.CompletableFuture.thenCompose(CompletableFuture.java:2299)
	at peergos.server.mutable.PinningMutablePointers.lambda$setPointer$3(PinningMutablePointers.java:41)
	at java.base/java.util.concurrent.CompletableFuture.uniComposeStage(CompletableFuture.java:1183)
	at java.base/java.util.concurrent.CompletableFuture.thenCompose(CompletableFuture.java:2299)
	at peergos.server.mutable.PinningMutablePointers.setPointer(PinningMutablePointers.java:33)
	at peergos.server.mutable.BlockingMutablePointers.setPointer(BlockingMutablePointers.java:21)
	at peergos.shared.mutable.ProxyingMutablePointers.lambda$setPointer$0(ProxyingMutablePointers.java:30)
	at peergos.shared.corenode.Proxy.lambda$redirectCall$0(Proxy.java:26)
	at java.base/java.util.concurrent.CompletableFuture.uniComposeStage(CompletableFuture.java:1183)
	at java.base/java.util.concurrent.CompletableFuture.thenCompose(CompletableFuture.java:2299)
	at peergos.shared.corenode.Proxy.lambda$redirectCall$1(Proxy.java:19)
	at java.base/java.util.concurrent.CompletableFuture.uniComposeStage(CompletableFuture.java:1183)
	at java.base/java.util.concurrent.CompletableFuture.thenCompose(CompletableFuture.java:2299)
	at peergos.shared.corenode.Proxy.redirectCall(Proxy.java:18)
	at peergos.shared.mutable.ProxyingMutablePointers.setPointer(ProxyingMutablePointers.java:27)
	at peergos.server.net.MutationHandler.handle(MutationHandler.java:60)
	at jdk.httpserver/com.sun.net.httpserver.Filter$Chain.doFilter(Filter.java:77)
	at jdk.httpserver/sun.net.httpserver.AuthFilter.doFilter(AuthFilter.java:82)
	at jdk.httpserver/com.sun.net.httpserver.Filter$Chain.doFilter(Filter.java:80)
	at jdk.httpserver/sun.net.httpserver.ServerImpl$Exchange$LinkHandler.handle(ServerImpl.java:692)
	at jdk.httpserver/com.sun.net.httpserver.Filter$Chain.doFilter(Filter.java:77)
	at jdk.httpserver/sun.net.httpserver.ServerImpl$Exchange.run(ServerImpl.java:664)
	at java.base/java.util.concurrent.ThreadPoolExecutor.runWorker(ThreadPoolExecutor.java:1130)
	at java.base/java.util.concurrent.ThreadPoolExecutor$Worker.run(ThreadPoolExecutor.java:630)
	at java.base/java.lang.Thread.run(Thread.java:832)
java.lang.IllegalStateException: Writer not present on this server: z59vuwzfFDp2x4U5HwZeCLyghocdP4CGugLDSm9vW8KJxNKhwaTpkMb
	at peergos.server.space.JdbcUsageStore.getWriterId(JdbcUsageStore.java:179)
	at peergos.server.space.JdbcUsageStore.getOwner(JdbcUsageStore.java:239)
	at peergos.server.space.JdbcUsageStore.getUsage(JdbcUsageStore.java:268)
	at peergos.server.space.SpaceCheckingKeyFilter.prepareMutablePointerChange(SpaceCheckingKeyFilter.java:214)
	at peergos.server.space.SpaceCheckingKeyFilter.accept(SpaceCheckingKeyFilter.java:182)
	at peergos.server.mutable.MutableEventPropagator.lambda$setPointer$0(MutableEventPropagator.java:30)
	at java.base/java.util.concurrent.CompletableFuture.uniApplyNow(CompletableFuture.java:680)
	at java.base/java.util.concurrent.CompletableFuture.uniApplyStage(CompletableFuture.java:658)
	at java.base/java.util.concurrent.CompletableFuture.thenApply(CompletableFuture.java:2158)
	at peergos.server.mutable.MutableEventPropagator.setPointer(MutableEventPropagator.java:26)
	at peergos.server.mutable.PinningMutablePointers.lambda$setPointer$2(PinningMutablePointers.java:52)
	at java.base/java.util.concurrent.CompletableFuture.uniComposeStage(CompletableFuture.java:1183)
	at java.base/java.util.concurrent.CompletableFuture.thenCompose(CompletableFuture.java:2299)
	at peergos.server.mutable.PinningMutablePointers.lambda$setPointer$3(PinningMutablePointers.java:41)
	at java.base/java.util.concurrent.CompletableFuture.uniComposeStage(CompletableFuture.java:1183)
	at java.base/java.util.concurrent.CompletableFuture.thenCompose(CompletableFuture.java:2299)
	at peergos.server.mutable.PinningMutablePointers.setPointer(PinningMutablePointers.java:33)
	at peergos.server.mutable.BlockingMutablePointers.setPointer(BlockingMutablePointers.java:21)
	at peergos.shared.mutable.ProxyingMutablePointers.lambda$setPointer$0(ProxyingMutablePointers.java:30)
	at peergos.shared.corenode.Proxy.lambda$redirectCall$0(Proxy.java:26)
	at java.base/java.util.concurrent.CompletableFuture.uniComposeStage(CompletableFuture.java:1183)
	at java.base/java.util.concurrent.CompletableFuture.thenCompose(CompletableFuture.java:2299)
	at peergos.shared.corenode.Proxy.lambda$redirectCall$1(Proxy.java:19)
	at java.base/java.util.concurrent.CompletableFuture.uniComposeStage(CompletableFuture.java:1183)
	at java.base/java.util.concurrent.CompletableFuture.thenCompose(CompletableFuture.java:2299)
	at peergos.shared.corenode.Proxy.redirectCall(Proxy.java:18)
	at peergos.shared.mutable.ProxyingMutablePointers.setPointer(ProxyingMutablePointers.java:27)
	at peergos.server.net.MutationHandler.handle(MutationHandler.java:60)
	at jdk.httpserver/com.sun.net.httpserver.Filter$Chain.doFilter(Filter.java:77)
	at jdk.httpserver/sun.net.httpserver.AuthFilter.doFilter(AuthFilter.java:82)
	at jdk.httpserver/com.sun.net.httpserver.Filter$Chain.doFilter(Filter.java:80)
	at jdk.httpserver/sun.net.httpserver.ServerImpl$Exchange$LinkHandler.handle(ServerImpl.java:692)
	at jdk.httpserver/com.sun.net.httpserver.Filter$Chain.doFilter(Filter.java:77)
	at jdk.httpserver/sun.net.httpserver.ServerImpl$Exchange.run(ServerImpl.java:664)
	at java.base/java.util.concurrent.ThreadPoolExecutor.runWorker(ThreadPoolExecutor.java:1130)
	at java.base/java.util.concurrent.ThreadPoolExecutor$Worker.run(ThreadPoolExecutor.java:630)
	at java.base/java.lang.Thread.run(Thread.java:832)
java.lang.IllegalStateException: Writer not present on this server: z59vuwzfFDomYzfkTg6GcKc2UThs1RtB1sfsz7VX6KsdqwNPUw576AC
	at peergos.server.space.JdbcUsageStore.getWriterId(JdbcUsageStore.java:179)
	at peergos.server.space.JdbcUsageStore.getOwner(JdbcUsageStore.java:239)
	at peergos.server.space.JdbcUsageStore.getUsage(JdbcUsageStore.java:268)
	at peergos.server.space.SpaceCheckingKeyFilter.prepareMutablePointerChange(SpaceCheckingKeyFilter.java:214)
	at peergos.server.space.SpaceCheckingKeyFilter.accept(SpaceCheckingKeyFilter.java:182)
	at peergos.server.mutable.MutableEventPropagator.lambda$setPointer$0(MutableEventPropagator.java:30)
	at java.base/java.util.concurrent.CompletableFuture.uniApplyNow(CompletableFuture.java:680)
	at java.base/java.util.concurrent.CompletableFuture.uniApplyStage(CompletableFuture.java:658)
	at java.base/java.util.concurrent.CompletableFuture.thenApply(CompletableFuture.java:2158)
	at peergos.server.mutable.MutableEventPropagator.setPointer(MutableEventPropagator.java:26)
	at peergos.server.mutable.PinningMutablePointers.lambda$setPointer$2(PinningMutablePointers.java:52)
	at java.base/java.util.concurrent.CompletableFuture.uniComposeStage(CompletableFuture.java:1183)
	at java.base/java.util.concurrent.CompletableFuture.thenCompose(CompletableFuture.java:2299)
	at peergos.server.mutable.PinningMutablePointers.lambda$setPointer$3(PinningMutablePointers.java:41)
	at java.base/java.util.concurrent.CompletableFuture.uniComposeStage(CompletableFuture.java:1183)
	at java.base/java.util.concurrent.CompletableFuture.thenCompose(CompletableFuture.java:2299)
	at peergos.server.mutable.PinningMutablePointers.setPointer(PinningMutablePointers.java:33)
	at peergos.server.mutable.BlockingMutablePointers.setPointer(BlockingMutablePointers.java:21)
	at peergos.shared.mutable.ProxyingMutablePointers.lambda$setPointer$0(ProxyingMutablePointers.java:30)
	at peergos.shared.corenode.Proxy.lambda$redirectCall$0(Proxy.java:26)
	at java.base/java.util.concurrent.CompletableFuture.uniComposeStage(CompletableFuture.java:1183)
	at java.base/java.util.concurrent.CompletableFuture.thenCompose(CompletableFuture.java:2299)
	at peergos.shared.corenode.Proxy.lambda$redirectCall$1(Proxy.java:19)
	at java.base/java.util.concurrent.CompletableFuture.uniComposeStage(CompletableFuture.java:1183)
	at java.base/java.util.concurrent.CompletableFuture.thenCompose(CompletableFuture.java:2299)
	at peergos.shared.corenode.Proxy.redirectCall(Proxy.java:18)
	at peergos.shared.mutable.ProxyingMutablePointers.setPointer(ProxyingMutablePointers.java:27)
	at peergos.server.net.MutationHandler.handle(MutationHandler.java:60)
	at jdk.httpserver/com.sun.net.httpserver.Filter$Chain.doFilter(Filter.java:77)
	at jdk.httpserver/sun.net.httpserver.AuthFilter.doFilter(AuthFilter.java:82)
	at jdk.httpserver/com.sun.net.httpserver.Filter$Chain.doFilter(Filter.java:80)
	at jdk.httpserver/sun.net.httpserver.ServerImpl$Exchange$LinkHandler.handle(ServerImpl.java:692)
	at jdk.httpserver/com.sun.net.httpserver.Filter$Chain.doFilter(Filter.java:77)
	at jdk.httpserver/sun.net.httpserver.ServerImpl$Exchange.run(ServerImpl.java:664)
	at java.base/java.util.concurrent.ThreadPoolExecutor.runWorker(ThreadPoolExecutor.java:1130)
	at java.base/java.util.concurrent.ThreadPoolExecutor$Worker.run(ThreadPoolExecutor.java:630)
	at java.base/java.lang.Thread.run(Thread.java:832)
java.lang.IllegalStateException: Writer not present on this server: z59vuwzfFDomYzfkTg6GcKc2UThs1RtB1sfsz7VX6KsdqwNPUw576AC
	at peergos.server.space.JdbcUsageStore.getWriterId(JdbcUsageStore.java:179)
	at peergos.server.space.JdbcUsageStore.getOwner(JdbcUsageStore.java:239)
	at peergos.server.space.JdbcUsageStore.getUsage(JdbcUsageStore.java:268)
	at peergos.server.space.SpaceCheckingKeyFilter.prepareMutablePointerChange(SpaceCheckingKeyFilter.java:214)
	at peergos.server.space.SpaceCheckingKeyFilter.accept(SpaceCheckingKeyFilter.java:182)
	at peergos.server.mutable.MutableEventPropagator.lambda$setPointer$0(MutableEventPropagator.java:30)
	at java.base/java.util.concurrent.CompletableFuture.uniApplyNow(CompletableFuture.java:680)
	at java.base/java.util.concurrent.CompletableFuture.uniApplyStage(CompletableFuture.java:658)
	at java.base/java.util.concurrent.CompletableFuture.thenApply(CompletableFuture.java:2158)
	at peergos.server.mutable.MutableEventPropagator.setPointer(MutableEventPropagator.java:26)
	at peergos.server.mutable.PinningMutablePointers.lambda$setPointer$2(PinningMutablePointers.java:52)
	at java.base/java.util.concurrent.CompletableFuture.uniComposeStage(CompletableFuture.java:1183)
	at java.base/java.util.concurrent.CompletableFuture.thenCompose(CompletableFuture.java:2299)
	at peergos.server.mutable.PinningMutablePointers.lambda$setPointer$3(PinningMutablePointers.java:41)
	at java.base/java.util.concurrent.CompletableFuture.uniComposeStage(CompletableFuture.java:1183)
	at java.base/java.util.concurrent.CompletableFuture.thenCompose(CompletableFuture.java:2299)
	at peergos.server.mutable.PinningMutablePointers.setPointer(PinningMutablePointers.java:33)
	at peergos.server.mutable.BlockingMutablePointers.setPointer(BlockingMutablePointers.java:21)
	at peergos.shared.mutable.ProxyingMutablePointers.lambda$setPointer$0(ProxyingMutablePointers.java:30)
	at peergos.shared.corenode.Proxy.lambda$redirectCall$0(Proxy.java:26)
	at java.base/java.util.concurrent.CompletableFuture.uniComposeStage(CompletableFuture.java:1183)
	at java.base/java.util.concurrent.CompletableFuture.thenCompose(CompletableFuture.java:2299)
	at peergos.shared.corenode.Proxy.lambda$redirectCall$1(Proxy.java:19)
	at java.base/java.util.concurrent.CompletableFuture.uniComposeStage(CompletableFuture.java:1183)
	at java.base/java.util.concurrent.CompletableFuture.thenCompose(CompletableFuture.java:2299)
	at peergos.shared.corenode.Proxy.redirectCall(Proxy.java:18)
	at peergos.shared.mutable.ProxyingMutablePointers.setPointer(ProxyingMutablePointers.java:27)
	at peergos.server.net.MutationHandler.handle(MutationHandler.java:60)
	at jdk.httpserver/com.sun.net.httpserver.Filter$Chain.doFilter(Filter.java:77)
	at jdk.httpserver/sun.net.httpserver.AuthFilter.doFilter(AuthFilter.java:82)
	at jdk.httpserver/com.sun.net.httpserver.Filter$Chain.doFilter(Filter.java:80)
	at jdk.httpserver/sun.net.httpserver.ServerImpl$Exchange$LinkHandler.handle(ServerImpl.java:692)
	at jdk.httpserver/com.sun.net.httpserver.Filter$Chain.doFilter(Filter.java:77)
	at jdk.httpserver/sun.net.httpserver.ServerImpl$Exchange.run(ServerImpl.java:664)
	at java.base/java.util.concurrent.ThreadPoolExecutor.runWorker(ThreadPoolExecutor.java:1130)
	at java.base/java.util.concurrent.ThreadPoolExecutor$Worker.run(ThreadPoolExecutor.java:630)
	at java.base/java.lang.Thread.run(Thread.java:832)
java.lang.IllegalStateException: Writer not present on this server: z59vuwzfFDp2x4U5HwZeCLyghocdP4CGugLDSm9vW8KJxNKhwaTpkMb
	at peergos.server.space.JdbcUsageStore.getWriterId(JdbcUsageStore.java:179)
	at peergos.server.space.JdbcUsageStore.getOwner(JdbcUsageStore.java:239)
	at peergos.server.space.JdbcUsageStore.getUsage(JdbcUsageStore.java:268)
	at peergos.server.space.SpaceCheckingKeyFilter.prepareMutablePointerChange(SpaceCheckingKeyFilter.java:214)
	at peergos.server.space.SpaceCheckingKeyFilter.accept(SpaceCheckingKeyFilter.java:182)
	at peergos.server.mutable.MutableEventPropagator.lambda$setPointer$0(MutableEventPropagator.java:30)
	at java.base/java.util.concurrent.CompletableFuture.uniApplyNow(CompletableFuture.java:680)
	at java.base/java.util.concurrent.CompletableFuture.uniApplyStage(CompletableFuture.java:658)
	at java.base/java.util.concurrent.CompletableFuture.thenApply(CompletableFuture.java:2158)
	at peergos.server.mutable.MutableEventPropagator.setPointer(MutableEventPropagator.java:26)
	at peergos.server.mutable.PinningMutablePointers.lambda$setPointer$2(PinningMutablePointers.java:52)
	at java.base/java.util.concurrent.CompletableFuture.uniComposeStage(CompletableFuture.java:1183)
	at java.base/java.util.concurrent.CompletableFuture.thenCompose(CompletableFuture.java:2299)
	at peergos.server.mutable.PinningMutablePointers.lambda$setPointer$3(PinningMutablePointers.java:41)
	at java.base/java.util.concurrent.CompletableFuture.uniComposeStage(CompletableFuture.java:1183)
	at java.base/java.util.concurrent.CompletableFuture.thenCompose(CompletableFuture.java:2299)
	at peergos.server.mutable.PinningMutablePointers.setPointer(PinningMutablePointers.java:33)
	at peergos.server.mutable.BlockingMutablePointers.setPointer(BlockingMutablePointers.java:21)
	at peergos.shared.mutable.ProxyingMutablePointers.lambda$setPointer$0(ProxyingMutablePointers.java:30)
	at peergos.shared.corenode.Proxy.lambda$redirectCall$0(Proxy.java:26)
	at java.base/java.util.concurrent.CompletableFuture.uniComposeStage(CompletableFuture.java:1183)
	at java.base/java.util.concurrent.CompletableFuture.thenCompose(CompletableFuture.java:2299)
	at peergos.shared.corenode.Proxy.lambda$redirectCall$1(Proxy.java:19)
	at java.base/java.util.concurrent.CompletableFuture.uniComposeStage(CompletableFuture.java:1183)
	at java.base/java.util.concurrent.CompletableFuture.thenCompose(CompletableFuture.java:2299)
	at peergos.shared.corenode.Proxy.redirectCall(Proxy.java:18)
	at peergos.shared.mutable.ProxyingMutablePointers.setPointer(ProxyingMutablePointers.java:27)
	at peergos.server.net.MutationHandler.handle(MutationHandler.java:60)
	at jdk.httpserver/com.sun.net.httpserver.Filter$Chain.doFilter(Filter.java:77)
	at jdk.httpserver/sun.net.httpserver.AuthFilter.doFilter(AuthFilter.java:82)
	at jdk.httpserver/com.sun.net.httpserver.Filter$Chain.doFilter(Filter.java:80)
	at jdk.httpserver/sun.net.httpserver.ServerImpl$Exchange$LinkHandler.handle(ServerImpl.java:692)
	at jdk.httpserver/com.sun.net.httpserver.Filter$Chain.doFilter(Filter.java:77)
	at jdk.httpserver/sun.net.httpserver.ServerImpl$Exchange.run(ServerImpl.java:664)
	at java.base/java.util.concurrent.ThreadPoolExecutor.runWorker(ThreadPoolExecutor.java:1130)
	at java.base/java.util.concurrent.ThreadPoolExecutor$Worker.run(ThreadPoolExecutor.java:630)
	at java.base/java.lang.Thread.run(Thread.java:832)
java.lang.IllegalStateException: Writer not present on this server: z59vuwzfFDomYzfkTg6GcKc2UThs1RtB1sfsz7VX6KsdqwNPUw576AC
	at peergos.server.space.JdbcUsageStore.getWriterId(JdbcUsageStore.java:179)
	at peergos.server.space.JdbcUsageStore.getOwner(JdbcUsageStore.java:239)
	at peergos.server.space.JdbcUsageStore.getUsage(JdbcUsageStore.java:268)
	at peergos.server.space.SpaceCheckingKeyFilter.prepareMutablePointerChange(SpaceCheckingKeyFilter.java:214)
	at peergos.server.space.SpaceCheckingKeyFilter.accept(SpaceCheckingKeyFilter.java:182)
	at peergos.server.mutable.MutableEventPropagator.lambda$setPointer$0(MutableEventPropagator.java:30)
	at java.base/java.util.concurrent.CompletableFuture.uniApplyNow(CompletableFuture.java:680)
	at java.base/java.util.concurrent.CompletableFuture.uniApplyStage(CompletableFuture.java:658)
	at java.base/java.util.concurrent.CompletableFuture.thenApply(CompletableFuture.java:2158)
	at peergos.server.mutable.MutableEventPropagator.setPointer(MutableEventPropagator.java:26)
	at peergos.server.mutable.PinningMutablePointers.lambda$setPointer$2(PinningMutablePointers.java:52)
	at java.base/java.util.concurrent.CompletableFuture.uniComposeStage(CompletableFuture.java:1183)
	at java.base/java.util.concurrent.CompletableFuture.thenCompose(CompletableFuture.java:2299)
	at peergos.server.mutable.PinningMutablePointers.lambda$setPointer$3(PinningMutablePointers.java:41)
	at java.base/java.util.concurrent.CompletableFuture.uniComposeStage(CompletableFuture.java:1183)
	at java.base/java.util.concurrent.CompletableFuture.thenCompose(CompletableFuture.java:2299)
	at peergos.server.mutable.PinningMutablePointers.setPointer(PinningMutablePointers.java:33)
	at peergos.server.mutable.BlockingMutablePointers.setPointer(BlockingMutablePointers.java:21)
	at peergos.shared.mutable.ProxyingMutablePointers.lambda$setPointer$0(ProxyingMutablePointers.java:30)
	at peergos.shared.corenode.Proxy.lambda$redirectCall$0(Proxy.java:26)
	at java.base/java.util.concurrent.CompletableFuture.uniComposeStage(CompletableFuture.java:1183)
	at java.base/java.util.concurrent.CompletableFuture.thenCompose(CompletableFuture.java:2299)
	at peergos.shared.corenode.Proxy.lambda$redirectCall$1(Proxy.java:19)
	at java.base/java.util.concurrent.CompletableFuture.uniComposeStage(CompletableFuture.java:1183)
	at java.base/java.util.concurrent.CompletableFuture.thenCompose(CompletableFuture.java:2299)
	at peergos.shared.corenode.Proxy.redirectCall(Proxy.java:18)
	at peergos.shared.mutable.ProxyingMutablePointers.setPointer(ProxyingMutablePointers.java:27)
	at peergos.server.net.MutationHandler.handle(MutationHandler.java:60)
	at jdk.httpserver/com.sun.net.httpserver.Filter$Chain.doFilter(Filter.java:77)
	at jdk.httpserver/sun.net.httpserver.AuthFilter.doFilter(AuthFilter.java:82)
	at jdk.httpserver/com.sun.net.httpserver.Filter$Chain.doFilter(Filter.java:80)
	at jdk.httpserver/sun.net.httpserver.ServerImpl$Exchange$LinkHandler.handle(ServerImpl.java:692)
	at jdk.httpserver/com.sun.net.httpserver.Filter$Chain.doFilter(Filter.java:77)
	at jdk.httpserver/sun.net.httpserver.ServerImpl$Exchange.run(ServerImpl.java:664)
	at java.base/java.util.concurrent.ThreadPoolExecutor.runWorker(ThreadPoolExecutor.java:1130)
	at java.base/java.util.concurrent.ThreadPoolExecutor$Worker.run(ThreadPoolExecutor.java:630)
	at java.base/java.lang.Thread.run(Thread.java:832)
java.lang.IllegalStateException: Writer not present on this server: z59vuwzfFDomYzfkTg6GcKc2UThs1RtB1sfsz7VX6KsdqwNPUw576AC
	at peergos.server.space.JdbcUsageStore.getWriterId(JdbcUsageStore.java:179)
	at peergos.server.space.JdbcUsageStore.getOwner(JdbcUsageStore.java:239)
	at peergos.server.space.JdbcUsageStore.getUsage(JdbcUsageStore.java:268)
	at peergos.server.space.SpaceCheckingKeyFilter.prepareMutablePointerChange(SpaceCheckingKeyFilter.java:214)
	at peergos.server.space.SpaceCheckingKeyFilter.accept(SpaceCheckingKeyFilter.java:182)
	at peergos.server.mutable.MutableEventPropagator.lambda$setPointer$0(MutableEventPropagator.java:30)
	at java.base/java.util.concurrent.CompletableFuture.uniApplyNow(CompletableFuture.java:680)
	at java.base/java.util.concurrent.CompletableFuture.uniApplyStage(CompletableFuture.java:658)
	at java.base/java.util.concurrent.CompletableFuture.thenApply(CompletableFuture.java:2158)
	at peergos.server.mutable.MutableEventPropagator.setPointer(MutableEventPropagator.java:26)
	at peergos.server.mutable.PinningMutablePointers.lambda$setPointer$2(PinningMutablePointers.java:52)
	at java.base/java.util.concurrent.CompletableFuture.uniComposeStage(CompletableFuture.java:1183)
	at java.base/java.util.concurrent.CompletableFuture.thenCompose(CompletableFuture.java:2299)
	at peergos.server.mutable.PinningMutablePointers.lambda$setPointer$3(PinningMutablePointers.java:41)
	at java.base/java.util.concurrent.CompletableFuture.uniComposeStage(CompletableFuture.java:1183)
	at java.base/java.util.concurrent.CompletableFuture.thenCompose(CompletableFuture.java:2299)
	at peergos.server.mutable.PinningMutablePointers.setPointer(PinningMutablePointers.java:33)
	at peergos.server.mutable.BlockingMutablePointers.setPointer(BlockingMutablePointers.java:21)
	at peergos.shared.mutable.ProxyingMutablePointers.lambda$setPointer$0(ProxyingMutablePointers.java:30)
	at peergos.shared.corenode.Proxy.lambda$redirectCall$0(Proxy.java:26)
	at java.base/java.util.concurrent.CompletableFuture.uniComposeStage(CompletableFuture.java:1183)
	at java.base/java.util.concurrent.CompletableFuture.thenCompose(CompletableFuture.java:2299)
	at peergos.shared.corenode.Proxy.lambda$redirectCall$1(Proxy.java:19)
	at java.base/java.util.concurrent.CompletableFuture.uniComposeStage(CompletableFuture.java:1183)
	at java.base/java.util.concurrent.CompletableFuture.thenCompose(CompletableFuture.java:2299)
	at peergos.shared.corenode.Proxy.redirectCall(Proxy.java:18)
	at peergos.shared.mutable.ProxyingMutablePointers.setPointer(ProxyingMutablePointers.java:27)
	at peergos.server.net.MutationHandler.handle(MutationHandler.java:60)
	at jdk.httpserver/com.sun.net.httpserver.Filter$Chain.doFilter(Filter.java:77)
	at jdk.httpserver/sun.net.httpserver.AuthFilter.doFilter(AuthFilter.java:82)
	at jdk.httpserver/com.sun.net.httpserver.Filter$Chain.doFilter(Filter.java:80)
	at jdk.httpserver/sun.net.httpserver.ServerImpl$Exchange$LinkHandler.handle(ServerImpl.java:692)
	at jdk.httpserver/com.sun.net.httpserver.Filter$Chain.doFilter(Filter.java:77)
	at jdk.httpserver/sun.net.httpserver.ServerImpl$Exchange.run(ServerImpl.java:664)
	at java.base/java.util.concurrent.ThreadPoolExecutor.runWorker(ThreadPoolExecutor.java:1130)
	at java.base/java.util.concurrent.ThreadPoolExecutor$Worker.run(ThreadPoolExecutor.java:630)
	at java.base/java.lang.Thread.run(Thread.java:832)
java.lang.IllegalStateException: Writer not present on this server: z59vuwzfFDomYzfkTg6GcKc2UThs1RtB1sfsz7VX6KsdqwNPUw576AC
	at peergos.server.space.JdbcUsageStore.getWriterId(JdbcUsageStore.java:179)
	at peergos.server.space.JdbcUsageStore.getOwner(JdbcUsageStore.java:239)
	at peergos.server.space.JdbcUsageStore.getUsage(JdbcUsageStore.java:268)
	at peergos.server.space.SpaceCheckingKeyFilter.prepareMutablePointerChange(SpaceCheckingKeyFilter.java:214)
	at peergos.server.space.SpaceCheckingKeyFilter.accept(SpaceCheckingKeyFilter.java:182)
	at peergos.server.mutable.MutableEventPropagator.lambda$setPointer$0(MutableEventPropagator.java:30)
	at java.base/java.util.concurrent.CompletableFuture.uniApplyNow(CompletableFuture.java:680)
	at java.base/java.util.concurrent.CompletableFuture.uniApplyStage(CompletableFuture.java:658)
	at java.base/java.util.concurrent.CompletableFuture.thenApply(CompletableFuture.java:2158)
	at peergos.server.mutable.MutableEventPropagator.setPointer(MutableEventPropagator.java:26)
	at peergos.server.mutable.PinningMutablePointers.lambda$setPointer$2(PinningMutablePointers.java:52)
	at java.base/java.util.concurrent.CompletableFuture.uniComposeStage(CompletableFuture.java:1183)
	at java.base/java.util.concurrent.CompletableFuture.thenCompose(CompletableFuture.java:2299)
	at peergos.server.mutable.PinningMutablePointers.lambda$setPointer$3(PinningMutablePointers.java:41)
	at java.base/java.util.concurrent.CompletableFuture.uniComposeStage(CompletableFuture.java:1183)
	at java.base/java.util.concurrent.CompletableFuture.thenCompose(CompletableFuture.java:2299)
	at peergos.server.mutable.PinningMutablePointers.setPointer(PinningMutablePointers.java:33)
	at peergos.server.mutable.BlockingMutablePointers.setPointer(BlockingMutablePointers.java:21)
	at peergos.shared.mutable.ProxyingMutablePointers.lambda$setPointer$0(ProxyingMutablePointers.java:30)
	at peergos.shared.corenode.Proxy.lambda$redirectCall$0(Proxy.java:26)
	at java.base/java.util.concurrent.CompletableFuture.uniComposeStage(CompletableFuture.java:1183)
	at java.base/java.util.concurrent.CompletableFuture.thenCompose(CompletableFuture.java:2299)
	at peergos.shared.corenode.Proxy.lambda$redirectCall$1(Proxy.java:19)
	at java.base/java.util.concurrent.CompletableFuture.uniComposeStage(CompletableFuture.java:1183)
	at java.base/java.util.concurrent.CompletableFuture.thenCompose(CompletableFuture.java:2299)
	at peergos.shared.corenode.Proxy.redirectCall(Proxy.java:18)
	at peergos.shared.mutable.ProxyingMutablePointers.setPointer(ProxyingMutablePointers.java:27)
	at peergos.server.net.MutationHandler.handle(MutationHandler.java:60)
	at jdk.httpserver/com.sun.net.httpserver.Filter$Chain.doFilter(Filter.java:77)
	at jdk.httpserver/sun.net.httpserver.AuthFilter.doFilter(AuthFilter.java:82)
	at jdk.httpserver/com.sun.net.httpserver.Filter$Chain.doFilter(Filter.java:80)
	at jdk.httpserver/sun.net.httpserver.ServerImpl$Exchange$LinkHandler.handle(ServerImpl.java:692)
	at jdk.httpserver/com.sun.net.httpserver.Filter$Chain.doFilter(Filter.java:77)
	at jdk.httpserver/sun.net.httpserver.ServerImpl$Exchange.run(ServerImpl.java:664)
	at java.base/java.util.concurrent.ThreadPoolExecutor.runWorker(ThreadPoolExecutor.java:1130)
	at java.base/java.util.concurrent.ThreadPoolExecutor$Worker.run(ThreadPoolExecutor.java:630)
	at java.base/java.lang.Thread.run(Thread.java:832)
java.lang.IllegalStateException: Writer not present on this server: z59vuwzfFDomYzfkTg6GcKc2UThs1RtB1sfsz7VX6KsdqwNPUw576AC
	at peergos.server.space.JdbcUsageStore.getWriterId(JdbcUsageStore.java:179)
	at peergos.server.space.JdbcUsageStore.getOwner(JdbcUsageStore.java:239)
	at peergos.server.space.JdbcUsageStore.getUsage(JdbcUsageStore.java:268)
	at peergos.server.space.SpaceCheckingKeyFilter.prepareMutablePointerChange(SpaceCheckingKeyFilter.java:214)
	at peergos.server.space.SpaceCheckingKeyFilter.accept(SpaceCheckingKeyFilter.java:182)
	at peergos.server.mutable.MutableEventPropagator.lambda$setPointer$0(MutableEventPropagator.java:30)
	at java.base/java.util.concurrent.CompletableFuture.uniApplyNow(CompletableFuture.java:680)
	at java.base/java.util.concurrent.CompletableFuture.uniApplyStage(CompletableFuture.java:658)
	at java.base/java.util.concurrent.CompletableFuture.thenApply(CompletableFuture.java:2158)
	at peergos.server.mutable.MutableEventPropagator.setPointer(MutableEventPropagator.java:26)
	at peergos.server.mutable.PinningMutablePointers.lambda$setPointer$2(PinningMutablePointers.java:52)
	at java.base/java.util.concurrent.CompletableFuture.uniComposeStage(CompletableFuture.java:1183)
	at java.base/java.util.concurrent.CompletableFuture.thenCompose(CompletableFuture.java:2299)
	at peergos.server.mutable.PinningMutablePointers.lambda$setPointer$3(PinningMutablePointers.java:41)
	at java.base/java.util.concurrent.CompletableFuture.uniComposeStage(CompletableFuture.java:1183)
	at java.base/java.util.concurrent.CompletableFuture.thenCompose(CompletableFuture.java:2299)
	at peergos.server.mutable.PinningMutablePointers.setPointer(PinningMutablePointers.java:33)
	at peergos.server.mutable.BlockingMutablePointers.setPointer(BlockingMutablePointers.java:21)
	at peergos.shared.mutable.ProxyingMutablePointers.lambda$setPointer$0(ProxyingMutablePointers.java:30)
	at peergos.shared.corenode.Proxy.lambda$redirectCall$0(Proxy.java:26)
	at java.base/java.util.concurrent.CompletableFuture.uniComposeStage(CompletableFuture.java:1183)
	at java.base/java.util.concurrent.CompletableFuture.thenCompose(CompletableFuture.java:2299)
	at peergos.shared.corenode.Proxy.lambda$redirectCall$1(Proxy.java:19)
	at java.base/java.util.concurrent.CompletableFuture.uniComposeStage(CompletableFuture.java:1183)
	at java.base/java.util.concurrent.CompletableFuture.thenCompose(CompletableFuture.java:2299)
	at peergos.shared.corenode.Proxy.redirectCall(Proxy.java:18)
	at peergos.shared.mutable.ProxyingMutablePointers.setPointer(ProxyingMutablePointers.java:27)
	at peergos.server.net.MutationHandler.handle(MutationHandler.java:60)
	at jdk.httpserver/com.sun.net.httpserver.Filter$Chain.doFilter(Filter.java:77)
	at jdk.httpserver/sun.net.httpserver.AuthFilter.doFilter(AuthFilter.java:82)
	at jdk.httpserver/com.sun.net.httpserver.Filter$Chain.doFilter(Filter.java:80)
	at jdk.httpserver/sun.net.httpserver.ServerImpl$Exchange$LinkHandler.handle(ServerImpl.java:692)
	at jdk.httpserver/com.sun.net.httpserver.Filter$Chain.doFilter(Filter.java:77)
	at jdk.httpserver/sun.net.httpserver.ServerImpl$Exchange.run(ServerImpl.java:664)
	at java.base/java.util.concurrent.ThreadPoolExecutor.runWorker(ThreadPoolExecutor.java:1130)
	at java.base/java.util.concurrent.ThreadPoolExecutor$Worker.run(ThreadPoolExecutor.java:630)
	at java.base/java.lang.Thread.run(Thread.java:832)
java.lang.IllegalStateException: Writer not present on this server: z59vuwzfFDomYzfkTg6GcKc2UThs1RtB1sfsz7VX6KsdqwNPUw576AC
	at peergos.server.space.JdbcUsageStore.getWriterId(JdbcUsageStore.java:179)
	at peergos.server.space.JdbcUsageStore.getOwner(JdbcUsageStore.java:239)
	at peergos.server.space.JdbcUsageStore.getUsage(JdbcUsageStore.java:268)
	at peergos.server.space.SpaceCheckingKeyFilter.prepareMutablePointerChange(SpaceCheckingKeyFilter.java:214)
	at peergos.server.space.SpaceCheckingKeyFilter.accept(SpaceCheckingKeyFilter.java:182)
	at peergos.server.mutable.MutableEventPropagator.lambda$setPointer$0(MutableEventPropagator.java:30)
	at java.base/java.util.concurrent.CompletableFuture.uniApplyNow(CompletableFuture.java:680)
	at java.base/java.util.concurrent.CompletableFuture.uniApplyStage(CompletableFuture.java:658)
	at java.base/java.util.concurrent.CompletableFuture.thenApply(CompletableFuture.java:2158)
	at peergos.server.mutable.MutableEventPropagator.setPointer(MutableEventPropagator.java:26)
	at peergos.server.mutable.PinningMutablePointers.lambda$setPointer$2(PinningMutablePointers.java:52)
	at java.base/java.util.concurrent.CompletableFuture.uniComposeStage(CompletableFuture.java:1183)
	at java.base/java.util.concurrent.CompletableFuture.thenCompose(CompletableFuture.java:2299)
	at peergos.server.mutable.PinningMutablePointers.lambda$setPointer$3(PinningMutablePointers.java:41)
	at java.base/java.util.concurrent.CompletableFuture.uniComposeStage(CompletableFuture.java:1183)
	at java.base/java.util.concurrent.CompletableFuture.thenCompose(CompletableFuture.java:2299)
	at peergos.server.mutable.PinningMutablePointers.setPointer(PinningMutablePointers.java:33)
	at peergos.server.mutable.BlockingMutablePointers.setPointer(BlockingMutablePointers.java:21)
	at peergos.shared.mutable.ProxyingMutablePointers.lambda$setPointer$0(ProxyingMutablePointers.java:30)
	at peergos.shared.corenode.Proxy.lambda$redirectCall$0(Proxy.java:26)
	at java.base/java.util.concurrent.CompletableFuture.uniComposeStage(CompletableFuture.java:1183)
	at java.base/java.util.concurrent.CompletableFuture.thenCompose(CompletableFuture.java:2299)
	at peergos.shared.corenode.Proxy.lambda$redirectCall$1(Proxy.java:19)
	at java.base/java.util.concurrent.CompletableFuture.uniComposeStage(CompletableFuture.java:1183)
	at java.base/java.util.concurrent.CompletableFuture.thenCompose(CompletableFuture.java:2299)
	at peergos.shared.corenode.Proxy.redirectCall(Proxy.java:18)
	at peergos.shared.mutable.ProxyingMutablePointers.setPointer(ProxyingMutablePointers.java:27)
	at peergos.server.net.MutationHandler.handle(MutationHandler.java:60)
	at jdk.httpserver/com.sun.net.httpserver.Filter$Chain.doFilter(Filter.java:77)
	at jdk.httpserver/sun.net.httpserver.AuthFilter.doFilter(AuthFilter.java:82)
	at jdk.httpserver/com.sun.net.httpserver.Filter$Chain.doFilter(Filter.java:80)
	at jdk.httpserver/sun.net.httpserver.ServerImpl$Exchange$LinkHandler.handle(ServerImpl.java:692)
	at jdk.httpserver/com.sun.net.httpserver.Filter$Chain.doFilter(Filter.java:77)
	at jdk.httpserver/sun.net.httpserver.ServerImpl$Exchange.run(ServerImpl.java:664)
	at java.base/java.util.concurrent.ThreadPoolExecutor.runWorker(ThreadPoolExecutor.java:1130)
	at java.base/java.util.concurrent.ThreadPoolExecutor$Worker.run(ThreadPoolExecutor.java:630)
	at java.base/java.lang.Thread.run(Thread.java:832)
java.lang.IllegalStateException: Writer not present on this server: z59vuwzfFDomYzfkTg6GcKc2UThs1RtB1sfsz7VX6KsdqwNPUw576AC
	at peergos.server.space.JdbcUsageStore.getWriterId(JdbcUsageStore.java:179)
	at peergos.server.space.JdbcUsageStore.getOwner(JdbcUsageStore.java:239)
	at peergos.server.space.JdbcUsageStore.getUsage(JdbcUsageStore.java:268)
	at peergos.server.space.SpaceCheckingKeyFilter.prepareMutablePointerChange(SpaceCheckingKeyFilter.java:214)
	at peergos.server.space.SpaceCheckingKeyFilter.accept(SpaceCheckingKeyFilter.java:182)
	at peergos.server.mutable.MutableEventPropagator.lambda$setPointer$0(MutableEventPropagator.java:30)
	at java.base/java.util.concurrent.CompletableFuture.uniApplyNow(CompletableFuture.java:680)
	at java.base/java.util.concurrent.CompletableFuture.uniApplyStage(CompletableFuture.java:658)
	at java.base/java.util.concurrent.CompletableFuture.thenApply(CompletableFuture.java:2158)
	at peergos.server.mutable.MutableEventPropagator.setPointer(MutableEventPropagator.java:26)
	at peergos.server.mutable.PinningMutablePointers.lambda$setPointer$2(PinningMutablePointers.java:52)
	at java.base/java.util.concurrent.CompletableFuture.uniComposeStage(CompletableFuture.java:1183)
	at java.base/java.util.concurrent.CompletableFuture.thenCompose(CompletableFuture.java:2299)
	at peergos.server.mutable.PinningMutablePointers.lambda$setPointer$3(PinningMutablePointers.java:41)
	at java.base/java.util.concurrent.CompletableFuture.uniComposeStage(CompletableFuture.java:1183)
	at java.base/java.util.concurrent.CompletableFuture.thenCompose(CompletableFuture.java:2299)
	at peergos.server.mutable.PinningMutablePointers.setPointer(PinningMutablePointers.java:33)
	at peergos.server.mutable.BlockingMutablePointers.setPointer(BlockingMutablePointers.java:21)
	at peergos.shared.mutable.ProxyingMutablePointers.lambda$setPointer$0(ProxyingMutablePointers.java:30)
	at peergos.shared.corenode.Proxy.lambda$redirectCall$0(Proxy.java:26)
	at java.base/java.util.concurrent.CompletableFuture.uniComposeStage(CompletableFuture.java:1183)
	at java.base/java.util.concurrent.CompletableFuture.thenCompose(CompletableFuture.java:2299)
	at peergos.shared.corenode.Proxy.lambda$redirectCall$1(Proxy.java:19)
	at java.base/java.util.concurrent.CompletableFuture.uniComposeStage(CompletableFuture.java:1183)
	at java.base/java.util.concurrent.CompletableFuture.thenCompose(CompletableFuture.java:2299)
	at peergos.shared.corenode.Proxy.redirectCall(Proxy.java:18)
	at peergos.shared.mutable.ProxyingMutablePointers.setPointer(ProxyingMutablePointers.java:27)
	at peergos.server.net.MutationHandler.handle(MutationHandler.java:60)
	at jdk.httpserver/com.sun.net.httpserver.Filter$Chain.doFilter(Filter.java:77)
	at jdk.httpserver/sun.net.httpserver.AuthFilter.doFilter(AuthFilter.java:82)
	at jdk.httpserver/com.sun.net.httpserver.Filter$Chain.doFilter(Filter.java:80)
	at jdk.httpserver/sun.net.httpserver.ServerImpl$Exchange$LinkHandler.handle(ServerImpl.java:692)
	at jdk.httpserver/com.sun.net.httpserver.Filter$Chain.doFilter(Filter.java:77)
	at jdk.httpserver/sun.net.httpserver.ServerImpl$Exchange.run(ServerImpl.java:664)
	at java.base/java.util.concurrent.ThreadPoolExecutor.runWorker(ThreadPoolExecutor.java:1130)
	at java.base/java.util.concurrent.ThreadPoolExecutor$Worker.run(ThreadPoolExecutor.java:630)
	at java.base/java.lang.Thread.run(Thread.java:832)
java.lang.IllegalStateException: Writer not present on this server: z59vuwzfFDp2P1pGJqbyGxikoT9UhyGtszWoSbV8kon7Qm98HYCmnV9
	at peergos.server.space.JdbcUsageStore.getWriterId(JdbcUsageStore.java:179)
	at peergos.server.space.JdbcUsageStore.getOwner(JdbcUsageStore.java:239)
	at peergos.server.space.JdbcUsageStore.getUsage(JdbcUsageStore.java:268)
	at peergos.server.space.SpaceCheckingKeyFilter.prepareMutablePointerChange(SpaceCheckingKeyFilter.java:214)
	at peergos.server.space.SpaceCheckingKeyFilter.accept(SpaceCheckingKeyFilter.java:182)
	at peergos.server.mutable.MutableEventPropagator.lambda$setPointer$0(MutableEventPropagator.java:30)
	at java.base/java.util.concurrent.CompletableFuture.uniApplyNow(CompletableFuture.java:680)
	at java.base/java.util.concurrent.CompletableFuture.uniApplyStage(CompletableFuture.java:658)
	at java.base/java.util.concurrent.CompletableFuture.thenApply(CompletableFuture.java:2158)
	at peergos.server.mutable.MutableEventPropagator.setPointer(MutableEventPropagator.java:26)
	at peergos.server.mutable.PinningMutablePointers.lambda$setPointer$2(PinningMutablePointers.java:52)
	at java.base/java.util.concurrent.CompletableFuture.uniComposeStage(CompletableFuture.java:1183)
	at java.base/java.util.concurrent.CompletableFuture.thenCompose(CompletableFuture.java:2299)
	at peergos.server.mutable.PinningMutablePointers.lambda$setPointer$3(PinningMutablePointers.java:41)
	at java.base/java.util.concurrent.CompletableFuture.uniComposeStage(CompletableFuture.java:1183)
	at java.base/java.util.concurrent.CompletableFuture.thenCompose(CompletableFuture.java:2299)
	at peergos.server.mutable.PinningMutablePointers.setPointer(PinningMutablePointers.java:33)
	at peergos.server.mutable.BlockingMutablePointers.setPointer(BlockingMutablePointers.java:21)
	at peergos.shared.mutable.ProxyingMutablePointers.lambda$setPointer$0(ProxyingMutablePointers.java:30)
	at peergos.shared.corenode.Proxy.lambda$redirectCall$0(Proxy.java:26)
	at java.base/java.util.concurrent.CompletableFuture.uniComposeStage(CompletableFuture.java:1183)
	at java.base/java.util.concurrent.CompletableFuture.thenCompose(CompletableFuture.java:2299)
	at peergos.shared.corenode.Proxy.lambda$redirectCall$1(Proxy.java:19)
	at java.base/java.util.concurrent.CompletableFuture.uniComposeStage(CompletableFuture.java:1183)
	at java.base/java.util.concurrent.CompletableFuture.thenCompose(CompletableFuture.java:2299)
	at peergos.shared.corenode.Proxy.redirectCall(Proxy.java:18)
	at peergos.shared.mutable.ProxyingMutablePointers.setPointer(ProxyingMutablePointers.java:27)
	at peergos.server.net.MutationHandler.handle(MutationHandler.java:60)
	at jdk.httpserver/com.sun.net.httpserver.Filter$Chain.doFilter(Filter.java:77)
	at jdk.httpserver/sun.net.httpserver.AuthFilter.doFilter(AuthFilter.java:82)
	at jdk.httpserver/com.sun.net.httpserver.Filter$Chain.doFilter(Filter.java:80)
	at jdk.httpserver/sun.net.httpserver.ServerImpl$Exchange$LinkHandler.handle(ServerImpl.java:692)
	at jdk.httpserver/com.sun.net.httpserver.Filter$Chain.doFilter(Filter.java:77)
	at jdk.httpserver/sun.net.httpserver.ServerImpl$Exchange.run(ServerImpl.java:664)
	at java.base/java.util.concurrent.ThreadPoolExecutor.runWorker(ThreadPoolExecutor.java:1130)
	at java.base/java.util.concurrent.ThreadPoolExecutor$Worker.run(ThreadPoolExecutor.java:630)
	at java.base/java.lang.Thread.run(Thread.java:832)
java.lang.IllegalStateException: Writer not present on this server: z59vuwzfFDp2P1pGJqbyGxikoT9UhyGtszWoSbV8kon7Qm98HYCmnV9
	at peergos.server.space.JdbcUsageStore.getWriterId(JdbcUsageStore.java:179)
	at peergos.server.space.JdbcUsageStore.getOwner(JdbcUsageStore.java:239)
	at peergos.server.space.JdbcUsageStore.getUsage(JdbcUsageStore.java:268)
	at peergos.server.space.SpaceCheckingKeyFilter.prepareMutablePointerChange(SpaceCheckingKeyFilter.java:214)
	at peergos.server.space.SpaceCheckingKeyFilter.accept(SpaceCheckingKeyFilter.java:182)
	at peergos.server.mutable.MutableEventPropagator.lambda$setPointer$0(MutableEventPropagator.java:30)
	at java.base/java.util.concurrent.CompletableFuture.uniApplyNow(CompletableFuture.java:680)
	at java.base/java.util.concurrent.CompletableFuture.uniApplyStage(CompletableFuture.java:658)
	at java.base/java.util.concurrent.CompletableFuture.thenApply(CompletableFuture.java:2158)
	at peergos.server.mutable.MutableEventPropagator.setPointer(MutableEventPropagator.java:26)
	at peergos.server.mutable.PinningMutablePointers.lambda$setPointer$2(PinningMutablePointers.java:52)
	at java.base/java.util.concurrent.CompletableFuture.uniComposeStage(CompletableFuture.java:1183)
	at java.base/java.util.concurrent.CompletableFuture.thenCompose(CompletableFuture.java:2299)
	at peergos.server.mutable.PinningMutablePointers.lambda$setPointer$3(PinningMutablePointers.java:41)
	at java.base/java.util.concurrent.CompletableFuture.uniComposeStage(CompletableFuture.java:1183)
	at java.base/java.util.concurrent.CompletableFuture.thenCompose(CompletableFuture.java:2299)
	at peergos.server.mutable.PinningMutablePointers.setPointer(PinningMutablePointers.java:33)
	at peergos.server.mutable.BlockingMutablePointers.setPointer(BlockingMutablePointers.java:21)
	at peergos.shared.mutable.ProxyingMutablePointers.lambda$setPointer$0(ProxyingMutablePointers.java:30)
	at peergos.shared.corenode.Proxy.lambda$redirectCall$0(Proxy.java:26)
	at java.base/java.util.concurrent.CompletableFuture.uniComposeStage(CompletableFuture.java:1183)
	at java.base/java.util.concurrent.CompletableFuture.thenCompose(CompletableFuture.java:2299)
	at peergos.shared.corenode.Proxy.lambda$redirectCall$1(Proxy.java:19)
	at java.base/java.util.concurrent.CompletableFuture.uniComposeStage(CompletableFuture.java:1183)
	at java.base/java.util.concurrent.CompletableFuture.thenCompose(CompletableFuture.java:2299)
	at peergos.shared.corenode.Proxy.redirectCall(Proxy.java:18)
	at peergos.shared.mutable.ProxyingMutablePointers.setPointer(ProxyingMutablePointers.java:27)
	at peergos.server.net.MutationHandler.handle(MutationHandler.java:60)
	at jdk.httpserver/com.sun.net.httpserver.Filter$Chain.doFilter(Filter.java:77)
	at jdk.httpserver/sun.net.httpserver.AuthFilter.doFilter(AuthFilter.java:82)
	at jdk.httpserver/com.sun.net.httpserver.Filter$Chain.doFilter(Filter.java:80)
	at jdk.httpserver/sun.net.httpserver.ServerImpl$Exchange$LinkHandler.handle(ServerImpl.java:692)
	at jdk.httpserver/com.sun.net.httpserver.Filter$Chain.doFilter(Filter.java:77)
	at jdk.httpserver/sun.net.httpserver.ServerImpl$Exchange.run(ServerImpl.java:664)
	at java.base/java.util.concurrent.ThreadPoolExecutor.runWorker(ThreadPoolExecutor.java:1130)
	at java.base/java.util.concurrent.ThreadPoolExecutor$Worker.run(ThreadPoolExecutor.java:630)
	at java.base/java.lang.Thread.run(Thread.java:832)
java.lang.IllegalStateException: Writer not present on this server: z59vuwzfFDp2rjiGZuwjzM6hqBTqi6ZBMe72WdmrWKtHo1SVvjYLNAr
	at peergos.server.space.JdbcUsageStore.getWriterId(JdbcUsageStore.java:179)
	at peergos.server.space.JdbcUsageStore.getOwner(JdbcUsageStore.java:239)
	at peergos.server.space.JdbcUsageStore.getUsage(JdbcUsageStore.java:268)
	at peergos.server.space.SpaceCheckingKeyFilter.prepareMutablePointerChange(SpaceCheckingKeyFilter.java:214)
	at peergos.server.space.SpaceCheckingKeyFilter.accept(SpaceCheckingKeyFilter.java:182)
	at peergos.server.mutable.MutableEventPropagator.lambda$setPointer$0(MutableEventPropagator.java:30)
	at java.base/java.util.concurrent.CompletableFuture.uniApplyNow(CompletableFuture.java:680)
	at java.base/java.util.concurrent.CompletableFuture.uniApplyStage(CompletableFuture.java:658)
	at java.base/java.util.concurrent.CompletableFuture.thenApply(CompletableFuture.java:2158)
	at peergos.server.mutable.MutableEventPropagator.setPointer(MutableEventPropagator.java:26)
	at peergos.server.mutable.PinningMutablePointers.lambda$setPointer$2(PinningMutablePointers.java:52)
	at java.base/java.util.concurrent.CompletableFuture.uniComposeStage(CompletableFuture.java:1183)
	at java.base/java.util.concurrent.CompletableFuture.thenCompose(CompletableFuture.java:2299)
	at peergos.server.mutable.PinningMutablePointers.lambda$setPointer$3(PinningMutablePointers.java:41)
	at java.base/java.util.concurrent.CompletableFuture.uniComposeStage(CompletableFuture.java:1183)
	at java.base/java.util.concurrent.CompletableFuture.thenCompose(CompletableFuture.java:2299)
	at peergos.server.mutable.PinningMutablePointers.setPointer(PinningMutablePointers.java:33)
	at peergos.server.mutable.BlockingMutablePointers.setPointer(BlockingMutablePointers.java:21)
	at peergos.shared.mutable.ProxyingMutablePointers.lambda$setPointer$0(ProxyingMutablePointers.java:30)
	at peergos.shared.corenode.Proxy.lambda$redirectCall$0(Proxy.java:26)
	at java.base/java.util.concurrent.CompletableFuture.uniComposeStage(CompletableFuture.java:1183)
	at java.base/java.util.concurrent.CompletableFuture.thenCompose(CompletableFuture.java:2299)
	at peergos.shared.corenode.Proxy.lambda$redirectCall$1(Proxy.java:19)
	at java.base/java.util.concurrent.CompletableFuture.uniComposeStage(CompletableFuture.java:1183)
	at java.base/java.util.concurrent.CompletableFuture.thenCompose(CompletableFuture.java:2299)
	at peergos.shared.corenode.Proxy.redirectCall(Proxy.java:18)
	at peergos.shared.mutable.ProxyingMutablePointers.setPointer(ProxyingMutablePointers.java:27)
	at peergos.server.net.MutationHandler.handle(MutationHandler.java:60)
	at jdk.httpserver/com.sun.net.httpserver.Filter$Chain.doFilter(Filter.java:77)
	at jdk.httpserver/sun.net.httpserver.AuthFilter.doFilter(AuthFilter.java:82)
	at jdk.httpserver/com.sun.net.httpserver.Filter$Chain.doFilter(Filter.java:80)
	at jdk.httpserver/sun.net.httpserver.ServerImpl$Exchange$LinkHandler.handle(ServerImpl.java:692)
	at jdk.httpserver/com.sun.net.httpserver.Filter$Chain.doFilter(Filter.java:77)
	at jdk.httpserver/sun.net.httpserver.ServerImpl$Exchange.run(ServerImpl.java:664)
	at java.base/java.util.concurrent.ThreadPoolExecutor.runWorker(ThreadPoolExecutor.java:1130)
	at java.base/java.util.concurrent.ThreadPoolExecutor$Worker.run(ThreadPoolExecutor.java:630)
	at java.base/java.lang.Thread.run(Thread.java:832)
java.lang.IllegalStateException: Writer not present on this server: z59vuwzfFDp2rjiGZuwjzM6hqBTqi6ZBMe72WdmrWKtHo1SVvjYLNAr
	at peergos.server.space.JdbcUsageStore.getWriterId(JdbcUsageStore.java:179)
	at peergos.server.space.JdbcUsageStore.getOwner(JdbcUsageStore.java:239)
	at peergos.server.space.JdbcUsageStore.getUsage(JdbcUsageStore.java:268)
	at peergos.server.space.SpaceCheckingKeyFilter.prepareMutablePointerChange(SpaceCheckingKeyFilter.java:214)
	at peergos.server.space.SpaceCheckingKeyFilter.accept(SpaceCheckingKeyFilter.java:182)
	at peergos.server.mutable.MutableEventPropagator.lambda$setPointer$0(MutableEventPropagator.java:30)
	at java.base/java.util.concurrent.CompletableFuture.uniApplyNow(CompletableFuture.java:680)
	at java.base/java.util.concurrent.CompletableFuture.uniApplyStage(CompletableFuture.java:658)
	at java.base/java.util.concurrent.CompletableFuture.thenApply(CompletableFuture.java:2158)
	at peergos.server.mutable.MutableEventPropagator.setPointer(MutableEventPropagator.java:26)
	at peergos.server.mutable.PinningMutablePointers.lambda$setPointer$2(PinningMutablePointers.java:52)
	at java.base/java.util.concurrent.CompletableFuture.uniComposeStage(CompletableFuture.java:1183)
	at java.base/java.util.concurrent.CompletableFuture.thenCompose(CompletableFuture.java:2299)
	at peergos.server.mutable.PinningMutablePointers.lambda$setPointer$3(PinningMutablePointers.java:41)
	at java.base/java.util.concurrent.CompletableFuture.uniComposeStage(CompletableFuture.java:1183)
	at java.base/java.util.concurrent.CompletableFuture.thenCompose(CompletableFuture.java:2299)
	at peergos.server.mutable.PinningMutablePointers.setPointer(PinningMutablePointers.java:33)
	at peergos.server.mutable.BlockingMutablePointers.setPointer(BlockingMutablePointers.java:21)
	at peergos.shared.mutable.ProxyingMutablePointers.lambda$setPointer$0(ProxyingMutablePointers.java:30)
	at peergos.shared.corenode.Proxy.lambda$redirectCall$0(Proxy.java:26)
	at java.base/java.util.concurrent.CompletableFuture.uniComposeStage(CompletableFuture.java:1183)
	at java.base/java.util.concurrent.CompletableFuture.thenCompose(CompletableFuture.java:2299)
	at peergos.shared.corenode.Proxy.lambda$redirectCall$1(Proxy.java:19)
	at java.base/java.util.concurrent.CompletableFuture.uniComposeStage(CompletableFuture.java:1183)
	at java.base/java.util.concurrent.CompletableFuture.thenCompose(CompletableFuture.java:2299)
	at peergos.shared.corenode.Proxy.redirectCall(Proxy.java:18)
	at peergos.shared.mutable.ProxyingMutablePointers.setPointer(ProxyingMutablePointers.java:27)
	at peergos.server.net.MutationHandler.handle(MutationHandler.java:60)
	at jdk.httpserver/com.sun.net.httpserver.Filter$Chain.doFilter(Filter.java:77)
	at jdk.httpserver/sun.net.httpserver.AuthFilter.doFilter(AuthFilter.java:82)
	at jdk.httpserver/com.sun.net.httpserver.Filter$Chain.doFilter(Filter.java:80)
	at jdk.httpserver/sun.net.httpserver.ServerImpl$Exchange$LinkHandler.handle(ServerImpl.java:692)
	at jdk.httpserver/com.sun.net.httpserver.Filter$Chain.doFilter(Filter.java:77)
	at jdk.httpserver/sun.net.httpserver.ServerImpl$Exchange.run(ServerImpl.java:664)
	at java.base/java.util.concurrent.ThreadPoolExecutor.runWorker(ThreadPoolExecutor.java:1130)
	at java.base/java.util.concurrent.ThreadPoolExecutor$Worker.run(ThreadPoolExecutor.java:630)
	at java.base/java.lang.Thread.run(Thread.java:832)
java.lang.IllegalStateException: Writer not present on this server: z59vuwzfFDp2P1pGJqbyGxikoT9UhyGtszWoSbV8kon7Qm98HYCmnV9
	at peergos.server.space.JdbcUsageStore.getWriterId(JdbcUsageStore.java:179)
	at peergos.server.space.JdbcUsageStore.getOwner(JdbcUsageStore.java:239)
	at peergos.server.space.JdbcUsageStore.getUsage(JdbcUsageStore.java:268)
	at peergos.server.space.SpaceCheckingKeyFilter.prepareMutablePointerChange(SpaceCheckingKeyFilter.java:214)
	at peergos.server.space.SpaceCheckingKeyFilter.accept(SpaceCheckingKeyFilter.java:182)
	at peergos.server.mutable.MutableEventPropagator.lambda$setPointer$0(MutableEventPropagator.java:30)
	at java.base/java.util.concurrent.CompletableFuture.uniApplyNow(CompletableFuture.java:680)
	at java.base/java.util.concurrent.CompletableFuture.uniApplyStage(CompletableFuture.java:658)
	at java.base/java.util.concurrent.CompletableFuture.thenApply(CompletableFuture.java:2158)
	at peergos.server.mutable.MutableEventPropagator.setPointer(MutableEventPropagator.java:26)
	at peergos.server.mutable.PinningMutablePointers.lambda$setPointer$2(PinningMutablePointers.java:52)
	at java.base/java.util.concurrent.CompletableFuture.uniComposeStage(CompletableFuture.java:1183)
	at java.base/java.util.concurrent.CompletableFuture.thenCompose(CompletableFuture.java:2299)
	at peergos.server.mutable.PinningMutablePointers.lambda$setPointer$3(PinningMutablePointers.java:41)
	at java.base/java.util.concurrent.CompletableFuture.uniComposeStage(CompletableFuture.java:1183)
	at java.base/java.util.concurrent.CompletableFuture.thenCompose(CompletableFuture.java:2299)
	at peergos.server.mutable.PinningMutablePointers.setPointer(PinningMutablePointers.java:33)
	at peergos.server.mutable.BlockingMutablePointers.setPointer(BlockingMutablePointers.java:21)
	at peergos.shared.mutable.ProxyingMutablePointers.lambda$setPointer$0(ProxyingMutablePointers.java:30)
	at peergos.shared.corenode.Proxy.lambda$redirectCall$0(Proxy.java:26)
	at java.base/java.util.concurrent.CompletableFuture.uniComposeStage(CompletableFuture.java:1183)
	at java.base/java.util.concurrent.CompletableFuture.thenCompose(CompletableFuture.java:2299)
	at peergos.shared.corenode.Proxy.lambda$redirectCall$1(Proxy.java:19)
	at java.base/java.util.concurrent.CompletableFuture.uniComposeStage(CompletableFuture.java:1183)
	at java.base/java.util.concurrent.CompletableFuture.thenCompose(CompletableFuture.java:2299)
	at peergos.shared.corenode.Proxy.redirectCall(Proxy.java:18)
	at peergos.shared.mutable.ProxyingMutablePointers.setPointer(ProxyingMutablePointers.java:27)
	at peergos.server.net.MutationHandler.handle(MutationHandler.java:60)
	at jdk.httpserver/com.sun.net.httpserver.Filter$Chain.doFilter(Filter.java:77)
	at jdk.httpserver/sun.net.httpserver.AuthFilter.doFilter(AuthFilter.java:82)
	at jdk.httpserver/com.sun.net.httpserver.Filter$Chain.doFilter(Filter.java:80)
	at jdk.httpserver/sun.net.httpserver.ServerImpl$Exchange$LinkHandler.handle(ServerImpl.java:692)
	at jdk.httpserver/com.sun.net.httpserver.Filter$Chain.doFilter(Filter.java:77)
	at jdk.httpserver/sun.net.httpserver.ServerImpl$Exchange.run(ServerImpl.java:664)
	at java.base/java.util.concurrent.ThreadPoolExecutor.runWorker(ThreadPoolExecutor.java:1130)
	at java.base/java.util.concurrent.ThreadPoolExecutor$Worker.run(ThreadPoolExecutor.java:630)
	at java.base/java.lang.Thread.run(Thread.java:832)
java.lang.IllegalStateException: Writer not present on this server: z59vuwzfFDp2rjiGZuwjzM6hqBTqi6ZBMe72WdmrWKtHo1SVvjYLNAr
	at peergos.server.space.JdbcUsageStore.getWriterId(JdbcUsageStore.java:179)
	at peergos.server.space.JdbcUsageStore.getOwner(JdbcUsageStore.java:239)
	at peergos.server.space.JdbcUsageStore.getUsage(JdbcUsageStore.java:268)
	at peergos.server.space.SpaceCheckingKeyFilter.prepareMutablePointerChange(SpaceCheckingKeyFilter.java:214)
	at peergos.server.space.SpaceCheckingKeyFilter.accept(SpaceCheckingKeyFilter.java:182)
	at peergos.server.mutable.MutableEventPropagator.lambda$setPointer$0(MutableEventPropagator.java:30)
	at java.base/java.util.concurrent.CompletableFuture.uniApplyNow(CompletableFuture.java:680)
	at java.base/java.util.concurrent.CompletableFuture.uniApplyStage(CompletableFuture.java:658)
	at java.base/java.util.concurrent.CompletableFuture.thenApply(CompletableFuture.java:2158)
	at peergos.server.mutable.MutableEventPropagator.setPointer(MutableEventPropagator.java:26)
	at peergos.server.mutable.PinningMutablePointers.lambda$setPointer$2(PinningMutablePointers.java:52)
	at java.base/java.util.concurrent.CompletableFuture.uniComposeStage(CompletableFuture.java:1183)
	at java.base/java.util.concurrent.CompletableFuture.thenCompose(CompletableFuture.java:2299)
	at peergos.server.mutable.PinningMutablePointers.lambda$setPointer$3(PinningMutablePointers.java:41)
	at java.base/java.util.concurrent.CompletableFuture.uniComposeStage(CompletableFuture.java:1183)
	at java.base/java.util.concurrent.CompletableFuture.thenCompose(CompletableFuture.java:2299)
	at peergos.server.mutable.PinningMutablePointers.setPointer(PinningMutablePointers.java:33)
	at peergos.server.mutable.BlockingMutablePointers.setPointer(BlockingMutablePointers.java:21)
	at peergos.shared.mutable.ProxyingMutablePointers.lambda$setPointer$0(ProxyingMutablePointers.java:30)
	at peergos.shared.corenode.Proxy.lambda$redirectCall$0(Proxy.java:26)
	at java.base/java.util.concurrent.CompletableFuture.uniComposeStage(CompletableFuture.java:1183)
	at java.base/java.util.concurrent.CompletableFuture.thenCompose(CompletableFuture.java:2299)
	at peergos.shared.corenode.Proxy.lambda$redirectCall$1(Proxy.java:19)
	at java.base/java.util.concurrent.CompletableFuture.uniComposeStage(CompletableFuture.java:1183)
	at java.base/java.util.concurrent.CompletableFuture.thenCompose(CompletableFuture.java:2299)
	at peergos.shared.corenode.Proxy.redirectCall(Proxy.java:18)
	at peergos.shared.mutable.ProxyingMutablePointers.setPointer(ProxyingMutablePointers.java:27)
	at peergos.server.net.MutationHandler.handle(MutationHandler.java:60)
	at jdk.httpserver/com.sun.net.httpserver.Filter$Chain.doFilter(Filter.java:77)
	at jdk.httpserver/sun.net.httpserver.AuthFilter.doFilter(AuthFilter.java:82)
	at jdk.httpserver/com.sun.net.httpserver.Filter$Chain.doFilter(Filter.java:80)
	at jdk.httpserver/sun.net.httpserver.ServerImpl$Exchange$LinkHandler.handle(ServerImpl.java:692)
	at jdk.httpserver/com.sun.net.httpserver.Filter$Chain.doFilter(Filter.java:77)
	at jdk.httpserver/sun.net.httpserver.ServerImpl$Exchange.run(ServerImpl.java:664)
	at java.base/java.util.concurrent.ThreadPoolExecutor.runWorker(ThreadPoolExecutor.java:1130)
	at java.base/java.util.concurrent.ThreadPoolExecutor$Worker.run(ThreadPoolExecutor.java:630)
	at java.base/java.lang.Thread.run(Thread.java:832)
java.lang.IllegalStateException: Writer not present on this server: z59vuwzfFDp2rjiGZuwjzM6hqBTqi6ZBMe72WdmrWKtHo1SVvjYLNAr
	at peergos.server.space.JdbcUsageStore.getWriterId(JdbcUsageStore.java:179)
	at peergos.server.space.JdbcUsageStore.getOwner(JdbcUsageStore.java:239)
	at peergos.server.space.JdbcUsageStore.getUsage(JdbcUsageStore.java:268)
	at peergos.server.space.SpaceCheckingKeyFilter.prepareMutablePointerChange(SpaceCheckingKeyFilter.java:214)
	at peergos.server.space.SpaceCheckingKeyFilter.accept(SpaceCheckingKeyFilter.java:182)
	at peergos.server.mutable.MutableEventPropagator.lambda$setPointer$0(MutableEventPropagator.java:30)
	at java.base/java.util.concurrent.CompletableFuture.uniApplyNow(CompletableFuture.java:680)
	at java.base/java.util.concurrent.CompletableFuture.uniApplyStage(CompletableFuture.java:658)
	at java.base/java.util.concurrent.CompletableFuture.thenApply(CompletableFuture.java:2158)
	at peergos.server.mutable.MutableEventPropagator.setPointer(MutableEventPropagator.java:26)
	at peergos.server.mutable.PinningMutablePointers.lambda$setPointer$2(PinningMutablePointers.java:52)
	at java.base/java.util.concurrent.CompletableFuture.uniComposeStage(CompletableFuture.java:1183)
	at java.base/java.util.concurrent.CompletableFuture.thenCompose(CompletableFuture.java:2299)
	at peergos.server.mutable.PinningMutablePointers.lambda$setPointer$3(PinningMutablePointers.java:41)
	at java.base/java.util.concurrent.CompletableFuture.uniComposeStage(CompletableFuture.java:1183)
	at java.base/java.util.concurrent.CompletableFuture.thenCompose(CompletableFuture.java:2299)
	at peergos.server.mutable.PinningMutablePointers.setPointer(PinningMutablePointers.java:33)
	at peergos.server.mutable.BlockingMutablePointers.setPointer(BlockingMutablePointers.java:21)
	at peergos.shared.mutable.ProxyingMutablePointers.lambda$setPointer$0(ProxyingMutablePointers.java:30)
	at peergos.shared.corenode.Proxy.lambda$redirectCall$0(Proxy.java:26)
	at java.base/java.util.concurrent.CompletableFuture.uniComposeStage(CompletableFuture.java:1183)
	at java.base/java.util.concurrent.CompletableFuture.thenCompose(CompletableFuture.java:2299)
	at peergos.shared.corenode.Proxy.lambda$redirectCall$1(Proxy.java:19)
	at java.base/java.util.concurrent.CompletableFuture.uniComposeStage(CompletableFuture.java:1183)
	at java.base/java.util.concurrent.CompletableFuture.thenCompose(CompletableFuture.java:2299)
	at peergos.shared.corenode.Proxy.redirectCall(Proxy.java:18)
	at peergos.shared.mutable.ProxyingMutablePointers.setPointer(ProxyingMutablePointers.java:27)
	at peergos.server.net.MutationHandler.handle(MutationHandler.java:60)
	at jdk.httpserver/com.sun.net.httpserver.Filter$Chain.doFilter(Filter.java:77)
	at jdk.httpserver/sun.net.httpserver.AuthFilter.doFilter(AuthFilter.java:82)
	at jdk.httpserver/com.sun.net.httpserver.Filter$Chain.doFilter(Filter.java:80)
	at jdk.httpserver/sun.net.httpserver.ServerImpl$Exchange$LinkHandler.handle(ServerImpl.java:692)
	at jdk.httpserver/com.sun.net.httpserver.Filter$Chain.doFilter(Filter.java:77)
	at jdk.httpserver/sun.net.httpserver.ServerImpl$Exchange.run(ServerImpl.java:664)
	at java.base/java.util.concurrent.ThreadPoolExecutor.runWorker(ThreadPoolExecutor.java:1130)
	at java.base/java.util.concurrent.ThreadPoolExecutor$Worker.run(ThreadPoolExecutor.java:630)
	at java.base/java.lang.Thread.run(Thread.java:832)
java.lang.IllegalStateException: Writer not present on this server: z59vuwzfFDp2rjiGZuwjzM6hqBTqi6ZBMe72WdmrWKtHo1SVvjYLNAr
	at peergos.server.space.JdbcUsageStore.getWriterId(JdbcUsageStore.java:179)
	at peergos.server.space.JdbcUsageStore.getOwner(JdbcUsageStore.java:239)
	at peergos.server.space.JdbcUsageStore.getUsage(JdbcUsageStore.java:268)
	at peergos.server.space.SpaceCheckingKeyFilter.prepareMutablePointerChange(SpaceCheckingKeyFilter.java:214)
	at peergos.server.space.SpaceCheckingKeyFilter.accept(SpaceCheckingKeyFilter.java:182)
	at peergos.server.mutable.MutableEventPropagator.lambda$setPointer$0(MutableEventPropagator.java:30)
	at java.base/java.util.concurrent.CompletableFuture.uniApplyNow(CompletableFuture.java:680)
	at java.base/java.util.concurrent.CompletableFuture.uniApplyStage(CompletableFuture.java:658)
	at java.base/java.util.concurrent.CompletableFuture.thenApply(CompletableFuture.java:2158)
	at peergos.server.mutable.MutableEventPropagator.setPointer(MutableEventPropagator.java:26)
	at peergos.server.mutable.PinningMutablePointers.lambda$setPointer$2(PinningMutablePointers.java:52)
	at java.base/java.util.concurrent.CompletableFuture.uniComposeStage(CompletableFuture.java:1183)
	at java.base/java.util.concurrent.CompletableFuture.thenCompose(CompletableFuture.java:2299)
	at peergos.server.mutable.PinningMutablePointers.lambda$setPointer$3(PinningMutablePointers.java:41)
	at java.base/java.util.concurrent.CompletableFuture.uniComposeStage(CompletableFuture.java:1183)
	at java.base/java.util.concurrent.CompletableFuture.thenCompose(CompletableFuture.java:2299)
	at peergos.server.mutable.PinningMutablePointers.setPointer(PinningMutablePointers.java:33)
	at peergos.server.mutable.BlockingMutablePointers.setPointer(BlockingMutablePointers.java:21)
	at peergos.shared.mutable.ProxyingMutablePointers.lambda$setPointer$0(ProxyingMutablePointers.java:30)
	at peergos.shared.corenode.Proxy.lambda$redirectCall$0(Proxy.java:26)
	at java.base/java.util.concurrent.CompletableFuture.uniComposeStage(CompletableFuture.java:1183)
	at java.base/java.util.concurrent.CompletableFuture.thenCompose(CompletableFuture.java:2299)
	at peergos.shared.corenode.Proxy.lambda$redirectCall$1(Proxy.java:19)
	at java.base/java.util.concurrent.CompletableFuture.uniComposeStage(CompletableFuture.java:1183)
	at java.base/java.util.concurrent.CompletableFuture.thenCompose(CompletableFuture.java:2299)
	at peergos.shared.corenode.Proxy.redirectCall(Proxy.java:18)
	at peergos.shared.mutable.ProxyingMutablePointers.setPointer(ProxyingMutablePointers.java:27)
	at peergos.server.net.MutationHandler.handle(MutationHandler.java:60)
	at jdk.httpserver/com.sun.net.httpserver.Filter$Chain.doFilter(Filter.java:77)
	at jdk.httpserver/sun.net.httpserver.AuthFilter.doFilter(AuthFilter.java:82)
	at jdk.httpserver/com.sun.net.httpserver.Filter$Chain.doFilter(Filter.java:80)
	at jdk.httpserver/sun.net.httpserver.ServerImpl$Exchange$LinkHandler.handle(ServerImpl.java:692)
	at jdk.httpserver/com.sun.net.httpserver.Filter$Chain.doFilter(Filter.java:77)
	at jdk.httpserver/sun.net.httpserver.ServerImpl$Exchange.run(ServerImpl.java:664)
	at java.base/java.util.concurrent.ThreadPoolExecutor.runWorker(ThreadPoolExecutor.java:1130)
	at java.base/java.util.concurrent.ThreadPoolExecutor$Worker.run(ThreadPoolExecutor.java:630)
	at java.base/java.lang.Thread.run(Thread.java:832)
java.lang.IllegalStateException: Writer not present on this server: z59vuwzfFDp2rjiGZuwjzM6hqBTqi6ZBMe72WdmrWKtHo1SVvjYLNAr
	at peergos.server.space.JdbcUsageStore.getWriterId(JdbcUsageStore.java:179)
	at peergos.server.space.JdbcUsageStore.getOwner(JdbcUsageStore.java:239)
	at peergos.server.space.JdbcUsageStore.getUsage(JdbcUsageStore.java:268)
	at peergos.server.space.SpaceCheckingKeyFilter.prepareMutablePointerChange(SpaceCheckingKeyFilter.java:214)
	at peergos.server.space.SpaceCheckingKeyFilter.accept(SpaceCheckingKeyFilter.java:182)
	at peergos.server.mutable.MutableEventPropagator.lambda$setPointer$0(MutableEventPropagator.java:30)
	at java.base/java.util.concurrent.CompletableFuture.uniApplyNow(CompletableFuture.java:680)
	at java.base/java.util.concurrent.CompletableFuture.uniApplyStage(CompletableFuture.java:658)
	at java.base/java.util.concurrent.CompletableFuture.thenApply(CompletableFuture.java:2158)
	at peergos.server.mutable.MutableEventPropagator.setPointer(MutableEventPropagator.java:26)
	at peergos.server.mutable.PinningMutablePointers.lambda$setPointer$2(PinningMutablePointers.java:52)
	at java.base/java.util.concurrent.CompletableFuture.uniComposeStage(CompletableFuture.java:1183)
	at java.base/java.util.concurrent.CompletableFuture.thenCompose(CompletableFuture.java:2299)
	at peergos.server.mutable.PinningMutablePointers.lambda$setPointer$3(PinningMutablePointers.java:41)
	at java.base/java.util.concurrent.CompletableFuture.uniComposeStage(CompletableFuture.java:1183)
	at java.base/java.util.concurrent.CompletableFuture.thenCompose(CompletableFuture.java:2299)
	at peergos.server.mutable.PinningMutablePointers.setPointer(PinningMutablePointers.java:33)
	at peergos.server.mutable.BlockingMutablePointers.setPointer(BlockingMutablePointers.java:21)
	at peergos.shared.mutable.ProxyingMutablePointers.lambda$setPointer$0(ProxyingMutablePointers.java:30)
	at peergos.shared.corenode.Proxy.lambda$redirectCall$0(Proxy.java:26)
	at java.base/java.util.concurrent.CompletableFuture.uniComposeStage(CompletableFuture.java:1183)
	at java.base/java.util.concurrent.CompletableFuture.thenCompose(CompletableFuture.java:2299)
	at peergos.shared.corenode.Proxy.lambda$redirectCall$1(Proxy.java:19)
	at java.base/java.util.concurrent.CompletableFuture.uniComposeStage(CompletableFuture.java:1183)
	at java.base/java.util.concurrent.CompletableFuture.thenCompose(CompletableFuture.java:2299)
	at peergos.shared.corenode.Proxy.redirectCall(Proxy.java:18)
	at peergos.shared.mutable.ProxyingMutablePointers.setPointer(ProxyingMutablePointers.java:27)
	at peergos.server.net.MutationHandler.handle(MutationHandler.java:60)
	at jdk.httpserver/com.sun.net.httpserver.Filter$Chain.doFilter(Filter.java:77)
	at jdk.httpserver/sun.net.httpserver.AuthFilter.doFilter(AuthFilter.java:82)
	at jdk.httpserver/com.sun.net.httpserver.Filter$Chain.doFilter(Filter.java:80)
	at jdk.httpserver/sun.net.httpserver.ServerImpl$Exchange$LinkHandler.handle(ServerImpl.java:692)
	at jdk.httpserver/com.sun.net.httpserver.Filter$Chain.doFilter(Filter.java:77)
	at jdk.httpserver/sun.net.httpserver.ServerImpl$Exchange.run(ServerImpl.java:664)
	at java.base/java.util.concurrent.ThreadPoolExecutor.runWorker(ThreadPoolExecutor.java:1130)
	at java.base/java.util.concurrent.ThreadPoolExecutor$Worker.run(ThreadPoolExecutor.java:630)
	at java.base/java.lang.Thread.run(Thread.java:832)
java.lang.IllegalStateException: Writer not present on this server: z59vuwzfFDp2rjiGZuwjzM6hqBTqi6ZBMe72WdmrWKtHo1SVvjYLNAr
	at peergos.server.space.JdbcUsageStore.getWriterId(JdbcUsageStore.java:179)
	at peergos.server.space.JdbcUsageStore.getOwner(JdbcUsageStore.java:239)
	at peergos.server.space.JdbcUsageStore.getUsage(JdbcUsageStore.java:268)
	at peergos.server.space.SpaceCheckingKeyFilter.prepareMutablePointerChange(SpaceCheckingKeyFilter.java:214)
	at peergos.server.space.SpaceCheckingKeyFilter.accept(SpaceCheckingKeyFilter.java:182)
	at peergos.server.mutable.MutableEventPropagator.lambda$setPointer$0(MutableEventPropagator.java:30)
	at java.base/java.util.concurrent.CompletableFuture.uniApplyNow(CompletableFuture.java:680)
	at java.base/java.util.concurrent.CompletableFuture.uniApplyStage(CompletableFuture.java:658)
	at java.base/java.util.concurrent.CompletableFuture.thenApply(CompletableFuture.java:2158)
	at peergos.server.mutable.MutableEventPropagator.setPointer(MutableEventPropagator.java:26)
	at peergos.server.mutable.PinningMutablePointers.lambda$setPointer$2(PinningMutablePointers.java:52)
	at java.base/java.util.concurrent.CompletableFuture.uniComposeStage(CompletableFuture.java:1183)
	at java.base/java.util.concurrent.CompletableFuture.thenCompose(CompletableFuture.java:2299)
	at peergos.server.mutable.PinningMutablePointers.lambda$setPointer$3(PinningMutablePointers.java:41)
	at java.base/java.util.concurrent.CompletableFuture.uniComposeStage(CompletableFuture.java:1183)
	at java.base/java.util.concurrent.CompletableFuture.thenCompose(CompletableFuture.java:2299)
	at peergos.server.mutable.PinningMutablePointers.setPointer(PinningMutablePointers.java:33)
	at peergos.server.mutable.BlockingMutablePointers.setPointer(BlockingMutablePointers.java:21)
	at peergos.shared.mutable.ProxyingMutablePointers.lambda$setPointer$0(ProxyingMutablePointers.java:30)
	at peergos.shared.corenode.Proxy.lambda$redirectCall$0(Proxy.java:26)
	at java.base/java.util.concurrent.CompletableFuture.uniComposeStage(CompletableFuture.java:1183)
	at java.base/java.util.concurrent.CompletableFuture.thenCompose(CompletableFuture.java:2299)
	at peergos.shared.corenode.Proxy.lambda$redirectCall$1(Proxy.java:19)
	at java.base/java.util.concurrent.CompletableFuture.uniComposeStage(CompletableFuture.java:1183)
	at java.base/java.util.concurrent.CompletableFuture.thenCompose(CompletableFuture.java:2299)
	at peergos.shared.corenode.Proxy.redirectCall(Proxy.java:18)
	at peergos.shared.mutable.ProxyingMutablePointers.setPointer(ProxyingMutablePointers.java:27)
	at peergos.server.net.MutationHandler.handle(MutationHandler.java:60)
	at jdk.httpserver/com.sun.net.httpserver.Filter$Chain.doFilter(Filter.java:77)
	at jdk.httpserver/sun.net.httpserver.AuthFilter.doFilter(AuthFilter.java:82)
	at jdk.httpserver/com.sun.net.httpserver.Filter$Chain.doFilter(Filter.java:80)
	at jdk.httpserver/sun.net.httpserver.ServerImpl$Exchange$LinkHandler.handle(ServerImpl.java:692)
	at jdk.httpserver/com.sun.net.httpserver.Filter$Chain.doFilter(Filter.java:77)
	at jdk.httpserver/sun.net.httpserver.ServerImpl$Exchange.run(ServerImpl.java:664)
	at java.base/java.util.concurrent.ThreadPoolExecutor.runWorker(ThreadPoolExecutor.java:1130)
	at java.base/java.util.concurrent.ThreadPoolExecutor$Worker.run(ThreadPoolExecutor.java:630)
	at java.base/java.lang.Thread.run(Thread.java:832)
java.lang.IllegalStateException: Writer not present on this server: z59vuwzfFDp2rjiGZuwjzM6hqBTqi6ZBMe72WdmrWKtHo1SVvjYLNAr
	at peergos.server.space.JdbcUsageStore.getWriterId(JdbcUsageStore.java:179)
	at peergos.server.space.JdbcUsageStore.getOwner(JdbcUsageStore.java:239)
	at peergos.server.space.JdbcUsageStore.getUsage(JdbcUsageStore.java:268)
	at peergos.server.space.SpaceCheckingKeyFilter.prepareMutablePointerChange(SpaceCheckingKeyFilter.java:214)
	at peergos.server.space.SpaceCheckingKeyFilter.accept(SpaceCheckingKeyFilter.java:182)
	at peergos.server.mutable.MutableEventPropagator.lambda$setPointer$0(MutableEventPropagator.java:30)
	at java.base/java.util.concurrent.CompletableFuture.uniApplyNow(CompletableFuture.java:680)
	at java.base/java.util.concurrent.CompletableFuture.uniApplyStage(CompletableFuture.java:658)
	at java.base/java.util.concurrent.CompletableFuture.thenApply(CompletableFuture.java:2158)
	at peergos.server.mutable.MutableEventPropagator.setPointer(MutableEventPropagator.java:26)
	at peergos.server.mutable.PinningMutablePointers.lambda$setPointer$2(PinningMutablePointers.java:52)
	at java.base/java.util.concurrent.CompletableFuture.uniComposeStage(CompletableFuture.java:1183)
	at java.base/java.util.concurrent.CompletableFuture.thenCompose(CompletableFuture.java:2299)
	at peergos.server.mutable.PinningMutablePointers.lambda$setPointer$3(PinningMutablePointers.java:41)
	at java.base/java.util.concurrent.CompletableFuture.uniComposeStage(CompletableFuture.java:1183)
	at java.base/java.util.concurrent.CompletableFuture.thenCompose(CompletableFuture.java:2299)
	at peergos.server.mutable.PinningMutablePointers.setPointer(PinningMutablePointers.java:33)
	at peergos.server.mutable.BlockingMutablePointers.setPointer(BlockingMutablePointers.java:21)
	at peergos.shared.mutable.ProxyingMutablePointers.lambda$setPointer$0(ProxyingMutablePointers.java:30)
	at peergos.shared.corenode.Proxy.lambda$redirectCall$0(Proxy.java:26)
	at java.base/java.util.concurrent.CompletableFuture.uniComposeStage(CompletableFuture.java:1183)
	at java.base/java.util.concurrent.CompletableFuture.thenCompose(CompletableFuture.java:2299)
	at peergos.shared.corenode.Proxy.lambda$redirectCall$1(Proxy.java:19)
	at java.base/java.util.concurrent.CompletableFuture.uniComposeStage(CompletableFuture.java:1183)
	at java.base/java.util.concurrent.CompletableFuture.thenCompose(CompletableFuture.java:2299)
	at peergos.shared.corenode.Proxy.redirectCall(Proxy.java:18)
	at peergos.shared.mutable.ProxyingMutablePointers.setPointer(ProxyingMutablePointers.java:27)
	at peergos.server.net.MutationHandler.handle(MutationHandler.java:60)
	at jdk.httpserver/com.sun.net.httpserver.Filter$Chain.doFilter(Filter.java:77)
	at jdk.httpserver/sun.net.httpserver.AuthFilter.doFilter(AuthFilter.java:82)
	at jdk.httpserver/com.sun.net.httpserver.Filter$Chain.doFilter(Filter.java:80)
	at jdk.httpserver/sun.net.httpserver.ServerImpl$Exchange$LinkHandler.handle(ServerImpl.java:692)
	at jdk.httpserver/com.sun.net.httpserver.Filter$Chain.doFilter(Filter.java:77)
	at jdk.httpserver/sun.net.httpserver.ServerImpl$Exchange.run(ServerImpl.java:664)
	at java.base/java.util.concurrent.ThreadPoolExecutor.runWorker(ThreadPoolExecutor.java:1130)
	at java.base/java.util.concurrent.ThreadPoolExecutor$Worker.run(ThreadPoolExecutor.java:630)
	at java.base/java.lang.Thread.run(Thread.java:832)
java.lang.IllegalStateException: Writer not present on this server: z59vuwzfFDonj42mW6yMQjCT8zXyn3XYbxiVbT63FWJceBd8TJCYazp
	at peergos.server.space.JdbcUsageStore.getWriterId(JdbcUsageStore.java:179)
	at peergos.server.space.JdbcUsageStore.getOwner(JdbcUsageStore.java:239)
	at peergos.server.space.JdbcUsageStore.getUsage(JdbcUsageStore.java:268)
	at peergos.server.space.SpaceCheckingKeyFilter.prepareMutablePointerChange(SpaceCheckingKeyFilter.java:214)
	at peergos.server.space.SpaceCheckingKeyFilter.accept(SpaceCheckingKeyFilter.java:182)
	at peergos.server.mutable.MutableEventPropagator.lambda$setPointer$0(MutableEventPropagator.java:30)
	at java.base/java.util.concurrent.CompletableFuture.uniApplyNow(CompletableFuture.java:680)
	at java.base/java.util.concurrent.CompletableFuture.uniApplyStage(CompletableFuture.java:658)
	at java.base/java.util.concurrent.CompletableFuture.thenApply(CompletableFuture.java:2158)
	at peergos.server.mutable.MutableEventPropagator.setPointer(MutableEventPropagator.java:26)
	at peergos.server.mutable.PinningMutablePointers.lambda$setPointer$2(PinningMutablePointers.java:52)
	at java.base/java.util.concurrent.CompletableFuture.uniComposeStage(CompletableFuture.java:1183)
	at java.base/java.util.concurrent.CompletableFuture.thenCompose(CompletableFuture.java:2299)
	at peergos.server.mutable.PinningMutablePointers.lambda$setPointer$3(PinningMutablePointers.java:41)
	at java.base/java.util.concurrent.CompletableFuture.uniComposeStage(CompletableFuture.java:1183)
	at java.base/java.util.concurrent.CompletableFuture.thenCompose(CompletableFuture.java:2299)
	at peergos.server.mutable.PinningMutablePointers.setPointer(PinningMutablePointers.java:33)
	at peergos.server.mutable.BlockingMutablePointers.setPointer(BlockingMutablePointers.java:21)
	at peergos.shared.mutable.ProxyingMutablePointers.lambda$setPointer$0(ProxyingMutablePointers.java:30)
	at peergos.shared.corenode.Proxy.lambda$redirectCall$0(Proxy.java:26)
	at java.base/java.util.concurrent.CompletableFuture.uniComposeStage(CompletableFuture.java:1183)
	at java.base/java.util.concurrent.CompletableFuture.thenCompose(CompletableFuture.java:2299)
	at peergos.shared.corenode.Proxy.lambda$redirectCall$1(Proxy.java:19)
	at java.base/java.util.concurrent.CompletableFuture.uniComposeStage(CompletableFuture.java:1183)
	at java.base/java.util.concurrent.CompletableFuture.thenCompose(CompletableFuture.java:2299)
	at peergos.shared.corenode.Proxy.redirectCall(Proxy.java:18)
	at peergos.shared.mutable.ProxyingMutablePointers.setPointer(ProxyingMutablePointers.java:27)
	at peergos.server.net.MutationHandler.handle(MutationHandler.java:60)
	at jdk.httpserver/com.sun.net.httpserver.Filter$Chain.doFilter(Filter.java:77)
	at jdk.httpserver/sun.net.httpserver.AuthFilter.doFilter(AuthFilter.java:82)
	at jdk.httpserver/com.sun.net.httpserver.Filter$Chain.doFilter(Filter.java:80)
	at jdk.httpserver/sun.net.httpserver.ServerImpl$Exchange$LinkHandler.handle(ServerImpl.java:692)
	at jdk.httpserver/com.sun.net.httpserver.Filter$Chain.doFilter(Filter.java:77)
	at jdk.httpserver/sun.net.httpserver.ServerImpl$Exchange.run(ServerImpl.java:664)
	at java.base/java.util.concurrent.ThreadPoolExecutor.runWorker(ThreadPoolExecutor.java:1130)
	at java.base/java.util.concurrent.ThreadPoolExecutor$Worker.run(ThreadPoolExecutor.java:630)
	at java.base/java.lang.Thread.run(Thread.java:832)
java.lang.IllegalStateException: Writer not present on this server: z59vuwzfFDonj42mW6yMQjCT8zXyn3XYbxiVbT63FWJceBd8TJCYazp
	at peergos.server.space.JdbcUsageStore.getWriterId(JdbcUsageStore.java:179)
	at peergos.server.space.JdbcUsageStore.getOwner(JdbcUsageStore.java:239)
	at peergos.server.space.JdbcUsageStore.getUsage(JdbcUsageStore.java:268)
	at peergos.server.space.SpaceCheckingKeyFilter.prepareMutablePointerChange(SpaceCheckingKeyFilter.java:214)
	at peergos.server.space.SpaceCheckingKeyFilter.accept(SpaceCheckingKeyFilter.java:182)
	at peergos.server.mutable.MutableEventPropagator.lambda$setPointer$0(MutableEventPropagator.java:30)
	at java.base/java.util.concurrent.CompletableFuture.uniApplyNow(CompletableFuture.java:680)
	at java.base/java.util.concurrent.CompletableFuture.uniApplyStage(CompletableFuture.java:658)
	at java.base/java.util.concurrent.CompletableFuture.thenApply(CompletableFuture.java:2158)
	at peergos.server.mutable.MutableEventPropagator.setPointer(MutableEventPropagator.java:26)
	at peergos.server.mutable.PinningMutablePointers.lambda$setPointer$2(PinningMutablePointers.java:52)
	at java.base/java.util.concurrent.CompletableFuture.uniComposeStage(CompletableFuture.java:1183)
	at java.base/java.util.concurrent.CompletableFuture.thenCompose(CompletableFuture.java:2299)
	at peergos.server.mutable.PinningMutablePointers.lambda$setPointer$3(PinningMutablePointers.java:41)
	at java.base/java.util.concurrent.CompletableFuture.uniComposeStage(CompletableFuture.java:1183)
	at java.base/java.util.concurrent.CompletableFuture.thenCompose(CompletableFuture.java:2299)
	at peergos.server.mutable.PinningMutablePointers.setPointer(PinningMutablePointers.java:33)
	at peergos.server.mutable.BlockingMutablePointers.setPointer(BlockingMutablePointers.java:21)
	at peergos.shared.mutable.ProxyingMutablePointers.lambda$setPointer$0(ProxyingMutablePointers.java:30)
	at peergos.shared.corenode.Proxy.lambda$redirectCall$0(Proxy.java:26)
	at java.base/java.util.concurrent.CompletableFuture.uniComposeStage(CompletableFuture.java:1183)
	at java.base/java.util.concurrent.CompletableFuture.thenCompose(CompletableFuture.java:2299)
	at peergos.shared.corenode.Proxy.lambda$redirectCall$1(Proxy.java:19)
	at java.base/java.util.concurrent.CompletableFuture.uniComposeStage(CompletableFuture.java:1183)
	at java.base/java.util.concurrent.CompletableFuture.thenCompose(CompletableFuture.java:2299)
	at peergos.shared.corenode.Proxy.redirectCall(Proxy.java:18)
	at peergos.shared.mutable.ProxyingMutablePointers.setPointer(ProxyingMutablePointers.java:27)
	at peergos.server.net.MutationHandler.handle(MutationHandler.java:60)
	at jdk.httpserver/com.sun.net.httpserver.Filter$Chain.doFilter(Filter.java:77)
	at jdk.httpserver/sun.net.httpserver.AuthFilter.doFilter(AuthFilter.java:82)
	at jdk.httpserver/com.sun.net.httpserver.Filter$Chain.doFilter(Filter.java:80)
	at jdk.httpserver/sun.net.httpserver.ServerImpl$Exchange$LinkHandler.handle(ServerImpl.java:692)
	at jdk.httpserver/com.sun.net.httpserver.Filter$Chain.doFilter(Filter.java:77)
	at jdk.httpserver/sun.net.httpserver.ServerImpl$Exchange.run(ServerImpl.java:664)
	at java.base/java.util.concurrent.ThreadPoolExecutor.runWorker(ThreadPoolExecutor.java:1130)
	at java.base/java.util.concurrent.ThreadPoolExecutor$Worker.run(ThreadPoolExecutor.java:630)
	at java.base/java.lang.Thread.run(Thread.java:832)
java.lang.IllegalStateException: Writer not present on this server: z59vuwzfFDopr36f9yj8e8cx6cBXZb3eezwSm6QxiAxRpN8Ky2pNXWp
	at peergos.server.space.JdbcUsageStore.getWriterId(JdbcUsageStore.java:179)
	at peergos.server.space.JdbcUsageStore.getOwner(JdbcUsageStore.java:239)
	at peergos.server.space.JdbcUsageStore.getUsage(JdbcUsageStore.java:268)
	at peergos.server.space.SpaceCheckingKeyFilter.prepareMutablePointerChange(SpaceCheckingKeyFilter.java:214)
	at peergos.server.space.SpaceCheckingKeyFilter.accept(SpaceCheckingKeyFilter.java:182)
	at peergos.server.mutable.MutableEventPropagator.lambda$setPointer$0(MutableEventPropagator.java:30)
	at java.base/java.util.concurrent.CompletableFuture.uniApplyNow(CompletableFuture.java:680)
	at java.base/java.util.concurrent.CompletableFuture.uniApplyStage(CompletableFuture.java:658)
	at java.base/java.util.concurrent.CompletableFuture.thenApply(CompletableFuture.java:2158)
	at peergos.server.mutable.MutableEventPropagator.setPointer(MutableEventPropagator.java:26)
	at peergos.server.mutable.PinningMutablePointers.lambda$setPointer$2(PinningMutablePointers.java:52)
	at java.base/java.util.concurrent.CompletableFuture.uniComposeStage(CompletableFuture.java:1183)
	at java.base/java.util.concurrent.CompletableFuture.thenCompose(CompletableFuture.java:2299)
	at peergos.server.mutable.PinningMutablePointers.lambda$setPointer$3(PinningMutablePointers.java:41)
	at java.base/java.util.concurrent.CompletableFuture.uniComposeStage(CompletableFuture.java:1183)
	at java.base/java.util.concurrent.CompletableFuture.thenCompose(CompletableFuture.java:2299)
	at peergos.server.mutable.PinningMutablePointers.setPointer(PinningMutablePointers.java:33)
	at peergos.server.mutable.BlockingMutablePointers.setPointer(BlockingMutablePointers.java:21)
	at peergos.shared.mutable.ProxyingMutablePointers.lambda$setPointer$0(ProxyingMutablePointers.java:30)
	at peergos.shared.corenode.Proxy.lambda$redirectCall$0(Proxy.java:26)
	at java.base/java.util.concurrent.CompletableFuture.uniComposeStage(CompletableFuture.java:1183)
	at java.base/java.util.concurrent.CompletableFuture.thenCompose(CompletableFuture.java:2299)
	at peergos.shared.corenode.Proxy.lambda$redirectCall$1(Proxy.java:19)
	at java.base/java.util.concurrent.CompletableFuture.uniComposeStage(CompletableFuture.java:1183)
	at java.base/java.util.concurrent.CompletableFuture.thenCompose(CompletableFuture.java:2299)
	at peergos.shared.corenode.Proxy.redirectCall(Proxy.java:18)
	at peergos.shared.mutable.ProxyingMutablePointers.setPointer(ProxyingMutablePointers.java:27)
	at peergos.server.net.MutationHandler.handle(MutationHandler.java:60)
	at jdk.httpserver/com.sun.net.httpserver.Filter$Chain.doFilter(Filter.java:77)
	at jdk.httpserver/sun.net.httpserver.AuthFilter.doFilter(AuthFilter.java:82)
	at jdk.httpserver/com.sun.net.httpserver.Filter$Chain.doFilter(Filter.java:80)
	at jdk.httpserver/sun.net.httpserver.ServerImpl$Exchange$LinkHandler.handle(ServerImpl.java:692)
	at jdk.httpserver/com.sun.net.httpserver.Filter$Chain.doFilter(Filter.java:77)
	at jdk.httpserver/sun.net.httpserver.ServerImpl$Exchange.run(ServerImpl.java:664)
	at java.base/java.util.concurrent.ThreadPoolExecutor.runWorker(ThreadPoolExecutor.java:1130)
	at java.base/java.util.concurrent.ThreadPoolExecutor$Worker.run(ThreadPoolExecutor.java:630)
	at java.base/java.lang.Thread.run(Thread.java:832)
java.lang.IllegalStateException: Writer not present on this server: z59vuwzfFDopr36f9yj8e8cx6cBXZb3eezwSm6QxiAxRpN8Ky2pNXWp
	at peergos.server.space.JdbcUsageStore.getWriterId(JdbcUsageStore.java:179)
	at peergos.server.space.JdbcUsageStore.getOwner(JdbcUsageStore.java:239)
	at peergos.server.space.JdbcUsageStore.getUsage(JdbcUsageStore.java:268)
	at peergos.server.space.SpaceCheckingKeyFilter.prepareMutablePointerChange(SpaceCheckingKeyFilter.java:214)
	at peergos.server.space.SpaceCheckingKeyFilter.accept(SpaceCheckingKeyFilter.java:182)
	at peergos.server.mutable.MutableEventPropagator.lambda$setPointer$0(MutableEventPropagator.java:30)
	at java.base/java.util.concurrent.CompletableFuture.uniApplyNow(CompletableFuture.java:680)
	at java.base/java.util.concurrent.CompletableFuture.uniApplyStage(CompletableFuture.java:658)
	at java.base/java.util.concurrent.CompletableFuture.thenApply(CompletableFuture.java:2158)
	at peergos.server.mutable.MutableEventPropagator.setPointer(MutableEventPropagator.java:26)
	at peergos.server.mutable.PinningMutablePointers.lambda$setPointer$2(PinningMutablePointers.java:52)
	at java.base/java.util.concurrent.CompletableFuture.uniComposeStage(CompletableFuture.java:1183)
	at java.base/java.util.concurrent.CompletableFuture.thenCompose(CompletableFuture.java:2299)
	at peergos.server.mutable.PinningMutablePointers.lambda$setPointer$3(PinningMutablePointers.java:41)
	at java.base/java.util.concurrent.CompletableFuture.uniComposeStage(CompletableFuture.java:1183)
	at java.base/java.util.concurrent.CompletableFuture.thenCompose(CompletableFuture.java:2299)
	at peergos.server.mutable.PinningMutablePointers.setPointer(PinningMutablePointers.java:33)
	at peergos.server.mutable.BlockingMutablePointers.setPointer(BlockingMutablePointers.java:21)
	at peergos.shared.mutable.ProxyingMutablePointers.lambda$setPointer$0(ProxyingMutablePointers.java:30)
	at peergos.shared.corenode.Proxy.lambda$redirectCall$0(Proxy.java:26)
	at java.base/java.util.concurrent.CompletableFuture.uniComposeStage(CompletableFuture.java:1183)
	at java.base/java.util.concurrent.CompletableFuture.thenCompose(CompletableFuture.java:2299)
	at peergos.shared.corenode.Proxy.lambda$redirectCall$1(Proxy.java:19)
	at java.base/java.util.concurrent.CompletableFuture.uniComposeStage(CompletableFuture.java:1183)
	at java.base/java.util.concurrent.CompletableFuture.thenCompose(CompletableFuture.java:2299)
	at peergos.shared.corenode.Proxy.redirectCall(Proxy.java:18)
	at peergos.shared.mutable.ProxyingMutablePointers.setPointer(ProxyingMutablePointers.java:27)
	at peergos.server.net.MutationHandler.handle(MutationHandler.java:60)
	at jdk.httpserver/com.sun.net.httpserver.Filter$Chain.doFilter(Filter.java:77)
	at jdk.httpserver/sun.net.httpserver.AuthFilter.doFilter(AuthFilter.java:82)
	at jdk.httpserver/com.sun.net.httpserver.Filter$Chain.doFilter(Filter.java:80)
	at jdk.httpserver/sun.net.httpserver.ServerImpl$Exchange$LinkHandler.handle(ServerImpl.java:692)
	at jdk.httpserver/com.sun.net.httpserver.Filter$Chain.doFilter(Filter.java:77)
	at jdk.httpserver/sun.net.httpserver.ServerImpl$Exchange.run(ServerImpl.java:664)
	at java.base/java.util.concurrent.ThreadPoolExecutor.runWorker(ThreadPoolExecutor.java:1130)
	at java.base/java.util.concurrent.ThreadPoolExecutor$Worker.run(ThreadPoolExecutor.java:630)
	at java.base/java.lang.Thread.run(Thread.java:832)
java.lang.IllegalStateException: Writer not present on this server: z59vuwzfFDonj42mW6yMQjCT8zXyn3XYbxiVbT63FWJceBd8TJCYazp
	at peergos.server.space.JdbcUsageStore.getWriterId(JdbcUsageStore.java:179)
	at peergos.server.space.JdbcUsageStore.getOwner(JdbcUsageStore.java:239)
	at peergos.server.space.JdbcUsageStore.getUsage(JdbcUsageStore.java:268)
	at peergos.server.space.SpaceCheckingKeyFilter.prepareMutablePointerChange(SpaceCheckingKeyFilter.java:214)
	at peergos.server.space.SpaceCheckingKeyFilter.accept(SpaceCheckingKeyFilter.java:182)
	at peergos.server.mutable.MutableEventPropagator.lambda$setPointer$0(MutableEventPropagator.java:30)
	at java.base/java.util.concurrent.CompletableFuture.uniApplyNow(CompletableFuture.java:680)
	at java.base/java.util.concurrent.CompletableFuture.uniApplyStage(CompletableFuture.java:658)
	at java.base/java.util.concurrent.CompletableFuture.thenApply(CompletableFuture.java:2158)
	at peergos.server.mutable.MutableEventPropagator.setPointer(MutableEventPropagator.java:26)
	at peergos.server.mutable.PinningMutablePointers.lambda$setPointer$2(PinningMutablePointers.java:52)
	at java.base/java.util.concurrent.CompletableFuture.uniComposeStage(CompletableFuture.java:1183)
	at java.base/java.util.concurrent.CompletableFuture.thenCompose(CompletableFuture.java:2299)
	at peergos.server.mutable.PinningMutablePointers.lambda$setPointer$3(PinningMutablePointers.java:41)
	at java.base/java.util.concurrent.CompletableFuture.uniComposeStage(CompletableFuture.java:1183)
	at java.base/java.util.concurrent.CompletableFuture.thenCompose(CompletableFuture.java:2299)
	at peergos.server.mutable.PinningMutablePointers.setPointer(PinningMutablePointers.java:33)
	at peergos.server.mutable.BlockingMutablePointers.setPointer(BlockingMutablePointers.java:21)
	at peergos.shared.mutable.ProxyingMutablePointers.lambda$setPointer$0(ProxyingMutablePointers.java:30)
	at peergos.shared.corenode.Proxy.lambda$redirectCall$0(Proxy.java:26)
	at java.base/java.util.concurrent.CompletableFuture.uniComposeStage(CompletableFuture.java:1183)
	at java.base/java.util.concurrent.CompletableFuture.thenCompose(CompletableFuture.java:2299)
	at peergos.shared.corenode.Proxy.lambda$redirectCall$1(Proxy.java:19)
	at java.base/java.util.concurrent.CompletableFuture.uniComposeStage(CompletableFuture.java:1183)
	at java.base/java.util.concurrent.CompletableFuture.thenCompose(CompletableFuture.java:2299)
	at peergos.shared.corenode.Proxy.redirectCall(Proxy.java:18)
	at peergos.shared.mutable.ProxyingMutablePointers.setPointer(ProxyingMutablePointers.java:27)
	at peergos.server.net.MutationHandler.handle(MutationHandler.java:60)
	at jdk.httpserver/com.sun.net.httpserver.Filter$Chain.doFilter(Filter.java:77)
	at jdk.httpserver/sun.net.httpserver.AuthFilter.doFilter(AuthFilter.java:82)
	at jdk.httpserver/com.sun.net.httpserver.Filter$Chain.doFilter(Filter.java:80)
	at jdk.httpserver/sun.net.httpserver.ServerImpl$Exchange$LinkHandler.handle(ServerImpl.java:692)
	at jdk.httpserver/com.sun.net.httpserver.Filter$Chain.doFilter(Filter.java:77)
	at jdk.httpserver/sun.net.httpserver.ServerImpl$Exchange.run(ServerImpl.java:664)
	at java.base/java.util.concurrent.ThreadPoolExecutor.runWorker(ThreadPoolExecutor.java:1130)
	at java.base/java.util.concurrent.ThreadPoolExecutor$Worker.run(ThreadPoolExecutor.java:630)
	at java.base/java.lang.Thread.run(Thread.java:832)
java.lang.IllegalStateException: Writer not present on this server: z59vuwzfFDopr36f9yj8e8cx6cBXZb3eezwSm6QxiAxRpN8Ky2pNXWp
	at peergos.server.space.JdbcUsageStore.getWriterId(JdbcUsageStore.java:179)
	at peergos.server.space.JdbcUsageStore.getOwner(JdbcUsageStore.java:239)
	at peergos.server.space.JdbcUsageStore.getUsage(JdbcUsageStore.java:268)
	at peergos.server.space.SpaceCheckingKeyFilter.prepareMutablePointerChange(SpaceCheckingKeyFilter.java:214)
	at peergos.server.space.SpaceCheckingKeyFilter.accept(SpaceCheckingKeyFilter.java:182)
	at peergos.server.mutable.MutableEventPropagator.lambda$setPointer$0(MutableEventPropagator.java:30)
	at java.base/java.util.concurrent.CompletableFuture.uniApplyNow(CompletableFuture.java:680)
	at java.base/java.util.concurrent.CompletableFuture.uniApplyStage(CompletableFuture.java:658)
	at java.base/java.util.concurrent.CompletableFuture.thenApply(CompletableFuture.java:2158)
	at peergos.server.mutable.MutableEventPropagator.setPointer(MutableEventPropagator.java:26)
	at peergos.server.mutable.PinningMutablePointers.lambda$setPointer$2(PinningMutablePointers.java:52)
	at java.base/java.util.concurrent.CompletableFuture.uniComposeStage(CompletableFuture.java:1183)
	at java.base/java.util.concurrent.CompletableFuture.thenCompose(CompletableFuture.java:2299)
	at peergos.server.mutable.PinningMutablePointers.lambda$setPointer$3(PinningMutablePointers.java:41)
	at java.base/java.util.concurrent.CompletableFuture.uniComposeStage(CompletableFuture.java:1183)
	at java.base/java.util.concurrent.CompletableFuture.thenCompose(CompletableFuture.java:2299)
	at peergos.server.mutable.PinningMutablePointers.setPointer(PinningMutablePointers.java:33)
	at peergos.server.mutable.BlockingMutablePointers.setPointer(BlockingMutablePointers.java:21)
	at peergos.shared.mutable.ProxyingMutablePointers.lambda$setPointer$0(ProxyingMutablePointers.java:30)
	at peergos.shared.corenode.Proxy.lambda$redirectCall$0(Proxy.java:26)
	at java.base/java.util.concurrent.CompletableFuture.uniComposeStage(CompletableFuture.java:1183)
	at java.base/java.util.concurrent.CompletableFuture.thenCompose(CompletableFuture.java:2299)
	at peergos.shared.corenode.Proxy.lambda$redirectCall$1(Proxy.java:19)
	at java.base/java.util.concurrent.CompletableFuture.uniComposeStage(CompletableFuture.java:1183)
	at java.base/java.util.concurrent.CompletableFuture.thenCompose(CompletableFuture.java:2299)
	at peergos.shared.corenode.Proxy.redirectCall(Proxy.java:18)
	at peergos.shared.mutable.ProxyingMutablePointers.setPointer(ProxyingMutablePointers.java:27)
	at peergos.server.net.MutationHandler.handle(MutationHandler.java:60)
	at jdk.httpserver/com.sun.net.httpserver.Filter$Chain.doFilter(Filter.java:77)
	at jdk.httpserver/sun.net.httpserver.AuthFilter.doFilter(AuthFilter.java:82)
	at jdk.httpserver/com.sun.net.httpserver.Filter$Chain.doFilter(Filter.java:80)
	at jdk.httpserver/sun.net.httpserver.ServerImpl$Exchange$LinkHandler.handle(ServerImpl.java:692)
	at jdk.httpserver/com.sun.net.httpserver.Filter$Chain.doFilter(Filter.java:77)
	at jdk.httpserver/sun.net.httpserver.ServerImpl$Exchange.run(ServerImpl.java:664)
	at java.base/java.util.concurrent.ThreadPoolExecutor.runWorker(ThreadPoolExecutor.java:1130)
	at java.base/java.util.concurrent.ThreadPoolExecutor$Worker.run(ThreadPoolExecutor.java:630)
	at java.base/java.lang.Thread.run(Thread.java:832)
java.lang.IllegalStateException: Writer not present on this server: z59vuwzfFDopr36f9yj8e8cx6cBXZb3eezwSm6QxiAxRpN8Ky2pNXWp
	at peergos.server.space.JdbcUsageStore.getWriterId(JdbcUsageStore.java:179)
	at peergos.server.space.JdbcUsageStore.getOwner(JdbcUsageStore.java:239)
	at peergos.server.space.JdbcUsageStore.getUsage(JdbcUsageStore.java:268)
	at peergos.server.space.SpaceCheckingKeyFilter.prepareMutablePointerChange(SpaceCheckingKeyFilter.java:214)
	at peergos.server.space.SpaceCheckingKeyFilter.accept(SpaceCheckingKeyFilter.java:182)
	at peergos.server.mutable.MutableEventPropagator.lambda$setPointer$0(MutableEventPropagator.java:30)
	at java.base/java.util.concurrent.CompletableFuture.uniApplyNow(CompletableFuture.java:680)
	at java.base/java.util.concurrent.CompletableFuture.uniApplyStage(CompletableFuture.java:658)
	at java.base/java.util.concurrent.CompletableFuture.thenApply(CompletableFuture.java:2158)
	at peergos.server.mutable.MutableEventPropagator.setPointer(MutableEventPropagator.java:26)
	at peergos.server.mutable.PinningMutablePointers.lambda$setPointer$2(PinningMutablePointers.java:52)
	at java.base/java.util.concurrent.CompletableFuture.uniComposeStage(CompletableFuture.java:1183)
	at java.base/java.util.concurrent.CompletableFuture.thenCompose(CompletableFuture.java:2299)
	at peergos.server.mutable.PinningMutablePointers.lambda$setPointer$3(PinningMutablePointers.java:41)
	at java.base/java.util.concurrent.CompletableFuture.uniComposeStage(CompletableFuture.java:1183)
	at java.base/java.util.concurrent.CompletableFuture.thenCompose(CompletableFuture.java:2299)
	at peergos.server.mutable.PinningMutablePointers.setPointer(PinningMutablePointers.java:33)
	at peergos.server.mutable.BlockingMutablePointers.setPointer(BlockingMutablePointers.java:21)
	at peergos.shared.mutable.ProxyingMutablePointers.lambda$setPointer$0(ProxyingMutablePointers.java:30)
	at peergos.shared.corenode.Proxy.lambda$redirectCall$0(Proxy.java:26)
	at java.base/java.util.concurrent.CompletableFuture.uniComposeStage(CompletableFuture.java:1183)
	at java.base/java.util.concurrent.CompletableFuture.thenCompose(CompletableFuture.java:2299)
	at peergos.shared.corenode.Proxy.lambda$redirectCall$1(Proxy.java:19)
	at java.base/java.util.concurrent.CompletableFuture.uniComposeStage(CompletableFuture.java:1183)
	at java.base/java.util.concurrent.CompletableFuture.thenCompose(CompletableFuture.java:2299)
	at peergos.shared.corenode.Proxy.redirectCall(Proxy.java:18)
	at peergos.shared.mutable.ProxyingMutablePointers.setPointer(ProxyingMutablePointers.java:27)
	at peergos.server.net.MutationHandler.handle(MutationHandler.java:60)
	at jdk.httpserver/com.sun.net.httpserver.Filter$Chain.doFilter(Filter.java:77)
	at jdk.httpserver/sun.net.httpserver.AuthFilter.doFilter(AuthFilter.java:82)
	at jdk.httpserver/com.sun.net.httpserver.Filter$Chain.doFilter(Filter.java:80)
	at jdk.httpserver/sun.net.httpserver.ServerImpl$Exchange$LinkHandler.handle(ServerImpl.java:692)
	at jdk.httpserver/com.sun.net.httpserver.Filter$Chain.doFilter(Filter.java:77)
	at jdk.httpserver/sun.net.httpserver.ServerImpl$Exchange.run(ServerImpl.java:664)
	at java.base/java.util.concurrent.ThreadPoolExecutor.runWorker(ThreadPoolExecutor.java:1130)
	at java.base/java.util.concurrent.ThreadPoolExecutor$Worker.run(ThreadPoolExecutor.java:630)
	at java.base/java.lang.Thread.run(Thread.java:832)
java.lang.IllegalStateException: Writer not present on this server: z59vuwzfFDopr36f9yj8e8cx6cBXZb3eezwSm6QxiAxRpN8Ky2pNXWp
	at peergos.server.space.JdbcUsageStore.getWriterId(JdbcUsageStore.java:179)
	at peergos.server.space.JdbcUsageStore.getOwner(JdbcUsageStore.java:239)
	at peergos.server.space.JdbcUsageStore.getUsage(JdbcUsageStore.java:268)
	at peergos.server.space.SpaceCheckingKeyFilter.prepareMutablePointerChange(SpaceCheckingKeyFilter.java:214)
	at peergos.server.space.SpaceCheckingKeyFilter.accept(SpaceCheckingKeyFilter.java:182)
	at peergos.server.mutable.MutableEventPropagator.lambda$setPointer$0(MutableEventPropagator.java:30)
	at java.base/java.util.concurrent.CompletableFuture.uniApplyNow(CompletableFuture.java:680)
	at java.base/java.util.concurrent.CompletableFuture.uniApplyStage(CompletableFuture.java:658)
	at java.base/java.util.concurrent.CompletableFuture.thenApply(CompletableFuture.java:2158)
	at peergos.server.mutable.MutableEventPropagator.setPointer(MutableEventPropagator.java:26)
	at peergos.server.mutable.PinningMutablePointers.lambda$setPointer$2(PinningMutablePointers.java:52)
	at java.base/java.util.concurrent.CompletableFuture.uniComposeStage(CompletableFuture.java:1183)
	at java.base/java.util.concurrent.CompletableFuture.thenCompose(CompletableFuture.java:2299)
	at peergos.server.mutable.PinningMutablePointers.lambda$setPointer$3(PinningMutablePointers.java:41)
	at java.base/java.util.concurrent.CompletableFuture.uniComposeStage(CompletableFuture.java:1183)
	at java.base/java.util.concurrent.CompletableFuture.thenCompose(CompletableFuture.java:2299)
	at peergos.server.mutable.PinningMutablePointers.setPointer(PinningMutablePointers.java:33)
	at peergos.server.mutable.BlockingMutablePointers.setPointer(BlockingMutablePointers.java:21)
	at peergos.shared.mutable.ProxyingMutablePointers.lambda$setPointer$0(ProxyingMutablePointers.java:30)
	at peergos.shared.corenode.Proxy.lambda$redirectCall$0(Proxy.java:26)
	at java.base/java.util.concurrent.CompletableFuture.uniComposeStage(CompletableFuture.java:1183)
	at java.base/java.util.concurrent.CompletableFuture.thenCompose(CompletableFuture.java:2299)
	at peergos.shared.corenode.Proxy.lambda$redirectCall$1(Proxy.java:19)
	at java.base/java.util.concurrent.CompletableFuture.uniComposeStage(CompletableFuture.java:1183)
	at java.base/java.util.concurrent.CompletableFuture.thenCompose(CompletableFuture.java:2299)
	at peergos.shared.corenode.Proxy.redirectCall(Proxy.java:18)
	at peergos.shared.mutable.ProxyingMutablePointers.setPointer(ProxyingMutablePointers.java:27)
	at peergos.server.net.MutationHandler.handle(MutationHandler.java:60)
	at jdk.httpserver/com.sun.net.httpserver.Filter$Chain.doFilter(Filter.java:77)
	at jdk.httpserver/sun.net.httpserver.AuthFilter.doFilter(AuthFilter.java:82)
	at jdk.httpserver/com.sun.net.httpserver.Filter$Chain.doFilter(Filter.java:80)
	at jdk.httpserver/sun.net.httpserver.ServerImpl$Exchange$LinkHandler.handle(ServerImpl.java:692)
	at jdk.httpserver/com.sun.net.httpserver.Filter$Chain.doFilter(Filter.java:77)
	at jdk.httpserver/sun.net.httpserver.ServerImpl$Exchange.run(ServerImpl.java:664)
	at java.base/java.util.concurrent.ThreadPoolExecutor.runWorker(ThreadPoolExecutor.java:1130)
	at java.base/java.util.concurrent.ThreadPoolExecutor$Worker.run(ThreadPoolExecutor.java:630)
	at java.base/java.lang.Thread.run(Thread.java:832)
java.lang.IllegalStateException: Writer not present on this server: z59vuwzfFDopr36f9yj8e8cx6cBXZb3eezwSm6QxiAxRpN8Ky2pNXWp
	at peergos.server.space.JdbcUsageStore.getWriterId(JdbcUsageStore.java:179)
	at peergos.server.space.JdbcUsageStore.getOwner(JdbcUsageStore.java:239)
	at peergos.server.space.JdbcUsageStore.getUsage(JdbcUsageStore.java:268)
	at peergos.server.space.SpaceCheckingKeyFilter.prepareMutablePointerChange(SpaceCheckingKeyFilter.java:214)
	at peergos.server.space.SpaceCheckingKeyFilter.accept(SpaceCheckingKeyFilter.java:182)
	at peergos.server.mutable.MutableEventPropagator.lambda$setPointer$0(MutableEventPropagator.java:30)
	at java.base/java.util.concurrent.CompletableFuture.uniApplyNow(CompletableFuture.java:680)
	at java.base/java.util.concurrent.CompletableFuture.uniApplyStage(CompletableFuture.java:658)
	at java.base/java.util.concurrent.CompletableFuture.thenApply(CompletableFuture.java:2158)
	at peergos.server.mutable.MutableEventPropagator.setPointer(MutableEventPropagator.java:26)
	at peergos.server.mutable.PinningMutablePointers.lambda$setPointer$2(PinningMutablePointers.java:52)
	at java.base/java.util.concurrent.CompletableFuture.uniComposeStage(CompletableFuture.java:1183)
	at java.base/java.util.concurrent.CompletableFuture.thenCompose(CompletableFuture.java:2299)
	at peergos.server.mutable.PinningMutablePointers.lambda$setPointer$3(PinningMutablePointers.java:41)
	at java.base/java.util.concurrent.CompletableFuture.uniComposeStage(CompletableFuture.java:1183)
	at java.base/java.util.concurrent.CompletableFuture.thenCompose(CompletableFuture.java:2299)
	at peergos.server.mutable.PinningMutablePointers.setPointer(PinningMutablePointers.java:33)
	at peergos.server.mutable.BlockingMutablePointers.setPointer(BlockingMutablePointers.java:21)
	at peergos.shared.mutable.ProxyingMutablePointers.lambda$setPointer$0(ProxyingMutablePointers.java:30)
	at peergos.shared.corenode.Proxy.lambda$redirectCall$0(Proxy.java:26)
	at java.base/java.util.concurrent.CompletableFuture.uniComposeStage(CompletableFuture.java:1183)
	at java.base/java.util.concurrent.CompletableFuture.thenCompose(CompletableFuture.java:2299)
	at peergos.shared.corenode.Proxy.lambda$redirectCall$1(Proxy.java:19)
	at java.base/java.util.concurrent.CompletableFuture.uniComposeStage(CompletableFuture.java:1183)
	at java.base/java.util.concurrent.CompletableFuture.thenCompose(CompletableFuture.java:2299)
	at peergos.shared.corenode.Proxy.redirectCall(Proxy.java:18)
	at peergos.shared.mutable.ProxyingMutablePointers.setPointer(ProxyingMutablePointers.java:27)
	at peergos.server.net.MutationHandler.handle(MutationHandler.java:60)
	at jdk.httpserver/com.sun.net.httpserver.Filter$Chain.doFilter(Filter.java:77)
	at jdk.httpserver/sun.net.httpserver.AuthFilter.doFilter(AuthFilter.java:82)
	at jdk.httpserver/com.sun.net.httpserver.Filter$Chain.doFilter(Filter.java:80)
	at jdk.httpserver/sun.net.httpserver.ServerImpl$Exchange$LinkHandler.handle(ServerImpl.java:692)
	at jdk.httpserver/com.sun.net.httpserver.Filter$Chain.doFilter(Filter.java:77)
	at jdk.httpserver/sun.net.httpserver.ServerImpl$Exchange.run(ServerImpl.java:664)
	at java.base/java.util.concurrent.ThreadPoolExecutor.runWorker(ThreadPoolExecutor.java:1130)
	at java.base/java.util.concurrent.ThreadPoolExecutor$Worker.run(ThreadPoolExecutor.java:630)
	at java.base/java.lang.Thread.run(Thread.java:832)
java.lang.IllegalStateException: Writer not present on this server: z59vuwzfFDopr36f9yj8e8cx6cBXZb3eezwSm6QxiAxRpN8Ky2pNXWp
	at peergos.server.space.JdbcUsageStore.getWriterId(JdbcUsageStore.java:179)
	at peergos.server.space.JdbcUsageStore.getOwner(JdbcUsageStore.java:239)
	at peergos.server.space.JdbcUsageStore.getUsage(JdbcUsageStore.java:268)
	at peergos.server.space.SpaceCheckingKeyFilter.prepareMutablePointerChange(SpaceCheckingKeyFilter.java:214)
	at peergos.server.space.SpaceCheckingKeyFilter.accept(SpaceCheckingKeyFilter.java:182)
	at peergos.server.mutable.MutableEventPropagator.lambda$setPointer$0(MutableEventPropagator.java:30)
	at java.base/java.util.concurrent.CompletableFuture.uniApplyNow(CompletableFuture.java:680)
	at java.base/java.util.concurrent.CompletableFuture.uniApplyStage(CompletableFuture.java:658)
	at java.base/java.util.concurrent.CompletableFuture.thenApply(CompletableFuture.java:2158)
	at peergos.server.mutable.MutableEventPropagator.setPointer(MutableEventPropagator.java:26)
	at peergos.server.mutable.PinningMutablePointers.lambda$setPointer$2(PinningMutablePointers.java:52)
	at java.base/java.util.concurrent.CompletableFuture.uniComposeStage(CompletableFuture.java:1183)
	at java.base/java.util.concurrent.CompletableFuture.thenCompose(CompletableFuture.java:2299)
	at peergos.server.mutable.PinningMutablePointers.lambda$setPointer$3(PinningMutablePointers.java:41)
	at java.base/java.util.concurrent.CompletableFuture.uniComposeStage(CompletableFuture.java:1183)
	at java.base/java.util.concurrent.CompletableFuture.thenCompose(CompletableFuture.java:2299)
	at peergos.server.mutable.PinningMutablePointers.setPointer(PinningMutablePointers.java:33)
	at peergos.server.mutable.BlockingMutablePointers.setPointer(BlockingMutablePointers.java:21)
	at peergos.shared.mutable.ProxyingMutablePointers.lambda$setPointer$0(ProxyingMutablePointers.java:30)
	at peergos.shared.corenode.Proxy.lambda$redirectCall$0(Proxy.java:26)
	at java.base/java.util.concurrent.CompletableFuture.uniComposeStage(CompletableFuture.java:1183)
	at java.base/java.util.concurrent.CompletableFuture.thenCompose(CompletableFuture.java:2299)
	at peergos.shared.corenode.Proxy.lambda$redirectCall$1(Proxy.java:19)
	at java.base/java.util.concurrent.CompletableFuture.uniComposeStage(CompletableFuture.java:1183)
	at java.base/java.util.concurrent.CompletableFuture.thenCompose(CompletableFuture.java:2299)
	at peergos.shared.corenode.Proxy.redirectCall(Proxy.java:18)
	at peergos.shared.mutable.ProxyingMutablePointers.setPointer(ProxyingMutablePointers.java:27)
	at peergos.server.net.MutationHandler.handle(MutationHandler.java:60)
	at jdk.httpserver/com.sun.net.httpserver.Filter$Chain.doFilter(Filter.java:77)
	at jdk.httpserver/sun.net.httpserver.AuthFilter.doFilter(AuthFilter.java:82)
	at jdk.httpserver/com.sun.net.httpserver.Filter$Chain.doFilter(Filter.java:80)
	at jdk.httpserver/sun.net.httpserver.ServerImpl$Exchange$LinkHandler.handle(ServerImpl.java:692)
	at jdk.httpserver/com.sun.net.httpserver.Filter$Chain.doFilter(Filter.java:77)
	at jdk.httpserver/sun.net.httpserver.ServerImpl$Exchange.run(ServerImpl.java:664)
	at java.base/java.util.concurrent.ThreadPoolExecutor.runWorker(ThreadPoolExecutor.java:1130)
	at java.base/java.util.concurrent.ThreadPoolExecutor$Worker.run(ThreadPoolExecutor.java:630)
	at java.base/java.lang.Thread.run(Thread.java:832)
java.lang.IllegalStateException: Writer not present on this server: z59vuwzfFDopr36f9yj8e8cx6cBXZb3eezwSm6QxiAxRpN8Ky2pNXWp
	at peergos.server.space.JdbcUsageStore.getWriterId(JdbcUsageStore.java:179)
	at peergos.server.space.JdbcUsageStore.getOwner(JdbcUsageStore.java:239)
	at peergos.server.space.JdbcUsageStore.getUsage(JdbcUsageStore.java:268)
	at peergos.server.space.SpaceCheckingKeyFilter.prepareMutablePointerChange(SpaceCheckingKeyFilter.java:214)
	at peergos.server.space.SpaceCheckingKeyFilter.accept(SpaceCheckingKeyFilter.java:182)
	at peergos.server.mutable.MutableEventPropagator.lambda$setPointer$0(MutableEventPropagator.java:30)
	at java.base/java.util.concurrent.CompletableFuture.uniApplyNow(CompletableFuture.java:680)
	at java.base/java.util.concurrent.CompletableFuture.uniApplyStage(CompletableFuture.java:658)
	at java.base/java.util.concurrent.CompletableFuture.thenApply(CompletableFuture.java:2158)
	at peergos.server.mutable.MutableEventPropagator.setPointer(MutableEventPropagator.java:26)
	at peergos.server.mutable.PinningMutablePointers.lambda$setPointer$2(PinningMutablePointers.java:52)
	at java.base/java.util.concurrent.CompletableFuture.uniComposeStage(CompletableFuture.java:1183)
	at java.base/java.util.concurrent.CompletableFuture.thenCompose(CompletableFuture.java:2299)
	at peergos.server.mutable.PinningMutablePointers.lambda$setPointer$3(PinningMutablePointers.java:41)
	at java.base/java.util.concurrent.CompletableFuture.uniComposeStage(CompletableFuture.java:1183)
	at java.base/java.util.concurrent.CompletableFuture.thenCompose(CompletableFuture.java:2299)
	at peergos.server.mutable.PinningMutablePointers.setPointer(PinningMutablePointers.java:33)
	at peergos.server.mutable.BlockingMutablePointers.setPointer(BlockingMutablePointers.java:21)
	at peergos.shared.mutable.ProxyingMutablePointers.lambda$setPointer$0(ProxyingMutablePointers.java:30)
	at peergos.shared.corenode.Proxy.lambda$redirectCall$0(Proxy.java:26)
	at java.base/java.util.concurrent.CompletableFuture.uniComposeStage(CompletableFuture.java:1183)
	at java.base/java.util.concurrent.CompletableFuture.thenCompose(CompletableFuture.java:2299)
	at peergos.shared.corenode.Proxy.lambda$redirectCall$1(Proxy.java:19)
	at java.base/java.util.concurrent.CompletableFuture.uniComposeStage(CompletableFuture.java:1183)
	at java.base/java.util.concurrent.CompletableFuture.thenCompose(CompletableFuture.java:2299)
	at peergos.shared.corenode.Proxy.redirectCall(Proxy.java:18)
	at peergos.shared.mutable.ProxyingMutablePointers.setPointer(ProxyingMutablePointers.java:27)
	at peergos.server.net.MutationHandler.handle(MutationHandler.java:60)
	at jdk.httpserver/com.sun.net.httpserver.Filter$Chain.doFilter(Filter.java:77)
	at jdk.httpserver/sun.net.httpserver.AuthFilter.doFilter(AuthFilter.java:82)
	at jdk.httpserver/com.sun.net.httpserver.Filter$Chain.doFilter(Filter.java:80)
	at jdk.httpserver/sun.net.httpserver.ServerImpl$Exchange$LinkHandler.handle(ServerImpl.java:692)
	at jdk.httpserver/com.sun.net.httpserver.Filter$Chain.doFilter(Filter.java:77)
	at jdk.httpserver/sun.net.httpserver.ServerImpl$Exchange.run(ServerImpl.java:664)
	at java.base/java.util.concurrent.ThreadPoolExecutor.runWorker(ThreadPoolExecutor.java:1130)
	at java.base/java.util.concurrent.ThreadPoolExecutor$Worker.run(ThreadPoolExecutor.java:630)
	at java.base/java.lang.Thread.run(Thread.java:832)
java.lang.IllegalStateException: Writer not present on this server: z59vuwzfFDonuN8ZPRox4sAhzCVQZEQE5zZGEh6bL42u8cvQom8bYG8
	at peergos.server.space.JdbcUsageStore.getWriterId(JdbcUsageStore.java:179)
	at peergos.server.space.JdbcUsageStore.getOwner(JdbcUsageStore.java:239)
	at peergos.server.space.JdbcUsageStore.getUsage(JdbcUsageStore.java:268)
	at peergos.server.space.SpaceCheckingKeyFilter.prepareMutablePointerChange(SpaceCheckingKeyFilter.java:214)
	at peergos.server.space.SpaceCheckingKeyFilter.accept(SpaceCheckingKeyFilter.java:182)
	at peergos.server.mutable.MutableEventPropagator.lambda$setPointer$0(MutableEventPropagator.java:30)
	at java.base/java.util.concurrent.CompletableFuture.uniApplyNow(CompletableFuture.java:680)
	at java.base/java.util.concurrent.CompletableFuture.uniApplyStage(CompletableFuture.java:658)
	at java.base/java.util.concurrent.CompletableFuture.thenApply(CompletableFuture.java:2158)
	at peergos.server.mutable.MutableEventPropagator.setPointer(MutableEventPropagator.java:26)
	at peergos.server.mutable.PinningMutablePointers.lambda$setPointer$2(PinningMutablePointers.java:52)
	at java.base/java.util.concurrent.CompletableFuture.uniComposeStage(CompletableFuture.java:1183)
	at java.base/java.util.concurrent.CompletableFuture.thenCompose(CompletableFuture.java:2299)
	at peergos.server.mutable.PinningMutablePointers.lambda$setPointer$3(PinningMutablePointers.java:41)
	at java.base/java.util.concurrent.CompletableFuture.uniComposeStage(CompletableFuture.java:1183)
	at java.base/java.util.concurrent.CompletableFuture.thenCompose(CompletableFuture.java:2299)
	at peergos.server.mutable.PinningMutablePointers.setPointer(PinningMutablePointers.java:33)
	at peergos.server.mutable.BlockingMutablePointers.setPointer(BlockingMutablePointers.java:21)
	at peergos.shared.mutable.ProxyingMutablePointers.lambda$setPointer$0(ProxyingMutablePointers.java:30)
	at peergos.shared.corenode.Proxy.lambda$redirectCall$0(Proxy.java:26)
	at java.base/java.util.concurrent.CompletableFuture.uniComposeStage(CompletableFuture.java:1183)
	at java.base/java.util.concurrent.CompletableFuture.thenCompose(CompletableFuture.java:2299)
	at peergos.shared.corenode.Proxy.lambda$redirectCall$1(Proxy.java:19)
	at java.base/java.util.concurrent.CompletableFuture.uniComposeStage(CompletableFuture.java:1183)
	at java.base/java.util.concurrent.CompletableFuture.thenCompose(CompletableFuture.java:2299)
	at peergos.shared.corenode.Proxy.redirectCall(Proxy.java:18)
	at peergos.shared.mutable.ProxyingMutablePointers.setPointer(ProxyingMutablePointers.java:27)
	at peergos.server.net.MutationHandler.handle(MutationHandler.java:60)
	at jdk.httpserver/com.sun.net.httpserver.Filter$Chain.doFilter(Filter.java:77)
	at jdk.httpserver/sun.net.httpserver.AuthFilter.doFilter(AuthFilter.java:82)
	at jdk.httpserver/com.sun.net.httpserver.Filter$Chain.doFilter(Filter.java:80)
	at jdk.httpserver/sun.net.httpserver.ServerImpl$Exchange$LinkHandler.handle(ServerImpl.java:692)
	at jdk.httpserver/com.sun.net.httpserver.Filter$Chain.doFilter(Filter.java:77)
	at jdk.httpserver/sun.net.httpserver.ServerImpl$Exchange.run(ServerImpl.java:664)
	at java.base/java.util.concurrent.ThreadPoolExecutor.runWorker(ThreadPoolExecutor.java:1130)
	at java.base/java.util.concurrent.ThreadPoolExecutor$Worker.run(ThreadPoolExecutor.java:630)
	at java.base/java.lang.Thread.run(Thread.java:832)
java.lang.IllegalStateException: Writer not present on this server: z59vuwzfFDonuN8ZPRox4sAhzCVQZEQE5zZGEh6bL42u8cvQom8bYG8
	at peergos.server.space.JdbcUsageStore.getWriterId(JdbcUsageStore.java:179)
	at peergos.server.space.JdbcUsageStore.getOwner(JdbcUsageStore.java:239)
	at peergos.server.space.JdbcUsageStore.getUsage(JdbcUsageStore.java:268)
	at peergos.server.space.SpaceCheckingKeyFilter.prepareMutablePointerChange(SpaceCheckingKeyFilter.java:214)
	at peergos.server.space.SpaceCheckingKeyFilter.accept(SpaceCheckingKeyFilter.java:182)
	at peergos.server.mutable.MutableEventPropagator.lambda$setPointer$0(MutableEventPropagator.java:30)
	at java.base/java.util.concurrent.CompletableFuture.uniApplyNow(CompletableFuture.java:680)
	at java.base/java.util.concurrent.CompletableFuture.uniApplyStage(CompletableFuture.java:658)
	at java.base/java.util.concurrent.CompletableFuture.thenApply(CompletableFuture.java:2158)
	at peergos.server.mutable.MutableEventPropagator.setPointer(MutableEventPropagator.java:26)
	at peergos.server.mutable.PinningMutablePointers.lambda$setPointer$2(PinningMutablePointers.java:52)
	at java.base/java.util.concurrent.CompletableFuture.uniComposeStage(CompletableFuture.java:1183)
	at java.base/java.util.concurrent.CompletableFuture.thenCompose(CompletableFuture.java:2299)
	at peergos.server.mutable.PinningMutablePointers.lambda$setPointer$3(PinningMutablePointers.java:41)
	at java.base/java.util.concurrent.CompletableFuture.uniComposeStage(CompletableFuture.java:1183)
	at java.base/java.util.concurrent.CompletableFuture.thenCompose(CompletableFuture.java:2299)
	at peergos.server.mutable.PinningMutablePointers.setPointer(PinningMutablePointers.java:33)
	at peergos.server.mutable.BlockingMutablePointers.setPointer(BlockingMutablePointers.java:21)
	at peergos.shared.mutable.ProxyingMutablePointers.lambda$setPointer$0(ProxyingMutablePointers.java:30)
	at peergos.shared.corenode.Proxy.lambda$redirectCall$0(Proxy.java:26)
	at java.base/java.util.concurrent.CompletableFuture.uniComposeStage(CompletableFuture.java:1183)
	at java.base/java.util.concurrent.CompletableFuture.thenCompose(CompletableFuture.java:2299)
	at peergos.shared.corenode.Proxy.lambda$redirectCall$1(Proxy.java:19)
	at java.base/java.util.concurrent.CompletableFuture.uniComposeStage(CompletableFuture.java:1183)
	at java.base/java.util.concurrent.CompletableFuture.thenCompose(CompletableFuture.java:2299)
	at peergos.shared.corenode.Proxy.redirectCall(Proxy.java:18)
	at peergos.shared.mutable.ProxyingMutablePointers.setPointer(ProxyingMutablePointers.java:27)
	at peergos.server.net.MutationHandler.handle(MutationHandler.java:60)
	at jdk.httpserver/com.sun.net.httpserver.Filter$Chain.doFilter(Filter.java:77)
	at jdk.httpserver/sun.net.httpserver.AuthFilter.doFilter(AuthFilter.java:82)
	at jdk.httpserver/com.sun.net.httpserver.Filter$Chain.doFilter(Filter.java:80)
	at jdk.httpserver/sun.net.httpserver.ServerImpl$Exchange$LinkHandler.handle(ServerImpl.java:692)
	at jdk.httpserver/com.sun.net.httpserver.Filter$Chain.doFilter(Filter.java:77)
	at jdk.httpserver/sun.net.httpserver.ServerImpl$Exchange.run(ServerImpl.java:664)
	at java.base/java.util.concurrent.ThreadPoolExecutor.runWorker(ThreadPoolExecutor.java:1130)
	at java.base/java.util.concurrent.ThreadPoolExecutor$Worker.run(ThreadPoolExecutor.java:630)
	at java.base/java.lang.Thread.run(Thread.java:832)
java.lang.IllegalStateException: Writer not present on this server: z59vuwzfFDoymN58bAxquDfdkJZXg8d2bT4JM5VknaaQSxQCQYFuFbH
	at peergos.server.space.JdbcUsageStore.getWriterId(JdbcUsageStore.java:179)
	at peergos.server.space.JdbcUsageStore.getOwner(JdbcUsageStore.java:239)
	at peergos.server.space.JdbcUsageStore.getUsage(JdbcUsageStore.java:268)
	at peergos.server.space.SpaceCheckingKeyFilter.prepareMutablePointerChange(SpaceCheckingKeyFilter.java:214)
	at peergos.server.space.SpaceCheckingKeyFilter.accept(SpaceCheckingKeyFilter.java:182)
	at peergos.server.mutable.MutableEventPropagator.lambda$setPointer$0(MutableEventPropagator.java:30)
	at java.base/java.util.concurrent.CompletableFuture.uniApplyNow(CompletableFuture.java:680)
	at java.base/java.util.concurrent.CompletableFuture.uniApplyStage(CompletableFuture.java:658)
	at java.base/java.util.concurrent.CompletableFuture.thenApply(CompletableFuture.java:2158)
	at peergos.server.mutable.MutableEventPropagator.setPointer(MutableEventPropagator.java:26)
	at peergos.server.mutable.PinningMutablePointers.lambda$setPointer$2(PinningMutablePointers.java:52)
	at java.base/java.util.concurrent.CompletableFuture.uniComposeStage(CompletableFuture.java:1183)
	at java.base/java.util.concurrent.CompletableFuture.thenCompose(CompletableFuture.java:2299)
	at peergos.server.mutable.PinningMutablePointers.lambda$setPointer$3(PinningMutablePointers.java:41)
	at java.base/java.util.concurrent.CompletableFuture.uniComposeStage(CompletableFuture.java:1183)
	at java.base/java.util.concurrent.CompletableFuture.thenCompose(CompletableFuture.java:2299)
	at peergos.server.mutable.PinningMutablePointers.setPointer(PinningMutablePointers.java:33)
	at peergos.server.mutable.BlockingMutablePointers.setPointer(BlockingMutablePointers.java:21)
	at peergos.shared.mutable.ProxyingMutablePointers.lambda$setPointer$0(ProxyingMutablePointers.java:30)
	at peergos.shared.corenode.Proxy.lambda$redirectCall$0(Proxy.java:26)
	at java.base/java.util.concurrent.CompletableFuture.uniComposeStage(CompletableFuture.java:1183)
	at java.base/java.util.concurrent.CompletableFuture.thenCompose(CompletableFuture.java:2299)
	at peergos.shared.corenode.Proxy.lambda$redirectCall$1(Proxy.java:19)
	at java.base/java.util.concurrent.CompletableFuture.uniComposeStage(CompletableFuture.java:1183)
	at java.base/java.util.concurrent.CompletableFuture.thenCompose(CompletableFuture.java:2299)
	at peergos.shared.corenode.Proxy.redirectCall(Proxy.java:18)
	at peergos.shared.mutable.ProxyingMutablePointers.setPointer(ProxyingMutablePointers.java:27)
	at peergos.server.net.MutationHandler.handle(MutationHandler.java:60)
	at jdk.httpserver/com.sun.net.httpserver.Filter$Chain.doFilter(Filter.java:77)
	at jdk.httpserver/sun.net.httpserver.AuthFilter.doFilter(AuthFilter.java:82)
	at jdk.httpserver/com.sun.net.httpserver.Filter$Chain.doFilter(Filter.java:80)
	at jdk.httpserver/sun.net.httpserver.ServerImpl$Exchange$LinkHandler.handle(ServerImpl.java:692)
	at jdk.httpserver/com.sun.net.httpserver.Filter$Chain.doFilter(Filter.java:77)
	at jdk.httpserver/sun.net.httpserver.ServerImpl$Exchange.run(ServerImpl.java:664)
	at java.base/java.util.concurrent.ThreadPoolExecutor.runWorker(ThreadPoolExecutor.java:1130)
	at java.base/java.util.concurrent.ThreadPoolExecutor$Worker.run(ThreadPoolExecutor.java:630)
	at java.base/java.lang.Thread.run(Thread.java:832)
java.lang.IllegalStateException: Writer not present on this server: z59vuwzfFDoymN58bAxquDfdkJZXg8d2bT4JM5VknaaQSxQCQYFuFbH
	at peergos.server.space.JdbcUsageStore.getWriterId(JdbcUsageStore.java:179)
	at peergos.server.space.JdbcUsageStore.getOwner(JdbcUsageStore.java:239)
	at peergos.server.space.JdbcUsageStore.getUsage(JdbcUsageStore.java:268)
	at peergos.server.space.SpaceCheckingKeyFilter.prepareMutablePointerChange(SpaceCheckingKeyFilter.java:214)
	at peergos.server.space.SpaceCheckingKeyFilter.accept(SpaceCheckingKeyFilter.java:182)
	at peergos.server.mutable.MutableEventPropagator.lambda$setPointer$0(MutableEventPropagator.java:30)
	at java.base/java.util.concurrent.CompletableFuture.uniApplyNow(CompletableFuture.java:680)
	at java.base/java.util.concurrent.CompletableFuture.uniApplyStage(CompletableFuture.java:658)
	at java.base/java.util.concurrent.CompletableFuture.thenApply(CompletableFuture.java:2158)
	at peergos.server.mutable.MutableEventPropagator.setPointer(MutableEventPropagator.java:26)
	at peergos.server.mutable.PinningMutablePointers.lambda$setPointer$2(PinningMutablePointers.java:52)
	at java.base/java.util.concurrent.CompletableFuture.uniComposeStage(CompletableFuture.java:1183)
	at java.base/java.util.concurrent.CompletableFuture.thenCompose(CompletableFuture.java:2299)
	at peergos.server.mutable.PinningMutablePointers.lambda$setPointer$3(PinningMutablePointers.java:41)
	at java.base/java.util.concurrent.CompletableFuture.uniComposeStage(CompletableFuture.java:1183)
	at java.base/java.util.concurrent.CompletableFuture.thenCompose(CompletableFuture.java:2299)
	at peergos.server.mutable.PinningMutablePointers.setPointer(PinningMutablePointers.java:33)
	at peergos.server.mutable.BlockingMutablePointers.setPointer(BlockingMutablePointers.java:21)
	at peergos.shared.mutable.ProxyingMutablePointers.lambda$setPointer$0(ProxyingMutablePointers.java:30)
	at peergos.shared.corenode.Proxy.lambda$redirectCall$0(Proxy.java:26)
	at java.base/java.util.concurrent.CompletableFuture.uniComposeStage(CompletableFuture.java:1183)
	at java.base/java.util.concurrent.CompletableFuture.thenCompose(CompletableFuture.java:2299)
	at peergos.shared.corenode.Proxy.lambda$redirectCall$1(Proxy.java:19)
	at java.base/java.util.concurrent.CompletableFuture.uniComposeStage(CompletableFuture.java:1183)
	at java.base/java.util.concurrent.CompletableFuture.thenCompose(CompletableFuture.java:2299)
	at peergos.shared.corenode.Proxy.redirectCall(Proxy.java:18)
	at peergos.shared.mutable.ProxyingMutablePointers.setPointer(ProxyingMutablePointers.java:27)
	at peergos.server.net.MutationHandler.handle(MutationHandler.java:60)
	at jdk.httpserver/com.sun.net.httpserver.Filter$Chain.doFilter(Filter.java:77)
	at jdk.httpserver/sun.net.httpserver.AuthFilter.doFilter(AuthFilter.java:82)
	at jdk.httpserver/com.sun.net.httpserver.Filter$Chain.doFilter(Filter.java:80)
	at jdk.httpserver/sun.net.httpserver.ServerImpl$Exchange$LinkHandler.handle(ServerImpl.java:692)
	at jdk.httpserver/com.sun.net.httpserver.Filter$Chain.doFilter(Filter.java:77)
	at jdk.httpserver/sun.net.httpserver.ServerImpl$Exchange.run(ServerImpl.java:664)
	at java.base/java.util.concurrent.ThreadPoolExecutor.runWorker(ThreadPoolExecutor.java:1130)
	at java.base/java.util.concurrent.ThreadPoolExecutor$Worker.run(ThreadPoolExecutor.java:630)
	at java.base/java.lang.Thread.run(Thread.java:832)
java.lang.IllegalStateException: Writer not present on this server: z59vuwzfFDonuN8ZPRox4sAhzCVQZEQE5zZGEh6bL42u8cvQom8bYG8
	at peergos.server.space.JdbcUsageStore.getWriterId(JdbcUsageStore.java:179)
	at peergos.server.space.JdbcUsageStore.getOwner(JdbcUsageStore.java:239)
	at peergos.server.space.JdbcUsageStore.getUsage(JdbcUsageStore.java:268)
	at peergos.server.space.SpaceCheckingKeyFilter.prepareMutablePointerChange(SpaceCheckingKeyFilter.java:214)
	at peergos.server.space.SpaceCheckingKeyFilter.accept(SpaceCheckingKeyFilter.java:182)
	at peergos.server.mutable.MutableEventPropagator.lambda$setPointer$0(MutableEventPropagator.java:30)
	at java.base/java.util.concurrent.CompletableFuture.uniApplyNow(CompletableFuture.java:680)
	at java.base/java.util.concurrent.CompletableFuture.uniApplyStage(CompletableFuture.java:658)
	at java.base/java.util.concurrent.CompletableFuture.thenApply(CompletableFuture.java:2158)
	at peergos.server.mutable.MutableEventPropagator.setPointer(MutableEventPropagator.java:26)
	at peergos.server.mutable.PinningMutablePointers.lambda$setPointer$2(PinningMutablePointers.java:52)
	at java.base/java.util.concurrent.CompletableFuture.uniComposeStage(CompletableFuture.java:1183)
	at java.base/java.util.concurrent.CompletableFuture.thenCompose(CompletableFuture.java:2299)
	at peergos.server.mutable.PinningMutablePointers.lambda$setPointer$3(PinningMutablePointers.java:41)
	at java.base/java.util.concurrent.CompletableFuture.uniComposeStage(CompletableFuture.java:1183)
	at java.base/java.util.concurrent.CompletableFuture.thenCompose(CompletableFuture.java:2299)
	at peergos.server.mutable.PinningMutablePointers.setPointer(PinningMutablePointers.java:33)
	at peergos.server.mutable.BlockingMutablePointers.setPointer(BlockingMutablePointers.java:21)
	at peergos.shared.mutable.ProxyingMutablePointers.lambda$setPointer$0(ProxyingMutablePointers.java:30)
	at peergos.shared.corenode.Proxy.lambda$redirectCall$0(Proxy.java:26)
	at java.base/java.util.concurrent.CompletableFuture.uniComposeStage(CompletableFuture.java:1183)
	at java.base/java.util.concurrent.CompletableFuture.thenCompose(CompletableFuture.java:2299)
	at peergos.shared.corenode.Proxy.lambda$redirectCall$1(Proxy.java:19)
	at java.base/java.util.concurrent.CompletableFuture.uniComposeStage(CompletableFuture.java:1183)
	at java.base/java.util.concurrent.CompletableFuture.thenCompose(CompletableFuture.java:2299)
	at peergos.shared.corenode.Proxy.redirectCall(Proxy.java:18)
	at peergos.shared.mutable.ProxyingMutablePointers.setPointer(ProxyingMutablePointers.java:27)
	at peergos.server.net.MutationHandler.handle(MutationHandler.java:60)
	at jdk.httpserver/com.sun.net.httpserver.Filter$Chain.doFilter(Filter.java:77)
	at jdk.httpserver/sun.net.httpserver.AuthFilter.doFilter(AuthFilter.java:82)
	at jdk.httpserver/com.sun.net.httpserver.Filter$Chain.doFilter(Filter.java:80)
	at jdk.httpserver/sun.net.httpserver.ServerImpl$Exchange$LinkHandler.handle(ServerImpl.java:692)
	at jdk.httpserver/com.sun.net.httpserver.Filter$Chain.doFilter(Filter.java:77)
	at jdk.httpserver/sun.net.httpserver.ServerImpl$Exchange.run(ServerImpl.java:664)
	at java.base/java.util.concurrent.ThreadPoolExecutor.runWorker(ThreadPoolExecutor.java:1130)
	at java.base/java.util.concurrent.ThreadPoolExecutor$Worker.run(ThreadPoolExecutor.java:630)
	at java.base/java.lang.Thread.run(Thread.java:832)
java.lang.IllegalStateException: Writer not present on this server: z59vuwzfFDoymN58bAxquDfdkJZXg8d2bT4JM5VknaaQSxQCQYFuFbH
	at peergos.server.space.JdbcUsageStore.getWriterId(JdbcUsageStore.java:179)
	at peergos.server.space.JdbcUsageStore.getOwner(JdbcUsageStore.java:239)
	at peergos.server.space.JdbcUsageStore.getUsage(JdbcUsageStore.java:268)
	at peergos.server.space.SpaceCheckingKeyFilter.prepareMutablePointerChange(SpaceCheckingKeyFilter.java:214)
	at peergos.server.space.SpaceCheckingKeyFilter.accept(SpaceCheckingKeyFilter.java:182)
	at peergos.server.mutable.MutableEventPropagator.lambda$setPointer$0(MutableEventPropagator.java:30)
	at java.base/java.util.concurrent.CompletableFuture.uniApplyNow(CompletableFuture.java:680)
	at java.base/java.util.concurrent.CompletableFuture.uniApplyStage(CompletableFuture.java:658)
	at java.base/java.util.concurrent.CompletableFuture.thenApply(CompletableFuture.java:2158)
	at peergos.server.mutable.MutableEventPropagator.setPointer(MutableEventPropagator.java:26)
	at peergos.server.mutable.PinningMutablePointers.lambda$setPointer$2(PinningMutablePointers.java:52)
	at java.base/java.util.concurrent.CompletableFuture.uniComposeStage(CompletableFuture.java:1183)
	at java.base/java.util.concurrent.CompletableFuture.thenCompose(CompletableFuture.java:2299)
	at peergos.server.mutable.PinningMutablePointers.lambda$setPointer$3(PinningMutablePointers.java:41)
	at java.base/java.util.concurrent.CompletableFuture.uniComposeStage(CompletableFuture.java:1183)
	at java.base/java.util.concurrent.CompletableFuture.thenCompose(CompletableFuture.java:2299)
	at peergos.server.mutable.PinningMutablePointers.setPointer(PinningMutablePointers.java:33)
	at peergos.server.mutable.BlockingMutablePointers.setPointer(BlockingMutablePointers.java:21)
	at peergos.shared.mutable.ProxyingMutablePointers.lambda$setPointer$0(ProxyingMutablePointers.java:30)
	at peergos.shared.corenode.Proxy.lambda$redirectCall$0(Proxy.java:26)
	at java.base/java.util.concurrent.CompletableFuture.uniComposeStage(CompletableFuture.java:1183)
	at java.base/java.util.concurrent.CompletableFuture.thenCompose(CompletableFuture.java:2299)
	at peergos.shared.corenode.Proxy.lambda$redirectCall$1(Proxy.java:19)
	at java.base/java.util.concurrent.CompletableFuture.uniComposeStage(CompletableFuture.java:1183)
	at java.base/java.util.concurrent.CompletableFuture.thenCompose(CompletableFuture.java:2299)
	at peergos.shared.corenode.Proxy.redirectCall(Proxy.java:18)
	at peergos.shared.mutable.ProxyingMutablePointers.setPointer(ProxyingMutablePointers.java:27)
	at peergos.server.net.MutationHandler.handle(MutationHandler.java:60)
	at jdk.httpserver/com.sun.net.httpserver.Filter$Chain.doFilter(Filter.java:77)
	at jdk.httpserver/sun.net.httpserver.AuthFilter.doFilter(AuthFilter.java:82)
	at jdk.httpserver/com.sun.net.httpserver.Filter$Chain.doFilter(Filter.java:80)
	at jdk.httpserver/sun.net.httpserver.ServerImpl$Exchange$LinkHandler.handle(ServerImpl.java:692)
	at jdk.httpserver/com.sun.net.httpserver.Filter$Chain.doFilter(Filter.java:77)
	at jdk.httpserver/sun.net.httpserver.ServerImpl$Exchange.run(ServerImpl.java:664)
	at java.base/java.util.concurrent.ThreadPoolExecutor.runWorker(ThreadPoolExecutor.java:1130)
	at java.base/java.util.concurrent.ThreadPoolExecutor$Worker.run(ThreadPoolExecutor.java:630)
	at java.base/java.lang.Thread.run(Thread.java:832)
java.lang.IllegalStateException: Writer not present on this server: z59vuwzfFDoymN58bAxquDfdkJZXg8d2bT4JM5VknaaQSxQCQYFuFbH
	at peergos.server.space.JdbcUsageStore.getWriterId(JdbcUsageStore.java:179)
	at peergos.server.space.JdbcUsageStore.getOwner(JdbcUsageStore.java:239)
	at peergos.server.space.JdbcUsageStore.getUsage(JdbcUsageStore.java:268)
	at peergos.server.space.SpaceCheckingKeyFilter.prepareMutablePointerChange(SpaceCheckingKeyFilter.java:214)
	at peergos.server.space.SpaceCheckingKeyFilter.accept(SpaceCheckingKeyFilter.java:182)
	at peergos.server.mutable.MutableEventPropagator.lambda$setPointer$0(MutableEventPropagator.java:30)
	at java.base/java.util.concurrent.CompletableFuture.uniApplyNow(CompletableFuture.java:680)
	at java.base/java.util.concurrent.CompletableFuture.uniApplyStage(CompletableFuture.java:658)
	at java.base/java.util.concurrent.CompletableFuture.thenApply(CompletableFuture.java:2158)
	at peergos.server.mutable.MutableEventPropagator.setPointer(MutableEventPropagator.java:26)
	at peergos.server.mutable.PinningMutablePointers.lambda$setPointer$2(PinningMutablePointers.java:52)
	at java.base/java.util.concurrent.CompletableFuture.uniComposeStage(CompletableFuture.java:1183)
	at java.base/java.util.concurrent.CompletableFuture.thenCompose(CompletableFuture.java:2299)
	at peergos.server.mutable.PinningMutablePointers.lambda$setPointer$3(PinningMutablePointers.java:41)
	at java.base/java.util.concurrent.CompletableFuture.uniComposeStage(CompletableFuture.java:1183)
	at java.base/java.util.concurrent.CompletableFuture.thenCompose(CompletableFuture.java:2299)
	at peergos.server.mutable.PinningMutablePointers.setPointer(PinningMutablePointers.java:33)
	at peergos.server.mutable.BlockingMutablePointers.setPointer(BlockingMutablePointers.java:21)
	at peergos.shared.mutable.ProxyingMutablePointers.lambda$setPointer$0(ProxyingMutablePointers.java:30)
	at peergos.shared.corenode.Proxy.lambda$redirectCall$0(Proxy.java:26)
	at java.base/java.util.concurrent.CompletableFuture.uniComposeStage(CompletableFuture.java:1183)
	at java.base/java.util.concurrent.CompletableFuture.thenCompose(CompletableFuture.java:2299)
	at peergos.shared.corenode.Proxy.lambda$redirectCall$1(Proxy.java:19)
	at java.base/java.util.concurrent.CompletableFuture.uniComposeStage(CompletableFuture.java:1183)
	at java.base/java.util.concurrent.CompletableFuture.thenCompose(CompletableFuture.java:2299)
	at peergos.shared.corenode.Proxy.redirectCall(Proxy.java:18)
	at peergos.shared.mutable.ProxyingMutablePointers.setPointer(ProxyingMutablePointers.java:27)
	at peergos.server.net.MutationHandler.handle(MutationHandler.java:60)
	at jdk.httpserver/com.sun.net.httpserver.Filter$Chain.doFilter(Filter.java:77)
	at jdk.httpserver/sun.net.httpserver.AuthFilter.doFilter(AuthFilter.java:82)
	at jdk.httpserver/com.sun.net.httpserver.Filter$Chain.doFilter(Filter.java:80)
	at jdk.httpserver/sun.net.httpserver.ServerImpl$Exchange$LinkHandler.handle(ServerImpl.java:692)
	at jdk.httpserver/com.sun.net.httpserver.Filter$Chain.doFilter(Filter.java:77)
	at jdk.httpserver/sun.net.httpserver.ServerImpl$Exchange.run(ServerImpl.java:664)
	at java.base/java.util.concurrent.ThreadPoolExecutor.runWorker(ThreadPoolExecutor.java:1130)
	at java.base/java.util.concurrent.ThreadPoolExecutor$Worker.run(ThreadPoolExecutor.java:630)
	at java.base/java.lang.Thread.run(Thread.java:832)
java.lang.IllegalStateException: Writer not present on this server: z59vuwzfFDoymN58bAxquDfdkJZXg8d2bT4JM5VknaaQSxQCQYFuFbH
	at peergos.server.space.JdbcUsageStore.getWriterId(JdbcUsageStore.java:179)
	at peergos.server.space.JdbcUsageStore.getOwner(JdbcUsageStore.java:239)
	at peergos.server.space.JdbcUsageStore.getUsage(JdbcUsageStore.java:268)
	at peergos.server.space.SpaceCheckingKeyFilter.prepareMutablePointerChange(SpaceCheckingKeyFilter.java:214)
	at peergos.server.space.SpaceCheckingKeyFilter.accept(SpaceCheckingKeyFilter.java:182)
	at peergos.server.mutable.MutableEventPropagator.lambda$setPointer$0(MutableEventPropagator.java:30)
	at java.base/java.util.concurrent.CompletableFuture.uniApplyNow(CompletableFuture.java:680)
	at java.base/java.util.concurrent.CompletableFuture.uniApplyStage(CompletableFuture.java:658)
	at java.base/java.util.concurrent.CompletableFuture.thenApply(CompletableFuture.java:2158)
	at peergos.server.mutable.MutableEventPropagator.setPointer(MutableEventPropagator.java:26)
	at peergos.server.mutable.PinningMutablePointers.lambda$setPointer$2(PinningMutablePointers.java:52)
	at java.base/java.util.concurrent.CompletableFuture.uniComposeStage(CompletableFuture.java:1183)
	at java.base/java.util.concurrent.CompletableFuture.thenCompose(CompletableFuture.java:2299)
	at peergos.server.mutable.PinningMutablePointers.lambda$setPointer$3(PinningMutablePointers.java:41)
	at java.base/java.util.concurrent.CompletableFuture.uniComposeStage(CompletableFuture.java:1183)
	at java.base/java.util.concurrent.CompletableFuture.thenCompose(CompletableFuture.java:2299)
	at peergos.server.mutable.PinningMutablePointers.setPointer(PinningMutablePointers.java:33)
	at peergos.server.mutable.BlockingMutablePointers.setPointer(BlockingMutablePointers.java:21)
	at peergos.shared.mutable.ProxyingMutablePointers.lambda$setPointer$0(ProxyingMutablePointers.java:30)
	at peergos.shared.corenode.Proxy.lambda$redirectCall$0(Proxy.java:26)
	at java.base/java.util.concurrent.CompletableFuture.uniComposeStage(CompletableFuture.java:1183)
	at java.base/java.util.concurrent.CompletableFuture.thenCompose(CompletableFuture.java:2299)
	at peergos.shared.corenode.Proxy.lambda$redirectCall$1(Proxy.java:19)
	at java.base/java.util.concurrent.CompletableFuture.uniComposeStage(CompletableFuture.java:1183)
	at java.base/java.util.concurrent.CompletableFuture.thenCompose(CompletableFuture.java:2299)
	at peergos.shared.corenode.Proxy.redirectCall(Proxy.java:18)
	at peergos.shared.mutable.ProxyingMutablePointers.setPointer(ProxyingMutablePointers.java:27)
	at peergos.server.net.MutationHandler.handle(MutationHandler.java:60)
	at jdk.httpserver/com.sun.net.httpserver.Filter$Chain.doFilter(Filter.java:77)
	at jdk.httpserver/sun.net.httpserver.AuthFilter.doFilter(AuthFilter.java:82)
	at jdk.httpserver/com.sun.net.httpserver.Filter$Chain.doFilter(Filter.java:80)
	at jdk.httpserver/sun.net.httpserver.ServerImpl$Exchange$LinkHandler.handle(ServerImpl.java:692)
	at jdk.httpserver/com.sun.net.httpserver.Filter$Chain.doFilter(Filter.java:77)
	at jdk.httpserver/sun.net.httpserver.ServerImpl$Exchange.run(ServerImpl.java:664)
	at java.base/java.util.concurrent.ThreadPoolExecutor.runWorker(ThreadPoolExecutor.java:1130)
	at java.base/java.util.concurrent.ThreadPoolExecutor$Worker.run(ThreadPoolExecutor.java:630)
	at java.base/java.lang.Thread.run(Thread.java:832)
java.lang.IllegalStateException: Writer not present on this server: z59vuwzfFDoymN58bAxquDfdkJZXg8d2bT4JM5VknaaQSxQCQYFuFbH
	at peergos.server.space.JdbcUsageStore.getWriterId(JdbcUsageStore.java:179)
	at peergos.server.space.JdbcUsageStore.getOwner(JdbcUsageStore.java:239)
	at peergos.server.space.JdbcUsageStore.getUsage(JdbcUsageStore.java:268)
	at peergos.server.space.SpaceCheckingKeyFilter.prepareMutablePointerChange(SpaceCheckingKeyFilter.java:214)
	at peergos.server.space.SpaceCheckingKeyFilter.accept(SpaceCheckingKeyFilter.java:182)
	at peergos.server.mutable.MutableEventPropagator.lambda$setPointer$0(MutableEventPropagator.java:30)
	at java.base/java.util.concurrent.CompletableFuture.uniApplyNow(CompletableFuture.java:680)
	at java.base/java.util.concurrent.CompletableFuture.uniApplyStage(CompletableFuture.java:658)
	at java.base/java.util.concurrent.CompletableFuture.thenApply(CompletableFuture.java:2158)
	at peergos.server.mutable.MutableEventPropagator.setPointer(MutableEventPropagator.java:26)
	at peergos.server.mutable.PinningMutablePointers.lambda$setPointer$2(PinningMutablePointers.java:52)
	at java.base/java.util.concurrent.CompletableFuture.uniComposeStage(CompletableFuture.java:1183)
	at java.base/java.util.concurrent.CompletableFuture.thenCompose(CompletableFuture.java:2299)
	at peergos.server.mutable.PinningMutablePointers.lambda$setPointer$3(PinningMutablePointers.java:41)
	at java.base/java.util.concurrent.CompletableFuture.uniComposeStage(CompletableFuture.java:1183)
	at java.base/java.util.concurrent.CompletableFuture.thenCompose(CompletableFuture.java:2299)
	at peergos.server.mutable.PinningMutablePointers.setPointer(PinningMutablePointers.java:33)
	at peergos.server.mutable.BlockingMutablePointers.setPointer(BlockingMutablePointers.java:21)
	at peergos.shared.mutable.ProxyingMutablePointers.lambda$setPointer$0(ProxyingMutablePointers.java:30)
	at peergos.shared.corenode.Proxy.lambda$redirectCall$0(Proxy.java:26)
	at java.base/java.util.concurrent.CompletableFuture.uniComposeStage(CompletableFuture.java:1183)
	at java.base/java.util.concurrent.CompletableFuture.thenCompose(CompletableFuture.java:2299)
	at peergos.shared.corenode.Proxy.lambda$redirectCall$1(Proxy.java:19)
	at java.base/java.util.concurrent.CompletableFuture.uniComposeStage(CompletableFuture.java:1183)
	at java.base/java.util.concurrent.CompletableFuture.thenCompose(CompletableFuture.java:2299)
	at peergos.shared.corenode.Proxy.redirectCall(Proxy.java:18)
	at peergos.shared.mutable.ProxyingMutablePointers.setPointer(ProxyingMutablePointers.java:27)
	at peergos.server.net.MutationHandler.handle(MutationHandler.java:60)
	at jdk.httpserver/com.sun.net.httpserver.Filter$Chain.doFilter(Filter.java:77)
	at jdk.httpserver/sun.net.httpserver.AuthFilter.doFilter(AuthFilter.java:82)
	at jdk.httpserver/com.sun.net.httpserver.Filter$Chain.doFilter(Filter.java:80)
	at jdk.httpserver/sun.net.httpserver.ServerImpl$Exchange$LinkHandler.handle(ServerImpl.java:692)
	at jdk.httpserver/com.sun.net.httpserver.Filter$Chain.doFilter(Filter.java:77)
	at jdk.httpserver/sun.net.httpserver.ServerImpl$Exchange.run(ServerImpl.java:664)
	at java.base/java.util.concurrent.ThreadPoolExecutor.runWorker(ThreadPoolExecutor.java:1130)
	at java.base/java.util.concurrent.ThreadPoolExecutor$Worker.run(ThreadPoolExecutor.java:630)
	at java.base/java.lang.Thread.run(Thread.java:832)
java.lang.IllegalStateException: Writer not present on this server: z59vuwzfFDoymN58bAxquDfdkJZXg8d2bT4JM5VknaaQSxQCQYFuFbH
	at peergos.server.space.JdbcUsageStore.getWriterId(JdbcUsageStore.java:179)
	at peergos.server.space.JdbcUsageStore.getOwner(JdbcUsageStore.java:239)
	at peergos.server.space.JdbcUsageStore.getUsage(JdbcUsageStore.java:268)
	at peergos.server.space.SpaceCheckingKeyFilter.prepareMutablePointerChange(SpaceCheckingKeyFilter.java:214)
	at peergos.server.space.SpaceCheckingKeyFilter.accept(SpaceCheckingKeyFilter.java:182)
	at peergos.server.mutable.MutableEventPropagator.lambda$setPointer$0(MutableEventPropagator.java:30)
	at java.base/java.util.concurrent.CompletableFuture.uniApplyNow(CompletableFuture.java:680)
	at java.base/java.util.concurrent.CompletableFuture.uniApplyStage(CompletableFuture.java:658)
	at java.base/java.util.concurrent.CompletableFuture.thenApply(CompletableFuture.java:2158)
	at peergos.server.mutable.MutableEventPropagator.setPointer(MutableEventPropagator.java:26)
	at peergos.server.mutable.PinningMutablePointers.lambda$setPointer$2(PinningMutablePointers.java:52)
	at java.base/java.util.concurrent.CompletableFuture.uniComposeStage(CompletableFuture.java:1183)
	at java.base/java.util.concurrent.CompletableFuture.thenCompose(CompletableFuture.java:2299)
	at peergos.server.mutable.PinningMutablePointers.lambda$setPointer$3(PinningMutablePointers.java:41)
	at java.base/java.util.concurrent.CompletableFuture.uniComposeStage(CompletableFuture.java:1183)
	at java.base/java.util.concurrent.CompletableFuture.thenCompose(CompletableFuture.java:2299)
	at peergos.server.mutable.PinningMutablePointers.setPointer(PinningMutablePointers.java:33)
	at peergos.server.mutable.BlockingMutablePointers.setPointer(BlockingMutablePointers.java:21)
	at peergos.shared.mutable.ProxyingMutablePointers.lambda$setPointer$0(ProxyingMutablePointers.java:30)
	at peergos.shared.corenode.Proxy.lambda$redirectCall$0(Proxy.java:26)
	at java.base/java.util.concurrent.CompletableFuture.uniComposeStage(CompletableFuture.java:1183)
	at java.base/java.util.concurrent.CompletableFuture.thenCompose(CompletableFuture.java:2299)
	at peergos.shared.corenode.Proxy.lambda$redirectCall$1(Proxy.java:19)
	at java.base/java.util.concurrent.CompletableFuture.uniComposeStage(CompletableFuture.java:1183)
	at java.base/java.util.concurrent.CompletableFuture.thenCompose(CompletableFuture.java:2299)
	at peergos.shared.corenode.Proxy.redirectCall(Proxy.java:18)
	at peergos.shared.mutable.ProxyingMutablePointers.setPointer(ProxyingMutablePointers.java:27)
	at peergos.server.net.MutationHandler.handle(MutationHandler.java:60)
	at jdk.httpserver/com.sun.net.httpserver.Filter$Chain.doFilter(Filter.java:77)
	at jdk.httpserver/sun.net.httpserver.AuthFilter.doFilter(AuthFilter.java:82)
	at jdk.httpserver/com.sun.net.httpserver.Filter$Chain.doFilter(Filter.java:80)
	at jdk.httpserver/sun.net.httpserver.ServerImpl$Exchange$LinkHandler.handle(ServerImpl.java:692)
	at jdk.httpserver/com.sun.net.httpserver.Filter$Chain.doFilter(Filter.java:77)
	at jdk.httpserver/sun.net.httpserver.ServerImpl$Exchange.run(ServerImpl.java:664)
	at java.base/java.util.concurrent.ThreadPoolExecutor.runWorker(ThreadPoolExecutor.java:1130)
	at java.base/java.util.concurrent.ThreadPoolExecutor$Worker.run(ThreadPoolExecutor.java:630)
	at java.base/java.lang.Thread.run(Thread.java:832)
java.lang.IllegalStateException: Writer not present on this server: z59vuwzfFDoymN58bAxquDfdkJZXg8d2bT4JM5VknaaQSxQCQYFuFbH
	at peergos.server.space.JdbcUsageStore.getWriterId(JdbcUsageStore.java:179)
	at peergos.server.space.JdbcUsageStore.getOwner(JdbcUsageStore.java:239)
	at peergos.server.space.JdbcUsageStore.getUsage(JdbcUsageStore.java:268)
	at peergos.server.space.SpaceCheckingKeyFilter.prepareMutablePointerChange(SpaceCheckingKeyFilter.java:214)
	at peergos.server.space.SpaceCheckingKeyFilter.accept(SpaceCheckingKeyFilter.java:182)
	at peergos.server.mutable.MutableEventPropagator.lambda$setPointer$0(MutableEventPropagator.java:30)
	at java.base/java.util.concurrent.CompletableFuture.uniApplyNow(CompletableFuture.java:680)
	at java.base/java.util.concurrent.CompletableFuture.uniApplyStage(CompletableFuture.java:658)
	at java.base/java.util.concurrent.CompletableFuture.thenApply(CompletableFuture.java:2158)
	at peergos.server.mutable.MutableEventPropagator.setPointer(MutableEventPropagator.java:26)
	at peergos.server.mutable.PinningMutablePointers.lambda$setPointer$2(PinningMutablePointers.java:52)
	at java.base/java.util.concurrent.CompletableFuture.uniComposeStage(CompletableFuture.java:1183)
	at java.base/java.util.concurrent.CompletableFuture.thenCompose(CompletableFuture.java:2299)
	at peergos.server.mutable.PinningMutablePointers.lambda$setPointer$3(PinningMutablePointers.java:41)
	at java.base/java.util.concurrent.CompletableFuture.uniComposeStage(CompletableFuture.java:1183)
	at java.base/java.util.concurrent.CompletableFuture.thenCompose(CompletableFuture.java:2299)
	at peergos.server.mutable.PinningMutablePointers.setPointer(PinningMutablePointers.java:33)
	at peergos.server.mutable.BlockingMutablePointers.setPointer(BlockingMutablePointers.java:21)
	at peergos.shared.mutable.ProxyingMutablePointers.lambda$setPointer$0(ProxyingMutablePointers.java:30)
	at peergos.shared.corenode.Proxy.lambda$redirectCall$0(Proxy.java:26)
	at java.base/java.util.concurrent.CompletableFuture.uniComposeStage(CompletableFuture.java:1183)
	at java.base/java.util.concurrent.CompletableFuture.thenCompose(CompletableFuture.java:2299)
	at peergos.shared.corenode.Proxy.lambda$redirectCall$1(Proxy.java:19)
	at java.base/java.util.concurrent.CompletableFuture.uniComposeStage(CompletableFuture.java:1183)
	at java.base/java.util.concurrent.CompletableFuture.thenCompose(CompletableFuture.java:2299)
	at peergos.shared.corenode.Proxy.redirectCall(Proxy.java:18)
	at peergos.shared.mutable.ProxyingMutablePointers.setPointer(ProxyingMutablePointers.java:27)
	at peergos.server.net.MutationHandler.handle(MutationHandler.java:60)
	at jdk.httpserver/com.sun.net.httpserver.Filter$Chain.doFilter(Filter.java:77)
	at jdk.httpserver/sun.net.httpserver.AuthFilter.doFilter(AuthFilter.java:82)
	at jdk.httpserver/com.sun.net.httpserver.Filter$Chain.doFilter(Filter.java:80)
	at jdk.httpserver/sun.net.httpserver.ServerImpl$Exchange$LinkHandler.handle(ServerImpl.java:692)
	at jdk.httpserver/com.sun.net.httpserver.Filter$Chain.doFilter(Filter.java:77)
	at jdk.httpserver/sun.net.httpserver.ServerImpl$Exchange.run(ServerImpl.java:664)
	at java.base/java.util.concurrent.ThreadPoolExecutor.runWorker(ThreadPoolExecutor.java:1130)
	at java.base/java.util.concurrent.ThreadPoolExecutor$Worker.run(ThreadPoolExecutor.java:630)
	at java.base/java.lang.Thread.run(Thread.java:832)
java.lang.IllegalStateException: Writer not present on this server: z59vuwzfFDox4G68RPULdXUMEAtS74JgcPmXs1QN6BPjaM9LZW391oA
	at peergos.server.space.JdbcUsageStore.getWriterId(JdbcUsageStore.java:179)
	at peergos.server.space.JdbcUsageStore.getOwner(JdbcUsageStore.java:239)
	at peergos.server.space.JdbcUsageStore.getUsage(JdbcUsageStore.java:268)
	at peergos.server.space.SpaceCheckingKeyFilter.prepareMutablePointerChange(SpaceCheckingKeyFilter.java:214)
	at peergos.server.space.SpaceCheckingKeyFilter.accept(SpaceCheckingKeyFilter.java:182)
	at peergos.server.mutable.MutableEventPropagator.lambda$setPointer$0(MutableEventPropagator.java:30)
	at java.base/java.util.concurrent.CompletableFuture.uniApplyNow(CompletableFuture.java:680)
	at java.base/java.util.concurrent.CompletableFuture.uniApplyStage(CompletableFuture.java:658)
	at java.base/java.util.concurrent.CompletableFuture.thenApply(CompletableFuture.java:2158)
	at peergos.server.mutable.MutableEventPropagator.setPointer(MutableEventPropagator.java:26)
	at peergos.server.mutable.PinningMutablePointers.lambda$setPointer$2(PinningMutablePointers.java:52)
	at java.base/java.util.concurrent.CompletableFuture.uniComposeStage(CompletableFuture.java:1183)
	at java.base/java.util.concurrent.CompletableFuture.thenCompose(CompletableFuture.java:2299)
	at peergos.server.mutable.PinningMutablePointers.lambda$setPointer$3(PinningMutablePointers.java:41)
	at java.base/java.util.concurrent.CompletableFuture.uniComposeStage(CompletableFuture.java:1183)
	at java.base/java.util.concurrent.CompletableFuture.thenCompose(CompletableFuture.java:2299)
	at peergos.server.mutable.PinningMutablePointers.setPointer(PinningMutablePointers.java:33)
	at peergos.server.mutable.BlockingMutablePointers.setPointer(BlockingMutablePointers.java:21)
	at peergos.shared.mutable.ProxyingMutablePointers.lambda$setPointer$0(ProxyingMutablePointers.java:30)
	at peergos.shared.corenode.Proxy.lambda$redirectCall$0(Proxy.java:26)
	at java.base/java.util.concurrent.CompletableFuture.uniComposeStage(CompletableFuture.java:1183)
	at java.base/java.util.concurrent.CompletableFuture.thenCompose(CompletableFuture.java:2299)
	at peergos.shared.corenode.Proxy.lambda$redirectCall$1(Proxy.java:19)
	at java.base/java.util.concurrent.CompletableFuture.uniComposeStage(CompletableFuture.java:1183)
	at java.base/java.util.concurrent.CompletableFuture.thenCompose(CompletableFuture.java:2299)
	at peergos.shared.corenode.Proxy.redirectCall(Proxy.java:18)
	at peergos.shared.mutable.ProxyingMutablePointers.setPointer(ProxyingMutablePointers.java:27)
	at peergos.server.net.MutationHandler.handle(MutationHandler.java:60)
	at jdk.httpserver/com.sun.net.httpserver.Filter$Chain.doFilter(Filter.java:77)
	at jdk.httpserver/sun.net.httpserver.AuthFilter.doFilter(AuthFilter.java:82)
	at jdk.httpserver/com.sun.net.httpserver.Filter$Chain.doFilter(Filter.java:80)
	at jdk.httpserver/sun.net.httpserver.ServerImpl$Exchange$LinkHandler.handle(ServerImpl.java:692)
	at jdk.httpserver/com.sun.net.httpserver.Filter$Chain.doFilter(Filter.java:77)
	at jdk.httpserver/sun.net.httpserver.ServerImpl$Exchange.run(ServerImpl.java:664)
	at java.base/java.util.concurrent.ThreadPoolExecutor.runWorker(ThreadPoolExecutor.java:1130)
	at java.base/java.util.concurrent.ThreadPoolExecutor$Worker.run(ThreadPoolExecutor.java:630)
	at java.base/java.lang.Thread.run(Thread.java:832)
java.lang.IllegalStateException: Writer not present on this server: z59vuwzfFDox4G68RPULdXUMEAtS74JgcPmXs1QN6BPjaM9LZW391oA
	at peergos.server.space.JdbcUsageStore.getWriterId(JdbcUsageStore.java:179)
	at peergos.server.space.JdbcUsageStore.getOwner(JdbcUsageStore.java:239)
	at peergos.server.space.JdbcUsageStore.getUsage(JdbcUsageStore.java:268)
	at peergos.server.space.SpaceCheckingKeyFilter.prepareMutablePointerChange(SpaceCheckingKeyFilter.java:214)
	at peergos.server.space.SpaceCheckingKeyFilter.accept(SpaceCheckingKeyFilter.java:182)
	at peergos.server.mutable.MutableEventPropagator.lambda$setPointer$0(MutableEventPropagator.java:30)
	at java.base/java.util.concurrent.CompletableFuture.uniApplyNow(CompletableFuture.java:680)
	at java.base/java.util.concurrent.CompletableFuture.uniApplyStage(CompletableFuture.java:658)
	at java.base/java.util.concurrent.CompletableFuture.thenApply(CompletableFuture.java:2158)
	at peergos.server.mutable.MutableEventPropagator.setPointer(MutableEventPropagator.java:26)
	at peergos.server.mutable.PinningMutablePointers.lambda$setPointer$2(PinningMutablePointers.java:52)
	at java.base/java.util.concurrent.CompletableFuture.uniComposeStage(CompletableFuture.java:1183)
	at java.base/java.util.concurrent.CompletableFuture.thenCompose(CompletableFuture.java:2299)
	at peergos.server.mutable.PinningMutablePointers.lambda$setPointer$3(PinningMutablePointers.java:41)
	at java.base/java.util.concurrent.CompletableFuture.uniComposeStage(CompletableFuture.java:1183)
	at java.base/java.util.concurrent.CompletableFuture.thenCompose(CompletableFuture.java:2299)
	at peergos.server.mutable.PinningMutablePointers.setPointer(PinningMutablePointers.java:33)
	at peergos.server.mutable.BlockingMutablePointers.setPointer(BlockingMutablePointers.java:21)
	at peergos.shared.mutable.ProxyingMutablePointers.lambda$setPointer$0(ProxyingMutablePointers.java:30)
	at peergos.shared.corenode.Proxy.lambda$redirectCall$0(Proxy.java:26)
	at java.base/java.util.concurrent.CompletableFuture.uniComposeStage(CompletableFuture.java:1183)
	at java.base/java.util.concurrent.CompletableFuture.thenCompose(CompletableFuture.java:2299)
	at peergos.shared.corenode.Proxy.lambda$redirectCall$1(Proxy.java:19)
	at java.base/java.util.concurrent.CompletableFuture.uniComposeStage(CompletableFuture.java:1183)
	at java.base/java.util.concurrent.CompletableFuture.thenCompose(CompletableFuture.java:2299)
	at peergos.shared.corenode.Proxy.redirectCall(Proxy.java:18)
	at peergos.shared.mutable.ProxyingMutablePointers.setPointer(ProxyingMutablePointers.java:27)
	at peergos.server.net.MutationHandler.handle(MutationHandler.java:60)
	at jdk.httpserver/com.sun.net.httpserver.Filter$Chain.doFilter(Filter.java:77)
	at jdk.httpserver/sun.net.httpserver.AuthFilter.doFilter(AuthFilter.java:82)
	at jdk.httpserver/com.sun.net.httpserver.Filter$Chain.doFilter(Filter.java:80)
	at jdk.httpserver/sun.net.httpserver.ServerImpl$Exchange$LinkHandler.handle(ServerImpl.java:692)
	at jdk.httpserver/com.sun.net.httpserver.Filter$Chain.doFilter(Filter.java:77)
	at jdk.httpserver/sun.net.httpserver.ServerImpl$Exchange.run(ServerImpl.java:664)
	at java.base/java.util.concurrent.ThreadPoolExecutor.runWorker(ThreadPoolExecutor.java:1130)
	at java.base/java.util.concurrent.ThreadPoolExecutor$Worker.run(ThreadPoolExecutor.java:630)
	at java.base/java.lang.Thread.run(Thread.java:832)
java.lang.IllegalStateException: Writer not present on this server: z59vuwzfFDokxrv72SBPF9tUrWDK5fN7sazbQXfdAq9JT8gFMwXC5ye
	at peergos.server.space.JdbcUsageStore.getWriterId(JdbcUsageStore.java:179)
	at peergos.server.space.JdbcUsageStore.getOwner(JdbcUsageStore.java:239)
	at peergos.server.space.JdbcUsageStore.getUsage(JdbcUsageStore.java:268)
	at peergos.server.space.SpaceCheckingKeyFilter.prepareMutablePointerChange(SpaceCheckingKeyFilter.java:214)
	at peergos.server.space.SpaceCheckingKeyFilter.accept(SpaceCheckingKeyFilter.java:182)
	at peergos.server.mutable.MutableEventPropagator.lambda$setPointer$0(MutableEventPropagator.java:30)
	at java.base/java.util.concurrent.CompletableFuture.uniApplyNow(CompletableFuture.java:680)
	at java.base/java.util.concurrent.CompletableFuture.uniApplyStage(CompletableFuture.java:658)
	at java.base/java.util.concurrent.CompletableFuture.thenApply(CompletableFuture.java:2158)
	at peergos.server.mutable.MutableEventPropagator.setPointer(MutableEventPropagator.java:26)
	at peergos.server.mutable.PinningMutablePointers.lambda$setPointer$2(PinningMutablePointers.java:52)
	at java.base/java.util.concurrent.CompletableFuture.uniComposeStage(CompletableFuture.java:1183)
	at java.base/java.util.concurrent.CompletableFuture.thenCompose(CompletableFuture.java:2299)
	at peergos.server.mutable.PinningMutablePointers.lambda$setPointer$3(PinningMutablePointers.java:41)
	at java.base/java.util.concurrent.CompletableFuture.uniComposeStage(CompletableFuture.java:1183)
	at java.base/java.util.concurrent.CompletableFuture.thenCompose(CompletableFuture.java:2299)
	at peergos.server.mutable.PinningMutablePointers.setPointer(PinningMutablePointers.java:33)
	at peergos.server.mutable.BlockingMutablePointers.setPointer(BlockingMutablePointers.java:21)
	at peergos.shared.mutable.ProxyingMutablePointers.lambda$setPointer$0(ProxyingMutablePointers.java:30)
	at peergos.shared.corenode.Proxy.lambda$redirectCall$0(Proxy.java:26)
	at java.base/java.util.concurrent.CompletableFuture.uniComposeStage(CompletableFuture.java:1183)
	at java.base/java.util.concurrent.CompletableFuture.thenCompose(CompletableFuture.java:2299)
	at peergos.shared.corenode.Proxy.lambda$redirectCall$1(Proxy.java:19)
	at java.base/java.util.concurrent.CompletableFuture.uniComposeStage(CompletableFuture.java:1183)
	at java.base/java.util.concurrent.CompletableFuture.thenCompose(CompletableFuture.java:2299)
	at peergos.shared.corenode.Proxy.redirectCall(Proxy.java:18)
	at peergos.shared.mutable.ProxyingMutablePointers.setPointer(ProxyingMutablePointers.java:27)
	at peergos.server.net.MutationHandler.handle(MutationHandler.java:60)
	at jdk.httpserver/com.sun.net.httpserver.Filter$Chain.doFilter(Filter.java:77)
	at jdk.httpserver/sun.net.httpserver.AuthFilter.doFilter(AuthFilter.java:82)
	at jdk.httpserver/com.sun.net.httpserver.Filter$Chain.doFilter(Filter.java:80)
	at jdk.httpserver/sun.net.httpserver.ServerImpl$Exchange$LinkHandler.handle(ServerImpl.java:692)
	at jdk.httpserver/com.sun.net.httpserver.Filter$Chain.doFilter(Filter.java:77)
	at jdk.httpserver/sun.net.httpserver.ServerImpl$Exchange.run(ServerImpl.java:664)
	at java.base/java.util.concurrent.ThreadPoolExecutor.runWorker(ThreadPoolExecutor.java:1130)
	at java.base/java.util.concurrent.ThreadPoolExecutor$Worker.run(ThreadPoolExecutor.java:630)
	at java.base/java.lang.Thread.run(Thread.java:832)
java.lang.IllegalStateException: Writer not present on this server: z59vuwzfFDokxrv72SBPF9tUrWDK5fN7sazbQXfdAq9JT8gFMwXC5ye
	at peergos.server.space.JdbcUsageStore.getWriterId(JdbcUsageStore.java:179)
	at peergos.server.space.JdbcUsageStore.getOwner(JdbcUsageStore.java:239)
	at peergos.server.space.JdbcUsageStore.getUsage(JdbcUsageStore.java:268)
	at peergos.server.space.SpaceCheckingKeyFilter.prepareMutablePointerChange(SpaceCheckingKeyFilter.java:214)
	at peergos.server.space.SpaceCheckingKeyFilter.accept(SpaceCheckingKeyFilter.java:182)
	at peergos.server.mutable.MutableEventPropagator.lambda$setPointer$0(MutableEventPropagator.java:30)
	at java.base/java.util.concurrent.CompletableFuture.uniApplyNow(CompletableFuture.java:680)
	at java.base/java.util.concurrent.CompletableFuture.uniApplyStage(CompletableFuture.java:658)
	at java.base/java.util.concurrent.CompletableFuture.thenApply(CompletableFuture.java:2158)
	at peergos.server.mutable.MutableEventPropagator.setPointer(MutableEventPropagator.java:26)
	at peergos.server.mutable.PinningMutablePointers.lambda$setPointer$2(PinningMutablePointers.java:52)
	at java.base/java.util.concurrent.CompletableFuture.uniComposeStage(CompletableFuture.java:1183)
	at java.base/java.util.concurrent.CompletableFuture.thenCompose(CompletableFuture.java:2299)
	at peergos.server.mutable.PinningMutablePointers.lambda$setPointer$3(PinningMutablePointers.java:41)
	at java.base/java.util.concurrent.CompletableFuture.uniComposeStage(CompletableFuture.java:1183)
	at java.base/java.util.concurrent.CompletableFuture.thenCompose(CompletableFuture.java:2299)
	at peergos.server.mutable.PinningMutablePointers.setPointer(PinningMutablePointers.java:33)
	at peergos.server.mutable.BlockingMutablePointers.setPointer(BlockingMutablePointers.java:21)
	at peergos.shared.mutable.ProxyingMutablePointers.lambda$setPointer$0(ProxyingMutablePointers.java:30)
	at peergos.shared.corenode.Proxy.lambda$redirectCall$0(Proxy.java:26)
	at java.base/java.util.concurrent.CompletableFuture.uniComposeStage(CompletableFuture.java:1183)
	at java.base/java.util.concurrent.CompletableFuture.thenCompose(CompletableFuture.java:2299)
	at peergos.shared.corenode.Proxy.lambda$redirectCall$1(Proxy.java:19)
	at java.base/java.util.concurrent.CompletableFuture.uniComposeStage(CompletableFuture.java:1183)
	at java.base/java.util.concurrent.CompletableFuture.thenCompose(CompletableFuture.java:2299)
	at peergos.shared.corenode.Proxy.redirectCall(Proxy.java:18)
	at peergos.shared.mutable.ProxyingMutablePointers.setPointer(ProxyingMutablePointers.java:27)
	at peergos.server.net.MutationHandler.handle(MutationHandler.java:60)
	at jdk.httpserver/com.sun.net.httpserver.Filter$Chain.doFilter(Filter.java:77)
	at jdk.httpserver/sun.net.httpserver.AuthFilter.doFilter(AuthFilter.java:82)
	at jdk.httpserver/com.sun.net.httpserver.Filter$Chain.doFilter(Filter.java:80)
	at jdk.httpserver/sun.net.httpserver.ServerImpl$Exchange$LinkHandler.handle(ServerImpl.java:692)
	at jdk.httpserver/com.sun.net.httpserver.Filter$Chain.doFilter(Filter.java:77)
	at jdk.httpserver/sun.net.httpserver.ServerImpl$Exchange.run(ServerImpl.java:664)
	at java.base/java.util.concurrent.ThreadPoolExecutor.runWorker(ThreadPoolExecutor.java:1130)
	at java.base/java.util.concurrent.ThreadPoolExecutor$Worker.run(ThreadPoolExecutor.java:630)
	at java.base/java.lang.Thread.run(Thread.java:832)
java.lang.IllegalStateException: Writer not present on this server: z59vuwzfFDox4G68RPULdXUMEAtS74JgcPmXs1QN6BPjaM9LZW391oA
	at peergos.server.space.JdbcUsageStore.getWriterId(JdbcUsageStore.java:179)
	at peergos.server.space.JdbcUsageStore.getOwner(JdbcUsageStore.java:239)
	at peergos.server.space.JdbcUsageStore.getUsage(JdbcUsageStore.java:268)
	at peergos.server.space.SpaceCheckingKeyFilter.prepareMutablePointerChange(SpaceCheckingKeyFilter.java:214)
	at peergos.server.space.SpaceCheckingKeyFilter.accept(SpaceCheckingKeyFilter.java:182)
	at peergos.server.mutable.MutableEventPropagator.lambda$setPointer$0(MutableEventPropagator.java:30)
	at java.base/java.util.concurrent.CompletableFuture.uniApplyNow(CompletableFuture.java:680)
	at java.base/java.util.concurrent.CompletableFuture.uniApplyStage(CompletableFuture.java:658)
	at java.base/java.util.concurrent.CompletableFuture.thenApply(CompletableFuture.java:2158)
	at peergos.server.mutable.MutableEventPropagator.setPointer(MutableEventPropagator.java:26)
	at peergos.server.mutable.PinningMutablePointers.lambda$setPointer$2(PinningMutablePointers.java:52)
	at java.base/java.util.concurrent.CompletableFuture.uniComposeStage(CompletableFuture.java:1183)
	at java.base/java.util.concurrent.CompletableFuture.thenCompose(CompletableFuture.java:2299)
	at peergos.server.mutable.PinningMutablePointers.lambda$setPointer$3(PinningMutablePointers.java:41)
	at java.base/java.util.concurrent.CompletableFuture.uniComposeStage(CompletableFuture.java:1183)
	at java.base/java.util.concurrent.CompletableFuture.thenCompose(CompletableFuture.java:2299)
	at peergos.server.mutable.PinningMutablePointers.setPointer(PinningMutablePointers.java:33)
	at peergos.server.mutable.BlockingMutablePointers.setPointer(BlockingMutablePointers.java:21)
	at peergos.shared.mutable.ProxyingMutablePointers.lambda$setPointer$0(ProxyingMutablePointers.java:30)
	at peergos.shared.corenode.Proxy.lambda$redirectCall$0(Proxy.java:26)
	at java.base/java.util.concurrent.CompletableFuture.uniComposeStage(CompletableFuture.java:1183)
	at java.base/java.util.concurrent.CompletableFuture.thenCompose(CompletableFuture.java:2299)
	at peergos.shared.corenode.Proxy.lambda$redirectCall$1(Proxy.java:19)
	at java.base/java.util.concurrent.CompletableFuture.uniComposeStage(CompletableFuture.java:1183)
	at java.base/java.util.concurrent.CompletableFuture.thenCompose(CompletableFuture.java:2299)
	at peergos.shared.corenode.Proxy.redirectCall(Proxy.java:18)
	at peergos.shared.mutable.ProxyingMutablePointers.setPointer(ProxyingMutablePointers.java:27)
	at peergos.server.net.MutationHandler.handle(MutationHandler.java:60)
	at jdk.httpserver/com.sun.net.httpserver.Filter$Chain.doFilter(Filter.java:77)
	at jdk.httpserver/sun.net.httpserver.AuthFilter.doFilter(AuthFilter.java:82)
	at jdk.httpserver/com.sun.net.httpserver.Filter$Chain.doFilter(Filter.java:80)
	at jdk.httpserver/sun.net.httpserver.ServerImpl$Exchange$LinkHandler.handle(ServerImpl.java:692)
	at jdk.httpserver/com.sun.net.httpserver.Filter$Chain.doFilter(Filter.java:77)
	at jdk.httpserver/sun.net.httpserver.ServerImpl$Exchange.run(ServerImpl.java:664)
	at java.base/java.util.concurrent.ThreadPoolExecutor.runWorker(ThreadPoolExecutor.java:1130)
	at java.base/java.util.concurrent.ThreadPoolExecutor$Worker.run(ThreadPoolExecutor.java:630)
	at java.base/java.lang.Thread.run(Thread.java:832)
java.lang.IllegalStateException: Writer not present on this server: z59vuwzfFDokxrv72SBPF9tUrWDK5fN7sazbQXfdAq9JT8gFMwXC5ye
	at peergos.server.space.JdbcUsageStore.getWriterId(JdbcUsageStore.java:179)
	at peergos.server.space.JdbcUsageStore.getOwner(JdbcUsageStore.java:239)
	at peergos.server.space.JdbcUsageStore.getUsage(JdbcUsageStore.java:268)
	at peergos.server.space.SpaceCheckingKeyFilter.prepareMutablePointerChange(SpaceCheckingKeyFilter.java:214)
	at peergos.server.space.SpaceCheckingKeyFilter.accept(SpaceCheckingKeyFilter.java:182)
	at peergos.server.mutable.MutableEventPropagator.lambda$setPointer$0(MutableEventPropagator.java:30)
	at java.base/java.util.concurrent.CompletableFuture.uniApplyNow(CompletableFuture.java:680)
	at java.base/java.util.concurrent.CompletableFuture.uniApplyStage(CompletableFuture.java:658)
	at java.base/java.util.concurrent.CompletableFuture.thenApply(CompletableFuture.java:2158)
	at peergos.server.mutable.MutableEventPropagator.setPointer(MutableEventPropagator.java:26)
	at peergos.server.mutable.PinningMutablePointers.lambda$setPointer$2(PinningMutablePointers.java:52)
	at java.base/java.util.concurrent.CompletableFuture.uniComposeStage(CompletableFuture.java:1183)
	at java.base/java.util.concurrent.CompletableFuture.thenCompose(CompletableFuture.java:2299)
	at peergos.server.mutable.PinningMutablePointers.lambda$setPointer$3(PinningMutablePointers.java:41)
	at java.base/java.util.concurrent.CompletableFuture.uniComposeStage(CompletableFuture.java:1183)
	at java.base/java.util.concurrent.CompletableFuture.thenCompose(CompletableFuture.java:2299)
	at peergos.server.mutable.PinningMutablePointers.setPointer(PinningMutablePointers.java:33)
	at peergos.server.mutable.BlockingMutablePointers.setPointer(BlockingMutablePointers.java:21)
	at peergos.shared.mutable.ProxyingMutablePointers.lambda$setPointer$0(ProxyingMutablePointers.java:30)
	at peergos.shared.corenode.Proxy.lambda$redirectCall$0(Proxy.java:26)
	at java.base/java.util.concurrent.CompletableFuture.uniComposeStage(CompletableFuture.java:1183)
	at java.base/java.util.concurrent.CompletableFuture.thenCompose(CompletableFuture.java:2299)
	at peergos.shared.corenode.Proxy.lambda$redirectCall$1(Proxy.java:19)
	at java.base/java.util.concurrent.CompletableFuture.uniComposeStage(CompletableFuture.java:1183)
	at java.base/java.util.concurrent.CompletableFuture.thenCompose(CompletableFuture.java:2299)
	at peergos.shared.corenode.Proxy.redirectCall(Proxy.java:18)
	at peergos.shared.mutable.ProxyingMutablePointers.setPointer(ProxyingMutablePointers.java:27)
	at peergos.server.net.MutationHandler.handle(MutationHandler.java:60)
	at jdk.httpserver/com.sun.net.httpserver.Filter$Chain.doFilter(Filter.java:77)
	at jdk.httpserver/sun.net.httpserver.AuthFilter.doFilter(AuthFilter.java:82)
	at jdk.httpserver/com.sun.net.httpserver.Filter$Chain.doFilter(Filter.java:80)
	at jdk.httpserver/sun.net.httpserver.ServerImpl$Exchange$LinkHandler.handle(ServerImpl.java:692)
	at jdk.httpserver/com.sun.net.httpserver.Filter$Chain.doFilter(Filter.java:77)
	at jdk.httpserver/sun.net.httpserver.ServerImpl$Exchange.run(ServerImpl.java:664)
	at java.base/java.util.concurrent.ThreadPoolExecutor.runWorker(ThreadPoolExecutor.java:1130)
	at java.base/java.util.concurrent.ThreadPoolExecutor$Worker.run(ThreadPoolExecutor.java:630)
	at java.base/java.lang.Thread.run(Thread.java:832)
java.lang.IllegalStateException: Writer not present on this server: z59vuwzfFDokxrv72SBPF9tUrWDK5fN7sazbQXfdAq9JT8gFMwXC5ye
	at peergos.server.space.JdbcUsageStore.getWriterId(JdbcUsageStore.java:179)
	at peergos.server.space.JdbcUsageStore.getOwner(JdbcUsageStore.java:239)
	at peergos.server.space.JdbcUsageStore.getUsage(JdbcUsageStore.java:268)
	at peergos.server.space.SpaceCheckingKeyFilter.prepareMutablePointerChange(SpaceCheckingKeyFilter.java:214)
	at peergos.server.space.SpaceCheckingKeyFilter.accept(SpaceCheckingKeyFilter.java:182)
	at peergos.server.mutable.MutableEventPropagator.lambda$setPointer$0(MutableEventPropagator.java:30)
	at java.base/java.util.concurrent.CompletableFuture.uniApplyNow(CompletableFuture.java:680)
	at java.base/java.util.concurrent.CompletableFuture.uniApplyStage(CompletableFuture.java:658)
	at java.base/java.util.concurrent.CompletableFuture.thenApply(CompletableFuture.java:2158)
	at peergos.server.mutable.MutableEventPropagator.setPointer(MutableEventPropagator.java:26)
	at peergos.server.mutable.PinningMutablePointers.lambda$setPointer$2(PinningMutablePointers.java:52)
	at java.base/java.util.concurrent.CompletableFuture.uniComposeStage(CompletableFuture.java:1183)
	at java.base/java.util.concurrent.CompletableFuture.thenCompose(CompletableFuture.java:2299)
	at peergos.server.mutable.PinningMutablePointers.lambda$setPointer$3(PinningMutablePointers.java:41)
	at java.base/java.util.concurrent.CompletableFuture.uniComposeStage(CompletableFuture.java:1183)
	at java.base/java.util.concurrent.CompletableFuture.thenCompose(CompletableFuture.java:2299)
	at peergos.server.mutable.PinningMutablePointers.setPointer(PinningMutablePointers.java:33)
	at peergos.server.mutable.BlockingMutablePointers.setPointer(BlockingMutablePointers.java:21)
	at peergos.shared.mutable.ProxyingMutablePointers.lambda$setPointer$0(ProxyingMutablePointers.java:30)
	at peergos.shared.corenode.Proxy.lambda$redirectCall$0(Proxy.java:26)
	at java.base/java.util.concurrent.CompletableFuture.uniComposeStage(CompletableFuture.java:1183)
	at java.base/java.util.concurrent.CompletableFuture.thenCompose(CompletableFuture.java:2299)
	at peergos.shared.corenode.Proxy.lambda$redirectCall$1(Proxy.java:19)
	at java.base/java.util.concurrent.CompletableFuture.uniComposeStage(CompletableFuture.java:1183)
	at java.base/java.util.concurrent.CompletableFuture.thenCompose(CompletableFuture.java:2299)
	at peergos.shared.corenode.Proxy.redirectCall(Proxy.java:18)
	at peergos.shared.mutable.ProxyingMutablePointers.setPointer(ProxyingMutablePointers.java:27)
	at peergos.server.net.MutationHandler.handle(MutationHandler.java:60)
	at jdk.httpserver/com.sun.net.httpserver.Filter$Chain.doFilter(Filter.java:77)
	at jdk.httpserver/sun.net.httpserver.AuthFilter.doFilter(AuthFilter.java:82)
	at jdk.httpserver/com.sun.net.httpserver.Filter$Chain.doFilter(Filter.java:80)
	at jdk.httpserver/sun.net.httpserver.ServerImpl$Exchange$LinkHandler.handle(ServerImpl.java:692)
	at jdk.httpserver/com.sun.net.httpserver.Filter$Chain.doFilter(Filter.java:77)
	at jdk.httpserver/sun.net.httpserver.ServerImpl$Exchange.run(ServerImpl.java:664)
	at java.base/java.util.concurrent.ThreadPoolExecutor.runWorker(ThreadPoolExecutor.java:1130)
	at java.base/java.util.concurrent.ThreadPoolExecutor$Worker.run(ThreadPoolExecutor.java:630)
	at java.base/java.lang.Thread.run(Thread.java:832)
java.lang.IllegalStateException: Writer not present on this server: z59vuwzfFDokxrv72SBPF9tUrWDK5fN7sazbQXfdAq9JT8gFMwXC5ye
	at peergos.server.space.JdbcUsageStore.getWriterId(JdbcUsageStore.java:179)
	at peergos.server.space.JdbcUsageStore.getOwner(JdbcUsageStore.java:239)
	at peergos.server.space.JdbcUsageStore.getUsage(JdbcUsageStore.java:268)
	at peergos.server.space.SpaceCheckingKeyFilter.prepareMutablePointerChange(SpaceCheckingKeyFilter.java:214)
	at peergos.server.space.SpaceCheckingKeyFilter.accept(SpaceCheckingKeyFilter.java:182)
	at peergos.server.mutable.MutableEventPropagator.lambda$setPointer$0(MutableEventPropagator.java:30)
	at java.base/java.util.concurrent.CompletableFuture.uniApplyNow(CompletableFuture.java:680)
	at java.base/java.util.concurrent.CompletableFuture.uniApplyStage(CompletableFuture.java:658)
	at java.base/java.util.concurrent.CompletableFuture.thenApply(CompletableFuture.java:2158)
	at peergos.server.mutable.MutableEventPropagator.setPointer(MutableEventPropagator.java:26)
	at peergos.server.mutable.PinningMutablePointers.lambda$setPointer$2(PinningMutablePointers.java:52)
	at java.base/java.util.concurrent.CompletableFuture.uniComposeStage(CompletableFuture.java:1183)
	at java.base/java.util.concurrent.CompletableFuture.thenCompose(CompletableFuture.java:2299)
	at peergos.server.mutable.PinningMutablePointers.lambda$setPointer$3(PinningMutablePointers.java:41)
	at java.base/java.util.concurrent.CompletableFuture.uniComposeStage(CompletableFuture.java:1183)
	at java.base/java.util.concurrent.CompletableFuture.thenCompose(CompletableFuture.java:2299)
	at peergos.server.mutable.PinningMutablePointers.setPointer(PinningMutablePointers.java:33)
	at peergos.server.mutable.BlockingMutablePointers.setPointer(BlockingMutablePointers.java:21)
	at peergos.shared.mutable.ProxyingMutablePointers.lambda$setPointer$0(ProxyingMutablePointers.java:30)
	at peergos.shared.corenode.Proxy.lambda$redirectCall$0(Proxy.java:26)
	at java.base/java.util.concurrent.CompletableFuture.uniComposeStage(CompletableFuture.java:1183)
	at java.base/java.util.concurrent.CompletableFuture.thenCompose(CompletableFuture.java:2299)
	at peergos.shared.corenode.Proxy.lambda$redirectCall$1(Proxy.java:19)
	at java.base/java.util.concurrent.CompletableFuture.uniComposeStage(CompletableFuture.java:1183)
	at java.base/java.util.concurrent.CompletableFuture.thenCompose(CompletableFuture.java:2299)
	at peergos.shared.corenode.Proxy.redirectCall(Proxy.java:18)
	at peergos.shared.mutable.ProxyingMutablePointers.setPointer(ProxyingMutablePointers.java:27)
	at peergos.server.net.MutationHandler.handle(MutationHandler.java:60)
	at jdk.httpserver/com.sun.net.httpserver.Filter$Chain.doFilter(Filter.java:77)
	at jdk.httpserver/sun.net.httpserver.AuthFilter.doFilter(AuthFilter.java:82)
	at jdk.httpserver/com.sun.net.httpserver.Filter$Chain.doFilter(Filter.java:80)
	at jdk.httpserver/sun.net.httpserver.ServerImpl$Exchange$LinkHandler.handle(ServerImpl.java:692)
	at jdk.httpserver/com.sun.net.httpserver.Filter$Chain.doFilter(Filter.java:77)
	at jdk.httpserver/sun.net.httpserver.ServerImpl$Exchange.run(ServerImpl.java:664)
	at java.base/java.util.concurrent.ThreadPoolExecutor.runWorker(ThreadPoolExecutor.java:1130)
	at java.base/java.util.concurrent.ThreadPoolExecutor$Worker.run(ThreadPoolExecutor.java:630)
	at java.base/java.lang.Thread.run(Thread.java:832)
java.lang.IllegalStateException: Writer not present on this server: z59vuwzfFDokxrv72SBPF9tUrWDK5fN7sazbQXfdAq9JT8gFMwXC5ye
	at peergos.server.space.JdbcUsageStore.getWriterId(JdbcUsageStore.java:179)
	at peergos.server.space.JdbcUsageStore.getOwner(JdbcUsageStore.java:239)
	at peergos.server.space.JdbcUsageStore.getUsage(JdbcUsageStore.java:268)
	at peergos.server.space.SpaceCheckingKeyFilter.prepareMutablePointerChange(SpaceCheckingKeyFilter.java:214)
	at peergos.server.space.SpaceCheckingKeyFilter.accept(SpaceCheckingKeyFilter.java:182)
	at peergos.server.mutable.MutableEventPropagator.lambda$setPointer$0(MutableEventPropagator.java:30)
	at java.base/java.util.concurrent.CompletableFuture.uniApplyNow(CompletableFuture.java:680)
	at java.base/java.util.concurrent.CompletableFuture.uniApplyStage(CompletableFuture.java:658)
	at java.base/java.util.concurrent.CompletableFuture.thenApply(CompletableFuture.java:2158)
	at peergos.server.mutable.MutableEventPropagator.setPointer(MutableEventPropagator.java:26)
	at peergos.server.mutable.PinningMutablePointers.lambda$setPointer$2(PinningMutablePointers.java:52)
	at java.base/java.util.concurrent.CompletableFuture.uniComposeStage(CompletableFuture.java:1183)
	at java.base/java.util.concurrent.CompletableFuture.thenCompose(CompletableFuture.java:2299)
	at peergos.server.mutable.PinningMutablePointers.lambda$setPointer$3(PinningMutablePointers.java:41)
	at java.base/java.util.concurrent.CompletableFuture.uniComposeStage(CompletableFuture.java:1183)
	at java.base/java.util.concurrent.CompletableFuture.thenCompose(CompletableFuture.java:2299)
	at peergos.server.mutable.PinningMutablePointers.setPointer(PinningMutablePointers.java:33)
	at peergos.server.mutable.BlockingMutablePointers.setPointer(BlockingMutablePointers.java:21)
	at peergos.shared.mutable.ProxyingMutablePointers.lambda$setPointer$0(ProxyingMutablePointers.java:30)
	at peergos.shared.corenode.Proxy.lambda$redirectCall$0(Proxy.java:26)
	at java.base/java.util.concurrent.CompletableFuture.uniComposeStage(CompletableFuture.java:1183)
	at java.base/java.util.concurrent.CompletableFuture.thenCompose(CompletableFuture.java:2299)
	at peergos.shared.corenode.Proxy.lambda$redirectCall$1(Proxy.java:19)
	at java.base/java.util.concurrent.CompletableFuture.uniComposeStage(CompletableFuture.java:1183)
	at java.base/java.util.concurrent.CompletableFuture.thenCompose(CompletableFuture.java:2299)
	at peergos.shared.corenode.Proxy.redirectCall(Proxy.java:18)
	at peergos.shared.mutable.ProxyingMutablePointers.setPointer(ProxyingMutablePointers.java:27)
	at peergos.server.net.MutationHandler.handle(MutationHandler.java:60)
	at jdk.httpserver/com.sun.net.httpserver.Filter$Chain.doFilter(Filter.java:77)
	at jdk.httpserver/sun.net.httpserver.AuthFilter.doFilter(AuthFilter.java:82)
	at jdk.httpserver/com.sun.net.httpserver.Filter$Chain.doFilter(Filter.java:80)
	at jdk.httpserver/sun.net.httpserver.ServerImpl$Exchange$LinkHandler.handle(ServerImpl.java:692)
	at jdk.httpserver/com.sun.net.httpserver.Filter$Chain.doFilter(Filter.java:77)
	at jdk.httpserver/sun.net.httpserver.ServerImpl$Exchange.run(ServerImpl.java:664)
	at java.base/java.util.concurrent.ThreadPoolExecutor.runWorker(ThreadPoolExecutor.java:1130)
	at java.base/java.util.concurrent.ThreadPoolExecutor$Worker.run(ThreadPoolExecutor.java:630)
	at java.base/java.lang.Thread.run(Thread.java:832)
java.lang.IllegalStateException: Writer not present on this server: z59vuwzfFDokxrv72SBPF9tUrWDK5fN7sazbQXfdAq9JT8gFMwXC5ye
	at peergos.server.space.JdbcUsageStore.getWriterId(JdbcUsageStore.java:179)
	at peergos.server.space.JdbcUsageStore.getOwner(JdbcUsageStore.java:239)
	at peergos.server.space.JdbcUsageStore.getUsage(JdbcUsageStore.java:268)
	at peergos.server.space.SpaceCheckingKeyFilter.prepareMutablePointerChange(SpaceCheckingKeyFilter.java:214)
	at peergos.server.space.SpaceCheckingKeyFilter.accept(SpaceCheckingKeyFilter.java:182)
	at peergos.server.mutable.MutableEventPropagator.lambda$setPointer$0(MutableEventPropagator.java:30)
	at java.base/java.util.concurrent.CompletableFuture.uniApplyNow(CompletableFuture.java:680)
	at java.base/java.util.concurrent.CompletableFuture.uniApplyStage(CompletableFuture.java:658)
	at java.base/java.util.concurrent.CompletableFuture.thenApply(CompletableFuture.java:2158)
	at peergos.server.mutable.MutableEventPropagator.setPointer(MutableEventPropagator.java:26)
	at peergos.server.mutable.PinningMutablePointers.lambda$setPointer$2(PinningMutablePointers.java:52)
	at java.base/java.util.concurrent.CompletableFuture.uniComposeStage(CompletableFuture.java:1183)
	at java.base/java.util.concurrent.CompletableFuture.thenCompose(CompletableFuture.java:2299)
	at peergos.server.mutable.PinningMutablePointers.lambda$setPointer$3(PinningMutablePointers.java:41)
	at java.base/java.util.concurrent.CompletableFuture.uniComposeStage(CompletableFuture.java:1183)
	at java.base/java.util.concurrent.CompletableFuture.thenCompose(CompletableFuture.java:2299)
	at peergos.server.mutable.PinningMutablePointers.setPointer(PinningMutablePointers.java:33)
	at peergos.server.mutable.BlockingMutablePointers.setPointer(BlockingMutablePointers.java:21)
	at peergos.shared.mutable.ProxyingMutablePointers.lambda$setPointer$0(ProxyingMutablePointers.java:30)
	at peergos.shared.corenode.Proxy.lambda$redirectCall$0(Proxy.java:26)
	at java.base/java.util.concurrent.CompletableFuture.uniComposeStage(CompletableFuture.java:1183)
	at java.base/java.util.concurrent.CompletableFuture.thenCompose(CompletableFuture.java:2299)
	at peergos.shared.corenode.Proxy.lambda$redirectCall$1(Proxy.java:19)
	at java.base/java.util.concurrent.CompletableFuture.uniComposeStage(CompletableFuture.java:1183)
	at java.base/java.util.concurrent.CompletableFuture.thenCompose(CompletableFuture.java:2299)
	at peergos.shared.corenode.Proxy.redirectCall(Proxy.java:18)
	at peergos.shared.mutable.ProxyingMutablePointers.setPointer(ProxyingMutablePointers.java:27)
	at peergos.server.net.MutationHandler.handle(MutationHandler.java:60)
	at jdk.httpserver/com.sun.net.httpserver.Filter$Chain.doFilter(Filter.java:77)
	at jdk.httpserver/sun.net.httpserver.AuthFilter.doFilter(AuthFilter.java:82)
	at jdk.httpserver/com.sun.net.httpserver.Filter$Chain.doFilter(Filter.java:80)
	at jdk.httpserver/sun.net.httpserver.ServerImpl$Exchange$LinkHandler.handle(ServerImpl.java:692)
	at jdk.httpserver/com.sun.net.httpserver.Filter$Chain.doFilter(Filter.java:77)
	at jdk.httpserver/sun.net.httpserver.ServerImpl$Exchange.run(ServerImpl.java:664)
	at java.base/java.util.concurrent.ThreadPoolExecutor.runWorker(ThreadPoolExecutor.java:1130)
	at java.base/java.util.concurrent.ThreadPoolExecutor$Worker.run(ThreadPoolExecutor.java:630)
	at java.base/java.lang.Thread.run(Thread.java:832)
java.lang.IllegalStateException: Writer not present on this server: z59vuwzfFDokxrv72SBPF9tUrWDK5fN7sazbQXfdAq9JT8gFMwXC5ye
	at peergos.server.space.JdbcUsageStore.getWriterId(JdbcUsageStore.java:179)
	at peergos.server.space.JdbcUsageStore.getOwner(JdbcUsageStore.java:239)
	at peergos.server.space.JdbcUsageStore.getUsage(JdbcUsageStore.java:268)
	at peergos.server.space.SpaceCheckingKeyFilter.prepareMutablePointerChange(SpaceCheckingKeyFilter.java:214)
	at peergos.server.space.SpaceCheckingKeyFilter.accept(SpaceCheckingKeyFilter.java:182)
	at peergos.server.mutable.MutableEventPropagator.lambda$setPointer$0(MutableEventPropagator.java:30)
	at java.base/java.util.concurrent.CompletableFuture.uniApplyNow(CompletableFuture.java:680)
	at java.base/java.util.concurrent.CompletableFuture.uniApplyStage(CompletableFuture.java:658)
	at java.base/java.util.concurrent.CompletableFuture.thenApply(CompletableFuture.java:2158)
	at peergos.server.mutable.MutableEventPropagator.setPointer(MutableEventPropagator.java:26)
	at peergos.server.mutable.PinningMutablePointers.lambda$setPointer$2(PinningMutablePointers.java:52)
	at java.base/java.util.concurrent.CompletableFuture.uniComposeStage(CompletableFuture.java:1183)
	at java.base/java.util.concurrent.CompletableFuture.thenCompose(CompletableFuture.java:2299)
	at peergos.server.mutable.PinningMutablePointers.lambda$setPointer$3(PinningMutablePointers.java:41)
	at java.base/java.util.concurrent.CompletableFuture.uniComposeStage(CompletableFuture.java:1183)
	at java.base/java.util.concurrent.CompletableFuture.thenCompose(CompletableFuture.java:2299)
	at peergos.server.mutable.PinningMutablePointers.setPointer(PinningMutablePointers.java:33)
	at peergos.server.mutable.BlockingMutablePointers.setPointer(BlockingMutablePointers.java:21)
	at peergos.shared.mutable.ProxyingMutablePointers.lambda$setPointer$0(ProxyingMutablePointers.java:30)
	at peergos.shared.corenode.Proxy.lambda$redirectCall$0(Proxy.java:26)
	at java.base/java.util.concurrent.CompletableFuture.uniComposeStage(CompletableFuture.java:1183)
	at java.base/java.util.concurrent.CompletableFuture.thenCompose(CompletableFuture.java:2299)
	at peergos.shared.corenode.Proxy.lambda$redirectCall$1(Proxy.java:19)
	at java.base/java.util.concurrent.CompletableFuture.uniComposeStage(CompletableFuture.java:1183)
	at java.base/java.util.concurrent.CompletableFuture.thenCompose(CompletableFuture.java:2299)
	at peergos.shared.corenode.Proxy.redirectCall(Proxy.java:18)
	at peergos.shared.mutable.ProxyingMutablePointers.setPointer(ProxyingMutablePointers.java:27)
	at peergos.server.net.MutationHandler.handle(MutationHandler.java:60)
	at jdk.httpserver/com.sun.net.httpserver.Filter$Chain.doFilter(Filter.java:77)
	at jdk.httpserver/sun.net.httpserver.AuthFilter.doFilter(AuthFilter.java:82)
	at jdk.httpserver/com.sun.net.httpserver.Filter$Chain.doFilter(Filter.java:80)
	at jdk.httpserver/sun.net.httpserver.ServerImpl$Exchange$LinkHandler.handle(ServerImpl.java:692)
	at jdk.httpserver/com.sun.net.httpserver.Filter$Chain.doFilter(Filter.java:77)
	at jdk.httpserver/sun.net.httpserver.ServerImpl$Exchange.run(ServerImpl.java:664)
	at java.base/java.util.concurrent.ThreadPoolExecutor.runWorker(ThreadPoolExecutor.java:1130)
	at java.base/java.util.concurrent.ThreadPoolExecutor$Worker.run(ThreadPoolExecutor.java:630)
	at java.base/java.lang.Thread.run(Thread.java:832)
java.lang.IllegalStateException: Writer not present on this server: z59vuwzfFDopoRznPeuFrkikZCWPsK8jw7Rg1i3TKFyy1EFSsJ2x5bs
	at peergos.server.space.JdbcUsageStore.getWriterId(JdbcUsageStore.java:179)
	at peergos.server.space.JdbcUsageStore.getOwner(JdbcUsageStore.java:239)
	at peergos.server.space.JdbcUsageStore.getUsage(JdbcUsageStore.java:268)
	at peergos.server.space.SpaceCheckingKeyFilter.prepareMutablePointerChange(SpaceCheckingKeyFilter.java:214)
	at peergos.server.space.SpaceCheckingKeyFilter.accept(SpaceCheckingKeyFilter.java:182)
	at peergos.server.mutable.MutableEventPropagator.lambda$setPointer$0(MutableEventPropagator.java:30)
	at java.base/java.util.concurrent.CompletableFuture.uniApplyNow(CompletableFuture.java:680)
	at java.base/java.util.concurrent.CompletableFuture.uniApplyStage(CompletableFuture.java:658)
	at java.base/java.util.concurrent.CompletableFuture.thenApply(CompletableFuture.java:2158)
	at peergos.server.mutable.MutableEventPropagator.setPointer(MutableEventPropagator.java:26)
	at peergos.server.mutable.PinningMutablePointers.lambda$setPointer$2(PinningMutablePointers.java:52)
	at java.base/java.util.concurrent.CompletableFuture.uniComposeStage(CompletableFuture.java:1183)
	at java.base/java.util.concurrent.CompletableFuture.thenCompose(CompletableFuture.java:2299)
	at peergos.server.mutable.PinningMutablePointers.lambda$setPointer$3(PinningMutablePointers.java:41)
	at java.base/java.util.concurrent.CompletableFuture.uniComposeStage(CompletableFuture.java:1183)
	at java.base/java.util.concurrent.CompletableFuture.thenCompose(CompletableFuture.java:2299)
	at peergos.server.mutable.PinningMutablePointers.setPointer(PinningMutablePointers.java:33)
	at peergos.server.mutable.BlockingMutablePointers.setPointer(BlockingMutablePointers.java:21)
	at peergos.shared.mutable.ProxyingMutablePointers.lambda$setPointer$0(ProxyingMutablePointers.java:30)
	at peergos.shared.corenode.Proxy.lambda$redirectCall$0(Proxy.java:26)
	at java.base/java.util.concurrent.CompletableFuture.uniComposeStage(CompletableFuture.java:1183)
	at java.base/java.util.concurrent.CompletableFuture.thenCompose(CompletableFuture.java:2299)
	at peergos.shared.corenode.Proxy.lambda$redirectCall$1(Proxy.java:19)
	at java.base/java.util.concurrent.CompletableFuture.uniComposeStage(CompletableFuture.java:1183)
	at java.base/java.util.concurrent.CompletableFuture.thenCompose(CompletableFuture.java:2299)
	at peergos.shared.corenode.Proxy.redirectCall(Proxy.java:18)
	at peergos.shared.mutable.ProxyingMutablePointers.setPointer(ProxyingMutablePointers.java:27)
	at peergos.server.net.MutationHandler.handle(MutationHandler.java:60)
	at jdk.httpserver/com.sun.net.httpserver.Filter$Chain.doFilter(Filter.java:77)
	at jdk.httpserver/sun.net.httpserver.AuthFilter.doFilter(AuthFilter.java:82)
	at jdk.httpserver/com.sun.net.httpserver.Filter$Chain.doFilter(Filter.java:80)
	at jdk.httpserver/sun.net.httpserver.ServerImpl$Exchange$LinkHandler.handle(ServerImpl.java:692)
	at jdk.httpserver/com.sun.net.httpserver.Filter$Chain.doFilter(Filter.java:77)
	at jdk.httpserver/sun.net.httpserver.ServerImpl$Exchange.run(ServerImpl.java:664)
	at java.base/java.util.concurrent.ThreadPoolExecutor.runWorker(ThreadPoolExecutor.java:1130)
	at java.base/java.util.concurrent.ThreadPoolExecutor$Worker.run(ThreadPoolExecutor.java:630)
	at java.base/java.lang.Thread.run(Thread.java:832)
java.lang.IllegalStateException: Writer not present on this server: z59vuwzfFDopoRznPeuFrkikZCWPsK8jw7Rg1i3TKFyy1EFSsJ2x5bs
	at peergos.server.space.JdbcUsageStore.getWriterId(JdbcUsageStore.java:179)
	at peergos.server.space.JdbcUsageStore.getOwner(JdbcUsageStore.java:239)
	at peergos.server.space.JdbcUsageStore.getUsage(JdbcUsageStore.java:268)
	at peergos.server.space.SpaceCheckingKeyFilter.prepareMutablePointerChange(SpaceCheckingKeyFilter.java:214)
	at peergos.server.space.SpaceCheckingKeyFilter.accept(SpaceCheckingKeyFilter.java:182)
	at peergos.server.mutable.MutableEventPropagator.lambda$setPointer$0(MutableEventPropagator.java:30)
	at java.base/java.util.concurrent.CompletableFuture.uniApplyNow(CompletableFuture.java:680)
	at java.base/java.util.concurrent.CompletableFuture.uniApplyStage(CompletableFuture.java:658)
	at java.base/java.util.concurrent.CompletableFuture.thenApply(CompletableFuture.java:2158)
	at peergos.server.mutable.MutableEventPropagator.setPointer(MutableEventPropagator.java:26)
	at peergos.server.mutable.PinningMutablePointers.lambda$setPointer$2(PinningMutablePointers.java:52)
	at java.base/java.util.concurrent.CompletableFuture.uniComposeStage(CompletableFuture.java:1183)
	at java.base/java.util.concurrent.CompletableFuture.thenCompose(CompletableFuture.java:2299)
	at peergos.server.mutable.PinningMutablePointers.lambda$setPointer$3(PinningMutablePointers.java:41)
	at java.base/java.util.concurrent.CompletableFuture.uniComposeStage(CompletableFuture.java:1183)
	at java.base/java.util.concurrent.CompletableFuture.thenCompose(CompletableFuture.java:2299)
	at peergos.server.mutable.PinningMutablePointers.setPointer(PinningMutablePointers.java:33)
	at peergos.server.mutable.BlockingMutablePointers.setPointer(BlockingMutablePointers.java:21)
	at peergos.shared.mutable.ProxyingMutablePointers.lambda$setPointer$0(ProxyingMutablePointers.java:30)
	at peergos.shared.corenode.Proxy.lambda$redirectCall$0(Proxy.java:26)
	at java.base/java.util.concurrent.CompletableFuture.uniComposeStage(CompletableFuture.java:1183)
	at java.base/java.util.concurrent.CompletableFuture.thenCompose(CompletableFuture.java:2299)
	at peergos.shared.corenode.Proxy.lambda$redirectCall$1(Proxy.java:19)
	at java.base/java.util.concurrent.CompletableFuture.uniComposeStage(CompletableFuture.java:1183)
	at java.base/java.util.concurrent.CompletableFuture.thenCompose(CompletableFuture.java:2299)
	at peergos.shared.corenode.Proxy.redirectCall(Proxy.java:18)
	at peergos.shared.mutable.ProxyingMutablePointers.setPointer(ProxyingMutablePointers.java:27)
	at peergos.server.net.MutationHandler.handle(MutationHandler.java:60)
	at jdk.httpserver/com.sun.net.httpserver.Filter$Chain.doFilter(Filter.java:77)
	at jdk.httpserver/sun.net.httpserver.AuthFilter.doFilter(AuthFilter.java:82)
	at jdk.httpserver/com.sun.net.httpserver.Filter$Chain.doFilter(Filter.java:80)
	at jdk.httpserver/sun.net.httpserver.ServerImpl$Exchange$LinkHandler.handle(ServerImpl.java:692)
	at jdk.httpserver/com.sun.net.httpserver.Filter$Chain.doFilter(Filter.java:77)
	at jdk.httpserver/sun.net.httpserver.ServerImpl$Exchange.run(ServerImpl.java:664)
	at java.base/java.util.concurrent.ThreadPoolExecutor.runWorker(ThreadPoolExecutor.java:1130)
	at java.base/java.util.concurrent.ThreadPoolExecutor$Worker.run(ThreadPoolExecutor.java:630)
	at java.base/java.lang.Thread.run(Thread.java:832)
java.lang.IllegalStateException: Writer not present on this server: z59vuwzfFDp3dKEScaQ4YytbxRwXpdWi13nxaQct8H1RFxCsUpH3aRh
	at peergos.server.space.JdbcUsageStore.getWriterId(JdbcUsageStore.java:179)
	at peergos.server.space.JdbcUsageStore.getOwner(JdbcUsageStore.java:239)
	at peergos.server.space.JdbcUsageStore.getUsage(JdbcUsageStore.java:268)
	at peergos.server.space.SpaceCheckingKeyFilter.prepareMutablePointerChange(SpaceCheckingKeyFilter.java:214)
	at peergos.server.space.SpaceCheckingKeyFilter.accept(SpaceCheckingKeyFilter.java:182)
	at peergos.server.mutable.MutableEventPropagator.lambda$setPointer$0(MutableEventPropagator.java:30)
	at java.base/java.util.concurrent.CompletableFuture.uniApplyNow(CompletableFuture.java:680)
	at java.base/java.util.concurrent.CompletableFuture.uniApplyStage(CompletableFuture.java:658)
	at java.base/java.util.concurrent.CompletableFuture.thenApply(CompletableFuture.java:2158)
	at peergos.server.mutable.MutableEventPropagator.setPointer(MutableEventPropagator.java:26)
	at peergos.server.mutable.PinningMutablePointers.lambda$setPointer$2(PinningMutablePointers.java:52)
	at java.base/java.util.concurrent.CompletableFuture.uniComposeStage(CompletableFuture.java:1183)
	at java.base/java.util.concurrent.CompletableFuture.thenCompose(CompletableFuture.java:2299)
	at peergos.server.mutable.PinningMutablePointers.lambda$setPointer$3(PinningMutablePointers.java:41)
	at java.base/java.util.concurrent.CompletableFuture.uniComposeStage(CompletableFuture.java:1183)
	at java.base/java.util.concurrent.CompletableFuture.thenCompose(CompletableFuture.java:2299)
	at peergos.server.mutable.PinningMutablePointers.setPointer(PinningMutablePointers.java:33)
	at peergos.server.mutable.BlockingMutablePointers.setPointer(BlockingMutablePointers.java:21)
	at peergos.shared.mutable.ProxyingMutablePointers.lambda$setPointer$0(ProxyingMutablePointers.java:30)
	at peergos.shared.corenode.Proxy.lambda$redirectCall$0(Proxy.java:26)
	at java.base/java.util.concurrent.CompletableFuture.uniComposeStage(CompletableFuture.java:1183)
	at java.base/java.util.concurrent.CompletableFuture.thenCompose(CompletableFuture.java:2299)
	at peergos.shared.corenode.Proxy.lambda$redirectCall$1(Proxy.java:19)
	at java.base/java.util.concurrent.CompletableFuture.uniComposeStage(CompletableFuture.java:1183)
	at java.base/java.util.concurrent.CompletableFuture.thenCompose(CompletableFuture.java:2299)
	at peergos.shared.corenode.Proxy.redirectCall(Proxy.java:18)
	at peergos.shared.mutable.ProxyingMutablePointers.setPointer(ProxyingMutablePointers.java:27)
	at peergos.server.net.MutationHandler.handle(MutationHandler.java:60)
	at jdk.httpserver/com.sun.net.httpserver.Filter$Chain.doFilter(Filter.java:77)
	at jdk.httpserver/sun.net.httpserver.AuthFilter.doFilter(AuthFilter.java:82)
	at jdk.httpserver/com.sun.net.httpserver.Filter$Chain.doFilter(Filter.java:80)
	at jdk.httpserver/sun.net.httpserver.ServerImpl$Exchange$LinkHandler.handle(ServerImpl.java:692)
	at jdk.httpserver/com.sun.net.httpserver.Filter$Chain.doFilter(Filter.java:77)
	at jdk.httpserver/sun.net.httpserver.ServerImpl$Exchange.run(ServerImpl.java:664)
	at java.base/java.util.concurrent.ThreadPoolExecutor.runWorker(ThreadPoolExecutor.java:1130)
	at java.base/java.util.concurrent.ThreadPoolExecutor$Worker.run(ThreadPoolExecutor.java:630)
	at java.base/java.lang.Thread.run(Thread.java:832)
java.lang.IllegalStateException: Writer not present on this server: z59vuwzfFDp3dKEScaQ4YytbxRwXpdWi13nxaQct8H1RFxCsUpH3aRh
	at peergos.server.space.JdbcUsageStore.getWriterId(JdbcUsageStore.java:179)
	at peergos.server.space.JdbcUsageStore.getOwner(JdbcUsageStore.java:239)
	at peergos.server.space.JdbcUsageStore.getUsage(JdbcUsageStore.java:268)
	at peergos.server.space.SpaceCheckingKeyFilter.prepareMutablePointerChange(SpaceCheckingKeyFilter.java:214)
	at peergos.server.space.SpaceCheckingKeyFilter.accept(SpaceCheckingKeyFilter.java:182)
	at peergos.server.mutable.MutableEventPropagator.lambda$setPointer$0(MutableEventPropagator.java:30)
	at java.base/java.util.concurrent.CompletableFuture.uniApplyNow(CompletableFuture.java:680)
	at java.base/java.util.concurrent.CompletableFuture.uniApplyStage(CompletableFuture.java:658)
	at java.base/java.util.concurrent.CompletableFuture.thenApply(CompletableFuture.java:2158)
	at peergos.server.mutable.MutableEventPropagator.setPointer(MutableEventPropagator.java:26)
	at peergos.server.mutable.PinningMutablePointers.lambda$setPointer$2(PinningMutablePointers.java:52)
	at java.base/java.util.concurrent.CompletableFuture.uniComposeStage(CompletableFuture.java:1183)
	at java.base/java.util.concurrent.CompletableFuture.thenCompose(CompletableFuture.java:2299)
	at peergos.server.mutable.PinningMutablePointers.lambda$setPointer$3(PinningMutablePointers.java:41)
	at java.base/java.util.concurrent.CompletableFuture.uniComposeStage(CompletableFuture.java:1183)
	at java.base/java.util.concurrent.CompletableFuture.thenCompose(CompletableFuture.java:2299)
	at peergos.server.mutable.PinningMutablePointers.setPointer(PinningMutablePointers.java:33)
	at peergos.server.mutable.BlockingMutablePointers.setPointer(BlockingMutablePointers.java:21)
	at peergos.shared.mutable.ProxyingMutablePointers.lambda$setPointer$0(ProxyingMutablePointers.java:30)
	at peergos.shared.corenode.Proxy.lambda$redirectCall$0(Proxy.java:26)
	at java.base/java.util.concurrent.CompletableFuture.uniComposeStage(CompletableFuture.java:1183)
	at java.base/java.util.concurrent.CompletableFuture.thenCompose(CompletableFuture.java:2299)
	at peergos.shared.corenode.Proxy.lambda$redirectCall$1(Proxy.java:19)
	at java.base/java.util.concurrent.CompletableFuture.uniComposeStage(CompletableFuture.java:1183)
	at java.base/java.util.concurrent.CompletableFuture.thenCompose(CompletableFuture.java:2299)
	at peergos.shared.corenode.Proxy.redirectCall(Proxy.java:18)
	at peergos.shared.mutable.ProxyingMutablePointers.setPointer(ProxyingMutablePointers.java:27)
	at peergos.server.net.MutationHandler.handle(MutationHandler.java:60)
	at jdk.httpserver/com.sun.net.httpserver.Filter$Chain.doFilter(Filter.java:77)
	at jdk.httpserver/sun.net.httpserver.AuthFilter.doFilter(AuthFilter.java:82)
	at jdk.httpserver/com.sun.net.httpserver.Filter$Chain.doFilter(Filter.java:80)
	at jdk.httpserver/sun.net.httpserver.ServerImpl$Exchange$LinkHandler.handle(ServerImpl.java:692)
	at jdk.httpserver/com.sun.net.httpserver.Filter$Chain.doFilter(Filter.java:77)
	at jdk.httpserver/sun.net.httpserver.ServerImpl$Exchange.run(ServerImpl.java:664)
	at java.base/java.util.concurrent.ThreadPoolExecutor.runWorker(ThreadPoolExecutor.java:1130)
	at java.base/java.util.concurrent.ThreadPoolExecutor$Worker.run(ThreadPoolExecutor.java:630)
	at java.base/java.lang.Thread.run(Thread.java:832)
java.lang.IllegalStateException: Writer not present on this server: z59vuwzfFDopoRznPeuFrkikZCWPsK8jw7Rg1i3TKFyy1EFSsJ2x5bs
	at peergos.server.space.JdbcUsageStore.getWriterId(JdbcUsageStore.java:179)
	at peergos.server.space.JdbcUsageStore.getOwner(JdbcUsageStore.java:239)
	at peergos.server.space.JdbcUsageStore.getUsage(JdbcUsageStore.java:268)
	at peergos.server.space.SpaceCheckingKeyFilter.prepareMutablePointerChange(SpaceCheckingKeyFilter.java:214)
	at peergos.server.space.SpaceCheckingKeyFilter.accept(SpaceCheckingKeyFilter.java:182)
	at peergos.server.mutable.MutableEventPropagator.lambda$setPointer$0(MutableEventPropagator.java:30)
	at java.base/java.util.concurrent.CompletableFuture.uniApplyNow(CompletableFuture.java:680)
	at java.base/java.util.concurrent.CompletableFuture.uniApplyStage(CompletableFuture.java:658)
	at java.base/java.util.concurrent.CompletableFuture.thenApply(CompletableFuture.java:2158)
	at peergos.server.mutable.MutableEventPropagator.setPointer(MutableEventPropagator.java:26)
	at peergos.server.mutable.PinningMutablePointers.lambda$setPointer$2(PinningMutablePointers.java:52)
	at java.base/java.util.concurrent.CompletableFuture.uniComposeStage(CompletableFuture.java:1183)
	at java.base/java.util.concurrent.CompletableFuture.thenCompose(CompletableFuture.java:2299)
	at peergos.server.mutable.PinningMutablePointers.lambda$setPointer$3(PinningMutablePointers.java:41)
	at java.base/java.util.concurrent.CompletableFuture.uniComposeStage(CompletableFuture.java:1183)
	at java.base/java.util.concurrent.CompletableFuture.thenCompose(CompletableFuture.java:2299)
	at peergos.server.mutable.PinningMutablePointers.setPointer(PinningMutablePointers.java:33)
	at peergos.server.mutable.BlockingMutablePointers.setPointer(BlockingMutablePointers.java:21)
	at peergos.shared.mutable.ProxyingMutablePointers.lambda$setPointer$0(ProxyingMutablePointers.java:30)
	at peergos.shared.corenode.Proxy.lambda$redirectCall$0(Proxy.java:26)
	at java.base/java.util.concurrent.CompletableFuture.uniComposeStage(CompletableFuture.java:1183)
	at java.base/java.util.concurrent.CompletableFuture.thenCompose(CompletableFuture.java:2299)
	at peergos.shared.corenode.Proxy.lambda$redirectCall$1(Proxy.java:19)
	at java.base/java.util.concurrent.CompletableFuture.uniComposeStage(CompletableFuture.java:1183)
	at java.base/java.util.concurrent.CompletableFuture.thenCompose(CompletableFuture.java:2299)
	at peergos.shared.corenode.Proxy.redirectCall(Proxy.java:18)
	at peergos.shared.mutable.ProxyingMutablePointers.setPointer(ProxyingMutablePointers.java:27)
	at peergos.server.net.MutationHandler.handle(MutationHandler.java:60)
	at jdk.httpserver/com.sun.net.httpserver.Filter$Chain.doFilter(Filter.java:77)
	at jdk.httpserver/sun.net.httpserver.AuthFilter.doFilter(AuthFilter.java:82)
	at jdk.httpserver/com.sun.net.httpserver.Filter$Chain.doFilter(Filter.java:80)
	at jdk.httpserver/sun.net.httpserver.ServerImpl$Exchange$LinkHandler.handle(ServerImpl.java:692)
	at jdk.httpserver/com.sun.net.httpserver.Filter$Chain.doFilter(Filter.java:77)
	at jdk.httpserver/sun.net.httpserver.ServerImpl$Exchange.run(ServerImpl.java:664)
	at java.base/java.util.concurrent.ThreadPoolExecutor.runWorker(ThreadPoolExecutor.java:1130)
	at java.base/java.util.concurrent.ThreadPoolExecutor$Worker.run(ThreadPoolExecutor.java:630)
	at java.base/java.lang.Thread.run(Thread.java:832)
java.lang.IllegalStateException: Writer not present on this server: z59vuwzfFDp3dKEScaQ4YytbxRwXpdWi13nxaQct8H1RFxCsUpH3aRh
	at peergos.server.space.JdbcUsageStore.getWriterId(JdbcUsageStore.java:179)
	at peergos.server.space.JdbcUsageStore.getOwner(JdbcUsageStore.java:239)
	at peergos.server.space.JdbcUsageStore.getUsage(JdbcUsageStore.java:268)
	at peergos.server.space.SpaceCheckingKeyFilter.prepareMutablePointerChange(SpaceCheckingKeyFilter.java:214)
	at peergos.server.space.SpaceCheckingKeyFilter.accept(SpaceCheckingKeyFilter.java:182)
	at peergos.server.mutable.MutableEventPropagator.lambda$setPointer$0(MutableEventPropagator.java:30)
	at java.base/java.util.concurrent.CompletableFuture.uniApplyNow(CompletableFuture.java:680)
	at java.base/java.util.concurrent.CompletableFuture.uniApplyStage(CompletableFuture.java:658)
	at java.base/java.util.concurrent.CompletableFuture.thenApply(CompletableFuture.java:2158)
	at peergos.server.mutable.MutableEventPropagator.setPointer(MutableEventPropagator.java:26)
	at peergos.server.mutable.PinningMutablePointers.lambda$setPointer$2(PinningMutablePointers.java:52)
	at java.base/java.util.concurrent.CompletableFuture.uniComposeStage(CompletableFuture.java:1183)
	at java.base/java.util.concurrent.CompletableFuture.thenCompose(CompletableFuture.java:2299)
	at peergos.server.mutable.PinningMutablePointers.lambda$setPointer$3(PinningMutablePointers.java:41)
	at java.base/java.util.concurrent.CompletableFuture.uniComposeStage(CompletableFuture.java:1183)
	at java.base/java.util.concurrent.CompletableFuture.thenCompose(CompletableFuture.java:2299)
	at peergos.server.mutable.PinningMutablePointers.setPointer(PinningMutablePointers.java:33)
	at peergos.server.mutable.BlockingMutablePointers.setPointer(BlockingMutablePointers.java:21)
	at peergos.shared.mutable.ProxyingMutablePointers.lambda$setPointer$0(ProxyingMutablePointers.java:30)
	at peergos.shared.corenode.Proxy.lambda$redirectCall$0(Proxy.java:26)
	at java.base/java.util.concurrent.CompletableFuture.uniComposeStage(CompletableFuture.java:1183)
	at java.base/java.util.concurrent.CompletableFuture.thenCompose(CompletableFuture.java:2299)
	at peergos.shared.corenode.Proxy.lambda$redirectCall$1(Proxy.java:19)
	at java.base/java.util.concurrent.CompletableFuture.uniComposeStage(CompletableFuture.java:1183)
	at java.base/java.util.concurrent.CompletableFuture.thenCompose(CompletableFuture.java:2299)
	at peergos.shared.corenode.Proxy.redirectCall(Proxy.java:18)
	at peergos.shared.mutable.ProxyingMutablePointers.setPointer(ProxyingMutablePointers.java:27)
	at peergos.server.net.MutationHandler.handle(MutationHandler.java:60)
	at jdk.httpserver/com.sun.net.httpserver.Filter$Chain.doFilter(Filter.java:77)
	at jdk.httpserver/sun.net.httpserver.AuthFilter.doFilter(AuthFilter.java:82)
	at jdk.httpserver/com.sun.net.httpserver.Filter$Chain.doFilter(Filter.java:80)
	at jdk.httpserver/sun.net.httpserver.ServerImpl$Exchange$LinkHandler.handle(ServerImpl.java:692)
	at jdk.httpserver/com.sun.net.httpserver.Filter$Chain.doFilter(Filter.java:77)
	at jdk.httpserver/sun.net.httpserver.ServerImpl$Exchange.run(ServerImpl.java:664)
	at java.base/java.util.concurrent.ThreadPoolExecutor.runWorker(ThreadPoolExecutor.java:1130)
	at java.base/java.util.concurrent.ThreadPoolExecutor$Worker.run(ThreadPoolExecutor.java:630)
	at java.base/java.lang.Thread.run(Thread.java:832)
java.lang.IllegalStateException: Writer not present on this server: z59vuwzfFDp3dKEScaQ4YytbxRwXpdWi13nxaQct8H1RFxCsUpH3aRh
	at peergos.server.space.JdbcUsageStore.getWriterId(JdbcUsageStore.java:179)
	at peergos.server.space.JdbcUsageStore.getOwner(JdbcUsageStore.java:239)
	at peergos.server.space.JdbcUsageStore.getUsage(JdbcUsageStore.java:268)
	at peergos.server.space.SpaceCheckingKeyFilter.prepareMutablePointerChange(SpaceCheckingKeyFilter.java:214)
	at peergos.server.space.SpaceCheckingKeyFilter.accept(SpaceCheckingKeyFilter.java:182)
	at peergos.server.mutable.MutableEventPropagator.lambda$setPointer$0(MutableEventPropagator.java:30)
	at java.base/java.util.concurrent.CompletableFuture.uniApplyNow(CompletableFuture.java:680)
	at java.base/java.util.concurrent.CompletableFuture.uniApplyStage(CompletableFuture.java:658)
	at java.base/java.util.concurrent.CompletableFuture.thenApply(CompletableFuture.java:2158)
	at peergos.server.mutable.MutableEventPropagator.setPointer(MutableEventPropagator.java:26)
	at peergos.server.mutable.PinningMutablePointers.lambda$setPointer$2(PinningMutablePointers.java:52)
	at java.base/java.util.concurrent.CompletableFuture.uniComposeStage(CompletableFuture.java:1183)
	at java.base/java.util.concurrent.CompletableFuture.thenCompose(CompletableFuture.java:2299)
	at peergos.server.mutable.PinningMutablePointers.lambda$setPointer$3(PinningMutablePointers.java:41)
	at java.base/java.util.concurrent.CompletableFuture.uniComposeStage(CompletableFuture.java:1183)
	at java.base/java.util.concurrent.CompletableFuture.thenCompose(CompletableFuture.java:2299)
	at peergos.server.mutable.PinningMutablePointers.setPointer(PinningMutablePointers.java:33)
	at peergos.server.mutable.BlockingMutablePointers.setPointer(BlockingMutablePointers.java:21)
	at peergos.shared.mutable.ProxyingMutablePointers.lambda$setPointer$0(ProxyingMutablePointers.java:30)
	at peergos.shared.corenode.Proxy.lambda$redirectCall$0(Proxy.java:26)
	at java.base/java.util.concurrent.CompletableFuture.uniComposeStage(CompletableFuture.java:1183)
	at java.base/java.util.concurrent.CompletableFuture.thenCompose(CompletableFuture.java:2299)
	at peergos.shared.corenode.Proxy.lambda$redirectCall$1(Proxy.java:19)
	at java.base/java.util.concurrent.CompletableFuture.uniComposeStage(CompletableFuture.java:1183)
	at java.base/java.util.concurrent.CompletableFuture.thenCompose(CompletableFuture.java:2299)
	at peergos.shared.corenode.Proxy.redirectCall(Proxy.java:18)
	at peergos.shared.mutable.ProxyingMutablePointers.setPointer(ProxyingMutablePointers.java:27)
	at peergos.server.net.MutationHandler.handle(MutationHandler.java:60)
	at jdk.httpserver/com.sun.net.httpserver.Filter$Chain.doFilter(Filter.java:77)
	at jdk.httpserver/sun.net.httpserver.AuthFilter.doFilter(AuthFilter.java:82)
	at jdk.httpserver/com.sun.net.httpserver.Filter$Chain.doFilter(Filter.java:80)
	at jdk.httpserver/sun.net.httpserver.ServerImpl$Exchange$LinkHandler.handle(ServerImpl.java:692)
	at jdk.httpserver/com.sun.net.httpserver.Filter$Chain.doFilter(Filter.java:77)
	at jdk.httpserver/sun.net.httpserver.ServerImpl$Exchange.run(ServerImpl.java:664)
	at java.base/java.util.concurrent.ThreadPoolExecutor.runWorker(ThreadPoolExecutor.java:1130)
	at java.base/java.util.concurrent.ThreadPoolExecutor$Worker.run(ThreadPoolExecutor.java:630)
	at java.base/java.lang.Thread.run(Thread.java:832)
java.lang.IllegalStateException: Writer not present on this server: z59vuwzfFDp3dKEScaQ4YytbxRwXpdWi13nxaQct8H1RFxCsUpH3aRh
	at peergos.server.space.JdbcUsageStore.getWriterId(JdbcUsageStore.java:179)
	at peergos.server.space.JdbcUsageStore.getOwner(JdbcUsageStore.java:239)
	at peergos.server.space.JdbcUsageStore.getUsage(JdbcUsageStore.java:268)
	at peergos.server.space.SpaceCheckingKeyFilter.prepareMutablePointerChange(SpaceCheckingKeyFilter.java:214)
	at peergos.server.space.SpaceCheckingKeyFilter.accept(SpaceCheckingKeyFilter.java:182)
	at peergos.server.mutable.MutableEventPropagator.lambda$setPointer$0(MutableEventPropagator.java:30)
	at java.base/java.util.concurrent.CompletableFuture.uniApplyNow(CompletableFuture.java:680)
	at java.base/java.util.concurrent.CompletableFuture.uniApplyStage(CompletableFuture.java:658)
	at java.base/java.util.concurrent.CompletableFuture.thenApply(CompletableFuture.java:2158)
	at peergos.server.mutable.MutableEventPropagator.setPointer(MutableEventPropagator.java:26)
	at peergos.server.mutable.PinningMutablePointers.lambda$setPointer$2(PinningMutablePointers.java:52)
	at java.base/java.util.concurrent.CompletableFuture.uniComposeStage(CompletableFuture.java:1183)
	at java.base/java.util.concurrent.CompletableFuture.thenCompose(CompletableFuture.java:2299)
	at peergos.server.mutable.PinningMutablePointers.lambda$setPointer$3(PinningMutablePointers.java:41)
	at java.base/java.util.concurrent.CompletableFuture.uniComposeStage(CompletableFuture.java:1183)
	at java.base/java.util.concurrent.CompletableFuture.thenCompose(CompletableFuture.java:2299)
	at peergos.server.mutable.PinningMutablePointers.setPointer(PinningMutablePointers.java:33)
	at peergos.server.mutable.BlockingMutablePointers.setPointer(BlockingMutablePointers.java:21)
	at peergos.shared.mutable.ProxyingMutablePointers.lambda$setPointer$0(ProxyingMutablePointers.java:30)
	at peergos.shared.corenode.Proxy.lambda$redirectCall$0(Proxy.java:26)
	at java.base/java.util.concurrent.CompletableFuture.uniComposeStage(CompletableFuture.java:1183)
	at java.base/java.util.concurrent.CompletableFuture.thenCompose(CompletableFuture.java:2299)
	at peergos.shared.corenode.Proxy.lambda$redirectCall$1(Proxy.java:19)
	at java.base/java.util.concurrent.CompletableFuture.uniComposeStage(CompletableFuture.java:1183)
	at java.base/java.util.concurrent.CompletableFuture.thenCompose(CompletableFuture.java:2299)
	at peergos.shared.corenode.Proxy.redirectCall(Proxy.java:18)
	at peergos.shared.mutable.ProxyingMutablePointers.setPointer(ProxyingMutablePointers.java:27)
	at peergos.server.net.MutationHandler.handle(MutationHandler.java:60)
	at jdk.httpserver/com.sun.net.httpserver.Filter$Chain.doFilter(Filter.java:77)
	at jdk.httpserver/sun.net.httpserver.AuthFilter.doFilter(AuthFilter.java:82)
	at jdk.httpserver/com.sun.net.httpserver.Filter$Chain.doFilter(Filter.java:80)
	at jdk.httpserver/sun.net.httpserver.ServerImpl$Exchange$LinkHandler.handle(ServerImpl.java:692)
	at jdk.httpserver/com.sun.net.httpserver.Filter$Chain.doFilter(Filter.java:77)
	at jdk.httpserver/sun.net.httpserver.ServerImpl$Exchange.run(ServerImpl.java:664)
	at java.base/java.util.concurrent.ThreadPoolExecutor.runWorker(ThreadPoolExecutor.java:1130)
	at java.base/java.util.concurrent.ThreadPoolExecutor$Worker.run(ThreadPoolExecutor.java:630)
	at java.base/java.lang.Thread.run(Thread.java:832)
java.lang.IllegalStateException: Writer not present on this server: z59vuwzfFDp3dKEScaQ4YytbxRwXpdWi13nxaQct8H1RFxCsUpH3aRh
	at peergos.server.space.JdbcUsageStore.getWriterId(JdbcUsageStore.java:179)
	at peergos.server.space.JdbcUsageStore.getOwner(JdbcUsageStore.java:239)
	at peergos.server.space.JdbcUsageStore.getUsage(JdbcUsageStore.java:268)
	at peergos.server.space.SpaceCheckingKeyFilter.prepareMutablePointerChange(SpaceCheckingKeyFilter.java:214)
	at peergos.server.space.SpaceCheckingKeyFilter.accept(SpaceCheckingKeyFilter.java:182)
	at peergos.server.mutable.MutableEventPropagator.lambda$setPointer$0(MutableEventPropagator.java:30)
	at java.base/java.util.concurrent.CompletableFuture.uniApplyNow(CompletableFuture.java:680)
	at java.base/java.util.concurrent.CompletableFuture.uniApplyStage(CompletableFuture.java:658)
	at java.base/java.util.concurrent.CompletableFuture.thenApply(CompletableFuture.java:2158)
	at peergos.server.mutable.MutableEventPropagator.setPointer(MutableEventPropagator.java:26)
	at peergos.server.mutable.PinningMutablePointers.lambda$setPointer$2(PinningMutablePointers.java:52)
	at java.base/java.util.concurrent.CompletableFuture.uniComposeStage(CompletableFuture.java:1183)
	at java.base/java.util.concurrent.CompletableFuture.thenCompose(CompletableFuture.java:2299)
	at peergos.server.mutable.PinningMutablePointers.lambda$setPointer$3(PinningMutablePointers.java:41)
	at java.base/java.util.concurrent.CompletableFuture.uniComposeStage(CompletableFuture.java:1183)
	at java.base/java.util.concurrent.CompletableFuture.thenCompose(CompletableFuture.java:2299)
	at peergos.server.mutable.PinningMutablePointers.setPointer(PinningMutablePointers.java:33)
	at peergos.server.mutable.BlockingMutablePointers.setPointer(BlockingMutablePointers.java:21)
	at peergos.shared.mutable.ProxyingMutablePointers.lambda$setPointer$0(ProxyingMutablePointers.java:30)
	at peergos.shared.corenode.Proxy.lambda$redirectCall$0(Proxy.java:26)
	at java.base/java.util.concurrent.CompletableFuture.uniComposeStage(CompletableFuture.java:1183)
	at java.base/java.util.concurrent.CompletableFuture.thenCompose(CompletableFuture.java:2299)
	at peergos.shared.corenode.Proxy.lambda$redirectCall$1(Proxy.java:19)
	at java.base/java.util.concurrent.CompletableFuture.uniComposeStage(CompletableFuture.java:1183)
	at java.base/java.util.concurrent.CompletableFuture.thenCompose(CompletableFuture.java:2299)
	at peergos.shared.corenode.Proxy.redirectCall(Proxy.java:18)
	at peergos.shared.mutable.ProxyingMutablePointers.setPointer(ProxyingMutablePointers.java:27)
	at peergos.server.net.MutationHandler.handle(MutationHandler.java:60)
	at jdk.httpserver/com.sun.net.httpserver.Filter$Chain.doFilter(Filter.java:77)
	at jdk.httpserver/sun.net.httpserver.AuthFilter.doFilter(AuthFilter.java:82)
	at jdk.httpserver/com.sun.net.httpserver.Filter$Chain.doFilter(Filter.java:80)
	at jdk.httpserver/sun.net.httpserver.ServerImpl$Exchange$LinkHandler.handle(ServerImpl.java:692)
	at jdk.httpserver/com.sun.net.httpserver.Filter$Chain.doFilter(Filter.java:77)
	at jdk.httpserver/sun.net.httpserver.ServerImpl$Exchange.run(ServerImpl.java:664)
	at java.base/java.util.concurrent.ThreadPoolExecutor.runWorker(ThreadPoolExecutor.java:1130)
	at java.base/java.util.concurrent.ThreadPoolExecutor$Worker.run(ThreadPoolExecutor.java:630)
	at java.base/java.lang.Thread.run(Thread.java:832)
java.lang.IllegalStateException: Writer not present on this server: z59vuwzfFDp3dKEScaQ4YytbxRwXpdWi13nxaQct8H1RFxCsUpH3aRh
	at peergos.server.space.JdbcUsageStore.getWriterId(JdbcUsageStore.java:179)
	at peergos.server.space.JdbcUsageStore.getOwner(JdbcUsageStore.java:239)
	at peergos.server.space.JdbcUsageStore.getUsage(JdbcUsageStore.java:268)
	at peergos.server.space.SpaceCheckingKeyFilter.prepareMutablePointerChange(SpaceCheckingKeyFilter.java:214)
	at peergos.server.space.SpaceCheckingKeyFilter.accept(SpaceCheckingKeyFilter.java:182)
	at peergos.server.mutable.MutableEventPropagator.lambda$setPointer$0(MutableEventPropagator.java:30)
	at java.base/java.util.concurrent.CompletableFuture.uniApplyNow(CompletableFuture.java:680)
	at java.base/java.util.concurrent.CompletableFuture.uniApplyStage(CompletableFuture.java:658)
	at java.base/java.util.concurrent.CompletableFuture.thenApply(CompletableFuture.java:2158)
	at peergos.server.mutable.MutableEventPropagator.setPointer(MutableEventPropagator.java:26)
	at peergos.server.mutable.PinningMutablePointers.lambda$setPointer$2(PinningMutablePointers.java:52)
	at java.base/java.util.concurrent.CompletableFuture.uniComposeStage(CompletableFuture.java:1183)
	at java.base/java.util.concurrent.CompletableFuture.thenCompose(CompletableFuture.java:2299)
	at peergos.server.mutable.PinningMutablePointers.lambda$setPointer$3(PinningMutablePointers.java:41)
	at java.base/java.util.concurrent.CompletableFuture.uniComposeStage(CompletableFuture.java:1183)
	at java.base/java.util.concurrent.CompletableFuture.thenCompose(CompletableFuture.java:2299)
	at peergos.server.mutable.PinningMutablePointers.setPointer(PinningMutablePointers.java:33)
	at peergos.server.mutable.BlockingMutablePointers.setPointer(BlockingMutablePointers.java:21)
	at peergos.shared.mutable.ProxyingMutablePointers.lambda$setPointer$0(ProxyingMutablePointers.java:30)
	at peergos.shared.corenode.Proxy.lambda$redirectCall$0(Proxy.java:26)
	at java.base/java.util.concurrent.CompletableFuture.uniComposeStage(CompletableFuture.java:1183)
	at java.base/java.util.concurrent.CompletableFuture.thenCompose(CompletableFuture.java:2299)
	at peergos.shared.corenode.Proxy.lambda$redirectCall$1(Proxy.java:19)
	at java.base/java.util.concurrent.CompletableFuture.uniComposeStage(CompletableFuture.java:1183)
	at java.base/java.util.concurrent.CompletableFuture.thenCompose(CompletableFuture.java:2299)
	at peergos.shared.corenode.Proxy.redirectCall(Proxy.java:18)
	at peergos.shared.mutable.ProxyingMutablePointers.setPointer(ProxyingMutablePointers.java:27)
	at peergos.server.net.MutationHandler.handle(MutationHandler.java:60)
	at jdk.httpserver/com.sun.net.httpserver.Filter$Chain.doFilter(Filter.java:77)
	at jdk.httpserver/sun.net.httpserver.AuthFilter.doFilter(AuthFilter.java:82)
	at jdk.httpserver/com.sun.net.httpserver.Filter$Chain.doFilter(Filter.java:80)
	at jdk.httpserver/sun.net.httpserver.ServerImpl$Exchange$LinkHandler.handle(ServerImpl.java:692)
	at jdk.httpserver/com.sun.net.httpserver.Filter$Chain.doFilter(Filter.java:77)
	at jdk.httpserver/sun.net.httpserver.ServerImpl$Exchange.run(ServerImpl.java:664)
	at java.base/java.util.concurrent.ThreadPoolExecutor.runWorker(ThreadPoolExecutor.java:1130)
	at java.base/java.util.concurrent.ThreadPoolExecutor$Worker.run(ThreadPoolExecutor.java:630)
	at java.base/java.lang.Thread.run(Thread.java:832)
java.lang.IllegalStateException: Writer not present on this server: z59vuwzfFDp3dKEScaQ4YytbxRwXpdWi13nxaQct8H1RFxCsUpH3aRh
	at peergos.server.space.JdbcUsageStore.getWriterId(JdbcUsageStore.java:179)
	at peergos.server.space.JdbcUsageStore.getOwner(JdbcUsageStore.java:239)
	at peergos.server.space.JdbcUsageStore.getUsage(JdbcUsageStore.java:268)
	at peergos.server.space.SpaceCheckingKeyFilter.prepareMutablePointerChange(SpaceCheckingKeyFilter.java:214)
	at peergos.server.space.SpaceCheckingKeyFilter.accept(SpaceCheckingKeyFilter.java:182)
	at peergos.server.mutable.MutableEventPropagator.lambda$setPointer$0(MutableEventPropagator.java:30)
	at java.base/java.util.concurrent.CompletableFuture.uniApplyNow(CompletableFuture.java:680)
	at java.base/java.util.concurrent.CompletableFuture.uniApplyStage(CompletableFuture.java:658)
	at java.base/java.util.concurrent.CompletableFuture.thenApply(CompletableFuture.java:2158)
	at peergos.server.mutable.MutableEventPropagator.setPointer(MutableEventPropagator.java:26)
	at peergos.server.mutable.PinningMutablePointers.lambda$setPointer$2(PinningMutablePointers.java:52)
	at java.base/java.util.concurrent.CompletableFuture.uniComposeStage(CompletableFuture.java:1183)
	at java.base/java.util.concurrent.CompletableFuture.thenCompose(CompletableFuture.java:2299)
	at peergos.server.mutable.PinningMutablePointers.lambda$setPointer$3(PinningMutablePointers.java:41)
	at java.base/java.util.concurrent.CompletableFuture.uniComposeStage(CompletableFuture.java:1183)
	at java.base/java.util.concurrent.CompletableFuture.thenCompose(CompletableFuture.java:2299)
	at peergos.server.mutable.PinningMutablePointers.setPointer(PinningMutablePointers.java:33)
	at peergos.server.mutable.BlockingMutablePointers.setPointer(BlockingMutablePointers.java:21)
	at peergos.shared.mutable.ProxyingMutablePointers.lambda$setPointer$0(ProxyingMutablePointers.java:30)
	at peergos.shared.corenode.Proxy.lambda$redirectCall$0(Proxy.java:26)
	at java.base/java.util.concurrent.CompletableFuture.uniComposeStage(CompletableFuture.java:1183)
	at java.base/java.util.concurrent.CompletableFuture.thenCompose(CompletableFuture.java:2299)
	at peergos.shared.corenode.Proxy.lambda$redirectCall$1(Proxy.java:19)
	at java.base/java.util.concurrent.CompletableFuture.uniComposeStage(CompletableFuture.java:1183)
	at java.base/java.util.concurrent.CompletableFuture.thenCompose(CompletableFuture.java:2299)
	at peergos.shared.corenode.Proxy.redirectCall(Proxy.java:18)
	at peergos.shared.mutable.ProxyingMutablePointers.setPointer(ProxyingMutablePointers.java:27)
	at peergos.server.net.MutationHandler.handle(MutationHandler.java:60)
	at jdk.httpserver/com.sun.net.httpserver.Filter$Chain.doFilter(Filter.java:77)
	at jdk.httpserver/sun.net.httpserver.AuthFilter.doFilter(AuthFilter.java:82)
	at jdk.httpserver/com.sun.net.httpserver.Filter$Chain.doFilter(Filter.java:80)
	at jdk.httpserver/sun.net.httpserver.ServerImpl$Exchange$LinkHandler.handle(ServerImpl.java:692)
	at jdk.httpserver/com.sun.net.httpserver.Filter$Chain.doFilter(Filter.java:77)
	at jdk.httpserver/sun.net.httpserver.ServerImpl$Exchange.run(ServerImpl.java:664)
	at java.base/java.util.concurrent.ThreadPoolExecutor.runWorker(ThreadPoolExecutor.java:1130)
	at java.base/java.util.concurrent.ThreadPoolExecutor$Worker.run(ThreadPoolExecutor.java:630)
	at java.base/java.lang.Thread.run(Thread.java:832)
java.lang.IllegalStateException: Writer not present on this server: z59vuwzfFDopvSgtWYEzdta1MZqCAMusWdNcjjNSievdK2pr1pBwLXn
	at peergos.server.space.JdbcUsageStore.getWriterId(JdbcUsageStore.java:179)
	at peergos.server.space.JdbcUsageStore.getOwner(JdbcUsageStore.java:239)
	at peergos.server.space.JdbcUsageStore.getUsage(JdbcUsageStore.java:268)
	at peergos.server.space.SpaceCheckingKeyFilter.prepareMutablePointerChange(SpaceCheckingKeyFilter.java:214)
	at peergos.server.space.SpaceCheckingKeyFilter.accept(SpaceCheckingKeyFilter.java:182)
	at peergos.server.mutable.MutableEventPropagator.lambda$setPointer$0(MutableEventPropagator.java:30)
	at java.base/java.util.concurrent.CompletableFuture.uniApplyNow(CompletableFuture.java:680)
	at java.base/java.util.concurrent.CompletableFuture.uniApplyStage(CompletableFuture.java:658)
	at java.base/java.util.concurrent.CompletableFuture.thenApply(CompletableFuture.java:2158)
	at peergos.server.mutable.MutableEventPropagator.setPointer(MutableEventPropagator.java:26)
	at peergos.server.mutable.PinningMutablePointers.lambda$setPointer$2(PinningMutablePointers.java:52)
	at java.base/java.util.concurrent.CompletableFuture.uniComposeStage(CompletableFuture.java:1183)
	at java.base/java.util.concurrent.CompletableFuture.thenCompose(CompletableFuture.java:2299)
	at peergos.server.mutable.PinningMutablePointers.lambda$setPointer$3(PinningMutablePointers.java:41)
	at java.base/java.util.concurrent.CompletableFuture.uniComposeStage(CompletableFuture.java:1183)
	at java.base/java.util.concurrent.CompletableFuture.thenCompose(CompletableFuture.java:2299)
	at peergos.server.mutable.PinningMutablePointers.setPointer(PinningMutablePointers.java:33)
	at peergos.server.mutable.BlockingMutablePointers.setPointer(BlockingMutablePointers.java:21)
	at peergos.shared.mutable.ProxyingMutablePointers.lambda$setPointer$0(ProxyingMutablePointers.java:30)
	at peergos.shared.corenode.Proxy.lambda$redirectCall$0(Proxy.java:26)
	at java.base/java.util.concurrent.CompletableFuture.uniComposeStage(CompletableFuture.java:1183)
	at java.base/java.util.concurrent.CompletableFuture.thenCompose(CompletableFuture.java:2299)
	at peergos.shared.corenode.Proxy.lambda$redirectCall$1(Proxy.java:19)
	at java.base/java.util.concurrent.CompletableFuture.uniComposeStage(CompletableFuture.java:1183)
	at java.base/java.util.concurrent.CompletableFuture.thenCompose(CompletableFuture.java:2299)
	at peergos.shared.corenode.Proxy.redirectCall(Proxy.java:18)
	at peergos.shared.mutable.ProxyingMutablePointers.setPointer(ProxyingMutablePointers.java:27)
	at peergos.server.net.MutationHandler.handle(MutationHandler.java:60)
	at jdk.httpserver/com.sun.net.httpserver.Filter$Chain.doFilter(Filter.java:77)
	at jdk.httpserver/sun.net.httpserver.AuthFilter.doFilter(AuthFilter.java:82)
	at jdk.httpserver/com.sun.net.httpserver.Filter$Chain.doFilter(Filter.java:80)
	at jdk.httpserver/sun.net.httpserver.ServerImpl$Exchange$LinkHandler.handle(ServerImpl.java:692)
	at jdk.httpserver/com.sun.net.httpserver.Filter$Chain.doFilter(Filter.java:77)
	at jdk.httpserver/sun.net.httpserver.ServerImpl$Exchange.run(ServerImpl.java:664)
	at java.base/java.util.concurrent.ThreadPoolExecutor.runWorker(ThreadPoolExecutor.java:1130)
	at java.base/java.util.concurrent.ThreadPoolExecutor$Worker.run(ThreadPoolExecutor.java:630)
	at java.base/java.lang.Thread.run(Thread.java:832)
java.lang.IllegalStateException: Writer not present on this server: z59vuwzfFDopvSgtWYEzdta1MZqCAMusWdNcjjNSievdK2pr1pBwLXn
	at peergos.server.space.JdbcUsageStore.getWriterId(JdbcUsageStore.java:179)
	at peergos.server.space.JdbcUsageStore.getOwner(JdbcUsageStore.java:239)
	at peergos.server.space.JdbcUsageStore.getUsage(JdbcUsageStore.java:268)
	at peergos.server.space.SpaceCheckingKeyFilter.prepareMutablePointerChange(SpaceCheckingKeyFilter.java:214)
	at peergos.server.space.SpaceCheckingKeyFilter.accept(SpaceCheckingKeyFilter.java:182)
	at peergos.server.mutable.MutableEventPropagator.lambda$setPointer$0(MutableEventPropagator.java:30)
	at java.base/java.util.concurrent.CompletableFuture.uniApplyNow(CompletableFuture.java:680)
	at java.base/java.util.concurrent.CompletableFuture.uniApplyStage(CompletableFuture.java:658)
	at java.base/java.util.concurrent.CompletableFuture.thenApply(CompletableFuture.java:2158)
	at peergos.server.mutable.MutableEventPropagator.setPointer(MutableEventPropagator.java:26)
	at peergos.server.mutable.PinningMutablePointers.lambda$setPointer$2(PinningMutablePointers.java:52)
	at java.base/java.util.concurrent.CompletableFuture.uniComposeStage(CompletableFuture.java:1183)
	at java.base/java.util.concurrent.CompletableFuture.thenCompose(CompletableFuture.java:2299)
	at peergos.server.mutable.PinningMutablePointers.lambda$setPointer$3(PinningMutablePointers.java:41)
	at java.base/java.util.concurrent.CompletableFuture.uniComposeStage(CompletableFuture.java:1183)
	at java.base/java.util.concurrent.CompletableFuture.thenCompose(CompletableFuture.java:2299)
	at peergos.server.mutable.PinningMutablePointers.setPointer(PinningMutablePointers.java:33)
	at peergos.server.mutable.BlockingMutablePointers.setPointer(BlockingMutablePointers.java:21)
	at peergos.shared.mutable.ProxyingMutablePointers.lambda$setPointer$0(ProxyingMutablePointers.java:30)
	at peergos.shared.corenode.Proxy.lambda$redirectCall$0(Proxy.java:26)
	at java.base/java.util.concurrent.CompletableFuture.uniComposeStage(CompletableFuture.java:1183)
	at java.base/java.util.concurrent.CompletableFuture.thenCompose(CompletableFuture.java:2299)
	at peergos.shared.corenode.Proxy.lambda$redirectCall$1(Proxy.java:19)
	at java.base/java.util.concurrent.CompletableFuture.uniComposeStage(CompletableFuture.java:1183)
	at java.base/java.util.concurrent.CompletableFuture.thenCompose(CompletableFuture.java:2299)
	at peergos.shared.corenode.Proxy.redirectCall(Proxy.java:18)
	at peergos.shared.mutable.ProxyingMutablePointers.setPointer(ProxyingMutablePointers.java:27)
	at peergos.server.net.MutationHandler.handle(MutationHandler.java:60)
	at jdk.httpserver/com.sun.net.httpserver.Filter$Chain.doFilter(Filter.java:77)
	at jdk.httpserver/sun.net.httpserver.AuthFilter.doFilter(AuthFilter.java:82)
	at jdk.httpserver/com.sun.net.httpserver.Filter$Chain.doFilter(Filter.java:80)
	at jdk.httpserver/sun.net.httpserver.ServerImpl$Exchange$LinkHandler.handle(ServerImpl.java:692)
	at jdk.httpserver/com.sun.net.httpserver.Filter$Chain.doFilter(Filter.java:77)
	at jdk.httpserver/sun.net.httpserver.ServerImpl$Exchange.run(ServerImpl.java:664)
	at java.base/java.util.concurrent.ThreadPoolExecutor.runWorker(ThreadPoolExecutor.java:1130)
	at java.base/java.util.concurrent.ThreadPoolExecutor$Worker.run(ThreadPoolExecutor.java:630)
	at java.base/java.lang.Thread.run(Thread.java:832)
java.lang.IllegalStateException: Writer not present on this server: z59vuwzfFDp22U3kPFsAotntZRgL5maiWEpEX1RQCtJjehEitdn4S8n
	at peergos.server.space.JdbcUsageStore.getWriterId(JdbcUsageStore.java:179)
	at peergos.server.space.JdbcUsageStore.getOwner(JdbcUsageStore.java:239)
	at peergos.server.space.JdbcUsageStore.getUsage(JdbcUsageStore.java:268)
	at peergos.server.space.SpaceCheckingKeyFilter.prepareMutablePointerChange(SpaceCheckingKeyFilter.java:214)
	at peergos.server.space.SpaceCheckingKeyFilter.accept(SpaceCheckingKeyFilter.java:182)
	at peergos.server.mutable.MutableEventPropagator.lambda$setPointer$0(MutableEventPropagator.java:30)
	at java.base/java.util.concurrent.CompletableFuture.uniApplyNow(CompletableFuture.java:680)
	at java.base/java.util.concurrent.CompletableFuture.uniApplyStage(CompletableFuture.java:658)
	at java.base/java.util.concurrent.CompletableFuture.thenApply(CompletableFuture.java:2158)
	at peergos.server.mutable.MutableEventPropagator.setPointer(MutableEventPropagator.java:26)
	at peergos.server.mutable.PinningMutablePointers.lambda$setPointer$2(PinningMutablePointers.java:52)
	at java.base/java.util.concurrent.CompletableFuture.uniComposeStage(CompletableFuture.java:1183)
	at java.base/java.util.concurrent.CompletableFuture.thenCompose(CompletableFuture.java:2299)
	at peergos.server.mutable.PinningMutablePointers.lambda$setPointer$3(PinningMutablePointers.java:41)
	at java.base/java.util.concurrent.CompletableFuture.uniComposeStage(CompletableFuture.java:1183)
	at java.base/java.util.concurrent.CompletableFuture.thenCompose(CompletableFuture.java:2299)
	at peergos.server.mutable.PinningMutablePointers.setPointer(PinningMutablePointers.java:33)
	at peergos.server.mutable.BlockingMutablePointers.setPointer(BlockingMutablePointers.java:21)
	at peergos.shared.mutable.ProxyingMutablePointers.lambda$setPointer$0(ProxyingMutablePointers.java:30)
	at peergos.shared.corenode.Proxy.lambda$redirectCall$0(Proxy.java:26)
	at java.base/java.util.concurrent.CompletableFuture.uniComposeStage(CompletableFuture.java:1183)
	at java.base/java.util.concurrent.CompletableFuture.thenCompose(CompletableFuture.java:2299)
	at peergos.shared.corenode.Proxy.lambda$redirectCall$1(Proxy.java:19)
	at java.base/java.util.concurrent.CompletableFuture.uniComposeStage(CompletableFuture.java:1183)
	at java.base/java.util.concurrent.CompletableFuture.thenCompose(CompletableFuture.java:2299)
	at peergos.shared.corenode.Proxy.redirectCall(Proxy.java:18)
	at peergos.shared.mutable.ProxyingMutablePointers.setPointer(ProxyingMutablePointers.java:27)
	at peergos.server.net.MutationHandler.handle(MutationHandler.java:60)
	at jdk.httpserver/com.sun.net.httpserver.Filter$Chain.doFilter(Filter.java:77)
	at jdk.httpserver/sun.net.httpserver.AuthFilter.doFilter(AuthFilter.java:82)
	at jdk.httpserver/com.sun.net.httpserver.Filter$Chain.doFilter(Filter.java:80)
	at jdk.httpserver/sun.net.httpserver.ServerImpl$Exchange$LinkHandler.handle(ServerImpl.java:692)
	at jdk.httpserver/com.sun.net.httpserver.Filter$Chain.doFilter(Filter.java:77)
	at jdk.httpserver/sun.net.httpserver.ServerImpl$Exchange.run(ServerImpl.java:664)
	at java.base/java.util.concurrent.ThreadPoolExecutor.runWorker(ThreadPoolExecutor.java:1130)
	at java.base/java.util.concurrent.ThreadPoolExecutor$Worker.run(ThreadPoolExecutor.java:630)
	at java.base/java.lang.Thread.run(Thread.java:832)
java.lang.IllegalStateException: Writer not present on this server: z59vuwzfFDp22U3kPFsAotntZRgL5maiWEpEX1RQCtJjehEitdn4S8n
	at peergos.server.space.JdbcUsageStore.getWriterId(JdbcUsageStore.java:179)
	at peergos.server.space.JdbcUsageStore.getOwner(JdbcUsageStore.java:239)
	at peergos.server.space.JdbcUsageStore.getUsage(JdbcUsageStore.java:268)
	at peergos.server.space.SpaceCheckingKeyFilter.prepareMutablePointerChange(SpaceCheckingKeyFilter.java:214)
	at peergos.server.space.SpaceCheckingKeyFilter.accept(SpaceCheckingKeyFilter.java:182)
	at peergos.server.mutable.MutableEventPropagator.lambda$setPointer$0(MutableEventPropagator.java:30)
	at java.base/java.util.concurrent.CompletableFuture.uniApplyNow(CompletableFuture.java:680)
	at java.base/java.util.concurrent.CompletableFuture.uniApplyStage(CompletableFuture.java:658)
	at java.base/java.util.concurrent.CompletableFuture.thenApply(CompletableFuture.java:2158)
	at peergos.server.mutable.MutableEventPropagator.setPointer(MutableEventPropagator.java:26)
	at peergos.server.mutable.PinningMutablePointers.lambda$setPointer$2(PinningMutablePointers.java:52)
	at java.base/java.util.concurrent.CompletableFuture.uniComposeStage(CompletableFuture.java:1183)
	at java.base/java.util.concurrent.CompletableFuture.thenCompose(CompletableFuture.java:2299)
	at peergos.server.mutable.PinningMutablePointers.lambda$setPointer$3(PinningMutablePointers.java:41)
	at java.base/java.util.concurrent.CompletableFuture.uniComposeStage(CompletableFuture.java:1183)
	at java.base/java.util.concurrent.CompletableFuture.thenCompose(CompletableFuture.java:2299)
	at peergos.server.mutable.PinningMutablePointers.setPointer(PinningMutablePointers.java:33)
	at peergos.server.mutable.BlockingMutablePointers.setPointer(BlockingMutablePointers.java:21)
	at peergos.shared.mutable.ProxyingMutablePointers.lambda$setPointer$0(ProxyingMutablePointers.java:30)
	at peergos.shared.corenode.Proxy.lambda$redirectCall$0(Proxy.java:26)
	at java.base/java.util.concurrent.CompletableFuture.uniComposeStage(CompletableFuture.java:1183)
	at java.base/java.util.concurrent.CompletableFuture.thenCompose(CompletableFuture.java:2299)
	at peergos.shared.corenode.Proxy.lambda$redirectCall$1(Proxy.java:19)
	at java.base/java.util.concurrent.CompletableFuture.uniComposeStage(CompletableFuture.java:1183)
	at java.base/java.util.concurrent.CompletableFuture.thenCompose(CompletableFuture.java:2299)
	at peergos.shared.corenode.Proxy.redirectCall(Proxy.java:18)
	at peergos.shared.mutable.ProxyingMutablePointers.setPointer(ProxyingMutablePointers.java:27)
	at peergos.server.net.MutationHandler.handle(MutationHandler.java:60)
	at jdk.httpserver/com.sun.net.httpserver.Filter$Chain.doFilter(Filter.java:77)
	at jdk.httpserver/sun.net.httpserver.AuthFilter.doFilter(AuthFilter.java:82)
	at jdk.httpserver/com.sun.net.httpserver.Filter$Chain.doFilter(Filter.java:80)
	at jdk.httpserver/sun.net.httpserver.ServerImpl$Exchange$LinkHandler.handle(ServerImpl.java:692)
	at jdk.httpserver/com.sun.net.httpserver.Filter$Chain.doFilter(Filter.java:77)
	at jdk.httpserver/sun.net.httpserver.ServerImpl$Exchange.run(ServerImpl.java:664)
	at java.base/java.util.concurrent.ThreadPoolExecutor.runWorker(ThreadPoolExecutor.java:1130)
	at java.base/java.util.concurrent.ThreadPoolExecutor$Worker.run(ThreadPoolExecutor.java:630)
	at java.base/java.lang.Thread.run(Thread.java:832)
java.lang.IllegalStateException: Writer not present on this server: z59vuwzfFDopvSgtWYEzdta1MZqCAMusWdNcjjNSievdK2pr1pBwLXn
	at peergos.server.space.JdbcUsageStore.getWriterId(JdbcUsageStore.java:179)
	at peergos.server.space.JdbcUsageStore.getOwner(JdbcUsageStore.java:239)
	at peergos.server.space.JdbcUsageStore.getUsage(JdbcUsageStore.java:268)
	at peergos.server.space.SpaceCheckingKeyFilter.prepareMutablePointerChange(SpaceCheckingKeyFilter.java:214)
	at peergos.server.space.SpaceCheckingKeyFilter.accept(SpaceCheckingKeyFilter.java:182)
	at peergos.server.mutable.MutableEventPropagator.lambda$setPointer$0(MutableEventPropagator.java:30)
	at java.base/java.util.concurrent.CompletableFuture.uniApplyNow(CompletableFuture.java:680)
	at java.base/java.util.concurrent.CompletableFuture.uniApplyStage(CompletableFuture.java:658)
	at java.base/java.util.concurrent.CompletableFuture.thenApply(CompletableFuture.java:2158)
	at peergos.server.mutable.MutableEventPropagator.setPointer(MutableEventPropagator.java:26)
	at peergos.server.mutable.PinningMutablePointers.lambda$setPointer$2(PinningMutablePointers.java:52)
	at java.base/java.util.concurrent.CompletableFuture.uniComposeStage(CompletableFuture.java:1183)
	at java.base/java.util.concurrent.CompletableFuture.thenCompose(CompletableFuture.java:2299)
	at peergos.server.mutable.PinningMutablePointers.lambda$setPointer$3(PinningMutablePointers.java:41)
	at java.base/java.util.concurrent.CompletableFuture.uniComposeStage(CompletableFuture.java:1183)
	at java.base/java.util.concurrent.CompletableFuture.thenCompose(CompletableFuture.java:2299)
	at peergos.server.mutable.PinningMutablePointers.setPointer(PinningMutablePointers.java:33)
	at peergos.server.mutable.BlockingMutablePointers.setPointer(BlockingMutablePointers.java:21)
	at peergos.shared.mutable.ProxyingMutablePointers.lambda$setPointer$0(ProxyingMutablePointers.java:30)
	at peergos.shared.corenode.Proxy.lambda$redirectCall$0(Proxy.java:26)
	at java.base/java.util.concurrent.CompletableFuture.uniComposeStage(CompletableFuture.java:1183)
	at java.base/java.util.concurrent.CompletableFuture.thenCompose(CompletableFuture.java:2299)
	at peergos.shared.corenode.Proxy.lambda$redirectCall$1(Proxy.java:19)
	at java.base/java.util.concurrent.CompletableFuture.uniComposeStage(CompletableFuture.java:1183)
	at java.base/java.util.concurrent.CompletableFuture.thenCompose(CompletableFuture.java:2299)
	at peergos.shared.corenode.Proxy.redirectCall(Proxy.java:18)
	at peergos.shared.mutable.ProxyingMutablePointers.setPointer(ProxyingMutablePointers.java:27)
	at peergos.server.net.MutationHandler.handle(MutationHandler.java:60)
	at jdk.httpserver/com.sun.net.httpserver.Filter$Chain.doFilter(Filter.java:77)
	at jdk.httpserver/sun.net.httpserver.AuthFilter.doFilter(AuthFilter.java:82)
	at jdk.httpserver/com.sun.net.httpserver.Filter$Chain.doFilter(Filter.java:80)
	at jdk.httpserver/sun.net.httpserver.ServerImpl$Exchange$LinkHandler.handle(ServerImpl.java:692)
	at jdk.httpserver/com.sun.net.httpserver.Filter$Chain.doFilter(Filter.java:77)
	at jdk.httpserver/sun.net.httpserver.ServerImpl$Exchange.run(ServerImpl.java:664)
	at java.base/java.util.concurrent.ThreadPoolExecutor.runWorker(ThreadPoolExecutor.java:1130)
	at java.base/java.util.concurrent.ThreadPoolExecutor$Worker.run(ThreadPoolExecutor.java:630)
	at java.base/java.lang.Thread.run(Thread.java:832)
java.lang.IllegalStateException: Writer not present on this server: z59vuwzfFDp22U3kPFsAotntZRgL5maiWEpEX1RQCtJjehEitdn4S8n
	at peergos.server.space.JdbcUsageStore.getWriterId(JdbcUsageStore.java:179)
	at peergos.server.space.JdbcUsageStore.getOwner(JdbcUsageStore.java:239)
	at peergos.server.space.JdbcUsageStore.getUsage(JdbcUsageStore.java:268)
	at peergos.server.space.SpaceCheckingKeyFilter.prepareMutablePointerChange(SpaceCheckingKeyFilter.java:214)
	at peergos.server.space.SpaceCheckingKeyFilter.accept(SpaceCheckingKeyFilter.java:182)
	at peergos.server.mutable.MutableEventPropagator.lambda$setPointer$0(MutableEventPropagator.java:30)
	at java.base/java.util.concurrent.CompletableFuture.uniApplyNow(CompletableFuture.java:680)
	at java.base/java.util.concurrent.CompletableFuture.uniApplyStage(CompletableFuture.java:658)
	at java.base/java.util.concurrent.CompletableFuture.thenApply(CompletableFuture.java:2158)
	at peergos.server.mutable.MutableEventPropagator.setPointer(MutableEventPropagator.java:26)
	at peergos.server.mutable.PinningMutablePointers.lambda$setPointer$2(PinningMutablePointers.java:52)
	at java.base/java.util.concurrent.CompletableFuture.uniComposeStage(CompletableFuture.java:1183)
	at java.base/java.util.concurrent.CompletableFuture.thenCompose(CompletableFuture.java:2299)
	at peergos.server.mutable.PinningMutablePointers.lambda$setPointer$3(PinningMutablePointers.java:41)
	at java.base/java.util.concurrent.CompletableFuture.uniComposeStage(CompletableFuture.java:1183)
	at java.base/java.util.concurrent.CompletableFuture.thenCompose(CompletableFuture.java:2299)
	at peergos.server.mutable.PinningMutablePointers.setPointer(PinningMutablePointers.java:33)
	at peergos.server.mutable.BlockingMutablePointers.setPointer(BlockingMutablePointers.java:21)
	at peergos.shared.mutable.ProxyingMutablePointers.lambda$setPointer$0(ProxyingMutablePointers.java:30)
	at peergos.shared.corenode.Proxy.lambda$redirectCall$0(Proxy.java:26)
	at java.base/java.util.concurrent.CompletableFuture.uniComposeStage(CompletableFuture.java:1183)
	at java.base/java.util.concurrent.CompletableFuture.thenCompose(CompletableFuture.java:2299)
	at peergos.shared.corenode.Proxy.lambda$redirectCall$1(Proxy.java:19)
	at java.base/java.util.concurrent.CompletableFuture.uniComposeStage(CompletableFuture.java:1183)
	at java.base/java.util.concurrent.CompletableFuture.thenCompose(CompletableFuture.java:2299)
	at peergos.shared.corenode.Proxy.redirectCall(Proxy.java:18)
	at peergos.shared.mutable.ProxyingMutablePointers.setPointer(ProxyingMutablePointers.java:27)
	at peergos.server.net.MutationHandler.handle(MutationHandler.java:60)
	at jdk.httpserver/com.sun.net.httpserver.Filter$Chain.doFilter(Filter.java:77)
	at jdk.httpserver/sun.net.httpserver.AuthFilter.doFilter(AuthFilter.java:82)
	at jdk.httpserver/com.sun.net.httpserver.Filter$Chain.doFilter(Filter.java:80)
	at jdk.httpserver/sun.net.httpserver.ServerImpl$Exchange$LinkHandler.handle(ServerImpl.java:692)
	at jdk.httpserver/com.sun.net.httpserver.Filter$Chain.doFilter(Filter.java:77)
	at jdk.httpserver/sun.net.httpserver.ServerImpl$Exchange.run(ServerImpl.java:664)
	at java.base/java.util.concurrent.ThreadPoolExecutor.runWorker(ThreadPoolExecutor.java:1130)
	at java.base/java.util.concurrent.ThreadPoolExecutor$Worker.run(ThreadPoolExecutor.java:630)
	at java.base/java.lang.Thread.run(Thread.java:832)
java.lang.IllegalStateException: Writer not present on this server: z59vuwzfFDp22U3kPFsAotntZRgL5maiWEpEX1RQCtJjehEitdn4S8n
	at peergos.server.space.JdbcUsageStore.getWriterId(JdbcUsageStore.java:179)
	at peergos.server.space.JdbcUsageStore.getOwner(JdbcUsageStore.java:239)
	at peergos.server.space.JdbcUsageStore.getUsage(JdbcUsageStore.java:268)
	at peergos.server.space.SpaceCheckingKeyFilter.prepareMutablePointerChange(SpaceCheckingKeyFilter.java:214)
	at peergos.server.space.SpaceCheckingKeyFilter.accept(SpaceCheckingKeyFilter.java:182)
	at peergos.server.mutable.MutableEventPropagator.lambda$setPointer$0(MutableEventPropagator.java:30)
	at java.base/java.util.concurrent.CompletableFuture.uniApplyNow(CompletableFuture.java:680)
	at java.base/java.util.concurrent.CompletableFuture.uniApplyStage(CompletableFuture.java:658)
	at java.base/java.util.concurrent.CompletableFuture.thenApply(CompletableFuture.java:2158)
	at peergos.server.mutable.MutableEventPropagator.setPointer(MutableEventPropagator.java:26)
	at peergos.server.mutable.PinningMutablePointers.lambda$setPointer$2(PinningMutablePointers.java:52)
	at java.base/java.util.concurrent.CompletableFuture.uniComposeStage(CompletableFuture.java:1183)
	at java.base/java.util.concurrent.CompletableFuture.thenCompose(CompletableFuture.java:2299)
	at peergos.server.mutable.PinningMutablePointers.lambda$setPointer$3(PinningMutablePointers.java:41)
	at java.base/java.util.concurrent.CompletableFuture.uniComposeStage(CompletableFuture.java:1183)
	at java.base/java.util.concurrent.CompletableFuture.thenCompose(CompletableFuture.java:2299)
	at peergos.server.mutable.PinningMutablePointers.setPointer(PinningMutablePointers.java:33)
	at peergos.server.mutable.BlockingMutablePointers.setPointer(BlockingMutablePointers.java:21)
	at peergos.shared.mutable.ProxyingMutablePointers.lambda$setPointer$0(ProxyingMutablePointers.java:30)
	at peergos.shared.corenode.Proxy.lambda$redirectCall$0(Proxy.java:26)
	at java.base/java.util.concurrent.CompletableFuture.uniComposeStage(CompletableFuture.java:1183)
	at java.base/java.util.concurrent.CompletableFuture.thenCompose(CompletableFuture.java:2299)
	at peergos.shared.corenode.Proxy.lambda$redirectCall$1(Proxy.java:19)
	at java.base/java.util.concurrent.CompletableFuture.uniComposeStage(CompletableFuture.java:1183)
	at java.base/java.util.concurrent.CompletableFuture.thenCompose(CompletableFuture.java:2299)
	at peergos.shared.corenode.Proxy.redirectCall(Proxy.java:18)
	at peergos.shared.mutable.ProxyingMutablePointers.setPointer(ProxyingMutablePointers.java:27)
	at peergos.server.net.MutationHandler.handle(MutationHandler.java:60)
	at jdk.httpserver/com.sun.net.httpserver.Filter$Chain.doFilter(Filter.java:77)
	at jdk.httpserver/sun.net.httpserver.AuthFilter.doFilter(AuthFilter.java:82)
	at jdk.httpserver/com.sun.net.httpserver.Filter$Chain.doFilter(Filter.java:80)
	at jdk.httpserver/sun.net.httpserver.ServerImpl$Exchange$LinkHandler.handle(ServerImpl.java:692)
	at jdk.httpserver/com.sun.net.httpserver.Filter$Chain.doFilter(Filter.java:77)
	at jdk.httpserver/sun.net.httpserver.ServerImpl$Exchange.run(ServerImpl.java:664)
	at java.base/java.util.concurrent.ThreadPoolExecutor.runWorker(ThreadPoolExecutor.java:1130)
	at java.base/java.util.concurrent.ThreadPoolExecutor$Worker.run(ThreadPoolExecutor.java:630)
	at java.base/java.lang.Thread.run(Thread.java:832)
java.lang.IllegalStateException: Writer not present on this server: z59vuwzfFDp22U3kPFsAotntZRgL5maiWEpEX1RQCtJjehEitdn4S8n
	at peergos.server.space.JdbcUsageStore.getWriterId(JdbcUsageStore.java:179)
	at peergos.server.space.JdbcUsageStore.getOwner(JdbcUsageStore.java:239)
	at peergos.server.space.JdbcUsageStore.getUsage(JdbcUsageStore.java:268)
	at peergos.server.space.SpaceCheckingKeyFilter.prepareMutablePointerChange(SpaceCheckingKeyFilter.java:214)
	at peergos.server.space.SpaceCheckingKeyFilter.accept(SpaceCheckingKeyFilter.java:182)
	at peergos.server.mutable.MutableEventPropagator.lambda$setPointer$0(MutableEventPropagator.java:30)
	at java.base/java.util.concurrent.CompletableFuture.uniApplyNow(CompletableFuture.java:680)
	at java.base/java.util.concurrent.CompletableFuture.uniApplyStage(CompletableFuture.java:658)
	at java.base/java.util.concurrent.CompletableFuture.thenApply(CompletableFuture.java:2158)
	at peergos.server.mutable.MutableEventPropagator.setPointer(MutableEventPropagator.java:26)
	at peergos.server.mutable.PinningMutablePointers.lambda$setPointer$2(PinningMutablePointers.java:52)
	at java.base/java.util.concurrent.CompletableFuture.uniComposeStage(CompletableFuture.java:1183)
	at java.base/java.util.concurrent.CompletableFuture.thenCompose(CompletableFuture.java:2299)
	at peergos.server.mutable.PinningMutablePointers.lambda$setPointer$3(PinningMutablePointers.java:41)
	at java.base/java.util.concurrent.CompletableFuture.uniComposeStage(CompletableFuture.java:1183)
	at java.base/java.util.concurrent.CompletableFuture.thenCompose(CompletableFuture.java:2299)
	at peergos.server.mutable.PinningMutablePointers.setPointer(PinningMutablePointers.java:33)
	at peergos.server.mutable.BlockingMutablePointers.setPointer(BlockingMutablePointers.java:21)
	at peergos.shared.mutable.ProxyingMutablePointers.lambda$setPointer$0(ProxyingMutablePointers.java:30)
	at peergos.shared.corenode.Proxy.lambda$redirectCall$0(Proxy.java:26)
	at java.base/java.util.concurrent.CompletableFuture.uniComposeStage(CompletableFuture.java:1183)
	at java.base/java.util.concurrent.CompletableFuture.thenCompose(CompletableFuture.java:2299)
	at peergos.shared.corenode.Proxy.lambda$redirectCall$1(Proxy.java:19)
	at java.base/java.util.concurrent.CompletableFuture.uniComposeStage(CompletableFuture.java:1183)
	at java.base/java.util.concurrent.CompletableFuture.thenCompose(CompletableFuture.java:2299)
	at peergos.shared.corenode.Proxy.redirectCall(Proxy.java:18)
	at peergos.shared.mutable.ProxyingMutablePointers.setPointer(ProxyingMutablePointers.java:27)
	at peergos.server.net.MutationHandler.handle(MutationHandler.java:60)
	at jdk.httpserver/com.sun.net.httpserver.Filter$Chain.doFilter(Filter.java:77)
	at jdk.httpserver/sun.net.httpserver.AuthFilter.doFilter(AuthFilter.java:82)
	at jdk.httpserver/com.sun.net.httpserver.Filter$Chain.doFilter(Filter.java:80)
	at jdk.httpserver/sun.net.httpserver.ServerImpl$Exchange$LinkHandler.handle(ServerImpl.java:692)
	at jdk.httpserver/com.sun.net.httpserver.Filter$Chain.doFilter(Filter.java:77)
	at jdk.httpserver/sun.net.httpserver.ServerImpl$Exchange.run(ServerImpl.java:664)
	at java.base/java.util.concurrent.ThreadPoolExecutor.runWorker(ThreadPoolExecutor.java:1130)
	at java.base/java.util.concurrent.ThreadPoolExecutor$Worker.run(ThreadPoolExecutor.java:630)
	at java.base/java.lang.Thread.run(Thread.java:832)
java.lang.IllegalStateException: Writer not present on this server: z59vuwzfFDp22U3kPFsAotntZRgL5maiWEpEX1RQCtJjehEitdn4S8n
	at peergos.server.space.JdbcUsageStore.getWriterId(JdbcUsageStore.java:179)
	at peergos.server.space.JdbcUsageStore.getOwner(JdbcUsageStore.java:239)
	at peergos.server.space.JdbcUsageStore.getUsage(JdbcUsageStore.java:268)
	at peergos.server.space.SpaceCheckingKeyFilter.prepareMutablePointerChange(SpaceCheckingKeyFilter.java:214)
	at peergos.server.space.SpaceCheckingKeyFilter.accept(SpaceCheckingKeyFilter.java:182)
	at peergos.server.mutable.MutableEventPropagator.lambda$setPointer$0(MutableEventPropagator.java:30)
	at java.base/java.util.concurrent.CompletableFuture.uniApplyNow(CompletableFuture.java:680)
	at java.base/java.util.concurrent.CompletableFuture.uniApplyStage(CompletableFuture.java:658)
	at java.base/java.util.concurrent.CompletableFuture.thenApply(CompletableFuture.java:2158)
	at peergos.server.mutable.MutableEventPropagator.setPointer(MutableEventPropagator.java:26)
	at peergos.server.mutable.PinningMutablePointers.lambda$setPointer$2(PinningMutablePointers.java:52)
	at java.base/java.util.concurrent.CompletableFuture.uniComposeStage(CompletableFuture.java:1183)
	at java.base/java.util.concurrent.CompletableFuture.thenCompose(CompletableFuture.java:2299)
	at peergos.server.mutable.PinningMutablePointers.lambda$setPointer$3(PinningMutablePointers.java:41)
	at java.base/java.util.concurrent.CompletableFuture.uniComposeStage(CompletableFuture.java:1183)
	at java.base/java.util.concurrent.CompletableFuture.thenCompose(CompletableFuture.java:2299)
	at peergos.server.mutable.PinningMutablePointers.setPointer(PinningMutablePointers.java:33)
	at peergos.server.mutable.BlockingMutablePointers.setPointer(BlockingMutablePointers.java:21)
	at peergos.shared.mutable.ProxyingMutablePointers.lambda$setPointer$0(ProxyingMutablePointers.java:30)
	at peergos.shared.corenode.Proxy.lambda$redirectCall$0(Proxy.java:26)
	at java.base/java.util.concurrent.CompletableFuture.uniComposeStage(CompletableFuture.java:1183)
	at java.base/java.util.concurrent.CompletableFuture.thenCompose(CompletableFuture.java:2299)
	at peergos.shared.corenode.Proxy.lambda$redirectCall$1(Proxy.java:19)
	at java.base/java.util.concurrent.CompletableFuture.uniComposeStage(CompletableFuture.java:1183)
	at java.base/java.util.concurrent.CompletableFuture.thenCompose(CompletableFuture.java:2299)
	at peergos.shared.corenode.Proxy.redirectCall(Proxy.java:18)
	at peergos.shared.mutable.ProxyingMutablePointers.setPointer(ProxyingMutablePointers.java:27)
	at peergos.server.net.MutationHandler.handle(MutationHandler.java:60)
	at jdk.httpserver/com.sun.net.httpserver.Filter$Chain.doFilter(Filter.java:77)
	at jdk.httpserver/sun.net.httpserver.AuthFilter.doFilter(AuthFilter.java:82)
	at jdk.httpserver/com.sun.net.httpserver.Filter$Chain.doFilter(Filter.java:80)
	at jdk.httpserver/sun.net.httpserver.ServerImpl$Exchange$LinkHandler.handle(ServerImpl.java:692)
	at jdk.httpserver/com.sun.net.httpserver.Filter$Chain.doFilter(Filter.java:77)
	at jdk.httpserver/sun.net.httpserver.ServerImpl$Exchange.run(ServerImpl.java:664)
	at java.base/java.util.concurrent.ThreadPoolExecutor.runWorker(ThreadPoolExecutor.java:1130)
	at java.base/java.util.concurrent.ThreadPoolExecutor$Worker.run(ThreadPoolExecutor.java:630)
	at java.base/java.lang.Thread.run(Thread.java:832)
java.lang.IllegalStateException: Writer not present on this server: z59vuwzfFDp22U3kPFsAotntZRgL5maiWEpEX1RQCtJjehEitdn4S8n
	at peergos.server.space.JdbcUsageStore.getWriterId(JdbcUsageStore.java:179)
	at peergos.server.space.JdbcUsageStore.getOwner(JdbcUsageStore.java:239)
	at peergos.server.space.JdbcUsageStore.getUsage(JdbcUsageStore.java:268)
	at peergos.server.space.SpaceCheckingKeyFilter.prepareMutablePointerChange(SpaceCheckingKeyFilter.java:214)
	at peergos.server.space.SpaceCheckingKeyFilter.accept(SpaceCheckingKeyFilter.java:182)
	at peergos.server.mutable.MutableEventPropagator.lambda$setPointer$0(MutableEventPropagator.java:30)
	at java.base/java.util.concurrent.CompletableFuture.uniApplyNow(CompletableFuture.java:680)
	at java.base/java.util.concurrent.CompletableFuture.uniApplyStage(CompletableFuture.java:658)
	at java.base/java.util.concurrent.CompletableFuture.thenApply(CompletableFuture.java:2158)
	at peergos.server.mutable.MutableEventPropagator.setPointer(MutableEventPropagator.java:26)
	at peergos.server.mutable.PinningMutablePointers.lambda$setPointer$2(PinningMutablePointers.java:52)
	at java.base/java.util.concurrent.CompletableFuture.uniComposeStage(CompletableFuture.java:1183)
	at java.base/java.util.concurrent.CompletableFuture.thenCompose(CompletableFuture.java:2299)
	at peergos.server.mutable.PinningMutablePointers.lambda$setPointer$3(PinningMutablePointers.java:41)
	at java.base/java.util.concurrent.CompletableFuture.uniComposeStage(CompletableFuture.java:1183)
	at java.base/java.util.concurrent.CompletableFuture.thenCompose(CompletableFuture.java:2299)
	at peergos.server.mutable.PinningMutablePointers.setPointer(PinningMutablePointers.java:33)
	at peergos.server.mutable.BlockingMutablePointers.setPointer(BlockingMutablePointers.java:21)
	at peergos.shared.mutable.ProxyingMutablePointers.lambda$setPointer$0(ProxyingMutablePointers.java:30)
	at peergos.shared.corenode.Proxy.lambda$redirectCall$0(Proxy.java:26)
	at java.base/java.util.concurrent.CompletableFuture.uniComposeStage(CompletableFuture.java:1183)
	at java.base/java.util.concurrent.CompletableFuture.thenCompose(CompletableFuture.java:2299)
	at peergos.shared.corenode.Proxy.lambda$redirectCall$1(Proxy.java:19)
	at java.base/java.util.concurrent.CompletableFuture.uniComposeStage(CompletableFuture.java:1183)
	at java.base/java.util.concurrent.CompletableFuture.thenCompose(CompletableFuture.java:2299)
	at peergos.shared.corenode.Proxy.redirectCall(Proxy.java:18)
	at peergos.shared.mutable.ProxyingMutablePointers.setPointer(ProxyingMutablePointers.java:27)
	at peergos.server.net.MutationHandler.handle(MutationHandler.java:60)
	at jdk.httpserver/com.sun.net.httpserver.Filter$Chain.doFilter(Filter.java:77)
	at jdk.httpserver/sun.net.httpserver.AuthFilter.doFilter(AuthFilter.java:82)
	at jdk.httpserver/com.sun.net.httpserver.Filter$Chain.doFilter(Filter.java:80)
	at jdk.httpserver/sun.net.httpserver.ServerImpl$Exchange$LinkHandler.handle(ServerImpl.java:692)
	at jdk.httpserver/com.sun.net.httpserver.Filter$Chain.doFilter(Filter.java:77)
	at jdk.httpserver/sun.net.httpserver.ServerImpl$Exchange.run(ServerImpl.java:664)
	at java.base/java.util.concurrent.ThreadPoolExecutor.runWorker(ThreadPoolExecutor.java:1130)
	at java.base/java.util.concurrent.ThreadPoolExecutor$Worker.run(ThreadPoolExecutor.java:630)
	at java.base/java.lang.Thread.run(Thread.java:832)
java.lang.IllegalStateException: Writer not present on this server: z59vuwzfFDp22U3kPFsAotntZRgL5maiWEpEX1RQCtJjehEitdn4S8n
	at peergos.server.space.JdbcUsageStore.getWriterId(JdbcUsageStore.java:179)
	at peergos.server.space.JdbcUsageStore.getOwner(JdbcUsageStore.java:239)
	at peergos.server.space.JdbcUsageStore.getUsage(JdbcUsageStore.java:268)
	at peergos.server.space.SpaceCheckingKeyFilter.prepareMutablePointerChange(SpaceCheckingKeyFilter.java:214)
	at peergos.server.space.SpaceCheckingKeyFilter.accept(SpaceCheckingKeyFilter.java:182)
	at peergos.server.mutable.MutableEventPropagator.lambda$setPointer$0(MutableEventPropagator.java:30)
	at java.base/java.util.concurrent.CompletableFuture.uniApplyNow(CompletableFuture.java:680)
	at java.base/java.util.concurrent.CompletableFuture.uniApplyStage(CompletableFuture.java:658)
	at java.base/java.util.concurrent.CompletableFuture.thenApply(CompletableFuture.java:2158)
	at peergos.server.mutable.MutableEventPropagator.setPointer(MutableEventPropagator.java:26)
	at peergos.server.mutable.PinningMutablePointers.lambda$setPointer$2(PinningMutablePointers.java:52)
	at java.base/java.util.concurrent.CompletableFuture.uniComposeStage(CompletableFuture.java:1183)
	at java.base/java.util.concurrent.CompletableFuture.thenCompose(CompletableFuture.java:2299)
	at peergos.server.mutable.PinningMutablePointers.lambda$setPointer$3(PinningMutablePointers.java:41)
	at java.base/java.util.concurrent.CompletableFuture.uniComposeStage(CompletableFuture.java:1183)
	at java.base/java.util.concurrent.CompletableFuture.thenCompose(CompletableFuture.java:2299)
	at peergos.server.mutable.PinningMutablePointers.setPointer(PinningMutablePointers.java:33)
	at peergos.server.mutable.BlockingMutablePointers.setPointer(BlockingMutablePointers.java:21)
	at peergos.shared.mutable.ProxyingMutablePointers.lambda$setPointer$0(ProxyingMutablePointers.java:30)
	at peergos.shared.corenode.Proxy.lambda$redirectCall$0(Proxy.java:26)
	at java.base/java.util.concurrent.CompletableFuture.uniComposeStage(CompletableFuture.java:1183)
	at java.base/java.util.concurrent.CompletableFuture.thenCompose(CompletableFuture.java:2299)
	at peergos.shared.corenode.Proxy.lambda$redirectCall$1(Proxy.java:19)
	at java.base/java.util.concurrent.CompletableFuture.uniComposeStage(CompletableFuture.java:1183)
	at java.base/java.util.concurrent.CompletableFuture.thenCompose(CompletableFuture.java:2299)
	at peergos.shared.corenode.Proxy.redirectCall(Proxy.java:18)
	at peergos.shared.mutable.ProxyingMutablePointers.setPointer(ProxyingMutablePointers.java:27)
	at peergos.server.net.MutationHandler.handle(MutationHandler.java:60)
	at jdk.httpserver/com.sun.net.httpserver.Filter$Chain.doFilter(Filter.java:77)
	at jdk.httpserver/sun.net.httpserver.AuthFilter.doFilter(AuthFilter.java:82)
	at jdk.httpserver/com.sun.net.httpserver.Filter$Chain.doFilter(Filter.java:80)
	at jdk.httpserver/sun.net.httpserver.ServerImpl$Exchange$LinkHandler.handle(ServerImpl.java:692)
	at jdk.httpserver/com.sun.net.httpserver.Filter$Chain.doFilter(Filter.java:77)
	at jdk.httpserver/sun.net.httpserver.ServerImpl$Exchange.run(ServerImpl.java:664)
	at java.base/java.util.concurrent.ThreadPoolExecutor.runWorker(ThreadPoolExecutor.java:1130)
	at java.base/java.util.concurrent.ThreadPoolExecutor$Worker.run(ThreadPoolExecutor.java:630)
	at java.base/java.lang.Thread.run(Thread.java:832)
java.lang.IllegalStateException: Writer not present on this server: z59vuwzfFDonfmQUeY8yy6qK3YDKC5mzsXkjipJGjuTqeojnRU7Q9Aj
	at peergos.server.space.JdbcUsageStore.getWriterId(JdbcUsageStore.java:179)
	at peergos.server.space.JdbcUsageStore.getOwner(JdbcUsageStore.java:239)
	at peergos.server.space.JdbcUsageStore.getUsage(JdbcUsageStore.java:268)
	at peergos.server.space.SpaceCheckingKeyFilter.prepareMutablePointerChange(SpaceCheckingKeyFilter.java:214)
	at peergos.server.space.SpaceCheckingKeyFilter.accept(SpaceCheckingKeyFilter.java:182)
	at peergos.server.mutable.MutableEventPropagator.lambda$setPointer$0(MutableEventPropagator.java:30)
	at java.base/java.util.concurrent.CompletableFuture.uniApplyNow(CompletableFuture.java:680)
	at java.base/java.util.concurrent.CompletableFuture.uniApplyStage(CompletableFuture.java:658)
	at java.base/java.util.concurrent.CompletableFuture.thenApply(CompletableFuture.java:2158)
	at peergos.server.mutable.MutableEventPropagator.setPointer(MutableEventPropagator.java:26)
	at peergos.server.mutable.PinningMutablePointers.lambda$setPointer$2(PinningMutablePointers.java:52)
	at java.base/java.util.concurrent.CompletableFuture.uniComposeStage(CompletableFuture.java:1183)
	at java.base/java.util.concurrent.CompletableFuture.thenCompose(CompletableFuture.java:2299)
	at peergos.server.mutable.PinningMutablePointers.lambda$setPointer$3(PinningMutablePointers.java:41)
	at java.base/java.util.concurrent.CompletableFuture.uniComposeStage(CompletableFuture.java:1183)
	at java.base/java.util.concurrent.CompletableFuture.thenCompose(CompletableFuture.java:2299)
	at peergos.server.mutable.PinningMutablePointers.setPointer(PinningMutablePointers.java:33)
	at peergos.server.mutable.BlockingMutablePointers.setPointer(BlockingMutablePointers.java:21)
	at peergos.shared.mutable.ProxyingMutablePointers.lambda$setPointer$0(ProxyingMutablePointers.java:30)
	at peergos.shared.corenode.Proxy.lambda$redirectCall$0(Proxy.java:26)
	at java.base/java.util.concurrent.CompletableFuture.uniComposeStage(CompletableFuture.java:1183)
	at java.base/java.util.concurrent.CompletableFuture.thenCompose(CompletableFuture.java:2299)
	at peergos.shared.corenode.Proxy.lambda$redirectCall$1(Proxy.java:19)
	at java.base/java.util.concurrent.CompletableFuture.uniComposeStage(CompletableFuture.java:1183)
	at java.base/java.util.concurrent.CompletableFuture.thenCompose(CompletableFuture.java:2299)
	at peergos.shared.corenode.Proxy.redirectCall(Proxy.java:18)
	at peergos.shared.mutable.ProxyingMutablePointers.setPointer(ProxyingMutablePointers.java:27)
	at peergos.server.net.MutationHandler.handle(MutationHandler.java:60)
	at jdk.httpserver/com.sun.net.httpserver.Filter$Chain.doFilter(Filter.java:77)
	at jdk.httpserver/sun.net.httpserver.AuthFilter.doFilter(AuthFilter.java:82)
	at jdk.httpserver/com.sun.net.httpserver.Filter$Chain.doFilter(Filter.java:80)
	at jdk.httpserver/sun.net.httpserver.ServerImpl$Exchange$LinkHandler.handle(ServerImpl.java:692)
	at jdk.httpserver/com.sun.net.httpserver.Filter$Chain.doFilter(Filter.java:77)
	at jdk.httpserver/sun.net.httpserver.ServerImpl$Exchange.run(ServerImpl.java:664)
	at java.base/java.util.concurrent.ThreadPoolExecutor.runWorker(ThreadPoolExecutor.java:1130)
	at java.base/java.util.concurrent.ThreadPoolExecutor$Worker.run(ThreadPoolExecutor.java:630)
	at java.base/java.lang.Thread.run(Thread.java:832)
java.lang.IllegalStateException: Writer not present on this server: z59vuwzfFDonfmQUeY8yy6qK3YDKC5mzsXkjipJGjuTqeojnRU7Q9Aj
	at peergos.server.space.JdbcUsageStore.getWriterId(JdbcUsageStore.java:179)
	at peergos.server.space.JdbcUsageStore.getOwner(JdbcUsageStore.java:239)
	at peergos.server.space.JdbcUsageStore.getUsage(JdbcUsageStore.java:268)
	at peergos.server.space.SpaceCheckingKeyFilter.prepareMutablePointerChange(SpaceCheckingKeyFilter.java:214)
	at peergos.server.space.SpaceCheckingKeyFilter.accept(SpaceCheckingKeyFilter.java:182)
	at peergos.server.mutable.MutableEventPropagator.lambda$setPointer$0(MutableEventPropagator.java:30)
	at java.base/java.util.concurrent.CompletableFuture.uniApplyNow(CompletableFuture.java:680)
	at java.base/java.util.concurrent.CompletableFuture.uniApplyStage(CompletableFuture.java:658)
	at java.base/java.util.concurrent.CompletableFuture.thenApply(CompletableFuture.java:2158)
	at peergos.server.mutable.MutableEventPropagator.setPointer(MutableEventPropagator.java:26)
	at peergos.server.mutable.PinningMutablePointers.lambda$setPointer$2(PinningMutablePointers.java:52)
	at java.base/java.util.concurrent.CompletableFuture.uniComposeStage(CompletableFuture.java:1183)
	at java.base/java.util.concurrent.CompletableFuture.thenCompose(CompletableFuture.java:2299)
	at peergos.server.mutable.PinningMutablePointers.lambda$setPointer$3(PinningMutablePointers.java:41)
	at java.base/java.util.concurrent.CompletableFuture.uniComposeStage(CompletableFuture.java:1183)
	at java.base/java.util.concurrent.CompletableFuture.thenCompose(CompletableFuture.java:2299)
	at peergos.server.mutable.PinningMutablePointers.setPointer(PinningMutablePointers.java:33)
	at peergos.server.mutable.BlockingMutablePointers.setPointer(BlockingMutablePointers.java:21)
	at peergos.shared.mutable.ProxyingMutablePointers.lambda$setPointer$0(ProxyingMutablePointers.java:30)
	at peergos.shared.corenode.Proxy.lambda$redirectCall$0(Proxy.java:26)
	at java.base/java.util.concurrent.CompletableFuture.uniComposeStage(CompletableFuture.java:1183)
	at java.base/java.util.concurrent.CompletableFuture.thenCompose(CompletableFuture.java:2299)
	at peergos.shared.corenode.Proxy.lambda$redirectCall$1(Proxy.java:19)
	at java.base/java.util.concurrent.CompletableFuture.uniComposeStage(CompletableFuture.java:1183)
	at java.base/java.util.concurrent.CompletableFuture.thenCompose(CompletableFuture.java:2299)
	at peergos.shared.corenode.Proxy.redirectCall(Proxy.java:18)
	at peergos.shared.mutable.ProxyingMutablePointers.setPointer(ProxyingMutablePointers.java:27)
	at peergos.server.net.MutationHandler.handle(MutationHandler.java:60)
	at jdk.httpserver/com.sun.net.httpserver.Filter$Chain.doFilter(Filter.java:77)
	at jdk.httpserver/sun.net.httpserver.AuthFilter.doFilter(AuthFilter.java:82)
	at jdk.httpserver/com.sun.net.httpserver.Filter$Chain.doFilter(Filter.java:80)
	at jdk.httpserver/sun.net.httpserver.ServerImpl$Exchange$LinkHandler.handle(ServerImpl.java:692)
	at jdk.httpserver/com.sun.net.httpserver.Filter$Chain.doFilter(Filter.java:77)
	at jdk.httpserver/sun.net.httpserver.ServerImpl$Exchange.run(ServerImpl.java:664)
	at java.base/java.util.concurrent.ThreadPoolExecutor.runWorker(ThreadPoolExecutor.java:1130)
	at java.base/java.util.concurrent.ThreadPoolExecutor$Worker.run(ThreadPoolExecutor.java:630)
	at java.base/java.lang.Thread.run(Thread.java:832)
java.lang.IllegalStateException: Writer not present on this server: z59vuwzfFDotVnbVF1tf8KRQU58KXEZtKWwCagjXBWVyNSASXkECJR2
	at peergos.server.space.JdbcUsageStore.getWriterId(JdbcUsageStore.java:179)
	at peergos.server.space.JdbcUsageStore.getOwner(JdbcUsageStore.java:239)
	at peergos.server.space.JdbcUsageStore.getUsage(JdbcUsageStore.java:268)
	at peergos.server.space.SpaceCheckingKeyFilter.prepareMutablePointerChange(SpaceCheckingKeyFilter.java:214)
	at peergos.server.space.SpaceCheckingKeyFilter.accept(SpaceCheckingKeyFilter.java:182)
	at peergos.server.mutable.MutableEventPropagator.lambda$setPointer$0(MutableEventPropagator.java:30)
	at java.base/java.util.concurrent.CompletableFuture.uniApplyNow(CompletableFuture.java:680)
	at java.base/java.util.concurrent.CompletableFuture.uniApplyStage(CompletableFuture.java:658)
	at java.base/java.util.concurrent.CompletableFuture.thenApply(CompletableFuture.java:2158)
	at peergos.server.mutable.MutableEventPropagator.setPointer(MutableEventPropagator.java:26)
	at peergos.server.mutable.PinningMutablePointers.lambda$setPointer$2(PinningMutablePointers.java:52)
	at java.base/java.util.concurrent.CompletableFuture.uniComposeStage(CompletableFuture.java:1183)
	at java.base/java.util.concurrent.CompletableFuture.thenCompose(CompletableFuture.java:2299)
	at peergos.server.mutable.PinningMutablePointers.lambda$setPointer$3(PinningMutablePointers.java:41)
	at java.base/java.util.concurrent.CompletableFuture.uniComposeStage(CompletableFuture.java:1183)
	at java.base/java.util.concurrent.CompletableFuture.thenCompose(CompletableFuture.java:2299)
	at peergos.server.mutable.PinningMutablePointers.setPointer(PinningMutablePointers.java:33)
	at peergos.server.mutable.BlockingMutablePointers.setPointer(BlockingMutablePointers.java:21)
	at peergos.shared.mutable.ProxyingMutablePointers.lambda$setPointer$0(ProxyingMutablePointers.java:30)
	at peergos.shared.corenode.Proxy.lambda$redirectCall$0(Proxy.java:26)
	at java.base/java.util.concurrent.CompletableFuture.uniComposeStage(CompletableFuture.java:1183)
	at java.base/java.util.concurrent.CompletableFuture.thenCompose(CompletableFuture.java:2299)
	at peergos.shared.corenode.Proxy.lambda$redirectCall$1(Proxy.java:19)
	at java.base/java.util.concurrent.CompletableFuture.uniComposeStage(CompletableFuture.java:1183)
	at java.base/java.util.concurrent.CompletableFuture.thenCompose(CompletableFuture.java:2299)
	at peergos.shared.corenode.Proxy.redirectCall(Proxy.java:18)
	at peergos.shared.mutable.ProxyingMutablePointers.setPointer(ProxyingMutablePointers.java:27)
	at peergos.server.net.MutationHandler.handle(MutationHandler.java:60)
	at jdk.httpserver/com.sun.net.httpserver.Filter$Chain.doFilter(Filter.java:77)
	at jdk.httpserver/sun.net.httpserver.AuthFilter.doFilter(AuthFilter.java:82)
	at jdk.httpserver/com.sun.net.httpserver.Filter$Chain.doFilter(Filter.java:80)
	at jdk.httpserver/sun.net.httpserver.ServerImpl$Exchange$LinkHandler.handle(ServerImpl.java:692)
	at jdk.httpserver/com.sun.net.httpserver.Filter$Chain.doFilter(Filter.java:77)
	at jdk.httpserver/sun.net.httpserver.ServerImpl$Exchange.run(ServerImpl.java:664)
	at java.base/java.util.concurrent.ThreadPoolExecutor.runWorker(ThreadPoolExecutor.java:1130)
	at java.base/java.util.concurrent.ThreadPoolExecutor$Worker.run(ThreadPoolExecutor.java:630)
	at java.base/java.lang.Thread.run(Thread.java:832)
java.lang.IllegalStateException: Writer not present on this server: z59vuwzfFDotVnbVF1tf8KRQU58KXEZtKWwCagjXBWVyNSASXkECJR2
	at peergos.server.space.JdbcUsageStore.getWriterId(JdbcUsageStore.java:179)
	at peergos.server.space.JdbcUsageStore.getOwner(JdbcUsageStore.java:239)
	at peergos.server.space.JdbcUsageStore.getUsage(JdbcUsageStore.java:268)
	at peergos.server.space.SpaceCheckingKeyFilter.prepareMutablePointerChange(SpaceCheckingKeyFilter.java:214)
	at peergos.server.space.SpaceCheckingKeyFilter.accept(SpaceCheckingKeyFilter.java:182)
	at peergos.server.mutable.MutableEventPropagator.lambda$setPointer$0(MutableEventPropagator.java:30)
	at java.base/java.util.concurrent.CompletableFuture.uniApplyNow(CompletableFuture.java:680)
	at java.base/java.util.concurrent.CompletableFuture.uniApplyStage(CompletableFuture.java:658)
	at java.base/java.util.concurrent.CompletableFuture.thenApply(CompletableFuture.java:2158)
	at peergos.server.mutable.MutableEventPropagator.setPointer(MutableEventPropagator.java:26)
	at peergos.server.mutable.PinningMutablePointers.lambda$setPointer$2(PinningMutablePointers.java:52)
	at java.base/java.util.concurrent.CompletableFuture.uniComposeStage(CompletableFuture.java:1183)
	at java.base/java.util.concurrent.CompletableFuture.thenCompose(CompletableFuture.java:2299)
	at peergos.server.mutable.PinningMutablePointers.lambda$setPointer$3(PinningMutablePointers.java:41)
	at java.base/java.util.concurrent.CompletableFuture.uniComposeStage(CompletableFuture.java:1183)
	at java.base/java.util.concurrent.CompletableFuture.thenCompose(CompletableFuture.java:2299)
	at peergos.server.mutable.PinningMutablePointers.setPointer(PinningMutablePointers.java:33)
	at peergos.server.mutable.BlockingMutablePointers.setPointer(BlockingMutablePointers.java:21)
	at peergos.shared.mutable.ProxyingMutablePointers.lambda$setPointer$0(ProxyingMutablePointers.java:30)
	at peergos.shared.corenode.Proxy.lambda$redirectCall$0(Proxy.java:26)
	at java.base/java.util.concurrent.CompletableFuture.uniComposeStage(CompletableFuture.java:1183)
	at java.base/java.util.concurrent.CompletableFuture.thenCompose(CompletableFuture.java:2299)
	at peergos.shared.corenode.Proxy.lambda$redirectCall$1(Proxy.java:19)
	at java.base/java.util.concurrent.CompletableFuture.uniComposeStage(CompletableFuture.java:1183)
	at java.base/java.util.concurrent.CompletableFuture.thenCompose(CompletableFuture.java:2299)
	at peergos.shared.corenode.Proxy.redirectCall(Proxy.java:18)
	at peergos.shared.mutable.ProxyingMutablePointers.setPointer(ProxyingMutablePointers.java:27)
	at peergos.server.net.MutationHandler.handle(MutationHandler.java:60)
	at jdk.httpserver/com.sun.net.httpserver.Filter$Chain.doFilter(Filter.java:77)
	at jdk.httpserver/sun.net.httpserver.AuthFilter.doFilter(AuthFilter.java:82)
	at jdk.httpserver/com.sun.net.httpserver.Filter$Chain.doFilter(Filter.java:80)
	at jdk.httpserver/sun.net.httpserver.ServerImpl$Exchange$LinkHandler.handle(ServerImpl.java:692)
	at jdk.httpserver/com.sun.net.httpserver.Filter$Chain.doFilter(Filter.java:77)
	at jdk.httpserver/sun.net.httpserver.ServerImpl$Exchange.run(ServerImpl.java:664)
	at java.base/java.util.concurrent.ThreadPoolExecutor.runWorker(ThreadPoolExecutor.java:1130)
	at java.base/java.util.concurrent.ThreadPoolExecutor$Worker.run(ThreadPoolExecutor.java:630)
	at java.base/java.lang.Thread.run(Thread.java:832)
java.lang.IllegalStateException: Writer not present on this server: z59vuwzfFDonfmQUeY8yy6qK3YDKC5mzsXkjipJGjuTqeojnRU7Q9Aj
	at peergos.server.space.JdbcUsageStore.getWriterId(JdbcUsageStore.java:179)
	at peergos.server.space.JdbcUsageStore.getOwner(JdbcUsageStore.java:239)
	at peergos.server.space.JdbcUsageStore.getUsage(JdbcUsageStore.java:268)
	at peergos.server.space.SpaceCheckingKeyFilter.prepareMutablePointerChange(SpaceCheckingKeyFilter.java:214)
	at peergos.server.space.SpaceCheckingKeyFilter.accept(SpaceCheckingKeyFilter.java:182)
	at peergos.server.mutable.MutableEventPropagator.lambda$setPointer$0(MutableEventPropagator.java:30)
	at java.base/java.util.concurrent.CompletableFuture.uniApplyNow(CompletableFuture.java:680)
	at java.base/java.util.concurrent.CompletableFuture.uniApplyStage(CompletableFuture.java:658)
	at java.base/java.util.concurrent.CompletableFuture.thenApply(CompletableFuture.java:2158)
	at peergos.server.mutable.MutableEventPropagator.setPointer(MutableEventPropagator.java:26)
	at peergos.server.mutable.PinningMutablePointers.lambda$setPointer$2(PinningMutablePointers.java:52)
	at java.base/java.util.concurrent.CompletableFuture.uniComposeStage(CompletableFuture.java:1183)
	at java.base/java.util.concurrent.CompletableFuture.thenCompose(CompletableFuture.java:2299)
	at peergos.server.mutable.PinningMutablePointers.lambda$setPointer$3(PinningMutablePointers.java:41)
	at java.base/java.util.concurrent.CompletableFuture.uniComposeStage(CompletableFuture.java:1183)
	at java.base/java.util.concurrent.CompletableFuture.thenCompose(CompletableFuture.java:2299)
	at peergos.server.mutable.PinningMutablePointers.setPointer(PinningMutablePointers.java:33)
	at peergos.server.mutable.BlockingMutablePointers.setPointer(BlockingMutablePointers.java:21)
	at peergos.shared.mutable.ProxyingMutablePointers.lambda$setPointer$0(ProxyingMutablePointers.java:30)
	at peergos.shared.corenode.Proxy.lambda$redirectCall$0(Proxy.java:26)
	at java.base/java.util.concurrent.CompletableFuture.uniComposeStage(CompletableFuture.java:1183)
	at java.base/java.util.concurrent.CompletableFuture.thenCompose(CompletableFuture.java:2299)
	at peergos.shared.corenode.Proxy.lambda$redirectCall$1(Proxy.java:19)
	at java.base/java.util.concurrent.CompletableFuture.uniComposeStage(CompletableFuture.java:1183)
	at java.base/java.util.concurrent.CompletableFuture.thenCompose(CompletableFuture.java:2299)
	at peergos.shared.corenode.Proxy.redirectCall(Proxy.java:18)
	at peergos.shared.mutable.ProxyingMutablePointers.setPointer(ProxyingMutablePointers.java:27)
	at peergos.server.net.MutationHandler.handle(MutationHandler.java:60)
	at jdk.httpserver/com.sun.net.httpserver.Filter$Chain.doFilter(Filter.java:77)
	at jdk.httpserver/sun.net.httpserver.AuthFilter.doFilter(AuthFilter.java:82)
	at jdk.httpserver/com.sun.net.httpserver.Filter$Chain.doFilter(Filter.java:80)
	at jdk.httpserver/sun.net.httpserver.ServerImpl$Exchange$LinkHandler.handle(ServerImpl.java:692)
	at jdk.httpserver/com.sun.net.httpserver.Filter$Chain.doFilter(Filter.java:77)
	at jdk.httpserver/sun.net.httpserver.ServerImpl$Exchange.run(ServerImpl.java:664)
	at java.base/java.util.concurrent.ThreadPoolExecutor.runWorker(ThreadPoolExecutor.java:1130)
	at java.base/java.util.concurrent.ThreadPoolExecutor$Worker.run(ThreadPoolExecutor.java:630)
	at java.base/java.lang.Thread.run(Thread.java:832)
java.lang.IllegalStateException: Writer not present on this server: z59vuwzfFDotVnbVF1tf8KRQU58KXEZtKWwCagjXBWVyNSASXkECJR2
	at peergos.server.space.JdbcUsageStore.getWriterId(JdbcUsageStore.java:179)
	at peergos.server.space.JdbcUsageStore.getOwner(JdbcUsageStore.java:239)
	at peergos.server.space.JdbcUsageStore.getUsage(JdbcUsageStore.java:268)
	at peergos.server.space.SpaceCheckingKeyFilter.prepareMutablePointerChange(SpaceCheckingKeyFilter.java:214)
	at peergos.server.space.SpaceCheckingKeyFilter.accept(SpaceCheckingKeyFilter.java:182)
	at peergos.server.mutable.MutableEventPropagator.lambda$setPointer$0(MutableEventPropagator.java:30)
	at java.base/java.util.concurrent.CompletableFuture.uniApplyNow(CompletableFuture.java:680)
	at java.base/java.util.concurrent.CompletableFuture.uniApplyStage(CompletableFuture.java:658)
	at java.base/java.util.concurrent.CompletableFuture.thenApply(CompletableFuture.java:2158)
	at peergos.server.mutable.MutableEventPropagator.setPointer(MutableEventPropagator.java:26)
	at peergos.server.mutable.PinningMutablePointers.lambda$setPointer$2(PinningMutablePointers.java:52)
	at java.base/java.util.concurrent.CompletableFuture.uniComposeStage(CompletableFuture.java:1183)
	at java.base/java.util.concurrent.CompletableFuture.thenCompose(CompletableFuture.java:2299)
	at peergos.server.mutable.PinningMutablePointers.lambda$setPointer$3(PinningMutablePointers.java:41)
	at java.base/java.util.concurrent.CompletableFuture.uniComposeStage(CompletableFuture.java:1183)
	at java.base/java.util.concurrent.CompletableFuture.thenCompose(CompletableFuture.java:2299)
	at peergos.server.mutable.PinningMutablePointers.setPointer(PinningMutablePointers.java:33)
	at peergos.server.mutable.BlockingMutablePointers.setPointer(BlockingMutablePointers.java:21)
	at peergos.shared.mutable.ProxyingMutablePointers.lambda$setPointer$0(ProxyingMutablePointers.java:30)
	at peergos.shared.corenode.Proxy.lambda$redirectCall$0(Proxy.java:26)
	at java.base/java.util.concurrent.CompletableFuture.uniComposeStage(CompletableFuture.java:1183)
	at java.base/java.util.concurrent.CompletableFuture.thenCompose(CompletableFuture.java:2299)
	at peergos.shared.corenode.Proxy.lambda$redirectCall$1(Proxy.java:19)
	at java.base/java.util.concurrent.CompletableFuture.uniComposeStage(CompletableFuture.java:1183)
	at java.base/java.util.concurrent.CompletableFuture.thenCompose(CompletableFuture.java:2299)
	at peergos.shared.corenode.Proxy.redirectCall(Proxy.java:18)
	at peergos.shared.mutable.ProxyingMutablePointers.setPointer(ProxyingMutablePointers.java:27)
	at peergos.server.net.MutationHandler.handle(MutationHandler.java:60)
	at jdk.httpserver/com.sun.net.httpserver.Filter$Chain.doFilter(Filter.java:77)
	at jdk.httpserver/sun.net.httpserver.AuthFilter.doFilter(AuthFilter.java:82)
	at jdk.httpserver/com.sun.net.httpserver.Filter$Chain.doFilter(Filter.java:80)
	at jdk.httpserver/sun.net.httpserver.ServerImpl$Exchange$LinkHandler.handle(ServerImpl.java:692)
	at jdk.httpserver/com.sun.net.httpserver.Filter$Chain.doFilter(Filter.java:77)
	at jdk.httpserver/sun.net.httpserver.ServerImpl$Exchange.run(ServerImpl.java:664)
	at java.base/java.util.concurrent.ThreadPoolExecutor.runWorker(ThreadPoolExecutor.java:1130)
	at java.base/java.util.concurrent.ThreadPoolExecutor$Worker.run(ThreadPoolExecutor.java:630)
	at java.base/java.lang.Thread.run(Thread.java:832)
java.lang.IllegalStateException: Writer not present on this server: z59vuwzfFDotVnbVF1tf8KRQU58KXEZtKWwCagjXBWVyNSASXkECJR2
	at peergos.server.space.JdbcUsageStore.getWriterId(JdbcUsageStore.java:179)
	at peergos.server.space.JdbcUsageStore.getOwner(JdbcUsageStore.java:239)
	at peergos.server.space.JdbcUsageStore.getUsage(JdbcUsageStore.java:268)
	at peergos.server.space.SpaceCheckingKeyFilter.prepareMutablePointerChange(SpaceCheckingKeyFilter.java:214)
	at peergos.server.space.SpaceCheckingKeyFilter.accept(SpaceCheckingKeyFilter.java:182)
	at peergos.server.mutable.MutableEventPropagator.lambda$setPointer$0(MutableEventPropagator.java:30)
	at java.base/java.util.concurrent.CompletableFuture.uniApplyNow(CompletableFuture.java:680)
	at java.base/java.util.concurrent.CompletableFuture.uniApplyStage(CompletableFuture.java:658)
	at java.base/java.util.concurrent.CompletableFuture.thenApply(CompletableFuture.java:2158)
	at peergos.server.mutable.MutableEventPropagator.setPointer(MutableEventPropagator.java:26)
	at peergos.server.mutable.PinningMutablePointers.lambda$setPointer$2(PinningMutablePointers.java:52)
	at java.base/java.util.concurrent.CompletableFuture.uniComposeStage(CompletableFuture.java:1183)
	at java.base/java.util.concurrent.CompletableFuture.thenCompose(CompletableFuture.java:2299)
	at peergos.server.mutable.PinningMutablePointers.lambda$setPointer$3(PinningMutablePointers.java:41)
	at java.base/java.util.concurrent.CompletableFuture.uniComposeStage(CompletableFuture.java:1183)
	at java.base/java.util.concurrent.CompletableFuture.thenCompose(CompletableFuture.java:2299)
	at peergos.server.mutable.PinningMutablePointers.setPointer(PinningMutablePointers.java:33)
	at peergos.server.mutable.BlockingMutablePointers.setPointer(BlockingMutablePointers.java:21)
	at peergos.shared.mutable.ProxyingMutablePointers.lambda$setPointer$0(ProxyingMutablePointers.java:30)
	at peergos.shared.corenode.Proxy.lambda$redirectCall$0(Proxy.java:26)
	at java.base/java.util.concurrent.CompletableFuture.uniComposeStage(CompletableFuture.java:1183)
	at java.base/java.util.concurrent.CompletableFuture.thenCompose(CompletableFuture.java:2299)
	at peergos.shared.corenode.Proxy.lambda$redirectCall$1(Proxy.java:19)
	at java.base/java.util.concurrent.CompletableFuture.uniComposeStage(CompletableFuture.java:1183)
	at java.base/java.util.concurrent.CompletableFuture.thenCompose(CompletableFuture.java:2299)
	at peergos.shared.corenode.Proxy.redirectCall(Proxy.java:18)
	at peergos.shared.mutable.ProxyingMutablePointers.setPointer(ProxyingMutablePointers.java:27)
	at peergos.server.net.MutationHandler.handle(MutationHandler.java:60)
	at jdk.httpserver/com.sun.net.httpserver.Filter$Chain.doFilter(Filter.java:77)
	at jdk.httpserver/sun.net.httpserver.AuthFilter.doFilter(AuthFilter.java:82)
	at jdk.httpserver/com.sun.net.httpserver.Filter$Chain.doFilter(Filter.java:80)
	at jdk.httpserver/sun.net.httpserver.ServerImpl$Exchange$LinkHandler.handle(ServerImpl.java:692)
	at jdk.httpserver/com.sun.net.httpserver.Filter$Chain.doFilter(Filter.java:77)
	at jdk.httpserver/sun.net.httpserver.ServerImpl$Exchange.run(ServerImpl.java:664)
	at java.base/java.util.concurrent.ThreadPoolExecutor.runWorker(ThreadPoolExecutor.java:1130)
	at java.base/java.util.concurrent.ThreadPoolExecutor$Worker.run(ThreadPoolExecutor.java:630)
	at java.base/java.lang.Thread.run(Thread.java:832)
java.lang.IllegalStateException: Writer not present on this server: z59vuwzfFDotVnbVF1tf8KRQU58KXEZtKWwCagjXBWVyNSASXkECJR2
	at peergos.server.space.JdbcUsageStore.getWriterId(JdbcUsageStore.java:179)
	at peergos.server.space.JdbcUsageStore.getOwner(JdbcUsageStore.java:239)
	at peergos.server.space.JdbcUsageStore.getUsage(JdbcUsageStore.java:268)
	at peergos.server.space.SpaceCheckingKeyFilter.prepareMutablePointerChange(SpaceCheckingKeyFilter.java:214)
	at peergos.server.space.SpaceCheckingKeyFilter.accept(SpaceCheckingKeyFilter.java:182)
	at peergos.server.mutable.MutableEventPropagator.lambda$setPointer$0(MutableEventPropagator.java:30)
	at java.base/java.util.concurrent.CompletableFuture.uniApplyNow(CompletableFuture.java:680)
	at java.base/java.util.concurrent.CompletableFuture.uniApplyStage(CompletableFuture.java:658)
	at java.base/java.util.concurrent.CompletableFuture.thenApply(CompletableFuture.java:2158)
	at peergos.server.mutable.MutableEventPropagator.setPointer(MutableEventPropagator.java:26)
	at peergos.server.mutable.PinningMutablePointers.lambda$setPointer$2(PinningMutablePointers.java:52)
	at java.base/java.util.concurrent.CompletableFuture.uniComposeStage(CompletableFuture.java:1183)
	at java.base/java.util.concurrent.CompletableFuture.thenCompose(CompletableFuture.java:2299)
	at peergos.server.mutable.PinningMutablePointers.lambda$setPointer$3(PinningMutablePointers.java:41)
	at java.base/java.util.concurrent.CompletableFuture.uniComposeStage(CompletableFuture.java:1183)
	at java.base/java.util.concurrent.CompletableFuture.thenCompose(CompletableFuture.java:2299)
	at peergos.server.mutable.PinningMutablePointers.setPointer(PinningMutablePointers.java:33)
	at peergos.server.mutable.BlockingMutablePointers.setPointer(BlockingMutablePointers.java:21)
	at peergos.shared.mutable.ProxyingMutablePointers.lambda$setPointer$0(ProxyingMutablePointers.java:30)
	at peergos.shared.corenode.Proxy.lambda$redirectCall$0(Proxy.java:26)
	at java.base/java.util.concurrent.CompletableFuture.uniComposeStage(CompletableFuture.java:1183)
	at java.base/java.util.concurrent.CompletableFuture.thenCompose(CompletableFuture.java:2299)
	at peergos.shared.corenode.Proxy.lambda$redirectCall$1(Proxy.java:19)
	at java.base/java.util.concurrent.CompletableFuture.uniComposeStage(CompletableFuture.java:1183)
	at java.base/java.util.concurrent.CompletableFuture.thenCompose(CompletableFuture.java:2299)
	at peergos.shared.corenode.Proxy.redirectCall(Proxy.java:18)
	at peergos.shared.mutable.ProxyingMutablePointers.setPointer(ProxyingMutablePointers.java:27)
	at peergos.server.net.MutationHandler.handle(MutationHandler.java:60)
	at jdk.httpserver/com.sun.net.httpserver.Filter$Chain.doFilter(Filter.java:77)
	at jdk.httpserver/sun.net.httpserver.AuthFilter.doFilter(AuthFilter.java:82)
	at jdk.httpserver/com.sun.net.httpserver.Filter$Chain.doFilter(Filter.java:80)
	at jdk.httpserver/sun.net.httpserver.ServerImpl$Exchange$LinkHandler.handle(ServerImpl.java:692)
	at jdk.httpserver/com.sun.net.httpserver.Filter$Chain.doFilter(Filter.java:77)
	at jdk.httpserver/sun.net.httpserver.ServerImpl$Exchange.run(ServerImpl.java:664)
	at java.base/java.util.concurrent.ThreadPoolExecutor.runWorker(ThreadPoolExecutor.java:1130)
	at java.base/java.util.concurrent.ThreadPoolExecutor$Worker.run(ThreadPoolExecutor.java:630)
	at java.base/java.lang.Thread.run(Thread.java:832)
java.lang.IllegalStateException: Writer not present on this server: z59vuwzfFDotVnbVF1tf8KRQU58KXEZtKWwCagjXBWVyNSASXkECJR2
	at peergos.server.space.JdbcUsageStore.getWriterId(JdbcUsageStore.java:179)
	at peergos.server.space.JdbcUsageStore.getOwner(JdbcUsageStore.java:239)
	at peergos.server.space.JdbcUsageStore.getUsage(JdbcUsageStore.java:268)
	at peergos.server.space.SpaceCheckingKeyFilter.prepareMutablePointerChange(SpaceCheckingKeyFilter.java:214)
	at peergos.server.space.SpaceCheckingKeyFilter.accept(SpaceCheckingKeyFilter.java:182)
	at peergos.server.mutable.MutableEventPropagator.lambda$setPointer$0(MutableEventPropagator.java:30)
	at java.base/java.util.concurrent.CompletableFuture.uniApplyNow(CompletableFuture.java:680)
	at java.base/java.util.concurrent.CompletableFuture.uniApplyStage(CompletableFuture.java:658)
	at java.base/java.util.concurrent.CompletableFuture.thenApply(CompletableFuture.java:2158)
	at peergos.server.mutable.MutableEventPropagator.setPointer(MutableEventPropagator.java:26)
	at peergos.server.mutable.PinningMutablePointers.lambda$setPointer$2(PinningMutablePointers.java:52)
	at java.base/java.util.concurrent.CompletableFuture.uniComposeStage(CompletableFuture.java:1183)
	at java.base/java.util.concurrent.CompletableFuture.thenCompose(CompletableFuture.java:2299)
	at peergos.server.mutable.PinningMutablePointers.lambda$setPointer$3(PinningMutablePointers.java:41)
	at java.base/java.util.concurrent.CompletableFuture.uniComposeStage(CompletableFuture.java:1183)
	at java.base/java.util.concurrent.CompletableFuture.thenCompose(CompletableFuture.java:2299)
	at peergos.server.mutable.PinningMutablePointers.setPointer(PinningMutablePointers.java:33)
	at peergos.server.mutable.BlockingMutablePointers.setPointer(BlockingMutablePointers.java:21)
	at peergos.shared.mutable.ProxyingMutablePointers.lambda$setPointer$0(ProxyingMutablePointers.java:30)
	at peergos.shared.corenode.Proxy.lambda$redirectCall$0(Proxy.java:26)
	at java.base/java.util.concurrent.CompletableFuture.uniComposeStage(CompletableFuture.java:1183)
	at java.base/java.util.concurrent.CompletableFuture.thenCompose(CompletableFuture.java:2299)
	at peergos.shared.corenode.Proxy.lambda$redirectCall$1(Proxy.java:19)
	at java.base/java.util.concurrent.CompletableFuture.uniComposeStage(CompletableFuture.java:1183)
	at java.base/java.util.concurrent.CompletableFuture.thenCompose(CompletableFuture.java:2299)
	at peergos.shared.corenode.Proxy.redirectCall(Proxy.java:18)
	at peergos.shared.mutable.ProxyingMutablePointers.setPointer(ProxyingMutablePointers.java:27)
	at peergos.server.net.MutationHandler.handle(MutationHandler.java:60)
	at jdk.httpserver/com.sun.net.httpserver.Filter$Chain.doFilter(Filter.java:77)
	at jdk.httpserver/sun.net.httpserver.AuthFilter.doFilter(AuthFilter.java:82)
	at jdk.httpserver/com.sun.net.httpserver.Filter$Chain.doFilter(Filter.java:80)
	at jdk.httpserver/sun.net.httpserver.ServerImpl$Exchange$LinkHandler.handle(ServerImpl.java:692)
	at jdk.httpserver/com.sun.net.httpserver.Filter$Chain.doFilter(Filter.java:77)
	at jdk.httpserver/sun.net.httpserver.ServerImpl$Exchange.run(ServerImpl.java:664)
	at java.base/java.util.concurrent.ThreadPoolExecutor.runWorker(ThreadPoolExecutor.java:1130)
	at java.base/java.util.concurrent.ThreadPoolExecutor$Worker.run(ThreadPoolExecutor.java:630)
	at java.base/java.lang.Thread.run(Thread.java:832)
java.lang.IllegalStateException: Writer not present on this server: z59vuwzfFDotVnbVF1tf8KRQU58KXEZtKWwCagjXBWVyNSASXkECJR2
	at peergos.server.space.JdbcUsageStore.getWriterId(JdbcUsageStore.java:179)
	at peergos.server.space.JdbcUsageStore.getOwner(JdbcUsageStore.java:239)
	at peergos.server.space.JdbcUsageStore.getUsage(JdbcUsageStore.java:268)
	at peergos.server.space.SpaceCheckingKeyFilter.prepareMutablePointerChange(SpaceCheckingKeyFilter.java:214)
	at peergos.server.space.SpaceCheckingKeyFilter.accept(SpaceCheckingKeyFilter.java:182)
	at peergos.server.mutable.MutableEventPropagator.lambda$setPointer$0(MutableEventPropagator.java:30)
	at java.base/java.util.concurrent.CompletableFuture.uniApplyNow(CompletableFuture.java:680)
	at java.base/java.util.concurrent.CompletableFuture.uniApplyStage(CompletableFuture.java:658)
	at java.base/java.util.concurrent.CompletableFuture.thenApply(CompletableFuture.java:2158)
	at peergos.server.mutable.MutableEventPropagator.setPointer(MutableEventPropagator.java:26)
	at peergos.server.mutable.PinningMutablePointers.lambda$setPointer$2(PinningMutablePointers.java:52)
	at java.base/java.util.concurrent.CompletableFuture.uniComposeStage(CompletableFuture.java:1183)
	at java.base/java.util.concurrent.CompletableFuture.thenCompose(CompletableFuture.java:2299)
	at peergos.server.mutable.PinningMutablePointers.lambda$setPointer$3(PinningMutablePointers.java:41)
	at java.base/java.util.concurrent.CompletableFuture.uniComposeStage(CompletableFuture.java:1183)
	at java.base/java.util.concurrent.CompletableFuture.thenCompose(CompletableFuture.java:2299)
	at peergos.server.mutable.PinningMutablePointers.setPointer(PinningMutablePointers.java:33)
	at peergos.server.mutable.BlockingMutablePointers.setPointer(BlockingMutablePointers.java:21)
	at peergos.shared.mutable.ProxyingMutablePointers.lambda$setPointer$0(ProxyingMutablePointers.java:30)
	at peergos.shared.corenode.Proxy.lambda$redirectCall$0(Proxy.java:26)
	at java.base/java.util.concurrent.CompletableFuture.uniComposeStage(CompletableFuture.java:1183)
	at java.base/java.util.concurrent.CompletableFuture.thenCompose(CompletableFuture.java:2299)
	at peergos.shared.corenode.Proxy.lambda$redirectCall$1(Proxy.java:19)
	at java.base/java.util.concurrent.CompletableFuture.uniComposeStage(CompletableFuture.java:1183)
	at java.base/java.util.concurrent.CompletableFuture.thenCompose(CompletableFuture.java:2299)
	at peergos.shared.corenode.Proxy.redirectCall(Proxy.java:18)
	at peergos.shared.mutable.ProxyingMutablePointers.setPointer(ProxyingMutablePointers.java:27)
	at peergos.server.net.MutationHandler.handle(MutationHandler.java:60)
	at jdk.httpserver/com.sun.net.httpserver.Filter$Chain.doFilter(Filter.java:77)
	at jdk.httpserver/sun.net.httpserver.AuthFilter.doFilter(AuthFilter.java:82)
	at jdk.httpserver/com.sun.net.httpserver.Filter$Chain.doFilter(Filter.java:80)
	at jdk.httpserver/sun.net.httpserver.ServerImpl$Exchange$LinkHandler.handle(ServerImpl.java:692)
	at jdk.httpserver/com.sun.net.httpserver.Filter$Chain.doFilter(Filter.java:77)
	at jdk.httpserver/sun.net.httpserver.ServerImpl$Exchange.run(ServerImpl.java:664)
	at java.base/java.util.concurrent.ThreadPoolExecutor.runWorker(ThreadPoolExecutor.java:1130)
	at java.base/java.util.concurrent.ThreadPoolExecutor$Worker.run(ThreadPoolExecutor.java:630)
	at java.base/java.lang.Thread.run(Thread.java:832)
java.lang.IllegalStateException: Writer not present on this server: z59vuwzfFDotVnbVF1tf8KRQU58KXEZtKWwCagjXBWVyNSASXkECJR2
	at peergos.server.space.JdbcUsageStore.getWriterId(JdbcUsageStore.java:179)
	at peergos.server.space.JdbcUsageStore.getOwner(JdbcUsageStore.java:239)
	at peergos.server.space.JdbcUsageStore.getUsage(JdbcUsageStore.java:268)
	at peergos.server.space.SpaceCheckingKeyFilter.prepareMutablePointerChange(SpaceCheckingKeyFilter.java:214)
	at peergos.server.space.SpaceCheckingKeyFilter.accept(SpaceCheckingKeyFilter.java:182)
	at peergos.server.mutable.MutableEventPropagator.lambda$setPointer$0(MutableEventPropagator.java:30)
	at java.base/java.util.concurrent.CompletableFuture.uniApplyNow(CompletableFuture.java:680)
	at java.base/java.util.concurrent.CompletableFuture.uniApplyStage(CompletableFuture.java:658)
	at java.base/java.util.concurrent.CompletableFuture.thenApply(CompletableFuture.java:2158)
	at peergos.server.mutable.MutableEventPropagator.setPointer(MutableEventPropagator.java:26)
	at peergos.server.mutable.PinningMutablePointers.lambda$setPointer$2(PinningMutablePointers.java:52)
	at java.base/java.util.concurrent.CompletableFuture.uniComposeStage(CompletableFuture.java:1183)
	at java.base/java.util.concurrent.CompletableFuture.thenCompose(CompletableFuture.java:2299)
	at peergos.server.mutable.PinningMutablePointers.lambda$setPointer$3(PinningMutablePointers.java:41)
	at java.base/java.util.concurrent.CompletableFuture.uniComposeStage(CompletableFuture.java:1183)
	at java.base/java.util.concurrent.CompletableFuture.thenCompose(CompletableFuture.java:2299)
	at peergos.server.mutable.PinningMutablePointers.setPointer(PinningMutablePointers.java:33)
	at peergos.server.mutable.BlockingMutablePointers.setPointer(BlockingMutablePointers.java:21)
	at peergos.shared.mutable.ProxyingMutablePointers.lambda$setPointer$0(ProxyingMutablePointers.java:30)
	at peergos.shared.corenode.Proxy.lambda$redirectCall$0(Proxy.java:26)
	at java.base/java.util.concurrent.CompletableFuture.uniComposeStage(CompletableFuture.java:1183)
	at java.base/java.util.concurrent.CompletableFuture.thenCompose(CompletableFuture.java:2299)
	at peergos.shared.corenode.Proxy.lambda$redirectCall$1(Proxy.java:19)
	at java.base/java.util.concurrent.CompletableFuture.uniComposeStage(CompletableFuture.java:1183)
	at java.base/java.util.concurrent.CompletableFuture.thenCompose(CompletableFuture.java:2299)
	at peergos.shared.corenode.Proxy.redirectCall(Proxy.java:18)
	at peergos.shared.mutable.ProxyingMutablePointers.setPointer(ProxyingMutablePointers.java:27)
	at peergos.server.net.MutationHandler.handle(MutationHandler.java:60)
	at jdk.httpserver/com.sun.net.httpserver.Filter$Chain.doFilter(Filter.java:77)
	at jdk.httpserver/sun.net.httpserver.AuthFilter.doFilter(AuthFilter.java:82)
	at jdk.httpserver/com.sun.net.httpserver.Filter$Chain.doFilter(Filter.java:80)
	at jdk.httpserver/sun.net.httpserver.ServerImpl$Exchange$LinkHandler.handle(ServerImpl.java:692)
	at jdk.httpserver/com.sun.net.httpserver.Filter$Chain.doFilter(Filter.java:77)
	at jdk.httpserver/sun.net.httpserver.ServerImpl$Exchange.run(ServerImpl.java:664)
	at java.base/java.util.concurrent.ThreadPoolExecutor.runWorker(ThreadPoolExecutor.java:1130)
	at java.base/java.util.concurrent.ThreadPoolExecutor$Worker.run(ThreadPoolExecutor.java:630)
	at java.base/java.lang.Thread.run(Thread.java:832)
java.lang.IllegalStateException: Writer not present on this server: z59vuwzfFDosZvwUNrS3Cie49RrntcGuV9cQG6fZgdQruMXYkd5FGJr
	at peergos.server.space.JdbcUsageStore.getWriterId(JdbcUsageStore.java:179)
	at peergos.server.space.JdbcUsageStore.getOwner(JdbcUsageStore.java:239)
	at peergos.server.space.JdbcUsageStore.getUsage(JdbcUsageStore.java:268)
	at peergos.server.space.SpaceCheckingKeyFilter.prepareMutablePointerChange(SpaceCheckingKeyFilter.java:214)
	at peergos.server.space.SpaceCheckingKeyFilter.accept(SpaceCheckingKeyFilter.java:182)
	at peergos.server.mutable.MutableEventPropagator.lambda$setPointer$0(MutableEventPropagator.java:30)
	at java.base/java.util.concurrent.CompletableFuture.uniApplyNow(CompletableFuture.java:680)
	at java.base/java.util.concurrent.CompletableFuture.uniApplyStage(CompletableFuture.java:658)
	at java.base/java.util.concurrent.CompletableFuture.thenApply(CompletableFuture.java:2158)
	at peergos.server.mutable.MutableEventPropagator.setPointer(MutableEventPropagator.java:26)
	at peergos.server.mutable.PinningMutablePointers.lambda$setPointer$2(PinningMutablePointers.java:52)
	at java.base/java.util.concurrent.CompletableFuture.uniComposeStage(CompletableFuture.java:1183)
	at java.base/java.util.concurrent.CompletableFuture.thenCompose(CompletableFuture.java:2299)
	at peergos.server.mutable.PinningMutablePointers.lambda$setPointer$3(PinningMutablePointers.java:41)
	at java.base/java.util.concurrent.CompletableFuture.uniComposeStage(CompletableFuture.java:1183)
	at java.base/java.util.concurrent.CompletableFuture.thenCompose(CompletableFuture.java:2299)
	at peergos.server.mutable.PinningMutablePointers.setPointer(PinningMutablePointers.java:33)
	at peergos.server.mutable.BlockingMutablePointers.setPointer(BlockingMutablePointers.java:21)
	at peergos.shared.mutable.ProxyingMutablePointers.lambda$setPointer$0(ProxyingMutablePointers.java:30)
	at peergos.shared.corenode.Proxy.lambda$redirectCall$0(Proxy.java:26)
	at java.base/java.util.concurrent.CompletableFuture.uniComposeStage(CompletableFuture.java:1183)
	at java.base/java.util.concurrent.CompletableFuture.thenCompose(CompletableFuture.java:2299)
	at peergos.shared.corenode.Proxy.lambda$redirectCall$1(Proxy.java:19)
	at java.base/java.util.concurrent.CompletableFuture.uniComposeStage(CompletableFuture.java:1183)
	at java.base/java.util.concurrent.CompletableFuture.thenCompose(CompletableFuture.java:2299)
	at peergos.shared.corenode.Proxy.redirectCall(Proxy.java:18)
	at peergos.shared.mutable.ProxyingMutablePointers.setPointer(ProxyingMutablePointers.java:27)
	at peergos.server.net.MutationHandler.handle(MutationHandler.java:60)
	at jdk.httpserver/com.sun.net.httpserver.Filter$Chain.doFilter(Filter.java:77)
	at jdk.httpserver/sun.net.httpserver.AuthFilter.doFilter(AuthFilter.java:82)
	at jdk.httpserver/com.sun.net.httpserver.Filter$Chain.doFilter(Filter.java:80)
	at jdk.httpserver/sun.net.httpserver.ServerImpl$Exchange$LinkHandler.handle(ServerImpl.java:692)
	at jdk.httpserver/com.sun.net.httpserver.Filter$Chain.doFilter(Filter.java:77)
	at jdk.httpserver/sun.net.httpserver.ServerImpl$Exchange.run(ServerImpl.java:664)
	at java.base/java.util.concurrent.ThreadPoolExecutor.runWorker(ThreadPoolExecutor.java:1130)
	at java.base/java.util.concurrent.ThreadPoolExecutor$Worker.run(ThreadPoolExecutor.java:630)
	at java.base/java.lang.Thread.run(Thread.java:832)
java.lang.IllegalStateException: Writer not present on this server: z59vuwzfFDosZvwUNrS3Cie49RrntcGuV9cQG6fZgdQruMXYkd5FGJr
	at peergos.server.space.JdbcUsageStore.getWriterId(JdbcUsageStore.java:179)
	at peergos.server.space.JdbcUsageStore.getOwner(JdbcUsageStore.java:239)
	at peergos.server.space.JdbcUsageStore.getUsage(JdbcUsageStore.java:268)
	at peergos.server.space.SpaceCheckingKeyFilter.prepareMutablePointerChange(SpaceCheckingKeyFilter.java:214)
	at peergos.server.space.SpaceCheckingKeyFilter.accept(SpaceCheckingKeyFilter.java:182)
	at peergos.server.mutable.MutableEventPropagator.lambda$setPointer$0(MutableEventPropagator.java:30)
	at java.base/java.util.concurrent.CompletableFuture.uniApplyNow(CompletableFuture.java:680)
	at java.base/java.util.concurrent.CompletableFuture.uniApplyStage(CompletableFuture.java:658)
	at java.base/java.util.concurrent.CompletableFuture.thenApply(CompletableFuture.java:2158)
	at peergos.server.mutable.MutableEventPropagator.setPointer(MutableEventPropagator.java:26)
	at peergos.server.mutable.PinningMutablePointers.lambda$setPointer$2(PinningMutablePointers.java:52)
	at java.base/java.util.concurrent.CompletableFuture.uniComposeStage(CompletableFuture.java:1183)
	at java.base/java.util.concurrent.CompletableFuture.thenCompose(CompletableFuture.java:2299)
	at peergos.server.mutable.PinningMutablePointers.lambda$setPointer$3(PinningMutablePointers.java:41)
	at java.base/java.util.concurrent.CompletableFuture.uniComposeStage(CompletableFuture.java:1183)
	at java.base/java.util.concurrent.CompletableFuture.thenCompose(CompletableFuture.java:2299)
	at peergos.server.mutable.PinningMutablePointers.setPointer(PinningMutablePointers.java:33)
	at peergos.server.mutable.BlockingMutablePointers.setPointer(BlockingMutablePointers.java:21)
	at peergos.shared.mutable.ProxyingMutablePointers.lambda$setPointer$0(ProxyingMutablePointers.java:30)
	at peergos.shared.corenode.Proxy.lambda$redirectCall$0(Proxy.java:26)
	at java.base/java.util.concurrent.CompletableFuture.uniComposeStage(CompletableFuture.java:1183)
	at java.base/java.util.concurrent.CompletableFuture.thenCompose(CompletableFuture.java:2299)
	at peergos.shared.corenode.Proxy.lambda$redirectCall$1(Proxy.java:19)
	at java.base/java.util.concurrent.CompletableFuture.uniComposeStage(CompletableFuture.java:1183)
	at java.base/java.util.concurrent.CompletableFuture.thenCompose(CompletableFuture.java:2299)
	at peergos.shared.corenode.Proxy.redirectCall(Proxy.java:18)
	at peergos.shared.mutable.ProxyingMutablePointers.setPointer(ProxyingMutablePointers.java:27)
	at peergos.server.net.MutationHandler.handle(MutationHandler.java:60)
	at jdk.httpserver/com.sun.net.httpserver.Filter$Chain.doFilter(Filter.java:77)
	at jdk.httpserver/sun.net.httpserver.AuthFilter.doFilter(AuthFilter.java:82)
	at jdk.httpserver/com.sun.net.httpserver.Filter$Chain.doFilter(Filter.java:80)
	at jdk.httpserver/sun.net.httpserver.ServerImpl$Exchange$LinkHandler.handle(ServerImpl.java:692)
	at jdk.httpserver/com.sun.net.httpserver.Filter$Chain.doFilter(Filter.java:77)
	at jdk.httpserver/sun.net.httpserver.ServerImpl$Exchange.run(ServerImpl.java:664)
	at java.base/java.util.concurrent.ThreadPoolExecutor.runWorker(ThreadPoolExecutor.java:1130)
	at java.base/java.util.concurrent.ThreadPoolExecutor$Worker.run(ThreadPoolExecutor.java:630)
	at java.base/java.lang.Thread.run(Thread.java:832)
java.lang.IllegalStateException: Writer not present on this server: z59vuwzfFDp16jDSZYmeXwXeNfYLvTL8VgDMLCQSRbBBnc1mmGCjSF4
	at peergos.server.space.JdbcUsageStore.getWriterId(JdbcUsageStore.java:179)
	at peergos.server.space.JdbcUsageStore.getOwner(JdbcUsageStore.java:239)
	at peergos.server.space.JdbcUsageStore.getUsage(JdbcUsageStore.java:268)
	at peergos.server.space.SpaceCheckingKeyFilter.prepareMutablePointerChange(SpaceCheckingKeyFilter.java:214)
	at peergos.server.space.SpaceCheckingKeyFilter.accept(SpaceCheckingKeyFilter.java:182)
	at peergos.server.mutable.MutableEventPropagator.lambda$setPointer$0(MutableEventPropagator.java:30)
	at java.base/java.util.concurrent.CompletableFuture.uniApplyNow(CompletableFuture.java:680)
	at java.base/java.util.concurrent.CompletableFuture.uniApplyStage(CompletableFuture.java:658)
	at java.base/java.util.concurrent.CompletableFuture.thenApply(CompletableFuture.java:2158)
	at peergos.server.mutable.MutableEventPropagator.setPointer(MutableEventPropagator.java:26)
	at peergos.server.mutable.PinningMutablePointers.lambda$setPointer$2(PinningMutablePointers.java:52)
	at java.base/java.util.concurrent.CompletableFuture.uniComposeStage(CompletableFuture.java:1183)
	at java.base/java.util.concurrent.CompletableFuture.thenCompose(CompletableFuture.java:2299)
	at peergos.server.mutable.PinningMutablePointers.lambda$setPointer$3(PinningMutablePointers.java:41)
	at java.base/java.util.concurrent.CompletableFuture.uniComposeStage(CompletableFuture.java:1183)
	at java.base/java.util.concurrent.CompletableFuture.thenCompose(CompletableFuture.java:2299)
	at peergos.server.mutable.PinningMutablePointers.setPointer(PinningMutablePointers.java:33)
	at peergos.server.mutable.BlockingMutablePointers.setPointer(BlockingMutablePointers.java:21)
	at peergos.shared.mutable.ProxyingMutablePointers.lambda$setPointer$0(ProxyingMutablePointers.java:30)
	at peergos.shared.corenode.Proxy.lambda$redirectCall$0(Proxy.java:26)
	at java.base/java.util.concurrent.CompletableFuture.uniComposeStage(CompletableFuture.java:1183)
	at java.base/java.util.concurrent.CompletableFuture.thenCompose(CompletableFuture.java:2299)
	at peergos.shared.corenode.Proxy.lambda$redirectCall$1(Proxy.java:19)
	at java.base/java.util.concurrent.CompletableFuture.uniComposeStage(CompletableFuture.java:1183)
	at java.base/java.util.concurrent.CompletableFuture.thenCompose(CompletableFuture.java:2299)
	at peergos.shared.corenode.Proxy.redirectCall(Proxy.java:18)
	at peergos.shared.mutable.ProxyingMutablePointers.setPointer(ProxyingMutablePointers.java:27)
	at peergos.server.net.MutationHandler.handle(MutationHandler.java:60)
	at jdk.httpserver/com.sun.net.httpserver.Filter$Chain.doFilter(Filter.java:77)
	at jdk.httpserver/sun.net.httpserver.AuthFilter.doFilter(AuthFilter.java:82)
	at jdk.httpserver/com.sun.net.httpserver.Filter$Chain.doFilter(Filter.java:80)
	at jdk.httpserver/sun.net.httpserver.ServerImpl$Exchange$LinkHandler.handle(ServerImpl.java:692)
	at jdk.httpserver/com.sun.net.httpserver.Filter$Chain.doFilter(Filter.java:77)
	at jdk.httpserver/sun.net.httpserver.ServerImpl$Exchange.run(ServerImpl.java:664)
	at java.base/java.util.concurrent.ThreadPoolExecutor.runWorker(ThreadPoolExecutor.java:1130)
	at java.base/java.util.concurrent.ThreadPoolExecutor$Worker.run(ThreadPoolExecutor.java:630)
	at java.base/java.lang.Thread.run(Thread.java:832)
java.lang.IllegalStateException: Writer not present on this server: z59vuwzfFDp16jDSZYmeXwXeNfYLvTL8VgDMLCQSRbBBnc1mmGCjSF4
	at peergos.server.space.JdbcUsageStore.getWriterId(JdbcUsageStore.java:179)
	at peergos.server.space.JdbcUsageStore.getOwner(JdbcUsageStore.java:239)
	at peergos.server.space.JdbcUsageStore.getUsage(JdbcUsageStore.java:268)
	at peergos.server.space.SpaceCheckingKeyFilter.prepareMutablePointerChange(SpaceCheckingKeyFilter.java:214)
	at peergos.server.space.SpaceCheckingKeyFilter.accept(SpaceCheckingKeyFilter.java:182)
	at peergos.server.mutable.MutableEventPropagator.lambda$setPointer$0(MutableEventPropagator.java:30)
	at java.base/java.util.concurrent.CompletableFuture.uniApplyNow(CompletableFuture.java:680)
	at java.base/java.util.concurrent.CompletableFuture.uniApplyStage(CompletableFuture.java:658)
	at java.base/java.util.concurrent.CompletableFuture.thenApply(CompletableFuture.java:2158)
	at peergos.server.mutable.MutableEventPropagator.setPointer(MutableEventPropagator.java:26)
	at peergos.server.mutable.PinningMutablePointers.lambda$setPointer$2(PinningMutablePointers.java:52)
	at java.base/java.util.concurrent.CompletableFuture.uniComposeStage(CompletableFuture.java:1183)
	at java.base/java.util.concurrent.CompletableFuture.thenCompose(CompletableFuture.java:2299)
	at peergos.server.mutable.PinningMutablePointers.lambda$setPointer$3(PinningMutablePointers.java:41)
	at java.base/java.util.concurrent.CompletableFuture.uniComposeStage(CompletableFuture.java:1183)
	at java.base/java.util.concurrent.CompletableFuture.thenCompose(CompletableFuture.java:2299)
	at peergos.server.mutable.PinningMutablePointers.setPointer(PinningMutablePointers.java:33)
	at peergos.server.mutable.BlockingMutablePointers.setPointer(BlockingMutablePointers.java:21)
	at peergos.shared.mutable.ProxyingMutablePointers.lambda$setPointer$0(ProxyingMutablePointers.java:30)
	at peergos.shared.corenode.Proxy.lambda$redirectCall$0(Proxy.java:26)
	at java.base/java.util.concurrent.CompletableFuture.uniComposeStage(CompletableFuture.java:1183)
	at java.base/java.util.concurrent.CompletableFuture.thenCompose(CompletableFuture.java:2299)
	at peergos.shared.corenode.Proxy.lambda$redirectCall$1(Proxy.java:19)
	at java.base/java.util.concurrent.CompletableFuture.uniComposeStage(CompletableFuture.java:1183)
	at java.base/java.util.concurrent.CompletableFuture.thenCompose(CompletableFuture.java:2299)
	at peergos.shared.corenode.Proxy.redirectCall(Proxy.java:18)
	at peergos.shared.mutable.ProxyingMutablePointers.setPointer(ProxyingMutablePointers.java:27)
	at peergos.server.net.MutationHandler.handle(MutationHandler.java:60)
	at jdk.httpserver/com.sun.net.httpserver.Filter$Chain.doFilter(Filter.java:77)
	at jdk.httpserver/sun.net.httpserver.AuthFilter.doFilter(AuthFilter.java:82)
	at jdk.httpserver/com.sun.net.httpserver.Filter$Chain.doFilter(Filter.java:80)
	at jdk.httpserver/sun.net.httpserver.ServerImpl$Exchange$LinkHandler.handle(ServerImpl.java:692)
	at jdk.httpserver/com.sun.net.httpserver.Filter$Chain.doFilter(Filter.java:77)
	at jdk.httpserver/sun.net.httpserver.ServerImpl$Exchange.run(ServerImpl.java:664)
	at java.base/java.util.concurrent.ThreadPoolExecutor.runWorker(ThreadPoolExecutor.java:1130)
	at java.base/java.util.concurrent.ThreadPoolExecutor$Worker.run(ThreadPoolExecutor.java:630)
	at java.base/java.lang.Thread.run(Thread.java:832)
java.lang.IllegalStateException: Writer not present on this server: z59vuwzfFDosZvwUNrS3Cie49RrntcGuV9cQG6fZgdQruMXYkd5FGJr
	at peergos.server.space.JdbcUsageStore.getWriterId(JdbcUsageStore.java:179)
	at peergos.server.space.JdbcUsageStore.getOwner(JdbcUsageStore.java:239)
	at peergos.server.space.JdbcUsageStore.getUsage(JdbcUsageStore.java:268)
	at peergos.server.space.SpaceCheckingKeyFilter.prepareMutablePointerChange(SpaceCheckingKeyFilter.java:214)
	at peergos.server.space.SpaceCheckingKeyFilter.accept(SpaceCheckingKeyFilter.java:182)
	at peergos.server.mutable.MutableEventPropagator.lambda$setPointer$0(MutableEventPropagator.java:30)
	at java.base/java.util.concurrent.CompletableFuture.uniApplyNow(CompletableFuture.java:680)
	at java.base/java.util.concurrent.CompletableFuture.uniApplyStage(CompletableFuture.java:658)
	at java.base/java.util.concurrent.CompletableFuture.thenApply(CompletableFuture.java:2158)
	at peergos.server.mutable.MutableEventPropagator.setPointer(MutableEventPropagator.java:26)
	at peergos.server.mutable.PinningMutablePointers.lambda$setPointer$2(PinningMutablePointers.java:52)
	at java.base/java.util.concurrent.CompletableFuture.uniComposeStage(CompletableFuture.java:1183)
	at java.base/java.util.concurrent.CompletableFuture.thenCompose(CompletableFuture.java:2299)
	at peergos.server.mutable.PinningMutablePointers.lambda$setPointer$3(PinningMutablePointers.java:41)
	at java.base/java.util.concurrent.CompletableFuture.uniComposeStage(CompletableFuture.java:1183)
	at java.base/java.util.concurrent.CompletableFuture.thenCompose(CompletableFuture.java:2299)
	at peergos.server.mutable.PinningMutablePointers.setPointer(PinningMutablePointers.java:33)
	at peergos.server.mutable.BlockingMutablePointers.setPointer(BlockingMutablePointers.java:21)
	at peergos.shared.mutable.ProxyingMutablePointers.lambda$setPointer$0(ProxyingMutablePointers.java:30)
	at peergos.shared.corenode.Proxy.lambda$redirectCall$0(Proxy.java:26)
	at java.base/java.util.concurrent.CompletableFuture.uniComposeStage(CompletableFuture.java:1183)
	at java.base/java.util.concurrent.CompletableFuture.thenCompose(CompletableFuture.java:2299)
	at peergos.shared.corenode.Proxy.lambda$redirectCall$1(Proxy.java:19)
	at java.base/java.util.concurrent.CompletableFuture.uniComposeStage(CompletableFuture.java:1183)
	at java.base/java.util.concurrent.CompletableFuture.thenCompose(CompletableFuture.java:2299)
	at peergos.shared.corenode.Proxy.redirectCall(Proxy.java:18)
	at peergos.shared.mutable.ProxyingMutablePointers.setPointer(ProxyingMutablePointers.java:27)
	at peergos.server.net.MutationHandler.handle(MutationHandler.java:60)
	at jdk.httpserver/com.sun.net.httpserver.Filter$Chain.doFilter(Filter.java:77)
	at jdk.httpserver/sun.net.httpserver.AuthFilter.doFilter(AuthFilter.java:82)
	at jdk.httpserver/com.sun.net.httpserver.Filter$Chain.doFilter(Filter.java:80)
	at jdk.httpserver/sun.net.httpserver.ServerImpl$Exchange$LinkHandler.handle(ServerImpl.java:692)
	at jdk.httpserver/com.sun.net.httpserver.Filter$Chain.doFilter(Filter.java:77)
	at jdk.httpserver/sun.net.httpserver.ServerImpl$Exchange.run(ServerImpl.java:664)
	at java.base/java.util.concurrent.ThreadPoolExecutor.runWorker(ThreadPoolExecutor.java:1130)
	at java.base/java.util.concurrent.ThreadPoolExecutor$Worker.run(ThreadPoolExecutor.java:630)
	at java.base/java.lang.Thread.run(Thread.java:832)
java.lang.IllegalStateException: Writer not present on this server: z59vuwzfFDp16jDSZYmeXwXeNfYLvTL8VgDMLCQSRbBBnc1mmGCjSF4
	at peergos.server.space.JdbcUsageStore.getWriterId(JdbcUsageStore.java:179)
	at peergos.server.space.JdbcUsageStore.getOwner(JdbcUsageStore.java:239)
	at peergos.server.space.JdbcUsageStore.getUsage(JdbcUsageStore.java:268)
	at peergos.server.space.SpaceCheckingKeyFilter.prepareMutablePointerChange(SpaceCheckingKeyFilter.java:214)
	at peergos.server.space.SpaceCheckingKeyFilter.accept(SpaceCheckingKeyFilter.java:182)
	at peergos.server.mutable.MutableEventPropagator.lambda$setPointer$0(MutableEventPropagator.java:30)
	at java.base/java.util.concurrent.CompletableFuture.uniApplyNow(CompletableFuture.java:680)
	at java.base/java.util.concurrent.CompletableFuture.uniApplyStage(CompletableFuture.java:658)
	at java.base/java.util.concurrent.CompletableFuture.thenApply(CompletableFuture.java:2158)
	at peergos.server.mutable.MutableEventPropagator.setPointer(MutableEventPropagator.java:26)
	at peergos.server.mutable.PinningMutablePointers.lambda$setPointer$2(PinningMutablePointers.java:52)
	at java.base/java.util.concurrent.CompletableFuture.uniComposeStage(CompletableFuture.java:1183)
	at java.base/java.util.concurrent.CompletableFuture.thenCompose(CompletableFuture.java:2299)
	at peergos.server.mutable.PinningMutablePointers.lambda$setPointer$3(PinningMutablePointers.java:41)
	at java.base/java.util.concurrent.CompletableFuture.uniComposeStage(CompletableFuture.java:1183)
	at java.base/java.util.concurrent.CompletableFuture.thenCompose(CompletableFuture.java:2299)
	at peergos.server.mutable.PinningMutablePointers.setPointer(PinningMutablePointers.java:33)
	at peergos.server.mutable.BlockingMutablePointers.setPointer(BlockingMutablePointers.java:21)
	at peergos.shared.mutable.ProxyingMutablePointers.lambda$setPointer$0(ProxyingMutablePointers.java:30)
	at peergos.shared.corenode.Proxy.lambda$redirectCall$0(Proxy.java:26)
	at java.base/java.util.concurrent.CompletableFuture.uniComposeStage(CompletableFuture.java:1183)
	at java.base/java.util.concurrent.CompletableFuture.thenCompose(CompletableFuture.java:2299)
	at peergos.shared.corenode.Proxy.lambda$redirectCall$1(Proxy.java:19)
	at java.base/java.util.concurrent.CompletableFuture.uniComposeStage(CompletableFuture.java:1183)
	at java.base/java.util.concurrent.CompletableFuture.thenCompose(CompletableFuture.java:2299)
	at peergos.shared.corenode.Proxy.redirectCall(Proxy.java:18)
	at peergos.shared.mutable.ProxyingMutablePointers.setPointer(ProxyingMutablePointers.java:27)
	at peergos.server.net.MutationHandler.handle(MutationHandler.java:60)
	at jdk.httpserver/com.sun.net.httpserver.Filter$Chain.doFilter(Filter.java:77)
	at jdk.httpserver/sun.net.httpserver.AuthFilter.doFilter(AuthFilter.java:82)
	at jdk.httpserver/com.sun.net.httpserver.Filter$Chain.doFilter(Filter.java:80)
	at jdk.httpserver/sun.net.httpserver.ServerImpl$Exchange$LinkHandler.handle(ServerImpl.java:692)
	at jdk.httpserver/com.sun.net.httpserver.Filter$Chain.doFilter(Filter.java:77)
	at jdk.httpserver/sun.net.httpserver.ServerImpl$Exchange.run(ServerImpl.java:664)
	at java.base/java.util.concurrent.ThreadPoolExecutor.runWorker(ThreadPoolExecutor.java:1130)
	at java.base/java.util.concurrent.ThreadPoolExecutor$Worker.run(ThreadPoolExecutor.java:630)
	at java.base/java.lang.Thread.run(Thread.java:832)
java.lang.IllegalStateException: Writer not present on this server: z59vuwzfFDp16jDSZYmeXwXeNfYLvTL8VgDMLCQSRbBBnc1mmGCjSF4
	at peergos.server.space.JdbcUsageStore.getWriterId(JdbcUsageStore.java:179)
	at peergos.server.space.JdbcUsageStore.getOwner(JdbcUsageStore.java:239)
	at peergos.server.space.JdbcUsageStore.getUsage(JdbcUsageStore.java:268)
	at peergos.server.space.SpaceCheckingKeyFilter.prepareMutablePointerChange(SpaceCheckingKeyFilter.java:214)
	at peergos.server.space.SpaceCheckingKeyFilter.accept(SpaceCheckingKeyFilter.java:182)
	at peergos.server.mutable.MutableEventPropagator.lambda$setPointer$0(MutableEventPropagator.java:30)
	at java.base/java.util.concurrent.CompletableFuture.uniApplyNow(CompletableFuture.java:680)
	at java.base/java.util.concurrent.CompletableFuture.uniApplyStage(CompletableFuture.java:658)
	at java.base/java.util.concurrent.CompletableFuture.thenApply(CompletableFuture.java:2158)
	at peergos.server.mutable.MutableEventPropagator.setPointer(MutableEventPropagator.java:26)
	at peergos.server.mutable.PinningMutablePointers.lambda$setPointer$2(PinningMutablePointers.java:52)
	at java.base/java.util.concurrent.CompletableFuture.uniComposeStage(CompletableFuture.java:1183)
	at java.base/java.util.concurrent.CompletableFuture.thenCompose(CompletableFuture.java:2299)
	at peergos.server.mutable.PinningMutablePointers.lambda$setPointer$3(PinningMutablePointers.java:41)
	at java.base/java.util.concurrent.CompletableFuture.uniComposeStage(CompletableFuture.java:1183)
	at java.base/java.util.concurrent.CompletableFuture.thenCompose(CompletableFuture.java:2299)
	at peergos.server.mutable.PinningMutablePointers.setPointer(PinningMutablePointers.java:33)
	at peergos.server.mutable.BlockingMutablePointers.setPointer(BlockingMutablePointers.java:21)
	at peergos.shared.mutable.ProxyingMutablePointers.lambda$setPointer$0(ProxyingMutablePointers.java:30)
	at peergos.shared.corenode.Proxy.lambda$redirectCall$0(Proxy.java:26)
	at java.base/java.util.concurrent.CompletableFuture.uniComposeStage(CompletableFuture.java:1183)
	at java.base/java.util.concurrent.CompletableFuture.thenCompose(CompletableFuture.java:2299)
	at peergos.shared.corenode.Proxy.lambda$redirectCall$1(Proxy.java:19)
	at java.base/java.util.concurrent.CompletableFuture.uniComposeStage(CompletableFuture.java:1183)
	at java.base/java.util.concurrent.CompletableFuture.thenCompose(CompletableFuture.java:2299)
	at peergos.shared.corenode.Proxy.redirectCall(Proxy.java:18)
	at peergos.shared.mutable.ProxyingMutablePointers.setPointer(ProxyingMutablePointers.java:27)
	at peergos.server.net.MutationHandler.handle(MutationHandler.java:60)
	at jdk.httpserver/com.sun.net.httpserver.Filter$Chain.doFilter(Filter.java:77)
	at jdk.httpserver/sun.net.httpserver.AuthFilter.doFilter(AuthFilter.java:82)
	at jdk.httpserver/com.sun.net.httpserver.Filter$Chain.doFilter(Filter.java:80)
	at jdk.httpserver/sun.net.httpserver.ServerImpl$Exchange$LinkHandler.handle(ServerImpl.java:692)
	at jdk.httpserver/com.sun.net.httpserver.Filter$Chain.doFilter(Filter.java:77)
	at jdk.httpserver/sun.net.httpserver.ServerImpl$Exchange.run(ServerImpl.java:664)
	at java.base/java.util.concurrent.ThreadPoolExecutor.runWorker(ThreadPoolExecutor.java:1130)
	at java.base/java.util.concurrent.ThreadPoolExecutor$Worker.run(ThreadPoolExecutor.java:630)
	at java.base/java.lang.Thread.run(Thread.java:832)
java.lang.IllegalStateException: Writer not present on this server: z59vuwzfFDp16jDSZYmeXwXeNfYLvTL8VgDMLCQSRbBBnc1mmGCjSF4
	at peergos.server.space.JdbcUsageStore.getWriterId(JdbcUsageStore.java:179)
	at peergos.server.space.JdbcUsageStore.getOwner(JdbcUsageStore.java:239)
	at peergos.server.space.JdbcUsageStore.getUsage(JdbcUsageStore.java:268)
	at peergos.server.space.SpaceCheckingKeyFilter.prepareMutablePointerChange(SpaceCheckingKeyFilter.java:214)
	at peergos.server.space.SpaceCheckingKeyFilter.accept(SpaceCheckingKeyFilter.java:182)
	at peergos.server.mutable.MutableEventPropagator.lambda$setPointer$0(MutableEventPropagator.java:30)
	at java.base/java.util.concurrent.CompletableFuture.uniApplyNow(CompletableFuture.java:680)
	at java.base/java.util.concurrent.CompletableFuture.uniApplyStage(CompletableFuture.java:658)
	at java.base/java.util.concurrent.CompletableFuture.thenApply(CompletableFuture.java:2158)
	at peergos.server.mutable.MutableEventPropagator.setPointer(MutableEventPropagator.java:26)
	at peergos.server.mutable.PinningMutablePointers.lambda$setPointer$2(PinningMutablePointers.java:52)
	at java.base/java.util.concurrent.CompletableFuture.uniComposeStage(CompletableFuture.java:1183)
	at java.base/java.util.concurrent.CompletableFuture.thenCompose(CompletableFuture.java:2299)
	at peergos.server.mutable.PinningMutablePointers.lambda$setPointer$3(PinningMutablePointers.java:41)
	at java.base/java.util.concurrent.CompletableFuture.uniComposeStage(CompletableFuture.java:1183)
	at java.base/java.util.concurrent.CompletableFuture.thenCompose(CompletableFuture.java:2299)
	at peergos.server.mutable.PinningMutablePointers.setPointer(PinningMutablePointers.java:33)
	at peergos.server.mutable.BlockingMutablePointers.setPointer(BlockingMutablePointers.java:21)
	at peergos.shared.mutable.ProxyingMutablePointers.lambda$setPointer$0(ProxyingMutablePointers.java:30)
	at peergos.shared.corenode.Proxy.lambda$redirectCall$0(Proxy.java:26)
	at java.base/java.util.concurrent.CompletableFuture.uniComposeStage(CompletableFuture.java:1183)
	at java.base/java.util.concurrent.CompletableFuture.thenCompose(CompletableFuture.java:2299)
	at peergos.shared.corenode.Proxy.lambda$redirectCall$1(Proxy.java:19)
	at java.base/java.util.concurrent.CompletableFuture.uniComposeStage(CompletableFuture.java:1183)
	at java.base/java.util.concurrent.CompletableFuture.thenCompose(CompletableFuture.java:2299)
	at peergos.shared.corenode.Proxy.redirectCall(Proxy.java:18)
	at peergos.shared.mutable.ProxyingMutablePointers.setPointer(ProxyingMutablePointers.java:27)
	at peergos.server.net.MutationHandler.handle(MutationHandler.java:60)
	at jdk.httpserver/com.sun.net.httpserver.Filter$Chain.doFilter(Filter.java:77)
	at jdk.httpserver/sun.net.httpserver.AuthFilter.doFilter(AuthFilter.java:82)
	at jdk.httpserver/com.sun.net.httpserver.Filter$Chain.doFilter(Filter.java:80)
	at jdk.httpserver/sun.net.httpserver.ServerImpl$Exchange$LinkHandler.handle(ServerImpl.java:692)
	at jdk.httpserver/com.sun.net.httpserver.Filter$Chain.doFilter(Filter.java:77)
	at jdk.httpserver/sun.net.httpserver.ServerImpl$Exchange.run(ServerImpl.java:664)
	at java.base/java.util.concurrent.ThreadPoolExecutor.runWorker(ThreadPoolExecutor.java:1130)
	at java.base/java.util.concurrent.ThreadPoolExecutor$Worker.run(ThreadPoolExecutor.java:630)
	at java.base/java.lang.Thread.run(Thread.java:832)
java.lang.IllegalStateException: Writer not present on this server: z59vuwzfFDp16jDSZYmeXwXeNfYLvTL8VgDMLCQSRbBBnc1mmGCjSF4
	at peergos.server.space.JdbcUsageStore.getWriterId(JdbcUsageStore.java:179)
	at peergos.server.space.JdbcUsageStore.getOwner(JdbcUsageStore.java:239)
	at peergos.server.space.JdbcUsageStore.getUsage(JdbcUsageStore.java:268)
	at peergos.server.space.SpaceCheckingKeyFilter.prepareMutablePointerChange(SpaceCheckingKeyFilter.java:214)
	at peergos.server.space.SpaceCheckingKeyFilter.accept(SpaceCheckingKeyFilter.java:182)
	at peergos.server.mutable.MutableEventPropagator.lambda$setPointer$0(MutableEventPropagator.java:30)
	at java.base/java.util.concurrent.CompletableFuture.uniApplyNow(CompletableFuture.java:680)
	at java.base/java.util.concurrent.CompletableFuture.uniApplyStage(CompletableFuture.java:658)
	at java.base/java.util.concurrent.CompletableFuture.thenApply(CompletableFuture.java:2158)
	at peergos.server.mutable.MutableEventPropagator.setPointer(MutableEventPropagator.java:26)
	at peergos.server.mutable.PinningMutablePointers.lambda$setPointer$2(PinningMutablePointers.java:52)
	at java.base/java.util.concurrent.CompletableFuture.uniComposeStage(CompletableFuture.java:1183)
	at java.base/java.util.concurrent.CompletableFuture.thenCompose(CompletableFuture.java:2299)
	at peergos.server.mutable.PinningMutablePointers.lambda$setPointer$3(PinningMutablePointers.java:41)
	at java.base/java.util.concurrent.CompletableFuture.uniComposeStage(CompletableFuture.java:1183)
	at java.base/java.util.concurrent.CompletableFuture.thenCompose(CompletableFuture.java:2299)
	at peergos.server.mutable.PinningMutablePointers.setPointer(PinningMutablePointers.java:33)
	at peergos.server.mutable.BlockingMutablePointers.setPointer(BlockingMutablePointers.java:21)
	at peergos.shared.mutable.ProxyingMutablePointers.lambda$setPointer$0(ProxyingMutablePointers.java:30)
	at peergos.shared.corenode.Proxy.lambda$redirectCall$0(Proxy.java:26)
	at java.base/java.util.concurrent.CompletableFuture.uniComposeStage(CompletableFuture.java:1183)
	at java.base/java.util.concurrent.CompletableFuture.thenCompose(CompletableFuture.java:2299)
	at peergos.shared.corenode.Proxy.lambda$redirectCall$1(Proxy.java:19)
	at java.base/java.util.concurrent.CompletableFuture.uniComposeStage(CompletableFuture.java:1183)
	at java.base/java.util.concurrent.CompletableFuture.thenCompose(CompletableFuture.java:2299)
	at peergos.shared.corenode.Proxy.redirectCall(Proxy.java:18)
	at peergos.shared.mutable.ProxyingMutablePointers.setPointer(ProxyingMutablePointers.java:27)
	at peergos.server.net.MutationHandler.handle(MutationHandler.java:60)
	at jdk.httpserver/com.sun.net.httpserver.Filter$Chain.doFilter(Filter.java:77)
	at jdk.httpserver/sun.net.httpserver.AuthFilter.doFilter(AuthFilter.java:82)
	at jdk.httpserver/com.sun.net.httpserver.Filter$Chain.doFilter(Filter.java:80)
	at jdk.httpserver/sun.net.httpserver.ServerImpl$Exchange$LinkHandler.handle(ServerImpl.java:692)
	at jdk.httpserver/com.sun.net.httpserver.Filter$Chain.doFilter(Filter.java:77)
	at jdk.httpserver/sun.net.httpserver.ServerImpl$Exchange.run(ServerImpl.java:664)
	at java.base/java.util.concurrent.ThreadPoolExecutor.runWorker(ThreadPoolExecutor.java:1130)
	at java.base/java.util.concurrent.ThreadPoolExecutor$Worker.run(ThreadPoolExecutor.java:630)
	at java.base/java.lang.Thread.run(Thread.java:832)
java.lang.IllegalStateException: Writer not present on this server: z59vuwzfFDp16jDSZYmeXwXeNfYLvTL8VgDMLCQSRbBBnc1mmGCjSF4
	at peergos.server.space.JdbcUsageStore.getWriterId(JdbcUsageStore.java:179)
	at peergos.server.space.JdbcUsageStore.getOwner(JdbcUsageStore.java:239)
	at peergos.server.space.JdbcUsageStore.getUsage(JdbcUsageStore.java:268)
	at peergos.server.space.SpaceCheckingKeyFilter.prepareMutablePointerChange(SpaceCheckingKeyFilter.java:214)
	at peergos.server.space.SpaceCheckingKeyFilter.accept(SpaceCheckingKeyFilter.java:182)
	at peergos.server.mutable.MutableEventPropagator.lambda$setPointer$0(MutableEventPropagator.java:30)
	at java.base/java.util.concurrent.CompletableFuture.uniApplyNow(CompletableFuture.java:680)
	at java.base/java.util.concurrent.CompletableFuture.uniApplyStage(CompletableFuture.java:658)
	at java.base/java.util.concurrent.CompletableFuture.thenApply(CompletableFuture.java:2158)
	at peergos.server.mutable.MutableEventPropagator.setPointer(MutableEventPropagator.java:26)
	at peergos.server.mutable.PinningMutablePointers.lambda$setPointer$2(PinningMutablePointers.java:52)
	at java.base/java.util.concurrent.CompletableFuture.uniComposeStage(CompletableFuture.java:1183)
	at java.base/java.util.concurrent.CompletableFuture.thenCompose(CompletableFuture.java:2299)
	at peergos.server.mutable.PinningMutablePointers.lambda$setPointer$3(PinningMutablePointers.java:41)
	at java.base/java.util.concurrent.CompletableFuture.uniComposeStage(CompletableFuture.java:1183)
	at java.base/java.util.concurrent.CompletableFuture.thenCompose(CompletableFuture.java:2299)
	at peergos.server.mutable.PinningMutablePointers.setPointer(PinningMutablePointers.java:33)
	at peergos.server.mutable.BlockingMutablePointers.setPointer(BlockingMutablePointers.java:21)
	at peergos.shared.mutable.ProxyingMutablePointers.lambda$setPointer$0(ProxyingMutablePointers.java:30)
	at peergos.shared.corenode.Proxy.lambda$redirectCall$0(Proxy.java:26)
	at java.base/java.util.concurrent.CompletableFuture.uniComposeStage(CompletableFuture.java:1183)
	at java.base/java.util.concurrent.CompletableFuture.thenCompose(CompletableFuture.java:2299)
	at peergos.shared.corenode.Proxy.lambda$redirectCall$1(Proxy.java:19)
	at java.base/java.util.concurrent.CompletableFuture.uniComposeStage(CompletableFuture.java:1183)
	at java.base/java.util.concurrent.CompletableFuture.thenCompose(CompletableFuture.java:2299)
	at peergos.shared.corenode.Proxy.redirectCall(Proxy.java:18)
	at peergos.shared.mutable.ProxyingMutablePointers.setPointer(ProxyingMutablePointers.java:27)
	at peergos.server.net.MutationHandler.handle(MutationHandler.java:60)
	at jdk.httpserver/com.sun.net.httpserver.Filter$Chain.doFilter(Filter.java:77)
	at jdk.httpserver/sun.net.httpserver.AuthFilter.doFilter(AuthFilter.java:82)
	at jdk.httpserver/com.sun.net.httpserver.Filter$Chain.doFilter(Filter.java:80)
	at jdk.httpserver/sun.net.httpserver.ServerImpl$Exchange$LinkHandler.handle(ServerImpl.java:692)
	at jdk.httpserver/com.sun.net.httpserver.Filter$Chain.doFilter(Filter.java:77)
	at jdk.httpserver/sun.net.httpserver.ServerImpl$Exchange.run(ServerImpl.java:664)
	at java.base/java.util.concurrent.ThreadPoolExecutor.runWorker(ThreadPoolExecutor.java:1130)
	at java.base/java.util.concurrent.ThreadPoolExecutor$Worker.run(ThreadPoolExecutor.java:630)
	at java.base/java.lang.Thread.run(Thread.java:832)
java.lang.IllegalStateException: Writer not present on this server: z59vuwzfFDp16jDSZYmeXwXeNfYLvTL8VgDMLCQSRbBBnc1mmGCjSF4
	at peergos.server.space.JdbcUsageStore.getWriterId(JdbcUsageStore.java:179)
	at peergos.server.space.JdbcUsageStore.getOwner(JdbcUsageStore.java:239)
	at peergos.server.space.JdbcUsageStore.getUsage(JdbcUsageStore.java:268)
	at peergos.server.space.SpaceCheckingKeyFilter.prepareMutablePointerChange(SpaceCheckingKeyFilter.java:214)
	at peergos.server.space.SpaceCheckingKeyFilter.accept(SpaceCheckingKeyFilter.java:182)
	at peergos.server.mutable.MutableEventPropagator.lambda$setPointer$0(MutableEventPropagator.java:30)
	at java.base/java.util.concurrent.CompletableFuture.uniApplyNow(CompletableFuture.java:680)
	at java.base/java.util.concurrent.CompletableFuture.uniApplyStage(CompletableFuture.java:658)
	at java.base/java.util.concurrent.CompletableFuture.thenApply(CompletableFuture.java:2158)
	at peergos.server.mutable.MutableEventPropagator.setPointer(MutableEventPropagator.java:26)
	at peergos.server.mutable.PinningMutablePointers.lambda$setPointer$2(PinningMutablePointers.java:52)
	at java.base/java.util.concurrent.CompletableFuture.uniComposeStage(CompletableFuture.java:1183)
	at java.base/java.util.concurrent.CompletableFuture.thenCompose(CompletableFuture.java:2299)
	at peergos.server.mutable.PinningMutablePointers.lambda$setPointer$3(PinningMutablePointers.java:41)
	at java.base/java.util.concurrent.CompletableFuture.uniComposeStage(CompletableFuture.java:1183)
	at java.base/java.util.concurrent.CompletableFuture.thenCompose(CompletableFuture.java:2299)
	at peergos.server.mutable.PinningMutablePointers.setPointer(PinningMutablePointers.java:33)
	at peergos.server.mutable.BlockingMutablePointers.setPointer(BlockingMutablePointers.java:21)
	at peergos.shared.mutable.ProxyingMutablePointers.lambda$setPointer$0(ProxyingMutablePointers.java:30)
	at peergos.shared.corenode.Proxy.lambda$redirectCall$0(Proxy.java:26)
	at java.base/java.util.concurrent.CompletableFuture.uniComposeStage(CompletableFuture.java:1183)
	at java.base/java.util.concurrent.CompletableFuture.thenCompose(CompletableFuture.java:2299)
	at peergos.shared.corenode.Proxy.lambda$redirectCall$1(Proxy.java:19)
	at java.base/java.util.concurrent.CompletableFuture.uniComposeStage(CompletableFuture.java:1183)
	at java.base/java.util.concurrent.CompletableFuture.thenCompose(CompletableFuture.java:2299)
	at peergos.shared.corenode.Proxy.redirectCall(Proxy.java:18)
	at peergos.shared.mutable.ProxyingMutablePointers.setPointer(ProxyingMutablePointers.java:27)
	at peergos.server.net.MutationHandler.handle(MutationHandler.java:60)
	at jdk.httpserver/com.sun.net.httpserver.Filter$Chain.doFilter(Filter.java:77)
	at jdk.httpserver/sun.net.httpserver.AuthFilter.doFilter(AuthFilter.java:82)
	at jdk.httpserver/com.sun.net.httpserver.Filter$Chain.doFilter(Filter.java:80)
	at jdk.httpserver/sun.net.httpserver.ServerImpl$Exchange$LinkHandler.handle(ServerImpl.java:692)
	at jdk.httpserver/com.sun.net.httpserver.Filter$Chain.doFilter(Filter.java:77)
	at jdk.httpserver/sun.net.httpserver.ServerImpl$Exchange.run(ServerImpl.java:664)
	at java.base/java.util.concurrent.ThreadPoolExecutor.runWorker(ThreadPoolExecutor.java:1130)
	at java.base/java.util.concurrent.ThreadPoolExecutor$Worker.run(ThreadPoolExecutor.java:630)
	at java.base/java.lang.Thread.run(Thread.java:832)
java.lang.IllegalStateException: Writer not present on this server: z59vuwzfFDovdjLEjst3V6ki8ZoLM4DZ8HHGMLgGjVQ6Z38PZgW9LHx
	at peergos.server.space.JdbcUsageStore.getWriterId(JdbcUsageStore.java:179)
	at peergos.server.space.JdbcUsageStore.getOwner(JdbcUsageStore.java:239)
	at peergos.server.space.JdbcUsageStore.getUsage(JdbcUsageStore.java:268)
	at peergos.server.space.SpaceCheckingKeyFilter.prepareMutablePointerChange(SpaceCheckingKeyFilter.java:214)
	at peergos.server.space.SpaceCheckingKeyFilter.accept(SpaceCheckingKeyFilter.java:182)
	at peergos.server.mutable.MutableEventPropagator.lambda$setPointer$0(MutableEventPropagator.java:30)
	at java.base/java.util.concurrent.CompletableFuture.uniApplyNow(CompletableFuture.java:680)
	at java.base/java.util.concurrent.CompletableFuture.uniApplyStage(CompletableFuture.java:658)
	at java.base/java.util.concurrent.CompletableFuture.thenApply(CompletableFuture.java:2158)
	at peergos.server.mutable.MutableEventPropagator.setPointer(MutableEventPropagator.java:26)
	at peergos.server.mutable.PinningMutablePointers.lambda$setPointer$2(PinningMutablePointers.java:52)
	at java.base/java.util.concurrent.CompletableFuture.uniComposeStage(CompletableFuture.java:1183)
	at java.base/java.util.concurrent.CompletableFuture.thenCompose(CompletableFuture.java:2299)
	at peergos.server.mutable.PinningMutablePointers.lambda$setPointer$3(PinningMutablePointers.java:41)
	at java.base/java.util.concurrent.CompletableFuture.uniComposeStage(CompletableFuture.java:1183)
	at java.base/java.util.concurrent.CompletableFuture.thenCompose(CompletableFuture.java:2299)
	at peergos.server.mutable.PinningMutablePointers.setPointer(PinningMutablePointers.java:33)
	at peergos.server.mutable.BlockingMutablePointers.setPointer(BlockingMutablePointers.java:21)
	at peergos.shared.mutable.ProxyingMutablePointers.lambda$setPointer$0(ProxyingMutablePointers.java:30)
	at peergos.shared.corenode.Proxy.lambda$redirectCall$0(Proxy.java:26)
	at java.base/java.util.concurrent.CompletableFuture.uniComposeStage(CompletableFuture.java:1183)
	at java.base/java.util.concurrent.CompletableFuture.thenCompose(CompletableFuture.java:2299)
	at peergos.shared.corenode.Proxy.lambda$redirectCall$1(Proxy.java:19)
	at java.base/java.util.concurrent.CompletableFuture.uniComposeStage(CompletableFuture.java:1183)
	at java.base/java.util.concurrent.CompletableFuture.thenCompose(CompletableFuture.java:2299)
	at peergos.shared.corenode.Proxy.redirectCall(Proxy.java:18)
	at peergos.shared.mutable.ProxyingMutablePointers.setPointer(ProxyingMutablePointers.java:27)
	at peergos.server.net.MutationHandler.handle(MutationHandler.java:60)
	at jdk.httpserver/com.sun.net.httpserver.Filter$Chain.doFilter(Filter.java:77)
	at jdk.httpserver/sun.net.httpserver.AuthFilter.doFilter(AuthFilter.java:82)
	at jdk.httpserver/com.sun.net.httpserver.Filter$Chain.doFilter(Filter.java:80)
	at jdk.httpserver/sun.net.httpserver.ServerImpl$Exchange$LinkHandler.handle(ServerImpl.java:692)
	at jdk.httpserver/com.sun.net.httpserver.Filter$Chain.doFilter(Filter.java:77)
	at jdk.httpserver/sun.net.httpserver.ServerImpl$Exchange.run(ServerImpl.java:664)
	at java.base/java.util.concurrent.ThreadPoolExecutor.runWorker(ThreadPoolExecutor.java:1130)
	at java.base/java.util.concurrent.ThreadPoolExecutor$Worker.run(ThreadPoolExecutor.java:630)
	at java.base/java.lang.Thread.run(Thread.java:832)
java.lang.IllegalStateException: Writer not present on this server: z59vuwzfFDovdjLEjst3V6ki8ZoLM4DZ8HHGMLgGjVQ6Z38PZgW9LHx
	at peergos.server.space.JdbcUsageStore.getWriterId(JdbcUsageStore.java:179)
	at peergos.server.space.JdbcUsageStore.getOwner(JdbcUsageStore.java:239)
	at peergos.server.space.JdbcUsageStore.getUsage(JdbcUsageStore.java:268)
	at peergos.server.space.SpaceCheckingKeyFilter.prepareMutablePointerChange(SpaceCheckingKeyFilter.java:214)
	at peergos.server.space.SpaceCheckingKeyFilter.accept(SpaceCheckingKeyFilter.java:182)
	at peergos.server.mutable.MutableEventPropagator.lambda$setPointer$0(MutableEventPropagator.java:30)
	at java.base/java.util.concurrent.CompletableFuture.uniApplyNow(CompletableFuture.java:680)
	at java.base/java.util.concurrent.CompletableFuture.uniApplyStage(CompletableFuture.java:658)
	at java.base/java.util.concurrent.CompletableFuture.thenApply(CompletableFuture.java:2158)
	at peergos.server.mutable.MutableEventPropagator.setPointer(MutableEventPropagator.java:26)
	at peergos.server.mutable.PinningMutablePointers.lambda$setPointer$2(PinningMutablePointers.java:52)
	at java.base/java.util.concurrent.CompletableFuture.uniComposeStage(CompletableFuture.java:1183)
	at java.base/java.util.concurrent.CompletableFuture.thenCompose(CompletableFuture.java:2299)
	at peergos.server.mutable.PinningMutablePointers.lambda$setPointer$3(PinningMutablePointers.java:41)
	at java.base/java.util.concurrent.CompletableFuture.uniComposeStage(CompletableFuture.java:1183)
	at java.base/java.util.concurrent.CompletableFuture.thenCompose(CompletableFuture.java:2299)
	at peergos.server.mutable.PinningMutablePointers.setPointer(PinningMutablePointers.java:33)
	at peergos.server.mutable.BlockingMutablePointers.setPointer(BlockingMutablePointers.java:21)
	at peergos.shared.mutable.ProxyingMutablePointers.lambda$setPointer$0(ProxyingMutablePointers.java:30)
	at peergos.shared.corenode.Proxy.lambda$redirectCall$0(Proxy.java:26)
	at java.base/java.util.concurrent.CompletableFuture.uniComposeStage(CompletableFuture.java:1183)
	at java.base/java.util.concurrent.CompletableFuture.thenCompose(CompletableFuture.java:2299)
	at peergos.shared.corenode.Proxy.lambda$redirectCall$1(Proxy.java:19)
	at java.base/java.util.concurrent.CompletableFuture.uniComposeStage(CompletableFuture.java:1183)
	at java.base/java.util.concurrent.CompletableFuture.thenCompose(CompletableFuture.java:2299)
	at peergos.shared.corenode.Proxy.redirectCall(Proxy.java:18)
	at peergos.shared.mutable.ProxyingMutablePointers.setPointer(ProxyingMutablePointers.java:27)
	at peergos.server.net.MutationHandler.handle(MutationHandler.java:60)
	at jdk.httpserver/com.sun.net.httpserver.Filter$Chain.doFilter(Filter.java:77)
	at jdk.httpserver/sun.net.httpserver.AuthFilter.doFilter(AuthFilter.java:82)
	at jdk.httpserver/com.sun.net.httpserver.Filter$Chain.doFilter(Filter.java:80)
	at jdk.httpserver/sun.net.httpserver.ServerImpl$Exchange$LinkHandler.handle(ServerImpl.java:692)
	at jdk.httpserver/com.sun.net.httpserver.Filter$Chain.doFilter(Filter.java:77)
	at jdk.httpserver/sun.net.httpserver.ServerImpl$Exchange.run(ServerImpl.java:664)
	at java.base/java.util.concurrent.ThreadPoolExecutor.runWorker(ThreadPoolExecutor.java:1130)
	at java.base/java.util.concurrent.ThreadPoolExecutor$Worker.run(ThreadPoolExecutor.java:630)
	at java.base/java.lang.Thread.run(Thread.java:832)
java.lang.IllegalStateException: Writer not present on this server: z59vuwzfFDop8Aqi1EnWwtyH6kMArNsMbUYjEzuixbsHRvgCemjDBxB
	at peergos.server.space.JdbcUsageStore.getWriterId(JdbcUsageStore.java:179)
	at peergos.server.space.JdbcUsageStore.getOwner(JdbcUsageStore.java:239)
	at peergos.server.space.JdbcUsageStore.getUsage(JdbcUsageStore.java:268)
	at peergos.server.space.SpaceCheckingKeyFilter.prepareMutablePointerChange(SpaceCheckingKeyFilter.java:214)
	at peergos.server.space.SpaceCheckingKeyFilter.accept(SpaceCheckingKeyFilter.java:182)
	at peergos.server.mutable.MutableEventPropagator.lambda$setPointer$0(MutableEventPropagator.java:30)
	at java.base/java.util.concurrent.CompletableFuture.uniApplyNow(CompletableFuture.java:680)
	at java.base/java.util.concurrent.CompletableFuture.uniApplyStage(CompletableFuture.java:658)
	at java.base/java.util.concurrent.CompletableFuture.thenApply(CompletableFuture.java:2158)
	at peergos.server.mutable.MutableEventPropagator.setPointer(MutableEventPropagator.java:26)
	at peergos.server.mutable.PinningMutablePointers.lambda$setPointer$2(PinningMutablePointers.java:52)
	at java.base/java.util.concurrent.CompletableFuture.uniComposeStage(CompletableFuture.java:1183)
	at java.base/java.util.concurrent.CompletableFuture.thenCompose(CompletableFuture.java:2299)
	at peergos.server.mutable.PinningMutablePointers.lambda$setPointer$3(PinningMutablePointers.java:41)
	at java.base/java.util.concurrent.CompletableFuture.uniComposeStage(CompletableFuture.java:1183)
	at java.base/java.util.concurrent.CompletableFuture.thenCompose(CompletableFuture.java:2299)
	at peergos.server.mutable.PinningMutablePointers.setPointer(PinningMutablePointers.java:33)
	at peergos.server.mutable.BlockingMutablePointers.setPointer(BlockingMutablePointers.java:21)
	at peergos.shared.mutable.ProxyingMutablePointers.lambda$setPointer$0(ProxyingMutablePointers.java:30)
	at peergos.shared.corenode.Proxy.lambda$redirectCall$0(Proxy.java:26)
	at java.base/java.util.concurrent.CompletableFuture.uniComposeStage(CompletableFuture.java:1183)
	at java.base/java.util.concurrent.CompletableFuture.thenCompose(CompletableFuture.java:2299)
	at peergos.shared.corenode.Proxy.lambda$redirectCall$1(Proxy.java:19)
	at java.base/java.util.concurrent.CompletableFuture.uniComposeStage(CompletableFuture.java:1183)
	at java.base/java.util.concurrent.CompletableFuture.thenCompose(CompletableFuture.java:2299)
	at peergos.shared.corenode.Proxy.redirectCall(Proxy.java:18)
	at peergos.shared.mutable.ProxyingMutablePointers.setPointer(ProxyingMutablePointers.java:27)
	at peergos.server.net.MutationHandler.handle(MutationHandler.java:60)
	at jdk.httpserver/com.sun.net.httpserver.Filter$Chain.doFilter(Filter.java:77)
	at jdk.httpserver/sun.net.httpserver.AuthFilter.doFilter(AuthFilter.java:82)
	at jdk.httpserver/com.sun.net.httpserver.Filter$Chain.doFilter(Filter.java:80)
	at jdk.httpserver/sun.net.httpserver.ServerImpl$Exchange$LinkHandler.handle(ServerImpl.java:692)
	at jdk.httpserver/com.sun.net.httpserver.Filter$Chain.doFilter(Filter.java:77)
	at jdk.httpserver/sun.net.httpserver.ServerImpl$Exchange.run(ServerImpl.java:664)
	at java.base/java.util.concurrent.ThreadPoolExecutor.runWorker(ThreadPoolExecutor.java:1130)
	at java.base/java.util.concurrent.ThreadPoolExecutor$Worker.run(ThreadPoolExecutor.java:630)
	at java.base/java.lang.Thread.run(Thread.java:832)
java.lang.IllegalStateException: Writer not present on this server: z59vuwzfFDop8Aqi1EnWwtyH6kMArNsMbUYjEzuixbsHRvgCemjDBxB
	at peergos.server.space.JdbcUsageStore.getWriterId(JdbcUsageStore.java:179)
	at peergos.server.space.JdbcUsageStore.getOwner(JdbcUsageStore.java:239)
	at peergos.server.space.JdbcUsageStore.getUsage(JdbcUsageStore.java:268)
	at peergos.server.space.SpaceCheckingKeyFilter.prepareMutablePointerChange(SpaceCheckingKeyFilter.java:214)
	at peergos.server.space.SpaceCheckingKeyFilter.accept(SpaceCheckingKeyFilter.java:182)
	at peergos.server.mutable.MutableEventPropagator.lambda$setPointer$0(MutableEventPropagator.java:30)
	at java.base/java.util.concurrent.CompletableFuture.uniApplyNow(CompletableFuture.java:680)
	at java.base/java.util.concurrent.CompletableFuture.uniApplyStage(CompletableFuture.java:658)
	at java.base/java.util.concurrent.CompletableFuture.thenApply(CompletableFuture.java:2158)
	at peergos.server.mutable.MutableEventPropagator.setPointer(MutableEventPropagator.java:26)
	at peergos.server.mutable.PinningMutablePointers.lambda$setPointer$2(PinningMutablePointers.java:52)
	at java.base/java.util.concurrent.CompletableFuture.uniComposeStage(CompletableFuture.java:1183)
	at java.base/java.util.concurrent.CompletableFuture.thenCompose(CompletableFuture.java:2299)
	at peergos.server.mutable.PinningMutablePointers.lambda$setPointer$3(PinningMutablePointers.java:41)
	at java.base/java.util.concurrent.CompletableFuture.uniComposeStage(CompletableFuture.java:1183)
	at java.base/java.util.concurrent.CompletableFuture.thenCompose(CompletableFuture.java:2299)
	at peergos.server.mutable.PinningMutablePointers.setPointer(PinningMutablePointers.java:33)
	at peergos.server.mutable.BlockingMutablePointers.setPointer(BlockingMutablePointers.java:21)
	at peergos.shared.mutable.ProxyingMutablePointers.lambda$setPointer$0(ProxyingMutablePointers.java:30)
	at peergos.shared.corenode.Proxy.lambda$redirectCall$0(Proxy.java:26)
	at java.base/java.util.concurrent.CompletableFuture.uniComposeStage(CompletableFuture.java:1183)
	at java.base/java.util.concurrent.CompletableFuture.thenCompose(CompletableFuture.java:2299)
	at peergos.shared.corenode.Proxy.lambda$redirectCall$1(Proxy.java:19)
	at java.base/java.util.concurrent.CompletableFuture.uniComposeStage(CompletableFuture.java:1183)
	at java.base/java.util.concurrent.CompletableFuture.thenCompose(CompletableFuture.java:2299)
	at peergos.shared.corenode.Proxy.redirectCall(Proxy.java:18)
	at peergos.shared.mutable.ProxyingMutablePointers.setPointer(ProxyingMutablePointers.java:27)
	at peergos.server.net.MutationHandler.handle(MutationHandler.java:60)
	at jdk.httpserver/com.sun.net.httpserver.Filter$Chain.doFilter(Filter.java:77)
	at jdk.httpserver/sun.net.httpserver.AuthFilter.doFilter(AuthFilter.java:82)
	at jdk.httpserver/com.sun.net.httpserver.Filter$Chain.doFilter(Filter.java:80)
	at jdk.httpserver/sun.net.httpserver.ServerImpl$Exchange$LinkHandler.handle(ServerImpl.java:692)
	at jdk.httpserver/com.sun.net.httpserver.Filter$Chain.doFilter(Filter.java:77)
	at jdk.httpserver/sun.net.httpserver.ServerImpl$Exchange.run(ServerImpl.java:664)
	at java.base/java.util.concurrent.ThreadPoolExecutor.runWorker(ThreadPoolExecutor.java:1130)
	at java.base/java.util.concurrent.ThreadPoolExecutor$Worker.run(ThreadPoolExecutor.java:630)
	at java.base/java.lang.Thread.run(Thread.java:832)
java.lang.IllegalStateException: Writer not present on this server: z59vuwzfFDovdjLEjst3V6ki8ZoLM4DZ8HHGMLgGjVQ6Z38PZgW9LHx
	at peergos.server.space.JdbcUsageStore.getWriterId(JdbcUsageStore.java:179)
	at peergos.server.space.JdbcUsageStore.getOwner(JdbcUsageStore.java:239)
	at peergos.server.space.JdbcUsageStore.getUsage(JdbcUsageStore.java:268)
	at peergos.server.space.SpaceCheckingKeyFilter.prepareMutablePointerChange(SpaceCheckingKeyFilter.java:214)
	at peergos.server.space.SpaceCheckingKeyFilter.accept(SpaceCheckingKeyFilter.java:182)
	at peergos.server.mutable.MutableEventPropagator.lambda$setPointer$0(MutableEventPropagator.java:30)
	at java.base/java.util.concurrent.CompletableFuture.uniApplyNow(CompletableFuture.java:680)
	at java.base/java.util.concurrent.CompletableFuture.uniApplyStage(CompletableFuture.java:658)
	at java.base/java.util.concurrent.CompletableFuture.thenApply(CompletableFuture.java:2158)
	at peergos.server.mutable.MutableEventPropagator.setPointer(MutableEventPropagator.java:26)
	at peergos.server.mutable.PinningMutablePointers.lambda$setPointer$2(PinningMutablePointers.java:52)
	at java.base/java.util.concurrent.CompletableFuture.uniComposeStage(CompletableFuture.java:1183)
	at java.base/java.util.concurrent.CompletableFuture.thenCompose(CompletableFuture.java:2299)
	at peergos.server.mutable.PinningMutablePointers.lambda$setPointer$3(PinningMutablePointers.java:41)
	at java.base/java.util.concurrent.CompletableFuture.uniComposeStage(CompletableFuture.java:1183)
	at java.base/java.util.concurrent.CompletableFuture.thenCompose(CompletableFuture.java:2299)
	at peergos.server.mutable.PinningMutablePointers.setPointer(PinningMutablePointers.java:33)
	at peergos.server.mutable.BlockingMutablePointers.setPointer(BlockingMutablePointers.java:21)
	at peergos.shared.mutable.ProxyingMutablePointers.lambda$setPointer$0(ProxyingMutablePointers.java:30)
	at peergos.shared.corenode.Proxy.lambda$redirectCall$0(Proxy.java:26)
	at java.base/java.util.concurrent.CompletableFuture.uniComposeStage(CompletableFuture.java:1183)
	at java.base/java.util.concurrent.CompletableFuture.thenCompose(CompletableFuture.java:2299)
	at peergos.shared.corenode.Proxy.lambda$redirectCall$1(Proxy.java:19)
	at java.base/java.util.concurrent.CompletableFuture.uniComposeStage(CompletableFuture.java:1183)
	at java.base/java.util.concurrent.CompletableFuture.thenCompose(CompletableFuture.java:2299)
	at peergos.shared.corenode.Proxy.redirectCall(Proxy.java:18)
	at peergos.shared.mutable.ProxyingMutablePointers.setPointer(ProxyingMutablePointers.java:27)
	at peergos.server.net.MutationHandler.handle(MutationHandler.java:60)
	at jdk.httpserver/com.sun.net.httpserver.Filter$Chain.doFilter(Filter.java:77)
	at jdk.httpserver/sun.net.httpserver.AuthFilter.doFilter(AuthFilter.java:82)
	at jdk.httpserver/com.sun.net.httpserver.Filter$Chain.doFilter(Filter.java:80)
	at jdk.httpserver/sun.net.httpserver.ServerImpl$Exchange$LinkHandler.handle(ServerImpl.java:692)
	at jdk.httpserver/com.sun.net.httpserver.Filter$Chain.doFilter(Filter.java:77)
	at jdk.httpserver/sun.net.httpserver.ServerImpl$Exchange.run(ServerImpl.java:664)
	at java.base/java.util.concurrent.ThreadPoolExecutor.runWorker(ThreadPoolExecutor.java:1130)
	at java.base/java.util.concurrent.ThreadPoolExecutor$Worker.run(ThreadPoolExecutor.java:630)
	at java.base/java.lang.Thread.run(Thread.java:832)
java.lang.IllegalStateException: Writer not present on this server: z59vuwzfFDop8Aqi1EnWwtyH6kMArNsMbUYjEzuixbsHRvgCemjDBxB
	at peergos.server.space.JdbcUsageStore.getWriterId(JdbcUsageStore.java:179)
	at peergos.server.space.JdbcUsageStore.getOwner(JdbcUsageStore.java:239)
	at peergos.server.space.JdbcUsageStore.getUsage(JdbcUsageStore.java:268)
	at peergos.server.space.SpaceCheckingKeyFilter.prepareMutablePointerChange(SpaceCheckingKeyFilter.java:214)
	at peergos.server.space.SpaceCheckingKeyFilter.accept(SpaceCheckingKeyFilter.java:182)
	at peergos.server.mutable.MutableEventPropagator.lambda$setPointer$0(MutableEventPropagator.java:30)
	at java.base/java.util.concurrent.CompletableFuture.uniApplyNow(CompletableFuture.java:680)
	at java.base/java.util.concurrent.CompletableFuture.uniApplyStage(CompletableFuture.java:658)
	at java.base/java.util.concurrent.CompletableFuture.thenApply(CompletableFuture.java:2158)
	at peergos.server.mutable.MutableEventPropagator.setPointer(MutableEventPropagator.java:26)
	at peergos.server.mutable.PinningMutablePointers.lambda$setPointer$2(PinningMutablePointers.java:52)
	at java.base/java.util.concurrent.CompletableFuture.uniComposeStage(CompletableFuture.java:1183)
	at java.base/java.util.concurrent.CompletableFuture.thenCompose(CompletableFuture.java:2299)
	at peergos.server.mutable.PinningMutablePointers.lambda$setPointer$3(PinningMutablePointers.java:41)
	at java.base/java.util.concurrent.CompletableFuture.uniComposeStage(CompletableFuture.java:1183)
	at java.base/java.util.concurrent.CompletableFuture.thenCompose(CompletableFuture.java:2299)
	at peergos.server.mutable.PinningMutablePointers.setPointer(PinningMutablePointers.java:33)
	at peergos.server.mutable.BlockingMutablePointers.setPointer(BlockingMutablePointers.java:21)
	at peergos.shared.mutable.ProxyingMutablePointers.lambda$setPointer$0(ProxyingMutablePointers.java:30)
	at peergos.shared.corenode.Proxy.lambda$redirectCall$0(Proxy.java:26)
	at java.base/java.util.concurrent.CompletableFuture.uniComposeStage(CompletableFuture.java:1183)
	at java.base/java.util.concurrent.CompletableFuture.thenCompose(CompletableFuture.java:2299)
	at peergos.shared.corenode.Proxy.lambda$redirectCall$1(Proxy.java:19)
	at java.base/java.util.concurrent.CompletableFuture.uniComposeStage(CompletableFuture.java:1183)
	at java.base/java.util.concurrent.CompletableFuture.thenCompose(CompletableFuture.java:2299)
	at peergos.shared.corenode.Proxy.redirectCall(Proxy.java:18)
	at peergos.shared.mutable.ProxyingMutablePointers.setPointer(ProxyingMutablePointers.java:27)
	at peergos.server.net.MutationHandler.handle(MutationHandler.java:60)
	at jdk.httpserver/com.sun.net.httpserver.Filter$Chain.doFilter(Filter.java:77)
	at jdk.httpserver/sun.net.httpserver.AuthFilter.doFilter(AuthFilter.java:82)
	at jdk.httpserver/com.sun.net.httpserver.Filter$Chain.doFilter(Filter.java:80)
	at jdk.httpserver/sun.net.httpserver.ServerImpl$Exchange$LinkHandler.handle(ServerImpl.java:692)
	at jdk.httpserver/com.sun.net.httpserver.Filter$Chain.doFilter(Filter.java:77)
	at jdk.httpserver/sun.net.httpserver.ServerImpl$Exchange.run(ServerImpl.java:664)
	at java.base/java.util.concurrent.ThreadPoolExecutor.runWorker(ThreadPoolExecutor.java:1130)
	at java.base/java.util.concurrent.ThreadPoolExecutor$Worker.run(ThreadPoolExecutor.java:630)
	at java.base/java.lang.Thread.run(Thread.java:832)
java.lang.IllegalStateException: Writer not present on this server: z59vuwzfFDop8Aqi1EnWwtyH6kMArNsMbUYjEzuixbsHRvgCemjDBxB
	at peergos.server.space.JdbcUsageStore.getWriterId(JdbcUsageStore.java:179)
	at peergos.server.space.JdbcUsageStore.getOwner(JdbcUsageStore.java:239)
	at peergos.server.space.JdbcUsageStore.getUsage(JdbcUsageStore.java:268)
	at peergos.server.space.SpaceCheckingKeyFilter.prepareMutablePointerChange(SpaceCheckingKeyFilter.java:214)
	at peergos.server.space.SpaceCheckingKeyFilter.accept(SpaceCheckingKeyFilter.java:182)
	at peergos.server.mutable.MutableEventPropagator.lambda$setPointer$0(MutableEventPropagator.java:30)
	at java.base/java.util.concurrent.CompletableFuture.uniApplyNow(CompletableFuture.java:680)
	at java.base/java.util.concurrent.CompletableFuture.uniApplyStage(CompletableFuture.java:658)
	at java.base/java.util.concurrent.CompletableFuture.thenApply(CompletableFuture.java:2158)
	at peergos.server.mutable.MutableEventPropagator.setPointer(MutableEventPropagator.java:26)
	at peergos.server.mutable.PinningMutablePointers.lambda$setPointer$2(PinningMutablePointers.java:52)
	at java.base/java.util.concurrent.CompletableFuture.uniComposeStage(CompletableFuture.java:1183)
	at java.base/java.util.concurrent.CompletableFuture.thenCompose(CompletableFuture.java:2299)
	at peergos.server.mutable.PinningMutablePointers.lambda$setPointer$3(PinningMutablePointers.java:41)
	at java.base/java.util.concurrent.CompletableFuture.uniComposeStage(CompletableFuture.java:1183)
	at java.base/java.util.concurrent.CompletableFuture.thenCompose(CompletableFuture.java:2299)
	at peergos.server.mutable.PinningMutablePointers.setPointer(PinningMutablePointers.java:33)
	at peergos.server.mutable.BlockingMutablePointers.setPointer(BlockingMutablePointers.java:21)
	at peergos.shared.mutable.ProxyingMutablePointers.lambda$setPointer$0(ProxyingMutablePointers.java:30)
	at peergos.shared.corenode.Proxy.lambda$redirectCall$0(Proxy.java:26)
	at java.base/java.util.concurrent.CompletableFuture.uniComposeStage(CompletableFuture.java:1183)
	at java.base/java.util.concurrent.CompletableFuture.thenCompose(CompletableFuture.java:2299)
	at peergos.shared.corenode.Proxy.lambda$redirectCall$1(Proxy.java:19)
	at java.base/java.util.concurrent.CompletableFuture.uniComposeStage(CompletableFuture.java:1183)
	at java.base/java.util.concurrent.CompletableFuture.thenCompose(CompletableFuture.java:2299)
	at peergos.shared.corenode.Proxy.redirectCall(Proxy.java:18)
	at peergos.shared.mutable.ProxyingMutablePointers.setPointer(ProxyingMutablePointers.java:27)
	at peergos.server.net.MutationHandler.handle(MutationHandler.java:60)
	at jdk.httpserver/com.sun.net.httpserver.Filter$Chain.doFilter(Filter.java:77)
	at jdk.httpserver/sun.net.httpserver.AuthFilter.doFilter(AuthFilter.java:82)
	at jdk.httpserver/com.sun.net.httpserver.Filter$Chain.doFilter(Filter.java:80)
	at jdk.httpserver/sun.net.httpserver.ServerImpl$Exchange$LinkHandler.handle(ServerImpl.java:692)
	at jdk.httpserver/com.sun.net.httpserver.Filter$Chain.doFilter(Filter.java:77)
	at jdk.httpserver/sun.net.httpserver.ServerImpl$Exchange.run(ServerImpl.java:664)
	at java.base/java.util.concurrent.ThreadPoolExecutor.runWorker(ThreadPoolExecutor.java:1130)
	at java.base/java.util.concurrent.ThreadPoolExecutor$Worker.run(ThreadPoolExecutor.java:630)
	at java.base/java.lang.Thread.run(Thread.java:832)
java.lang.IllegalStateException: Writer not present on this server: z59vuwzfFDop8Aqi1EnWwtyH6kMArNsMbUYjEzuixbsHRvgCemjDBxB
	at peergos.server.space.JdbcUsageStore.getWriterId(JdbcUsageStore.java:179)
	at peergos.server.space.JdbcUsageStore.getOwner(JdbcUsageStore.java:239)
	at peergos.server.space.JdbcUsageStore.getUsage(JdbcUsageStore.java:268)
	at peergos.server.space.SpaceCheckingKeyFilter.prepareMutablePointerChange(SpaceCheckingKeyFilter.java:214)
	at peergos.server.space.SpaceCheckingKeyFilter.accept(SpaceCheckingKeyFilter.java:182)
	at peergos.server.mutable.MutableEventPropagator.lambda$setPointer$0(MutableEventPropagator.java:30)
	at java.base/java.util.concurrent.CompletableFuture.uniApplyNow(CompletableFuture.java:680)
	at java.base/java.util.concurrent.CompletableFuture.uniApplyStage(CompletableFuture.java:658)
	at java.base/java.util.concurrent.CompletableFuture.thenApply(CompletableFuture.java:2158)
	at peergos.server.mutable.MutableEventPropagator.setPointer(MutableEventPropagator.java:26)
	at peergos.server.mutable.PinningMutablePointers.lambda$setPointer$2(PinningMutablePointers.java:52)
	at java.base/java.util.concurrent.CompletableFuture.uniComposeStage(CompletableFuture.java:1183)
	at java.base/java.util.concurrent.CompletableFuture.thenCompose(CompletableFuture.java:2299)
	at peergos.server.mutable.PinningMutablePointers.lambda$setPointer$3(PinningMutablePointers.java:41)
	at java.base/java.util.concurrent.CompletableFuture.uniComposeStage(CompletableFuture.java:1183)
	at java.base/java.util.concurrent.CompletableFuture.thenCompose(CompletableFuture.java:2299)
	at peergos.server.mutable.PinningMutablePointers.setPointer(PinningMutablePointers.java:33)
	at peergos.server.mutable.BlockingMutablePointers.setPointer(BlockingMutablePointers.java:21)
	at peergos.shared.mutable.ProxyingMutablePointers.lambda$setPointer$0(ProxyingMutablePointers.java:30)
	at peergos.shared.corenode.Proxy.lambda$redirectCall$0(Proxy.java:26)
	at java.base/java.util.concurrent.CompletableFuture.uniComposeStage(CompletableFuture.java:1183)
	at java.base/java.util.concurrent.CompletableFuture.thenCompose(CompletableFuture.java:2299)
	at peergos.shared.corenode.Proxy.lambda$redirectCall$1(Proxy.java:19)
	at java.base/java.util.concurrent.CompletableFuture.uniComposeStage(CompletableFuture.java:1183)
	at java.base/java.util.concurrent.CompletableFuture.thenCompose(CompletableFuture.java:2299)
	at peergos.shared.corenode.Proxy.redirectCall(Proxy.java:18)
	at peergos.shared.mutable.ProxyingMutablePointers.setPointer(ProxyingMutablePointers.java:27)
	at peergos.server.net.MutationHandler.handle(MutationHandler.java:60)
	at jdk.httpserver/com.sun.net.httpserver.Filter$Chain.doFilter(Filter.java:77)
	at jdk.httpserver/sun.net.httpserver.AuthFilter.doFilter(AuthFilter.java:82)
	at jdk.httpserver/com.sun.net.httpserver.Filter$Chain.doFilter(Filter.java:80)
	at jdk.httpserver/sun.net.httpserver.ServerImpl$Exchange$LinkHandler.handle(ServerImpl.java:692)
	at jdk.httpserver/com.sun.net.httpserver.Filter$Chain.doFilter(Filter.java:77)
	at jdk.httpserver/sun.net.httpserver.ServerImpl$Exchange.run(ServerImpl.java:664)
	at java.base/java.util.concurrent.ThreadPoolExecutor.runWorker(ThreadPoolExecutor.java:1130)
	at java.base/java.util.concurrent.ThreadPoolExecutor$Worker.run(ThreadPoolExecutor.java:630)
	at java.base/java.lang.Thread.run(Thread.java:832)
java.lang.IllegalStateException: Writer not present on this server: z59vuwzfFDop8Aqi1EnWwtyH6kMArNsMbUYjEzuixbsHRvgCemjDBxB
	at peergos.server.space.JdbcUsageStore.getWriterId(JdbcUsageStore.java:179)
	at peergos.server.space.JdbcUsageStore.getOwner(JdbcUsageStore.java:239)
	at peergos.server.space.JdbcUsageStore.getUsage(JdbcUsageStore.java:268)
	at peergos.server.space.SpaceCheckingKeyFilter.prepareMutablePointerChange(SpaceCheckingKeyFilter.java:214)
	at peergos.server.space.SpaceCheckingKeyFilter.accept(SpaceCheckingKeyFilter.java:182)
	at peergos.server.mutable.MutableEventPropagator.lambda$setPointer$0(MutableEventPropagator.java:30)
	at java.base/java.util.concurrent.CompletableFuture.uniApplyNow(CompletableFuture.java:680)
	at java.base/java.util.concurrent.CompletableFuture.uniApplyStage(CompletableFuture.java:658)
	at java.base/java.util.concurrent.CompletableFuture.thenApply(CompletableFuture.java:2158)
	at peergos.server.mutable.MutableEventPropagator.setPointer(MutableEventPropagator.java:26)
	at peergos.server.mutable.PinningMutablePointers.lambda$setPointer$2(PinningMutablePointers.java:52)
	at java.base/java.util.concurrent.CompletableFuture.uniComposeStage(CompletableFuture.java:1183)
	at java.base/java.util.concurrent.CompletableFuture.thenCompose(CompletableFuture.java:2299)
	at peergos.server.mutable.PinningMutablePointers.lambda$setPointer$3(PinningMutablePointers.java:41)
	at java.base/java.util.concurrent.CompletableFuture.uniComposeStage(CompletableFuture.java:1183)
	at java.base/java.util.concurrent.CompletableFuture.thenCompose(CompletableFuture.java:2299)
	at peergos.server.mutable.PinningMutablePointers.setPointer(PinningMutablePointers.java:33)
	at peergos.server.mutable.BlockingMutablePointers.setPointer(BlockingMutablePointers.java:21)
	at peergos.shared.mutable.ProxyingMutablePointers.lambda$setPointer$0(ProxyingMutablePointers.java:30)
	at peergos.shared.corenode.Proxy.lambda$redirectCall$0(Proxy.java:26)
	at java.base/java.util.concurrent.CompletableFuture.uniComposeStage(CompletableFuture.java:1183)
	at java.base/java.util.concurrent.CompletableFuture.thenCompose(CompletableFuture.java:2299)
	at peergos.shared.corenode.Proxy.lambda$redirectCall$1(Proxy.java:19)
	at java.base/java.util.concurrent.CompletableFuture.uniComposeStage(CompletableFuture.java:1183)
	at java.base/java.util.concurrent.CompletableFuture.thenCompose(CompletableFuture.java:2299)
	at peergos.shared.corenode.Proxy.redirectCall(Proxy.java:18)
	at peergos.shared.mutable.ProxyingMutablePointers.setPointer(ProxyingMutablePointers.java:27)
	at peergos.server.net.MutationHandler.handle(MutationHandler.java:60)
	at jdk.httpserver/com.sun.net.httpserver.Filter$Chain.doFilter(Filter.java:77)
	at jdk.httpserver/sun.net.httpserver.AuthFilter.doFilter(AuthFilter.java:82)
	at jdk.httpserver/com.sun.net.httpserver.Filter$Chain.doFilter(Filter.java:80)
	at jdk.httpserver/sun.net.httpserver.ServerImpl$Exchange$LinkHandler.handle(ServerImpl.java:692)
	at jdk.httpserver/com.sun.net.httpserver.Filter$Chain.doFilter(Filter.java:77)
	at jdk.httpserver/sun.net.httpserver.ServerImpl$Exchange.run(ServerImpl.java:664)
	at java.base/java.util.concurrent.ThreadPoolExecutor.runWorker(ThreadPoolExecutor.java:1130)
	at java.base/java.util.concurrent.ThreadPoolExecutor$Worker.run(ThreadPoolExecutor.java:630)
	at java.base/java.lang.Thread.run(Thread.java:832)
java.lang.IllegalStateException: Writer not present on this server: z59vuwzfFDop8Aqi1EnWwtyH6kMArNsMbUYjEzuixbsHRvgCemjDBxB
	at peergos.server.space.JdbcUsageStore.getWriterId(JdbcUsageStore.java:179)
	at peergos.server.space.JdbcUsageStore.getOwner(JdbcUsageStore.java:239)
	at peergos.server.space.JdbcUsageStore.getUsage(JdbcUsageStore.java:268)
	at peergos.server.space.SpaceCheckingKeyFilter.prepareMutablePointerChange(SpaceCheckingKeyFilter.java:214)
	at peergos.server.space.SpaceCheckingKeyFilter.accept(SpaceCheckingKeyFilter.java:182)
	at peergos.server.mutable.MutableEventPropagator.lambda$setPointer$0(MutableEventPropagator.java:30)
	at java.base/java.util.concurrent.CompletableFuture.uniApplyNow(CompletableFuture.java:680)
	at java.base/java.util.concurrent.CompletableFuture.uniApplyStage(CompletableFuture.java:658)
	at java.base/java.util.concurrent.CompletableFuture.thenApply(CompletableFuture.java:2158)
	at peergos.server.mutable.MutableEventPropagator.setPointer(MutableEventPropagator.java:26)
	at peergos.server.mutable.PinningMutablePointers.lambda$setPointer$2(PinningMutablePointers.java:52)
	at java.base/java.util.concurrent.CompletableFuture.uniComposeStage(CompletableFuture.java:1183)
	at java.base/java.util.concurrent.CompletableFuture.thenCompose(CompletableFuture.java:2299)
	at peergos.server.mutable.PinningMutablePointers.lambda$setPointer$3(PinningMutablePointers.java:41)
	at java.base/java.util.concurrent.CompletableFuture.uniComposeStage(CompletableFuture.java:1183)
	at java.base/java.util.concurrent.CompletableFuture.thenCompose(CompletableFuture.java:2299)
	at peergos.server.mutable.PinningMutablePointers.setPointer(PinningMutablePointers.java:33)
	at peergos.server.mutable.BlockingMutablePointers.setPointer(BlockingMutablePointers.java:21)
	at peergos.shared.mutable.ProxyingMutablePointers.lambda$setPointer$0(ProxyingMutablePointers.java:30)
	at peergos.shared.corenode.Proxy.lambda$redirectCall$0(Proxy.java:26)
	at java.base/java.util.concurrent.CompletableFuture.uniComposeStage(CompletableFuture.java:1183)
	at java.base/java.util.concurrent.CompletableFuture.thenCompose(CompletableFuture.java:2299)
	at peergos.shared.corenode.Proxy.lambda$redirectCall$1(Proxy.java:19)
	at java.base/java.util.concurrent.CompletableFuture.uniComposeStage(CompletableFuture.java:1183)
	at java.base/java.util.concurrent.CompletableFuture.thenCompose(CompletableFuture.java:2299)
	at peergos.shared.corenode.Proxy.redirectCall(Proxy.java:18)
	at peergos.shared.mutable.ProxyingMutablePointers.setPointer(ProxyingMutablePointers.java:27)
	at peergos.server.net.MutationHandler.handle(MutationHandler.java:60)
	at jdk.httpserver/com.sun.net.httpserver.Filter$Chain.doFilter(Filter.java:77)
	at jdk.httpserver/sun.net.httpserver.AuthFilter.doFilter(AuthFilter.java:82)
	at jdk.httpserver/com.sun.net.httpserver.Filter$Chain.doFilter(Filter.java:80)
	at jdk.httpserver/sun.net.httpserver.ServerImpl$Exchange$LinkHandler.handle(ServerImpl.java:692)
	at jdk.httpserver/com.sun.net.httpserver.Filter$Chain.doFilter(Filter.java:77)
	at jdk.httpserver/sun.net.httpserver.ServerImpl$Exchange.run(ServerImpl.java:664)
	at java.base/java.util.concurrent.ThreadPoolExecutor.runWorker(ThreadPoolExecutor.java:1130)
	at java.base/java.util.concurrent.ThreadPoolExecutor$Worker.run(ThreadPoolExecutor.java:630)
	at java.base/java.lang.Thread.run(Thread.java:832)
java.lang.IllegalStateException: Writer not present on this server: z59vuwzfFDop8Aqi1EnWwtyH6kMArNsMbUYjEzuixbsHRvgCemjDBxB
	at peergos.server.space.JdbcUsageStore.getWriterId(JdbcUsageStore.java:179)
	at peergos.server.space.JdbcUsageStore.getOwner(JdbcUsageStore.java:239)
	at peergos.server.space.JdbcUsageStore.getUsage(JdbcUsageStore.java:268)
	at peergos.server.space.SpaceCheckingKeyFilter.prepareMutablePointerChange(SpaceCheckingKeyFilter.java:214)
	at peergos.server.space.SpaceCheckingKeyFilter.accept(SpaceCheckingKeyFilter.java:182)
	at peergos.server.mutable.MutableEventPropagator.lambda$setPointer$0(MutableEventPropagator.java:30)
	at java.base/java.util.concurrent.CompletableFuture.uniApplyNow(CompletableFuture.java:680)
	at java.base/java.util.concurrent.CompletableFuture.uniApplyStage(CompletableFuture.java:658)
	at java.base/java.util.concurrent.CompletableFuture.thenApply(CompletableFuture.java:2158)
	at peergos.server.mutable.MutableEventPropagator.setPointer(MutableEventPropagator.java:26)
	at peergos.server.mutable.PinningMutablePointers.lambda$setPointer$2(PinningMutablePointers.java:52)
	at java.base/java.util.concurrent.CompletableFuture.uniComposeStage(CompletableFuture.java:1183)
	at java.base/java.util.concurrent.CompletableFuture.thenCompose(CompletableFuture.java:2299)
	at peergos.server.mutable.PinningMutablePointers.lambda$setPointer$3(PinningMutablePointers.java:41)
	at java.base/java.util.concurrent.CompletableFuture.uniComposeStage(CompletableFuture.java:1183)
	at java.base/java.util.concurrent.CompletableFuture.thenCompose(CompletableFuture.java:2299)
	at peergos.server.mutable.PinningMutablePointers.setPointer(PinningMutablePointers.java:33)
	at peergos.server.mutable.BlockingMutablePointers.setPointer(BlockingMutablePointers.java:21)
	at peergos.shared.mutable.ProxyingMutablePointers.lambda$setPointer$0(ProxyingMutablePointers.java:30)
	at peergos.shared.corenode.Proxy.lambda$redirectCall$0(Proxy.java:26)
	at java.base/java.util.concurrent.CompletableFuture.uniComposeStage(CompletableFuture.java:1183)
	at java.base/java.util.concurrent.CompletableFuture.thenCompose(CompletableFuture.java:2299)
	at peergos.shared.corenode.Proxy.lambda$redirectCall$1(Proxy.java:19)
	at java.base/java.util.concurrent.CompletableFuture.uniComposeStage(CompletableFuture.java:1183)
	at java.base/java.util.concurrent.CompletableFuture.thenCompose(CompletableFuture.java:2299)
	at peergos.shared.corenode.Proxy.redirectCall(Proxy.java:18)
	at peergos.shared.mutable.ProxyingMutablePointers.setPointer(ProxyingMutablePointers.java:27)
	at peergos.server.net.MutationHandler.handle(MutationHandler.java:60)
	at jdk.httpserver/com.sun.net.httpserver.Filter$Chain.doFilter(Filter.java:77)
	at jdk.httpserver/sun.net.httpserver.AuthFilter.doFilter(AuthFilter.java:82)
	at jdk.httpserver/com.sun.net.httpserver.Filter$Chain.doFilter(Filter.java:80)
	at jdk.httpserver/sun.net.httpserver.ServerImpl$Exchange$LinkHandler.handle(ServerImpl.java:692)
	at jdk.httpserver/com.sun.net.httpserver.Filter$Chain.doFilter(Filter.java:77)
	at jdk.httpserver/sun.net.httpserver.ServerImpl$Exchange.run(ServerImpl.java:664)
	at java.base/java.util.concurrent.ThreadPoolExecutor.runWorker(ThreadPoolExecutor.java:1130)
	at java.base/java.util.concurrent.ThreadPoolExecutor$Worker.run(ThreadPoolExecutor.java:630)
	at java.base/java.lang.Thread.run(Thread.java:832)
java.lang.IllegalStateException: Writer not present on this server: z59vuwzfFDoxFLfokTBsNh6pPt98VKs6ndVAb6R7fpE4tVUdUJvvUB9
	at peergos.server.space.JdbcUsageStore.getWriterId(JdbcUsageStore.java:179)
	at peergos.server.space.JdbcUsageStore.getOwner(JdbcUsageStore.java:239)
	at peergos.server.space.JdbcUsageStore.getUsage(JdbcUsageStore.java:268)
	at peergos.server.space.SpaceCheckingKeyFilter.prepareMutablePointerChange(SpaceCheckingKeyFilter.java:214)
	at peergos.server.space.SpaceCheckingKeyFilter.accept(SpaceCheckingKeyFilter.java:182)
	at peergos.server.mutable.MutableEventPropagator.lambda$setPointer$0(MutableEventPropagator.java:30)
	at java.base/java.util.concurrent.CompletableFuture.uniApplyNow(CompletableFuture.java:680)
	at java.base/java.util.concurrent.CompletableFuture.uniApplyStage(CompletableFuture.java:658)
	at java.base/java.util.concurrent.CompletableFuture.thenApply(CompletableFuture.java:2158)
	at peergos.server.mutable.MutableEventPropagator.setPointer(MutableEventPropagator.java:26)
	at peergos.server.mutable.PinningMutablePointers.lambda$setPointer$2(PinningMutablePointers.java:52)
	at java.base/java.util.concurrent.CompletableFuture.uniComposeStage(CompletableFuture.java:1183)
	at java.base/java.util.concurrent.CompletableFuture.thenCompose(CompletableFuture.java:2299)
	at peergos.server.mutable.PinningMutablePointers.lambda$setPointer$3(PinningMutablePointers.java:41)
	at java.base/java.util.concurrent.CompletableFuture.uniComposeStage(CompletableFuture.java:1183)
	at java.base/java.util.concurrent.CompletableFuture.thenCompose(CompletableFuture.java:2299)
	at peergos.server.mutable.PinningMutablePointers.setPointer(PinningMutablePointers.java:33)
	at peergos.server.mutable.BlockingMutablePointers.setPointer(BlockingMutablePointers.java:21)
	at peergos.shared.mutable.ProxyingMutablePointers.lambda$setPointer$0(ProxyingMutablePointers.java:30)
	at peergos.shared.corenode.Proxy.lambda$redirectCall$0(Proxy.java:26)
	at java.base/java.util.concurrent.CompletableFuture.uniComposeStage(CompletableFuture.java:1183)
	at java.base/java.util.concurrent.CompletableFuture.thenCompose(CompletableFuture.java:2299)
	at peergos.shared.corenode.Proxy.lambda$redirectCall$1(Proxy.java:19)
	at java.base/java.util.concurrent.CompletableFuture.uniComposeStage(CompletableFuture.java:1183)
	at java.base/java.util.concurrent.CompletableFuture.thenCompose(CompletableFuture.java:2299)
	at peergos.shared.corenode.Proxy.redirectCall(Proxy.java:18)
	at peergos.shared.mutable.ProxyingMutablePointers.setPointer(ProxyingMutablePointers.java:27)
	at peergos.server.net.MutationHandler.handle(MutationHandler.java:60)
	at jdk.httpserver/com.sun.net.httpserver.Filter$Chain.doFilter(Filter.java:77)
	at jdk.httpserver/sun.net.httpserver.AuthFilter.doFilter(AuthFilter.java:82)
	at jdk.httpserver/com.sun.net.httpserver.Filter$Chain.doFilter(Filter.java:80)
	at jdk.httpserver/sun.net.httpserver.ServerImpl$Exchange$LinkHandler.handle(ServerImpl.java:692)
	at jdk.httpserver/com.sun.net.httpserver.Filter$Chain.doFilter(Filter.java:77)
	at jdk.httpserver/sun.net.httpserver.ServerImpl$Exchange.run(ServerImpl.java:664)
	at java.base/java.util.concurrent.ThreadPoolExecutor.runWorker(ThreadPoolExecutor.java:1130)
	at java.base/java.util.concurrent.ThreadPoolExecutor$Worker.run(ThreadPoolExecutor.java:630)
	at java.base/java.lang.Thread.run(Thread.java:832)
java.lang.IllegalStateException: Writer not present on this server: z59vuwzfFDoxFLfokTBsNh6pPt98VKs6ndVAb6R7fpE4tVUdUJvvUB9
	at peergos.server.space.JdbcUsageStore.getWriterId(JdbcUsageStore.java:179)
	at peergos.server.space.JdbcUsageStore.getOwner(JdbcUsageStore.java:239)
	at peergos.server.space.JdbcUsageStore.getUsage(JdbcUsageStore.java:268)
	at peergos.server.space.SpaceCheckingKeyFilter.prepareMutablePointerChange(SpaceCheckingKeyFilter.java:214)
	at peergos.server.space.SpaceCheckingKeyFilter.accept(SpaceCheckingKeyFilter.java:182)
	at peergos.server.mutable.MutableEventPropagator.lambda$setPointer$0(MutableEventPropagator.java:30)
	at java.base/java.util.concurrent.CompletableFuture.uniApplyNow(CompletableFuture.java:680)
	at java.base/java.util.concurrent.CompletableFuture.uniApplyStage(CompletableFuture.java:658)
	at java.base/java.util.concurrent.CompletableFuture.thenApply(CompletableFuture.java:2158)
	at peergos.server.mutable.MutableEventPropagator.setPointer(MutableEventPropagator.java:26)
	at peergos.server.mutable.PinningMutablePointers.lambda$setPointer$2(PinningMutablePointers.java:52)
	at java.base/java.util.concurrent.CompletableFuture.uniComposeStage(CompletableFuture.java:1183)
	at java.base/java.util.concurrent.CompletableFuture.thenCompose(CompletableFuture.java:2299)
	at peergos.server.mutable.PinningMutablePointers.lambda$setPointer$3(PinningMutablePointers.java:41)
	at java.base/java.util.concurrent.CompletableFuture.uniComposeStage(CompletableFuture.java:1183)
	at java.base/java.util.concurrent.CompletableFuture.thenCompose(CompletableFuture.java:2299)
	at peergos.server.mutable.PinningMutablePointers.setPointer(PinningMutablePointers.java:33)
	at peergos.server.mutable.BlockingMutablePointers.setPointer(BlockingMutablePointers.java:21)
	at peergos.shared.mutable.ProxyingMutablePointers.lambda$setPointer$0(ProxyingMutablePointers.java:30)
	at peergos.shared.corenode.Proxy.lambda$redirectCall$0(Proxy.java:26)
	at java.base/java.util.concurrent.CompletableFuture.uniComposeStage(CompletableFuture.java:1183)
	at java.base/java.util.concurrent.CompletableFuture.thenCompose(CompletableFuture.java:2299)
	at peergos.shared.corenode.Proxy.lambda$redirectCall$1(Proxy.java:19)
	at java.base/java.util.concurrent.CompletableFuture.uniComposeStage(CompletableFuture.java:1183)
	at java.base/java.util.concurrent.CompletableFuture.thenCompose(CompletableFuture.java:2299)
	at peergos.shared.corenode.Proxy.redirectCall(Proxy.java:18)
	at peergos.shared.mutable.ProxyingMutablePointers.setPointer(ProxyingMutablePointers.java:27)
	at peergos.server.net.MutationHandler.handle(MutationHandler.java:60)
	at jdk.httpserver/com.sun.net.httpserver.Filter$Chain.doFilter(Filter.java:77)
	at jdk.httpserver/sun.net.httpserver.AuthFilter.doFilter(AuthFilter.java:82)
	at jdk.httpserver/com.sun.net.httpserver.Filter$Chain.doFilter(Filter.java:80)
	at jdk.httpserver/sun.net.httpserver.ServerImpl$Exchange$LinkHandler.handle(ServerImpl.java:692)
	at jdk.httpserver/com.sun.net.httpserver.Filter$Chain.doFilter(Filter.java:77)
	at jdk.httpserver/sun.net.httpserver.ServerImpl$Exchange.run(ServerImpl.java:664)
	at java.base/java.util.concurrent.ThreadPoolExecutor.runWorker(ThreadPoolExecutor.java:1130)
	at java.base/java.util.concurrent.ThreadPoolExecutor$Worker.run(ThreadPoolExecutor.java:630)
	at java.base/java.lang.Thread.run(Thread.java:832)
java.lang.IllegalStateException: Writer not present on this server: z59vuwzfFDot4q5sTM3jcJgcD3KpHEaMR6P7ViJyvzASavHKfvop8BT
	at peergos.server.space.JdbcUsageStore.getWriterId(JdbcUsageStore.java:179)
	at peergos.server.space.JdbcUsageStore.getOwner(JdbcUsageStore.java:239)
	at peergos.server.space.JdbcUsageStore.getUsage(JdbcUsageStore.java:268)
	at peergos.server.space.SpaceCheckingKeyFilter.prepareMutablePointerChange(SpaceCheckingKeyFilter.java:214)
	at peergos.server.space.SpaceCheckingKeyFilter.accept(SpaceCheckingKeyFilter.java:182)
	at peergos.server.mutable.MutableEventPropagator.lambda$setPointer$0(MutableEventPropagator.java:30)
	at java.base/java.util.concurrent.CompletableFuture.uniApplyNow(CompletableFuture.java:680)
	at java.base/java.util.concurrent.CompletableFuture.uniApplyStage(CompletableFuture.java:658)
	at java.base/java.util.concurrent.CompletableFuture.thenApply(CompletableFuture.java:2158)
	at peergos.server.mutable.MutableEventPropagator.setPointer(MutableEventPropagator.java:26)
	at peergos.server.mutable.PinningMutablePointers.lambda$setPointer$2(PinningMutablePointers.java:52)
	at java.base/java.util.concurrent.CompletableFuture.uniComposeStage(CompletableFuture.java:1183)
	at java.base/java.util.concurrent.CompletableFuture.thenCompose(CompletableFuture.java:2299)
	at peergos.server.mutable.PinningMutablePointers.lambda$setPointer$3(PinningMutablePointers.java:41)
	at java.base/java.util.concurrent.CompletableFuture.uniComposeStage(CompletableFuture.java:1183)
	at java.base/java.util.concurrent.CompletableFuture.thenCompose(CompletableFuture.java:2299)
	at peergos.server.mutable.PinningMutablePointers.setPointer(PinningMutablePointers.java:33)
	at peergos.server.mutable.BlockingMutablePointers.setPointer(BlockingMutablePointers.java:21)
	at peergos.shared.mutable.ProxyingMutablePointers.lambda$setPointer$0(ProxyingMutablePointers.java:30)
	at peergos.shared.corenode.Proxy.lambda$redirectCall$0(Proxy.java:26)
	at java.base/java.util.concurrent.CompletableFuture.uniComposeStage(CompletableFuture.java:1183)
	at java.base/java.util.concurrent.CompletableFuture.thenCompose(CompletableFuture.java:2299)
	at peergos.shared.corenode.Proxy.lambda$redirectCall$1(Proxy.java:19)
	at java.base/java.util.concurrent.CompletableFuture.uniComposeStage(CompletableFuture.java:1183)
	at java.base/java.util.concurrent.CompletableFuture.thenCompose(CompletableFuture.java:2299)
	at peergos.shared.corenode.Proxy.redirectCall(Proxy.java:18)
	at peergos.shared.mutable.ProxyingMutablePointers.setPointer(ProxyingMutablePointers.java:27)
	at peergos.server.net.MutationHandler.handle(MutationHandler.java:60)
	at jdk.httpserver/com.sun.net.httpserver.Filter$Chain.doFilter(Filter.java:77)
	at jdk.httpserver/sun.net.httpserver.AuthFilter.doFilter(AuthFilter.java:82)
	at jdk.httpserver/com.sun.net.httpserver.Filter$Chain.doFilter(Filter.java:80)
	at jdk.httpserver/sun.net.httpserver.ServerImpl$Exchange$LinkHandler.handle(ServerImpl.java:692)
	at jdk.httpserver/com.sun.net.httpserver.Filter$Chain.doFilter(Filter.java:77)
	at jdk.httpserver/sun.net.httpserver.ServerImpl$Exchange.run(ServerImpl.java:664)
	at java.base/java.util.concurrent.ThreadPoolExecutor.runWorker(ThreadPoolExecutor.java:1130)
	at java.base/java.util.concurrent.ThreadPoolExecutor$Worker.run(ThreadPoolExecutor.java:630)
	at java.base/java.lang.Thread.run(Thread.java:832)
java.lang.IllegalStateException: Writer not present on this server: z59vuwzfFDot4q5sTM3jcJgcD3KpHEaMR6P7ViJyvzASavHKfvop8BT
	at peergos.server.space.JdbcUsageStore.getWriterId(JdbcUsageStore.java:179)
	at peergos.server.space.JdbcUsageStore.getOwner(JdbcUsageStore.java:239)
	at peergos.server.space.JdbcUsageStore.getUsage(JdbcUsageStore.java:268)
	at peergos.server.space.SpaceCheckingKeyFilter.prepareMutablePointerChange(SpaceCheckingKeyFilter.java:214)
	at peergos.server.space.SpaceCheckingKeyFilter.accept(SpaceCheckingKeyFilter.java:182)
	at peergos.server.mutable.MutableEventPropagator.lambda$setPointer$0(MutableEventPropagator.java:30)
	at java.base/java.util.concurrent.CompletableFuture.uniApplyNow(CompletableFuture.java:680)
	at java.base/java.util.concurrent.CompletableFuture.uniApplyStage(CompletableFuture.java:658)
	at java.base/java.util.concurrent.CompletableFuture.thenApply(CompletableFuture.java:2158)
	at peergos.server.mutable.MutableEventPropagator.setPointer(MutableEventPropagator.java:26)
	at peergos.server.mutable.PinningMutablePointers.lambda$setPointer$2(PinningMutablePointers.java:52)
	at java.base/java.util.concurrent.CompletableFuture.uniComposeStage(CompletableFuture.java:1183)
	at java.base/java.util.concurrent.CompletableFuture.thenCompose(CompletableFuture.java:2299)
	at peergos.server.mutable.PinningMutablePointers.lambda$setPointer$3(PinningMutablePointers.java:41)
	at java.base/java.util.concurrent.CompletableFuture.uniComposeStage(CompletableFuture.java:1183)
	at java.base/java.util.concurrent.CompletableFuture.thenCompose(CompletableFuture.java:2299)
	at peergos.server.mutable.PinningMutablePointers.setPointer(PinningMutablePointers.java:33)
	at peergos.server.mutable.BlockingMutablePointers.setPointer(BlockingMutablePointers.java:21)
	at peergos.shared.mutable.ProxyingMutablePointers.lambda$setPointer$0(ProxyingMutablePointers.java:30)
	at peergos.shared.corenode.Proxy.lambda$redirectCall$0(Proxy.java:26)
	at java.base/java.util.concurrent.CompletableFuture.uniComposeStage(CompletableFuture.java:1183)
	at java.base/java.util.concurrent.CompletableFuture.thenCompose(CompletableFuture.java:2299)
	at peergos.shared.corenode.Proxy.lambda$redirectCall$1(Proxy.java:19)
	at java.base/java.util.concurrent.CompletableFuture.uniComposeStage(CompletableFuture.java:1183)
	at java.base/java.util.concurrent.CompletableFuture.thenCompose(CompletableFuture.java:2299)
	at peergos.shared.corenode.Proxy.redirectCall(Proxy.java:18)
	at peergos.shared.mutable.ProxyingMutablePointers.setPointer(ProxyingMutablePointers.java:27)
	at peergos.server.net.MutationHandler.handle(MutationHandler.java:60)
	at jdk.httpserver/com.sun.net.httpserver.Filter$Chain.doFilter(Filter.java:77)
	at jdk.httpserver/sun.net.httpserver.AuthFilter.doFilter(AuthFilter.java:82)
	at jdk.httpserver/com.sun.net.httpserver.Filter$Chain.doFilter(Filter.java:80)
	at jdk.httpserver/sun.net.httpserver.ServerImpl$Exchange$LinkHandler.handle(ServerImpl.java:692)
	at jdk.httpserver/com.sun.net.httpserver.Filter$Chain.doFilter(Filter.java:77)
	at jdk.httpserver/sun.net.httpserver.ServerImpl$Exchange.run(ServerImpl.java:664)
	at java.base/java.util.concurrent.ThreadPoolExecutor.runWorker(ThreadPoolExecutor.java:1130)
	at java.base/java.util.concurrent.ThreadPoolExecutor$Worker.run(ThreadPoolExecutor.java:630)
	at java.base/java.lang.Thread.run(Thread.java:832)
java.lang.IllegalStateException: Writer not present on this server: z59vuwzfFDoxFLfokTBsNh6pPt98VKs6ndVAb6R7fpE4tVUdUJvvUB9
	at peergos.server.space.JdbcUsageStore.getWriterId(JdbcUsageStore.java:179)
	at peergos.server.space.JdbcUsageStore.getOwner(JdbcUsageStore.java:239)
	at peergos.server.space.JdbcUsageStore.getUsage(JdbcUsageStore.java:268)
	at peergos.server.space.SpaceCheckingKeyFilter.prepareMutablePointerChange(SpaceCheckingKeyFilter.java:214)
	at peergos.server.space.SpaceCheckingKeyFilter.accept(SpaceCheckingKeyFilter.java:182)
	at peergos.server.mutable.MutableEventPropagator.lambda$setPointer$0(MutableEventPropagator.java:30)
	at java.base/java.util.concurrent.CompletableFuture.uniApplyNow(CompletableFuture.java:680)
	at java.base/java.util.concurrent.CompletableFuture.uniApplyStage(CompletableFuture.java:658)
	at java.base/java.util.concurrent.CompletableFuture.thenApply(CompletableFuture.java:2158)
	at peergos.server.mutable.MutableEventPropagator.setPointer(MutableEventPropagator.java:26)
	at peergos.server.mutable.PinningMutablePointers.lambda$setPointer$2(PinningMutablePointers.java:52)
	at java.base/java.util.concurrent.CompletableFuture.uniComposeStage(CompletableFuture.java:1183)
	at java.base/java.util.concurrent.CompletableFuture.thenCompose(CompletableFuture.java:2299)
	at peergos.server.mutable.PinningMutablePointers.lambda$setPointer$3(PinningMutablePointers.java:41)
	at java.base/java.util.concurrent.CompletableFuture.uniComposeStage(CompletableFuture.java:1183)
	at java.base/java.util.concurrent.CompletableFuture.thenCompose(CompletableFuture.java:2299)
	at peergos.server.mutable.PinningMutablePointers.setPointer(PinningMutablePointers.java:33)
	at peergos.server.mutable.BlockingMutablePointers.setPointer(BlockingMutablePointers.java:21)
	at peergos.shared.mutable.ProxyingMutablePointers.lambda$setPointer$0(ProxyingMutablePointers.java:30)
	at peergos.shared.corenode.Proxy.lambda$redirectCall$0(Proxy.java:26)
	at java.base/java.util.concurrent.CompletableFuture.uniComposeStage(CompletableFuture.java:1183)
	at java.base/java.util.concurrent.CompletableFuture.thenCompose(CompletableFuture.java:2299)
	at peergos.shared.corenode.Proxy.lambda$redirectCall$1(Proxy.java:19)
	at java.base/java.util.concurrent.CompletableFuture.uniComposeStage(CompletableFuture.java:1183)
	at java.base/java.util.concurrent.CompletableFuture.thenCompose(CompletableFuture.java:2299)
	at peergos.shared.corenode.Proxy.redirectCall(Proxy.java:18)
	at peergos.shared.mutable.ProxyingMutablePointers.setPointer(ProxyingMutablePointers.java:27)
	at peergos.server.net.MutationHandler.handle(MutationHandler.java:60)
	at jdk.httpserver/com.sun.net.httpserver.Filter$Chain.doFilter(Filter.java:77)
	at jdk.httpserver/sun.net.httpserver.AuthFilter.doFilter(AuthFilter.java:82)
	at jdk.httpserver/com.sun.net.httpserver.Filter$Chain.doFilter(Filter.java:80)
	at jdk.httpserver/sun.net.httpserver.ServerImpl$Exchange$LinkHandler.handle(ServerImpl.java:692)
	at jdk.httpserver/com.sun.net.httpserver.Filter$Chain.doFilter(Filter.java:77)
	at jdk.httpserver/sun.net.httpserver.ServerImpl$Exchange.run(ServerImpl.java:664)
	at java.base/java.util.concurrent.ThreadPoolExecutor.runWorker(ThreadPoolExecutor.java:1130)
	at java.base/java.util.concurrent.ThreadPoolExecutor$Worker.run(ThreadPoolExecutor.java:630)
	at java.base/java.lang.Thread.run(Thread.java:832)
java.lang.IllegalStateException: Writer not present on this server: z59vuwzfFDot4q5sTM3jcJgcD3KpHEaMR6P7ViJyvzASavHKfvop8BT
	at peergos.server.space.JdbcUsageStore.getWriterId(JdbcUsageStore.java:179)
	at peergos.server.space.JdbcUsageStore.getOwner(JdbcUsageStore.java:239)
	at peergos.server.space.JdbcUsageStore.getUsage(JdbcUsageStore.java:268)
	at peergos.server.space.SpaceCheckingKeyFilter.prepareMutablePointerChange(SpaceCheckingKeyFilter.java:214)
	at peergos.server.space.SpaceCheckingKeyFilter.accept(SpaceCheckingKeyFilter.java:182)
	at peergos.server.mutable.MutableEventPropagator.lambda$setPointer$0(MutableEventPropagator.java:30)
	at java.base/java.util.concurrent.CompletableFuture.uniApplyNow(CompletableFuture.java:680)
	at java.base/java.util.concurrent.CompletableFuture.uniApplyStage(CompletableFuture.java:658)
	at java.base/java.util.concurrent.CompletableFuture.thenApply(CompletableFuture.java:2158)
	at peergos.server.mutable.MutableEventPropagator.setPointer(MutableEventPropagator.java:26)
	at peergos.server.mutable.PinningMutablePointers.lambda$setPointer$2(PinningMutablePointers.java:52)
	at java.base/java.util.concurrent.CompletableFuture.uniComposeStage(CompletableFuture.java:1183)
	at java.base/java.util.concurrent.CompletableFuture.thenCompose(CompletableFuture.java:2299)
	at peergos.server.mutable.PinningMutablePointers.lambda$setPointer$3(PinningMutablePointers.java:41)
	at java.base/java.util.concurrent.CompletableFuture.uniComposeStage(CompletableFuture.java:1183)
	at java.base/java.util.concurrent.CompletableFuture.thenCompose(CompletableFuture.java:2299)
	at peergos.server.mutable.PinningMutablePointers.setPointer(PinningMutablePointers.java:33)
	at peergos.server.mutable.BlockingMutablePointers.setPointer(BlockingMutablePointers.java:21)
	at peergos.shared.mutable.ProxyingMutablePointers.lambda$setPointer$0(ProxyingMutablePointers.java:30)
	at peergos.shared.corenode.Proxy.lambda$redirectCall$0(Proxy.java:26)
	at java.base/java.util.concurrent.CompletableFuture.uniComposeStage(CompletableFuture.java:1183)
	at java.base/java.util.concurrent.CompletableFuture.thenCompose(CompletableFuture.java:2299)
	at peergos.shared.corenode.Proxy.lambda$redirectCall$1(Proxy.java:19)
	at java.base/java.util.concurrent.CompletableFuture.uniComposeStage(CompletableFuture.java:1183)
	at java.base/java.util.concurrent.CompletableFuture.thenCompose(CompletableFuture.java:2299)
	at peergos.shared.corenode.Proxy.redirectCall(Proxy.java:18)
	at peergos.shared.mutable.ProxyingMutablePointers.setPointer(ProxyingMutablePointers.java:27)
	at peergos.server.net.MutationHandler.handle(MutationHandler.java:60)
	at jdk.httpserver/com.sun.net.httpserver.Filter$Chain.doFilter(Filter.java:77)
	at jdk.httpserver/sun.net.httpserver.AuthFilter.doFilter(AuthFilter.java:82)
	at jdk.httpserver/com.sun.net.httpserver.Filter$Chain.doFilter(Filter.java:80)
	at jdk.httpserver/sun.net.httpserver.ServerImpl$Exchange$LinkHandler.handle(ServerImpl.java:692)
	at jdk.httpserver/com.sun.net.httpserver.Filter$Chain.doFilter(Filter.java:77)
	at jdk.httpserver/sun.net.httpserver.ServerImpl$Exchange.run(ServerImpl.java:664)
	at java.base/java.util.concurrent.ThreadPoolExecutor.runWorker(ThreadPoolExecutor.java:1130)
	at java.base/java.util.concurrent.ThreadPoolExecutor$Worker.run(ThreadPoolExecutor.java:630)
	at java.base/java.lang.Thread.run(Thread.java:832)
java.lang.IllegalStateException: Writer not present on this server: z59vuwzfFDot4q5sTM3jcJgcD3KpHEaMR6P7ViJyvzASavHKfvop8BT
	at peergos.server.space.JdbcUsageStore.getWriterId(JdbcUsageStore.java:179)
	at peergos.server.space.JdbcUsageStore.getOwner(JdbcUsageStore.java:239)
	at peergos.server.space.JdbcUsageStore.getUsage(JdbcUsageStore.java:268)
	at peergos.server.space.SpaceCheckingKeyFilter.prepareMutablePointerChange(SpaceCheckingKeyFilter.java:214)
	at peergos.server.space.SpaceCheckingKeyFilter.accept(SpaceCheckingKeyFilter.java:182)
	at peergos.server.mutable.MutableEventPropagator.lambda$setPointer$0(MutableEventPropagator.java:30)
	at java.base/java.util.concurrent.CompletableFuture.uniApplyNow(CompletableFuture.java:680)
	at java.base/java.util.concurrent.CompletableFuture.uniApplyStage(CompletableFuture.java:658)
	at java.base/java.util.concurrent.CompletableFuture.thenApply(CompletableFuture.java:2158)
	at peergos.server.mutable.MutableEventPropagator.setPointer(MutableEventPropagator.java:26)
	at peergos.server.mutable.PinningMutablePointers.lambda$setPointer$2(PinningMutablePointers.java:52)
	at java.base/java.util.concurrent.CompletableFuture.uniComposeStage(CompletableFuture.java:1183)
	at java.base/java.util.concurrent.CompletableFuture.thenCompose(CompletableFuture.java:2299)
	at peergos.server.mutable.PinningMutablePointers.lambda$setPointer$3(PinningMutablePointers.java:41)
	at java.base/java.util.concurrent.CompletableFuture.uniComposeStage(CompletableFuture.java:1183)
	at java.base/java.util.concurrent.CompletableFuture.thenCompose(CompletableFuture.java:2299)
	at peergos.server.mutable.PinningMutablePointers.setPointer(PinningMutablePointers.java:33)
	at peergos.server.mutable.BlockingMutablePointers.setPointer(BlockingMutablePointers.java:21)
	at peergos.shared.mutable.ProxyingMutablePointers.lambda$setPointer$0(ProxyingMutablePointers.java:30)
	at peergos.shared.corenode.Proxy.lambda$redirectCall$0(Proxy.java:26)
	at java.base/java.util.concurrent.CompletableFuture.uniComposeStage(CompletableFuture.java:1183)
	at java.base/java.util.concurrent.CompletableFuture.thenCompose(CompletableFuture.java:2299)
	at peergos.shared.corenode.Proxy.lambda$redirectCall$1(Proxy.java:19)
	at java.base/java.util.concurrent.CompletableFuture.uniComposeStage(CompletableFuture.java:1183)
	at java.base/java.util.concurrent.CompletableFuture.thenCompose(CompletableFuture.java:2299)
	at peergos.shared.corenode.Proxy.redirectCall(Proxy.java:18)
	at peergos.shared.mutable.ProxyingMutablePointers.setPointer(ProxyingMutablePointers.java:27)
	at peergos.server.net.MutationHandler.handle(MutationHandler.java:60)
	at jdk.httpserver/com.sun.net.httpserver.Filter$Chain.doFilter(Filter.java:77)
	at jdk.httpserver/sun.net.httpserver.AuthFilter.doFilter(AuthFilter.java:82)
	at jdk.httpserver/com.sun.net.httpserver.Filter$Chain.doFilter(Filter.java:80)
	at jdk.httpserver/sun.net.httpserver.ServerImpl$Exchange$LinkHandler.handle(ServerImpl.java:692)
	at jdk.httpserver/com.sun.net.httpserver.Filter$Chain.doFilter(Filter.java:77)
	at jdk.httpserver/sun.net.httpserver.ServerImpl$Exchange.run(ServerImpl.java:664)
	at java.base/java.util.concurrent.ThreadPoolExecutor.runWorker(ThreadPoolExecutor.java:1130)
	at java.base/java.util.concurrent.ThreadPoolExecutor$Worker.run(ThreadPoolExecutor.java:630)
	at java.base/java.lang.Thread.run(Thread.java:832)
java.lang.IllegalStateException: Writer not present on this server: z59vuwzfFDot4q5sTM3jcJgcD3KpHEaMR6P7ViJyvzASavHKfvop8BT
	at peergos.server.space.JdbcUsageStore.getWriterId(JdbcUsageStore.java:179)
	at peergos.server.space.JdbcUsageStore.getOwner(JdbcUsageStore.java:239)
	at peergos.server.space.JdbcUsageStore.getUsage(JdbcUsageStore.java:268)
	at peergos.server.space.SpaceCheckingKeyFilter.prepareMutablePointerChange(SpaceCheckingKeyFilter.java:214)
	at peergos.server.space.SpaceCheckingKeyFilter.accept(SpaceCheckingKeyFilter.java:182)
	at peergos.server.mutable.MutableEventPropagator.lambda$setPointer$0(MutableEventPropagator.java:30)
	at java.base/java.util.concurrent.CompletableFuture.uniApplyNow(CompletableFuture.java:680)
	at java.base/java.util.concurrent.CompletableFuture.uniApplyStage(CompletableFuture.java:658)
	at java.base/java.util.concurrent.CompletableFuture.thenApply(CompletableFuture.java:2158)
	at peergos.server.mutable.MutableEventPropagator.setPointer(MutableEventPropagator.java:26)
	at peergos.server.mutable.PinningMutablePointers.lambda$setPointer$2(PinningMutablePointers.java:52)
	at java.base/java.util.concurrent.CompletableFuture.uniComposeStage(CompletableFuture.java:1183)
	at java.base/java.util.concurrent.CompletableFuture.thenCompose(CompletableFuture.java:2299)
	at peergos.server.mutable.PinningMutablePointers.lambda$setPointer$3(PinningMutablePointers.java:41)
	at java.base/java.util.concurrent.CompletableFuture.uniComposeStage(CompletableFuture.java:1183)
	at java.base/java.util.concurrent.CompletableFuture.thenCompose(CompletableFuture.java:2299)
	at peergos.server.mutable.PinningMutablePointers.setPointer(PinningMutablePointers.java:33)
	at peergos.server.mutable.BlockingMutablePointers.setPointer(BlockingMutablePointers.java:21)
	at peergos.shared.mutable.ProxyingMutablePointers.lambda$setPointer$0(ProxyingMutablePointers.java:30)
	at peergos.shared.corenode.Proxy.lambda$redirectCall$0(Proxy.java:26)
	at java.base/java.util.concurrent.CompletableFuture.uniComposeStage(CompletableFuture.java:1183)
	at java.base/java.util.concurrent.CompletableFuture.thenCompose(CompletableFuture.java:2299)
	at peergos.shared.corenode.Proxy.lambda$redirectCall$1(Proxy.java:19)
	at java.base/java.util.concurrent.CompletableFuture.uniComposeStage(CompletableFuture.java:1183)
	at java.base/java.util.concurrent.CompletableFuture.thenCompose(CompletableFuture.java:2299)
	at peergos.shared.corenode.Proxy.redirectCall(Proxy.java:18)
	at peergos.shared.mutable.ProxyingMutablePointers.setPointer(ProxyingMutablePointers.java:27)
	at peergos.server.net.MutationHandler.handle(MutationHandler.java:60)
	at jdk.httpserver/com.sun.net.httpserver.Filter$Chain.doFilter(Filter.java:77)
	at jdk.httpserver/sun.net.httpserver.AuthFilter.doFilter(AuthFilter.java:82)
	at jdk.httpserver/com.sun.net.httpserver.Filter$Chain.doFilter(Filter.java:80)
	at jdk.httpserver/sun.net.httpserver.ServerImpl$Exchange$LinkHandler.handle(ServerImpl.java:692)
	at jdk.httpserver/com.sun.net.httpserver.Filter$Chain.doFilter(Filter.java:77)
	at jdk.httpserver/sun.net.httpserver.ServerImpl$Exchange.run(ServerImpl.java:664)
	at java.base/java.util.concurrent.ThreadPoolExecutor.runWorker(ThreadPoolExecutor.java:1130)
	at java.base/java.util.concurrent.ThreadPoolExecutor$Worker.run(ThreadPoolExecutor.java:630)
	at java.base/java.lang.Thread.run(Thread.java:832)
java.lang.IllegalStateException: Writer not present on this server: z59vuwzfFDot4q5sTM3jcJgcD3KpHEaMR6P7ViJyvzASavHKfvop8BT
	at peergos.server.space.JdbcUsageStore.getWriterId(JdbcUsageStore.java:179)
	at peergos.server.space.JdbcUsageStore.getOwner(JdbcUsageStore.java:239)
	at peergos.server.space.JdbcUsageStore.getUsage(JdbcUsageStore.java:268)
	at peergos.server.space.SpaceCheckingKeyFilter.prepareMutablePointerChange(SpaceCheckingKeyFilter.java:214)
	at peergos.server.space.SpaceCheckingKeyFilter.accept(SpaceCheckingKeyFilter.java:182)
	at peergos.server.mutable.MutableEventPropagator.lambda$setPointer$0(MutableEventPropagator.java:30)
	at java.base/java.util.concurrent.CompletableFuture.uniApplyNow(CompletableFuture.java:680)
	at java.base/java.util.concurrent.CompletableFuture.uniApplyStage(CompletableFuture.java:658)
	at java.base/java.util.concurrent.CompletableFuture.thenApply(CompletableFuture.java:2158)
	at peergos.server.mutable.MutableEventPropagator.setPointer(MutableEventPropagator.java:26)
	at peergos.server.mutable.PinningMutablePointers.lambda$setPointer$2(PinningMutablePointers.java:52)
	at java.base/java.util.concurrent.CompletableFuture.uniComposeStage(CompletableFuture.java:1183)
	at java.base/java.util.concurrent.CompletableFuture.thenCompose(CompletableFuture.java:2299)
	at peergos.server.mutable.PinningMutablePointers.lambda$setPointer$3(PinningMutablePointers.java:41)
	at java.base/java.util.concurrent.CompletableFuture.uniComposeStage(CompletableFuture.java:1183)
	at java.base/java.util.concurrent.CompletableFuture.thenCompose(CompletableFuture.java:2299)
	at peergos.server.mutable.PinningMutablePointers.setPointer(PinningMutablePointers.java:33)
	at peergos.server.mutable.BlockingMutablePointers.setPointer(BlockingMutablePointers.java:21)
	at peergos.shared.mutable.ProxyingMutablePointers.lambda$setPointer$0(ProxyingMutablePointers.java:30)
	at peergos.shared.corenode.Proxy.lambda$redirectCall$0(Proxy.java:26)
	at java.base/java.util.concurrent.CompletableFuture.uniComposeStage(CompletableFuture.java:1183)
	at java.base/java.util.concurrent.CompletableFuture.thenCompose(CompletableFuture.java:2299)
	at peergos.shared.corenode.Proxy.lambda$redirectCall$1(Proxy.java:19)
	at java.base/java.util.concurrent.CompletableFuture.uniComposeStage(CompletableFuture.java:1183)
	at java.base/java.util.concurrent.CompletableFuture.thenCompose(CompletableFuture.java:2299)
	at peergos.shared.corenode.Proxy.redirectCall(Proxy.java:18)
	at peergos.shared.mutable.ProxyingMutablePointers.setPointer(ProxyingMutablePointers.java:27)
	at peergos.server.net.MutationHandler.handle(MutationHandler.java:60)
	at jdk.httpserver/com.sun.net.httpserver.Filter$Chain.doFilter(Filter.java:77)
	at jdk.httpserver/sun.net.httpserver.AuthFilter.doFilter(AuthFilter.java:82)
	at jdk.httpserver/com.sun.net.httpserver.Filter$Chain.doFilter(Filter.java:80)
	at jdk.httpserver/sun.net.httpserver.ServerImpl$Exchange$LinkHandler.handle(ServerImpl.java:692)
	at jdk.httpserver/com.sun.net.httpserver.Filter$Chain.doFilter(Filter.java:77)
	at jdk.httpserver/sun.net.httpserver.ServerImpl$Exchange.run(ServerImpl.java:664)
	at java.base/java.util.concurrent.ThreadPoolExecutor.runWorker(ThreadPoolExecutor.java:1130)
	at java.base/java.util.concurrent.ThreadPoolExecutor$Worker.run(ThreadPoolExecutor.java:630)
	at java.base/java.lang.Thread.run(Thread.java:832)
java.lang.IllegalStateException: Writer not present on this server: z59vuwzfFDot4q5sTM3jcJgcD3KpHEaMR6P7ViJyvzASavHKfvop8BT
	at peergos.server.space.JdbcUsageStore.getWriterId(JdbcUsageStore.java:179)
	at peergos.server.space.JdbcUsageStore.getOwner(JdbcUsageStore.java:239)
	at peergos.server.space.JdbcUsageStore.getUsage(JdbcUsageStore.java:268)
	at peergos.server.space.SpaceCheckingKeyFilter.prepareMutablePointerChange(SpaceCheckingKeyFilter.java:214)
	at peergos.server.space.SpaceCheckingKeyFilter.accept(SpaceCheckingKeyFilter.java:182)
	at peergos.server.mutable.MutableEventPropagator.lambda$setPointer$0(MutableEventPropagator.java:30)
	at java.base/java.util.concurrent.CompletableFuture.uniApplyNow(CompletableFuture.java:680)
	at java.base/java.util.concurrent.CompletableFuture.uniApplyStage(CompletableFuture.java:658)
	at java.base/java.util.concurrent.CompletableFuture.thenApply(CompletableFuture.java:2158)
	at peergos.server.mutable.MutableEventPropagator.setPointer(MutableEventPropagator.java:26)
	at peergos.server.mutable.PinningMutablePointers.lambda$setPointer$2(PinningMutablePointers.java:52)
	at java.base/java.util.concurrent.CompletableFuture.uniComposeStage(CompletableFuture.java:1183)
	at java.base/java.util.concurrent.CompletableFuture.thenCompose(CompletableFuture.java:2299)
	at peergos.server.mutable.PinningMutablePointers.lambda$setPointer$3(PinningMutablePointers.java:41)
	at java.base/java.util.concurrent.CompletableFuture.uniComposeStage(CompletableFuture.java:1183)
	at java.base/java.util.concurrent.CompletableFuture.thenCompose(CompletableFuture.java:2299)
	at peergos.server.mutable.PinningMutablePointers.setPointer(PinningMutablePointers.java:33)
	at peergos.server.mutable.BlockingMutablePointers.setPointer(BlockingMutablePointers.java:21)
	at peergos.shared.mutable.ProxyingMutablePointers.lambda$setPointer$0(ProxyingMutablePointers.java:30)
	at peergos.shared.corenode.Proxy.lambda$redirectCall$0(Proxy.java:26)
	at java.base/java.util.concurrent.CompletableFuture.uniComposeStage(CompletableFuture.java:1183)
	at java.base/java.util.concurrent.CompletableFuture.thenCompose(CompletableFuture.java:2299)
	at peergos.shared.corenode.Proxy.lambda$redirectCall$1(Proxy.java:19)
	at java.base/java.util.concurrent.CompletableFuture.uniComposeStage(CompletableFuture.java:1183)
	at java.base/java.util.concurrent.CompletableFuture.thenCompose(CompletableFuture.java:2299)
	at peergos.shared.corenode.Proxy.redirectCall(Proxy.java:18)
	at peergos.shared.mutable.ProxyingMutablePointers.setPointer(ProxyingMutablePointers.java:27)
	at peergos.server.net.MutationHandler.handle(MutationHandler.java:60)
	at jdk.httpserver/com.sun.net.httpserver.Filter$Chain.doFilter(Filter.java:77)
	at jdk.httpserver/sun.net.httpserver.AuthFilter.doFilter(AuthFilter.java:82)
	at jdk.httpserver/com.sun.net.httpserver.Filter$Chain.doFilter(Filter.java:80)
	at jdk.httpserver/sun.net.httpserver.ServerImpl$Exchange$LinkHandler.handle(ServerImpl.java:692)
	at jdk.httpserver/com.sun.net.httpserver.Filter$Chain.doFilter(Filter.java:77)
	at jdk.httpserver/sun.net.httpserver.ServerImpl$Exchange.run(ServerImpl.java:664)
	at java.base/java.util.concurrent.ThreadPoolExecutor.runWorker(ThreadPoolExecutor.java:1130)
	at java.base/java.util.concurrent.ThreadPoolExecutor$Worker.run(ThreadPoolExecutor.java:630)
	at java.base/java.lang.Thread.run(Thread.java:832)
java.lang.IllegalStateException: Writer not present on this server: z59vuwzfFDot4q5sTM3jcJgcD3KpHEaMR6P7ViJyvzASavHKfvop8BT
	at peergos.server.space.JdbcUsageStore.getWriterId(JdbcUsageStore.java:179)
	at peergos.server.space.JdbcUsageStore.getOwner(JdbcUsageStore.java:239)
	at peergos.server.space.JdbcUsageStore.getUsage(JdbcUsageStore.java:268)
	at peergos.server.space.SpaceCheckingKeyFilter.prepareMutablePointerChange(SpaceCheckingKeyFilter.java:214)
	at peergos.server.space.SpaceCheckingKeyFilter.accept(SpaceCheckingKeyFilter.java:182)
	at peergos.server.mutable.MutableEventPropagator.lambda$setPointer$0(MutableEventPropagator.java:30)
	at java.base/java.util.concurrent.CompletableFuture.uniApplyNow(CompletableFuture.java:680)
	at java.base/java.util.concurrent.CompletableFuture.uniApplyStage(CompletableFuture.java:658)
	at java.base/java.util.concurrent.CompletableFuture.thenApply(CompletableFuture.java:2158)
	at peergos.server.mutable.MutableEventPropagator.setPointer(MutableEventPropagator.java:26)
	at peergos.server.mutable.PinningMutablePointers.lambda$setPointer$2(PinningMutablePointers.java:52)
	at java.base/java.util.concurrent.CompletableFuture.uniComposeStage(CompletableFuture.java:1183)
	at java.base/java.util.concurrent.CompletableFuture.thenCompose(CompletableFuture.java:2299)
	at peergos.server.mutable.PinningMutablePointers.lambda$setPointer$3(PinningMutablePointers.java:41)
	at java.base/java.util.concurrent.CompletableFuture.uniComposeStage(CompletableFuture.java:1183)
	at java.base/java.util.concurrent.CompletableFuture.thenCompose(CompletableFuture.java:2299)
	at peergos.server.mutable.PinningMutablePointers.setPointer(PinningMutablePointers.java:33)
	at peergos.server.mutable.BlockingMutablePointers.setPointer(BlockingMutablePointers.java:21)
	at peergos.shared.mutable.ProxyingMutablePointers.lambda$setPointer$0(ProxyingMutablePointers.java:30)
	at peergos.shared.corenode.Proxy.lambda$redirectCall$0(Proxy.java:26)
	at java.base/java.util.concurrent.CompletableFuture.uniComposeStage(CompletableFuture.java:1183)
	at java.base/java.util.concurrent.CompletableFuture.thenCompose(CompletableFuture.java:2299)
	at peergos.shared.corenode.Proxy.lambda$redirectCall$1(Proxy.java:19)
	at java.base/java.util.concurrent.CompletableFuture.uniComposeStage(CompletableFuture.java:1183)
	at java.base/java.util.concurrent.CompletableFuture.thenCompose(CompletableFuture.java:2299)
	at peergos.shared.corenode.Proxy.redirectCall(Proxy.java:18)
	at peergos.shared.mutable.ProxyingMutablePointers.setPointer(ProxyingMutablePointers.java:27)
	at peergos.server.net.MutationHandler.handle(MutationHandler.java:60)
	at jdk.httpserver/com.sun.net.httpserver.Filter$Chain.doFilter(Filter.java:77)
	at jdk.httpserver/sun.net.httpserver.AuthFilter.doFilter(AuthFilter.java:82)
	at jdk.httpserver/com.sun.net.httpserver.Filter$Chain.doFilter(Filter.java:80)
	at jdk.httpserver/sun.net.httpserver.ServerImpl$Exchange$LinkHandler.handle(ServerImpl.java:692)
	at jdk.httpserver/com.sun.net.httpserver.Filter$Chain.doFilter(Filter.java:77)
	at jdk.httpserver/sun.net.httpserver.ServerImpl$Exchange.run(ServerImpl.java:664)
	at java.base/java.util.concurrent.ThreadPoolExecutor.runWorker(ThreadPoolExecutor.java:1130)
	at java.base/java.util.concurrent.ThreadPoolExecutor$Worker.run(ThreadPoolExecutor.java:630)
	at java.base/java.lang.Thread.run(Thread.java:832)
java.lang.IllegalStateException: Writer not present on this server: z59vuwzfFDp3Ym1YPa9xYHKbChhwqxFCum2RCmVuukJctJ7ZLJKDNFu
	at peergos.server.space.JdbcUsageStore.getWriterId(JdbcUsageStore.java:179)
	at peergos.server.space.JdbcUsageStore.getOwner(JdbcUsageStore.java:239)
	at peergos.server.space.JdbcUsageStore.getUsage(JdbcUsageStore.java:268)
	at peergos.server.space.SpaceCheckingKeyFilter.prepareMutablePointerChange(SpaceCheckingKeyFilter.java:214)
	at peergos.server.space.SpaceCheckingKeyFilter.accept(SpaceCheckingKeyFilter.java:182)
	at peergos.server.mutable.MutableEventPropagator.lambda$setPointer$0(MutableEventPropagator.java:30)
	at java.base/java.util.concurrent.CompletableFuture.uniApplyNow(CompletableFuture.java:680)
	at java.base/java.util.concurrent.CompletableFuture.uniApplyStage(CompletableFuture.java:658)
	at java.base/java.util.concurrent.CompletableFuture.thenApply(CompletableFuture.java:2158)
	at peergos.server.mutable.MutableEventPropagator.setPointer(MutableEventPropagator.java:26)
	at peergos.server.mutable.PinningMutablePointers.lambda$setPointer$2(PinningMutablePointers.java:52)
	at java.base/java.util.concurrent.CompletableFuture.uniComposeStage(CompletableFuture.java:1183)
	at java.base/java.util.concurrent.CompletableFuture.thenCompose(CompletableFuture.java:2299)
	at peergos.server.mutable.PinningMutablePointers.lambda$setPointer$3(PinningMutablePointers.java:41)
	at java.base/java.util.concurrent.CompletableFuture.uniComposeStage(CompletableFuture.java:1183)
	at java.base/java.util.concurrent.CompletableFuture.thenCompose(CompletableFuture.java:2299)
	at peergos.server.mutable.PinningMutablePointers.setPointer(PinningMutablePointers.java:33)
	at peergos.server.mutable.BlockingMutablePointers.setPointer(BlockingMutablePointers.java:21)
	at peergos.shared.mutable.ProxyingMutablePointers.lambda$setPointer$0(ProxyingMutablePointers.java:30)
	at peergos.shared.corenode.Proxy.lambda$redirectCall$0(Proxy.java:26)
	at java.base/java.util.concurrent.CompletableFuture.uniComposeStage(CompletableFuture.java:1183)
	at java.base/java.util.concurrent.CompletableFuture.thenCompose(CompletableFuture.java:2299)
	at peergos.shared.corenode.Proxy.lambda$redirectCall$1(Proxy.java:19)
	at java.base/java.util.concurrent.CompletableFuture.uniComposeStage(CompletableFuture.java:1183)
	at java.base/java.util.concurrent.CompletableFuture.thenCompose(CompletableFuture.java:2299)
	at peergos.shared.corenode.Proxy.redirectCall(Proxy.java:18)
	at peergos.shared.mutable.ProxyingMutablePointers.setPointer(ProxyingMutablePointers.java:27)
	at peergos.server.net.MutationHandler.handle(MutationHandler.java:60)
	at jdk.httpserver/com.sun.net.httpserver.Filter$Chain.doFilter(Filter.java:77)
	at jdk.httpserver/sun.net.httpserver.AuthFilter.doFilter(AuthFilter.java:82)
	at jdk.httpserver/com.sun.net.httpserver.Filter$Chain.doFilter(Filter.java:80)
	at jdk.httpserver/sun.net.httpserver.ServerImpl$Exchange$LinkHandler.handle(ServerImpl.java:692)
	at jdk.httpserver/com.sun.net.httpserver.Filter$Chain.doFilter(Filter.java:77)
	at jdk.httpserver/sun.net.httpserver.ServerImpl$Exchange.run(ServerImpl.java:664)
	at java.base/java.util.concurrent.ThreadPoolExecutor.runWorker(ThreadPoolExecutor.java:1130)
	at java.base/java.util.concurrent.ThreadPoolExecutor$Worker.run(ThreadPoolExecutor.java:630)
	at java.base/java.lang.Thread.run(Thread.java:832)
java.lang.IllegalStateException: Writer not present on this server: z59vuwzfFDp3Ym1YPa9xYHKbChhwqxFCum2RCmVuukJctJ7ZLJKDNFu
	at peergos.server.space.JdbcUsageStore.getWriterId(JdbcUsageStore.java:179)
	at peergos.server.space.JdbcUsageStore.getOwner(JdbcUsageStore.java:239)
	at peergos.server.space.JdbcUsageStore.getUsage(JdbcUsageStore.java:268)
	at peergos.server.space.SpaceCheckingKeyFilter.prepareMutablePointerChange(SpaceCheckingKeyFilter.java:214)
	at peergos.server.space.SpaceCheckingKeyFilter.accept(SpaceCheckingKeyFilter.java:182)
	at peergos.server.mutable.MutableEventPropagator.lambda$setPointer$0(MutableEventPropagator.java:30)
	at java.base/java.util.concurrent.CompletableFuture.uniApplyNow(CompletableFuture.java:680)
	at java.base/java.util.concurrent.CompletableFuture.uniApplyStage(CompletableFuture.java:658)
	at java.base/java.util.concurrent.CompletableFuture.thenApply(CompletableFuture.java:2158)
	at peergos.server.mutable.MutableEventPropagator.setPointer(MutableEventPropagator.java:26)
	at peergos.server.mutable.PinningMutablePointers.lambda$setPointer$2(PinningMutablePointers.java:52)
	at java.base/java.util.concurrent.CompletableFuture.uniComposeStage(CompletableFuture.java:1183)
	at java.base/java.util.concurrent.CompletableFuture.thenCompose(CompletableFuture.java:2299)
	at peergos.server.mutable.PinningMutablePointers.lambda$setPointer$3(PinningMutablePointers.java:41)
	at java.base/java.util.concurrent.CompletableFuture.uniComposeStage(CompletableFuture.java:1183)
	at java.base/java.util.concurrent.CompletableFuture.thenCompose(CompletableFuture.java:2299)
	at peergos.server.mutable.PinningMutablePointers.setPointer(PinningMutablePointers.java:33)
	at peergos.server.mutable.BlockingMutablePointers.setPointer(BlockingMutablePointers.java:21)
	at peergos.shared.mutable.ProxyingMutablePointers.lambda$setPointer$0(ProxyingMutablePointers.java:30)
	at peergos.shared.corenode.Proxy.lambda$redirectCall$0(Proxy.java:26)
	at java.base/java.util.concurrent.CompletableFuture.uniComposeStage(CompletableFuture.java:1183)
	at java.base/java.util.concurrent.CompletableFuture.thenCompose(CompletableFuture.java:2299)
	at peergos.shared.corenode.Proxy.lambda$redirectCall$1(Proxy.java:19)
	at java.base/java.util.concurrent.CompletableFuture.uniComposeStage(CompletableFuture.java:1183)
	at java.base/java.util.concurrent.CompletableFuture.thenCompose(CompletableFuture.java:2299)
	at peergos.shared.corenode.Proxy.redirectCall(Proxy.java:18)
	at peergos.shared.mutable.ProxyingMutablePointers.setPointer(ProxyingMutablePointers.java:27)
	at peergos.server.net.MutationHandler.handle(MutationHandler.java:60)
	at jdk.httpserver/com.sun.net.httpserver.Filter$Chain.doFilter(Filter.java:77)
	at jdk.httpserver/sun.net.httpserver.AuthFilter.doFilter(AuthFilter.java:82)
	at jdk.httpserver/com.sun.net.httpserver.Filter$Chain.doFilter(Filter.java:80)
	at jdk.httpserver/sun.net.httpserver.ServerImpl$Exchange$LinkHandler.handle(ServerImpl.java:692)
	at jdk.httpserver/com.sun.net.httpserver.Filter$Chain.doFilter(Filter.java:77)
	at jdk.httpserver/sun.net.httpserver.ServerImpl$Exchange.run(ServerImpl.java:664)
	at java.base/java.util.concurrent.ThreadPoolExecutor.runWorker(ThreadPoolExecutor.java:1130)
	at java.base/java.util.concurrent.ThreadPoolExecutor$Worker.run(ThreadPoolExecutor.java:630)
	at java.base/java.lang.Thread.run(Thread.java:832)
java.lang.IllegalStateException: Writer not present on this server: z59vuwzfFDopJoMqgyAnkm2hNH1V3wRC1HKMAUbdL6gLjV2ut8u1LDu
	at peergos.server.space.JdbcUsageStore.getWriterId(JdbcUsageStore.java:179)
	at peergos.server.space.JdbcUsageStore.getOwner(JdbcUsageStore.java:239)
	at peergos.server.space.JdbcUsageStore.getUsage(JdbcUsageStore.java:268)
	at peergos.server.space.SpaceCheckingKeyFilter.prepareMutablePointerChange(SpaceCheckingKeyFilter.java:214)
	at peergos.server.space.SpaceCheckingKeyFilter.accept(SpaceCheckingKeyFilter.java:182)
	at peergos.server.mutable.MutableEventPropagator.lambda$setPointer$0(MutableEventPropagator.java:30)
	at java.base/java.util.concurrent.CompletableFuture.uniApplyNow(CompletableFuture.java:680)
	at java.base/java.util.concurrent.CompletableFuture.uniApplyStage(CompletableFuture.java:658)
	at java.base/java.util.concurrent.CompletableFuture.thenApply(CompletableFuture.java:2158)
	at peergos.server.mutable.MutableEventPropagator.setPointer(MutableEventPropagator.java:26)
	at peergos.server.mutable.PinningMutablePointers.lambda$setPointer$2(PinningMutablePointers.java:52)
	at java.base/java.util.concurrent.CompletableFuture.uniComposeStage(CompletableFuture.java:1183)
	at java.base/java.util.concurrent.CompletableFuture.thenCompose(CompletableFuture.java:2299)
	at peergos.server.mutable.PinningMutablePointers.lambda$setPointer$3(PinningMutablePointers.java:41)
	at java.base/java.util.concurrent.CompletableFuture.uniComposeStage(CompletableFuture.java:1183)
	at java.base/java.util.concurrent.CompletableFuture.thenCompose(CompletableFuture.java:2299)
	at peergos.server.mutable.PinningMutablePointers.setPointer(PinningMutablePointers.java:33)
	at peergos.server.mutable.BlockingMutablePointers.setPointer(BlockingMutablePointers.java:21)
	at peergos.shared.mutable.ProxyingMutablePointers.lambda$setPointer$0(ProxyingMutablePointers.java:30)
	at peergos.shared.corenode.Proxy.lambda$redirectCall$0(Proxy.java:26)
	at java.base/java.util.concurrent.CompletableFuture.uniComposeStage(CompletableFuture.java:1183)
	at java.base/java.util.concurrent.CompletableFuture.thenCompose(CompletableFuture.java:2299)
	at peergos.shared.corenode.Proxy.lambda$redirectCall$1(Proxy.java:19)
	at java.base/java.util.concurrent.CompletableFuture.uniComposeStage(CompletableFuture.java:1183)
	at java.base/java.util.concurrent.CompletableFuture.thenCompose(CompletableFuture.java:2299)
	at peergos.shared.corenode.Proxy.redirectCall(Proxy.java:18)
	at peergos.shared.mutable.ProxyingMutablePointers.setPointer(ProxyingMutablePointers.java:27)
	at peergos.server.net.MutationHandler.handle(MutationHandler.java:60)
	at jdk.httpserver/com.sun.net.httpserver.Filter$Chain.doFilter(Filter.java:77)
	at jdk.httpserver/sun.net.httpserver.AuthFilter.doFilter(AuthFilter.java:82)
	at jdk.httpserver/com.sun.net.httpserver.Filter$Chain.doFilter(Filter.java:80)
	at jdk.httpserver/sun.net.httpserver.ServerImpl$Exchange$LinkHandler.handle(ServerImpl.java:692)
	at jdk.httpserver/com.sun.net.httpserver.Filter$Chain.doFilter(Filter.java:77)
	at jdk.httpserver/sun.net.httpserver.ServerImpl$Exchange.run(ServerImpl.java:664)
	at java.base/java.util.concurrent.ThreadPoolExecutor.runWorker(ThreadPoolExecutor.java:1130)
	at java.base/java.util.concurrent.ThreadPoolExecutor$Worker.run(ThreadPoolExecutor.java:630)
	at java.base/java.lang.Thread.run(Thread.java:832)
java.lang.IllegalStateException: Writer not present on this server: z59vuwzfFDopJoMqgyAnkm2hNH1V3wRC1HKMAUbdL6gLjV2ut8u1LDu
	at peergos.server.space.JdbcUsageStore.getWriterId(JdbcUsageStore.java:179)
	at peergos.server.space.JdbcUsageStore.getOwner(JdbcUsageStore.java:239)
	at peergos.server.space.JdbcUsageStore.getUsage(JdbcUsageStore.java:268)
	at peergos.server.space.SpaceCheckingKeyFilter.prepareMutablePointerChange(SpaceCheckingKeyFilter.java:214)
	at peergos.server.space.SpaceCheckingKeyFilter.accept(SpaceCheckingKeyFilter.java:182)
	at peergos.server.mutable.MutableEventPropagator.lambda$setPointer$0(MutableEventPropagator.java:30)
	at java.base/java.util.concurrent.CompletableFuture.uniApplyNow(CompletableFuture.java:680)
	at java.base/java.util.concurrent.CompletableFuture.uniApplyStage(CompletableFuture.java:658)
	at java.base/java.util.concurrent.CompletableFuture.thenApply(CompletableFuture.java:2158)
	at peergos.server.mutable.MutableEventPropagator.setPointer(MutableEventPropagator.java:26)
	at peergos.server.mutable.PinningMutablePointers.lambda$setPointer$2(PinningMutablePointers.java:52)
	at java.base/java.util.concurrent.CompletableFuture.uniComposeStage(CompletableFuture.java:1183)
	at java.base/java.util.concurrent.CompletableFuture.thenCompose(CompletableFuture.java:2299)
	at peergos.server.mutable.PinningMutablePointers.lambda$setPointer$3(PinningMutablePointers.java:41)
	at java.base/java.util.concurrent.CompletableFuture.uniComposeStage(CompletableFuture.java:1183)
	at java.base/java.util.concurrent.CompletableFuture.thenCompose(CompletableFuture.java:2299)
	at peergos.server.mutable.PinningMutablePointers.setPointer(PinningMutablePointers.java:33)
	at peergos.server.mutable.BlockingMutablePointers.setPointer(BlockingMutablePointers.java:21)
	at peergos.shared.mutable.ProxyingMutablePointers.lambda$setPointer$0(ProxyingMutablePointers.java:30)
	at peergos.shared.corenode.Proxy.lambda$redirectCall$0(Proxy.java:26)
	at java.base/java.util.concurrent.CompletableFuture.uniComposeStage(CompletableFuture.java:1183)
	at java.base/java.util.concurrent.CompletableFuture.thenCompose(CompletableFuture.java:2299)
	at peergos.shared.corenode.Proxy.lambda$redirectCall$1(Proxy.java:19)
	at java.base/java.util.concurrent.CompletableFuture.uniComposeStage(CompletableFuture.java:1183)
	at java.base/java.util.concurrent.CompletableFuture.thenCompose(CompletableFuture.java:2299)
	at peergos.shared.corenode.Proxy.redirectCall(Proxy.java:18)
	at peergos.shared.mutable.ProxyingMutablePointers.setPointer(ProxyingMutablePointers.java:27)
	at peergos.server.net.MutationHandler.handle(MutationHandler.java:60)
	at jdk.httpserver/com.sun.net.httpserver.Filter$Chain.doFilter(Filter.java:77)
	at jdk.httpserver/sun.net.httpserver.AuthFilter.doFilter(AuthFilter.java:82)
	at jdk.httpserver/com.sun.net.httpserver.Filter$Chain.doFilter(Filter.java:80)
	at jdk.httpserver/sun.net.httpserver.ServerImpl$Exchange$LinkHandler.handle(ServerImpl.java:692)
	at jdk.httpserver/com.sun.net.httpserver.Filter$Chain.doFilter(Filter.java:77)
	at jdk.httpserver/sun.net.httpserver.ServerImpl$Exchange.run(ServerImpl.java:664)
	at java.base/java.util.concurrent.ThreadPoolExecutor.runWorker(ThreadPoolExecutor.java:1130)
	at java.base/java.util.concurrent.ThreadPoolExecutor$Worker.run(ThreadPoolExecutor.java:630)
	at java.base/java.lang.Thread.run(Thread.java:832)
java.lang.IllegalStateException: Writer not present on this server: z59vuwzfFDp3Ym1YPa9xYHKbChhwqxFCum2RCmVuukJctJ7ZLJKDNFu
	at peergos.server.space.JdbcUsageStore.getWriterId(JdbcUsageStore.java:179)
	at peergos.server.space.JdbcUsageStore.getOwner(JdbcUsageStore.java:239)
	at peergos.server.space.JdbcUsageStore.getUsage(JdbcUsageStore.java:268)
	at peergos.server.space.SpaceCheckingKeyFilter.prepareMutablePointerChange(SpaceCheckingKeyFilter.java:214)
	at peergos.server.space.SpaceCheckingKeyFilter.accept(SpaceCheckingKeyFilter.java:182)
	at peergos.server.mutable.MutableEventPropagator.lambda$setPointer$0(MutableEventPropagator.java:30)
	at java.base/java.util.concurrent.CompletableFuture.uniApplyNow(CompletableFuture.java:680)
	at java.base/java.util.concurrent.CompletableFuture.uniApplyStage(CompletableFuture.java:658)
	at java.base/java.util.concurrent.CompletableFuture.thenApply(CompletableFuture.java:2158)
	at peergos.server.mutable.MutableEventPropagator.setPointer(MutableEventPropagator.java:26)
	at peergos.server.mutable.PinningMutablePointers.lambda$setPointer$2(PinningMutablePointers.java:52)
	at java.base/java.util.concurrent.CompletableFuture.uniComposeStage(CompletableFuture.java:1183)
	at java.base/java.util.concurrent.CompletableFuture.thenCompose(CompletableFuture.java:2299)
	at peergos.server.mutable.PinningMutablePointers.lambda$setPointer$3(PinningMutablePointers.java:41)
	at java.base/java.util.concurrent.CompletableFuture.uniComposeStage(CompletableFuture.java:1183)
	at java.base/java.util.concurrent.CompletableFuture.thenCompose(CompletableFuture.java:2299)
	at peergos.server.mutable.PinningMutablePointers.setPointer(PinningMutablePointers.java:33)
	at peergos.server.mutable.BlockingMutablePointers.setPointer(BlockingMutablePointers.java:21)
	at peergos.shared.mutable.ProxyingMutablePointers.lambda$setPointer$0(ProxyingMutablePointers.java:30)
	at peergos.shared.corenode.Proxy.lambda$redirectCall$0(Proxy.java:26)
	at java.base/java.util.concurrent.CompletableFuture.uniComposeStage(CompletableFuture.java:1183)
	at java.base/java.util.concurrent.CompletableFuture.thenCompose(CompletableFuture.java:2299)
	at peergos.shared.corenode.Proxy.lambda$redirectCall$1(Proxy.java:19)
	at java.base/java.util.concurrent.CompletableFuture.uniComposeStage(CompletableFuture.java:1183)
	at java.base/java.util.concurrent.CompletableFuture.thenCompose(CompletableFuture.java:2299)
	at peergos.shared.corenode.Proxy.redirectCall(Proxy.java:18)
	at peergos.shared.mutable.ProxyingMutablePointers.setPointer(ProxyingMutablePointers.java:27)
	at peergos.server.net.MutationHandler.handle(MutationHandler.java:60)
	at jdk.httpserver/com.sun.net.httpserver.Filter$Chain.doFilter(Filter.java:77)
	at jdk.httpserver/sun.net.httpserver.AuthFilter.doFilter(AuthFilter.java:82)
	at jdk.httpserver/com.sun.net.httpserver.Filter$Chain.doFilter(Filter.java:80)
	at jdk.httpserver/sun.net.httpserver.ServerImpl$Exchange$LinkHandler.handle(ServerImpl.java:692)
	at jdk.httpserver/com.sun.net.httpserver.Filter$Chain.doFilter(Filter.java:77)
	at jdk.httpserver/sun.net.httpserver.ServerImpl$Exchange.run(ServerImpl.java:664)
	at java.base/java.util.concurrent.ThreadPoolExecutor.runWorker(ThreadPoolExecutor.java:1130)
	at java.base/java.util.concurrent.ThreadPoolExecutor$Worker.run(ThreadPoolExecutor.java:630)
	at java.base/java.lang.Thread.run(Thread.java:832)
java.lang.IllegalStateException: Writer not present on this server: z59vuwzfFDopJoMqgyAnkm2hNH1V3wRC1HKMAUbdL6gLjV2ut8u1LDu
	at peergos.server.space.JdbcUsageStore.getWriterId(JdbcUsageStore.java:179)
	at peergos.server.space.JdbcUsageStore.getOwner(JdbcUsageStore.java:239)
	at peergos.server.space.JdbcUsageStore.getUsage(JdbcUsageStore.java:268)
	at peergos.server.space.SpaceCheckingKeyFilter.prepareMutablePointerChange(SpaceCheckingKeyFilter.java:214)
	at peergos.server.space.SpaceCheckingKeyFilter.accept(SpaceCheckingKeyFilter.java:182)
	at peergos.server.mutable.MutableEventPropagator.lambda$setPointer$0(MutableEventPropagator.java:30)
	at java.base/java.util.concurrent.CompletableFuture.uniApplyNow(CompletableFuture.java:680)
	at java.base/java.util.concurrent.CompletableFuture.uniApplyStage(CompletableFuture.java:658)
	at java.base/java.util.concurrent.CompletableFuture.thenApply(CompletableFuture.java:2158)
	at peergos.server.mutable.MutableEventPropagator.setPointer(MutableEventPropagator.java:26)
	at peergos.server.mutable.PinningMutablePointers.lambda$setPointer$2(PinningMutablePointers.java:52)
	at java.base/java.util.concurrent.CompletableFuture.uniComposeStage(CompletableFuture.java:1183)
	at java.base/java.util.concurrent.CompletableFuture.thenCompose(CompletableFuture.java:2299)
	at peergos.server.mutable.PinningMutablePointers.lambda$setPointer$3(PinningMutablePointers.java:41)
	at java.base/java.util.concurrent.CompletableFuture.uniComposeStage(CompletableFuture.java:1183)
	at java.base/java.util.concurrent.CompletableFuture.thenCompose(CompletableFuture.java:2299)
	at peergos.server.mutable.PinningMutablePointers.setPointer(PinningMutablePointers.java:33)
	at peergos.server.mutable.BlockingMutablePointers.setPointer(BlockingMutablePointers.java:21)
	at peergos.shared.mutable.ProxyingMutablePointers.lambda$setPointer$0(ProxyingMutablePointers.java:30)
	at peergos.shared.corenode.Proxy.lambda$redirectCall$0(Proxy.java:26)
	at java.base/java.util.concurrent.CompletableFuture.uniComposeStage(CompletableFuture.java:1183)
	at java.base/java.util.concurrent.CompletableFuture.thenCompose(CompletableFuture.java:2299)
	at peergos.shared.corenode.Proxy.lambda$redirectCall$1(Proxy.java:19)
	at java.base/java.util.concurrent.CompletableFuture.uniComposeStage(CompletableFuture.java:1183)
	at java.base/java.util.concurrent.CompletableFuture.thenCompose(CompletableFuture.java:2299)
	at peergos.shared.corenode.Proxy.redirectCall(Proxy.java:18)
	at peergos.shared.mutable.ProxyingMutablePointers.setPointer(ProxyingMutablePointers.java:27)
	at peergos.server.net.MutationHandler.handle(MutationHandler.java:60)
	at jdk.httpserver/com.sun.net.httpserver.Filter$Chain.doFilter(Filter.java:77)
	at jdk.httpserver/sun.net.httpserver.AuthFilter.doFilter(AuthFilter.java:82)
	at jdk.httpserver/com.sun.net.httpserver.Filter$Chain.doFilter(Filter.java:80)
	at jdk.httpserver/sun.net.httpserver.ServerImpl$Exchange$LinkHandler.handle(ServerImpl.java:692)
	at jdk.httpserver/com.sun.net.httpserver.Filter$Chain.doFilter(Filter.java:77)
	at jdk.httpserver/sun.net.httpserver.ServerImpl$Exchange.run(ServerImpl.java:664)
	at java.base/java.util.concurrent.ThreadPoolExecutor.runWorker(ThreadPoolExecutor.java:1130)
	at java.base/java.util.concurrent.ThreadPoolExecutor$Worker.run(ThreadPoolExecutor.java:630)
	at java.base/java.lang.Thread.run(Thread.java:832)
java.lang.IllegalStateException: Writer not present on this server: z59vuwzfFDopJoMqgyAnkm2hNH1V3wRC1HKMAUbdL6gLjV2ut8u1LDu
	at peergos.server.space.JdbcUsageStore.getWriterId(JdbcUsageStore.java:179)
	at peergos.server.space.JdbcUsageStore.getOwner(JdbcUsageStore.java:239)
	at peergos.server.space.JdbcUsageStore.getUsage(JdbcUsageStore.java:268)
	at peergos.server.space.SpaceCheckingKeyFilter.prepareMutablePointerChange(SpaceCheckingKeyFilter.java:214)
	at peergos.server.space.SpaceCheckingKeyFilter.accept(SpaceCheckingKeyFilter.java:182)
	at peergos.server.mutable.MutableEventPropagator.lambda$setPointer$0(MutableEventPropagator.java:30)
	at java.base/java.util.concurrent.CompletableFuture.uniApplyNow(CompletableFuture.java:680)
	at java.base/java.util.concurrent.CompletableFuture.uniApplyStage(CompletableFuture.java:658)
	at java.base/java.util.concurrent.CompletableFuture.thenApply(CompletableFuture.java:2158)
	at peergos.server.mutable.MutableEventPropagator.setPointer(MutableEventPropagator.java:26)
	at peergos.server.mutable.PinningMutablePointers.lambda$setPointer$2(PinningMutablePointers.java:52)
	at java.base/java.util.concurrent.CompletableFuture.uniComposeStage(CompletableFuture.java:1183)
	at java.base/java.util.concurrent.CompletableFuture.thenCompose(CompletableFuture.java:2299)
	at peergos.server.mutable.PinningMutablePointers.lambda$setPointer$3(PinningMutablePointers.java:41)
	at java.base/java.util.concurrent.CompletableFuture.uniComposeStage(CompletableFuture.java:1183)
	at java.base/java.util.concurrent.CompletableFuture.thenCompose(CompletableFuture.java:2299)
	at peergos.server.mutable.PinningMutablePointers.setPointer(PinningMutablePointers.java:33)
	at peergos.server.mutable.BlockingMutablePointers.setPointer(BlockingMutablePointers.java:21)
	at peergos.shared.mutable.ProxyingMutablePointers.lambda$setPointer$0(ProxyingMutablePointers.java:30)
	at peergos.shared.corenode.Proxy.lambda$redirectCall$0(Proxy.java:26)
	at java.base/java.util.concurrent.CompletableFuture.uniComposeStage(CompletableFuture.java:1183)
	at java.base/java.util.concurrent.CompletableFuture.thenCompose(CompletableFuture.java:2299)
	at peergos.shared.corenode.Proxy.lambda$redirectCall$1(Proxy.java:19)
	at java.base/java.util.concurrent.CompletableFuture.uniComposeStage(CompletableFuture.java:1183)
	at java.base/java.util.concurrent.CompletableFuture.thenCompose(CompletableFuture.java:2299)
	at peergos.shared.corenode.Proxy.redirectCall(Proxy.java:18)
	at peergos.shared.mutable.ProxyingMutablePointers.setPointer(ProxyingMutablePointers.java:27)
	at peergos.server.net.MutationHandler.handle(MutationHandler.java:60)
	at jdk.httpserver/com.sun.net.httpserver.Filter$Chain.doFilter(Filter.java:77)
	at jdk.httpserver/sun.net.httpserver.AuthFilter.doFilter(AuthFilter.java:82)
	at jdk.httpserver/com.sun.net.httpserver.Filter$Chain.doFilter(Filter.java:80)
	at jdk.httpserver/sun.net.httpserver.ServerImpl$Exchange$LinkHandler.handle(ServerImpl.java:692)
	at jdk.httpserver/com.sun.net.httpserver.Filter$Chain.doFilter(Filter.java:77)
	at jdk.httpserver/sun.net.httpserver.ServerImpl$Exchange.run(ServerImpl.java:664)
	at java.base/java.util.concurrent.ThreadPoolExecutor.runWorker(ThreadPoolExecutor.java:1130)
	at java.base/java.util.concurrent.ThreadPoolExecutor$Worker.run(ThreadPoolExecutor.java:630)
	at java.base/java.lang.Thread.run(Thread.java:832)
java.lang.IllegalStateException: Writer not present on this server: z59vuwzfFDopJoMqgyAnkm2hNH1V3wRC1HKMAUbdL6gLjV2ut8u1LDu
	at peergos.server.space.JdbcUsageStore.getWriterId(JdbcUsageStore.java:179)
	at peergos.server.space.JdbcUsageStore.getOwner(JdbcUsageStore.java:239)
	at peergos.server.space.JdbcUsageStore.getUsage(JdbcUsageStore.java:268)
	at peergos.server.space.SpaceCheckingKeyFilter.prepareMutablePointerChange(SpaceCheckingKeyFilter.java:214)
	at peergos.server.space.SpaceCheckingKeyFilter.accept(SpaceCheckingKeyFilter.java:182)
	at peergos.server.mutable.MutableEventPropagator.lambda$setPointer$0(MutableEventPropagator.java:30)
	at java.base/java.util.concurrent.CompletableFuture.uniApplyNow(CompletableFuture.java:680)
	at java.base/java.util.concurrent.CompletableFuture.uniApplyStage(CompletableFuture.java:658)
	at java.base/java.util.concurrent.CompletableFuture.thenApply(CompletableFuture.java:2158)
	at peergos.server.mutable.MutableEventPropagator.setPointer(MutableEventPropagator.java:26)
	at peergos.server.mutable.PinningMutablePointers.lambda$setPointer$2(PinningMutablePointers.java:52)
	at java.base/java.util.concurrent.CompletableFuture.uniComposeStage(CompletableFuture.java:1183)
	at java.base/java.util.concurrent.CompletableFuture.thenCompose(CompletableFuture.java:2299)
	at peergos.server.mutable.PinningMutablePointers.lambda$setPointer$3(PinningMutablePointers.java:41)
	at java.base/java.util.concurrent.CompletableFuture.uniComposeStage(CompletableFuture.java:1183)
	at java.base/java.util.concurrent.CompletableFuture.thenCompose(CompletableFuture.java:2299)
	at peergos.server.mutable.PinningMutablePointers.setPointer(PinningMutablePointers.java:33)
	at peergos.server.mutable.BlockingMutablePointers.setPointer(BlockingMutablePointers.java:21)
	at peergos.shared.mutable.ProxyingMutablePointers.lambda$setPointer$0(ProxyingMutablePointers.java:30)
	at peergos.shared.corenode.Proxy.lambda$redirectCall$0(Proxy.java:26)
	at java.base/java.util.concurrent.CompletableFuture.uniComposeStage(CompletableFuture.java:1183)
	at java.base/java.util.concurrent.CompletableFuture.thenCompose(CompletableFuture.java:2299)
	at peergos.shared.corenode.Proxy.lambda$redirectCall$1(Proxy.java:19)
	at java.base/java.util.concurrent.CompletableFuture.uniComposeStage(CompletableFuture.java:1183)
	at java.base/java.util.concurrent.CompletableFuture.thenCompose(CompletableFuture.java:2299)
	at peergos.shared.corenode.Proxy.redirectCall(Proxy.java:18)
	at peergos.shared.mutable.ProxyingMutablePointers.setPointer(ProxyingMutablePointers.java:27)
	at peergos.server.net.MutationHandler.handle(MutationHandler.java:60)
	at jdk.httpserver/com.sun.net.httpserver.Filter$Chain.doFilter(Filter.java:77)
	at jdk.httpserver/sun.net.httpserver.AuthFilter.doFilter(AuthFilter.java:82)
	at jdk.httpserver/com.sun.net.httpserver.Filter$Chain.doFilter(Filter.java:80)
	at jdk.httpserver/sun.net.httpserver.ServerImpl$Exchange$LinkHandler.handle(ServerImpl.java:692)
	at jdk.httpserver/com.sun.net.httpserver.Filter$Chain.doFilter(Filter.java:77)
	at jdk.httpserver/sun.net.httpserver.ServerImpl$Exchange.run(ServerImpl.java:664)
	at java.base/java.util.concurrent.ThreadPoolExecutor.runWorker(ThreadPoolExecutor.java:1130)
	at java.base/java.util.concurrent.ThreadPoolExecutor$Worker.run(ThreadPoolExecutor.java:630)
	at java.base/java.lang.Thread.run(Thread.java:832)
java.lang.IllegalStateException: Writer not present on this server: z59vuwzfFDopJoMqgyAnkm2hNH1V3wRC1HKMAUbdL6gLjV2ut8u1LDu
	at peergos.server.space.JdbcUsageStore.getWriterId(JdbcUsageStore.java:179)
	at peergos.server.space.JdbcUsageStore.getOwner(JdbcUsageStore.java:239)
	at peergos.server.space.JdbcUsageStore.getUsage(JdbcUsageStore.java:268)
	at peergos.server.space.SpaceCheckingKeyFilter.prepareMutablePointerChange(SpaceCheckingKeyFilter.java:214)
	at peergos.server.space.SpaceCheckingKeyFilter.accept(SpaceCheckingKeyFilter.java:182)
	at peergos.server.mutable.MutableEventPropagator.lambda$setPointer$0(MutableEventPropagator.java:30)
	at java.base/java.util.concurrent.CompletableFuture.uniApplyNow(CompletableFuture.java:680)
	at java.base/java.util.concurrent.CompletableFuture.uniApplyStage(CompletableFuture.java:658)
	at java.base/java.util.concurrent.CompletableFuture.thenApply(CompletableFuture.java:2158)
	at peergos.server.mutable.MutableEventPropagator.setPointer(MutableEventPropagator.java:26)
	at peergos.server.mutable.PinningMutablePointers.lambda$setPointer$2(PinningMutablePointers.java:52)
	at java.base/java.util.concurrent.CompletableFuture.uniComposeStage(CompletableFuture.java:1183)
	at java.base/java.util.concurrent.CompletableFuture.thenCompose(CompletableFuture.java:2299)
	at peergos.server.mutable.PinningMutablePointers.lambda$setPointer$3(PinningMutablePointers.java:41)
	at java.base/java.util.concurrent.CompletableFuture.uniComposeStage(CompletableFuture.java:1183)
	at java.base/java.util.concurrent.CompletableFuture.thenCompose(CompletableFuture.java:2299)
	at peergos.server.mutable.PinningMutablePointers.setPointer(PinningMutablePointers.java:33)
	at peergos.server.mutable.BlockingMutablePointers.setPointer(BlockingMutablePointers.java:21)
	at peergos.shared.mutable.ProxyingMutablePointers.lambda$setPointer$0(ProxyingMutablePointers.java:30)
	at peergos.shared.corenode.Proxy.lambda$redirectCall$0(Proxy.java:26)
	at java.base/java.util.concurrent.CompletableFuture.uniComposeStage(CompletableFuture.java:1183)
	at java.base/java.util.concurrent.CompletableFuture.thenCompose(CompletableFuture.java:2299)
	at peergos.shared.corenode.Proxy.lambda$redirectCall$1(Proxy.java:19)
	at java.base/java.util.concurrent.CompletableFuture.uniComposeStage(CompletableFuture.java:1183)
	at java.base/java.util.concurrent.CompletableFuture.thenCompose(CompletableFuture.java:2299)
	at peergos.shared.corenode.Proxy.redirectCall(Proxy.java:18)
	at peergos.shared.mutable.ProxyingMutablePointers.setPointer(ProxyingMutablePointers.java:27)
	at peergos.server.net.MutationHandler.handle(MutationHandler.java:60)
	at jdk.httpserver/com.sun.net.httpserver.Filter$Chain.doFilter(Filter.java:77)
	at jdk.httpserver/sun.net.httpserver.AuthFilter.doFilter(AuthFilter.java:82)
	at jdk.httpserver/com.sun.net.httpserver.Filter$Chain.doFilter(Filter.java:80)
	at jdk.httpserver/sun.net.httpserver.ServerImpl$Exchange$LinkHandler.handle(ServerImpl.java:692)
	at jdk.httpserver/com.sun.net.httpserver.Filter$Chain.doFilter(Filter.java:77)
	at jdk.httpserver/sun.net.httpserver.ServerImpl$Exchange.run(ServerImpl.java:664)
	at java.base/java.util.concurrent.ThreadPoolExecutor.runWorker(ThreadPoolExecutor.java:1130)
	at java.base/java.util.concurrent.ThreadPoolExecutor$Worker.run(ThreadPoolExecutor.java:630)
	at java.base/java.lang.Thread.run(Thread.java:832)
java.lang.IllegalStateException: Writer not present on this server: z59vuwzfFDopJoMqgyAnkm2hNH1V3wRC1HKMAUbdL6gLjV2ut8u1LDu
	at peergos.server.space.JdbcUsageStore.getWriterId(JdbcUsageStore.java:179)
	at peergos.server.space.JdbcUsageStore.getOwner(JdbcUsageStore.java:239)
	at peergos.server.space.JdbcUsageStore.getUsage(JdbcUsageStore.java:268)
	at peergos.server.space.SpaceCheckingKeyFilter.prepareMutablePointerChange(SpaceCheckingKeyFilter.java:214)
	at peergos.server.space.SpaceCheckingKeyFilter.accept(SpaceCheckingKeyFilter.java:182)
	at peergos.server.mutable.MutableEventPropagator.lambda$setPointer$0(MutableEventPropagator.java:30)
	at java.base/java.util.concurrent.CompletableFuture.uniApplyNow(CompletableFuture.java:680)
	at java.base/java.util.concurrent.CompletableFuture.uniApplyStage(CompletableFuture.java:658)
	at java.base/java.util.concurrent.CompletableFuture.thenApply(CompletableFuture.java:2158)
	at peergos.server.mutable.MutableEventPropagator.setPointer(MutableEventPropagator.java:26)
	at peergos.server.mutable.PinningMutablePointers.lambda$setPointer$2(PinningMutablePointers.java:52)
	at java.base/java.util.concurrent.CompletableFuture.uniComposeStage(CompletableFuture.java:1183)
	at java.base/java.util.concurrent.CompletableFuture.thenCompose(CompletableFuture.java:2299)
	at peergos.server.mutable.PinningMutablePointers.lambda$setPointer$3(PinningMutablePointers.java:41)
	at java.base/java.util.concurrent.CompletableFuture.uniComposeStage(CompletableFuture.java:1183)
	at java.base/java.util.concurrent.CompletableFuture.thenCompose(CompletableFuture.java:2299)
	at peergos.server.mutable.PinningMutablePointers.setPointer(PinningMutablePointers.java:33)
	at peergos.server.mutable.BlockingMutablePointers.setPointer(BlockingMutablePointers.java:21)
	at peergos.shared.mutable.ProxyingMutablePointers.lambda$setPointer$0(ProxyingMutablePointers.java:30)
	at peergos.shared.corenode.Proxy.lambda$redirectCall$0(Proxy.java:26)
	at java.base/java.util.concurrent.CompletableFuture.uniComposeStage(CompletableFuture.java:1183)
	at java.base/java.util.concurrent.CompletableFuture.thenCompose(CompletableFuture.java:2299)
	at peergos.shared.corenode.Proxy.lambda$redirectCall$1(Proxy.java:19)
	at java.base/java.util.concurrent.CompletableFuture.uniComposeStage(CompletableFuture.java:1183)
	at java.base/java.util.concurrent.CompletableFuture.thenCompose(CompletableFuture.java:2299)
	at peergos.shared.corenode.Proxy.redirectCall(Proxy.java:18)
	at peergos.shared.mutable.ProxyingMutablePointers.setPointer(ProxyingMutablePointers.java:27)
	at peergos.server.net.MutationHandler.handle(MutationHandler.java:60)
	at jdk.httpserver/com.sun.net.httpserver.Filter$Chain.doFilter(Filter.java:77)
	at jdk.httpserver/sun.net.httpserver.AuthFilter.doFilter(AuthFilter.java:82)
	at jdk.httpserver/com.sun.net.httpserver.Filter$Chain.doFilter(Filter.java:80)
	at jdk.httpserver/sun.net.httpserver.ServerImpl$Exchange$LinkHandler.handle(ServerImpl.java:692)
	at jdk.httpserver/com.sun.net.httpserver.Filter$Chain.doFilter(Filter.java:77)
	at jdk.httpserver/sun.net.httpserver.ServerImpl$Exchange.run(ServerImpl.java:664)
	at java.base/java.util.concurrent.ThreadPoolExecutor.runWorker(ThreadPoolExecutor.java:1130)
	at java.base/java.util.concurrent.ThreadPoolExecutor$Worker.run(ThreadPoolExecutor.java:630)
	at java.base/java.lang.Thread.run(Thread.java:832)
java.lang.IllegalStateException: Writer not present on this server: z59vuwzfFDopJoMqgyAnkm2hNH1V3wRC1HKMAUbdL6gLjV2ut8u1LDu
	at peergos.server.space.JdbcUsageStore.getWriterId(JdbcUsageStore.java:179)
	at peergos.server.space.JdbcUsageStore.getOwner(JdbcUsageStore.java:239)
	at peergos.server.space.JdbcUsageStore.getUsage(JdbcUsageStore.java:268)
	at peergos.server.space.SpaceCheckingKeyFilter.prepareMutablePointerChange(SpaceCheckingKeyFilter.java:214)
	at peergos.server.space.SpaceCheckingKeyFilter.accept(SpaceCheckingKeyFilter.java:182)
	at peergos.server.mutable.MutableEventPropagator.lambda$setPointer$0(MutableEventPropagator.java:30)
	at java.base/java.util.concurrent.CompletableFuture.uniApplyNow(CompletableFuture.java:680)
	at java.base/java.util.concurrent.CompletableFuture.uniApplyStage(CompletableFuture.java:658)
	at java.base/java.util.concurrent.CompletableFuture.thenApply(CompletableFuture.java:2158)
	at peergos.server.mutable.MutableEventPropagator.setPointer(MutableEventPropagator.java:26)
	at peergos.server.mutable.PinningMutablePointers.lambda$setPointer$2(PinningMutablePointers.java:52)
	at java.base/java.util.concurrent.CompletableFuture.uniComposeStage(CompletableFuture.java:1183)
	at java.base/java.util.concurrent.CompletableFuture.thenCompose(CompletableFuture.java:2299)
	at peergos.server.mutable.PinningMutablePointers.lambda$setPointer$3(PinningMutablePointers.java:41)
	at java.base/java.util.concurrent.CompletableFuture.uniComposeStage(CompletableFuture.java:1183)
	at java.base/java.util.concurrent.CompletableFuture.thenCompose(CompletableFuture.java:2299)
	at peergos.server.mutable.PinningMutablePointers.setPointer(PinningMutablePointers.java:33)
	at peergos.server.mutable.BlockingMutablePointers.setPointer(BlockingMutablePointers.java:21)
	at peergos.shared.mutable.ProxyingMutablePointers.lambda$setPointer$0(ProxyingMutablePointers.java:30)
	at peergos.shared.corenode.Proxy.lambda$redirectCall$0(Proxy.java:26)
	at java.base/java.util.concurrent.CompletableFuture.uniComposeStage(CompletableFuture.java:1183)
	at java.base/java.util.concurrent.CompletableFuture.thenCompose(CompletableFuture.java:2299)
	at peergos.shared.corenode.Proxy.lambda$redirectCall$1(Proxy.java:19)
	at java.base/java.util.concurrent.CompletableFuture.uniComposeStage(CompletableFuture.java:1183)
	at java.base/java.util.concurrent.CompletableFuture.thenCompose(CompletableFuture.java:2299)
	at peergos.shared.corenode.Proxy.redirectCall(Proxy.java:18)
	at peergos.shared.mutable.ProxyingMutablePointers.setPointer(ProxyingMutablePointers.java:27)
	at peergos.server.net.MutationHandler.handle(MutationHandler.java:60)
	at jdk.httpserver/com.sun.net.httpserver.Filter$Chain.doFilter(Filter.java:77)
	at jdk.httpserver/sun.net.httpserver.AuthFilter.doFilter(AuthFilter.java:82)
	at jdk.httpserver/com.sun.net.httpserver.Filter$Chain.doFilter(Filter.java:80)
	at jdk.httpserver/sun.net.httpserver.ServerImpl$Exchange$LinkHandler.handle(ServerImpl.java:692)
	at jdk.httpserver/com.sun.net.httpserver.Filter$Chain.doFilter(Filter.java:77)
	at jdk.httpserver/sun.net.httpserver.ServerImpl$Exchange.run(ServerImpl.java:664)
	at java.base/java.util.concurrent.ThreadPoolExecutor.runWorker(ThreadPoolExecutor.java:1130)
	at java.base/java.util.concurrent.ThreadPoolExecutor$Worker.run(ThreadPoolExecutor.java:630)
	at java.base/java.lang.Thread.run(Thread.java:832)
java.lang.IllegalStateException: Writer not present on this server: z59vuwzfFDov5616pJ55sqM3ARe66GMvidB3USxbvc9PYf3SEufb2uf
	at peergos.server.space.JdbcUsageStore.getWriterId(JdbcUsageStore.java:179)
	at peergos.server.space.JdbcUsageStore.getOwner(JdbcUsageStore.java:239)
	at peergos.server.space.JdbcUsageStore.getUsage(JdbcUsageStore.java:268)
	at peergos.server.space.SpaceCheckingKeyFilter.prepareMutablePointerChange(SpaceCheckingKeyFilter.java:214)
	at peergos.server.space.SpaceCheckingKeyFilter.accept(SpaceCheckingKeyFilter.java:182)
	at peergos.server.mutable.MutableEventPropagator.lambda$setPointer$0(MutableEventPropagator.java:30)
	at java.base/java.util.concurrent.CompletableFuture.uniApplyNow(CompletableFuture.java:680)
	at java.base/java.util.concurrent.CompletableFuture.uniApplyStage(CompletableFuture.java:658)
	at java.base/java.util.concurrent.CompletableFuture.thenApply(CompletableFuture.java:2158)
	at peergos.server.mutable.MutableEventPropagator.setPointer(MutableEventPropagator.java:26)
	at peergos.server.mutable.PinningMutablePointers.lambda$setPointer$2(PinningMutablePointers.java:52)
	at java.base/java.util.concurrent.CompletableFuture.uniComposeStage(CompletableFuture.java:1183)
	at java.base/java.util.concurrent.CompletableFuture.thenCompose(CompletableFuture.java:2299)
	at peergos.server.mutable.PinningMutablePointers.lambda$setPointer$3(PinningMutablePointers.java:41)
	at java.base/java.util.concurrent.CompletableFuture.uniComposeStage(CompletableFuture.java:1183)
	at java.base/java.util.concurrent.CompletableFuture.thenCompose(CompletableFuture.java:2299)
	at peergos.server.mutable.PinningMutablePointers.setPointer(PinningMutablePointers.java:33)
	at peergos.server.mutable.BlockingMutablePointers.setPointer(BlockingMutablePointers.java:21)
	at peergos.shared.mutable.ProxyingMutablePointers.lambda$setPointer$0(ProxyingMutablePointers.java:30)
	at peergos.shared.corenode.Proxy.lambda$redirectCall$0(Proxy.java:26)
	at java.base/java.util.concurrent.CompletableFuture.uniComposeStage(CompletableFuture.java:1183)
	at java.base/java.util.concurrent.CompletableFuture.thenCompose(CompletableFuture.java:2299)
	at peergos.shared.corenode.Proxy.lambda$redirectCall$1(Proxy.java:19)
	at java.base/java.util.concurrent.CompletableFuture.uniComposeStage(CompletableFuture.java:1183)
	at java.base/java.util.concurrent.CompletableFuture.thenCompose(CompletableFuture.java:2299)
	at peergos.shared.corenode.Proxy.redirectCall(Proxy.java:18)
	at peergos.shared.mutable.ProxyingMutablePointers.setPointer(ProxyingMutablePointers.java:27)
	at peergos.server.net.MutationHandler.handle(MutationHandler.java:60)
	at jdk.httpserver/com.sun.net.httpserver.Filter$Chain.doFilter(Filter.java:77)
	at jdk.httpserver/sun.net.httpserver.AuthFilter.doFilter(AuthFilter.java:82)
	at jdk.httpserver/com.sun.net.httpserver.Filter$Chain.doFilter(Filter.java:80)
	at jdk.httpserver/sun.net.httpserver.ServerImpl$Exchange$LinkHandler.handle(ServerImpl.java:692)
	at jdk.httpserver/com.sun.net.httpserver.Filter$Chain.doFilter(Filter.java:77)
	at jdk.httpserver/sun.net.httpserver.ServerImpl$Exchange.run(ServerImpl.java:664)
	at java.base/java.util.concurrent.ThreadPoolExecutor.runWorker(ThreadPoolExecutor.java:1130)
	at java.base/java.util.concurrent.ThreadPoolExecutor$Worker.run(ThreadPoolExecutor.java:630)
	at java.base/java.lang.Thread.run(Thread.java:832)
java.lang.IllegalStateException: Writer not present on this server: z59vuwzfFDov5616pJ55sqM3ARe66GMvidB3USxbvc9PYf3SEufb2uf
	at peergos.server.space.JdbcUsageStore.getWriterId(JdbcUsageStore.java:179)
	at peergos.server.space.JdbcUsageStore.getOwner(JdbcUsageStore.java:239)
	at peergos.server.space.JdbcUsageStore.getUsage(JdbcUsageStore.java:268)
	at peergos.server.space.SpaceCheckingKeyFilter.prepareMutablePointerChange(SpaceCheckingKeyFilter.java:214)
	at peergos.server.space.SpaceCheckingKeyFilter.accept(SpaceCheckingKeyFilter.java:182)
	at peergos.server.mutable.MutableEventPropagator.lambda$setPointer$0(MutableEventPropagator.java:30)
	at java.base/java.util.concurrent.CompletableFuture.uniApplyNow(CompletableFuture.java:680)
	at java.base/java.util.concurrent.CompletableFuture.uniApplyStage(CompletableFuture.java:658)
	at java.base/java.util.concurrent.CompletableFuture.thenApply(CompletableFuture.java:2158)
	at peergos.server.mutable.MutableEventPropagator.setPointer(MutableEventPropagator.java:26)
	at peergos.server.mutable.PinningMutablePointers.lambda$setPointer$2(PinningMutablePointers.java:52)
	at java.base/java.util.concurrent.CompletableFuture.uniComposeStage(CompletableFuture.java:1183)
	at java.base/java.util.concurrent.CompletableFuture.thenCompose(CompletableFuture.java:2299)
	at peergos.server.mutable.PinningMutablePointers.lambda$setPointer$3(PinningMutablePointers.java:41)
	at java.base/java.util.concurrent.CompletableFuture.uniComposeStage(CompletableFuture.java:1183)
	at java.base/java.util.concurrent.CompletableFuture.thenCompose(CompletableFuture.java:2299)
	at peergos.server.mutable.PinningMutablePointers.setPointer(PinningMutablePointers.java:33)
	at peergos.server.mutable.BlockingMutablePointers.setPointer(BlockingMutablePointers.java:21)
	at peergos.shared.mutable.ProxyingMutablePointers.lambda$setPointer$0(ProxyingMutablePointers.java:30)
	at peergos.shared.corenode.Proxy.lambda$redirectCall$0(Proxy.java:26)
	at java.base/java.util.concurrent.CompletableFuture.uniComposeStage(CompletableFuture.java:1183)
	at java.base/java.util.concurrent.CompletableFuture.thenCompose(CompletableFuture.java:2299)
	at peergos.shared.corenode.Proxy.lambda$redirectCall$1(Proxy.java:19)
	at java.base/java.util.concurrent.CompletableFuture.uniComposeStage(CompletableFuture.java:1183)
	at java.base/java.util.concurrent.CompletableFuture.thenCompose(CompletableFuture.java:2299)
	at peergos.shared.corenode.Proxy.redirectCall(Proxy.java:18)
	at peergos.shared.mutable.ProxyingMutablePointers.setPointer(ProxyingMutablePointers.java:27)
	at peergos.server.net.MutationHandler.handle(MutationHandler.java:60)
	at jdk.httpserver/com.sun.net.httpserver.Filter$Chain.doFilter(Filter.java:77)
	at jdk.httpserver/sun.net.httpserver.AuthFilter.doFilter(AuthFilter.java:82)
	at jdk.httpserver/com.sun.net.httpserver.Filter$Chain.doFilter(Filter.java:80)
	at jdk.httpserver/sun.net.httpserver.ServerImpl$Exchange$LinkHandler.handle(ServerImpl.java:692)
	at jdk.httpserver/com.sun.net.httpserver.Filter$Chain.doFilter(Filter.java:77)
	at jdk.httpserver/sun.net.httpserver.ServerImpl$Exchange.run(ServerImpl.java:664)
	at java.base/java.util.concurrent.ThreadPoolExecutor.runWorker(ThreadPoolExecutor.java:1130)
	at java.base/java.util.concurrent.ThreadPoolExecutor$Worker.run(ThreadPoolExecutor.java:630)
	at java.base/java.lang.Thread.run(Thread.java:832)
java.lang.IllegalStateException: Writer not present on this server: z59vuwzfFDoy49p2BMzxp8hApPr81oPD3GxAaBnjh8m7KjiigvrPzj8
	at peergos.server.space.JdbcUsageStore.getWriterId(JdbcUsageStore.java:179)
	at peergos.server.space.JdbcUsageStore.getOwner(JdbcUsageStore.java:239)
	at peergos.server.space.JdbcUsageStore.getUsage(JdbcUsageStore.java:268)
	at peergos.server.space.SpaceCheckingKeyFilter.prepareMutablePointerChange(SpaceCheckingKeyFilter.java:214)
	at peergos.server.space.SpaceCheckingKeyFilter.accept(SpaceCheckingKeyFilter.java:182)
	at peergos.server.mutable.MutableEventPropagator.lambda$setPointer$0(MutableEventPropagator.java:30)
	at java.base/java.util.concurrent.CompletableFuture.uniApplyNow(CompletableFuture.java:680)
	at java.base/java.util.concurrent.CompletableFuture.uniApplyStage(CompletableFuture.java:658)
	at java.base/java.util.concurrent.CompletableFuture.thenApply(CompletableFuture.java:2158)
	at peergos.server.mutable.MutableEventPropagator.setPointer(MutableEventPropagator.java:26)
	at peergos.server.mutable.PinningMutablePointers.lambda$setPointer$2(PinningMutablePointers.java:52)
	at java.base/java.util.concurrent.CompletableFuture.uniComposeStage(CompletableFuture.java:1183)
	at java.base/java.util.concurrent.CompletableFuture.thenCompose(CompletableFuture.java:2299)
	at peergos.server.mutable.PinningMutablePointers.lambda$setPointer$3(PinningMutablePointers.java:41)
	at java.base/java.util.concurrent.CompletableFuture.uniComposeStage(CompletableFuture.java:1183)
	at java.base/java.util.concurrent.CompletableFuture.thenCompose(CompletableFuture.java:2299)
	at peergos.server.mutable.PinningMutablePointers.setPointer(PinningMutablePointers.java:33)
	at peergos.server.mutable.BlockingMutablePointers.setPointer(BlockingMutablePointers.java:21)
	at peergos.shared.mutable.ProxyingMutablePointers.lambda$setPointer$0(ProxyingMutablePointers.java:30)
	at peergos.shared.corenode.Proxy.lambda$redirectCall$0(Proxy.java:26)
	at java.base/java.util.concurrent.CompletableFuture.uniComposeStage(CompletableFuture.java:1183)
	at java.base/java.util.concurrent.CompletableFuture.thenCompose(CompletableFuture.java:2299)
	at peergos.shared.corenode.Proxy.lambda$redirectCall$1(Proxy.java:19)
	at java.base/java.util.concurrent.CompletableFuture.uniComposeStage(CompletableFuture.java:1183)
	at java.base/java.util.concurrent.CompletableFuture.thenCompose(CompletableFuture.java:2299)
	at peergos.shared.corenode.Proxy.redirectCall(Proxy.java:18)
	at peergos.shared.mutable.ProxyingMutablePointers.setPointer(ProxyingMutablePointers.java:27)
	at peergos.server.net.MutationHandler.handle(MutationHandler.java:60)
	at jdk.httpserver/com.sun.net.httpserver.Filter$Chain.doFilter(Filter.java:77)
	at jdk.httpserver/sun.net.httpserver.AuthFilter.doFilter(AuthFilter.java:82)
	at jdk.httpserver/com.sun.net.httpserver.Filter$Chain.doFilter(Filter.java:80)
	at jdk.httpserver/sun.net.httpserver.ServerImpl$Exchange$LinkHandler.handle(ServerImpl.java:692)
	at jdk.httpserver/com.sun.net.httpserver.Filter$Chain.doFilter(Filter.java:77)
	at jdk.httpserver/sun.net.httpserver.ServerImpl$Exchange.run(ServerImpl.java:664)
	at java.base/java.util.concurrent.ThreadPoolExecutor.runWorker(ThreadPoolExecutor.java:1130)
	at java.base/java.util.concurrent.ThreadPoolExecutor$Worker.run(ThreadPoolExecutor.java:630)
	at java.base/java.lang.Thread.run(Thread.java:832)
java.lang.IllegalStateException: Writer not present on this server: z59vuwzfFDoy49p2BMzxp8hApPr81oPD3GxAaBnjh8m7KjiigvrPzj8
	at peergos.server.space.JdbcUsageStore.getWriterId(JdbcUsageStore.java:179)
	at peergos.server.space.JdbcUsageStore.getOwner(JdbcUsageStore.java:239)
	at peergos.server.space.JdbcUsageStore.getUsage(JdbcUsageStore.java:268)
	at peergos.server.space.SpaceCheckingKeyFilter.prepareMutablePointerChange(SpaceCheckingKeyFilter.java:214)
	at peergos.server.space.SpaceCheckingKeyFilter.accept(SpaceCheckingKeyFilter.java:182)
	at peergos.server.mutable.MutableEventPropagator.lambda$setPointer$0(MutableEventPropagator.java:30)
	at java.base/java.util.concurrent.CompletableFuture.uniApplyNow(CompletableFuture.java:680)
	at java.base/java.util.concurrent.CompletableFuture.uniApplyStage(CompletableFuture.java:658)
	at java.base/java.util.concurrent.CompletableFuture.thenApply(CompletableFuture.java:2158)
	at peergos.server.mutable.MutableEventPropagator.setPointer(MutableEventPropagator.java:26)
	at peergos.server.mutable.PinningMutablePointers.lambda$setPointer$2(PinningMutablePointers.java:52)
	at java.base/java.util.concurrent.CompletableFuture.uniComposeStage(CompletableFuture.java:1183)
	at java.base/java.util.concurrent.CompletableFuture.thenCompose(CompletableFuture.java:2299)
	at peergos.server.mutable.PinningMutablePointers.lambda$setPointer$3(PinningMutablePointers.java:41)
	at java.base/java.util.concurrent.CompletableFuture.uniComposeStage(CompletableFuture.java:1183)
	at java.base/java.util.concurrent.CompletableFuture.thenCompose(CompletableFuture.java:2299)
	at peergos.server.mutable.PinningMutablePointers.setPointer(PinningMutablePointers.java:33)
	at peergos.server.mutable.BlockingMutablePointers.setPointer(BlockingMutablePointers.java:21)
	at peergos.shared.mutable.ProxyingMutablePointers.lambda$setPointer$0(ProxyingMutablePointers.java:30)
	at peergos.shared.corenode.Proxy.lambda$redirectCall$0(Proxy.java:26)
	at java.base/java.util.concurrent.CompletableFuture.uniComposeStage(CompletableFuture.java:1183)
	at java.base/java.util.concurrent.CompletableFuture.thenCompose(CompletableFuture.java:2299)
	at peergos.shared.corenode.Proxy.lambda$redirectCall$1(Proxy.java:19)
	at java.base/java.util.concurrent.CompletableFuture.uniComposeStage(CompletableFuture.java:1183)
	at java.base/java.util.concurrent.CompletableFuture.thenCompose(CompletableFuture.java:2299)
	at peergos.shared.corenode.Proxy.redirectCall(Proxy.java:18)
	at peergos.shared.mutable.ProxyingMutablePointers.setPointer(ProxyingMutablePointers.java:27)
	at peergos.server.net.MutationHandler.handle(MutationHandler.java:60)
	at jdk.httpserver/com.sun.net.httpserver.Filter$Chain.doFilter(Filter.java:77)
	at jdk.httpserver/sun.net.httpserver.AuthFilter.doFilter(AuthFilter.java:82)
	at jdk.httpserver/com.sun.net.httpserver.Filter$Chain.doFilter(Filter.java:80)
	at jdk.httpserver/sun.net.httpserver.ServerImpl$Exchange$LinkHandler.handle(ServerImpl.java:692)
	at jdk.httpserver/com.sun.net.httpserver.Filter$Chain.doFilter(Filter.java:77)
	at jdk.httpserver/sun.net.httpserver.ServerImpl$Exchange.run(ServerImpl.java:664)
	at java.base/java.util.concurrent.ThreadPoolExecutor.runWorker(ThreadPoolExecutor.java:1130)
	at java.base/java.util.concurrent.ThreadPoolExecutor$Worker.run(ThreadPoolExecutor.java:630)
	at java.base/java.lang.Thread.run(Thread.java:832)
java.lang.IllegalStateException: Writer not present on this server: z59vuwzfFDov5616pJ55sqM3ARe66GMvidB3USxbvc9PYf3SEufb2uf
	at peergos.server.space.JdbcUsageStore.getWriterId(JdbcUsageStore.java:179)
	at peergos.server.space.JdbcUsageStore.getOwner(JdbcUsageStore.java:239)
	at peergos.server.space.JdbcUsageStore.getUsage(JdbcUsageStore.java:268)
	at peergos.server.space.SpaceCheckingKeyFilter.prepareMutablePointerChange(SpaceCheckingKeyFilter.java:214)
	at peergos.server.space.SpaceCheckingKeyFilter.accept(SpaceCheckingKeyFilter.java:182)
	at peergos.server.mutable.MutableEventPropagator.lambda$setPointer$0(MutableEventPropagator.java:30)
	at java.base/java.util.concurrent.CompletableFuture.uniApplyNow(CompletableFuture.java:680)
	at java.base/java.util.concurrent.CompletableFuture.uniApplyStage(CompletableFuture.java:658)
	at java.base/java.util.concurrent.CompletableFuture.thenApply(CompletableFuture.java:2158)
	at peergos.server.mutable.MutableEventPropagator.setPointer(MutableEventPropagator.java:26)
	at peergos.server.mutable.PinningMutablePointers.lambda$setPointer$2(PinningMutablePointers.java:52)
	at java.base/java.util.concurrent.CompletableFuture.uniComposeStage(CompletableFuture.java:1183)
	at java.base/java.util.concurrent.CompletableFuture.thenCompose(CompletableFuture.java:2299)
	at peergos.server.mutable.PinningMutablePointers.lambda$setPointer$3(PinningMutablePointers.java:41)
	at java.base/java.util.concurrent.CompletableFuture.uniComposeStage(CompletableFuture.java:1183)
	at java.base/java.util.concurrent.CompletableFuture.thenCompose(CompletableFuture.java:2299)
	at peergos.server.mutable.PinningMutablePointers.setPointer(PinningMutablePointers.java:33)
	at peergos.server.mutable.BlockingMutablePointers.setPointer(BlockingMutablePointers.java:21)
	at peergos.shared.mutable.ProxyingMutablePointers.lambda$setPointer$0(ProxyingMutablePointers.java:30)
	at peergos.shared.corenode.Proxy.lambda$redirectCall$0(Proxy.java:26)
	at java.base/java.util.concurrent.CompletableFuture.uniComposeStage(CompletableFuture.java:1183)
	at java.base/java.util.concurrent.CompletableFuture.thenCompose(CompletableFuture.java:2299)
	at peergos.shared.corenode.Proxy.lambda$redirectCall$1(Proxy.java:19)
	at java.base/java.util.concurrent.CompletableFuture.uniComposeStage(CompletableFuture.java:1183)
	at java.base/java.util.concurrent.CompletableFuture.thenCompose(CompletableFuture.java:2299)
	at peergos.shared.corenode.Proxy.redirectCall(Proxy.java:18)
	at peergos.shared.mutable.ProxyingMutablePointers.setPointer(ProxyingMutablePointers.java:27)
	at peergos.server.net.MutationHandler.handle(MutationHandler.java:60)
	at jdk.httpserver/com.sun.net.httpserver.Filter$Chain.doFilter(Filter.java:77)
	at jdk.httpserver/sun.net.httpserver.AuthFilter.doFilter(AuthFilter.java:82)
	at jdk.httpserver/com.sun.net.httpserver.Filter$Chain.doFilter(Filter.java:80)
	at jdk.httpserver/sun.net.httpserver.ServerImpl$Exchange$LinkHandler.handle(ServerImpl.java:692)
	at jdk.httpserver/com.sun.net.httpserver.Filter$Chain.doFilter(Filter.java:77)
	at jdk.httpserver/sun.net.httpserver.ServerImpl$Exchange.run(ServerImpl.java:664)
	at java.base/java.util.concurrent.ThreadPoolExecutor.runWorker(ThreadPoolExecutor.java:1130)
	at java.base/java.util.concurrent.ThreadPoolExecutor$Worker.run(ThreadPoolExecutor.java:630)
	at java.base/java.lang.Thread.run(Thread.java:832)
java.lang.IllegalStateException: Writer not present on this server: z59vuwzfFDoy49p2BMzxp8hApPr81oPD3GxAaBnjh8m7KjiigvrPzj8
	at peergos.server.space.JdbcUsageStore.getWriterId(JdbcUsageStore.java:179)
	at peergos.server.space.JdbcUsageStore.getOwner(JdbcUsageStore.java:239)
	at peergos.server.space.JdbcUsageStore.getUsage(JdbcUsageStore.java:268)
	at peergos.server.space.SpaceCheckingKeyFilter.prepareMutablePointerChange(SpaceCheckingKeyFilter.java:214)
	at peergos.server.space.SpaceCheckingKeyFilter.accept(SpaceCheckingKeyFilter.java:182)
	at peergos.server.mutable.MutableEventPropagator.lambda$setPointer$0(MutableEventPropagator.java:30)
	at java.base/java.util.concurrent.CompletableFuture.uniApplyNow(CompletableFuture.java:680)
	at java.base/java.util.concurrent.CompletableFuture.uniApplyStage(CompletableFuture.java:658)
	at java.base/java.util.concurrent.CompletableFuture.thenApply(CompletableFuture.java:2158)
	at peergos.server.mutable.MutableEventPropagator.setPointer(MutableEventPropagator.java:26)
	at peergos.server.mutable.PinningMutablePointers.lambda$setPointer$2(PinningMutablePointers.java:52)
	at java.base/java.util.concurrent.CompletableFuture.uniComposeStage(CompletableFuture.java:1183)
	at java.base/java.util.concurrent.CompletableFuture.thenCompose(CompletableFuture.java:2299)
	at peergos.server.mutable.PinningMutablePointers.lambda$setPointer$3(PinningMutablePointers.java:41)
	at java.base/java.util.concurrent.CompletableFuture.uniComposeStage(CompletableFuture.java:1183)
	at java.base/java.util.concurrent.CompletableFuture.thenCompose(CompletableFuture.java:2299)
	at peergos.server.mutable.PinningMutablePointers.setPointer(PinningMutablePointers.java:33)
	at peergos.server.mutable.BlockingMutablePointers.setPointer(BlockingMutablePointers.java:21)
	at peergos.shared.mutable.ProxyingMutablePointers.lambda$setPointer$0(ProxyingMutablePointers.java:30)
	at peergos.shared.corenode.Proxy.lambda$redirectCall$0(Proxy.java:26)
	at java.base/java.util.concurrent.CompletableFuture.uniComposeStage(CompletableFuture.java:1183)
	at java.base/java.util.concurrent.CompletableFuture.thenCompose(CompletableFuture.java:2299)
	at peergos.shared.corenode.Proxy.lambda$redirectCall$1(Proxy.java:19)
	at java.base/java.util.concurrent.CompletableFuture.uniComposeStage(CompletableFuture.java:1183)
	at java.base/java.util.concurrent.CompletableFuture.thenCompose(CompletableFuture.java:2299)
	at peergos.shared.corenode.Proxy.redirectCall(Proxy.java:18)
	at peergos.shared.mutable.ProxyingMutablePointers.setPointer(ProxyingMutablePointers.java:27)
	at peergos.server.net.MutationHandler.handle(MutationHandler.java:60)
	at jdk.httpserver/com.sun.net.httpserver.Filter$Chain.doFilter(Filter.java:77)
	at jdk.httpserver/sun.net.httpserver.AuthFilter.doFilter(AuthFilter.java:82)
	at jdk.httpserver/com.sun.net.httpserver.Filter$Chain.doFilter(Filter.java:80)
	at jdk.httpserver/sun.net.httpserver.ServerImpl$Exchange$LinkHandler.handle(ServerImpl.java:692)
	at jdk.httpserver/com.sun.net.httpserver.Filter$Chain.doFilter(Filter.java:77)
	at jdk.httpserver/sun.net.httpserver.ServerImpl$Exchange.run(ServerImpl.java:664)
	at java.base/java.util.concurrent.ThreadPoolExecutor.runWorker(ThreadPoolExecutor.java:1130)
	at java.base/java.util.concurrent.ThreadPoolExecutor$Worker.run(ThreadPoolExecutor.java:630)
	at java.base/java.lang.Thread.run(Thread.java:832)
java.lang.IllegalStateException: Writer not present on this server: z59vuwzfFDoy49p2BMzxp8hApPr81oPD3GxAaBnjh8m7KjiigvrPzj8
	at peergos.server.space.JdbcUsageStore.getWriterId(JdbcUsageStore.java:179)
	at peergos.server.space.JdbcUsageStore.getOwner(JdbcUsageStore.java:239)
	at peergos.server.space.JdbcUsageStore.getUsage(JdbcUsageStore.java:268)
	at peergos.server.space.SpaceCheckingKeyFilter.prepareMutablePointerChange(SpaceCheckingKeyFilter.java:214)
	at peergos.server.space.SpaceCheckingKeyFilter.accept(SpaceCheckingKeyFilter.java:182)
	at peergos.server.mutable.MutableEventPropagator.lambda$setPointer$0(MutableEventPropagator.java:30)
	at java.base/java.util.concurrent.CompletableFuture.uniApplyNow(CompletableFuture.java:680)
	at java.base/java.util.concurrent.CompletableFuture.uniApplyStage(CompletableFuture.java:658)
	at java.base/java.util.concurrent.CompletableFuture.thenApply(CompletableFuture.java:2158)
	at peergos.server.mutable.MutableEventPropagator.setPointer(MutableEventPropagator.java:26)
	at peergos.server.mutable.PinningMutablePointers.lambda$setPointer$2(PinningMutablePointers.java:52)
	at java.base/java.util.concurrent.CompletableFuture.uniComposeStage(CompletableFuture.java:1183)
	at java.base/java.util.concurrent.CompletableFuture.thenCompose(CompletableFuture.java:2299)
	at peergos.server.mutable.PinningMutablePointers.lambda$setPointer$3(PinningMutablePointers.java:41)
	at java.base/java.util.concurrent.CompletableFuture.uniComposeStage(CompletableFuture.java:1183)
	at java.base/java.util.concurrent.CompletableFuture.thenCompose(CompletableFuture.java:2299)
	at peergos.server.mutable.PinningMutablePointers.setPointer(PinningMutablePointers.java:33)
	at peergos.server.mutable.BlockingMutablePointers.setPointer(BlockingMutablePointers.java:21)
	at peergos.shared.mutable.ProxyingMutablePointers.lambda$setPointer$0(ProxyingMutablePointers.java:30)
	at peergos.shared.corenode.Proxy.lambda$redirectCall$0(Proxy.java:26)
	at java.base/java.util.concurrent.CompletableFuture.uniComposeStage(CompletableFuture.java:1183)
	at java.base/java.util.concurrent.CompletableFuture.thenCompose(CompletableFuture.java:2299)
	at peergos.shared.corenode.Proxy.lambda$redirectCall$1(Proxy.java:19)
	at java.base/java.util.concurrent.CompletableFuture.uniComposeStage(CompletableFuture.java:1183)
	at java.base/java.util.concurrent.CompletableFuture.thenCompose(CompletableFuture.java:2299)
	at peergos.shared.corenode.Proxy.redirectCall(Proxy.java:18)
	at peergos.shared.mutable.ProxyingMutablePointers.setPointer(ProxyingMutablePointers.java:27)
	at peergos.server.net.MutationHandler.handle(MutationHandler.java:60)
	at jdk.httpserver/com.sun.net.httpserver.Filter$Chain.doFilter(Filter.java:77)
	at jdk.httpserver/sun.net.httpserver.AuthFilter.doFilter(AuthFilter.java:82)
	at jdk.httpserver/com.sun.net.httpserver.Filter$Chain.doFilter(Filter.java:80)
	at jdk.httpserver/sun.net.httpserver.ServerImpl$Exchange$LinkHandler.handle(ServerImpl.java:692)
	at jdk.httpserver/com.sun.net.httpserver.Filter$Chain.doFilter(Filter.java:77)
	at jdk.httpserver/sun.net.httpserver.ServerImpl$Exchange.run(ServerImpl.java:664)
	at java.base/java.util.concurrent.ThreadPoolExecutor.runWorker(ThreadPoolExecutor.java:1130)
	at java.base/java.util.concurrent.ThreadPoolExecutor$Worker.run(ThreadPoolExecutor.java:630)
	at java.base/java.lang.Thread.run(Thread.java:832)
java.lang.IllegalStateException: Writer not present on this server: z59vuwzfFDoy49p2BMzxp8hApPr81oPD3GxAaBnjh8m7KjiigvrPzj8
	at peergos.server.space.JdbcUsageStore.getWriterId(JdbcUsageStore.java:179)
	at peergos.server.space.JdbcUsageStore.getOwner(JdbcUsageStore.java:239)
	at peergos.server.space.JdbcUsageStore.getUsage(JdbcUsageStore.java:268)
	at peergos.server.space.SpaceCheckingKeyFilter.prepareMutablePointerChange(SpaceCheckingKeyFilter.java:214)
	at peergos.server.space.SpaceCheckingKeyFilter.accept(SpaceCheckingKeyFilter.java:182)
	at peergos.server.mutable.MutableEventPropagator.lambda$setPointer$0(MutableEventPropagator.java:30)
	at java.base/java.util.concurrent.CompletableFuture.uniApplyNow(CompletableFuture.java:680)
	at java.base/java.util.concurrent.CompletableFuture.uniApplyStage(CompletableFuture.java:658)
	at java.base/java.util.concurrent.CompletableFuture.thenApply(CompletableFuture.java:2158)
	at peergos.server.mutable.MutableEventPropagator.setPointer(MutableEventPropagator.java:26)
	at peergos.server.mutable.PinningMutablePointers.lambda$setPointer$2(PinningMutablePointers.java:52)
	at java.base/java.util.concurrent.CompletableFuture.uniComposeStage(CompletableFuture.java:1183)
	at java.base/java.util.concurrent.CompletableFuture.thenCompose(CompletableFuture.java:2299)
	at peergos.server.mutable.PinningMutablePointers.lambda$setPointer$3(PinningMutablePointers.java:41)
	at java.base/java.util.concurrent.CompletableFuture.uniComposeStage(CompletableFuture.java:1183)
	at java.base/java.util.concurrent.CompletableFuture.thenCompose(CompletableFuture.java:2299)
	at peergos.server.mutable.PinningMutablePointers.setPointer(PinningMutablePointers.java:33)
	at peergos.server.mutable.BlockingMutablePointers.setPointer(BlockingMutablePointers.java:21)
	at peergos.shared.mutable.ProxyingMutablePointers.lambda$setPointer$0(ProxyingMutablePointers.java:30)
	at peergos.shared.corenode.Proxy.lambda$redirectCall$0(Proxy.java:26)
	at java.base/java.util.concurrent.CompletableFuture.uniComposeStage(CompletableFuture.java:1183)
	at java.base/java.util.concurrent.CompletableFuture.thenCompose(CompletableFuture.java:2299)
	at peergos.shared.corenode.Proxy.lambda$redirectCall$1(Proxy.java:19)
	at java.base/java.util.concurrent.CompletableFuture.uniComposeStage(CompletableFuture.java:1183)
	at java.base/java.util.concurrent.CompletableFuture.thenCompose(CompletableFuture.java:2299)
	at peergos.shared.corenode.Proxy.redirectCall(Proxy.java:18)
	at peergos.shared.mutable.ProxyingMutablePointers.setPointer(ProxyingMutablePointers.java:27)
	at peergos.server.net.MutationHandler.handle(MutationHandler.java:60)
	at jdk.httpserver/com.sun.net.httpserver.Filter$Chain.doFilter(Filter.java:77)
	at jdk.httpserver/sun.net.httpserver.AuthFilter.doFilter(AuthFilter.java:82)
	at jdk.httpserver/com.sun.net.httpserver.Filter$Chain.doFilter(Filter.java:80)
	at jdk.httpserver/sun.net.httpserver.ServerImpl$Exchange$LinkHandler.handle(ServerImpl.java:692)
	at jdk.httpserver/com.sun.net.httpserver.Filter$Chain.doFilter(Filter.java:77)
	at jdk.httpserver/sun.net.httpserver.ServerImpl$Exchange.run(ServerImpl.java:664)
	at java.base/java.util.concurrent.ThreadPoolExecutor.runWorker(ThreadPoolExecutor.java:1130)
	at java.base/java.util.concurrent.ThreadPoolExecutor$Worker.run(ThreadPoolExecutor.java:630)
	at java.base/java.lang.Thread.run(Thread.java:832)
java.lang.IllegalStateException: Writer not present on this server: z59vuwzfFDoy49p2BMzxp8hApPr81oPD3GxAaBnjh8m7KjiigvrPzj8
	at peergos.server.space.JdbcUsageStore.getWriterId(JdbcUsageStore.java:179)
	at peergos.server.space.JdbcUsageStore.getOwner(JdbcUsageStore.java:239)
	at peergos.server.space.JdbcUsageStore.getUsage(JdbcUsageStore.java:268)
	at peergos.server.space.SpaceCheckingKeyFilter.prepareMutablePointerChange(SpaceCheckingKeyFilter.java:214)
	at peergos.server.space.SpaceCheckingKeyFilter.accept(SpaceCheckingKeyFilter.java:182)
	at peergos.server.mutable.MutableEventPropagator.lambda$setPointer$0(MutableEventPropagator.java:30)
	at java.base/java.util.concurrent.CompletableFuture.uniApplyNow(CompletableFuture.java:680)
	at java.base/java.util.concurrent.CompletableFuture.uniApplyStage(CompletableFuture.java:658)
	at java.base/java.util.concurrent.CompletableFuture.thenApply(CompletableFuture.java:2158)
	at peergos.server.mutable.MutableEventPropagator.setPointer(MutableEventPropagator.java:26)
	at peergos.server.mutable.PinningMutablePointers.lambda$setPointer$2(PinningMutablePointers.java:52)
	at java.base/java.util.concurrent.CompletableFuture.uniComposeStage(CompletableFuture.java:1183)
	at java.base/java.util.concurrent.CompletableFuture.thenCompose(CompletableFuture.java:2299)
	at peergos.server.mutable.PinningMutablePointers.lambda$setPointer$3(PinningMutablePointers.java:41)
	at java.base/java.util.concurrent.CompletableFuture.uniComposeStage(CompletableFuture.java:1183)
	at java.base/java.util.concurrent.CompletableFuture.thenCompose(CompletableFuture.java:2299)
	at peergos.server.mutable.PinningMutablePointers.setPointer(PinningMutablePointers.java:33)
	at peergos.server.mutable.BlockingMutablePointers.setPointer(BlockingMutablePointers.java:21)
	at peergos.shared.mutable.ProxyingMutablePointers.lambda$setPointer$0(ProxyingMutablePointers.java:30)
	at peergos.shared.corenode.Proxy.lambda$redirectCall$0(Proxy.java:26)
	at java.base/java.util.concurrent.CompletableFuture.uniComposeStage(CompletableFuture.java:1183)
	at java.base/java.util.concurrent.CompletableFuture.thenCompose(CompletableFuture.java:2299)
	at peergos.shared.corenode.Proxy.lambda$redirectCall$1(Proxy.java:19)
	at java.base/java.util.concurrent.CompletableFuture.uniComposeStage(CompletableFuture.java:1183)
	at java.base/java.util.concurrent.CompletableFuture.thenCompose(CompletableFuture.java:2299)
	at peergos.shared.corenode.Proxy.redirectCall(Proxy.java:18)
	at peergos.shared.mutable.ProxyingMutablePointers.setPointer(ProxyingMutablePointers.java:27)
	at peergos.server.net.MutationHandler.handle(MutationHandler.java:60)
	at jdk.httpserver/com.sun.net.httpserver.Filter$Chain.doFilter(Filter.java:77)
	at jdk.httpserver/sun.net.httpserver.AuthFilter.doFilter(AuthFilter.java:82)
	at jdk.httpserver/com.sun.net.httpserver.Filter$Chain.doFilter(Filter.java:80)
	at jdk.httpserver/sun.net.httpserver.ServerImpl$Exchange$LinkHandler.handle(ServerImpl.java:692)
	at jdk.httpserver/com.sun.net.httpserver.Filter$Chain.doFilter(Filter.java:77)
	at jdk.httpserver/sun.net.httpserver.ServerImpl$Exchange.run(ServerImpl.java:664)
	at java.base/java.util.concurrent.ThreadPoolExecutor.runWorker(ThreadPoolExecutor.java:1130)
	at java.base/java.util.concurrent.ThreadPoolExecutor$Worker.run(ThreadPoolExecutor.java:630)
	at java.base/java.lang.Thread.run(Thread.java:832)
java.lang.IllegalStateException: Writer not present on this server: z59vuwzfFDoy49p2BMzxp8hApPr81oPD3GxAaBnjh8m7KjiigvrPzj8
	at peergos.server.space.JdbcUsageStore.getWriterId(JdbcUsageStore.java:179)
	at peergos.server.space.JdbcUsageStore.getOwner(JdbcUsageStore.java:239)
	at peergos.server.space.JdbcUsageStore.getUsage(JdbcUsageStore.java:268)
	at peergos.server.space.SpaceCheckingKeyFilter.prepareMutablePointerChange(SpaceCheckingKeyFilter.java:214)
	at peergos.server.space.SpaceCheckingKeyFilter.accept(SpaceCheckingKeyFilter.java:182)
	at peergos.server.mutable.MutableEventPropagator.lambda$setPointer$0(MutableEventPropagator.java:30)
	at java.base/java.util.concurrent.CompletableFuture.uniApplyNow(CompletableFuture.java:680)
	at java.base/java.util.concurrent.CompletableFuture.uniApplyStage(CompletableFuture.java:658)
	at java.base/java.util.concurrent.CompletableFuture.thenApply(CompletableFuture.java:2158)
	at peergos.server.mutable.MutableEventPropagator.setPointer(MutableEventPropagator.java:26)
	at peergos.server.mutable.PinningMutablePointers.lambda$setPointer$2(PinningMutablePointers.java:52)
	at java.base/java.util.concurrent.CompletableFuture.uniComposeStage(CompletableFuture.java:1183)
	at java.base/java.util.concurrent.CompletableFuture.thenCompose(CompletableFuture.java:2299)
	at peergos.server.mutable.PinningMutablePointers.lambda$setPointer$3(PinningMutablePointers.java:41)
	at java.base/java.util.concurrent.CompletableFuture.uniComposeStage(CompletableFuture.java:1183)
	at java.base/java.util.concurrent.CompletableFuture.thenCompose(CompletableFuture.java:2299)
	at peergos.server.mutable.PinningMutablePointers.setPointer(PinningMutablePointers.java:33)
	at peergos.server.mutable.BlockingMutablePointers.setPointer(BlockingMutablePointers.java:21)
	at peergos.shared.mutable.ProxyingMutablePointers.lambda$setPointer$0(ProxyingMutablePointers.java:30)
	at peergos.shared.corenode.Proxy.lambda$redirectCall$0(Proxy.java:26)
	at java.base/java.util.concurrent.CompletableFuture.uniComposeStage(CompletableFuture.java:1183)
	at java.base/java.util.concurrent.CompletableFuture.thenCompose(CompletableFuture.java:2299)
	at peergos.shared.corenode.Proxy.lambda$redirectCall$1(Proxy.java:19)
	at java.base/java.util.concurrent.CompletableFuture.uniComposeStage(CompletableFuture.java:1183)
	at java.base/java.util.concurrent.CompletableFuture.thenCompose(CompletableFuture.java:2299)
	at peergos.shared.corenode.Proxy.redirectCall(Proxy.java:18)
	at peergos.shared.mutable.ProxyingMutablePointers.setPointer(ProxyingMutablePointers.java:27)
	at peergos.server.net.MutationHandler.handle(MutationHandler.java:60)
	at jdk.httpserver/com.sun.net.httpserver.Filter$Chain.doFilter(Filter.java:77)
	at jdk.httpserver/sun.net.httpserver.AuthFilter.doFilter(AuthFilter.java:82)
	at jdk.httpserver/com.sun.net.httpserver.Filter$Chain.doFilter(Filter.java:80)
	at jdk.httpserver/sun.net.httpserver.ServerImpl$Exchange$LinkHandler.handle(ServerImpl.java:692)
	at jdk.httpserver/com.sun.net.httpserver.Filter$Chain.doFilter(Filter.java:77)
	at jdk.httpserver/sun.net.httpserver.ServerImpl$Exchange.run(ServerImpl.java:664)
	at java.base/java.util.concurrent.ThreadPoolExecutor.runWorker(ThreadPoolExecutor.java:1130)
	at java.base/java.util.concurrent.ThreadPoolExecutor$Worker.run(ThreadPoolExecutor.java:630)
	at java.base/java.lang.Thread.run(Thread.java:832)
java.lang.IllegalStateException: Writer not present on this server: z59vuwzfFDoy49p2BMzxp8hApPr81oPD3GxAaBnjh8m7KjiigvrPzj8
	at peergos.server.space.JdbcUsageStore.getWriterId(JdbcUsageStore.java:179)
	at peergos.server.space.JdbcUsageStore.getOwner(JdbcUsageStore.java:239)
	at peergos.server.space.JdbcUsageStore.getUsage(JdbcUsageStore.java:268)
	at peergos.server.space.SpaceCheckingKeyFilter.prepareMutablePointerChange(SpaceCheckingKeyFilter.java:214)
	at peergos.server.space.SpaceCheckingKeyFilter.accept(SpaceCheckingKeyFilter.java:182)
	at peergos.server.mutable.MutableEventPropagator.lambda$setPointer$0(MutableEventPropagator.java:30)
	at java.base/java.util.concurrent.CompletableFuture.uniApplyNow(CompletableFuture.java:680)
	at java.base/java.util.concurrent.CompletableFuture.uniApplyStage(CompletableFuture.java:658)
	at java.base/java.util.concurrent.CompletableFuture.thenApply(CompletableFuture.java:2158)
	at peergos.server.mutable.MutableEventPropagator.setPointer(MutableEventPropagator.java:26)
	at peergos.server.mutable.PinningMutablePointers.lambda$setPointer$2(PinningMutablePointers.java:52)
	at java.base/java.util.concurrent.CompletableFuture.uniComposeStage(CompletableFuture.java:1183)
	at java.base/java.util.concurrent.CompletableFuture.thenCompose(CompletableFuture.java:2299)
	at peergos.server.mutable.PinningMutablePointers.lambda$setPointer$3(PinningMutablePointers.java:41)
	at java.base/java.util.concurrent.CompletableFuture.uniComposeStage(CompletableFuture.java:1183)
	at java.base/java.util.concurrent.CompletableFuture.thenCompose(CompletableFuture.java:2299)
	at peergos.server.mutable.PinningMutablePointers.setPointer(PinningMutablePointers.java:33)
	at peergos.server.mutable.BlockingMutablePointers.setPointer(BlockingMutablePointers.java:21)
	at peergos.shared.mutable.ProxyingMutablePointers.lambda$setPointer$0(ProxyingMutablePointers.java:30)
	at peergos.shared.corenode.Proxy.lambda$redirectCall$0(Proxy.java:26)
	at java.base/java.util.concurrent.CompletableFuture.uniComposeStage(CompletableFuture.java:1183)
	at java.base/java.util.concurrent.CompletableFuture.thenCompose(CompletableFuture.java:2299)
	at peergos.shared.corenode.Proxy.lambda$redirectCall$1(Proxy.java:19)
	at java.base/java.util.concurrent.CompletableFuture.uniComposeStage(CompletableFuture.java:1183)
	at java.base/java.util.concurrent.CompletableFuture.thenCompose(CompletableFuture.java:2299)
	at peergos.shared.corenode.Proxy.redirectCall(Proxy.java:18)
	at peergos.shared.mutable.ProxyingMutablePointers.setPointer(ProxyingMutablePointers.java:27)
	at peergos.server.net.MutationHandler.handle(MutationHandler.java:60)
	at jdk.httpserver/com.sun.net.httpserver.Filter$Chain.doFilter(Filter.java:77)
	at jdk.httpserver/sun.net.httpserver.AuthFilter.doFilter(AuthFilter.java:82)
	at jdk.httpserver/com.sun.net.httpserver.Filter$Chain.doFilter(Filter.java:80)
	at jdk.httpserver/sun.net.httpserver.ServerImpl$Exchange$LinkHandler.handle(ServerImpl.java:692)
	at jdk.httpserver/com.sun.net.httpserver.Filter$Chain.doFilter(Filter.java:77)
	at jdk.httpserver/sun.net.httpserver.ServerImpl$Exchange.run(ServerImpl.java:664)
	at java.base/java.util.concurrent.ThreadPoolExecutor.runWorker(ThreadPoolExecutor.java:1130)
	at java.base/java.util.concurrent.ThreadPoolExecutor$Worker.run(ThreadPoolExecutor.java:630)
	at java.base/java.lang.Thread.run(Thread.java:832)
java.lang.IllegalStateException: Writer not present on this server: z59vuwzfFDorTu9Hcbm6DVRi8TAqF7PdJhbbhoeURiczPhvvhSfW3z9
	at peergos.server.space.JdbcUsageStore.getWriterId(JdbcUsageStore.java:179)
	at peergos.server.space.JdbcUsageStore.getOwner(JdbcUsageStore.java:239)
	at peergos.server.space.JdbcUsageStore.getUsage(JdbcUsageStore.java:268)
	at peergos.server.space.SpaceCheckingKeyFilter.prepareMutablePointerChange(SpaceCheckingKeyFilter.java:214)
	at peergos.server.space.SpaceCheckingKeyFilter.accept(SpaceCheckingKeyFilter.java:182)
	at peergos.server.mutable.MutableEventPropagator.lambda$setPointer$0(MutableEventPropagator.java:30)
	at java.base/java.util.concurrent.CompletableFuture.uniApplyNow(CompletableFuture.java:680)
	at java.base/java.util.concurrent.CompletableFuture.uniApplyStage(CompletableFuture.java:658)
	at java.base/java.util.concurrent.CompletableFuture.thenApply(CompletableFuture.java:2158)
	at peergos.server.mutable.MutableEventPropagator.setPointer(MutableEventPropagator.java:26)
	at peergos.server.mutable.PinningMutablePointers.lambda$setPointer$2(PinningMutablePointers.java:52)
	at java.base/java.util.concurrent.CompletableFuture.uniComposeStage(CompletableFuture.java:1183)
	at java.base/java.util.concurrent.CompletableFuture.thenCompose(CompletableFuture.java:2299)
	at peergos.server.mutable.PinningMutablePointers.lambda$setPointer$3(PinningMutablePointers.java:41)
	at java.base/java.util.concurrent.CompletableFuture.uniComposeStage(CompletableFuture.java:1183)
	at java.base/java.util.concurrent.CompletableFuture.thenCompose(CompletableFuture.java:2299)
	at peergos.server.mutable.PinningMutablePointers.setPointer(PinningMutablePointers.java:33)
	at peergos.server.mutable.BlockingMutablePointers.setPointer(BlockingMutablePointers.java:21)
	at peergos.shared.mutable.ProxyingMutablePointers.lambda$setPointer$0(ProxyingMutablePointers.java:30)
	at peergos.shared.corenode.Proxy.lambda$redirectCall$0(Proxy.java:26)
	at java.base/java.util.concurrent.CompletableFuture.uniComposeStage(CompletableFuture.java:1183)
	at java.base/java.util.concurrent.CompletableFuture.thenCompose(CompletableFuture.java:2299)
	at peergos.shared.corenode.Proxy.lambda$redirectCall$1(Proxy.java:19)
	at java.base/java.util.concurrent.CompletableFuture.uniComposeStage(CompletableFuture.java:1183)
	at java.base/java.util.concurrent.CompletableFuture.thenCompose(CompletableFuture.java:2299)
	at peergos.shared.corenode.Proxy.redirectCall(Proxy.java:18)
	at peergos.shared.mutable.ProxyingMutablePointers.setPointer(ProxyingMutablePointers.java:27)
	at peergos.server.net.MutationHandler.handle(MutationHandler.java:60)
	at jdk.httpserver/com.sun.net.httpserver.Filter$Chain.doFilter(Filter.java:77)
	at jdk.httpserver/sun.net.httpserver.AuthFilter.doFilter(AuthFilter.java:82)
	at jdk.httpserver/com.sun.net.httpserver.Filter$Chain.doFilter(Filter.java:80)
	at jdk.httpserver/sun.net.httpserver.ServerImpl$Exchange$LinkHandler.handle(ServerImpl.java:692)
	at jdk.httpserver/com.sun.net.httpserver.Filter$Chain.doFilter(Filter.java:77)
	at jdk.httpserver/sun.net.httpserver.ServerImpl$Exchange.run(ServerImpl.java:664)
	at java.base/java.util.concurrent.ThreadPoolExecutor.runWorker(ThreadPoolExecutor.java:1130)
	at java.base/java.util.concurrent.ThreadPoolExecutor$Worker.run(ThreadPoolExecutor.java:630)
	at java.base/java.lang.Thread.run(Thread.java:832)
java.lang.IllegalStateException: Writer not present on this server: z59vuwzfFDorTu9Hcbm6DVRi8TAqF7PdJhbbhoeURiczPhvvhSfW3z9
	at peergos.server.space.JdbcUsageStore.getWriterId(JdbcUsageStore.java:179)
	at peergos.server.space.JdbcUsageStore.getOwner(JdbcUsageStore.java:239)
	at peergos.server.space.JdbcUsageStore.getUsage(JdbcUsageStore.java:268)
	at peergos.server.space.SpaceCheckingKeyFilter.prepareMutablePointerChange(SpaceCheckingKeyFilter.java:214)
	at peergos.server.space.SpaceCheckingKeyFilter.accept(SpaceCheckingKeyFilter.java:182)
	at peergos.server.mutable.MutableEventPropagator.lambda$setPointer$0(MutableEventPropagator.java:30)
	at java.base/java.util.concurrent.CompletableFuture.uniApplyNow(CompletableFuture.java:680)
	at java.base/java.util.concurrent.CompletableFuture.uniApplyStage(CompletableFuture.java:658)
	at java.base/java.util.concurrent.CompletableFuture.thenApply(CompletableFuture.java:2158)
	at peergos.server.mutable.MutableEventPropagator.setPointer(MutableEventPropagator.java:26)
	at peergos.server.mutable.PinningMutablePointers.lambda$setPointer$2(PinningMutablePointers.java:52)
	at java.base/java.util.concurrent.CompletableFuture.uniComposeStage(CompletableFuture.java:1183)
	at java.base/java.util.concurrent.CompletableFuture.thenCompose(CompletableFuture.java:2299)
	at peergos.server.mutable.PinningMutablePointers.lambda$setPointer$3(PinningMutablePointers.java:41)
	at java.base/java.util.concurrent.CompletableFuture.uniComposeStage(CompletableFuture.java:1183)
	at java.base/java.util.concurrent.CompletableFuture.thenCompose(CompletableFuture.java:2299)
	at peergos.server.mutable.PinningMutablePointers.setPointer(PinningMutablePointers.java:33)
	at peergos.server.mutable.BlockingMutablePointers.setPointer(BlockingMutablePointers.java:21)
	at peergos.shared.mutable.ProxyingMutablePointers.lambda$setPointer$0(ProxyingMutablePointers.java:30)
	at peergos.shared.corenode.Proxy.lambda$redirectCall$0(Proxy.java:26)
	at java.base/java.util.concurrent.CompletableFuture.uniComposeStage(CompletableFuture.java:1183)
	at java.base/java.util.concurrent.CompletableFuture.thenCompose(CompletableFuture.java:2299)
	at peergos.shared.corenode.Proxy.lambda$redirectCall$1(Proxy.java:19)
	at java.base/java.util.concurrent.CompletableFuture.uniComposeStage(CompletableFuture.java:1183)
	at java.base/java.util.concurrent.CompletableFuture.thenCompose(CompletableFuture.java:2299)
	at peergos.shared.corenode.Proxy.redirectCall(Proxy.java:18)
	at peergos.shared.mutable.ProxyingMutablePointers.setPointer(ProxyingMutablePointers.java:27)
	at peergos.server.net.MutationHandler.handle(MutationHandler.java:60)
	at jdk.httpserver/com.sun.net.httpserver.Filter$Chain.doFilter(Filter.java:77)
	at jdk.httpserver/sun.net.httpserver.AuthFilter.doFilter(AuthFilter.java:82)
	at jdk.httpserver/com.sun.net.httpserver.Filter$Chain.doFilter(Filter.java:80)
	at jdk.httpserver/sun.net.httpserver.ServerImpl$Exchange$LinkHandler.handle(ServerImpl.java:692)
	at jdk.httpserver/com.sun.net.httpserver.Filter$Chain.doFilter(Filter.java:77)
	at jdk.httpserver/sun.net.httpserver.ServerImpl$Exchange.run(ServerImpl.java:664)
	at java.base/java.util.concurrent.ThreadPoolExecutor.runWorker(ThreadPoolExecutor.java:1130)
	at java.base/java.util.concurrent.ThreadPoolExecutor$Worker.run(ThreadPoolExecutor.java:630)
	at java.base/java.lang.Thread.run(Thread.java:832)
java.lang.IllegalStateException: Writer not present on this server: z59vuwzfFDotFs4Ue21CmMKERaninvDgNM4nN39pUTrcPfFmQjMj5e1
	at peergos.server.space.JdbcUsageStore.getWriterId(JdbcUsageStore.java:179)
	at peergos.server.space.JdbcUsageStore.getOwner(JdbcUsageStore.java:239)
	at peergos.server.space.JdbcUsageStore.getUsage(JdbcUsageStore.java:268)
	at peergos.server.space.SpaceCheckingKeyFilter.prepareMutablePointerChange(SpaceCheckingKeyFilter.java:214)
	at peergos.server.space.SpaceCheckingKeyFilter.accept(SpaceCheckingKeyFilter.java:182)
	at peergos.server.mutable.MutableEventPropagator.lambda$setPointer$0(MutableEventPropagator.java:30)
	at java.base/java.util.concurrent.CompletableFuture.uniApplyNow(CompletableFuture.java:680)
	at java.base/java.util.concurrent.CompletableFuture.uniApplyStage(CompletableFuture.java:658)
	at java.base/java.util.concurrent.CompletableFuture.thenApply(CompletableFuture.java:2158)
	at peergos.server.mutable.MutableEventPropagator.setPointer(MutableEventPropagator.java:26)
	at peergos.server.mutable.PinningMutablePointers.lambda$setPointer$2(PinningMutablePointers.java:52)
	at java.base/java.util.concurrent.CompletableFuture.uniComposeStage(CompletableFuture.java:1183)
	at java.base/java.util.concurrent.CompletableFuture.thenCompose(CompletableFuture.java:2299)
	at peergos.server.mutable.PinningMutablePointers.lambda$setPointer$3(PinningMutablePointers.java:41)
	at java.base/java.util.concurrent.CompletableFuture.uniComposeStage(CompletableFuture.java:1183)
	at java.base/java.util.concurrent.CompletableFuture.thenCompose(CompletableFuture.java:2299)
	at peergos.server.mutable.PinningMutablePointers.setPointer(PinningMutablePointers.java:33)
	at peergos.server.mutable.BlockingMutablePointers.setPointer(BlockingMutablePointers.java:21)
	at peergos.shared.mutable.ProxyingMutablePointers.lambda$setPointer$0(ProxyingMutablePointers.java:30)
	at peergos.shared.corenode.Proxy.lambda$redirectCall$0(Proxy.java:26)
	at java.base/java.util.concurrent.CompletableFuture.uniComposeStage(CompletableFuture.java:1183)
	at java.base/java.util.concurrent.CompletableFuture.thenCompose(CompletableFuture.java:2299)
	at peergos.shared.corenode.Proxy.lambda$redirectCall$1(Proxy.java:19)
	at java.base/java.util.concurrent.CompletableFuture.uniComposeStage(CompletableFuture.java:1183)
	at java.base/java.util.concurrent.CompletableFuture.thenCompose(CompletableFuture.java:2299)
	at peergos.shared.corenode.Proxy.redirectCall(Proxy.java:18)
	at peergos.shared.mutable.ProxyingMutablePointers.setPointer(ProxyingMutablePointers.java:27)
	at peergos.server.net.MutationHandler.handle(MutationHandler.java:60)
	at jdk.httpserver/com.sun.net.httpserver.Filter$Chain.doFilter(Filter.java:77)
	at jdk.httpserver/sun.net.httpserver.AuthFilter.doFilter(AuthFilter.java:82)
	at jdk.httpserver/com.sun.net.httpserver.Filter$Chain.doFilter(Filter.java:80)
	at jdk.httpserver/sun.net.httpserver.ServerImpl$Exchange$LinkHandler.handle(ServerImpl.java:692)
	at jdk.httpserver/com.sun.net.httpserver.Filter$Chain.doFilter(Filter.java:77)
	at jdk.httpserver/sun.net.httpserver.ServerImpl$Exchange.run(ServerImpl.java:664)
	at java.base/java.util.concurrent.ThreadPoolExecutor.runWorker(ThreadPoolExecutor.java:1130)
	at java.base/java.util.concurrent.ThreadPoolExecutor$Worker.run(ThreadPoolExecutor.java:630)
	at java.base/java.lang.Thread.run(Thread.java:832)
java.lang.IllegalStateException: Writer not present on this server: z59vuwzfFDotFs4Ue21CmMKERaninvDgNM4nN39pUTrcPfFmQjMj5e1
	at peergos.server.space.JdbcUsageStore.getWriterId(JdbcUsageStore.java:179)
	at peergos.server.space.JdbcUsageStore.getOwner(JdbcUsageStore.java:239)
	at peergos.server.space.JdbcUsageStore.getUsage(JdbcUsageStore.java:268)
	at peergos.server.space.SpaceCheckingKeyFilter.prepareMutablePointerChange(SpaceCheckingKeyFilter.java:214)
	at peergos.server.space.SpaceCheckingKeyFilter.accept(SpaceCheckingKeyFilter.java:182)
	at peergos.server.mutable.MutableEventPropagator.lambda$setPointer$0(MutableEventPropagator.java:30)
	at java.base/java.util.concurrent.CompletableFuture.uniApplyNow(CompletableFuture.java:680)
	at java.base/java.util.concurrent.CompletableFuture.uniApplyStage(CompletableFuture.java:658)
	at java.base/java.util.concurrent.CompletableFuture.thenApply(CompletableFuture.java:2158)
	at peergos.server.mutable.MutableEventPropagator.setPointer(MutableEventPropagator.java:26)
	at peergos.server.mutable.PinningMutablePointers.lambda$setPointer$2(PinningMutablePointers.java:52)
	at java.base/java.util.concurrent.CompletableFuture.uniComposeStage(CompletableFuture.java:1183)
	at java.base/java.util.concurrent.CompletableFuture.thenCompose(CompletableFuture.java:2299)
	at peergos.server.mutable.PinningMutablePointers.lambda$setPointer$3(PinningMutablePointers.java:41)
	at java.base/java.util.concurrent.CompletableFuture.uniComposeStage(CompletableFuture.java:1183)
	at java.base/java.util.concurrent.CompletableFuture.thenCompose(CompletableFuture.java:2299)
	at peergos.server.mutable.PinningMutablePointers.setPointer(PinningMutablePointers.java:33)
	at peergos.server.mutable.BlockingMutablePointers.setPointer(BlockingMutablePointers.java:21)
	at peergos.shared.mutable.ProxyingMutablePointers.lambda$setPointer$0(ProxyingMutablePointers.java:30)
	at peergos.shared.corenode.Proxy.lambda$redirectCall$0(Proxy.java:26)
	at java.base/java.util.concurrent.CompletableFuture.uniComposeStage(CompletableFuture.java:1183)
	at java.base/java.util.concurrent.CompletableFuture.thenCompose(CompletableFuture.java:2299)
	at peergos.shared.corenode.Proxy.lambda$redirectCall$1(Proxy.java:19)
	at java.base/java.util.concurrent.CompletableFuture.uniComposeStage(CompletableFuture.java:1183)
	at java.base/java.util.concurrent.CompletableFuture.thenCompose(CompletableFuture.java:2299)
	at peergos.shared.corenode.Proxy.redirectCall(Proxy.java:18)
	at peergos.shared.mutable.ProxyingMutablePointers.setPointer(ProxyingMutablePointers.java:27)
	at peergos.server.net.MutationHandler.handle(MutationHandler.java:60)
	at jdk.httpserver/com.sun.net.httpserver.Filter$Chain.doFilter(Filter.java:77)
	at jdk.httpserver/sun.net.httpserver.AuthFilter.doFilter(AuthFilter.java:82)
	at jdk.httpserver/com.sun.net.httpserver.Filter$Chain.doFilter(Filter.java:80)
	at jdk.httpserver/sun.net.httpserver.ServerImpl$Exchange$LinkHandler.handle(ServerImpl.java:692)
	at jdk.httpserver/com.sun.net.httpserver.Filter$Chain.doFilter(Filter.java:77)
	at jdk.httpserver/sun.net.httpserver.ServerImpl$Exchange.run(ServerImpl.java:664)
	at java.base/java.util.concurrent.ThreadPoolExecutor.runWorker(ThreadPoolExecutor.java:1130)
	at java.base/java.util.concurrent.ThreadPoolExecutor$Worker.run(ThreadPoolExecutor.java:630)
	at java.base/java.lang.Thread.run(Thread.java:832)
java.lang.IllegalStateException: Writer not present on this server: z59vuwzfFDorTu9Hcbm6DVRi8TAqF7PdJhbbhoeURiczPhvvhSfW3z9
	at peergos.server.space.JdbcUsageStore.getWriterId(JdbcUsageStore.java:179)
	at peergos.server.space.JdbcUsageStore.getOwner(JdbcUsageStore.java:239)
	at peergos.server.space.JdbcUsageStore.getUsage(JdbcUsageStore.java:268)
	at peergos.server.space.SpaceCheckingKeyFilter.prepareMutablePointerChange(SpaceCheckingKeyFilter.java:214)
	at peergos.server.space.SpaceCheckingKeyFilter.accept(SpaceCheckingKeyFilter.java:182)
	at peergos.server.mutable.MutableEventPropagator.lambda$setPointer$0(MutableEventPropagator.java:30)
	at java.base/java.util.concurrent.CompletableFuture.uniApplyNow(CompletableFuture.java:680)
	at java.base/java.util.concurrent.CompletableFuture.uniApplyStage(CompletableFuture.java:658)
	at java.base/java.util.concurrent.CompletableFuture.thenApply(CompletableFuture.java:2158)
	at peergos.server.mutable.MutableEventPropagator.setPointer(MutableEventPropagator.java:26)
	at peergos.server.mutable.PinningMutablePointers.lambda$setPointer$2(PinningMutablePointers.java:52)
	at java.base/java.util.concurrent.CompletableFuture.uniComposeStage(CompletableFuture.java:1183)
	at java.base/java.util.concurrent.CompletableFuture.thenCompose(CompletableFuture.java:2299)
	at peergos.server.mutable.PinningMutablePointers.lambda$setPointer$3(PinningMutablePointers.java:41)
	at java.base/java.util.concurrent.CompletableFuture.uniComposeStage(CompletableFuture.java:1183)
	at java.base/java.util.concurrent.CompletableFuture.thenCompose(CompletableFuture.java:2299)
	at peergos.server.mutable.PinningMutablePointers.setPointer(PinningMutablePointers.java:33)
	at peergos.server.mutable.BlockingMutablePointers.setPointer(BlockingMutablePointers.java:21)
	at peergos.shared.mutable.ProxyingMutablePointers.lambda$setPointer$0(ProxyingMutablePointers.java:30)
	at peergos.shared.corenode.Proxy.lambda$redirectCall$0(Proxy.java:26)
	at java.base/java.util.concurrent.CompletableFuture.uniComposeStage(CompletableFuture.java:1183)
	at java.base/java.util.concurrent.CompletableFuture.thenCompose(CompletableFuture.java:2299)
	at peergos.shared.corenode.Proxy.lambda$redirectCall$1(Proxy.java:19)
	at java.base/java.util.concurrent.CompletableFuture.uniComposeStage(CompletableFuture.java:1183)
	at java.base/java.util.concurrent.CompletableFuture.thenCompose(CompletableFuture.java:2299)
	at peergos.shared.corenode.Proxy.redirectCall(Proxy.java:18)
	at peergos.shared.mutable.ProxyingMutablePointers.setPointer(ProxyingMutablePointers.java:27)
	at peergos.server.net.MutationHandler.handle(MutationHandler.java:60)
	at jdk.httpserver/com.sun.net.httpserver.Filter$Chain.doFilter(Filter.java:77)
	at jdk.httpserver/sun.net.httpserver.AuthFilter.doFilter(AuthFilter.java:82)
	at jdk.httpserver/com.sun.net.httpserver.Filter$Chain.doFilter(Filter.java:80)
	at jdk.httpserver/sun.net.httpserver.ServerImpl$Exchange$LinkHandler.handle(ServerImpl.java:692)
	at jdk.httpserver/com.sun.net.httpserver.Filter$Chain.doFilter(Filter.java:77)
	at jdk.httpserver/sun.net.httpserver.ServerImpl$Exchange.run(ServerImpl.java:664)
	at java.base/java.util.concurrent.ThreadPoolExecutor.runWorker(ThreadPoolExecutor.java:1130)
	at java.base/java.util.concurrent.ThreadPoolExecutor$Worker.run(ThreadPoolExecutor.java:630)
	at java.base/java.lang.Thread.run(Thread.java:832)
java.lang.IllegalStateException: Writer not present on this server: z59vuwzfFDotFs4Ue21CmMKERaninvDgNM4nN39pUTrcPfFmQjMj5e1
	at peergos.server.space.JdbcUsageStore.getWriterId(JdbcUsageStore.java:179)
	at peergos.server.space.JdbcUsageStore.getOwner(JdbcUsageStore.java:239)
	at peergos.server.space.JdbcUsageStore.getUsage(JdbcUsageStore.java:268)
	at peergos.server.space.SpaceCheckingKeyFilter.prepareMutablePointerChange(SpaceCheckingKeyFilter.java:214)
	at peergos.server.space.SpaceCheckingKeyFilter.accept(SpaceCheckingKeyFilter.java:182)
	at peergos.server.mutable.MutableEventPropagator.lambda$setPointer$0(MutableEventPropagator.java:30)
	at java.base/java.util.concurrent.CompletableFuture.uniApplyNow(CompletableFuture.java:680)
	at java.base/java.util.concurrent.CompletableFuture.uniApplyStage(CompletableFuture.java:658)
	at java.base/java.util.concurrent.CompletableFuture.thenApply(CompletableFuture.java:2158)
	at peergos.server.mutable.MutableEventPropagator.setPointer(MutableEventPropagator.java:26)
	at peergos.server.mutable.PinningMutablePointers.lambda$setPointer$2(PinningMutablePointers.java:52)
	at java.base/java.util.concurrent.CompletableFuture.uniComposeStage(CompletableFuture.java:1183)
	at java.base/java.util.concurrent.CompletableFuture.thenCompose(CompletableFuture.java:2299)
	at peergos.server.mutable.PinningMutablePointers.lambda$setPointer$3(PinningMutablePointers.java:41)
	at java.base/java.util.concurrent.CompletableFuture.uniComposeStage(CompletableFuture.java:1183)
	at java.base/java.util.concurrent.CompletableFuture.thenCompose(CompletableFuture.java:2299)
	at peergos.server.mutable.PinningMutablePointers.setPointer(PinningMutablePointers.java:33)
	at peergos.server.mutable.BlockingMutablePointers.setPointer(BlockingMutablePointers.java:21)
	at peergos.shared.mutable.ProxyingMutablePointers.lambda$setPointer$0(ProxyingMutablePointers.java:30)
	at peergos.shared.corenode.Proxy.lambda$redirectCall$0(Proxy.java:26)
	at java.base/java.util.concurrent.CompletableFuture.uniComposeStage(CompletableFuture.java:1183)
	at java.base/java.util.concurrent.CompletableFuture.thenCompose(CompletableFuture.java:2299)
	at peergos.shared.corenode.Proxy.lambda$redirectCall$1(Proxy.java:19)
	at java.base/java.util.concurrent.CompletableFuture.uniComposeStage(CompletableFuture.java:1183)
	at java.base/java.util.concurrent.CompletableFuture.thenCompose(CompletableFuture.java:2299)
	at peergos.shared.corenode.Proxy.redirectCall(Proxy.java:18)
	at peergos.shared.mutable.ProxyingMutablePointers.setPointer(ProxyingMutablePointers.java:27)
	at peergos.server.net.MutationHandler.handle(MutationHandler.java:60)
	at jdk.httpserver/com.sun.net.httpserver.Filter$Chain.doFilter(Filter.java:77)
	at jdk.httpserver/sun.net.httpserver.AuthFilter.doFilter(AuthFilter.java:82)
	at jdk.httpserver/com.sun.net.httpserver.Filter$Chain.doFilter(Filter.java:80)
	at jdk.httpserver/sun.net.httpserver.ServerImpl$Exchange$LinkHandler.handle(ServerImpl.java:692)
	at jdk.httpserver/com.sun.net.httpserver.Filter$Chain.doFilter(Filter.java:77)
	at jdk.httpserver/sun.net.httpserver.ServerImpl$Exchange.run(ServerImpl.java:664)
	at java.base/java.util.concurrent.ThreadPoolExecutor.runWorker(ThreadPoolExecutor.java:1130)
	at java.base/java.util.concurrent.ThreadPoolExecutor$Worker.run(ThreadPoolExecutor.java:630)
	at java.base/java.lang.Thread.run(Thread.java:832)
java.lang.IllegalStateException: Writer not present on this server: z59vuwzfFDotFs4Ue21CmMKERaninvDgNM4nN39pUTrcPfFmQjMj5e1
	at peergos.server.space.JdbcUsageStore.getWriterId(JdbcUsageStore.java:179)
	at peergos.server.space.JdbcUsageStore.getOwner(JdbcUsageStore.java:239)
	at peergos.server.space.JdbcUsageStore.getUsage(JdbcUsageStore.java:268)
	at peergos.server.space.SpaceCheckingKeyFilter.prepareMutablePointerChange(SpaceCheckingKeyFilter.java:214)
	at peergos.server.space.SpaceCheckingKeyFilter.accept(SpaceCheckingKeyFilter.java:182)
	at peergos.server.mutable.MutableEventPropagator.lambda$setPointer$0(MutableEventPropagator.java:30)
	at java.base/java.util.concurrent.CompletableFuture.uniApplyNow(CompletableFuture.java:680)
	at java.base/java.util.concurrent.CompletableFuture.uniApplyStage(CompletableFuture.java:658)
	at java.base/java.util.concurrent.CompletableFuture.thenApply(CompletableFuture.java:2158)
	at peergos.server.mutable.MutableEventPropagator.setPointer(MutableEventPropagator.java:26)
	at peergos.server.mutable.PinningMutablePointers.lambda$setPointer$2(PinningMutablePointers.java:52)
	at java.base/java.util.concurrent.CompletableFuture.uniComposeStage(CompletableFuture.java:1183)
	at java.base/java.util.concurrent.CompletableFuture.thenCompose(CompletableFuture.java:2299)
	at peergos.server.mutable.PinningMutablePointers.lambda$setPointer$3(PinningMutablePointers.java:41)
	at java.base/java.util.concurrent.CompletableFuture.uniComposeStage(CompletableFuture.java:1183)
	at java.base/java.util.concurrent.CompletableFuture.thenCompose(CompletableFuture.java:2299)
	at peergos.server.mutable.PinningMutablePointers.setPointer(PinningMutablePointers.java:33)
	at peergos.server.mutable.BlockingMutablePointers.setPointer(BlockingMutablePointers.java:21)
	at peergos.shared.mutable.ProxyingMutablePointers.lambda$setPointer$0(ProxyingMutablePointers.java:30)
	at peergos.shared.corenode.Proxy.lambda$redirectCall$0(Proxy.java:26)
	at java.base/java.util.concurrent.CompletableFuture.uniComposeStage(CompletableFuture.java:1183)
	at java.base/java.util.concurrent.CompletableFuture.thenCompose(CompletableFuture.java:2299)
	at peergos.shared.corenode.Proxy.lambda$redirectCall$1(Proxy.java:19)
	at java.base/java.util.concurrent.CompletableFuture.uniComposeStage(CompletableFuture.java:1183)
	at java.base/java.util.concurrent.CompletableFuture.thenCompose(CompletableFuture.java:2299)
	at peergos.shared.corenode.Proxy.redirectCall(Proxy.java:18)
	at peergos.shared.mutable.ProxyingMutablePointers.setPointer(ProxyingMutablePointers.java:27)
	at peergos.server.net.MutationHandler.handle(MutationHandler.java:60)
	at jdk.httpserver/com.sun.net.httpserver.Filter$Chain.doFilter(Filter.java:77)
	at jdk.httpserver/sun.net.httpserver.AuthFilter.doFilter(AuthFilter.java:82)
	at jdk.httpserver/com.sun.net.httpserver.Filter$Chain.doFilter(Filter.java:80)
	at jdk.httpserver/sun.net.httpserver.ServerImpl$Exchange$LinkHandler.handle(ServerImpl.java:692)
	at jdk.httpserver/com.sun.net.httpserver.Filter$Chain.doFilter(Filter.java:77)
	at jdk.httpserver/sun.net.httpserver.ServerImpl$Exchange.run(ServerImpl.java:664)
	at java.base/java.util.concurrent.ThreadPoolExecutor.runWorker(ThreadPoolExecutor.java:1130)
	at java.base/java.util.concurrent.ThreadPoolExecutor$Worker.run(ThreadPoolExecutor.java:630)
	at java.base/java.lang.Thread.run(Thread.java:832)
java.lang.IllegalStateException: Writer not present on this server: z59vuwzfFDotFs4Ue21CmMKERaninvDgNM4nN39pUTrcPfFmQjMj5e1
	at peergos.server.space.JdbcUsageStore.getWriterId(JdbcUsageStore.java:179)
	at peergos.server.space.JdbcUsageStore.getOwner(JdbcUsageStore.java:239)
	at peergos.server.space.JdbcUsageStore.getUsage(JdbcUsageStore.java:268)
	at peergos.server.space.SpaceCheckingKeyFilter.prepareMutablePointerChange(SpaceCheckingKeyFilter.java:214)
	at peergos.server.space.SpaceCheckingKeyFilter.accept(SpaceCheckingKeyFilter.java:182)
	at peergos.server.mutable.MutableEventPropagator.lambda$setPointer$0(MutableEventPropagator.java:30)
	at java.base/java.util.concurrent.CompletableFuture.uniApplyNow(CompletableFuture.java:680)
	at java.base/java.util.concurrent.CompletableFuture.uniApplyStage(CompletableFuture.java:658)
	at java.base/java.util.concurrent.CompletableFuture.thenApply(CompletableFuture.java:2158)
	at peergos.server.mutable.MutableEventPropagator.setPointer(MutableEventPropagator.java:26)
	at peergos.server.mutable.PinningMutablePointers.lambda$setPointer$2(PinningMutablePointers.java:52)
	at java.base/java.util.concurrent.CompletableFuture.uniComposeStage(CompletableFuture.java:1183)
	at java.base/java.util.concurrent.CompletableFuture.thenCompose(CompletableFuture.java:2299)
	at peergos.server.mutable.PinningMutablePointers.lambda$setPointer$3(PinningMutablePointers.java:41)
	at java.base/java.util.concurrent.CompletableFuture.uniComposeStage(CompletableFuture.java:1183)
	at java.base/java.util.concurrent.CompletableFuture.thenCompose(CompletableFuture.java:2299)
	at peergos.server.mutable.PinningMutablePointers.setPointer(PinningMutablePointers.java:33)
	at peergos.server.mutable.BlockingMutablePointers.setPointer(BlockingMutablePointers.java:21)
	at peergos.shared.mutable.ProxyingMutablePointers.lambda$setPointer$0(ProxyingMutablePointers.java:30)
	at peergos.shared.corenode.Proxy.lambda$redirectCall$0(Proxy.java:26)
	at java.base/java.util.concurrent.CompletableFuture.uniComposeStage(CompletableFuture.java:1183)
	at java.base/java.util.concurrent.CompletableFuture.thenCompose(CompletableFuture.java:2299)
	at peergos.shared.corenode.Proxy.lambda$redirectCall$1(Proxy.java:19)
	at java.base/java.util.concurrent.CompletableFuture.uniComposeStage(CompletableFuture.java:1183)
	at java.base/java.util.concurrent.CompletableFuture.thenCompose(CompletableFuture.java:2299)
	at peergos.shared.corenode.Proxy.redirectCall(Proxy.java:18)
	at peergos.shared.mutable.ProxyingMutablePointers.setPointer(ProxyingMutablePointers.java:27)
	at peergos.server.net.MutationHandler.handle(MutationHandler.java:60)
	at jdk.httpserver/com.sun.net.httpserver.Filter$Chain.doFilter(Filter.java:77)
	at jdk.httpserver/sun.net.httpserver.AuthFilter.doFilter(AuthFilter.java:82)
	at jdk.httpserver/com.sun.net.httpserver.Filter$Chain.doFilter(Filter.java:80)
	at jdk.httpserver/sun.net.httpserver.ServerImpl$Exchange$LinkHandler.handle(ServerImpl.java:692)
	at jdk.httpserver/com.sun.net.httpserver.Filter$Chain.doFilter(Filter.java:77)
	at jdk.httpserver/sun.net.httpserver.ServerImpl$Exchange.run(ServerImpl.java:664)
	at java.base/java.util.concurrent.ThreadPoolExecutor.runWorker(ThreadPoolExecutor.java:1130)
	at java.base/java.util.concurrent.ThreadPoolExecutor$Worker.run(ThreadPoolExecutor.java:630)
	at java.base/java.lang.Thread.run(Thread.java:832)
java.lang.IllegalStateException: Writer not present on this server: z59vuwzfFDotFs4Ue21CmMKERaninvDgNM4nN39pUTrcPfFmQjMj5e1
	at peergos.server.space.JdbcUsageStore.getWriterId(JdbcUsageStore.java:179)
	at peergos.server.space.JdbcUsageStore.getOwner(JdbcUsageStore.java:239)
	at peergos.server.space.JdbcUsageStore.getUsage(JdbcUsageStore.java:268)
	at peergos.server.space.SpaceCheckingKeyFilter.prepareMutablePointerChange(SpaceCheckingKeyFilter.java:214)
	at peergos.server.space.SpaceCheckingKeyFilter.accept(SpaceCheckingKeyFilter.java:182)
	at peergos.server.mutable.MutableEventPropagator.lambda$setPointer$0(MutableEventPropagator.java:30)
	at java.base/java.util.concurrent.CompletableFuture.uniApplyNow(CompletableFuture.java:680)
	at java.base/java.util.concurrent.CompletableFuture.uniApplyStage(CompletableFuture.java:658)
	at java.base/java.util.concurrent.CompletableFuture.thenApply(CompletableFuture.java:2158)
	at peergos.server.mutable.MutableEventPropagator.setPointer(MutableEventPropagator.java:26)
	at peergos.server.mutable.PinningMutablePointers.lambda$setPointer$2(PinningMutablePointers.java:52)
	at java.base/java.util.concurrent.CompletableFuture.uniComposeStage(CompletableFuture.java:1183)
	at java.base/java.util.concurrent.CompletableFuture.thenCompose(CompletableFuture.java:2299)
	at peergos.server.mutable.PinningMutablePointers.lambda$setPointer$3(PinningMutablePointers.java:41)
	at java.base/java.util.concurrent.CompletableFuture.uniComposeStage(CompletableFuture.java:1183)
	at java.base/java.util.concurrent.CompletableFuture.thenCompose(CompletableFuture.java:2299)
	at peergos.server.mutable.PinningMutablePointers.setPointer(PinningMutablePointers.java:33)
	at peergos.server.mutable.BlockingMutablePointers.setPointer(BlockingMutablePointers.java:21)
	at peergos.shared.mutable.ProxyingMutablePointers.lambda$setPointer$0(ProxyingMutablePointers.java:30)
	at peergos.shared.corenode.Proxy.lambda$redirectCall$0(Proxy.java:26)
	at java.base/java.util.concurrent.CompletableFuture.uniComposeStage(CompletableFuture.java:1183)
	at java.base/java.util.concurrent.CompletableFuture.thenCompose(CompletableFuture.java:2299)
	at peergos.shared.corenode.Proxy.lambda$redirectCall$1(Proxy.java:19)
	at java.base/java.util.concurrent.CompletableFuture.uniComposeStage(CompletableFuture.java:1183)
	at java.base/java.util.concurrent.CompletableFuture.thenCompose(CompletableFuture.java:2299)
	at peergos.shared.corenode.Proxy.redirectCall(Proxy.java:18)
	at peergos.shared.mutable.ProxyingMutablePointers.setPointer(ProxyingMutablePointers.java:27)
	at peergos.server.net.MutationHandler.handle(MutationHandler.java:60)
	at jdk.httpserver/com.sun.net.httpserver.Filter$Chain.doFilter(Filter.java:77)
	at jdk.httpserver/sun.net.httpserver.AuthFilter.doFilter(AuthFilter.java:82)
	at jdk.httpserver/com.sun.net.httpserver.Filter$Chain.doFilter(Filter.java:80)
	at jdk.httpserver/sun.net.httpserver.ServerImpl$Exchange$LinkHandler.handle(ServerImpl.java:692)
	at jdk.httpserver/com.sun.net.httpserver.Filter$Chain.doFilter(Filter.java:77)
	at jdk.httpserver/sun.net.httpserver.ServerImpl$Exchange.run(ServerImpl.java:664)
	at java.base/java.util.concurrent.ThreadPoolExecutor.runWorker(ThreadPoolExecutor.java:1130)
	at java.base/java.util.concurrent.ThreadPoolExecutor$Worker.run(ThreadPoolExecutor.java:630)
	at java.base/java.lang.Thread.run(Thread.java:832)
java.lang.IllegalStateException: Writer not present on this server: z59vuwzfFDotFs4Ue21CmMKERaninvDgNM4nN39pUTrcPfFmQjMj5e1
	at peergos.server.space.JdbcUsageStore.getWriterId(JdbcUsageStore.java:179)
	at peergos.server.space.JdbcUsageStore.getOwner(JdbcUsageStore.java:239)
	at peergos.server.space.JdbcUsageStore.getUsage(JdbcUsageStore.java:268)
	at peergos.server.space.SpaceCheckingKeyFilter.prepareMutablePointerChange(SpaceCheckingKeyFilter.java:214)
	at peergos.server.space.SpaceCheckingKeyFilter.accept(SpaceCheckingKeyFilter.java:182)
	at peergos.server.mutable.MutableEventPropagator.lambda$setPointer$0(MutableEventPropagator.java:30)
	at java.base/java.util.concurrent.CompletableFuture.uniApplyNow(CompletableFuture.java:680)
	at java.base/java.util.concurrent.CompletableFuture.uniApplyStage(CompletableFuture.java:658)
	at java.base/java.util.concurrent.CompletableFuture.thenApply(CompletableFuture.java:2158)
	at peergos.server.mutable.MutableEventPropagator.setPointer(MutableEventPropagator.java:26)
	at peergos.server.mutable.PinningMutablePointers.lambda$setPointer$2(PinningMutablePointers.java:52)
	at java.base/java.util.concurrent.CompletableFuture.uniComposeStage(CompletableFuture.java:1183)
	at java.base/java.util.concurrent.CompletableFuture.thenCompose(CompletableFuture.java:2299)
	at peergos.server.mutable.PinningMutablePointers.lambda$setPointer$3(PinningMutablePointers.java:41)
	at java.base/java.util.concurrent.CompletableFuture.uniComposeStage(CompletableFuture.java:1183)
	at java.base/java.util.concurrent.CompletableFuture.thenCompose(CompletableFuture.java:2299)
	at peergos.server.mutable.PinningMutablePointers.setPointer(PinningMutablePointers.java:33)
	at peergos.server.mutable.BlockingMutablePointers.setPointer(BlockingMutablePointers.java:21)
	at peergos.shared.mutable.ProxyingMutablePointers.lambda$setPointer$0(ProxyingMutablePointers.java:30)
	at peergos.shared.corenode.Proxy.lambda$redirectCall$0(Proxy.java:26)
	at java.base/java.util.concurrent.CompletableFuture.uniComposeStage(CompletableFuture.java:1183)
	at java.base/java.util.concurrent.CompletableFuture.thenCompose(CompletableFuture.java:2299)
	at peergos.shared.corenode.Proxy.lambda$redirectCall$1(Proxy.java:19)
	at java.base/java.util.concurrent.CompletableFuture.uniComposeStage(CompletableFuture.java:1183)
	at java.base/java.util.concurrent.CompletableFuture.thenCompose(CompletableFuture.java:2299)
	at peergos.shared.corenode.Proxy.redirectCall(Proxy.java:18)
	at peergos.shared.mutable.ProxyingMutablePointers.setPointer(ProxyingMutablePointers.java:27)
	at peergos.server.net.MutationHandler.handle(MutationHandler.java:60)
	at jdk.httpserver/com.sun.net.httpserver.Filter$Chain.doFilter(Filter.java:77)
	at jdk.httpserver/sun.net.httpserver.AuthFilter.doFilter(AuthFilter.java:82)
	at jdk.httpserver/com.sun.net.httpserver.Filter$Chain.doFilter(Filter.java:80)
	at jdk.httpserver/sun.net.httpserver.ServerImpl$Exchange$LinkHandler.handle(ServerImpl.java:692)
	at jdk.httpserver/com.sun.net.httpserver.Filter$Chain.doFilter(Filter.java:77)
	at jdk.httpserver/sun.net.httpserver.ServerImpl$Exchange.run(ServerImpl.java:664)
	at java.base/java.util.concurrent.ThreadPoolExecutor.runWorker(ThreadPoolExecutor.java:1130)
	at java.base/java.util.concurrent.ThreadPoolExecutor$Worker.run(ThreadPoolExecutor.java:630)
	at java.base/java.lang.Thread.run(Thread.java:832)
java.lang.IllegalStateException: Writer not present on this server: z59vuwzfFDotFs4Ue21CmMKERaninvDgNM4nN39pUTrcPfFmQjMj5e1
	at peergos.server.space.JdbcUsageStore.getWriterId(JdbcUsageStore.java:179)
	at peergos.server.space.JdbcUsageStore.getOwner(JdbcUsageStore.java:239)
	at peergos.server.space.JdbcUsageStore.getUsage(JdbcUsageStore.java:268)
	at peergos.server.space.SpaceCheckingKeyFilter.prepareMutablePointerChange(SpaceCheckingKeyFilter.java:214)
	at peergos.server.space.SpaceCheckingKeyFilter.accept(SpaceCheckingKeyFilter.java:182)
	at peergos.server.mutable.MutableEventPropagator.lambda$setPointer$0(MutableEventPropagator.java:30)
	at java.base/java.util.concurrent.CompletableFuture.uniApplyNow(CompletableFuture.java:680)
	at java.base/java.util.concurrent.CompletableFuture.uniApplyStage(CompletableFuture.java:658)
	at java.base/java.util.concurrent.CompletableFuture.thenApply(CompletableFuture.java:2158)
	at peergos.server.mutable.MutableEventPropagator.setPointer(MutableEventPropagator.java:26)
	at peergos.server.mutable.PinningMutablePointers.lambda$setPointer$2(PinningMutablePointers.java:52)
	at java.base/java.util.concurrent.CompletableFuture.uniComposeStage(CompletableFuture.java:1183)
	at java.base/java.util.concurrent.CompletableFuture.thenCompose(CompletableFuture.java:2299)
	at peergos.server.mutable.PinningMutablePointers.lambda$setPointer$3(PinningMutablePointers.java:41)
	at java.base/java.util.concurrent.CompletableFuture.uniComposeStage(CompletableFuture.java:1183)
	at java.base/java.util.concurrent.CompletableFuture.thenCompose(CompletableFuture.java:2299)
	at peergos.server.mutable.PinningMutablePointers.setPointer(PinningMutablePointers.java:33)
	at peergos.server.mutable.BlockingMutablePointers.setPointer(BlockingMutablePointers.java:21)
	at peergos.shared.mutable.ProxyingMutablePointers.lambda$setPointer$0(ProxyingMutablePointers.java:30)
	at peergos.shared.corenode.Proxy.lambda$redirectCall$0(Proxy.java:26)
	at java.base/java.util.concurrent.CompletableFuture.uniComposeStage(CompletableFuture.java:1183)
	at java.base/java.util.concurrent.CompletableFuture.thenCompose(CompletableFuture.java:2299)
	at peergos.shared.corenode.Proxy.lambda$redirectCall$1(Proxy.java:19)
	at java.base/java.util.concurrent.CompletableFuture.uniComposeStage(CompletableFuture.java:1183)
	at java.base/java.util.concurrent.CompletableFuture.thenCompose(CompletableFuture.java:2299)
	at peergos.shared.corenode.Proxy.redirectCall(Proxy.java:18)
	at peergos.shared.mutable.ProxyingMutablePointers.setPointer(ProxyingMutablePointers.java:27)
	at peergos.server.net.MutationHandler.handle(MutationHandler.java:60)
	at jdk.httpserver/com.sun.net.httpserver.Filter$Chain.doFilter(Filter.java:77)
	at jdk.httpserver/sun.net.httpserver.AuthFilter.doFilter(AuthFilter.java:82)
	at jdk.httpserver/com.sun.net.httpserver.Filter$Chain.doFilter(Filter.java:80)
	at jdk.httpserver/sun.net.httpserver.ServerImpl$Exchange$LinkHandler.handle(ServerImpl.java:692)
	at jdk.httpserver/com.sun.net.httpserver.Filter$Chain.doFilter(Filter.java:77)
	at jdk.httpserver/sun.net.httpserver.ServerImpl$Exchange.run(ServerImpl.java:664)
	at java.base/java.util.concurrent.ThreadPoolExecutor.runWorker(ThreadPoolExecutor.java:1130)
	at java.base/java.util.concurrent.ThreadPoolExecutor$Worker.run(ThreadPoolExecutor.java:630)
	at java.base/java.lang.Thread.run(Thread.java:832)
java.lang.IllegalStateException: Writer not present on this server: z59vuwzfFDotCksAJEKC44pwJA2tq4rB1TwfSvXYorVmf1b6aR4hTVE
	at peergos.server.space.JdbcUsageStore.getWriterId(JdbcUsageStore.java:179)
	at peergos.server.space.JdbcUsageStore.getOwner(JdbcUsageStore.java:239)
	at peergos.server.space.JdbcUsageStore.getUsage(JdbcUsageStore.java:268)
	at peergos.server.space.SpaceCheckingKeyFilter.prepareMutablePointerChange(SpaceCheckingKeyFilter.java:214)
	at peergos.server.space.SpaceCheckingKeyFilter.accept(SpaceCheckingKeyFilter.java:182)
	at peergos.server.mutable.MutableEventPropagator.lambda$setPointer$0(MutableEventPropagator.java:30)
	at java.base/java.util.concurrent.CompletableFuture.uniApplyNow(CompletableFuture.java:680)
	at java.base/java.util.concurrent.CompletableFuture.uniApplyStage(CompletableFuture.java:658)
	at java.base/java.util.concurrent.CompletableFuture.thenApply(CompletableFuture.java:2158)
	at peergos.server.mutable.MutableEventPropagator.setPointer(MutableEventPropagator.java:26)
	at peergos.server.mutable.PinningMutablePointers.lambda$setPointer$2(PinningMutablePointers.java:52)
	at java.base/java.util.concurrent.CompletableFuture.uniComposeStage(CompletableFuture.java:1183)
	at java.base/java.util.concurrent.CompletableFuture.thenCompose(CompletableFuture.java:2299)
	at peergos.server.mutable.PinningMutablePointers.lambda$setPointer$3(PinningMutablePointers.java:41)
	at java.base/java.util.concurrent.CompletableFuture.uniComposeStage(CompletableFuture.java:1183)
	at java.base/java.util.concurrent.CompletableFuture.thenCompose(CompletableFuture.java:2299)
	at peergos.server.mutable.PinningMutablePointers.setPointer(PinningMutablePointers.java:33)
	at peergos.server.mutable.BlockingMutablePointers.setPointer(BlockingMutablePointers.java:21)
	at peergos.shared.mutable.ProxyingMutablePointers.lambda$setPointer$0(ProxyingMutablePointers.java:30)
	at peergos.shared.corenode.Proxy.lambda$redirectCall$0(Proxy.java:26)
	at java.base/java.util.concurrent.CompletableFuture.uniComposeStage(CompletableFuture.java:1183)
	at java.base/java.util.concurrent.CompletableFuture.thenCompose(CompletableFuture.java:2299)
	at peergos.shared.corenode.Proxy.lambda$redirectCall$1(Proxy.java:19)
	at java.base/java.util.concurrent.CompletableFuture.uniComposeStage(CompletableFuture.java:1183)
	at java.base/java.util.concurrent.CompletableFuture.thenCompose(CompletableFuture.java:2299)
	at peergos.shared.corenode.Proxy.redirectCall(Proxy.java:18)
	at peergos.shared.mutable.ProxyingMutablePointers.setPointer(ProxyingMutablePointers.java:27)
	at peergos.server.net.MutationHandler.handle(MutationHandler.java:60)
	at jdk.httpserver/com.sun.net.httpserver.Filter$Chain.doFilter(Filter.java:77)
	at jdk.httpserver/sun.net.httpserver.AuthFilter.doFilter(AuthFilter.java:82)
	at jdk.httpserver/com.sun.net.httpserver.Filter$Chain.doFilter(Filter.java:80)
	at jdk.httpserver/sun.net.httpserver.ServerImpl$Exchange$LinkHandler.handle(ServerImpl.java:692)
	at jdk.httpserver/com.sun.net.httpserver.Filter$Chain.doFilter(Filter.java:77)
	at jdk.httpserver/sun.net.httpserver.ServerImpl$Exchange.run(ServerImpl.java:664)
	at java.base/java.util.concurrent.ThreadPoolExecutor.runWorker(ThreadPoolExecutor.java:1130)
	at java.base/java.util.concurrent.ThreadPoolExecutor$Worker.run(ThreadPoolExecutor.java:630)
	at java.base/java.lang.Thread.run(Thread.java:832)
java.lang.IllegalStateException: Writer not present on this server: z59vuwzfFDotCksAJEKC44pwJA2tq4rB1TwfSvXYorVmf1b6aR4hTVE
	at peergos.server.space.JdbcUsageStore.getWriterId(JdbcUsageStore.java:179)
	at peergos.server.space.JdbcUsageStore.getOwner(JdbcUsageStore.java:239)
	at peergos.server.space.JdbcUsageStore.getUsage(JdbcUsageStore.java:268)
	at peergos.server.space.SpaceCheckingKeyFilter.prepareMutablePointerChange(SpaceCheckingKeyFilter.java:214)
	at peergos.server.space.SpaceCheckingKeyFilter.accept(SpaceCheckingKeyFilter.java:182)
	at peergos.server.mutable.MutableEventPropagator.lambda$setPointer$0(MutableEventPropagator.java:30)
	at java.base/java.util.concurrent.CompletableFuture.uniApplyNow(CompletableFuture.java:680)
	at java.base/java.util.concurrent.CompletableFuture.uniApplyStage(CompletableFuture.java:658)
	at java.base/java.util.concurrent.CompletableFuture.thenApply(CompletableFuture.java:2158)
	at peergos.server.mutable.MutableEventPropagator.setPointer(MutableEventPropagator.java:26)
	at peergos.server.mutable.PinningMutablePointers.lambda$setPointer$2(PinningMutablePointers.java:52)
	at java.base/java.util.concurrent.CompletableFuture.uniComposeStage(CompletableFuture.java:1183)
	at java.base/java.util.concurrent.CompletableFuture.thenCompose(CompletableFuture.java:2299)
	at peergos.server.mutable.PinningMutablePointers.lambda$setPointer$3(PinningMutablePointers.java:41)
	at java.base/java.util.concurrent.CompletableFuture.uniComposeStage(CompletableFuture.java:1183)
	at java.base/java.util.concurrent.CompletableFuture.thenCompose(CompletableFuture.java:2299)
	at peergos.server.mutable.PinningMutablePointers.setPointer(PinningMutablePointers.java:33)
	at peergos.server.mutable.BlockingMutablePointers.setPointer(BlockingMutablePointers.java:21)
	at peergos.shared.mutable.ProxyingMutablePointers.lambda$setPointer$0(ProxyingMutablePointers.java:30)
	at peergos.shared.corenode.Proxy.lambda$redirectCall$0(Proxy.java:26)
	at java.base/java.util.concurrent.CompletableFuture.uniComposeStage(CompletableFuture.java:1183)
	at java.base/java.util.concurrent.CompletableFuture.thenCompose(CompletableFuture.java:2299)
	at peergos.shared.corenode.Proxy.lambda$redirectCall$1(Proxy.java:19)
	at java.base/java.util.concurrent.CompletableFuture.uniComposeStage(CompletableFuture.java:1183)
	at java.base/java.util.concurrent.CompletableFuture.thenCompose(CompletableFuture.java:2299)
	at peergos.shared.corenode.Proxy.redirectCall(Proxy.java:18)
	at peergos.shared.mutable.ProxyingMutablePointers.setPointer(ProxyingMutablePointers.java:27)
	at peergos.server.net.MutationHandler.handle(MutationHandler.java:60)
	at jdk.httpserver/com.sun.net.httpserver.Filter$Chain.doFilter(Filter.java:77)
	at jdk.httpserver/sun.net.httpserver.AuthFilter.doFilter(AuthFilter.java:82)
	at jdk.httpserver/com.sun.net.httpserver.Filter$Chain.doFilter(Filter.java:80)
	at jdk.httpserver/sun.net.httpserver.ServerImpl$Exchange$LinkHandler.handle(ServerImpl.java:692)
	at jdk.httpserver/com.sun.net.httpserver.Filter$Chain.doFilter(Filter.java:77)
	at jdk.httpserver/sun.net.httpserver.ServerImpl$Exchange.run(ServerImpl.java:664)
	at java.base/java.util.concurrent.ThreadPoolExecutor.runWorker(ThreadPoolExecutor.java:1130)
	at java.base/java.util.concurrent.ThreadPoolExecutor$Worker.run(ThreadPoolExecutor.java:630)
	at java.base/java.lang.Thread.run(Thread.java:832)
java.lang.IllegalStateException: Writer not present on this server: z59vuwzfFDouSqZbXmW3SVco4wfNDUZAkdeeFLqoxNMvLExFZxyb5aT
	at peergos.server.space.JdbcUsageStore.getWriterId(JdbcUsageStore.java:179)
	at peergos.server.space.JdbcUsageStore.getOwner(JdbcUsageStore.java:239)
	at peergos.server.space.JdbcUsageStore.getUsage(JdbcUsageStore.java:268)
	at peergos.server.space.SpaceCheckingKeyFilter.prepareMutablePointerChange(SpaceCheckingKeyFilter.java:214)
	at peergos.server.space.SpaceCheckingKeyFilter.accept(SpaceCheckingKeyFilter.java:182)
	at peergos.server.mutable.MutableEventPropagator.lambda$setPointer$0(MutableEventPropagator.java:30)
	at java.base/java.util.concurrent.CompletableFuture.uniApplyNow(CompletableFuture.java:680)
	at java.base/java.util.concurrent.CompletableFuture.uniApplyStage(CompletableFuture.java:658)
	at java.base/java.util.concurrent.CompletableFuture.thenApply(CompletableFuture.java:2158)
	at peergos.server.mutable.MutableEventPropagator.setPointer(MutableEventPropagator.java:26)
	at peergos.server.mutable.PinningMutablePointers.lambda$setPointer$2(PinningMutablePointers.java:52)
	at java.base/java.util.concurrent.CompletableFuture.uniComposeStage(CompletableFuture.java:1183)
	at java.base/java.util.concurrent.CompletableFuture.thenCompose(CompletableFuture.java:2299)
	at peergos.server.mutable.PinningMutablePointers.lambda$setPointer$3(PinningMutablePointers.java:41)
	at java.base/java.util.concurrent.CompletableFuture.uniComposeStage(CompletableFuture.java:1183)
	at java.base/java.util.concurrent.CompletableFuture.thenCompose(CompletableFuture.java:2299)
	at peergos.server.mutable.PinningMutablePointers.setPointer(PinningMutablePointers.java:33)
	at peergos.server.mutable.BlockingMutablePointers.setPointer(BlockingMutablePointers.java:21)
	at peergos.shared.mutable.ProxyingMutablePointers.lambda$setPointer$0(ProxyingMutablePointers.java:30)
	at peergos.shared.corenode.Proxy.lambda$redirectCall$0(Proxy.java:26)
	at java.base/java.util.concurrent.CompletableFuture.uniComposeStage(CompletableFuture.java:1183)
	at java.base/java.util.concurrent.CompletableFuture.thenCompose(CompletableFuture.java:2299)
	at peergos.shared.corenode.Proxy.lambda$redirectCall$1(Proxy.java:19)
	at java.base/java.util.concurrent.CompletableFuture.uniComposeStage(CompletableFuture.java:1183)
	at java.base/java.util.concurrent.CompletableFuture.thenCompose(CompletableFuture.java:2299)
	at peergos.shared.corenode.Proxy.redirectCall(Proxy.java:18)
	at peergos.shared.mutable.ProxyingMutablePointers.setPointer(ProxyingMutablePointers.java:27)
	at peergos.server.net.MutationHandler.handle(MutationHandler.java:60)
	at jdk.httpserver/com.sun.net.httpserver.Filter$Chain.doFilter(Filter.java:77)
	at jdk.httpserver/sun.net.httpserver.AuthFilter.doFilter(AuthFilter.java:82)
	at jdk.httpserver/com.sun.net.httpserver.Filter$Chain.doFilter(Filter.java:80)
	at jdk.httpserver/sun.net.httpserver.ServerImpl$Exchange$LinkHandler.handle(ServerImpl.java:692)
	at jdk.httpserver/com.sun.net.httpserver.Filter$Chain.doFilter(Filter.java:77)
	at jdk.httpserver/sun.net.httpserver.ServerImpl$Exchange.run(ServerImpl.java:664)
	at java.base/java.util.concurrent.ThreadPoolExecutor.runWorker(ThreadPoolExecutor.java:1130)
	at java.base/java.util.concurrent.ThreadPoolExecutor$Worker.run(ThreadPoolExecutor.java:630)
	at java.base/java.lang.Thread.run(Thread.java:832)
java.lang.IllegalStateException: Writer not present on this server: z59vuwzfFDouSqZbXmW3SVco4wfNDUZAkdeeFLqoxNMvLExFZxyb5aT
	at peergos.server.space.JdbcUsageStore.getWriterId(JdbcUsageStore.java:179)
	at peergos.server.space.JdbcUsageStore.getOwner(JdbcUsageStore.java:239)
	at peergos.server.space.JdbcUsageStore.getUsage(JdbcUsageStore.java:268)
	at peergos.server.space.SpaceCheckingKeyFilter.prepareMutablePointerChange(SpaceCheckingKeyFilter.java:214)
	at peergos.server.space.SpaceCheckingKeyFilter.accept(SpaceCheckingKeyFilter.java:182)
	at peergos.server.mutable.MutableEventPropagator.lambda$setPointer$0(MutableEventPropagator.java:30)
	at java.base/java.util.concurrent.CompletableFuture.uniApplyNow(CompletableFuture.java:680)
	at java.base/java.util.concurrent.CompletableFuture.uniApplyStage(CompletableFuture.java:658)
	at java.base/java.util.concurrent.CompletableFuture.thenApply(CompletableFuture.java:2158)
	at peergos.server.mutable.MutableEventPropagator.setPointer(MutableEventPropagator.java:26)
	at peergos.server.mutable.PinningMutablePointers.lambda$setPointer$2(PinningMutablePointers.java:52)
	at java.base/java.util.concurrent.CompletableFuture.uniComposeStage(CompletableFuture.java:1183)
	at java.base/java.util.concurrent.CompletableFuture.thenCompose(CompletableFuture.java:2299)
	at peergos.server.mutable.PinningMutablePointers.lambda$setPointer$3(PinningMutablePointers.java:41)
	at java.base/java.util.concurrent.CompletableFuture.uniComposeStage(CompletableFuture.java:1183)
	at java.base/java.util.concurrent.CompletableFuture.thenCompose(CompletableFuture.java:2299)
	at peergos.server.mutable.PinningMutablePointers.setPointer(PinningMutablePointers.java:33)
	at peergos.server.mutable.BlockingMutablePointers.setPointer(BlockingMutablePointers.java:21)
	at peergos.shared.mutable.ProxyingMutablePointers.lambda$setPointer$0(ProxyingMutablePointers.java:30)
	at peergos.shared.corenode.Proxy.lambda$redirectCall$0(Proxy.java:26)
	at java.base/java.util.concurrent.CompletableFuture.uniComposeStage(CompletableFuture.java:1183)
	at java.base/java.util.concurrent.CompletableFuture.thenCompose(CompletableFuture.java:2299)
	at peergos.shared.corenode.Proxy.lambda$redirectCall$1(Proxy.java:19)
	at java.base/java.util.concurrent.CompletableFuture.uniComposeStage(CompletableFuture.java:1183)
	at java.base/java.util.concurrent.CompletableFuture.thenCompose(CompletableFuture.java:2299)
	at peergos.shared.corenode.Proxy.redirectCall(Proxy.java:18)
	at peergos.shared.mutable.ProxyingMutablePointers.setPointer(ProxyingMutablePointers.java:27)
	at peergos.server.net.MutationHandler.handle(MutationHandler.java:60)
	at jdk.httpserver/com.sun.net.httpserver.Filter$Chain.doFilter(Filter.java:77)
	at jdk.httpserver/sun.net.httpserver.AuthFilter.doFilter(AuthFilter.java:82)
	at jdk.httpserver/com.sun.net.httpserver.Filter$Chain.doFilter(Filter.java:80)
	at jdk.httpserver/sun.net.httpserver.ServerImpl$Exchange$LinkHandler.handle(ServerImpl.java:692)
	at jdk.httpserver/com.sun.net.httpserver.Filter$Chain.doFilter(Filter.java:77)
	at jdk.httpserver/sun.net.httpserver.ServerImpl$Exchange.run(ServerImpl.java:664)
	at java.base/java.util.concurrent.ThreadPoolExecutor.runWorker(ThreadPoolExecutor.java:1130)
	at java.base/java.util.concurrent.ThreadPoolExecutor$Worker.run(ThreadPoolExecutor.java:630)
	at java.base/java.lang.Thread.run(Thread.java:832)
java.lang.IllegalStateException: Writer not present on this server: z59vuwzfFDotCksAJEKC44pwJA2tq4rB1TwfSvXYorVmf1b6aR4hTVE
	at peergos.server.space.JdbcUsageStore.getWriterId(JdbcUsageStore.java:179)
	at peergos.server.space.JdbcUsageStore.getOwner(JdbcUsageStore.java:239)
	at peergos.server.space.JdbcUsageStore.getUsage(JdbcUsageStore.java:268)
	at peergos.server.space.SpaceCheckingKeyFilter.prepareMutablePointerChange(SpaceCheckingKeyFilter.java:214)
	at peergos.server.space.SpaceCheckingKeyFilter.accept(SpaceCheckingKeyFilter.java:182)
	at peergos.server.mutable.MutableEventPropagator.lambda$setPointer$0(MutableEventPropagator.java:30)
	at java.base/java.util.concurrent.CompletableFuture.uniApplyNow(CompletableFuture.java:680)
	at java.base/java.util.concurrent.CompletableFuture.uniApplyStage(CompletableFuture.java:658)
	at java.base/java.util.concurrent.CompletableFuture.thenApply(CompletableFuture.java:2158)
	at peergos.server.mutable.MutableEventPropagator.setPointer(MutableEventPropagator.java:26)
	at peergos.server.mutable.PinningMutablePointers.lambda$setPointer$2(PinningMutablePointers.java:52)
	at java.base/java.util.concurrent.CompletableFuture.uniComposeStage(CompletableFuture.java:1183)
	at java.base/java.util.concurrent.CompletableFuture.thenCompose(CompletableFuture.java:2299)
	at peergos.server.mutable.PinningMutablePointers.lambda$setPointer$3(PinningMutablePointers.java:41)
	at java.base/java.util.concurrent.CompletableFuture.uniComposeStage(CompletableFuture.java:1183)
	at java.base/java.util.concurrent.CompletableFuture.thenCompose(CompletableFuture.java:2299)
	at peergos.server.mutable.PinningMutablePointers.setPointer(PinningMutablePointers.java:33)
	at peergos.server.mutable.BlockingMutablePointers.setPointer(BlockingMutablePointers.java:21)
	at peergos.shared.mutable.ProxyingMutablePointers.lambda$setPointer$0(ProxyingMutablePointers.java:30)
	at peergos.shared.corenode.Proxy.lambda$redirectCall$0(Proxy.java:26)
	at java.base/java.util.concurrent.CompletableFuture.uniComposeStage(CompletableFuture.java:1183)
	at java.base/java.util.concurrent.CompletableFuture.thenCompose(CompletableFuture.java:2299)
	at peergos.shared.corenode.Proxy.lambda$redirectCall$1(Proxy.java:19)
	at java.base/java.util.concurrent.CompletableFuture.uniComposeStage(CompletableFuture.java:1183)
	at java.base/java.util.concurrent.CompletableFuture.thenCompose(CompletableFuture.java:2299)
	at peergos.shared.corenode.Proxy.redirectCall(Proxy.java:18)
	at peergos.shared.mutable.ProxyingMutablePointers.setPointer(ProxyingMutablePointers.java:27)
	at peergos.server.net.MutationHandler.handle(MutationHandler.java:60)
	at jdk.httpserver/com.sun.net.httpserver.Filter$Chain.doFilter(Filter.java:77)
	at jdk.httpserver/sun.net.httpserver.AuthFilter.doFilter(AuthFilter.java:82)
	at jdk.httpserver/com.sun.net.httpserver.Filter$Chain.doFilter(Filter.java:80)
	at jdk.httpserver/sun.net.httpserver.ServerImpl$Exchange$LinkHandler.handle(ServerImpl.java:692)
	at jdk.httpserver/com.sun.net.httpserver.Filter$Chain.doFilter(Filter.java:77)
	at jdk.httpserver/sun.net.httpserver.ServerImpl$Exchange.run(ServerImpl.java:664)
	at java.base/java.util.concurrent.ThreadPoolExecutor.runWorker(ThreadPoolExecutor.java:1130)
	at java.base/java.util.concurrent.ThreadPoolExecutor$Worker.run(ThreadPoolExecutor.java:630)
	at java.base/java.lang.Thread.run(Thread.java:832)
java.lang.IllegalStateException: Writer not present on this server: z59vuwzfFDouSqZbXmW3SVco4wfNDUZAkdeeFLqoxNMvLExFZxyb5aT
	at peergos.server.space.JdbcUsageStore.getWriterId(JdbcUsageStore.java:179)
	at peergos.server.space.JdbcUsageStore.getOwner(JdbcUsageStore.java:239)
	at peergos.server.space.JdbcUsageStore.getUsage(JdbcUsageStore.java:268)
	at peergos.server.space.SpaceCheckingKeyFilter.prepareMutablePointerChange(SpaceCheckingKeyFilter.java:214)
	at peergos.server.space.SpaceCheckingKeyFilter.accept(SpaceCheckingKeyFilter.java:182)
	at peergos.server.mutable.MutableEventPropagator.lambda$setPointer$0(MutableEventPropagator.java:30)
	at java.base/java.util.concurrent.CompletableFuture.uniApplyNow(CompletableFuture.java:680)
	at java.base/java.util.concurrent.CompletableFuture.uniApplyStage(CompletableFuture.java:658)
	at java.base/java.util.concurrent.CompletableFuture.thenApply(CompletableFuture.java:2158)
	at peergos.server.mutable.MutableEventPropagator.setPointer(MutableEventPropagator.java:26)
	at peergos.server.mutable.PinningMutablePointers.lambda$setPointer$2(PinningMutablePointers.java:52)
	at java.base/java.util.concurrent.CompletableFuture.uniComposeStage(CompletableFuture.java:1183)
	at java.base/java.util.concurrent.CompletableFuture.thenCompose(CompletableFuture.java:2299)
	at peergos.server.mutable.PinningMutablePointers.lambda$setPointer$3(PinningMutablePointers.java:41)
	at java.base/java.util.concurrent.CompletableFuture.uniComposeStage(CompletableFuture.java:1183)
	at java.base/java.util.concurrent.CompletableFuture.thenCompose(CompletableFuture.java:2299)
	at peergos.server.mutable.PinningMutablePointers.setPointer(PinningMutablePointers.java:33)
	at peergos.server.mutable.BlockingMutablePointers.setPointer(BlockingMutablePointers.java:21)
	at peergos.shared.mutable.ProxyingMutablePointers.lambda$setPointer$0(ProxyingMutablePointers.java:30)
	at peergos.shared.corenode.Proxy.lambda$redirectCall$0(Proxy.java:26)
	at java.base/java.util.concurrent.CompletableFuture.uniComposeStage(CompletableFuture.java:1183)
	at java.base/java.util.concurrent.CompletableFuture.thenCompose(CompletableFuture.java:2299)
	at peergos.shared.corenode.Proxy.lambda$redirectCall$1(Proxy.java:19)
	at java.base/java.util.concurrent.CompletableFuture.uniComposeStage(CompletableFuture.java:1183)
	at java.base/java.util.concurrent.CompletableFuture.thenCompose(CompletableFuture.java:2299)
	at peergos.shared.corenode.Proxy.redirectCall(Proxy.java:18)
	at peergos.shared.mutable.ProxyingMutablePointers.setPointer(ProxyingMutablePointers.java:27)
	at peergos.server.net.MutationHandler.handle(MutationHandler.java:60)
	at jdk.httpserver/com.sun.net.httpserver.Filter$Chain.doFilter(Filter.java:77)
	at jdk.httpserver/sun.net.httpserver.AuthFilter.doFilter(AuthFilter.java:82)
	at jdk.httpserver/com.sun.net.httpserver.Filter$Chain.doFilter(Filter.java:80)
	at jdk.httpserver/sun.net.httpserver.ServerImpl$Exchange$LinkHandler.handle(ServerImpl.java:692)
	at jdk.httpserver/com.sun.net.httpserver.Filter$Chain.doFilter(Filter.java:77)
	at jdk.httpserver/sun.net.httpserver.ServerImpl$Exchange.run(ServerImpl.java:664)
	at java.base/java.util.concurrent.ThreadPoolExecutor.runWorker(ThreadPoolExecutor.java:1130)
	at java.base/java.util.concurrent.ThreadPoolExecutor$Worker.run(ThreadPoolExecutor.java:630)
	at java.base/java.lang.Thread.run(Thread.java:832)
java.lang.IllegalStateException: Writer not present on this server: z59vuwzfFDouSqZbXmW3SVco4wfNDUZAkdeeFLqoxNMvLExFZxyb5aT
	at peergos.server.space.JdbcUsageStore.getWriterId(JdbcUsageStore.java:179)
	at peergos.server.space.JdbcUsageStore.getOwner(JdbcUsageStore.java:239)
	at peergos.server.space.JdbcUsageStore.getUsage(JdbcUsageStore.java:268)
	at peergos.server.space.SpaceCheckingKeyFilter.prepareMutablePointerChange(SpaceCheckingKeyFilter.java:214)
	at peergos.server.space.SpaceCheckingKeyFilter.accept(SpaceCheckingKeyFilter.java:182)
	at peergos.server.mutable.MutableEventPropagator.lambda$setPointer$0(MutableEventPropagator.java:30)
	at java.base/java.util.concurrent.CompletableFuture.uniApplyNow(CompletableFuture.java:680)
	at java.base/java.util.concurrent.CompletableFuture.uniApplyStage(CompletableFuture.java:658)
	at java.base/java.util.concurrent.CompletableFuture.thenApply(CompletableFuture.java:2158)
	at peergos.server.mutable.MutableEventPropagator.setPointer(MutableEventPropagator.java:26)
	at peergos.server.mutable.PinningMutablePointers.lambda$setPointer$2(PinningMutablePointers.java:52)
	at java.base/java.util.concurrent.CompletableFuture.uniComposeStage(CompletableFuture.java:1183)
	at java.base/java.util.concurrent.CompletableFuture.thenCompose(CompletableFuture.java:2299)
	at peergos.server.mutable.PinningMutablePointers.lambda$setPointer$3(PinningMutablePointers.java:41)
	at java.base/java.util.concurrent.CompletableFuture.uniComposeStage(CompletableFuture.java:1183)
	at java.base/java.util.concurrent.CompletableFuture.thenCompose(CompletableFuture.java:2299)
	at peergos.server.mutable.PinningMutablePointers.setPointer(PinningMutablePointers.java:33)
	at peergos.server.mutable.BlockingMutablePointers.setPointer(BlockingMutablePointers.java:21)
	at peergos.shared.mutable.ProxyingMutablePointers.lambda$setPointer$0(ProxyingMutablePointers.java:30)
	at peergos.shared.corenode.Proxy.lambda$redirectCall$0(Proxy.java:26)
	at java.base/java.util.concurrent.CompletableFuture.uniComposeStage(CompletableFuture.java:1183)
	at java.base/java.util.concurrent.CompletableFuture.thenCompose(CompletableFuture.java:2299)
	at peergos.shared.corenode.Proxy.lambda$redirectCall$1(Proxy.java:19)
	at java.base/java.util.concurrent.CompletableFuture.uniComposeStage(CompletableFuture.java:1183)
	at java.base/java.util.concurrent.CompletableFuture.thenCompose(CompletableFuture.java:2299)
	at peergos.shared.corenode.Proxy.redirectCall(Proxy.java:18)
	at peergos.shared.mutable.ProxyingMutablePointers.setPointer(ProxyingMutablePointers.java:27)
	at peergos.server.net.MutationHandler.handle(MutationHandler.java:60)
	at jdk.httpserver/com.sun.net.httpserver.Filter$Chain.doFilter(Filter.java:77)
	at jdk.httpserver/sun.net.httpserver.AuthFilter.doFilter(AuthFilter.java:82)
	at jdk.httpserver/com.sun.net.httpserver.Filter$Chain.doFilter(Filter.java:80)
	at jdk.httpserver/sun.net.httpserver.ServerImpl$Exchange$LinkHandler.handle(ServerImpl.java:692)
	at jdk.httpserver/com.sun.net.httpserver.Filter$Chain.doFilter(Filter.java:77)
	at jdk.httpserver/sun.net.httpserver.ServerImpl$Exchange.run(ServerImpl.java:664)
	at java.base/java.util.concurrent.ThreadPoolExecutor.runWorker(ThreadPoolExecutor.java:1130)
	at java.base/java.util.concurrent.ThreadPoolExecutor$Worker.run(ThreadPoolExecutor.java:630)
	at java.base/java.lang.Thread.run(Thread.java:832)
java.lang.IllegalStateException: Writer not present on this server: z59vuwzfFDouSqZbXmW3SVco4wfNDUZAkdeeFLqoxNMvLExFZxyb5aT
	at peergos.server.space.JdbcUsageStore.getWriterId(JdbcUsageStore.java:179)
	at peergos.server.space.JdbcUsageStore.getOwner(JdbcUsageStore.java:239)
	at peergos.server.space.JdbcUsageStore.getUsage(JdbcUsageStore.java:268)
	at peergos.server.space.SpaceCheckingKeyFilter.prepareMutablePointerChange(SpaceCheckingKeyFilter.java:214)
	at peergos.server.space.SpaceCheckingKeyFilter.accept(SpaceCheckingKeyFilter.java:182)
	at peergos.server.mutable.MutableEventPropagator.lambda$setPointer$0(MutableEventPropagator.java:30)
	at java.base/java.util.concurrent.CompletableFuture.uniApplyNow(CompletableFuture.java:680)
	at java.base/java.util.concurrent.CompletableFuture.uniApplyStage(CompletableFuture.java:658)
	at java.base/java.util.concurrent.CompletableFuture.thenApply(CompletableFuture.java:2158)
	at peergos.server.mutable.MutableEventPropagator.setPointer(MutableEventPropagator.java:26)
	at peergos.server.mutable.PinningMutablePointers.lambda$setPointer$2(PinningMutablePointers.java:52)
	at java.base/java.util.concurrent.CompletableFuture.uniComposeStage(CompletableFuture.java:1183)
	at java.base/java.util.concurrent.CompletableFuture.thenCompose(CompletableFuture.java:2299)
	at peergos.server.mutable.PinningMutablePointers.lambda$setPointer$3(PinningMutablePointers.java:41)
	at java.base/java.util.concurrent.CompletableFuture.uniComposeStage(CompletableFuture.java:1183)
	at java.base/java.util.concurrent.CompletableFuture.thenCompose(CompletableFuture.java:2299)
	at peergos.server.mutable.PinningMutablePointers.setPointer(PinningMutablePointers.java:33)
	at peergos.server.mutable.BlockingMutablePointers.setPointer(BlockingMutablePointers.java:21)
	at peergos.shared.mutable.ProxyingMutablePointers.lambda$setPointer$0(ProxyingMutablePointers.java:30)
	at peergos.shared.corenode.Proxy.lambda$redirectCall$0(Proxy.java:26)
	at java.base/java.util.concurrent.CompletableFuture.uniComposeStage(CompletableFuture.java:1183)
	at java.base/java.util.concurrent.CompletableFuture.thenCompose(CompletableFuture.java:2299)
	at peergos.shared.corenode.Proxy.lambda$redirectCall$1(Proxy.java:19)
	at java.base/java.util.concurrent.CompletableFuture.uniComposeStage(CompletableFuture.java:1183)
	at java.base/java.util.concurrent.CompletableFuture.thenCompose(CompletableFuture.java:2299)
	at peergos.shared.corenode.Proxy.redirectCall(Proxy.java:18)
	at peergos.shared.mutable.ProxyingMutablePointers.setPointer(ProxyingMutablePointers.java:27)
	at peergos.server.net.MutationHandler.handle(MutationHandler.java:60)
	at jdk.httpserver/com.sun.net.httpserver.Filter$Chain.doFilter(Filter.java:77)
	at jdk.httpserver/sun.net.httpserver.AuthFilter.doFilter(AuthFilter.java:82)
	at jdk.httpserver/com.sun.net.httpserver.Filter$Chain.doFilter(Filter.java:80)
	at jdk.httpserver/sun.net.httpserver.ServerImpl$Exchange$LinkHandler.handle(ServerImpl.java:692)
	at jdk.httpserver/com.sun.net.httpserver.Filter$Chain.doFilter(Filter.java:77)
	at jdk.httpserver/sun.net.httpserver.ServerImpl$Exchange.run(ServerImpl.java:664)
	at java.base/java.util.concurrent.ThreadPoolExecutor.runWorker(ThreadPoolExecutor.java:1130)
	at java.base/java.util.concurrent.ThreadPoolExecutor$Worker.run(ThreadPoolExecutor.java:630)
	at java.base/java.lang.Thread.run(Thread.java:832)
java.lang.IllegalStateException: Writer not present on this server: z59vuwzfFDouSqZbXmW3SVco4wfNDUZAkdeeFLqoxNMvLExFZxyb5aT
	at peergos.server.space.JdbcUsageStore.getWriterId(JdbcUsageStore.java:179)
	at peergos.server.space.JdbcUsageStore.getOwner(JdbcUsageStore.java:239)
	at peergos.server.space.JdbcUsageStore.getUsage(JdbcUsageStore.java:268)
	at peergos.server.space.SpaceCheckingKeyFilter.prepareMutablePointerChange(SpaceCheckingKeyFilter.java:214)
	at peergos.server.space.SpaceCheckingKeyFilter.accept(SpaceCheckingKeyFilter.java:182)
	at peergos.server.mutable.MutableEventPropagator.lambda$setPointer$0(MutableEventPropagator.java:30)
	at java.base/java.util.concurrent.CompletableFuture.uniApplyNow(CompletableFuture.java:680)
	at java.base/java.util.concurrent.CompletableFuture.uniApplyStage(CompletableFuture.java:658)
	at java.base/java.util.concurrent.CompletableFuture.thenApply(CompletableFuture.java:2158)
	at peergos.server.mutable.MutableEventPropagator.setPointer(MutableEventPropagator.java:26)
	at peergos.server.mutable.PinningMutablePointers.lambda$setPointer$2(PinningMutablePointers.java:52)
	at java.base/java.util.concurrent.CompletableFuture.uniComposeStage(CompletableFuture.java:1183)
	at java.base/java.util.concurrent.CompletableFuture.thenCompose(CompletableFuture.java:2299)
	at peergos.server.mutable.PinningMutablePointers.lambda$setPointer$3(PinningMutablePointers.java:41)
	at java.base/java.util.concurrent.CompletableFuture.uniComposeStage(CompletableFuture.java:1183)
	at java.base/java.util.concurrent.CompletableFuture.thenCompose(CompletableFuture.java:2299)
	at peergos.server.mutable.PinningMutablePointers.setPointer(PinningMutablePointers.java:33)
	at peergos.server.mutable.BlockingMutablePointers.setPointer(BlockingMutablePointers.java:21)
	at peergos.shared.mutable.ProxyingMutablePointers.lambda$setPointer$0(ProxyingMutablePointers.java:30)
	at peergos.shared.corenode.Proxy.lambda$redirectCall$0(Proxy.java:26)
	at java.base/java.util.concurrent.CompletableFuture.uniComposeStage(CompletableFuture.java:1183)
	at java.base/java.util.concurrent.CompletableFuture.thenCompose(CompletableFuture.java:2299)
	at peergos.shared.corenode.Proxy.lambda$redirectCall$1(Proxy.java:19)
	at java.base/java.util.concurrent.CompletableFuture.uniComposeStage(CompletableFuture.java:1183)
	at java.base/java.util.concurrent.CompletableFuture.thenCompose(CompletableFuture.java:2299)
	at peergos.shared.corenode.Proxy.redirectCall(Proxy.java:18)
	at peergos.shared.mutable.ProxyingMutablePointers.setPointer(ProxyingMutablePointers.java:27)
	at peergos.server.net.MutationHandler.handle(MutationHandler.java:60)
	at jdk.httpserver/com.sun.net.httpserver.Filter$Chain.doFilter(Filter.java:77)
	at jdk.httpserver/sun.net.httpserver.AuthFilter.doFilter(AuthFilter.java:82)
	at jdk.httpserver/com.sun.net.httpserver.Filter$Chain.doFilter(Filter.java:80)
	at jdk.httpserver/sun.net.httpserver.ServerImpl$Exchange$LinkHandler.handle(ServerImpl.java:692)
	at jdk.httpserver/com.sun.net.httpserver.Filter$Chain.doFilter(Filter.java:77)
	at jdk.httpserver/sun.net.httpserver.ServerImpl$Exchange.run(ServerImpl.java:664)
	at java.base/java.util.concurrent.ThreadPoolExecutor.runWorker(ThreadPoolExecutor.java:1130)
	at java.base/java.util.concurrent.ThreadPoolExecutor$Worker.run(ThreadPoolExecutor.java:630)
	at java.base/java.lang.Thread.run(Thread.java:832)
java.lang.IllegalStateException: Writer not present on this server: z59vuwzfFDouSqZbXmW3SVco4wfNDUZAkdeeFLqoxNMvLExFZxyb5aT
	at peergos.server.space.JdbcUsageStore.getWriterId(JdbcUsageStore.java:179)
	at peergos.server.space.JdbcUsageStore.getOwner(JdbcUsageStore.java:239)
	at peergos.server.space.JdbcUsageStore.getUsage(JdbcUsageStore.java:268)
	at peergos.server.space.SpaceCheckingKeyFilter.prepareMutablePointerChange(SpaceCheckingKeyFilter.java:214)
	at peergos.server.space.SpaceCheckingKeyFilter.accept(SpaceCheckingKeyFilter.java:182)
	at peergos.server.mutable.MutableEventPropagator.lambda$setPointer$0(MutableEventPropagator.java:30)
	at java.base/java.util.concurrent.CompletableFuture.uniApplyNow(CompletableFuture.java:680)
	at java.base/java.util.concurrent.CompletableFuture.uniApplyStage(CompletableFuture.java:658)
	at java.base/java.util.concurrent.CompletableFuture.thenApply(CompletableFuture.java:2158)
	at peergos.server.mutable.MutableEventPropagator.setPointer(MutableEventPropagator.java:26)
	at peergos.server.mutable.PinningMutablePointers.lambda$setPointer$2(PinningMutablePointers.java:52)
	at java.base/java.util.concurrent.CompletableFuture.uniComposeStage(CompletableFuture.java:1183)
	at java.base/java.util.concurrent.CompletableFuture.thenCompose(CompletableFuture.java:2299)
	at peergos.server.mutable.PinningMutablePointers.lambda$setPointer$3(PinningMutablePointers.java:41)
	at java.base/java.util.concurrent.CompletableFuture.uniComposeStage(CompletableFuture.java:1183)
	at java.base/java.util.concurrent.CompletableFuture.thenCompose(CompletableFuture.java:2299)
	at peergos.server.mutable.PinningMutablePointers.setPointer(PinningMutablePointers.java:33)
	at peergos.server.mutable.BlockingMutablePointers.setPointer(BlockingMutablePointers.java:21)
	at peergos.shared.mutable.ProxyingMutablePointers.lambda$setPointer$0(ProxyingMutablePointers.java:30)
	at peergos.shared.corenode.Proxy.lambda$redirectCall$0(Proxy.java:26)
	at java.base/java.util.concurrent.CompletableFuture.uniComposeStage(CompletableFuture.java:1183)
	at java.base/java.util.concurrent.CompletableFuture.thenCompose(CompletableFuture.java:2299)
	at peergos.shared.corenode.Proxy.lambda$redirectCall$1(Proxy.java:19)
	at java.base/java.util.concurrent.CompletableFuture.uniComposeStage(CompletableFuture.java:1183)
	at java.base/java.util.concurrent.CompletableFuture.thenCompose(CompletableFuture.java:2299)
	at peergos.shared.corenode.Proxy.redirectCall(Proxy.java:18)
	at peergos.shared.mutable.ProxyingMutablePointers.setPointer(ProxyingMutablePointers.java:27)
	at peergos.server.net.MutationHandler.handle(MutationHandler.java:60)
	at jdk.httpserver/com.sun.net.httpserver.Filter$Chain.doFilter(Filter.java:77)
	at jdk.httpserver/sun.net.httpserver.AuthFilter.doFilter(AuthFilter.java:82)
	at jdk.httpserver/com.sun.net.httpserver.Filter$Chain.doFilter(Filter.java:80)
	at jdk.httpserver/sun.net.httpserver.ServerImpl$Exchange$LinkHandler.handle(ServerImpl.java:692)
	at jdk.httpserver/com.sun.net.httpserver.Filter$Chain.doFilter(Filter.java:77)
	at jdk.httpserver/sun.net.httpserver.ServerImpl$Exchange.run(ServerImpl.java:664)
	at java.base/java.util.concurrent.ThreadPoolExecutor.runWorker(ThreadPoolExecutor.java:1130)
	at java.base/java.util.concurrent.ThreadPoolExecutor$Worker.run(ThreadPoolExecutor.java:630)
	at java.base/java.lang.Thread.run(Thread.java:832)
java.lang.IllegalStateException: Writer not present on this server: z59vuwzfFDouSqZbXmW3SVco4wfNDUZAkdeeFLqoxNMvLExFZxyb5aT
	at peergos.server.space.JdbcUsageStore.getWriterId(JdbcUsageStore.java:179)
	at peergos.server.space.JdbcUsageStore.getOwner(JdbcUsageStore.java:239)
	at peergos.server.space.JdbcUsageStore.getUsage(JdbcUsageStore.java:268)
	at peergos.server.space.SpaceCheckingKeyFilter.prepareMutablePointerChange(SpaceCheckingKeyFilter.java:214)
	at peergos.server.space.SpaceCheckingKeyFilter.accept(SpaceCheckingKeyFilter.java:182)
	at peergos.server.mutable.MutableEventPropagator.lambda$setPointer$0(MutableEventPropagator.java:30)
	at java.base/java.util.concurrent.CompletableFuture.uniApplyNow(CompletableFuture.java:680)
	at java.base/java.util.concurrent.CompletableFuture.uniApplyStage(CompletableFuture.java:658)
	at java.base/java.util.concurrent.CompletableFuture.thenApply(CompletableFuture.java:2158)
	at peergos.server.mutable.MutableEventPropagator.setPointer(MutableEventPropagator.java:26)
	at peergos.server.mutable.PinningMutablePointers.lambda$setPointer$2(PinningMutablePointers.java:52)
	at java.base/java.util.concurrent.CompletableFuture.uniComposeStage(CompletableFuture.java:1183)
	at java.base/java.util.concurrent.CompletableFuture.thenCompose(CompletableFuture.java:2299)
	at peergos.server.mutable.PinningMutablePointers.lambda$setPointer$3(PinningMutablePointers.java:41)
	at java.base/java.util.concurrent.CompletableFuture.uniComposeStage(CompletableFuture.java:1183)
	at java.base/java.util.concurrent.CompletableFuture.thenCompose(CompletableFuture.java:2299)
	at peergos.server.mutable.PinningMutablePointers.setPointer(PinningMutablePointers.java:33)
	at peergos.server.mutable.BlockingMutablePointers.setPointer(BlockingMutablePointers.java:21)
	at peergos.shared.mutable.ProxyingMutablePointers.lambda$setPointer$0(ProxyingMutablePointers.java:30)
	at peergos.shared.corenode.Proxy.lambda$redirectCall$0(Proxy.java:26)
	at java.base/java.util.concurrent.CompletableFuture.uniComposeStage(CompletableFuture.java:1183)
	at java.base/java.util.concurrent.CompletableFuture.thenCompose(CompletableFuture.java:2299)
	at peergos.shared.corenode.Proxy.lambda$redirectCall$1(Proxy.java:19)
	at java.base/java.util.concurrent.CompletableFuture.uniComposeStage(CompletableFuture.java:1183)
	at java.base/java.util.concurrent.CompletableFuture.thenCompose(CompletableFuture.java:2299)
	at peergos.shared.corenode.Proxy.redirectCall(Proxy.java:18)
	at peergos.shared.mutable.ProxyingMutablePointers.setPointer(ProxyingMutablePointers.java:27)
	at peergos.server.net.MutationHandler.handle(MutationHandler.java:60)
	at jdk.httpserver/com.sun.net.httpserver.Filter$Chain.doFilter(Filter.java:77)
	at jdk.httpserver/sun.net.httpserver.AuthFilter.doFilter(AuthFilter.java:82)
	at jdk.httpserver/com.sun.net.httpserver.Filter$Chain.doFilter(Filter.java:80)
	at jdk.httpserver/sun.net.httpserver.ServerImpl$Exchange$LinkHandler.handle(ServerImpl.java:692)
	at jdk.httpserver/com.sun.net.httpserver.Filter$Chain.doFilter(Filter.java:77)
	at jdk.httpserver/sun.net.httpserver.ServerImpl$Exchange.run(ServerImpl.java:664)
	at java.base/java.util.concurrent.ThreadPoolExecutor.runWorker(ThreadPoolExecutor.java:1130)
	at java.base/java.util.concurrent.ThreadPoolExecutor$Worker.run(ThreadPoolExecutor.java:630)
	at java.base/java.lang.Thread.run(Thread.java:832)
java.lang.IllegalStateException: Writer not present on this server: z59vuwzfFDom8UtRGm1ischEj1xAAU9zYws8BdeEXBSEG9sU2ySof95
	at peergos.server.space.JdbcUsageStore.getWriterId(JdbcUsageStore.java:179)
	at peergos.server.space.JdbcUsageStore.getOwner(JdbcUsageStore.java:239)
	at peergos.server.space.JdbcUsageStore.getUsage(JdbcUsageStore.java:268)
	at peergos.server.space.SpaceCheckingKeyFilter.prepareMutablePointerChange(SpaceCheckingKeyFilter.java:214)
	at peergos.server.space.SpaceCheckingKeyFilter.accept(SpaceCheckingKeyFilter.java:182)
	at peergos.server.mutable.MutableEventPropagator.lambda$setPointer$0(MutableEventPropagator.java:30)
	at java.base/java.util.concurrent.CompletableFuture.uniApplyNow(CompletableFuture.java:680)
	at java.base/java.util.concurrent.CompletableFuture.uniApplyStage(CompletableFuture.java:658)
	at java.base/java.util.concurrent.CompletableFuture.thenApply(CompletableFuture.java:2158)
	at peergos.server.mutable.MutableEventPropagator.setPointer(MutableEventPropagator.java:26)
	at peergos.server.mutable.PinningMutablePointers.lambda$setPointer$2(PinningMutablePointers.java:52)
	at java.base/java.util.concurrent.CompletableFuture.uniComposeStage(CompletableFuture.java:1183)
	at java.base/java.util.concurrent.CompletableFuture.thenCompose(CompletableFuture.java:2299)
	at peergos.server.mutable.PinningMutablePointers.lambda$setPointer$3(PinningMutablePointers.java:41)
	at java.base/java.util.concurrent.CompletableFuture.uniComposeStage(CompletableFuture.java:1183)
	at java.base/java.util.concurrent.CompletableFuture.thenCompose(CompletableFuture.java:2299)
	at peergos.server.mutable.PinningMutablePointers.setPointer(PinningMutablePointers.java:33)
	at peergos.server.mutable.BlockingMutablePointers.setPointer(BlockingMutablePointers.java:21)
	at peergos.shared.mutable.ProxyingMutablePointers.lambda$setPointer$0(ProxyingMutablePointers.java:30)
	at peergos.shared.corenode.Proxy.lambda$redirectCall$0(Proxy.java:26)
	at java.base/java.util.concurrent.CompletableFuture.uniComposeStage(CompletableFuture.java:1183)
	at java.base/java.util.concurrent.CompletableFuture.thenCompose(CompletableFuture.java:2299)
	at peergos.shared.corenode.Proxy.lambda$redirectCall$1(Proxy.java:19)
	at java.base/java.util.concurrent.CompletableFuture.uniComposeStage(CompletableFuture.java:1183)
	at java.base/java.util.concurrent.CompletableFuture.thenCompose(CompletableFuture.java:2299)
	at peergos.shared.corenode.Proxy.redirectCall(Proxy.java:18)
	at peergos.shared.mutable.ProxyingMutablePointers.setPointer(ProxyingMutablePointers.java:27)
	at peergos.server.net.MutationHandler.handle(MutationHandler.java:60)
	at jdk.httpserver/com.sun.net.httpserver.Filter$Chain.doFilter(Filter.java:77)
	at jdk.httpserver/sun.net.httpserver.AuthFilter.doFilter(AuthFilter.java:82)
	at jdk.httpserver/com.sun.net.httpserver.Filter$Chain.doFilter(Filter.java:80)
	at jdk.httpserver/sun.net.httpserver.ServerImpl$Exchange$LinkHandler.handle(ServerImpl.java:692)
	at jdk.httpserver/com.sun.net.httpserver.Filter$Chain.doFilter(Filter.java:77)
	at jdk.httpserver/sun.net.httpserver.ServerImpl$Exchange.run(ServerImpl.java:664)
	at java.base/java.util.concurrent.ThreadPoolExecutor.runWorker(ThreadPoolExecutor.java:1130)
	at java.base/java.util.concurrent.ThreadPoolExecutor$Worker.run(ThreadPoolExecutor.java:630)
	at java.base/java.lang.Thread.run(Thread.java:832)
java.lang.IllegalStateException: Writer not present on this server: z59vuwzfFDom8UtRGm1ischEj1xAAU9zYws8BdeEXBSEG9sU2ySof95
	at peergos.server.space.JdbcUsageStore.getWriterId(JdbcUsageStore.java:179)
	at peergos.server.space.JdbcUsageStore.getOwner(JdbcUsageStore.java:239)
	at peergos.server.space.JdbcUsageStore.getUsage(JdbcUsageStore.java:268)
	at peergos.server.space.SpaceCheckingKeyFilter.prepareMutablePointerChange(SpaceCheckingKeyFilter.java:214)
	at peergos.server.space.SpaceCheckingKeyFilter.accept(SpaceCheckingKeyFilter.java:182)
	at peergos.server.mutable.MutableEventPropagator.lambda$setPointer$0(MutableEventPropagator.java:30)
	at java.base/java.util.concurrent.CompletableFuture.uniApplyNow(CompletableFuture.java:680)
	at java.base/java.util.concurrent.CompletableFuture.uniApplyStage(CompletableFuture.java:658)
	at java.base/java.util.concurrent.CompletableFuture.thenApply(CompletableFuture.java:2158)
	at peergos.server.mutable.MutableEventPropagator.setPointer(MutableEventPropagator.java:26)
	at peergos.server.mutable.PinningMutablePointers.lambda$setPointer$2(PinningMutablePointers.java:52)
	at java.base/java.util.concurrent.CompletableFuture.uniComposeStage(CompletableFuture.java:1183)
	at java.base/java.util.concurrent.CompletableFuture.thenCompose(CompletableFuture.java:2299)
	at peergos.server.mutable.PinningMutablePointers.lambda$setPointer$3(PinningMutablePointers.java:41)
	at java.base/java.util.concurrent.CompletableFuture.uniComposeStage(CompletableFuture.java:1183)
	at java.base/java.util.concurrent.CompletableFuture.thenCompose(CompletableFuture.java:2299)
	at peergos.server.mutable.PinningMutablePointers.setPointer(PinningMutablePointers.java:33)
	at peergos.server.mutable.BlockingMutablePointers.setPointer(BlockingMutablePointers.java:21)
	at peergos.shared.mutable.ProxyingMutablePointers.lambda$setPointer$0(ProxyingMutablePointers.java:30)
	at peergos.shared.corenode.Proxy.lambda$redirectCall$0(Proxy.java:26)
	at java.base/java.util.concurrent.CompletableFuture.uniComposeStage(CompletableFuture.java:1183)
	at java.base/java.util.concurrent.CompletableFuture.thenCompose(CompletableFuture.java:2299)
	at peergos.shared.corenode.Proxy.lambda$redirectCall$1(Proxy.java:19)
	at java.base/java.util.concurrent.CompletableFuture.uniComposeStage(CompletableFuture.java:1183)
	at java.base/java.util.concurrent.CompletableFuture.thenCompose(CompletableFuture.java:2299)
	at peergos.shared.corenode.Proxy.redirectCall(Proxy.java:18)
	at peergos.shared.mutable.ProxyingMutablePointers.setPointer(ProxyingMutablePointers.java:27)
	at peergos.server.net.MutationHandler.handle(MutationHandler.java:60)
	at jdk.httpserver/com.sun.net.httpserver.Filter$Chain.doFilter(Filter.java:77)
	at jdk.httpserver/sun.net.httpserver.AuthFilter.doFilter(AuthFilter.java:82)
	at jdk.httpserver/com.sun.net.httpserver.Filter$Chain.doFilter(Filter.java:80)
	at jdk.httpserver/sun.net.httpserver.ServerImpl$Exchange$LinkHandler.handle(ServerImpl.java:692)
	at jdk.httpserver/com.sun.net.httpserver.Filter$Chain.doFilter(Filter.java:77)
	at jdk.httpserver/sun.net.httpserver.ServerImpl$Exchange.run(ServerImpl.java:664)
	at java.base/java.util.concurrent.ThreadPoolExecutor.runWorker(ThreadPoolExecutor.java:1130)
	at java.base/java.util.concurrent.ThreadPoolExecutor$Worker.run(ThreadPoolExecutor.java:630)
	at java.base/java.lang.Thread.run(Thread.java:832)
java.lang.IllegalStateException: Writer not present on this server: z59vuwzfFDorpYGpisFMHu5L2iHj4Wq5VmtRFF3Vztcg2aUcMwiXo3V
	at peergos.server.space.JdbcUsageStore.getWriterId(JdbcUsageStore.java:179)
	at peergos.server.space.JdbcUsageStore.getOwner(JdbcUsageStore.java:239)
	at peergos.server.space.JdbcUsageStore.getUsage(JdbcUsageStore.java:268)
	at peergos.server.space.SpaceCheckingKeyFilter.prepareMutablePointerChange(SpaceCheckingKeyFilter.java:214)
	at peergos.server.space.SpaceCheckingKeyFilter.accept(SpaceCheckingKeyFilter.java:182)
	at peergos.server.mutable.MutableEventPropagator.lambda$setPointer$0(MutableEventPropagator.java:30)
	at java.base/java.util.concurrent.CompletableFuture.uniApplyNow(CompletableFuture.java:680)
	at java.base/java.util.concurrent.CompletableFuture.uniApplyStage(CompletableFuture.java:658)
	at java.base/java.util.concurrent.CompletableFuture.thenApply(CompletableFuture.java:2158)
	at peergos.server.mutable.MutableEventPropagator.setPointer(MutableEventPropagator.java:26)
	at peergos.server.mutable.PinningMutablePointers.lambda$setPointer$2(PinningMutablePointers.java:52)
	at java.base/java.util.concurrent.CompletableFuture.uniComposeStage(CompletableFuture.java:1183)
	at java.base/java.util.concurrent.CompletableFuture.thenCompose(CompletableFuture.java:2299)
	at peergos.server.mutable.PinningMutablePointers.lambda$setPointer$3(PinningMutablePointers.java:41)
	at java.base/java.util.concurrent.CompletableFuture.uniComposeStage(CompletableFuture.java:1183)
	at java.base/java.util.concurrent.CompletableFuture.thenCompose(CompletableFuture.java:2299)
	at peergos.server.mutable.PinningMutablePointers.setPointer(PinningMutablePointers.java:33)
	at peergos.server.mutable.BlockingMutablePointers.setPointer(BlockingMutablePointers.java:21)
	at peergos.shared.mutable.ProxyingMutablePointers.lambda$setPointer$0(ProxyingMutablePointers.java:30)
	at peergos.shared.corenode.Proxy.lambda$redirectCall$0(Proxy.java:26)
	at java.base/java.util.concurrent.CompletableFuture.uniComposeStage(CompletableFuture.java:1183)
	at java.base/java.util.concurrent.CompletableFuture.thenCompose(CompletableFuture.java:2299)
	at peergos.shared.corenode.Proxy.lambda$redirectCall$1(Proxy.java:19)
	at java.base/java.util.concurrent.CompletableFuture.uniComposeStage(CompletableFuture.java:1183)
	at java.base/java.util.concurrent.CompletableFuture.thenCompose(CompletableFuture.java:2299)
	at peergos.shared.corenode.Proxy.redirectCall(Proxy.java:18)
	at peergos.shared.mutable.ProxyingMutablePointers.setPointer(ProxyingMutablePointers.java:27)
	at peergos.server.net.MutationHandler.handle(MutationHandler.java:60)
	at jdk.httpserver/com.sun.net.httpserver.Filter$Chain.doFilter(Filter.java:77)
	at jdk.httpserver/sun.net.httpserver.AuthFilter.doFilter(AuthFilter.java:82)
	at jdk.httpserver/com.sun.net.httpserver.Filter$Chain.doFilter(Filter.java:80)
	at jdk.httpserver/sun.net.httpserver.ServerImpl$Exchange$LinkHandler.handle(ServerImpl.java:692)
	at jdk.httpserver/com.sun.net.httpserver.Filter$Chain.doFilter(Filter.java:77)
	at jdk.httpserver/sun.net.httpserver.ServerImpl$Exchange.run(ServerImpl.java:664)
	at java.base/java.util.concurrent.ThreadPoolExecutor.runWorker(ThreadPoolExecutor.java:1130)
	at java.base/java.util.concurrent.ThreadPoolExecutor$Worker.run(ThreadPoolExecutor.java:630)
	at java.base/java.lang.Thread.run(Thread.java:832)
java.lang.IllegalStateException: Writer not present on this server: z59vuwzfFDorpYGpisFMHu5L2iHj4Wq5VmtRFF3Vztcg2aUcMwiXo3V
	at peergos.server.space.JdbcUsageStore.getWriterId(JdbcUsageStore.java:179)
	at peergos.server.space.JdbcUsageStore.getOwner(JdbcUsageStore.java:239)
	at peergos.server.space.JdbcUsageStore.getUsage(JdbcUsageStore.java:268)
	at peergos.server.space.SpaceCheckingKeyFilter.prepareMutablePointerChange(SpaceCheckingKeyFilter.java:214)
	at peergos.server.space.SpaceCheckingKeyFilter.accept(SpaceCheckingKeyFilter.java:182)
	at peergos.server.mutable.MutableEventPropagator.lambda$setPointer$0(MutableEventPropagator.java:30)
	at java.base/java.util.concurrent.CompletableFuture.uniApplyNow(CompletableFuture.java:680)
	at java.base/java.util.concurrent.CompletableFuture.uniApplyStage(CompletableFuture.java:658)
	at java.base/java.util.concurrent.CompletableFuture.thenApply(CompletableFuture.java:2158)
	at peergos.server.mutable.MutableEventPropagator.setPointer(MutableEventPropagator.java:26)
	at peergos.server.mutable.PinningMutablePointers.lambda$setPointer$2(PinningMutablePointers.java:52)
	at java.base/java.util.concurrent.CompletableFuture.uniComposeStage(CompletableFuture.java:1183)
	at java.base/java.util.concurrent.CompletableFuture.thenCompose(CompletableFuture.java:2299)
	at peergos.server.mutable.PinningMutablePointers.lambda$setPointer$3(PinningMutablePointers.java:41)
	at java.base/java.util.concurrent.CompletableFuture.uniComposeStage(CompletableFuture.java:1183)
	at java.base/java.util.concurrent.CompletableFuture.thenCompose(CompletableFuture.java:2299)
	at peergos.server.mutable.PinningMutablePointers.setPointer(PinningMutablePointers.java:33)
	at peergos.server.mutable.BlockingMutablePointers.setPointer(BlockingMutablePointers.java:21)
	at peergos.shared.mutable.ProxyingMutablePointers.lambda$setPointer$0(ProxyingMutablePointers.java:30)
	at peergos.shared.corenode.Proxy.lambda$redirectCall$0(Proxy.java:26)
	at java.base/java.util.concurrent.CompletableFuture.uniComposeStage(CompletableFuture.java:1183)
	at java.base/java.util.concurrent.CompletableFuture.thenCompose(CompletableFuture.java:2299)
	at peergos.shared.corenode.Proxy.lambda$redirectCall$1(Proxy.java:19)
	at java.base/java.util.concurrent.CompletableFuture.uniComposeStage(CompletableFuture.java:1183)
	at java.base/java.util.concurrent.CompletableFuture.thenCompose(CompletableFuture.java:2299)
	at peergos.shared.corenode.Proxy.redirectCall(Proxy.java:18)
	at peergos.shared.mutable.ProxyingMutablePointers.setPointer(ProxyingMutablePointers.java:27)
	at peergos.server.net.MutationHandler.handle(MutationHandler.java:60)
	at jdk.httpserver/com.sun.net.httpserver.Filter$Chain.doFilter(Filter.java:77)
	at jdk.httpserver/sun.net.httpserver.AuthFilter.doFilter(AuthFilter.java:82)
	at jdk.httpserver/com.sun.net.httpserver.Filter$Chain.doFilter(Filter.java:80)
	at jdk.httpserver/sun.net.httpserver.ServerImpl$Exchange$LinkHandler.handle(ServerImpl.java:692)
	at jdk.httpserver/com.sun.net.httpserver.Filter$Chain.doFilter(Filter.java:77)
	at jdk.httpserver/sun.net.httpserver.ServerImpl$Exchange.run(ServerImpl.java:664)
	at java.base/java.util.concurrent.ThreadPoolExecutor.runWorker(ThreadPoolExecutor.java:1130)
	at java.base/java.util.concurrent.ThreadPoolExecutor$Worker.run(ThreadPoolExecutor.java:630)
	at java.base/java.lang.Thread.run(Thread.java:832)
java.lang.IllegalStateException: Writer not present on this server: z59vuwzfFDom8UtRGm1ischEj1xAAU9zYws8BdeEXBSEG9sU2ySof95
	at peergos.server.space.JdbcUsageStore.getWriterId(JdbcUsageStore.java:179)
	at peergos.server.space.JdbcUsageStore.getOwner(JdbcUsageStore.java:239)
	at peergos.server.space.JdbcUsageStore.getUsage(JdbcUsageStore.java:268)
	at peergos.server.space.SpaceCheckingKeyFilter.prepareMutablePointerChange(SpaceCheckingKeyFilter.java:214)
	at peergos.server.space.SpaceCheckingKeyFilter.accept(SpaceCheckingKeyFilter.java:182)
	at peergos.server.mutable.MutableEventPropagator.lambda$setPointer$0(MutableEventPropagator.java:30)
	at java.base/java.util.concurrent.CompletableFuture.uniApplyNow(CompletableFuture.java:680)
	at java.base/java.util.concurrent.CompletableFuture.uniApplyStage(CompletableFuture.java:658)
	at java.base/java.util.concurrent.CompletableFuture.thenApply(CompletableFuture.java:2158)
	at peergos.server.mutable.MutableEventPropagator.setPointer(MutableEventPropagator.java:26)
	at peergos.server.mutable.PinningMutablePointers.lambda$setPointer$2(PinningMutablePointers.java:52)
	at java.base/java.util.concurrent.CompletableFuture.uniComposeStage(CompletableFuture.java:1183)
	at java.base/java.util.concurrent.CompletableFuture.thenCompose(CompletableFuture.java:2299)
	at peergos.server.mutable.PinningMutablePointers.lambda$setPointer$3(PinningMutablePointers.java:41)
	at java.base/java.util.concurrent.CompletableFuture.uniComposeStage(CompletableFuture.java:1183)
	at java.base/java.util.concurrent.CompletableFuture.thenCompose(CompletableFuture.java:2299)
	at peergos.server.mutable.PinningMutablePointers.setPointer(PinningMutablePointers.java:33)
	at peergos.server.mutable.BlockingMutablePointers.setPointer(BlockingMutablePointers.java:21)
	at peergos.shared.mutable.ProxyingMutablePointers.lambda$setPointer$0(ProxyingMutablePointers.java:30)
	at peergos.shared.corenode.Proxy.lambda$redirectCall$0(Proxy.java:26)
	at java.base/java.util.concurrent.CompletableFuture.uniComposeStage(CompletableFuture.java:1183)
	at java.base/java.util.concurrent.CompletableFuture.thenCompose(CompletableFuture.java:2299)
	at peergos.shared.corenode.Proxy.lambda$redirectCall$1(Proxy.java:19)
	at java.base/java.util.concurrent.CompletableFuture.uniComposeStage(CompletableFuture.java:1183)
	at java.base/java.util.concurrent.CompletableFuture.thenCompose(CompletableFuture.java:2299)
	at peergos.shared.corenode.Proxy.redirectCall(Proxy.java:18)
	at peergos.shared.mutable.ProxyingMutablePointers.setPointer(ProxyingMutablePointers.java:27)
	at peergos.server.net.MutationHandler.handle(MutationHandler.java:60)
	at jdk.httpserver/com.sun.net.httpserver.Filter$Chain.doFilter(Filter.java:77)
	at jdk.httpserver/sun.net.httpserver.AuthFilter.doFilter(AuthFilter.java:82)
	at jdk.httpserver/com.sun.net.httpserver.Filter$Chain.doFilter(Filter.java:80)
	at jdk.httpserver/sun.net.httpserver.ServerImpl$Exchange$LinkHandler.handle(ServerImpl.java:692)
	at jdk.httpserver/com.sun.net.httpserver.Filter$Chain.doFilter(Filter.java:77)
	at jdk.httpserver/sun.net.httpserver.ServerImpl$Exchange.run(ServerImpl.java:664)
	at java.base/java.util.concurrent.ThreadPoolExecutor.runWorker(ThreadPoolExecutor.java:1130)
	at java.base/java.util.concurrent.ThreadPoolExecutor$Worker.run(ThreadPoolExecutor.java:630)
	at java.base/java.lang.Thread.run(Thread.java:832)
java.lang.IllegalStateException: Writer not present on this server: z59vuwzfFDorpYGpisFMHu5L2iHj4Wq5VmtRFF3Vztcg2aUcMwiXo3V
	at peergos.server.space.JdbcUsageStore.getWriterId(JdbcUsageStore.java:179)
	at peergos.server.space.JdbcUsageStore.getOwner(JdbcUsageStore.java:239)
	at peergos.server.space.JdbcUsageStore.getUsage(JdbcUsageStore.java:268)
	at peergos.server.space.SpaceCheckingKeyFilter.prepareMutablePointerChange(SpaceCheckingKeyFilter.java:214)
	at peergos.server.space.SpaceCheckingKeyFilter.accept(SpaceCheckingKeyFilter.java:182)
	at peergos.server.mutable.MutableEventPropagator.lambda$setPointer$0(MutableEventPropagator.java:30)
	at java.base/java.util.concurrent.CompletableFuture.uniApplyNow(CompletableFuture.java:680)
	at java.base/java.util.concurrent.CompletableFuture.uniApplyStage(CompletableFuture.java:658)
	at java.base/java.util.concurrent.CompletableFuture.thenApply(CompletableFuture.java:2158)
	at peergos.server.mutable.MutableEventPropagator.setPointer(MutableEventPropagator.java:26)
	at peergos.server.mutable.PinningMutablePointers.lambda$setPointer$2(PinningMutablePointers.java:52)
	at java.base/java.util.concurrent.CompletableFuture.uniComposeStage(CompletableFuture.java:1183)
	at java.base/java.util.concurrent.CompletableFuture.thenCompose(CompletableFuture.java:2299)
	at peergos.server.mutable.PinningMutablePointers.lambda$setPointer$3(PinningMutablePointers.java:41)
	at java.base/java.util.concurrent.CompletableFuture.uniComposeStage(CompletableFuture.java:1183)
	at java.base/java.util.concurrent.CompletableFuture.thenCompose(CompletableFuture.java:2299)
	at peergos.server.mutable.PinningMutablePointers.setPointer(PinningMutablePointers.java:33)
	at peergos.server.mutable.BlockingMutablePointers.setPointer(BlockingMutablePointers.java:21)
	at peergos.shared.mutable.ProxyingMutablePointers.lambda$setPointer$0(ProxyingMutablePointers.java:30)
	at peergos.shared.corenode.Proxy.lambda$redirectCall$0(Proxy.java:26)
	at java.base/java.util.concurrent.CompletableFuture.uniComposeStage(CompletableFuture.java:1183)
	at java.base/java.util.concurrent.CompletableFuture.thenCompose(CompletableFuture.java:2299)
	at peergos.shared.corenode.Proxy.lambda$redirectCall$1(Proxy.java:19)
	at java.base/java.util.concurrent.CompletableFuture.uniComposeStage(CompletableFuture.java:1183)
	at java.base/java.util.concurrent.CompletableFuture.thenCompose(CompletableFuture.java:2299)
	at peergos.shared.corenode.Proxy.redirectCall(Proxy.java:18)
	at peergos.shared.mutable.ProxyingMutablePointers.setPointer(ProxyingMutablePointers.java:27)
	at peergos.server.net.MutationHandler.handle(MutationHandler.java:60)
	at jdk.httpserver/com.sun.net.httpserver.Filter$Chain.doFilter(Filter.java:77)
	at jdk.httpserver/sun.net.httpserver.AuthFilter.doFilter(AuthFilter.java:82)
	at jdk.httpserver/com.sun.net.httpserver.Filter$Chain.doFilter(Filter.java:80)
	at jdk.httpserver/sun.net.httpserver.ServerImpl$Exchange$LinkHandler.handle(ServerImpl.java:692)
	at jdk.httpserver/com.sun.net.httpserver.Filter$Chain.doFilter(Filter.java:77)
	at jdk.httpserver/sun.net.httpserver.ServerImpl$Exchange.run(ServerImpl.java:664)
	at java.base/java.util.concurrent.ThreadPoolExecutor.runWorker(ThreadPoolExecutor.java:1130)
	at java.base/java.util.concurrent.ThreadPoolExecutor$Worker.run(ThreadPoolExecutor.java:630)
	at java.base/java.lang.Thread.run(Thread.java:832)
java.lang.IllegalStateException: Writer not present on this server: z59vuwzfFDorpYGpisFMHu5L2iHj4Wq5VmtRFF3Vztcg2aUcMwiXo3V
	at peergos.server.space.JdbcUsageStore.getWriterId(JdbcUsageStore.java:179)
	at peergos.server.space.JdbcUsageStore.getOwner(JdbcUsageStore.java:239)
	at peergos.server.space.JdbcUsageStore.getUsage(JdbcUsageStore.java:268)
	at peergos.server.space.SpaceCheckingKeyFilter.prepareMutablePointerChange(SpaceCheckingKeyFilter.java:214)
	at peergos.server.space.SpaceCheckingKeyFilter.accept(SpaceCheckingKeyFilter.java:182)
	at peergos.server.mutable.MutableEventPropagator.lambda$setPointer$0(MutableEventPropagator.java:30)
	at java.base/java.util.concurrent.CompletableFuture.uniApplyNow(CompletableFuture.java:680)
	at java.base/java.util.concurrent.CompletableFuture.uniApplyStage(CompletableFuture.java:658)
	at java.base/java.util.concurrent.CompletableFuture.thenApply(CompletableFuture.java:2158)
	at peergos.server.mutable.MutableEventPropagator.setPointer(MutableEventPropagator.java:26)
	at peergos.server.mutable.PinningMutablePointers.lambda$setPointer$2(PinningMutablePointers.java:52)
	at java.base/java.util.concurrent.CompletableFuture.uniComposeStage(CompletableFuture.java:1183)
	at java.base/java.util.concurrent.CompletableFuture.thenCompose(CompletableFuture.java:2299)
	at peergos.server.mutable.PinningMutablePointers.lambda$setPointer$3(PinningMutablePointers.java:41)
	at java.base/java.util.concurrent.CompletableFuture.uniComposeStage(CompletableFuture.java:1183)
	at java.base/java.util.concurrent.CompletableFuture.thenCompose(CompletableFuture.java:2299)
	at peergos.server.mutable.PinningMutablePointers.setPointer(PinningMutablePointers.java:33)
	at peergos.server.mutable.BlockingMutablePointers.setPointer(BlockingMutablePointers.java:21)
	at peergos.shared.mutable.ProxyingMutablePointers.lambda$setPointer$0(ProxyingMutablePointers.java:30)
	at peergos.shared.corenode.Proxy.lambda$redirectCall$0(Proxy.java:26)
	at java.base/java.util.concurrent.CompletableFuture.uniComposeStage(CompletableFuture.java:1183)
	at java.base/java.util.concurrent.CompletableFuture.thenCompose(CompletableFuture.java:2299)
	at peergos.shared.corenode.Proxy.lambda$redirectCall$1(Proxy.java:19)
	at java.base/java.util.concurrent.CompletableFuture.uniComposeStage(CompletableFuture.java:1183)
	at java.base/java.util.concurrent.CompletableFuture.thenCompose(CompletableFuture.java:2299)
	at peergos.shared.corenode.Proxy.redirectCall(Proxy.java:18)
	at peergos.shared.mutable.ProxyingMutablePointers.setPointer(ProxyingMutablePointers.java:27)
	at peergos.server.net.MutationHandler.handle(MutationHandler.java:60)
	at jdk.httpserver/com.sun.net.httpserver.Filter$Chain.doFilter(Filter.java:77)
	at jdk.httpserver/sun.net.httpserver.AuthFilter.doFilter(AuthFilter.java:82)
	at jdk.httpserver/com.sun.net.httpserver.Filter$Chain.doFilter(Filter.java:80)
	at jdk.httpserver/sun.net.httpserver.ServerImpl$Exchange$LinkHandler.handle(ServerImpl.java:692)
	at jdk.httpserver/com.sun.net.httpserver.Filter$Chain.doFilter(Filter.java:77)
	at jdk.httpserver/sun.net.httpserver.ServerImpl$Exchange.run(ServerImpl.java:664)
	at java.base/java.util.concurrent.ThreadPoolExecutor.runWorker(ThreadPoolExecutor.java:1130)
	at java.base/java.util.concurrent.ThreadPoolExecutor$Worker.run(ThreadPoolExecutor.java:630)
	at java.base/java.lang.Thread.run(Thread.java:832)
java.lang.IllegalStateException: Writer not present on this server: z59vuwzfFDorpYGpisFMHu5L2iHj4Wq5VmtRFF3Vztcg2aUcMwiXo3V
	at peergos.server.space.JdbcUsageStore.getWriterId(JdbcUsageStore.java:179)
	at peergos.server.space.JdbcUsageStore.getOwner(JdbcUsageStore.java:239)
	at peergos.server.space.JdbcUsageStore.getUsage(JdbcUsageStore.java:268)
	at peergos.server.space.SpaceCheckingKeyFilter.prepareMutablePointerChange(SpaceCheckingKeyFilter.java:214)
	at peergos.server.space.SpaceCheckingKeyFilter.accept(SpaceCheckingKeyFilter.java:182)
	at peergos.server.mutable.MutableEventPropagator.lambda$setPointer$0(MutableEventPropagator.java:30)
	at java.base/java.util.concurrent.CompletableFuture.uniApplyNow(CompletableFuture.java:680)
	at java.base/java.util.concurrent.CompletableFuture.uniApplyStage(CompletableFuture.java:658)
	at java.base/java.util.concurrent.CompletableFuture.thenApply(CompletableFuture.java:2158)
	at peergos.server.mutable.MutableEventPropagator.setPointer(MutableEventPropagator.java:26)
	at peergos.server.mutable.PinningMutablePointers.lambda$setPointer$2(PinningMutablePointers.java:52)
	at java.base/java.util.concurrent.CompletableFuture.uniComposeStage(CompletableFuture.java:1183)
	at java.base/java.util.concurrent.CompletableFuture.thenCompose(CompletableFuture.java:2299)
	at peergos.server.mutable.PinningMutablePointers.lambda$setPointer$3(PinningMutablePointers.java:41)
	at java.base/java.util.concurrent.CompletableFuture.uniComposeStage(CompletableFuture.java:1183)
	at java.base/java.util.concurrent.CompletableFuture.thenCompose(CompletableFuture.java:2299)
	at peergos.server.mutable.PinningMutablePointers.setPointer(PinningMutablePointers.java:33)
	at peergos.server.mutable.BlockingMutablePointers.setPointer(BlockingMutablePointers.java:21)
	at peergos.shared.mutable.ProxyingMutablePointers.lambda$setPointer$0(ProxyingMutablePointers.java:30)
	at peergos.shared.corenode.Proxy.lambda$redirectCall$0(Proxy.java:26)
	at java.base/java.util.concurrent.CompletableFuture.uniComposeStage(CompletableFuture.java:1183)
	at java.base/java.util.concurrent.CompletableFuture.thenCompose(CompletableFuture.java:2299)
	at peergos.shared.corenode.Proxy.lambda$redirectCall$1(Proxy.java:19)
	at java.base/java.util.concurrent.CompletableFuture.uniComposeStage(CompletableFuture.java:1183)
	at java.base/java.util.concurrent.CompletableFuture.thenCompose(CompletableFuture.java:2299)
	at peergos.shared.corenode.Proxy.redirectCall(Proxy.java:18)
	at peergos.shared.mutable.ProxyingMutablePointers.setPointer(ProxyingMutablePointers.java:27)
	at peergos.server.net.MutationHandler.handle(MutationHandler.java:60)
	at jdk.httpserver/com.sun.net.httpserver.Filter$Chain.doFilter(Filter.java:77)
	at jdk.httpserver/sun.net.httpserver.AuthFilter.doFilter(AuthFilter.java:82)
	at jdk.httpserver/com.sun.net.httpserver.Filter$Chain.doFilter(Filter.java:80)
	at jdk.httpserver/sun.net.httpserver.ServerImpl$Exchange$LinkHandler.handle(ServerImpl.java:692)
	at jdk.httpserver/com.sun.net.httpserver.Filter$Chain.doFilter(Filter.java:77)
	at jdk.httpserver/sun.net.httpserver.ServerImpl$Exchange.run(ServerImpl.java:664)
	at java.base/java.util.concurrent.ThreadPoolExecutor.runWorker(ThreadPoolExecutor.java:1130)
	at java.base/java.util.concurrent.ThreadPoolExecutor$Worker.run(ThreadPoolExecutor.java:630)
	at java.base/java.lang.Thread.run(Thread.java:832)
java.lang.IllegalStateException: Writer not present on this server: z59vuwzfFDorpYGpisFMHu5L2iHj4Wq5VmtRFF3Vztcg2aUcMwiXo3V
	at peergos.server.space.JdbcUsageStore.getWriterId(JdbcUsageStore.java:179)
	at peergos.server.space.JdbcUsageStore.getOwner(JdbcUsageStore.java:239)
	at peergos.server.space.JdbcUsageStore.getUsage(JdbcUsageStore.java:268)
	at peergos.server.space.SpaceCheckingKeyFilter.prepareMutablePointerChange(SpaceCheckingKeyFilter.java:214)
	at peergos.server.space.SpaceCheckingKeyFilter.accept(SpaceCheckingKeyFilter.java:182)
	at peergos.server.mutable.MutableEventPropagator.lambda$setPointer$0(MutableEventPropagator.java:30)
	at java.base/java.util.concurrent.CompletableFuture.uniApplyNow(CompletableFuture.java:680)
	at java.base/java.util.concurrent.CompletableFuture.uniApplyStage(CompletableFuture.java:658)
	at java.base/java.util.concurrent.CompletableFuture.thenApply(CompletableFuture.java:2158)
	at peergos.server.mutable.MutableEventPropagator.setPointer(MutableEventPropagator.java:26)
	at peergos.server.mutable.PinningMutablePointers.lambda$setPointer$2(PinningMutablePointers.java:52)
	at java.base/java.util.concurrent.CompletableFuture.uniComposeStage(CompletableFuture.java:1183)
	at java.base/java.util.concurrent.CompletableFuture.thenCompose(CompletableFuture.java:2299)
	at peergos.server.mutable.PinningMutablePointers.lambda$setPointer$3(PinningMutablePointers.java:41)
	at java.base/java.util.concurrent.CompletableFuture.uniComposeStage(CompletableFuture.java:1183)
	at java.base/java.util.concurrent.CompletableFuture.thenCompose(CompletableFuture.java:2299)
	at peergos.server.mutable.PinningMutablePointers.setPointer(PinningMutablePointers.java:33)
	at peergos.server.mutable.BlockingMutablePointers.setPointer(BlockingMutablePointers.java:21)
	at peergos.shared.mutable.ProxyingMutablePointers.lambda$setPointer$0(ProxyingMutablePointers.java:30)
	at peergos.shared.corenode.Proxy.lambda$redirectCall$0(Proxy.java:26)
	at java.base/java.util.concurrent.CompletableFuture.uniComposeStage(CompletableFuture.java:1183)
	at java.base/java.util.concurrent.CompletableFuture.thenCompose(CompletableFuture.java:2299)
	at peergos.shared.corenode.Proxy.lambda$redirectCall$1(Proxy.java:19)
	at java.base/java.util.concurrent.CompletableFuture.uniComposeStage(CompletableFuture.java:1183)
	at java.base/java.util.concurrent.CompletableFuture.thenCompose(CompletableFuture.java:2299)
	at peergos.shared.corenode.Proxy.redirectCall(Proxy.java:18)
	at peergos.shared.mutable.ProxyingMutablePointers.setPointer(ProxyingMutablePointers.java:27)
	at peergos.server.net.MutationHandler.handle(MutationHandler.java:60)
	at jdk.httpserver/com.sun.net.httpserver.Filter$Chain.doFilter(Filter.java:77)
	at jdk.httpserver/sun.net.httpserver.AuthFilter.doFilter(AuthFilter.java:82)
	at jdk.httpserver/com.sun.net.httpserver.Filter$Chain.doFilter(Filter.java:80)
	at jdk.httpserver/sun.net.httpserver.ServerImpl$Exchange$LinkHandler.handle(ServerImpl.java:692)
	at jdk.httpserver/com.sun.net.httpserver.Filter$Chain.doFilter(Filter.java:77)
	at jdk.httpserver/sun.net.httpserver.ServerImpl$Exchange.run(ServerImpl.java:664)
	at java.base/java.util.concurrent.ThreadPoolExecutor.runWorker(ThreadPoolExecutor.java:1130)
	at java.base/java.util.concurrent.ThreadPoolExecutor$Worker.run(ThreadPoolExecutor.java:630)
	at java.base/java.lang.Thread.run(Thread.java:832)
java.lang.IllegalStateException: Writer not present on this server: z59vuwzfFDorpYGpisFMHu5L2iHj4Wq5VmtRFF3Vztcg2aUcMwiXo3V
	at peergos.server.space.JdbcUsageStore.getWriterId(JdbcUsageStore.java:179)
	at peergos.server.space.JdbcUsageStore.getOwner(JdbcUsageStore.java:239)
	at peergos.server.space.JdbcUsageStore.getUsage(JdbcUsageStore.java:268)
	at peergos.server.space.SpaceCheckingKeyFilter.prepareMutablePointerChange(SpaceCheckingKeyFilter.java:214)
	at peergos.server.space.SpaceCheckingKeyFilter.accept(SpaceCheckingKeyFilter.java:182)
	at peergos.server.mutable.MutableEventPropagator.lambda$setPointer$0(MutableEventPropagator.java:30)
	at java.base/java.util.concurrent.CompletableFuture.uniApplyNow(CompletableFuture.java:680)
	at java.base/java.util.concurrent.CompletableFuture.uniApplyStage(CompletableFuture.java:658)
	at java.base/java.util.concurrent.CompletableFuture.thenApply(CompletableFuture.java:2158)
	at peergos.server.mutable.MutableEventPropagator.setPointer(MutableEventPropagator.java:26)
	at peergos.server.mutable.PinningMutablePointers.lambda$setPointer$2(PinningMutablePointers.java:52)
	at java.base/java.util.concurrent.CompletableFuture.uniComposeStage(CompletableFuture.java:1183)
	at java.base/java.util.concurrent.CompletableFuture.thenCompose(CompletableFuture.java:2299)
	at peergos.server.mutable.PinningMutablePointers.lambda$setPointer$3(PinningMutablePointers.java:41)
	at java.base/java.util.concurrent.CompletableFuture.uniComposeStage(CompletableFuture.java:1183)
	at java.base/java.util.concurrent.CompletableFuture.thenCompose(CompletableFuture.java:2299)
	at peergos.server.mutable.PinningMutablePointers.setPointer(PinningMutablePointers.java:33)
	at peergos.server.mutable.BlockingMutablePointers.setPointer(BlockingMutablePointers.java:21)
	at peergos.shared.mutable.ProxyingMutablePointers.lambda$setPointer$0(ProxyingMutablePointers.java:30)
	at peergos.shared.corenode.Proxy.lambda$redirectCall$0(Proxy.java:26)
	at java.base/java.util.concurrent.CompletableFuture.uniComposeStage(CompletableFuture.java:1183)
	at java.base/java.util.concurrent.CompletableFuture.thenCompose(CompletableFuture.java:2299)
	at peergos.shared.corenode.Proxy.lambda$redirectCall$1(Proxy.java:19)
	at java.base/java.util.concurrent.CompletableFuture.uniComposeStage(CompletableFuture.java:1183)
	at java.base/java.util.concurrent.CompletableFuture.thenCompose(CompletableFuture.java:2299)
	at peergos.shared.corenode.Proxy.redirectCall(Proxy.java:18)
	at peergos.shared.mutable.ProxyingMutablePointers.setPointer(ProxyingMutablePointers.java:27)
	at peergos.server.net.MutationHandler.handle(MutationHandler.java:60)
	at jdk.httpserver/com.sun.net.httpserver.Filter$Chain.doFilter(Filter.java:77)
	at jdk.httpserver/sun.net.httpserver.AuthFilter.doFilter(AuthFilter.java:82)
	at jdk.httpserver/com.sun.net.httpserver.Filter$Chain.doFilter(Filter.java:80)
	at jdk.httpserver/sun.net.httpserver.ServerImpl$Exchange$LinkHandler.handle(ServerImpl.java:692)
	at jdk.httpserver/com.sun.net.httpserver.Filter$Chain.doFilter(Filter.java:77)
	at jdk.httpserver/sun.net.httpserver.ServerImpl$Exchange.run(ServerImpl.java:664)
	at java.base/java.util.concurrent.ThreadPoolExecutor.runWorker(ThreadPoolExecutor.java:1130)
	at java.base/java.util.concurrent.ThreadPoolExecutor$Worker.run(ThreadPoolExecutor.java:630)
	at java.base/java.lang.Thread.run(Thread.java:832)
java.lang.IllegalStateException: Writer not present on this server: z59vuwzfFDorpYGpisFMHu5L2iHj4Wq5VmtRFF3Vztcg2aUcMwiXo3V
	at peergos.server.space.JdbcUsageStore.getWriterId(JdbcUsageStore.java:179)
	at peergos.server.space.JdbcUsageStore.getOwner(JdbcUsageStore.java:239)
	at peergos.server.space.JdbcUsageStore.getUsage(JdbcUsageStore.java:268)
	at peergos.server.space.SpaceCheckingKeyFilter.prepareMutablePointerChange(SpaceCheckingKeyFilter.java:214)
	at peergos.server.space.SpaceCheckingKeyFilter.accept(SpaceCheckingKeyFilter.java:182)
	at peergos.server.mutable.MutableEventPropagator.lambda$setPointer$0(MutableEventPropagator.java:30)
	at java.base/java.util.concurrent.CompletableFuture.uniApplyNow(CompletableFuture.java:680)
	at java.base/java.util.concurrent.CompletableFuture.uniApplyStage(CompletableFuture.java:658)
	at java.base/java.util.concurrent.CompletableFuture.thenApply(CompletableFuture.java:2158)
	at peergos.server.mutable.MutableEventPropagator.setPointer(MutableEventPropagator.java:26)
	at peergos.server.mutable.PinningMutablePointers.lambda$setPointer$2(PinningMutablePointers.java:52)
	at java.base/java.util.concurrent.CompletableFuture.uniComposeStage(CompletableFuture.java:1183)
	at java.base/java.util.concurrent.CompletableFuture.thenCompose(CompletableFuture.java:2299)
	at peergos.server.mutable.PinningMutablePointers.lambda$setPointer$3(PinningMutablePointers.java:41)
	at java.base/java.util.concurrent.CompletableFuture.uniComposeStage(CompletableFuture.java:1183)
	at java.base/java.util.concurrent.CompletableFuture.thenCompose(CompletableFuture.java:2299)
	at peergos.server.mutable.PinningMutablePointers.setPointer(PinningMutablePointers.java:33)
	at peergos.server.mutable.BlockingMutablePointers.setPointer(BlockingMutablePointers.java:21)
	at peergos.shared.mutable.ProxyingMutablePointers.lambda$setPointer$0(ProxyingMutablePointers.java:30)
	at peergos.shared.corenode.Proxy.lambda$redirectCall$0(Proxy.java:26)
	at java.base/java.util.concurrent.CompletableFuture.uniComposeStage(CompletableFuture.java:1183)
	at java.base/java.util.concurrent.CompletableFuture.thenCompose(CompletableFuture.java:2299)
	at peergos.shared.corenode.Proxy.lambda$redirectCall$1(Proxy.java:19)
	at java.base/java.util.concurrent.CompletableFuture.uniComposeStage(CompletableFuture.java:1183)
	at java.base/java.util.concurrent.CompletableFuture.thenCompose(CompletableFuture.java:2299)
	at peergos.shared.corenode.Proxy.redirectCall(Proxy.java:18)
	at peergos.shared.mutable.ProxyingMutablePointers.setPointer(ProxyingMutablePointers.java:27)
	at peergos.server.net.MutationHandler.handle(MutationHandler.java:60)
	at jdk.httpserver/com.sun.net.httpserver.Filter$Chain.doFilter(Filter.java:77)
	at jdk.httpserver/sun.net.httpserver.AuthFilter.doFilter(AuthFilter.java:82)
	at jdk.httpserver/com.sun.net.httpserver.Filter$Chain.doFilter(Filter.java:80)
	at jdk.httpserver/sun.net.httpserver.ServerImpl$Exchange$LinkHandler.handle(ServerImpl.java:692)
	at jdk.httpserver/com.sun.net.httpserver.Filter$Chain.doFilter(Filter.java:77)
	at jdk.httpserver/sun.net.httpserver.ServerImpl$Exchange.run(ServerImpl.java:664)
	at java.base/java.util.concurrent.ThreadPoolExecutor.runWorker(ThreadPoolExecutor.java:1130)
	at java.base/java.util.concurrent.ThreadPoolExecutor$Worker.run(ThreadPoolExecutor.java:630)
	at java.base/java.lang.Thread.run(Thread.java:832)
java.lang.IllegalStateException: Writer not present on this server: z59vuwzfFDopkk5rrCQChXEiUVrLYpuFY7pRxS8SDm38J7BHs13cGe1
	at peergos.server.space.JdbcUsageStore.getWriterId(JdbcUsageStore.java:179)
	at peergos.server.space.JdbcUsageStore.getOwner(JdbcUsageStore.java:239)
	at peergos.server.space.JdbcUsageStore.getUsage(JdbcUsageStore.java:268)
	at peergos.server.space.SpaceCheckingKeyFilter.prepareMutablePointerChange(SpaceCheckingKeyFilter.java:214)
	at peergos.server.space.SpaceCheckingKeyFilter.accept(SpaceCheckingKeyFilter.java:182)
	at peergos.server.mutable.MutableEventPropagator.lambda$setPointer$0(MutableEventPropagator.java:30)
	at java.base/java.util.concurrent.CompletableFuture.uniApplyNow(CompletableFuture.java:680)
	at java.base/java.util.concurrent.CompletableFuture.uniApplyStage(CompletableFuture.java:658)
	at java.base/java.util.concurrent.CompletableFuture.thenApply(CompletableFuture.java:2158)
	at peergos.server.mutable.MutableEventPropagator.setPointer(MutableEventPropagator.java:26)
	at peergos.server.mutable.PinningMutablePointers.lambda$setPointer$2(PinningMutablePointers.java:52)
	at java.base/java.util.concurrent.CompletableFuture.uniComposeStage(CompletableFuture.java:1183)
	at java.base/java.util.concurrent.CompletableFuture.thenCompose(CompletableFuture.java:2299)
	at peergos.server.mutable.PinningMutablePointers.lambda$setPointer$3(PinningMutablePointers.java:41)
	at java.base/java.util.concurrent.CompletableFuture.uniComposeStage(CompletableFuture.java:1183)
	at java.base/java.util.concurrent.CompletableFuture.thenCompose(CompletableFuture.java:2299)
	at peergos.server.mutable.PinningMutablePointers.setPointer(PinningMutablePointers.java:33)
	at peergos.server.mutable.BlockingMutablePointers.setPointer(BlockingMutablePointers.java:21)
	at peergos.shared.mutable.ProxyingMutablePointers.lambda$setPointer$0(ProxyingMutablePointers.java:30)
	at peergos.shared.corenode.Proxy.lambda$redirectCall$0(Proxy.java:26)
	at java.base/java.util.concurrent.CompletableFuture.uniComposeStage(CompletableFuture.java:1183)
	at java.base/java.util.concurrent.CompletableFuture.thenCompose(CompletableFuture.java:2299)
	at peergos.shared.corenode.Proxy.lambda$redirectCall$1(Proxy.java:19)
	at java.base/java.util.concurrent.CompletableFuture.uniComposeStage(CompletableFuture.java:1183)
	at java.base/java.util.concurrent.CompletableFuture.thenCompose(CompletableFuture.java:2299)
	at peergos.shared.corenode.Proxy.redirectCall(Proxy.java:18)
	at peergos.shared.mutable.ProxyingMutablePointers.setPointer(ProxyingMutablePointers.java:27)
	at peergos.server.net.MutationHandler.handle(MutationHandler.java:60)
	at jdk.httpserver/com.sun.net.httpserver.Filter$Chain.doFilter(Filter.java:77)
	at jdk.httpserver/sun.net.httpserver.AuthFilter.doFilter(AuthFilter.java:82)
	at jdk.httpserver/com.sun.net.httpserver.Filter$Chain.doFilter(Filter.java:80)
	at jdk.httpserver/sun.net.httpserver.ServerImpl$Exchange$LinkHandler.handle(ServerImpl.java:692)
	at jdk.httpserver/com.sun.net.httpserver.Filter$Chain.doFilter(Filter.java:77)
	at jdk.httpserver/sun.net.httpserver.ServerImpl$Exchange.run(ServerImpl.java:664)
	at java.base/java.util.concurrent.ThreadPoolExecutor.runWorker(ThreadPoolExecutor.java:1130)
	at java.base/java.util.concurrent.ThreadPoolExecutor$Worker.run(ThreadPoolExecutor.java:630)
	at java.base/java.lang.Thread.run(Thread.java:832)
java.lang.IllegalStateException: Writer not present on this server: z59vuwzfFDopkk5rrCQChXEiUVrLYpuFY7pRxS8SDm38J7BHs13cGe1
	at peergos.server.space.JdbcUsageStore.getWriterId(JdbcUsageStore.java:179)
	at peergos.server.space.JdbcUsageStore.getOwner(JdbcUsageStore.java:239)
	at peergos.server.space.JdbcUsageStore.getUsage(JdbcUsageStore.java:268)
	at peergos.server.space.SpaceCheckingKeyFilter.prepareMutablePointerChange(SpaceCheckingKeyFilter.java:214)
	at peergos.server.space.SpaceCheckingKeyFilter.accept(SpaceCheckingKeyFilter.java:182)
	at peergos.server.mutable.MutableEventPropagator.lambda$setPointer$0(MutableEventPropagator.java:30)
	at java.base/java.util.concurrent.CompletableFuture.uniApplyNow(CompletableFuture.java:680)
	at java.base/java.util.concurrent.CompletableFuture.uniApplyStage(CompletableFuture.java:658)
	at java.base/java.util.concurrent.CompletableFuture.thenApply(CompletableFuture.java:2158)
	at peergos.server.mutable.MutableEventPropagator.setPointer(MutableEventPropagator.java:26)
	at peergos.server.mutable.PinningMutablePointers.lambda$setPointer$2(PinningMutablePointers.java:52)
	at java.base/java.util.concurrent.CompletableFuture.uniComposeStage(CompletableFuture.java:1183)
	at java.base/java.util.concurrent.CompletableFuture.thenCompose(CompletableFuture.java:2299)
	at peergos.server.mutable.PinningMutablePointers.lambda$setPointer$3(PinningMutablePointers.java:41)
	at java.base/java.util.concurrent.CompletableFuture.uniComposeStage(CompletableFuture.java:1183)
	at java.base/java.util.concurrent.CompletableFuture.thenCompose(CompletableFuture.java:2299)
	at peergos.server.mutable.PinningMutablePointers.setPointer(PinningMutablePointers.java:33)
	at peergos.server.mutable.BlockingMutablePointers.setPointer(BlockingMutablePointers.java:21)
	at peergos.shared.mutable.ProxyingMutablePointers.lambda$setPointer$0(ProxyingMutablePointers.java:30)
	at peergos.shared.corenode.Proxy.lambda$redirectCall$0(Proxy.java:26)
	at java.base/java.util.concurrent.CompletableFuture.uniComposeStage(CompletableFuture.java:1183)
	at java.base/java.util.concurrent.CompletableFuture.thenCompose(CompletableFuture.java:2299)
	at peergos.shared.corenode.Proxy.lambda$redirectCall$1(Proxy.java:19)
	at java.base/java.util.concurrent.CompletableFuture.uniComposeStage(CompletableFuture.java:1183)
	at java.base/java.util.concurrent.CompletableFuture.thenCompose(CompletableFuture.java:2299)
	at peergos.shared.corenode.Proxy.redirectCall(Proxy.java:18)
	at peergos.shared.mutable.ProxyingMutablePointers.setPointer(ProxyingMutablePointers.java:27)
	at peergos.server.net.MutationHandler.handle(MutationHandler.java:60)
	at jdk.httpserver/com.sun.net.httpserver.Filter$Chain.doFilter(Filter.java:77)
	at jdk.httpserver/sun.net.httpserver.AuthFilter.doFilter(AuthFilter.java:82)
	at jdk.httpserver/com.sun.net.httpserver.Filter$Chain.doFilter(Filter.java:80)
	at jdk.httpserver/sun.net.httpserver.ServerImpl$Exchange$LinkHandler.handle(ServerImpl.java:692)
	at jdk.httpserver/com.sun.net.httpserver.Filter$Chain.doFilter(Filter.java:77)
	at jdk.httpserver/sun.net.httpserver.ServerImpl$Exchange.run(ServerImpl.java:664)
	at java.base/java.util.concurrent.ThreadPoolExecutor.runWorker(ThreadPoolExecutor.java:1130)
	at java.base/java.util.concurrent.ThreadPoolExecutor$Worker.run(ThreadPoolExecutor.java:630)
	at java.base/java.lang.Thread.run(Thread.java:832)
java.lang.IllegalStateException: Writer not present on this server: z59vuwzfFDovn2cCM8E26UhYpffbDYFLKGpLBZv1MNxtiJKRTyqwNhG
	at peergos.server.space.JdbcUsageStore.getWriterId(JdbcUsageStore.java:179)
	at peergos.server.space.JdbcUsageStore.getOwner(JdbcUsageStore.java:239)
	at peergos.server.space.JdbcUsageStore.getUsage(JdbcUsageStore.java:268)
	at peergos.server.space.SpaceCheckingKeyFilter.prepareMutablePointerChange(SpaceCheckingKeyFilter.java:214)
	at peergos.server.space.SpaceCheckingKeyFilter.accept(SpaceCheckingKeyFilter.java:182)
	at peergos.server.mutable.MutableEventPropagator.lambda$setPointer$0(MutableEventPropagator.java:30)
	at java.base/java.util.concurrent.CompletableFuture.uniApplyNow(CompletableFuture.java:680)
	at java.base/java.util.concurrent.CompletableFuture.uniApplyStage(CompletableFuture.java:658)
	at java.base/java.util.concurrent.CompletableFuture.thenApply(CompletableFuture.java:2158)
	at peergos.server.mutable.MutableEventPropagator.setPointer(MutableEventPropagator.java:26)
	at peergos.server.mutable.PinningMutablePointers.lambda$setPointer$2(PinningMutablePointers.java:52)
	at java.base/java.util.concurrent.CompletableFuture.uniComposeStage(CompletableFuture.java:1183)
	at java.base/java.util.concurrent.CompletableFuture.thenCompose(CompletableFuture.java:2299)
	at peergos.server.mutable.PinningMutablePointers.lambda$setPointer$3(PinningMutablePointers.java:41)
	at java.base/java.util.concurrent.CompletableFuture.uniComposeStage(CompletableFuture.java:1183)
	at java.base/java.util.concurrent.CompletableFuture.thenCompose(CompletableFuture.java:2299)
	at peergos.server.mutable.PinningMutablePointers.setPointer(PinningMutablePointers.java:33)
	at peergos.server.mutable.BlockingMutablePointers.setPointer(BlockingMutablePointers.java:21)
	at peergos.shared.mutable.ProxyingMutablePointers.lambda$setPointer$0(ProxyingMutablePointers.java:30)
	at peergos.shared.corenode.Proxy.lambda$redirectCall$0(Proxy.java:26)
	at java.base/java.util.concurrent.CompletableFuture.uniComposeStage(CompletableFuture.java:1183)
	at java.base/java.util.concurrent.CompletableFuture.thenCompose(CompletableFuture.java:2299)
	at peergos.shared.corenode.Proxy.lambda$redirectCall$1(Proxy.java:19)
	at java.base/java.util.concurrent.CompletableFuture.uniComposeStage(CompletableFuture.java:1183)
	at java.base/java.util.concurrent.CompletableFuture.thenCompose(CompletableFuture.java:2299)
	at peergos.shared.corenode.Proxy.redirectCall(Proxy.java:18)
	at peergos.shared.mutable.ProxyingMutablePointers.setPointer(ProxyingMutablePointers.java:27)
	at peergos.server.net.MutationHandler.handle(MutationHandler.java:60)
	at jdk.httpserver/com.sun.net.httpserver.Filter$Chain.doFilter(Filter.java:77)
	at jdk.httpserver/sun.net.httpserver.AuthFilter.doFilter(AuthFilter.java:82)
	at jdk.httpserver/com.sun.net.httpserver.Filter$Chain.doFilter(Filter.java:80)
	at jdk.httpserver/sun.net.httpserver.ServerImpl$Exchange$LinkHandler.handle(ServerImpl.java:692)
	at jdk.httpserver/com.sun.net.httpserver.Filter$Chain.doFilter(Filter.java:77)
	at jdk.httpserver/sun.net.httpserver.ServerImpl$Exchange.run(ServerImpl.java:664)
	at java.base/java.util.concurrent.ThreadPoolExecutor.runWorker(ThreadPoolExecutor.java:1130)
	at java.base/java.util.concurrent.ThreadPoolExecutor$Worker.run(ThreadPoolExecutor.java:630)
	at java.base/java.lang.Thread.run(Thread.java:832)
java.lang.IllegalStateException: Writer not present on this server: z59vuwzfFDovn2cCM8E26UhYpffbDYFLKGpLBZv1MNxtiJKRTyqwNhG
	at peergos.server.space.JdbcUsageStore.getWriterId(JdbcUsageStore.java:179)
	at peergos.server.space.JdbcUsageStore.getOwner(JdbcUsageStore.java:239)
	at peergos.server.space.JdbcUsageStore.getUsage(JdbcUsageStore.java:268)
	at peergos.server.space.SpaceCheckingKeyFilter.prepareMutablePointerChange(SpaceCheckingKeyFilter.java:214)
	at peergos.server.space.SpaceCheckingKeyFilter.accept(SpaceCheckingKeyFilter.java:182)
	at peergos.server.mutable.MutableEventPropagator.lambda$setPointer$0(MutableEventPropagator.java:30)
	at java.base/java.util.concurrent.CompletableFuture.uniApplyNow(CompletableFuture.java:680)
	at java.base/java.util.concurrent.CompletableFuture.uniApplyStage(CompletableFuture.java:658)
	at java.base/java.util.concurrent.CompletableFuture.thenApply(CompletableFuture.java:2158)
	at peergos.server.mutable.MutableEventPropagator.setPointer(MutableEventPropagator.java:26)
	at peergos.server.mutable.PinningMutablePointers.lambda$setPointer$2(PinningMutablePointers.java:52)
	at java.base/java.util.concurrent.CompletableFuture.uniComposeStage(CompletableFuture.java:1183)
	at java.base/java.util.concurrent.CompletableFuture.thenCompose(CompletableFuture.java:2299)
	at peergos.server.mutable.PinningMutablePointers.lambda$setPointer$3(PinningMutablePointers.java:41)
	at java.base/java.util.concurrent.CompletableFuture.uniComposeStage(CompletableFuture.java:1183)
	at java.base/java.util.concurrent.CompletableFuture.thenCompose(CompletableFuture.java:2299)
	at peergos.server.mutable.PinningMutablePointers.setPointer(PinningMutablePointers.java:33)
	at peergos.server.mutable.BlockingMutablePointers.setPointer(BlockingMutablePointers.java:21)
	at peergos.shared.mutable.ProxyingMutablePointers.lambda$setPointer$0(ProxyingMutablePointers.java:30)
	at peergos.shared.corenode.Proxy.lambda$redirectCall$0(Proxy.java:26)
	at java.base/java.util.concurrent.CompletableFuture.uniComposeStage(CompletableFuture.java:1183)
	at java.base/java.util.concurrent.CompletableFuture.thenCompose(CompletableFuture.java:2299)
	at peergos.shared.corenode.Proxy.lambda$redirectCall$1(Proxy.java:19)
	at java.base/java.util.concurrent.CompletableFuture.uniComposeStage(CompletableFuture.java:1183)
	at java.base/java.util.concurrent.CompletableFuture.thenCompose(CompletableFuture.java:2299)
	at peergos.shared.corenode.Proxy.redirectCall(Proxy.java:18)
	at peergos.shared.mutable.ProxyingMutablePointers.setPointer(ProxyingMutablePointers.java:27)
	at peergos.server.net.MutationHandler.handle(MutationHandler.java:60)
	at jdk.httpserver/com.sun.net.httpserver.Filter$Chain.doFilter(Filter.java:77)
	at jdk.httpserver/sun.net.httpserver.AuthFilter.doFilter(AuthFilter.java:82)
	at jdk.httpserver/com.sun.net.httpserver.Filter$Chain.doFilter(Filter.java:80)
	at jdk.httpserver/sun.net.httpserver.ServerImpl$Exchange$LinkHandler.handle(ServerImpl.java:692)
	at jdk.httpserver/com.sun.net.httpserver.Filter$Chain.doFilter(Filter.java:77)
	at jdk.httpserver/sun.net.httpserver.ServerImpl$Exchange.run(ServerImpl.java:664)
	at java.base/java.util.concurrent.ThreadPoolExecutor.runWorker(ThreadPoolExecutor.java:1130)
	at java.base/java.util.concurrent.ThreadPoolExecutor$Worker.run(ThreadPoolExecutor.java:630)
	at java.base/java.lang.Thread.run(Thread.java:832)
java.lang.IllegalStateException: Writer not present on this server: z59vuwzfFDopkk5rrCQChXEiUVrLYpuFY7pRxS8SDm38J7BHs13cGe1
	at peergos.server.space.JdbcUsageStore.getWriterId(JdbcUsageStore.java:179)
	at peergos.server.space.JdbcUsageStore.getOwner(JdbcUsageStore.java:239)
	at peergos.server.space.JdbcUsageStore.getUsage(JdbcUsageStore.java:268)
	at peergos.server.space.SpaceCheckingKeyFilter.prepareMutablePointerChange(SpaceCheckingKeyFilter.java:214)
	at peergos.server.space.SpaceCheckingKeyFilter.accept(SpaceCheckingKeyFilter.java:182)
	at peergos.server.mutable.MutableEventPropagator.lambda$setPointer$0(MutableEventPropagator.java:30)
	at java.base/java.util.concurrent.CompletableFuture.uniApplyNow(CompletableFuture.java:680)
	at java.base/java.util.concurrent.CompletableFuture.uniApplyStage(CompletableFuture.java:658)
	at java.base/java.util.concurrent.CompletableFuture.thenApply(CompletableFuture.java:2158)
	at peergos.server.mutable.MutableEventPropagator.setPointer(MutableEventPropagator.java:26)
	at peergos.server.mutable.PinningMutablePointers.lambda$setPointer$2(PinningMutablePointers.java:52)
	at java.base/java.util.concurrent.CompletableFuture.uniComposeStage(CompletableFuture.java:1183)
	at java.base/java.util.concurrent.CompletableFuture.thenCompose(CompletableFuture.java:2299)
	at peergos.server.mutable.PinningMutablePointers.lambda$setPointer$3(PinningMutablePointers.java:41)
	at java.base/java.util.concurrent.CompletableFuture.uniComposeStage(CompletableFuture.java:1183)
	at java.base/java.util.concurrent.CompletableFuture.thenCompose(CompletableFuture.java:2299)
	at peergos.server.mutable.PinningMutablePointers.setPointer(PinningMutablePointers.java:33)
	at peergos.server.mutable.BlockingMutablePointers.setPointer(BlockingMutablePointers.java:21)
	at peergos.shared.mutable.ProxyingMutablePointers.lambda$setPointer$0(ProxyingMutablePointers.java:30)
	at peergos.shared.corenode.Proxy.lambda$redirectCall$0(Proxy.java:26)
	at java.base/java.util.concurrent.CompletableFuture.uniComposeStage(CompletableFuture.java:1183)
	at java.base/java.util.concurrent.CompletableFuture.thenCompose(CompletableFuture.java:2299)
	at peergos.shared.corenode.Proxy.lambda$redirectCall$1(Proxy.java:19)
	at java.base/java.util.concurrent.CompletableFuture.uniComposeStage(CompletableFuture.java:1183)
	at java.base/java.util.concurrent.CompletableFuture.thenCompose(CompletableFuture.java:2299)
	at peergos.shared.corenode.Proxy.redirectCall(Proxy.java:18)
	at peergos.shared.mutable.ProxyingMutablePointers.setPointer(ProxyingMutablePointers.java:27)
	at peergos.server.net.MutationHandler.handle(MutationHandler.java:60)
	at jdk.httpserver/com.sun.net.httpserver.Filter$Chain.doFilter(Filter.java:77)
	at jdk.httpserver/sun.net.httpserver.AuthFilter.doFilter(AuthFilter.java:82)
	at jdk.httpserver/com.sun.net.httpserver.Filter$Chain.doFilter(Filter.java:80)
	at jdk.httpserver/sun.net.httpserver.ServerImpl$Exchange$LinkHandler.handle(ServerImpl.java:692)
	at jdk.httpserver/com.sun.net.httpserver.Filter$Chain.doFilter(Filter.java:77)
	at jdk.httpserver/sun.net.httpserver.ServerImpl$Exchange.run(ServerImpl.java:664)
	at java.base/java.util.concurrent.ThreadPoolExecutor.runWorker(ThreadPoolExecutor.java:1130)
	at java.base/java.util.concurrent.ThreadPoolExecutor$Worker.run(ThreadPoolExecutor.java:630)
	at java.base/java.lang.Thread.run(Thread.java:832)
java.lang.IllegalStateException: Writer not present on this server: z59vuwzfFDovn2cCM8E26UhYpffbDYFLKGpLBZv1MNxtiJKRTyqwNhG
	at peergos.server.space.JdbcUsageStore.getWriterId(JdbcUsageStore.java:179)
	at peergos.server.space.JdbcUsageStore.getOwner(JdbcUsageStore.java:239)
	at peergos.server.space.JdbcUsageStore.getUsage(JdbcUsageStore.java:268)
	at peergos.server.space.SpaceCheckingKeyFilter.prepareMutablePointerChange(SpaceCheckingKeyFilter.java:214)
	at peergos.server.space.SpaceCheckingKeyFilter.accept(SpaceCheckingKeyFilter.java:182)
	at peergos.server.mutable.MutableEventPropagator.lambda$setPointer$0(MutableEventPropagator.java:30)
	at java.base/java.util.concurrent.CompletableFuture.uniApplyNow(CompletableFuture.java:680)
	at java.base/java.util.concurrent.CompletableFuture.uniApplyStage(CompletableFuture.java:658)
	at java.base/java.util.concurrent.CompletableFuture.thenApply(CompletableFuture.java:2158)
	at peergos.server.mutable.MutableEventPropagator.setPointer(MutableEventPropagator.java:26)
	at peergos.server.mutable.PinningMutablePointers.lambda$setPointer$2(PinningMutablePointers.java:52)
	at java.base/java.util.concurrent.CompletableFuture.uniComposeStage(CompletableFuture.java:1183)
	at java.base/java.util.concurrent.CompletableFuture.thenCompose(CompletableFuture.java:2299)
	at peergos.server.mutable.PinningMutablePointers.lambda$setPointer$3(PinningMutablePointers.java:41)
	at java.base/java.util.concurrent.CompletableFuture.uniComposeStage(CompletableFuture.java:1183)
	at java.base/java.util.concurrent.CompletableFuture.thenCompose(CompletableFuture.java:2299)
	at peergos.server.mutable.PinningMutablePointers.setPointer(PinningMutablePointers.java:33)
	at peergos.server.mutable.BlockingMutablePointers.setPointer(BlockingMutablePointers.java:21)
	at peergos.shared.mutable.ProxyingMutablePointers.lambda$setPointer$0(ProxyingMutablePointers.java:30)
	at peergos.shared.corenode.Proxy.lambda$redirectCall$0(Proxy.java:26)
	at java.base/java.util.concurrent.CompletableFuture.uniComposeStage(CompletableFuture.java:1183)
	at java.base/java.util.concurrent.CompletableFuture.thenCompose(CompletableFuture.java:2299)
	at peergos.shared.corenode.Proxy.lambda$redirectCall$1(Proxy.java:19)
	at java.base/java.util.concurrent.CompletableFuture.uniComposeStage(CompletableFuture.java:1183)
	at java.base/java.util.concurrent.CompletableFuture.thenCompose(CompletableFuture.java:2299)
	at peergos.shared.corenode.Proxy.redirectCall(Proxy.java:18)
	at peergos.shared.mutable.ProxyingMutablePointers.setPointer(ProxyingMutablePointers.java:27)
	at peergos.server.net.MutationHandler.handle(MutationHandler.java:60)
	at jdk.httpserver/com.sun.net.httpserver.Filter$Chain.doFilter(Filter.java:77)
	at jdk.httpserver/sun.net.httpserver.AuthFilter.doFilter(AuthFilter.java:82)
	at jdk.httpserver/com.sun.net.httpserver.Filter$Chain.doFilter(Filter.java:80)
	at jdk.httpserver/sun.net.httpserver.ServerImpl$Exchange$LinkHandler.handle(ServerImpl.java:692)
	at jdk.httpserver/com.sun.net.httpserver.Filter$Chain.doFilter(Filter.java:77)
	at jdk.httpserver/sun.net.httpserver.ServerImpl$Exchange.run(ServerImpl.java:664)
	at java.base/java.util.concurrent.ThreadPoolExecutor.runWorker(ThreadPoolExecutor.java:1130)
	at java.base/java.util.concurrent.ThreadPoolExecutor$Worker.run(ThreadPoolExecutor.java:630)
	at java.base/java.lang.Thread.run(Thread.java:832)
java.lang.IllegalStateException: Writer not present on this server: z59vuwzfFDovn2cCM8E26UhYpffbDYFLKGpLBZv1MNxtiJKRTyqwNhG
	at peergos.server.space.JdbcUsageStore.getWriterId(JdbcUsageStore.java:179)
	at peergos.server.space.JdbcUsageStore.getOwner(JdbcUsageStore.java:239)
	at peergos.server.space.JdbcUsageStore.getUsage(JdbcUsageStore.java:268)
	at peergos.server.space.SpaceCheckingKeyFilter.prepareMutablePointerChange(SpaceCheckingKeyFilter.java:214)
	at peergos.server.space.SpaceCheckingKeyFilter.accept(SpaceCheckingKeyFilter.java:182)
	at peergos.server.mutable.MutableEventPropagator.lambda$setPointer$0(MutableEventPropagator.java:30)
	at java.base/java.util.concurrent.CompletableFuture.uniApplyNow(CompletableFuture.java:680)
	at java.base/java.util.concurrent.CompletableFuture.uniApplyStage(CompletableFuture.java:658)
	at java.base/java.util.concurrent.CompletableFuture.thenApply(CompletableFuture.java:2158)
	at peergos.server.mutable.MutableEventPropagator.setPointer(MutableEventPropagator.java:26)
	at peergos.server.mutable.PinningMutablePointers.lambda$setPointer$2(PinningMutablePointers.java:52)
	at java.base/java.util.concurrent.CompletableFuture.uniComposeStage(CompletableFuture.java:1183)
	at java.base/java.util.concurrent.CompletableFuture.thenCompose(CompletableFuture.java:2299)
	at peergos.server.mutable.PinningMutablePointers.lambda$setPointer$3(PinningMutablePointers.java:41)
	at java.base/java.util.concurrent.CompletableFuture.uniComposeStage(CompletableFuture.java:1183)
	at java.base/java.util.concurrent.CompletableFuture.thenCompose(CompletableFuture.java:2299)
	at peergos.server.mutable.PinningMutablePointers.setPointer(PinningMutablePointers.java:33)
	at peergos.server.mutable.BlockingMutablePointers.setPointer(BlockingMutablePointers.java:21)
	at peergos.shared.mutable.ProxyingMutablePointers.lambda$setPointer$0(ProxyingMutablePointers.java:30)
	at peergos.shared.corenode.Proxy.lambda$redirectCall$0(Proxy.java:26)
	at java.base/java.util.concurrent.CompletableFuture.uniComposeStage(CompletableFuture.java:1183)
	at java.base/java.util.concurrent.CompletableFuture.thenCompose(CompletableFuture.java:2299)
	at peergos.shared.corenode.Proxy.lambda$redirectCall$1(Proxy.java:19)
	at java.base/java.util.concurrent.CompletableFuture.uniComposeStage(CompletableFuture.java:1183)
	at java.base/java.util.concurrent.CompletableFuture.thenCompose(CompletableFuture.java:2299)
	at peergos.shared.corenode.Proxy.redirectCall(Proxy.java:18)
	at peergos.shared.mutable.ProxyingMutablePointers.setPointer(ProxyingMutablePointers.java:27)
	at peergos.server.net.MutationHandler.handle(MutationHandler.java:60)
	at jdk.httpserver/com.sun.net.httpserver.Filter$Chain.doFilter(Filter.java:77)
	at jdk.httpserver/sun.net.httpserver.AuthFilter.doFilter(AuthFilter.java:82)
	at jdk.httpserver/com.sun.net.httpserver.Filter$Chain.doFilter(Filter.java:80)
	at jdk.httpserver/sun.net.httpserver.ServerImpl$Exchange$LinkHandler.handle(ServerImpl.java:692)
	at jdk.httpserver/com.sun.net.httpserver.Filter$Chain.doFilter(Filter.java:77)
	at jdk.httpserver/sun.net.httpserver.ServerImpl$Exchange.run(ServerImpl.java:664)
	at java.base/java.util.concurrent.ThreadPoolExecutor.runWorker(ThreadPoolExecutor.java:1130)
	at java.base/java.util.concurrent.ThreadPoolExecutor$Worker.run(ThreadPoolExecutor.java:630)
	at java.base/java.lang.Thread.run(Thread.java:832)
java.lang.IllegalStateException: Writer not present on this server: z59vuwzfFDovn2cCM8E26UhYpffbDYFLKGpLBZv1MNxtiJKRTyqwNhG
	at peergos.server.space.JdbcUsageStore.getWriterId(JdbcUsageStore.java:179)
	at peergos.server.space.JdbcUsageStore.getOwner(JdbcUsageStore.java:239)
	at peergos.server.space.JdbcUsageStore.getUsage(JdbcUsageStore.java:268)
	at peergos.server.space.SpaceCheckingKeyFilter.prepareMutablePointerChange(SpaceCheckingKeyFilter.java:214)
	at peergos.server.space.SpaceCheckingKeyFilter.accept(SpaceCheckingKeyFilter.java:182)
	at peergos.server.mutable.MutableEventPropagator.lambda$setPointer$0(MutableEventPropagator.java:30)
	at java.base/java.util.concurrent.CompletableFuture.uniApplyNow(CompletableFuture.java:680)
	at java.base/java.util.concurrent.CompletableFuture.uniApplyStage(CompletableFuture.java:658)
	at java.base/java.util.concurrent.CompletableFuture.thenApply(CompletableFuture.java:2158)
	at peergos.server.mutable.MutableEventPropagator.setPointer(MutableEventPropagator.java:26)
	at peergos.server.mutable.PinningMutablePointers.lambda$setPointer$2(PinningMutablePointers.java:52)
	at java.base/java.util.concurrent.CompletableFuture.uniComposeStage(CompletableFuture.java:1183)
	at java.base/java.util.concurrent.CompletableFuture.thenCompose(CompletableFuture.java:2299)
	at peergos.server.mutable.PinningMutablePointers.lambda$setPointer$3(PinningMutablePointers.java:41)
	at java.base/java.util.concurrent.CompletableFuture.uniComposeStage(CompletableFuture.java:1183)
	at java.base/java.util.concurrent.CompletableFuture.thenCompose(CompletableFuture.java:2299)
	at peergos.server.mutable.PinningMutablePointers.setPointer(PinningMutablePointers.java:33)
	at peergos.server.mutable.BlockingMutablePointers.setPointer(BlockingMutablePointers.java:21)
	at peergos.shared.mutable.ProxyingMutablePointers.lambda$setPointer$0(ProxyingMutablePointers.java:30)
	at peergos.shared.corenode.Proxy.lambda$redirectCall$0(Proxy.java:26)
	at java.base/java.util.concurrent.CompletableFuture.uniComposeStage(CompletableFuture.java:1183)
	at java.base/java.util.concurrent.CompletableFuture.thenCompose(CompletableFuture.java:2299)
	at peergos.shared.corenode.Proxy.lambda$redirectCall$1(Proxy.java:19)
	at java.base/java.util.concurrent.CompletableFuture.uniComposeStage(CompletableFuture.java:1183)
	at java.base/java.util.concurrent.CompletableFuture.thenCompose(CompletableFuture.java:2299)
	at peergos.shared.corenode.Proxy.redirectCall(Proxy.java:18)
	at peergos.shared.mutable.ProxyingMutablePointers.setPointer(ProxyingMutablePointers.java:27)
	at peergos.server.net.MutationHandler.handle(MutationHandler.java:60)
	at jdk.httpserver/com.sun.net.httpserver.Filter$Chain.doFilter(Filter.java:77)
	at jdk.httpserver/sun.net.httpserver.AuthFilter.doFilter(AuthFilter.java:82)
	at jdk.httpserver/com.sun.net.httpserver.Filter$Chain.doFilter(Filter.java:80)
	at jdk.httpserver/sun.net.httpserver.ServerImpl$Exchange$LinkHandler.handle(ServerImpl.java:692)
	at jdk.httpserver/com.sun.net.httpserver.Filter$Chain.doFilter(Filter.java:77)
	at jdk.httpserver/sun.net.httpserver.ServerImpl$Exchange.run(ServerImpl.java:664)
	at java.base/java.util.concurrent.ThreadPoolExecutor.runWorker(ThreadPoolExecutor.java:1130)
	at java.base/java.util.concurrent.ThreadPoolExecutor$Worker.run(ThreadPoolExecutor.java:630)
	at java.base/java.lang.Thread.run(Thread.java:832)
java.lang.IllegalStateException: Writer not present on this server: z59vuwzfFDovn2cCM8E26UhYpffbDYFLKGpLBZv1MNxtiJKRTyqwNhG
	at peergos.server.space.JdbcUsageStore.getWriterId(JdbcUsageStore.java:179)
	at peergos.server.space.JdbcUsageStore.getOwner(JdbcUsageStore.java:239)
	at peergos.server.space.JdbcUsageStore.getUsage(JdbcUsageStore.java:268)
	at peergos.server.space.SpaceCheckingKeyFilter.prepareMutablePointerChange(SpaceCheckingKeyFilter.java:214)
	at peergos.server.space.SpaceCheckingKeyFilter.accept(SpaceCheckingKeyFilter.java:182)
	at peergos.server.mutable.MutableEventPropagator.lambda$setPointer$0(MutableEventPropagator.java:30)
	at java.base/java.util.concurrent.CompletableFuture.uniApplyNow(CompletableFuture.java:680)
	at java.base/java.util.concurrent.CompletableFuture.uniApplyStage(CompletableFuture.java:658)
	at java.base/java.util.concurrent.CompletableFuture.thenApply(CompletableFuture.java:2158)
	at peergos.server.mutable.MutableEventPropagator.setPointer(MutableEventPropagator.java:26)
	at peergos.server.mutable.PinningMutablePointers.lambda$setPointer$2(PinningMutablePointers.java:52)
	at java.base/java.util.concurrent.CompletableFuture.uniComposeStage(CompletableFuture.java:1183)
	at java.base/java.util.concurrent.CompletableFuture.thenCompose(CompletableFuture.java:2299)
	at peergos.server.mutable.PinningMutablePointers.lambda$setPointer$3(PinningMutablePointers.java:41)
	at java.base/java.util.concurrent.CompletableFuture.uniComposeStage(CompletableFuture.java:1183)
	at java.base/java.util.concurrent.CompletableFuture.thenCompose(CompletableFuture.java:2299)
	at peergos.server.mutable.PinningMutablePointers.setPointer(PinningMutablePointers.java:33)
	at peergos.server.mutable.BlockingMutablePointers.setPointer(BlockingMutablePointers.java:21)
	at peergos.shared.mutable.ProxyingMutablePointers.lambda$setPointer$0(ProxyingMutablePointers.java:30)
	at peergos.shared.corenode.Proxy.lambda$redirectCall$0(Proxy.java:26)
	at java.base/java.util.concurrent.CompletableFuture.uniComposeStage(CompletableFuture.java:1183)
	at java.base/java.util.concurrent.CompletableFuture.thenCompose(CompletableFuture.java:2299)
	at peergos.shared.corenode.Proxy.lambda$redirectCall$1(Proxy.java:19)
	at java.base/java.util.concurrent.CompletableFuture.uniComposeStage(CompletableFuture.java:1183)
	at java.base/java.util.concurrent.CompletableFuture.thenCompose(CompletableFuture.java:2299)
	at peergos.shared.corenode.Proxy.redirectCall(Proxy.java:18)
	at peergos.shared.mutable.ProxyingMutablePointers.setPointer(ProxyingMutablePointers.java:27)
	at peergos.server.net.MutationHandler.handle(MutationHandler.java:60)
	at jdk.httpserver/com.sun.net.httpserver.Filter$Chain.doFilter(Filter.java:77)
	at jdk.httpserver/sun.net.httpserver.AuthFilter.doFilter(AuthFilter.java:82)
	at jdk.httpserver/com.sun.net.httpserver.Filter$Chain.doFilter(Filter.java:80)
	at jdk.httpserver/sun.net.httpserver.ServerImpl$Exchange$LinkHandler.handle(ServerImpl.java:692)
	at jdk.httpserver/com.sun.net.httpserver.Filter$Chain.doFilter(Filter.java:77)
	at jdk.httpserver/sun.net.httpserver.ServerImpl$Exchange.run(ServerImpl.java:664)
	at java.base/java.util.concurrent.ThreadPoolExecutor.runWorker(ThreadPoolExecutor.java:1130)
	at java.base/java.util.concurrent.ThreadPoolExecutor$Worker.run(ThreadPoolExecutor.java:630)
	at java.base/java.lang.Thread.run(Thread.java:832)
java.lang.IllegalStateException: Writer not present on this server: z59vuwzfFDovn2cCM8E26UhYpffbDYFLKGpLBZv1MNxtiJKRTyqwNhG
	at peergos.server.space.JdbcUsageStore.getWriterId(JdbcUsageStore.java:179)
	at peergos.server.space.JdbcUsageStore.getOwner(JdbcUsageStore.java:239)
	at peergos.server.space.JdbcUsageStore.getUsage(JdbcUsageStore.java:268)
	at peergos.server.space.SpaceCheckingKeyFilter.prepareMutablePointerChange(SpaceCheckingKeyFilter.java:214)
	at peergos.server.space.SpaceCheckingKeyFilter.accept(SpaceCheckingKeyFilter.java:182)
	at peergos.server.mutable.MutableEventPropagator.lambda$setPointer$0(MutableEventPropagator.java:30)
	at java.base/java.util.concurrent.CompletableFuture.uniApplyNow(CompletableFuture.java:680)
	at java.base/java.util.concurrent.CompletableFuture.uniApplyStage(CompletableFuture.java:658)
	at java.base/java.util.concurrent.CompletableFuture.thenApply(CompletableFuture.java:2158)
	at peergos.server.mutable.MutableEventPropagator.setPointer(MutableEventPropagator.java:26)
	at peergos.server.mutable.PinningMutablePointers.lambda$setPointer$2(PinningMutablePointers.java:52)
	at java.base/java.util.concurrent.CompletableFuture.uniComposeStage(CompletableFuture.java:1183)
	at java.base/java.util.concurrent.CompletableFuture.thenCompose(CompletableFuture.java:2299)
	at peergos.server.mutable.PinningMutablePointers.lambda$setPointer$3(PinningMutablePointers.java:41)
	at java.base/java.util.concurrent.CompletableFuture.uniComposeStage(CompletableFuture.java:1183)
	at java.base/java.util.concurrent.CompletableFuture.thenCompose(CompletableFuture.java:2299)
	at peergos.server.mutable.PinningMutablePointers.setPointer(PinningMutablePointers.java:33)
	at peergos.server.mutable.BlockingMutablePointers.setPointer(BlockingMutablePointers.java:21)
	at peergos.shared.mutable.ProxyingMutablePointers.lambda$setPointer$0(ProxyingMutablePointers.java:30)
	at peergos.shared.corenode.Proxy.lambda$redirectCall$0(Proxy.java:26)
	at java.base/java.util.concurrent.CompletableFuture.uniComposeStage(CompletableFuture.java:1183)
	at java.base/java.util.concurrent.CompletableFuture.thenCompose(CompletableFuture.java:2299)
	at peergos.shared.corenode.Proxy.lambda$redirectCall$1(Proxy.java:19)
	at java.base/java.util.concurrent.CompletableFuture.uniComposeStage(CompletableFuture.java:1183)
	at java.base/java.util.concurrent.CompletableFuture.thenCompose(CompletableFuture.java:2299)
	at peergos.shared.corenode.Proxy.redirectCall(Proxy.java:18)
	at peergos.shared.mutable.ProxyingMutablePointers.setPointer(ProxyingMutablePointers.java:27)
	at peergos.server.net.MutationHandler.handle(MutationHandler.java:60)
	at jdk.httpserver/com.sun.net.httpserver.Filter$Chain.doFilter(Filter.java:77)
	at jdk.httpserver/sun.net.httpserver.AuthFilter.doFilter(AuthFilter.java:82)
	at jdk.httpserver/com.sun.net.httpserver.Filter$Chain.doFilter(Filter.java:80)
	at jdk.httpserver/sun.net.httpserver.ServerImpl$Exchange$LinkHandler.handle(ServerImpl.java:692)
	at jdk.httpserver/com.sun.net.httpserver.Filter$Chain.doFilter(Filter.java:77)
	at jdk.httpserver/sun.net.httpserver.ServerImpl$Exchange.run(ServerImpl.java:664)
	at java.base/java.util.concurrent.ThreadPoolExecutor.runWorker(ThreadPoolExecutor.java:1130)
	at java.base/java.util.concurrent.ThreadPoolExecutor$Worker.run(ThreadPoolExecutor.java:630)
	at java.base/java.lang.Thread.run(Thread.java:832)
java.lang.IllegalStateException: Writer not present on this server: z59vuwzfFDovn2cCM8E26UhYpffbDYFLKGpLBZv1MNxtiJKRTyqwNhG
	at peergos.server.space.JdbcUsageStore.getWriterId(JdbcUsageStore.java:179)
	at peergos.server.space.JdbcUsageStore.getOwner(JdbcUsageStore.java:239)
	at peergos.server.space.JdbcUsageStore.getUsage(JdbcUsageStore.java:268)
	at peergos.server.space.SpaceCheckingKeyFilter.prepareMutablePointerChange(SpaceCheckingKeyFilter.java:214)
	at peergos.server.space.SpaceCheckingKeyFilter.accept(SpaceCheckingKeyFilter.java:182)
	at peergos.server.mutable.MutableEventPropagator.lambda$setPointer$0(MutableEventPropagator.java:30)
	at java.base/java.util.concurrent.CompletableFuture.uniApplyNow(CompletableFuture.java:680)
	at java.base/java.util.concurrent.CompletableFuture.uniApplyStage(CompletableFuture.java:658)
	at java.base/java.util.concurrent.CompletableFuture.thenApply(CompletableFuture.java:2158)
	at peergos.server.mutable.MutableEventPropagator.setPointer(MutableEventPropagator.java:26)
	at peergos.server.mutable.PinningMutablePointers.lambda$setPointer$2(PinningMutablePointers.java:52)
	at java.base/java.util.concurrent.CompletableFuture.uniComposeStage(CompletableFuture.java:1183)
	at java.base/java.util.concurrent.CompletableFuture.thenCompose(CompletableFuture.java:2299)
	at peergos.server.mutable.PinningMutablePointers.lambda$setPointer$3(PinningMutablePointers.java:41)
	at java.base/java.util.concurrent.CompletableFuture.uniComposeStage(CompletableFuture.java:1183)
	at java.base/java.util.concurrent.CompletableFuture.thenCompose(CompletableFuture.java:2299)
	at peergos.server.mutable.PinningMutablePointers.setPointer(PinningMutablePointers.java:33)
	at peergos.server.mutable.BlockingMutablePointers.setPointer(BlockingMutablePointers.java:21)
	at peergos.shared.mutable.ProxyingMutablePointers.lambda$setPointer$0(ProxyingMutablePointers.java:30)
	at peergos.shared.corenode.Proxy.lambda$redirectCall$0(Proxy.java:26)
	at java.base/java.util.concurrent.CompletableFuture.uniComposeStage(CompletableFuture.java:1183)
	at java.base/java.util.concurrent.CompletableFuture.thenCompose(CompletableFuture.java:2299)
	at peergos.shared.corenode.Proxy.lambda$redirectCall$1(Proxy.java:19)
	at java.base/java.util.concurrent.CompletableFuture.uniComposeStage(CompletableFuture.java:1183)
	at java.base/java.util.concurrent.CompletableFuture.thenCompose(CompletableFuture.java:2299)
	at peergos.shared.corenode.Proxy.redirectCall(Proxy.java:18)
	at peergos.shared.mutable.ProxyingMutablePointers.setPointer(ProxyingMutablePointers.java:27)
	at peergos.server.net.MutationHandler.handle(MutationHandler.java:60)
	at jdk.httpserver/com.sun.net.httpserver.Filter$Chain.doFilter(Filter.java:77)
	at jdk.httpserver/sun.net.httpserver.AuthFilter.doFilter(AuthFilter.java:82)
	at jdk.httpserver/com.sun.net.httpserver.Filter$Chain.doFilter(Filter.java:80)
	at jdk.httpserver/sun.net.httpserver.ServerImpl$Exchange$LinkHandler.handle(ServerImpl.java:692)
	at jdk.httpserver/com.sun.net.httpserver.Filter$Chain.doFilter(Filter.java:77)
	at jdk.httpserver/sun.net.httpserver.ServerImpl$Exchange.run(ServerImpl.java:664)
	at java.base/java.util.concurrent.ThreadPoolExecutor.runWorker(ThreadPoolExecutor.java:1130)
	at java.base/java.util.concurrent.ThreadPoolExecutor$Worker.run(ThreadPoolExecutor.java:630)
	at java.base/java.lang.Thread.run(Thread.java:832)
java.lang.IllegalStateException: Writer not present on this server: z59vuwzfFDomk6GXVWLYLWEKBLzZUrXe4dcoqVQ5gTJauBJ9aZhyLBC
	at peergos.server.space.JdbcUsageStore.getWriterId(JdbcUsageStore.java:179)
	at peergos.server.space.JdbcUsageStore.getOwner(JdbcUsageStore.java:239)
	at peergos.server.space.JdbcUsageStore.getUsage(JdbcUsageStore.java:268)
	at peergos.server.space.SpaceCheckingKeyFilter.prepareMutablePointerChange(SpaceCheckingKeyFilter.java:214)
	at peergos.server.space.SpaceCheckingKeyFilter.accept(SpaceCheckingKeyFilter.java:182)
	at peergos.server.mutable.MutableEventPropagator.lambda$setPointer$0(MutableEventPropagator.java:30)
	at java.base/java.util.concurrent.CompletableFuture.uniApplyNow(CompletableFuture.java:680)
	at java.base/java.util.concurrent.CompletableFuture.uniApplyStage(CompletableFuture.java:658)
	at java.base/java.util.concurrent.CompletableFuture.thenApply(CompletableFuture.java:2158)
	at peergos.server.mutable.MutableEventPropagator.setPointer(MutableEventPropagator.java:26)
	at peergos.server.mutable.PinningMutablePointers.lambda$setPointer$2(PinningMutablePointers.java:52)
	at java.base/java.util.concurrent.CompletableFuture.uniComposeStage(CompletableFuture.java:1183)
	at java.base/java.util.concurrent.CompletableFuture.thenCompose(CompletableFuture.java:2299)
	at peergos.server.mutable.PinningMutablePointers.lambda$setPointer$3(PinningMutablePointers.java:41)
	at java.base/java.util.concurrent.CompletableFuture.uniComposeStage(CompletableFuture.java:1183)
	at java.base/java.util.concurrent.CompletableFuture.thenCompose(CompletableFuture.java:2299)
	at peergos.server.mutable.PinningMutablePointers.setPointer(PinningMutablePointers.java:33)
	at peergos.server.mutable.BlockingMutablePointers.setPointer(BlockingMutablePointers.java:21)
	at peergos.shared.mutable.ProxyingMutablePointers.lambda$setPointer$0(ProxyingMutablePointers.java:30)
	at peergos.shared.corenode.Proxy.lambda$redirectCall$0(Proxy.java:26)
	at java.base/java.util.concurrent.CompletableFuture.uniComposeStage(CompletableFuture.java:1183)
	at java.base/java.util.concurrent.CompletableFuture.thenCompose(CompletableFuture.java:2299)
	at peergos.shared.corenode.Proxy.lambda$redirectCall$1(Proxy.java:19)
	at java.base/java.util.concurrent.CompletableFuture.uniComposeStage(CompletableFuture.java:1183)
	at java.base/java.util.concurrent.CompletableFuture.thenCompose(CompletableFuture.java:2299)
	at peergos.shared.corenode.Proxy.redirectCall(Proxy.java:18)
	at peergos.shared.mutable.ProxyingMutablePointers.setPointer(ProxyingMutablePointers.java:27)
	at peergos.server.net.MutationHandler.handle(MutationHandler.java:60)
	at jdk.httpserver/com.sun.net.httpserver.Filter$Chain.doFilter(Filter.java:77)
	at jdk.httpserver/sun.net.httpserver.AuthFilter.doFilter(AuthFilter.java:82)
	at jdk.httpserver/com.sun.net.httpserver.Filter$Chain.doFilter(Filter.java:80)
	at jdk.httpserver/sun.net.httpserver.ServerImpl$Exchange$LinkHandler.handle(ServerImpl.java:692)
	at jdk.httpserver/com.sun.net.httpserver.Filter$Chain.doFilter(Filter.java:77)
	at jdk.httpserver/sun.net.httpserver.ServerImpl$Exchange.run(ServerImpl.java:664)
	at java.base/java.util.concurrent.ThreadPoolExecutor.runWorker(ThreadPoolExecutor.java:1130)
	at java.base/java.util.concurrent.ThreadPoolExecutor$Worker.run(ThreadPoolExecutor.java:630)
	at java.base/java.lang.Thread.run(Thread.java:832)
java.lang.IllegalStateException: Writer not present on this server: z59vuwzfFDomk6GXVWLYLWEKBLzZUrXe4dcoqVQ5gTJauBJ9aZhyLBC
	at peergos.server.space.JdbcUsageStore.getWriterId(JdbcUsageStore.java:179)
	at peergos.server.space.JdbcUsageStore.getOwner(JdbcUsageStore.java:239)
	at peergos.server.space.JdbcUsageStore.getUsage(JdbcUsageStore.java:268)
	at peergos.server.space.SpaceCheckingKeyFilter.prepareMutablePointerChange(SpaceCheckingKeyFilter.java:214)
	at peergos.server.space.SpaceCheckingKeyFilter.accept(SpaceCheckingKeyFilter.java:182)
	at peergos.server.mutable.MutableEventPropagator.lambda$setPointer$0(MutableEventPropagator.java:30)
	at java.base/java.util.concurrent.CompletableFuture.uniApplyNow(CompletableFuture.java:680)
	at java.base/java.util.concurrent.CompletableFuture.uniApplyStage(CompletableFuture.java:658)
	at java.base/java.util.concurrent.CompletableFuture.thenApply(CompletableFuture.java:2158)
	at peergos.server.mutable.MutableEventPropagator.setPointer(MutableEventPropagator.java:26)
	at peergos.server.mutable.PinningMutablePointers.lambda$setPointer$2(PinningMutablePointers.java:52)
	at java.base/java.util.concurrent.CompletableFuture.uniComposeStage(CompletableFuture.java:1183)
	at java.base/java.util.concurrent.CompletableFuture.thenCompose(CompletableFuture.java:2299)
	at peergos.server.mutable.PinningMutablePointers.lambda$setPointer$3(PinningMutablePointers.java:41)
	at java.base/java.util.concurrent.CompletableFuture.uniComposeStage(CompletableFuture.java:1183)
	at java.base/java.util.concurrent.CompletableFuture.thenCompose(CompletableFuture.java:2299)
	at peergos.server.mutable.PinningMutablePointers.setPointer(PinningMutablePointers.java:33)
	at peergos.server.mutable.BlockingMutablePointers.setPointer(BlockingMutablePointers.java:21)
	at peergos.shared.mutable.ProxyingMutablePointers.lambda$setPointer$0(ProxyingMutablePointers.java:30)
	at peergos.shared.corenode.Proxy.lambda$redirectCall$0(Proxy.java:26)
	at java.base/java.util.concurrent.CompletableFuture.uniComposeStage(CompletableFuture.java:1183)
	at java.base/java.util.concurrent.CompletableFuture.thenCompose(CompletableFuture.java:2299)
	at peergos.shared.corenode.Proxy.lambda$redirectCall$1(Proxy.java:19)
	at java.base/java.util.concurrent.CompletableFuture.uniComposeStage(CompletableFuture.java:1183)
	at java.base/java.util.concurrent.CompletableFuture.thenCompose(CompletableFuture.java:2299)
	at peergos.shared.corenode.Proxy.redirectCall(Proxy.java:18)
	at peergos.shared.mutable.ProxyingMutablePointers.setPointer(ProxyingMutablePointers.java:27)
	at peergos.server.net.MutationHandler.handle(MutationHandler.java:60)
	at jdk.httpserver/com.sun.net.httpserver.Filter$Chain.doFilter(Filter.java:77)
	at jdk.httpserver/sun.net.httpserver.AuthFilter.doFilter(AuthFilter.java:82)
	at jdk.httpserver/com.sun.net.httpserver.Filter$Chain.doFilter(Filter.java:80)
	at jdk.httpserver/sun.net.httpserver.ServerImpl$Exchange$LinkHandler.handle(ServerImpl.java:692)
	at jdk.httpserver/com.sun.net.httpserver.Filter$Chain.doFilter(Filter.java:77)
	at jdk.httpserver/sun.net.httpserver.ServerImpl$Exchange.run(ServerImpl.java:664)
	at java.base/java.util.concurrent.ThreadPoolExecutor.runWorker(ThreadPoolExecutor.java:1130)
	at java.base/java.util.concurrent.ThreadPoolExecutor$Worker.run(ThreadPoolExecutor.java:630)
	at java.base/java.lang.Thread.run(Thread.java:832)
java.lang.IllegalStateException: Writer not present on this server: z59vuwzfFDp24sjnriMsLC7kQpThtXfYhHaRzoXYvvjvmGFg7yU8iK6
	at peergos.server.space.JdbcUsageStore.getWriterId(JdbcUsageStore.java:179)
	at peergos.server.space.JdbcUsageStore.getOwner(JdbcUsageStore.java:239)
	at peergos.server.space.JdbcUsageStore.getUsage(JdbcUsageStore.java:268)
	at peergos.server.space.SpaceCheckingKeyFilter.prepareMutablePointerChange(SpaceCheckingKeyFilter.java:214)
	at peergos.server.space.SpaceCheckingKeyFilter.accept(SpaceCheckingKeyFilter.java:182)
	at peergos.server.mutable.MutableEventPropagator.lambda$setPointer$0(MutableEventPropagator.java:30)
	at java.base/java.util.concurrent.CompletableFuture.uniApplyNow(CompletableFuture.java:680)
	at java.base/java.util.concurrent.CompletableFuture.uniApplyStage(CompletableFuture.java:658)
	at java.base/java.util.concurrent.CompletableFuture.thenApply(CompletableFuture.java:2158)
	at peergos.server.mutable.MutableEventPropagator.setPointer(MutableEventPropagator.java:26)
	at peergos.server.mutable.PinningMutablePointers.lambda$setPointer$2(PinningMutablePointers.java:52)
	at java.base/java.util.concurrent.CompletableFuture.uniComposeStage(CompletableFuture.java:1183)
	at java.base/java.util.concurrent.CompletableFuture.thenCompose(CompletableFuture.java:2299)
	at peergos.server.mutable.PinningMutablePointers.lambda$setPointer$3(PinningMutablePointers.java:41)
	at java.base/java.util.concurrent.CompletableFuture.uniComposeStage(CompletableFuture.java:1183)
	at java.base/java.util.concurrent.CompletableFuture.thenCompose(CompletableFuture.java:2299)
	at peergos.server.mutable.PinningMutablePointers.setPointer(PinningMutablePointers.java:33)
	at peergos.server.mutable.BlockingMutablePointers.setPointer(BlockingMutablePointers.java:21)
	at peergos.shared.mutable.ProxyingMutablePointers.lambda$setPointer$0(ProxyingMutablePointers.java:30)
	at peergos.shared.corenode.Proxy.lambda$redirectCall$0(Proxy.java:26)
	at java.base/java.util.concurrent.CompletableFuture.uniComposeStage(CompletableFuture.java:1183)
	at java.base/java.util.concurrent.CompletableFuture.thenCompose(CompletableFuture.java:2299)
	at peergos.shared.corenode.Proxy.lambda$redirectCall$1(Proxy.java:19)
	at java.base/java.util.concurrent.CompletableFuture.uniComposeStage(CompletableFuture.java:1183)
	at java.base/java.util.concurrent.CompletableFuture.thenCompose(CompletableFuture.java:2299)
	at peergos.shared.corenode.Proxy.redirectCall(Proxy.java:18)
	at peergos.shared.mutable.ProxyingMutablePointers.setPointer(ProxyingMutablePointers.java:27)
	at peergos.server.net.MutationHandler.handle(MutationHandler.java:60)
	at jdk.httpserver/com.sun.net.httpserver.Filter$Chain.doFilter(Filter.java:77)
	at jdk.httpserver/sun.net.httpserver.AuthFilter.doFilter(AuthFilter.java:82)
	at jdk.httpserver/com.sun.net.httpserver.Filter$Chain.doFilter(Filter.java:80)
	at jdk.httpserver/sun.net.httpserver.ServerImpl$Exchange$LinkHandler.handle(ServerImpl.java:692)
	at jdk.httpserver/com.sun.net.httpserver.Filter$Chain.doFilter(Filter.java:77)
	at jdk.httpserver/sun.net.httpserver.ServerImpl$Exchange.run(ServerImpl.java:664)
	at java.base/java.util.concurrent.ThreadPoolExecutor.runWorker(ThreadPoolExecutor.java:1130)
	at java.base/java.util.concurrent.ThreadPoolExecutor$Worker.run(ThreadPoolExecutor.java:630)
	at java.base/java.lang.Thread.run(Thread.java:832)
java.lang.IllegalStateException: Writer not present on this server: z59vuwzfFDp24sjnriMsLC7kQpThtXfYhHaRzoXYvvjvmGFg7yU8iK6
	at peergos.server.space.JdbcUsageStore.getWriterId(JdbcUsageStore.java:179)
	at peergos.server.space.JdbcUsageStore.getOwner(JdbcUsageStore.java:239)
	at peergos.server.space.JdbcUsageStore.getUsage(JdbcUsageStore.java:268)
	at peergos.server.space.SpaceCheckingKeyFilter.prepareMutablePointerChange(SpaceCheckingKeyFilter.java:214)
	at peergos.server.space.SpaceCheckingKeyFilter.accept(SpaceCheckingKeyFilter.java:182)
	at peergos.server.mutable.MutableEventPropagator.lambda$setPointer$0(MutableEventPropagator.java:30)
	at java.base/java.util.concurrent.CompletableFuture.uniApplyNow(CompletableFuture.java:680)
	at java.base/java.util.concurrent.CompletableFuture.uniApplyStage(CompletableFuture.java:658)
	at java.base/java.util.concurrent.CompletableFuture.thenApply(CompletableFuture.java:2158)
	at peergos.server.mutable.MutableEventPropagator.setPointer(MutableEventPropagator.java:26)
	at peergos.server.mutable.PinningMutablePointers.lambda$setPointer$2(PinningMutablePointers.java:52)
	at java.base/java.util.concurrent.CompletableFuture.uniComposeStage(CompletableFuture.java:1183)
	at java.base/java.util.concurrent.CompletableFuture.thenCompose(CompletableFuture.java:2299)
	at peergos.server.mutable.PinningMutablePointers.lambda$setPointer$3(PinningMutablePointers.java:41)
	at java.base/java.util.concurrent.CompletableFuture.uniComposeStage(CompletableFuture.java:1183)
	at java.base/java.util.concurrent.CompletableFuture.thenCompose(CompletableFuture.java:2299)
	at peergos.server.mutable.PinningMutablePointers.setPointer(PinningMutablePointers.java:33)
	at peergos.server.mutable.BlockingMutablePointers.setPointer(BlockingMutablePointers.java:21)
	at peergos.shared.mutable.ProxyingMutablePointers.lambda$setPointer$0(ProxyingMutablePointers.java:30)
	at peergos.shared.corenode.Proxy.lambda$redirectCall$0(Proxy.java:26)
	at java.base/java.util.concurrent.CompletableFuture.uniComposeStage(CompletableFuture.java:1183)
	at java.base/java.util.concurrent.CompletableFuture.thenCompose(CompletableFuture.java:2299)
	at peergos.shared.corenode.Proxy.lambda$redirectCall$1(Proxy.java:19)
	at java.base/java.util.concurrent.CompletableFuture.uniComposeStage(CompletableFuture.java:1183)
	at java.base/java.util.concurrent.CompletableFuture.thenCompose(CompletableFuture.java:2299)
	at peergos.shared.corenode.Proxy.redirectCall(Proxy.java:18)
	at peergos.shared.mutable.ProxyingMutablePointers.setPointer(ProxyingMutablePointers.java:27)
	at peergos.server.net.MutationHandler.handle(MutationHandler.java:60)
	at jdk.httpserver/com.sun.net.httpserver.Filter$Chain.doFilter(Filter.java:77)
	at jdk.httpserver/sun.net.httpserver.AuthFilter.doFilter(AuthFilter.java:82)
	at jdk.httpserver/com.sun.net.httpserver.Filter$Chain.doFilter(Filter.java:80)
	at jdk.httpserver/sun.net.httpserver.ServerImpl$Exchange$LinkHandler.handle(ServerImpl.java:692)
	at jdk.httpserver/com.sun.net.httpserver.Filter$Chain.doFilter(Filter.java:77)
	at jdk.httpserver/sun.net.httpserver.ServerImpl$Exchange.run(ServerImpl.java:664)
	at java.base/java.util.concurrent.ThreadPoolExecutor.runWorker(ThreadPoolExecutor.java:1130)
	at java.base/java.util.concurrent.ThreadPoolExecutor$Worker.run(ThreadPoolExecutor.java:630)
	at java.base/java.lang.Thread.run(Thread.java:832)
java.lang.IllegalStateException: Writer not present on this server: z59vuwzfFDomk6GXVWLYLWEKBLzZUrXe4dcoqVQ5gTJauBJ9aZhyLBC
	at peergos.server.space.JdbcUsageStore.getWriterId(JdbcUsageStore.java:179)
	at peergos.server.space.JdbcUsageStore.getOwner(JdbcUsageStore.java:239)
	at peergos.server.space.JdbcUsageStore.getUsage(JdbcUsageStore.java:268)
	at peergos.server.space.SpaceCheckingKeyFilter.prepareMutablePointerChange(SpaceCheckingKeyFilter.java:214)
	at peergos.server.space.SpaceCheckingKeyFilter.accept(SpaceCheckingKeyFilter.java:182)
	at peergos.server.mutable.MutableEventPropagator.lambda$setPointer$0(MutableEventPropagator.java:30)
	at java.base/java.util.concurrent.CompletableFuture.uniApplyNow(CompletableFuture.java:680)
	at java.base/java.util.concurrent.CompletableFuture.uniApplyStage(CompletableFuture.java:658)
	at java.base/java.util.concurrent.CompletableFuture.thenApply(CompletableFuture.java:2158)
	at peergos.server.mutable.MutableEventPropagator.setPointer(MutableEventPropagator.java:26)
	at peergos.server.mutable.PinningMutablePointers.lambda$setPointer$2(PinningMutablePointers.java:52)
	at java.base/java.util.concurrent.CompletableFuture.uniComposeStage(CompletableFuture.java:1183)
	at java.base/java.util.concurrent.CompletableFuture.thenCompose(CompletableFuture.java:2299)
	at peergos.server.mutable.PinningMutablePointers.lambda$setPointer$3(PinningMutablePointers.java:41)
	at java.base/java.util.concurrent.CompletableFuture.uniComposeStage(CompletableFuture.java:1183)
	at java.base/java.util.concurrent.CompletableFuture.thenCompose(CompletableFuture.java:2299)
	at peergos.server.mutable.PinningMutablePointers.setPointer(PinningMutablePointers.java:33)
	at peergos.server.mutable.BlockingMutablePointers.setPointer(BlockingMutablePointers.java:21)
	at peergos.shared.mutable.ProxyingMutablePointers.lambda$setPointer$0(ProxyingMutablePointers.java:30)
	at peergos.shared.corenode.Proxy.lambda$redirectCall$0(Proxy.java:26)
	at java.base/java.util.concurrent.CompletableFuture.uniComposeStage(CompletableFuture.java:1183)
	at java.base/java.util.concurrent.CompletableFuture.thenCompose(CompletableFuture.java:2299)
	at peergos.shared.corenode.Proxy.lambda$redirectCall$1(Proxy.java:19)
	at java.base/java.util.concurrent.CompletableFuture.uniComposeStage(CompletableFuture.java:1183)
	at java.base/java.util.concurrent.CompletableFuture.thenCompose(CompletableFuture.java:2299)
	at peergos.shared.corenode.Proxy.redirectCall(Proxy.java:18)
	at peergos.shared.mutable.ProxyingMutablePointers.setPointer(ProxyingMutablePointers.java:27)
	at peergos.server.net.MutationHandler.handle(MutationHandler.java:60)
	at jdk.httpserver/com.sun.net.httpserver.Filter$Chain.doFilter(Filter.java:77)
	at jdk.httpserver/sun.net.httpserver.AuthFilter.doFilter(AuthFilter.java:82)
	at jdk.httpserver/com.sun.net.httpserver.Filter$Chain.doFilter(Filter.java:80)
	at jdk.httpserver/sun.net.httpserver.ServerImpl$Exchange$LinkHandler.handle(ServerImpl.java:692)
	at jdk.httpserver/com.sun.net.httpserver.Filter$Chain.doFilter(Filter.java:77)
	at jdk.httpserver/sun.net.httpserver.ServerImpl$Exchange.run(ServerImpl.java:664)
	at java.base/java.util.concurrent.ThreadPoolExecutor.runWorker(ThreadPoolExecutor.java:1130)
	at java.base/java.util.concurrent.ThreadPoolExecutor$Worker.run(ThreadPoolExecutor.java:630)
	at java.base/java.lang.Thread.run(Thread.java:832)
java.lang.IllegalStateException: Writer not present on this server: z59vuwzfFDp24sjnriMsLC7kQpThtXfYhHaRzoXYvvjvmGFg7yU8iK6
	at peergos.server.space.JdbcUsageStore.getWriterId(JdbcUsageStore.java:179)
	at peergos.server.space.JdbcUsageStore.getOwner(JdbcUsageStore.java:239)
	at peergos.server.space.JdbcUsageStore.getUsage(JdbcUsageStore.java:268)
	at peergos.server.space.SpaceCheckingKeyFilter.prepareMutablePointerChange(SpaceCheckingKeyFilter.java:214)
	at peergos.server.space.SpaceCheckingKeyFilter.accept(SpaceCheckingKeyFilter.java:182)
	at peergos.server.mutable.MutableEventPropagator.lambda$setPointer$0(MutableEventPropagator.java:30)
	at java.base/java.util.concurrent.CompletableFuture.uniApplyNow(CompletableFuture.java:680)
	at java.base/java.util.concurrent.CompletableFuture.uniApplyStage(CompletableFuture.java:658)
	at java.base/java.util.concurrent.CompletableFuture.thenApply(CompletableFuture.java:2158)
	at peergos.server.mutable.MutableEventPropagator.setPointer(MutableEventPropagator.java:26)
	at peergos.server.mutable.PinningMutablePointers.lambda$setPointer$2(PinningMutablePointers.java:52)
	at java.base/java.util.concurrent.CompletableFuture.uniComposeStage(CompletableFuture.java:1183)
	at java.base/java.util.concurrent.CompletableFuture.thenCompose(CompletableFuture.java:2299)
	at peergos.server.mutable.PinningMutablePointers.lambda$setPointer$3(PinningMutablePointers.java:41)
	at java.base/java.util.concurrent.CompletableFuture.uniComposeStage(CompletableFuture.java:1183)
	at java.base/java.util.concurrent.CompletableFuture.thenCompose(CompletableFuture.java:2299)
	at peergos.server.mutable.PinningMutablePointers.setPointer(PinningMutablePointers.java:33)
	at peergos.server.mutable.BlockingMutablePointers.setPointer(BlockingMutablePointers.java:21)
	at peergos.shared.mutable.ProxyingMutablePointers.lambda$setPointer$0(ProxyingMutablePointers.java:30)
	at peergos.shared.corenode.Proxy.lambda$redirectCall$0(Proxy.java:26)
	at java.base/java.util.concurrent.CompletableFuture.uniComposeStage(CompletableFuture.java:1183)
	at java.base/java.util.concurrent.CompletableFuture.thenCompose(CompletableFuture.java:2299)
	at peergos.shared.corenode.Proxy.lambda$redirectCall$1(Proxy.java:19)
	at java.base/java.util.concurrent.CompletableFuture.uniComposeStage(CompletableFuture.java:1183)
	at java.base/java.util.concurrent.CompletableFuture.thenCompose(CompletableFuture.java:2299)
	at peergos.shared.corenode.Proxy.redirectCall(Proxy.java:18)
	at peergos.shared.mutable.ProxyingMutablePointers.setPointer(ProxyingMutablePointers.java:27)
	at peergos.server.net.MutationHandler.handle(MutationHandler.java:60)
	at jdk.httpserver/com.sun.net.httpserver.Filter$Chain.doFilter(Filter.java:77)
	at jdk.httpserver/sun.net.httpserver.AuthFilter.doFilter(AuthFilter.java:82)
	at jdk.httpserver/com.sun.net.httpserver.Filter$Chain.doFilter(Filter.java:80)
	at jdk.httpserver/sun.net.httpserver.ServerImpl$Exchange$LinkHandler.handle(ServerImpl.java:692)
	at jdk.httpserver/com.sun.net.httpserver.Filter$Chain.doFilter(Filter.java:77)
	at jdk.httpserver/sun.net.httpserver.ServerImpl$Exchange.run(ServerImpl.java:664)
	at java.base/java.util.concurrent.ThreadPoolExecutor.runWorker(ThreadPoolExecutor.java:1130)
	at java.base/java.util.concurrent.ThreadPoolExecutor$Worker.run(ThreadPoolExecutor.java:630)
	at java.base/java.lang.Thread.run(Thread.java:832)
java.lang.IllegalStateException: Writer not present on this server: z59vuwzfFDp24sjnriMsLC7kQpThtXfYhHaRzoXYvvjvmGFg7yU8iK6
	at peergos.server.space.JdbcUsageStore.getWriterId(JdbcUsageStore.java:179)
	at peergos.server.space.JdbcUsageStore.getOwner(JdbcUsageStore.java:239)
	at peergos.server.space.JdbcUsageStore.getUsage(JdbcUsageStore.java:268)
	at peergos.server.space.SpaceCheckingKeyFilter.prepareMutablePointerChange(SpaceCheckingKeyFilter.java:214)
	at peergos.server.space.SpaceCheckingKeyFilter.accept(SpaceCheckingKeyFilter.java:182)
	at peergos.server.mutable.MutableEventPropagator.lambda$setPointer$0(MutableEventPropagator.java:30)
	at java.base/java.util.concurrent.CompletableFuture.uniApplyNow(CompletableFuture.java:680)
	at java.base/java.util.concurrent.CompletableFuture.uniApplyStage(CompletableFuture.java:658)
	at java.base/java.util.concurrent.CompletableFuture.thenApply(CompletableFuture.java:2158)
	at peergos.server.mutable.MutableEventPropagator.setPointer(MutableEventPropagator.java:26)
	at peergos.server.mutable.PinningMutablePointers.lambda$setPointer$2(PinningMutablePointers.java:52)
	at java.base/java.util.concurrent.CompletableFuture.uniComposeStage(CompletableFuture.java:1183)
	at java.base/java.util.concurrent.CompletableFuture.thenCompose(CompletableFuture.java:2299)
	at peergos.server.mutable.PinningMutablePointers.lambda$setPointer$3(PinningMutablePointers.java:41)
	at java.base/java.util.concurrent.CompletableFuture.uniComposeStage(CompletableFuture.java:1183)
	at java.base/java.util.concurrent.CompletableFuture.thenCompose(CompletableFuture.java:2299)
	at peergos.server.mutable.PinningMutablePointers.setPointer(PinningMutablePointers.java:33)
	at peergos.server.mutable.BlockingMutablePointers.setPointer(BlockingMutablePointers.java:21)
	at peergos.shared.mutable.ProxyingMutablePointers.lambda$setPointer$0(ProxyingMutablePointers.java:30)
	at peergos.shared.corenode.Proxy.lambda$redirectCall$0(Proxy.java:26)
	at java.base/java.util.concurrent.CompletableFuture.uniComposeStage(CompletableFuture.java:1183)
	at java.base/java.util.concurrent.CompletableFuture.thenCompose(CompletableFuture.java:2299)
	at peergos.shared.corenode.Proxy.lambda$redirectCall$1(Proxy.java:19)
	at java.base/java.util.concurrent.CompletableFuture.uniComposeStage(CompletableFuture.java:1183)
	at java.base/java.util.concurrent.CompletableFuture.thenCompose(CompletableFuture.java:2299)
	at peergos.shared.corenode.Proxy.redirectCall(Proxy.java:18)
	at peergos.shared.mutable.ProxyingMutablePointers.setPointer(ProxyingMutablePointers.java:27)
	at peergos.server.net.MutationHandler.handle(MutationHandler.java:60)
	at jdk.httpserver/com.sun.net.httpserver.Filter$Chain.doFilter(Filter.java:77)
	at jdk.httpserver/sun.net.httpserver.AuthFilter.doFilter(AuthFilter.java:82)
	at jdk.httpserver/com.sun.net.httpserver.Filter$Chain.doFilter(Filter.java:80)
	at jdk.httpserver/sun.net.httpserver.ServerImpl$Exchange$LinkHandler.handle(ServerImpl.java:692)
	at jdk.httpserver/com.sun.net.httpserver.Filter$Chain.doFilter(Filter.java:77)
	at jdk.httpserver/sun.net.httpserver.ServerImpl$Exchange.run(ServerImpl.java:664)
	at java.base/java.util.concurrent.ThreadPoolExecutor.runWorker(ThreadPoolExecutor.java:1130)
	at java.base/java.util.concurrent.ThreadPoolExecutor$Worker.run(ThreadPoolExecutor.java:630)
	at java.base/java.lang.Thread.run(Thread.java:832)
java.lang.IllegalStateException: Writer not present on this server: z59vuwzfFDp24sjnriMsLC7kQpThtXfYhHaRzoXYvvjvmGFg7yU8iK6
	at peergos.server.space.JdbcUsageStore.getWriterId(JdbcUsageStore.java:179)
	at peergos.server.space.JdbcUsageStore.getOwner(JdbcUsageStore.java:239)
	at peergos.server.space.JdbcUsageStore.getUsage(JdbcUsageStore.java:268)
	at peergos.server.space.SpaceCheckingKeyFilter.prepareMutablePointerChange(SpaceCheckingKeyFilter.java:214)
	at peergos.server.space.SpaceCheckingKeyFilter.accept(SpaceCheckingKeyFilter.java:182)
	at peergos.server.mutable.MutableEventPropagator.lambda$setPointer$0(MutableEventPropagator.java:30)
	at java.base/java.util.concurrent.CompletableFuture.uniApplyNow(CompletableFuture.java:680)
	at java.base/java.util.concurrent.CompletableFuture.uniApplyStage(CompletableFuture.java:658)
	at java.base/java.util.concurrent.CompletableFuture.thenApply(CompletableFuture.java:2158)
	at peergos.server.mutable.MutableEventPropagator.setPointer(MutableEventPropagator.java:26)
	at peergos.server.mutable.PinningMutablePointers.lambda$setPointer$2(PinningMutablePointers.java:52)
	at java.base/java.util.concurrent.CompletableFuture.uniComposeStage(CompletableFuture.java:1183)
	at java.base/java.util.concurrent.CompletableFuture.thenCompose(CompletableFuture.java:2299)
	at peergos.server.mutable.PinningMutablePointers.lambda$setPointer$3(PinningMutablePointers.java:41)
	at java.base/java.util.concurrent.CompletableFuture.uniComposeStage(CompletableFuture.java:1183)
	at java.base/java.util.concurrent.CompletableFuture.thenCompose(CompletableFuture.java:2299)
	at peergos.server.mutable.PinningMutablePointers.setPointer(PinningMutablePointers.java:33)
	at peergos.server.mutable.BlockingMutablePointers.setPointer(BlockingMutablePointers.java:21)
	at peergos.shared.mutable.ProxyingMutablePointers.lambda$setPointer$0(ProxyingMutablePointers.java:30)
	at peergos.shared.corenode.Proxy.lambda$redirectCall$0(Proxy.java:26)
	at java.base/java.util.concurrent.CompletableFuture.uniComposeStage(CompletableFuture.java:1183)
	at java.base/java.util.concurrent.CompletableFuture.thenCompose(CompletableFuture.java:2299)
	at peergos.shared.corenode.Proxy.lambda$redirectCall$1(Proxy.java:19)
	at java.base/java.util.concurrent.CompletableFuture.uniComposeStage(CompletableFuture.java:1183)
	at java.base/java.util.concurrent.CompletableFuture.thenCompose(CompletableFuture.java:2299)
	at peergos.shared.corenode.Proxy.redirectCall(Proxy.java:18)
	at peergos.shared.mutable.ProxyingMutablePointers.setPointer(ProxyingMutablePointers.java:27)
	at peergos.server.net.MutationHandler.handle(MutationHandler.java:60)
	at jdk.httpserver/com.sun.net.httpserver.Filter$Chain.doFilter(Filter.java:77)
	at jdk.httpserver/sun.net.httpserver.AuthFilter.doFilter(AuthFilter.java:82)
	at jdk.httpserver/com.sun.net.httpserver.Filter$Chain.doFilter(Filter.java:80)
	at jdk.httpserver/sun.net.httpserver.ServerImpl$Exchange$LinkHandler.handle(ServerImpl.java:692)
	at jdk.httpserver/com.sun.net.httpserver.Filter$Chain.doFilter(Filter.java:77)
	at jdk.httpserver/sun.net.httpserver.ServerImpl$Exchange.run(ServerImpl.java:664)
	at java.base/java.util.concurrent.ThreadPoolExecutor.runWorker(ThreadPoolExecutor.java:1130)
	at java.base/java.util.concurrent.ThreadPoolExecutor$Worker.run(ThreadPoolExecutor.java:630)
	at java.base/java.lang.Thread.run(Thread.java:832)
java.lang.IllegalStateException: Writer not present on this server: z59vuwzfFDp24sjnriMsLC7kQpThtXfYhHaRzoXYvvjvmGFg7yU8iK6
	at peergos.server.space.JdbcUsageStore.getWriterId(JdbcUsageStore.java:179)
	at peergos.server.space.JdbcUsageStore.getOwner(JdbcUsageStore.java:239)
	at peergos.server.space.JdbcUsageStore.getUsage(JdbcUsageStore.java:268)
	at peergos.server.space.SpaceCheckingKeyFilter.prepareMutablePointerChange(SpaceCheckingKeyFilter.java:214)
	at peergos.server.space.SpaceCheckingKeyFilter.accept(SpaceCheckingKeyFilter.java:182)
	at peergos.server.mutable.MutableEventPropagator.lambda$setPointer$0(MutableEventPropagator.java:30)
	at java.base/java.util.concurrent.CompletableFuture.uniApplyNow(CompletableFuture.java:680)
	at java.base/java.util.concurrent.CompletableFuture.uniApplyStage(CompletableFuture.java:658)
	at java.base/java.util.concurrent.CompletableFuture.thenApply(CompletableFuture.java:2158)
	at peergos.server.mutable.MutableEventPropagator.setPointer(MutableEventPropagator.java:26)
	at peergos.server.mutable.PinningMutablePointers.lambda$setPointer$2(PinningMutablePointers.java:52)
	at java.base/java.util.concurrent.CompletableFuture.uniComposeStage(CompletableFuture.java:1183)
	at java.base/java.util.concurrent.CompletableFuture.thenCompose(CompletableFuture.java:2299)
	at peergos.server.mutable.PinningMutablePointers.lambda$setPointer$3(PinningMutablePointers.java:41)
	at java.base/java.util.concurrent.CompletableFuture.uniComposeStage(CompletableFuture.java:1183)
	at java.base/java.util.concurrent.CompletableFuture.thenCompose(CompletableFuture.java:2299)
	at peergos.server.mutable.PinningMutablePointers.setPointer(PinningMutablePointers.java:33)
	at peergos.server.mutable.BlockingMutablePointers.setPointer(BlockingMutablePointers.java:21)
	at peergos.shared.mutable.ProxyingMutablePointers.lambda$setPointer$0(ProxyingMutablePointers.java:30)
	at peergos.shared.corenode.Proxy.lambda$redirectCall$0(Proxy.java:26)
	at java.base/java.util.concurrent.CompletableFuture.uniComposeStage(CompletableFuture.java:1183)
	at java.base/java.util.concurrent.CompletableFuture.thenCompose(CompletableFuture.java:2299)
	at peergos.shared.corenode.Proxy.lambda$redirectCall$1(Proxy.java:19)
	at java.base/java.util.concurrent.CompletableFuture.uniComposeStage(CompletableFuture.java:1183)
	at java.base/java.util.concurrent.CompletableFuture.thenCompose(CompletableFuture.java:2299)
	at peergos.shared.corenode.Proxy.redirectCall(Proxy.java:18)
	at peergos.shared.mutable.ProxyingMutablePointers.setPointer(ProxyingMutablePointers.java:27)
	at peergos.server.net.MutationHandler.handle(MutationHandler.java:60)
	at jdk.httpserver/com.sun.net.httpserver.Filter$Chain.doFilter(Filter.java:77)
	at jdk.httpserver/sun.net.httpserver.AuthFilter.doFilter(AuthFilter.java:82)
	at jdk.httpserver/com.sun.net.httpserver.Filter$Chain.doFilter(Filter.java:80)
	at jdk.httpserver/sun.net.httpserver.ServerImpl$Exchange$LinkHandler.handle(ServerImpl.java:692)
	at jdk.httpserver/com.sun.net.httpserver.Filter$Chain.doFilter(Filter.java:77)
	at jdk.httpserver/sun.net.httpserver.ServerImpl$Exchange.run(ServerImpl.java:664)
	at java.base/java.util.concurrent.ThreadPoolExecutor.runWorker(ThreadPoolExecutor.java:1130)
	at java.base/java.util.concurrent.ThreadPoolExecutor$Worker.run(ThreadPoolExecutor.java:630)
	at java.base/java.lang.Thread.run(Thread.java:832)
java.lang.IllegalStateException: Writer not present on this server: z59vuwzfFDp24sjnriMsLC7kQpThtXfYhHaRzoXYvvjvmGFg7yU8iK6
	at peergos.server.space.JdbcUsageStore.getWriterId(JdbcUsageStore.java:179)
	at peergos.server.space.JdbcUsageStore.getOwner(JdbcUsageStore.java:239)
	at peergos.server.space.JdbcUsageStore.getUsage(JdbcUsageStore.java:268)
	at peergos.server.space.SpaceCheckingKeyFilter.prepareMutablePointerChange(SpaceCheckingKeyFilter.java:214)
	at peergos.server.space.SpaceCheckingKeyFilter.accept(SpaceCheckingKeyFilter.java:182)
	at peergos.server.mutable.MutableEventPropagator.lambda$setPointer$0(MutableEventPropagator.java:30)
	at java.base/java.util.concurrent.CompletableFuture.uniApplyNow(CompletableFuture.java:680)
	at java.base/java.util.concurrent.CompletableFuture.uniApplyStage(CompletableFuture.java:658)
	at java.base/java.util.concurrent.CompletableFuture.thenApply(CompletableFuture.java:2158)
	at peergos.server.mutable.MutableEventPropagator.setPointer(MutableEventPropagator.java:26)
	at peergos.server.mutable.PinningMutablePointers.lambda$setPointer$2(PinningMutablePointers.java:52)
	at java.base/java.util.concurrent.CompletableFuture.uniComposeStage(CompletableFuture.java:1183)
	at java.base/java.util.concurrent.CompletableFuture.thenCompose(CompletableFuture.java:2299)
	at peergos.server.mutable.PinningMutablePointers.lambda$setPointer$3(PinningMutablePointers.java:41)
	at java.base/java.util.concurrent.CompletableFuture.uniComposeStage(CompletableFuture.java:1183)
	at java.base/java.util.concurrent.CompletableFuture.thenCompose(CompletableFuture.java:2299)
	at peergos.server.mutable.PinningMutablePointers.setPointer(PinningMutablePointers.java:33)
	at peergos.server.mutable.BlockingMutablePointers.setPointer(BlockingMutablePointers.java:21)
	at peergos.shared.mutable.ProxyingMutablePointers.lambda$setPointer$0(ProxyingMutablePointers.java:30)
	at peergos.shared.corenode.Proxy.lambda$redirectCall$0(Proxy.java:26)
	at java.base/java.util.concurrent.CompletableFuture.uniComposeStage(CompletableFuture.java:1183)
	at java.base/java.util.concurrent.CompletableFuture.thenCompose(CompletableFuture.java:2299)
	at peergos.shared.corenode.Proxy.lambda$redirectCall$1(Proxy.java:19)
	at java.base/java.util.concurrent.CompletableFuture.uniComposeStage(CompletableFuture.java:1183)
	at java.base/java.util.concurrent.CompletableFuture.thenCompose(CompletableFuture.java:2299)
	at peergos.shared.corenode.Proxy.redirectCall(Proxy.java:18)
	at peergos.shared.mutable.ProxyingMutablePointers.setPointer(ProxyingMutablePointers.java:27)
	at peergos.server.net.MutationHandler.handle(MutationHandler.java:60)
	at jdk.httpserver/com.sun.net.httpserver.Filter$Chain.doFilter(Filter.java:77)
	at jdk.httpserver/sun.net.httpserver.AuthFilter.doFilter(AuthFilter.java:82)
	at jdk.httpserver/com.sun.net.httpserver.Filter$Chain.doFilter(Filter.java:80)
	at jdk.httpserver/sun.net.httpserver.ServerImpl$Exchange$LinkHandler.handle(ServerImpl.java:692)
	at jdk.httpserver/com.sun.net.httpserver.Filter$Chain.doFilter(Filter.java:77)
	at jdk.httpserver/sun.net.httpserver.ServerImpl$Exchange.run(ServerImpl.java:664)
	at java.base/java.util.concurrent.ThreadPoolExecutor.runWorker(ThreadPoolExecutor.java:1130)
	at java.base/java.util.concurrent.ThreadPoolExecutor$Worker.run(ThreadPoolExecutor.java:630)
	at java.base/java.lang.Thread.run(Thread.java:832)
java.lang.IllegalStateException: Writer not present on this server: z59vuwzfFDp24sjnriMsLC7kQpThtXfYhHaRzoXYvvjvmGFg7yU8iK6
	at peergos.server.space.JdbcUsageStore.getWriterId(JdbcUsageStore.java:179)
	at peergos.server.space.JdbcUsageStore.getOwner(JdbcUsageStore.java:239)
	at peergos.server.space.JdbcUsageStore.getUsage(JdbcUsageStore.java:268)
	at peergos.server.space.SpaceCheckingKeyFilter.prepareMutablePointerChange(SpaceCheckingKeyFilter.java:214)
	at peergos.server.space.SpaceCheckingKeyFilter.accept(SpaceCheckingKeyFilter.java:182)
	at peergos.server.mutable.MutableEventPropagator.lambda$setPointer$0(MutableEventPropagator.java:30)
	at java.base/java.util.concurrent.CompletableFuture.uniApplyNow(CompletableFuture.java:680)
	at java.base/java.util.concurrent.CompletableFuture.uniApplyStage(CompletableFuture.java:658)
	at java.base/java.util.concurrent.CompletableFuture.thenApply(CompletableFuture.java:2158)
	at peergos.server.mutable.MutableEventPropagator.setPointer(MutableEventPropagator.java:26)
	at peergos.server.mutable.PinningMutablePointers.lambda$setPointer$2(PinningMutablePointers.java:52)
	at java.base/java.util.concurrent.CompletableFuture.uniComposeStage(CompletableFuture.java:1183)
	at java.base/java.util.concurrent.CompletableFuture.thenCompose(CompletableFuture.java:2299)
	at peergos.server.mutable.PinningMutablePointers.lambda$setPointer$3(PinningMutablePointers.java:41)
	at java.base/java.util.concurrent.CompletableFuture.uniComposeStage(CompletableFuture.java:1183)
	at java.base/java.util.concurrent.CompletableFuture.thenCompose(CompletableFuture.java:2299)
	at peergos.server.mutable.PinningMutablePointers.setPointer(PinningMutablePointers.java:33)
	at peergos.server.mutable.BlockingMutablePointers.setPointer(BlockingMutablePointers.java:21)
	at peergos.shared.mutable.ProxyingMutablePointers.lambda$setPointer$0(ProxyingMutablePointers.java:30)
	at peergos.shared.corenode.Proxy.lambda$redirectCall$0(Proxy.java:26)
	at java.base/java.util.concurrent.CompletableFuture.uniComposeStage(CompletableFuture.java:1183)
	at java.base/java.util.concurrent.CompletableFuture.thenCompose(CompletableFuture.java:2299)
	at peergos.shared.corenode.Proxy.lambda$redirectCall$1(Proxy.java:19)
	at java.base/java.util.concurrent.CompletableFuture.uniComposeStage(CompletableFuture.java:1183)
	at java.base/java.util.concurrent.CompletableFuture.thenCompose(CompletableFuture.java:2299)
	at peergos.shared.corenode.Proxy.redirectCall(Proxy.java:18)
	at peergos.shared.mutable.ProxyingMutablePointers.setPointer(ProxyingMutablePointers.java:27)
	at peergos.server.net.MutationHandler.handle(MutationHandler.java:60)
	at jdk.httpserver/com.sun.net.httpserver.Filter$Chain.doFilter(Filter.java:77)
	at jdk.httpserver/sun.net.httpserver.AuthFilter.doFilter(AuthFilter.java:82)
	at jdk.httpserver/com.sun.net.httpserver.Filter$Chain.doFilter(Filter.java:80)
	at jdk.httpserver/sun.net.httpserver.ServerImpl$Exchange$LinkHandler.handle(ServerImpl.java:692)
	at jdk.httpserver/com.sun.net.httpserver.Filter$Chain.doFilter(Filter.java:77)
	at jdk.httpserver/sun.net.httpserver.ServerImpl$Exchange.run(ServerImpl.java:664)
	at java.base/java.util.concurrent.ThreadPoolExecutor.runWorker(ThreadPoolExecutor.java:1130)
	at java.base/java.util.concurrent.ThreadPoolExecutor$Worker.run(ThreadPoolExecutor.java:630)
	at java.base/java.lang.Thread.run(Thread.java:832)
java.lang.IllegalStateException: Writer not present on this server: z59vuwzfFDopjWWSnfNYtsjdd4WKBoRsgzsn91iLTQpB4usBLg4KiFt
	at peergos.server.space.JdbcUsageStore.getWriterId(JdbcUsageStore.java:179)
	at peergos.server.space.JdbcUsageStore.getOwner(JdbcUsageStore.java:239)
	at peergos.server.space.JdbcUsageStore.getUsage(JdbcUsageStore.java:268)
	at peergos.server.space.SpaceCheckingKeyFilter.prepareMutablePointerChange(SpaceCheckingKeyFilter.java:214)
	at peergos.server.space.SpaceCheckingKeyFilter.accept(SpaceCheckingKeyFilter.java:182)
	at peergos.server.mutable.MutableEventPropagator.lambda$setPointer$0(MutableEventPropagator.java:30)
	at java.base/java.util.concurrent.CompletableFuture.uniApplyNow(CompletableFuture.java:680)
	at java.base/java.util.concurrent.CompletableFuture.uniApplyStage(CompletableFuture.java:658)
	at java.base/java.util.concurrent.CompletableFuture.thenApply(CompletableFuture.java:2158)
	at peergos.server.mutable.MutableEventPropagator.setPointer(MutableEventPropagator.java:26)
	at peergos.server.mutable.PinningMutablePointers.lambda$setPointer$2(PinningMutablePointers.java:52)
	at java.base/java.util.concurrent.CompletableFuture.uniComposeStage(CompletableFuture.java:1183)
	at java.base/java.util.concurrent.CompletableFuture.thenCompose(CompletableFuture.java:2299)
	at peergos.server.mutable.PinningMutablePointers.lambda$setPointer$3(PinningMutablePointers.java:41)
	at java.base/java.util.concurrent.CompletableFuture.uniComposeStage(CompletableFuture.java:1183)
	at java.base/java.util.concurrent.CompletableFuture.thenCompose(CompletableFuture.java:2299)
	at peergos.server.mutable.PinningMutablePointers.setPointer(PinningMutablePointers.java:33)
	at peergos.server.mutable.BlockingMutablePointers.setPointer(BlockingMutablePointers.java:21)
	at peergos.shared.mutable.ProxyingMutablePointers.lambda$setPointer$0(ProxyingMutablePointers.java:30)
	at peergos.shared.corenode.Proxy.lambda$redirectCall$0(Proxy.java:26)
	at java.base/java.util.concurrent.CompletableFuture.uniComposeStage(CompletableFuture.java:1183)
	at java.base/java.util.concurrent.CompletableFuture.thenCompose(CompletableFuture.java:2299)
	at peergos.shared.corenode.Proxy.lambda$redirectCall$1(Proxy.java:19)
	at java.base/java.util.concurrent.CompletableFuture.uniComposeStage(CompletableFuture.java:1183)
	at java.base/java.util.concurrent.CompletableFuture.thenCompose(CompletableFuture.java:2299)
	at peergos.shared.corenode.Proxy.redirectCall(Proxy.java:18)
	at peergos.shared.mutable.ProxyingMutablePointers.setPointer(ProxyingMutablePointers.java:27)
	at peergos.server.net.MutationHandler.handle(MutationHandler.java:60)
	at jdk.httpserver/com.sun.net.httpserver.Filter$Chain.doFilter(Filter.java:77)
	at jdk.httpserver/sun.net.httpserver.AuthFilter.doFilter(AuthFilter.java:82)
	at jdk.httpserver/com.sun.net.httpserver.Filter$Chain.doFilter(Filter.java:80)
	at jdk.httpserver/sun.net.httpserver.ServerImpl$Exchange$LinkHandler.handle(ServerImpl.java:692)
	at jdk.httpserver/com.sun.net.httpserver.Filter$Chain.doFilter(Filter.java:77)
	at jdk.httpserver/sun.net.httpserver.ServerImpl$Exchange.run(ServerImpl.java:664)
	at java.base/java.util.concurrent.ThreadPoolExecutor.runWorker(ThreadPoolExecutor.java:1130)
	at java.base/java.util.concurrent.ThreadPoolExecutor$Worker.run(ThreadPoolExecutor.java:630)
	at java.base/java.lang.Thread.run(Thread.java:832)
java.lang.IllegalStateException: Writer not present on this server: z59vuwzfFDopjWWSnfNYtsjdd4WKBoRsgzsn91iLTQpB4usBLg4KiFt
	at peergos.server.space.JdbcUsageStore.getWriterId(JdbcUsageStore.java:179)
	at peergos.server.space.JdbcUsageStore.getOwner(JdbcUsageStore.java:239)
	at peergos.server.space.JdbcUsageStore.getUsage(JdbcUsageStore.java:268)
	at peergos.server.space.SpaceCheckingKeyFilter.prepareMutablePointerChange(SpaceCheckingKeyFilter.java:214)
	at peergos.server.space.SpaceCheckingKeyFilter.accept(SpaceCheckingKeyFilter.java:182)
	at peergos.server.mutable.MutableEventPropagator.lambda$setPointer$0(MutableEventPropagator.java:30)
	at java.base/java.util.concurrent.CompletableFuture.uniApplyNow(CompletableFuture.java:680)
	at java.base/java.util.concurrent.CompletableFuture.uniApplyStage(CompletableFuture.java:658)
	at java.base/java.util.concurrent.CompletableFuture.thenApply(CompletableFuture.java:2158)
	at peergos.server.mutable.MutableEventPropagator.setPointer(MutableEventPropagator.java:26)
	at peergos.server.mutable.PinningMutablePointers.lambda$setPointer$2(PinningMutablePointers.java:52)
	at java.base/java.util.concurrent.CompletableFuture.uniComposeStage(CompletableFuture.java:1183)
	at java.base/java.util.concurrent.CompletableFuture.thenCompose(CompletableFuture.java:2299)
	at peergos.server.mutable.PinningMutablePointers.lambda$setPointer$3(PinningMutablePointers.java:41)
	at java.base/java.util.concurrent.CompletableFuture.uniComposeStage(CompletableFuture.java:1183)
	at java.base/java.util.concurrent.CompletableFuture.thenCompose(CompletableFuture.java:2299)
	at peergos.server.mutable.PinningMutablePointers.setPointer(PinningMutablePointers.java:33)
	at peergos.server.mutable.BlockingMutablePointers.setPointer(BlockingMutablePointers.java:21)
	at peergos.shared.mutable.ProxyingMutablePointers.lambda$setPointer$0(ProxyingMutablePointers.java:30)
	at peergos.shared.corenode.Proxy.lambda$redirectCall$0(Proxy.java:26)
	at java.base/java.util.concurrent.CompletableFuture.uniComposeStage(CompletableFuture.java:1183)
	at java.base/java.util.concurrent.CompletableFuture.thenCompose(CompletableFuture.java:2299)
	at peergos.shared.corenode.Proxy.lambda$redirectCall$1(Proxy.java:19)
	at java.base/java.util.concurrent.CompletableFuture.uniComposeStage(CompletableFuture.java:1183)
	at java.base/java.util.concurrent.CompletableFuture.thenCompose(CompletableFuture.java:2299)
	at peergos.shared.corenode.Proxy.redirectCall(Proxy.java:18)
	at peergos.shared.mutable.ProxyingMutablePointers.setPointer(ProxyingMutablePointers.java:27)
	at peergos.server.net.MutationHandler.handle(MutationHandler.java:60)
	at jdk.httpserver/com.sun.net.httpserver.Filter$Chain.doFilter(Filter.java:77)
	at jdk.httpserver/sun.net.httpserver.AuthFilter.doFilter(AuthFilter.java:82)
	at jdk.httpserver/com.sun.net.httpserver.Filter$Chain.doFilter(Filter.java:80)
	at jdk.httpserver/sun.net.httpserver.ServerImpl$Exchange$LinkHandler.handle(ServerImpl.java:692)
	at jdk.httpserver/com.sun.net.httpserver.Filter$Chain.doFilter(Filter.java:77)
	at jdk.httpserver/sun.net.httpserver.ServerImpl$Exchange.run(ServerImpl.java:664)
	at java.base/java.util.concurrent.ThreadPoolExecutor.runWorker(ThreadPoolExecutor.java:1130)
	at java.base/java.util.concurrent.ThreadPoolExecutor$Worker.run(ThreadPoolExecutor.java:630)
	at java.base/java.lang.Thread.run(Thread.java:832)
java.lang.IllegalStateException: Writer not present on this server: z59vuwzfFDp3BMiEraVquqEHMDGBgLz1gTu9fhaR4vBMP3juagkPQwB
	at peergos.server.space.JdbcUsageStore.getWriterId(JdbcUsageStore.java:179)
	at peergos.server.space.JdbcUsageStore.getOwner(JdbcUsageStore.java:239)
	at peergos.server.space.JdbcUsageStore.getUsage(JdbcUsageStore.java:268)
	at peergos.server.space.SpaceCheckingKeyFilter.prepareMutablePointerChange(SpaceCheckingKeyFilter.java:214)
	at peergos.server.space.SpaceCheckingKeyFilter.accept(SpaceCheckingKeyFilter.java:182)
	at peergos.server.mutable.MutableEventPropagator.lambda$setPointer$0(MutableEventPropagator.java:30)
	at java.base/java.util.concurrent.CompletableFuture.uniApplyNow(CompletableFuture.java:680)
	at java.base/java.util.concurrent.CompletableFuture.uniApplyStage(CompletableFuture.java:658)
	at java.base/java.util.concurrent.CompletableFuture.thenApply(CompletableFuture.java:2158)
	at peergos.server.mutable.MutableEventPropagator.setPointer(MutableEventPropagator.java:26)
	at peergos.server.mutable.PinningMutablePointers.lambda$setPointer$2(PinningMutablePointers.java:52)
	at java.base/java.util.concurrent.CompletableFuture.uniComposeStage(CompletableFuture.java:1183)
	at java.base/java.util.concurrent.CompletableFuture.thenCompose(CompletableFuture.java:2299)
	at peergos.server.mutable.PinningMutablePointers.lambda$setPointer$3(PinningMutablePointers.java:41)
	at java.base/java.util.concurrent.CompletableFuture.uniComposeStage(CompletableFuture.java:1183)
	at java.base/java.util.concurrent.CompletableFuture.thenCompose(CompletableFuture.java:2299)
	at peergos.server.mutable.PinningMutablePointers.setPointer(PinningMutablePointers.java:33)
	at peergos.server.mutable.BlockingMutablePointers.setPointer(BlockingMutablePointers.java:21)
	at peergos.shared.mutable.ProxyingMutablePointers.lambda$setPointer$0(ProxyingMutablePointers.java:30)
	at peergos.shared.corenode.Proxy.lambda$redirectCall$0(Proxy.java:26)
	at java.base/java.util.concurrent.CompletableFuture.uniComposeStage(CompletableFuture.java:1183)
	at java.base/java.util.concurrent.CompletableFuture.thenCompose(CompletableFuture.java:2299)
	at peergos.shared.corenode.Proxy.lambda$redirectCall$1(Proxy.java:19)
	at java.base/java.util.concurrent.CompletableFuture.uniComposeStage(CompletableFuture.java:1183)
	at java.base/java.util.concurrent.CompletableFuture.thenCompose(CompletableFuture.java:2299)
	at peergos.shared.corenode.Proxy.redirectCall(Proxy.java:18)
	at peergos.shared.mutable.ProxyingMutablePointers.setPointer(ProxyingMutablePointers.java:27)
	at peergos.server.net.MutationHandler.handle(MutationHandler.java:60)
	at jdk.httpserver/com.sun.net.httpserver.Filter$Chain.doFilter(Filter.java:77)
	at jdk.httpserver/sun.net.httpserver.AuthFilter.doFilter(AuthFilter.java:82)
	at jdk.httpserver/com.sun.net.httpserver.Filter$Chain.doFilter(Filter.java:80)
	at jdk.httpserver/sun.net.httpserver.ServerImpl$Exchange$LinkHandler.handle(ServerImpl.java:692)
	at jdk.httpserver/com.sun.net.httpserver.Filter$Chain.doFilter(Filter.java:77)
	at jdk.httpserver/sun.net.httpserver.ServerImpl$Exchange.run(ServerImpl.java:664)
	at java.base/java.util.concurrent.ThreadPoolExecutor.runWorker(ThreadPoolExecutor.java:1130)
	at java.base/java.util.concurrent.ThreadPoolExecutor$Worker.run(ThreadPoolExecutor.java:630)
	at java.base/java.lang.Thread.run(Thread.java:832)
java.lang.IllegalStateException: Writer not present on this server: z59vuwzfFDp3BMiEraVquqEHMDGBgLz1gTu9fhaR4vBMP3juagkPQwB
	at peergos.server.space.JdbcUsageStore.getWriterId(JdbcUsageStore.java:179)
	at peergos.server.space.JdbcUsageStore.getOwner(JdbcUsageStore.java:239)
	at peergos.server.space.JdbcUsageStore.getUsage(JdbcUsageStore.java:268)
	at peergos.server.space.SpaceCheckingKeyFilter.prepareMutablePointerChange(SpaceCheckingKeyFilter.java:214)
	at peergos.server.space.SpaceCheckingKeyFilter.accept(SpaceCheckingKeyFilter.java:182)
	at peergos.server.mutable.MutableEventPropagator.lambda$setPointer$0(MutableEventPropagator.java:30)
	at java.base/java.util.concurrent.CompletableFuture.uniApplyNow(CompletableFuture.java:680)
	at java.base/java.util.concurrent.CompletableFuture.uniApplyStage(CompletableFuture.java:658)
	at java.base/java.util.concurrent.CompletableFuture.thenApply(CompletableFuture.java:2158)
	at peergos.server.mutable.MutableEventPropagator.setPointer(MutableEventPropagator.java:26)
	at peergos.server.mutable.PinningMutablePointers.lambda$setPointer$2(PinningMutablePointers.java:52)
	at java.base/java.util.concurrent.CompletableFuture.uniComposeStage(CompletableFuture.java:1183)
	at java.base/java.util.concurrent.CompletableFuture.thenCompose(CompletableFuture.java:2299)
	at peergos.server.mutable.PinningMutablePointers.lambda$setPointer$3(PinningMutablePointers.java:41)
	at java.base/java.util.concurrent.CompletableFuture.uniComposeStage(CompletableFuture.java:1183)
	at java.base/java.util.concurrent.CompletableFuture.thenCompose(CompletableFuture.java:2299)
	at peergos.server.mutable.PinningMutablePointers.setPointer(PinningMutablePointers.java:33)
	at peergos.server.mutable.BlockingMutablePointers.setPointer(BlockingMutablePointers.java:21)
	at peergos.shared.mutable.ProxyingMutablePointers.lambda$setPointer$0(ProxyingMutablePointers.java:30)
	at peergos.shared.corenode.Proxy.lambda$redirectCall$0(Proxy.java:26)
	at java.base/java.util.concurrent.CompletableFuture.uniComposeStage(CompletableFuture.java:1183)
	at java.base/java.util.concurrent.CompletableFuture.thenCompose(CompletableFuture.java:2299)
	at peergos.shared.corenode.Proxy.lambda$redirectCall$1(Proxy.java:19)
	at java.base/java.util.concurrent.CompletableFuture.uniComposeStage(CompletableFuture.java:1183)
	at java.base/java.util.concurrent.CompletableFuture.thenCompose(CompletableFuture.java:2299)
	at peergos.shared.corenode.Proxy.redirectCall(Proxy.java:18)
	at peergos.shared.mutable.ProxyingMutablePointers.setPointer(ProxyingMutablePointers.java:27)
	at peergos.server.net.MutationHandler.handle(MutationHandler.java:60)
	at jdk.httpserver/com.sun.net.httpserver.Filter$Chain.doFilter(Filter.java:77)
	at jdk.httpserver/sun.net.httpserver.AuthFilter.doFilter(AuthFilter.java:82)
	at jdk.httpserver/com.sun.net.httpserver.Filter$Chain.doFilter(Filter.java:80)
	at jdk.httpserver/sun.net.httpserver.ServerImpl$Exchange$LinkHandler.handle(ServerImpl.java:692)
	at jdk.httpserver/com.sun.net.httpserver.Filter$Chain.doFilter(Filter.java:77)
	at jdk.httpserver/sun.net.httpserver.ServerImpl$Exchange.run(ServerImpl.java:664)
	at java.base/java.util.concurrent.ThreadPoolExecutor.runWorker(ThreadPoolExecutor.java:1130)
	at java.base/java.util.concurrent.ThreadPoolExecutor$Worker.run(ThreadPoolExecutor.java:630)
	at java.base/java.lang.Thread.run(Thread.java:832)
java.lang.IllegalStateException: Writer not present on this server: z59vuwzfFDopjWWSnfNYtsjdd4WKBoRsgzsn91iLTQpB4usBLg4KiFt
	at peergos.server.space.JdbcUsageStore.getWriterId(JdbcUsageStore.java:179)
	at peergos.server.space.JdbcUsageStore.getOwner(JdbcUsageStore.java:239)
	at peergos.server.space.JdbcUsageStore.getUsage(JdbcUsageStore.java:268)
	at peergos.server.space.SpaceCheckingKeyFilter.prepareMutablePointerChange(SpaceCheckingKeyFilter.java:214)
	at peergos.server.space.SpaceCheckingKeyFilter.accept(SpaceCheckingKeyFilter.java:182)
	at peergos.server.mutable.MutableEventPropagator.lambda$setPointer$0(MutableEventPropagator.java:30)
	at java.base/java.util.concurrent.CompletableFuture.uniApplyNow(CompletableFuture.java:680)
	at java.base/java.util.concurrent.CompletableFuture.uniApplyStage(CompletableFuture.java:658)
	at java.base/java.util.concurrent.CompletableFuture.thenApply(CompletableFuture.java:2158)
	at peergos.server.mutable.MutableEventPropagator.setPointer(MutableEventPropagator.java:26)
	at peergos.server.mutable.PinningMutablePointers.lambda$setPointer$2(PinningMutablePointers.java:52)
	at java.base/java.util.concurrent.CompletableFuture.uniComposeStage(CompletableFuture.java:1183)
	at java.base/java.util.concurrent.CompletableFuture.thenCompose(CompletableFuture.java:2299)
	at peergos.server.mutable.PinningMutablePointers.lambda$setPointer$3(PinningMutablePointers.java:41)
	at java.base/java.util.concurrent.CompletableFuture.uniComposeStage(CompletableFuture.java:1183)
	at java.base/java.util.concurrent.CompletableFuture.thenCompose(CompletableFuture.java:2299)
	at peergos.server.mutable.PinningMutablePointers.setPointer(PinningMutablePointers.java:33)
	at peergos.server.mutable.BlockingMutablePointers.setPointer(BlockingMutablePointers.java:21)
	at peergos.shared.mutable.ProxyingMutablePointers.lambda$setPointer$0(ProxyingMutablePointers.java:30)
	at peergos.shared.corenode.Proxy.lambda$redirectCall$0(Proxy.java:26)
	at java.base/java.util.concurrent.CompletableFuture.uniComposeStage(CompletableFuture.java:1183)
	at java.base/java.util.concurrent.CompletableFuture.thenCompose(CompletableFuture.java:2299)
	at peergos.shared.corenode.Proxy.lambda$redirectCall$1(Proxy.java:19)
	at java.base/java.util.concurrent.CompletableFuture.uniComposeStage(CompletableFuture.java:1183)
	at java.base/java.util.concurrent.CompletableFuture.thenCompose(CompletableFuture.java:2299)
	at peergos.shared.corenode.Proxy.redirectCall(Proxy.java:18)
	at peergos.shared.mutable.ProxyingMutablePointers.setPointer(ProxyingMutablePointers.java:27)
	at peergos.server.net.MutationHandler.handle(MutationHandler.java:60)
	at jdk.httpserver/com.sun.net.httpserver.Filter$Chain.doFilter(Filter.java:77)
	at jdk.httpserver/sun.net.httpserver.AuthFilter.doFilter(AuthFilter.java:82)
	at jdk.httpserver/com.sun.net.httpserver.Filter$Chain.doFilter(Filter.java:80)
	at jdk.httpserver/sun.net.httpserver.ServerImpl$Exchange$LinkHandler.handle(ServerImpl.java:692)
	at jdk.httpserver/com.sun.net.httpserver.Filter$Chain.doFilter(Filter.java:77)
	at jdk.httpserver/sun.net.httpserver.ServerImpl$Exchange.run(ServerImpl.java:664)
	at java.base/java.util.concurrent.ThreadPoolExecutor.runWorker(ThreadPoolExecutor.java:1130)
	at java.base/java.util.concurrent.ThreadPoolExecutor$Worker.run(ThreadPoolExecutor.java:630)
	at java.base/java.lang.Thread.run(Thread.java:832)
java.lang.IllegalStateException: Writer not present on this server: z59vuwzfFDp3BMiEraVquqEHMDGBgLz1gTu9fhaR4vBMP3juagkPQwB
	at peergos.server.space.JdbcUsageStore.getWriterId(JdbcUsageStore.java:179)
	at peergos.server.space.JdbcUsageStore.getOwner(JdbcUsageStore.java:239)
	at peergos.server.space.JdbcUsageStore.getUsage(JdbcUsageStore.java:268)
	at peergos.server.space.SpaceCheckingKeyFilter.prepareMutablePointerChange(SpaceCheckingKeyFilter.java:214)
	at peergos.server.space.SpaceCheckingKeyFilter.accept(SpaceCheckingKeyFilter.java:182)
	at peergos.server.mutable.MutableEventPropagator.lambda$setPointer$0(MutableEventPropagator.java:30)
	at java.base/java.util.concurrent.CompletableFuture.uniApplyNow(CompletableFuture.java:680)
	at java.base/java.util.concurrent.CompletableFuture.uniApplyStage(CompletableFuture.java:658)
	at java.base/java.util.concurrent.CompletableFuture.thenApply(CompletableFuture.java:2158)
	at peergos.server.mutable.MutableEventPropagator.setPointer(MutableEventPropagator.java:26)
	at peergos.server.mutable.PinningMutablePointers.lambda$setPointer$2(PinningMutablePointers.java:52)
	at java.base/java.util.concurrent.CompletableFuture.uniComposeStage(CompletableFuture.java:1183)
	at java.base/java.util.concurrent.CompletableFuture.thenCompose(CompletableFuture.java:2299)
	at peergos.server.mutable.PinningMutablePointers.lambda$setPointer$3(PinningMutablePointers.java:41)
	at java.base/java.util.concurrent.CompletableFuture.uniComposeStage(CompletableFuture.java:1183)
	at java.base/java.util.concurrent.CompletableFuture.thenCompose(CompletableFuture.java:2299)
	at peergos.server.mutable.PinningMutablePointers.setPointer(PinningMutablePointers.java:33)
	at peergos.server.mutable.BlockingMutablePointers.setPointer(BlockingMutablePointers.java:21)
	at peergos.shared.mutable.ProxyingMutablePointers.lambda$setPointer$0(ProxyingMutablePointers.java:30)
	at peergos.shared.corenode.Proxy.lambda$redirectCall$0(Proxy.java:26)
	at java.base/java.util.concurrent.CompletableFuture.uniComposeStage(CompletableFuture.java:1183)
	at java.base/java.util.concurrent.CompletableFuture.thenCompose(CompletableFuture.java:2299)
	at peergos.shared.corenode.Proxy.lambda$redirectCall$1(Proxy.java:19)
	at java.base/java.util.concurrent.CompletableFuture.uniComposeStage(CompletableFuture.java:1183)
	at java.base/java.util.concurrent.CompletableFuture.thenCompose(CompletableFuture.java:2299)
	at peergos.shared.corenode.Proxy.redirectCall(Proxy.java:18)
	at peergos.shared.mutable.ProxyingMutablePointers.setPointer(ProxyingMutablePointers.java:27)
	at peergos.server.net.MutationHandler.handle(MutationHandler.java:60)
	at jdk.httpserver/com.sun.net.httpserver.Filter$Chain.doFilter(Filter.java:77)
	at jdk.httpserver/sun.net.httpserver.AuthFilter.doFilter(AuthFilter.java:82)
	at jdk.httpserver/com.sun.net.httpserver.Filter$Chain.doFilter(Filter.java:80)
	at jdk.httpserver/sun.net.httpserver.ServerImpl$Exchange$LinkHandler.handle(ServerImpl.java:692)
	at jdk.httpserver/com.sun.net.httpserver.Filter$Chain.doFilter(Filter.java:77)
	at jdk.httpserver/sun.net.httpserver.ServerImpl$Exchange.run(ServerImpl.java:664)
	at java.base/java.util.concurrent.ThreadPoolExecutor.runWorker(ThreadPoolExecutor.java:1130)
	at java.base/java.util.concurrent.ThreadPoolExecutor$Worker.run(ThreadPoolExecutor.java:630)
	at java.base/java.lang.Thread.run(Thread.java:832)
java.lang.IllegalStateException: Writer not present on this server: z59vuwzfFDp3BMiEraVquqEHMDGBgLz1gTu9fhaR4vBMP3juagkPQwB
	at peergos.server.space.JdbcUsageStore.getWriterId(JdbcUsageStore.java:179)
	at peergos.server.space.JdbcUsageStore.getOwner(JdbcUsageStore.java:239)
	at peergos.server.space.JdbcUsageStore.getUsage(JdbcUsageStore.java:268)
	at peergos.server.space.SpaceCheckingKeyFilter.prepareMutablePointerChange(SpaceCheckingKeyFilter.java:214)
	at peergos.server.space.SpaceCheckingKeyFilter.accept(SpaceCheckingKeyFilter.java:182)
	at peergos.server.mutable.MutableEventPropagator.lambda$setPointer$0(MutableEventPropagator.java:30)
	at java.base/java.util.concurrent.CompletableFuture.uniApplyNow(CompletableFuture.java:680)
	at java.base/java.util.concurrent.CompletableFuture.uniApplyStage(CompletableFuture.java:658)
	at java.base/java.util.concurrent.CompletableFuture.thenApply(CompletableFuture.java:2158)
	at peergos.server.mutable.MutableEventPropagator.setPointer(MutableEventPropagator.java:26)
	at peergos.server.mutable.PinningMutablePointers.lambda$setPointer$2(PinningMutablePointers.java:52)
	at java.base/java.util.concurrent.CompletableFuture.uniComposeStage(CompletableFuture.java:1183)
	at java.base/java.util.concurrent.CompletableFuture.thenCompose(CompletableFuture.java:2299)
	at peergos.server.mutable.PinningMutablePointers.lambda$setPointer$3(PinningMutablePointers.java:41)
	at java.base/java.util.concurrent.CompletableFuture.uniComposeStage(CompletableFuture.java:1183)
	at java.base/java.util.concurrent.CompletableFuture.thenCompose(CompletableFuture.java:2299)
	at peergos.server.mutable.PinningMutablePointers.setPointer(PinningMutablePointers.java:33)
	at peergos.server.mutable.BlockingMutablePointers.setPointer(BlockingMutablePointers.java:21)
	at peergos.shared.mutable.ProxyingMutablePointers.lambda$setPointer$0(ProxyingMutablePointers.java:30)
	at peergos.shared.corenode.Proxy.lambda$redirectCall$0(Proxy.java:26)
	at java.base/java.util.concurrent.CompletableFuture.uniComposeStage(CompletableFuture.java:1183)
	at java.base/java.util.concurrent.CompletableFuture.thenCompose(CompletableFuture.java:2299)
	at peergos.shared.corenode.Proxy.lambda$redirectCall$1(Proxy.java:19)
	at java.base/java.util.concurrent.CompletableFuture.uniComposeStage(CompletableFuture.java:1183)
	at java.base/java.util.concurrent.CompletableFuture.thenCompose(CompletableFuture.java:2299)
	at peergos.shared.corenode.Proxy.redirectCall(Proxy.java:18)
	at peergos.shared.mutable.ProxyingMutablePointers.setPointer(ProxyingMutablePointers.java:27)
	at peergos.server.net.MutationHandler.handle(MutationHandler.java:60)
	at jdk.httpserver/com.sun.net.httpserver.Filter$Chain.doFilter(Filter.java:77)
	at jdk.httpserver/sun.net.httpserver.AuthFilter.doFilter(AuthFilter.java:82)
	at jdk.httpserver/com.sun.net.httpserver.Filter$Chain.doFilter(Filter.java:80)
	at jdk.httpserver/sun.net.httpserver.ServerImpl$Exchange$LinkHandler.handle(ServerImpl.java:692)
	at jdk.httpserver/com.sun.net.httpserver.Filter$Chain.doFilter(Filter.java:77)
	at jdk.httpserver/sun.net.httpserver.ServerImpl$Exchange.run(ServerImpl.java:664)
	at java.base/java.util.concurrent.ThreadPoolExecutor.runWorker(ThreadPoolExecutor.java:1130)
	at java.base/java.util.concurrent.ThreadPoolExecutor$Worker.run(ThreadPoolExecutor.java:630)
	at java.base/java.lang.Thread.run(Thread.java:832)
java.lang.IllegalStateException: Writer not present on this server: z59vuwzfFDp3BMiEraVquqEHMDGBgLz1gTu9fhaR4vBMP3juagkPQwB
	at peergos.server.space.JdbcUsageStore.getWriterId(JdbcUsageStore.java:179)
	at peergos.server.space.JdbcUsageStore.getOwner(JdbcUsageStore.java:239)
	at peergos.server.space.JdbcUsageStore.getUsage(JdbcUsageStore.java:268)
	at peergos.server.space.SpaceCheckingKeyFilter.prepareMutablePointerChange(SpaceCheckingKeyFilter.java:214)
	at peergos.server.space.SpaceCheckingKeyFilter.accept(SpaceCheckingKeyFilter.java:182)
	at peergos.server.mutable.MutableEventPropagator.lambda$setPointer$0(MutableEventPropagator.java:30)
	at java.base/java.util.concurrent.CompletableFuture.uniApplyNow(CompletableFuture.java:680)
	at java.base/java.util.concurrent.CompletableFuture.uniApplyStage(CompletableFuture.java:658)
	at java.base/java.util.concurrent.CompletableFuture.thenApply(CompletableFuture.java:2158)
	at peergos.server.mutable.MutableEventPropagator.setPointer(MutableEventPropagator.java:26)
	at peergos.server.mutable.PinningMutablePointers.lambda$setPointer$2(PinningMutablePointers.java:52)
	at java.base/java.util.concurrent.CompletableFuture.uniComposeStage(CompletableFuture.java:1183)
	at java.base/java.util.concurrent.CompletableFuture.thenCompose(CompletableFuture.java:2299)
	at peergos.server.mutable.PinningMutablePointers.lambda$setPointer$3(PinningMutablePointers.java:41)
	at java.base/java.util.concurrent.CompletableFuture.uniComposeStage(CompletableFuture.java:1183)
	at java.base/java.util.concurrent.CompletableFuture.thenCompose(CompletableFuture.java:2299)
	at peergos.server.mutable.PinningMutablePointers.setPointer(PinningMutablePointers.java:33)
	at peergos.server.mutable.BlockingMutablePointers.setPointer(BlockingMutablePointers.java:21)
	at peergos.shared.mutable.ProxyingMutablePointers.lambda$setPointer$0(ProxyingMutablePointers.java:30)
	at peergos.shared.corenode.Proxy.lambda$redirectCall$0(Proxy.java:26)
	at java.base/java.util.concurrent.CompletableFuture.uniComposeStage(CompletableFuture.java:1183)
	at java.base/java.util.concurrent.CompletableFuture.thenCompose(CompletableFuture.java:2299)
	at peergos.shared.corenode.Proxy.lambda$redirectCall$1(Proxy.java:19)
	at java.base/java.util.concurrent.CompletableFuture.uniComposeStage(CompletableFuture.java:1183)
	at java.base/java.util.concurrent.CompletableFuture.thenCompose(CompletableFuture.java:2299)
	at peergos.shared.corenode.Proxy.redirectCall(Proxy.java:18)
	at peergos.shared.mutable.ProxyingMutablePointers.setPointer(ProxyingMutablePointers.java:27)
	at peergos.server.net.MutationHandler.handle(MutationHandler.java:60)
	at jdk.httpserver/com.sun.net.httpserver.Filter$Chain.doFilter(Filter.java:77)
	at jdk.httpserver/sun.net.httpserver.AuthFilter.doFilter(AuthFilter.java:82)
	at jdk.httpserver/com.sun.net.httpserver.Filter$Chain.doFilter(Filter.java:80)
	at jdk.httpserver/sun.net.httpserver.ServerImpl$Exchange$LinkHandler.handle(ServerImpl.java:692)
	at jdk.httpserver/com.sun.net.httpserver.Filter$Chain.doFilter(Filter.java:77)
	at jdk.httpserver/sun.net.httpserver.ServerImpl$Exchange.run(ServerImpl.java:664)
	at java.base/java.util.concurrent.ThreadPoolExecutor.runWorker(ThreadPoolExecutor.java:1130)
	at java.base/java.util.concurrent.ThreadPoolExecutor$Worker.run(ThreadPoolExecutor.java:630)
	at java.base/java.lang.Thread.run(Thread.java:832)
java.lang.IllegalStateException: Writer not present on this server: z59vuwzfFDp3BMiEraVquqEHMDGBgLz1gTu9fhaR4vBMP3juagkPQwB
	at peergos.server.space.JdbcUsageStore.getWriterId(JdbcUsageStore.java:179)
	at peergos.server.space.JdbcUsageStore.getOwner(JdbcUsageStore.java:239)
	at peergos.server.space.JdbcUsageStore.getUsage(JdbcUsageStore.java:268)
	at peergos.server.space.SpaceCheckingKeyFilter.prepareMutablePointerChange(SpaceCheckingKeyFilter.java:214)
	at peergos.server.space.SpaceCheckingKeyFilter.accept(SpaceCheckingKeyFilter.java:182)
	at peergos.server.mutable.MutableEventPropagator.lambda$setPointer$0(MutableEventPropagator.java:30)
	at java.base/java.util.concurrent.CompletableFuture.uniApplyNow(CompletableFuture.java:680)
	at java.base/java.util.concurrent.CompletableFuture.uniApplyStage(CompletableFuture.java:658)
	at java.base/java.util.concurrent.CompletableFuture.thenApply(CompletableFuture.java:2158)
	at peergos.server.mutable.MutableEventPropagator.setPointer(MutableEventPropagator.java:26)
	at peergos.server.mutable.PinningMutablePointers.lambda$setPointer$2(PinningMutablePointers.java:52)
	at java.base/java.util.concurrent.CompletableFuture.uniComposeStage(CompletableFuture.java:1183)
	at java.base/java.util.concurrent.CompletableFuture.thenCompose(CompletableFuture.java:2299)
	at peergos.server.mutable.PinningMutablePointers.lambda$setPointer$3(PinningMutablePointers.java:41)
	at java.base/java.util.concurrent.CompletableFuture.uniComposeStage(CompletableFuture.java:1183)
	at java.base/java.util.concurrent.CompletableFuture.thenCompose(CompletableFuture.java:2299)
	at peergos.server.mutable.PinningMutablePointers.setPointer(PinningMutablePointers.java:33)
	at peergos.server.mutable.BlockingMutablePointers.setPointer(BlockingMutablePointers.java:21)
	at peergos.shared.mutable.ProxyingMutablePointers.lambda$setPointer$0(ProxyingMutablePointers.java:30)
	at peergos.shared.corenode.Proxy.lambda$redirectCall$0(Proxy.java:26)
	at java.base/java.util.concurrent.CompletableFuture.uniComposeStage(CompletableFuture.java:1183)
	at java.base/java.util.concurrent.CompletableFuture.thenCompose(CompletableFuture.java:2299)
	at peergos.shared.corenode.Proxy.lambda$redirectCall$1(Proxy.java:19)
	at java.base/java.util.concurrent.CompletableFuture.uniComposeStage(CompletableFuture.java:1183)
	at java.base/java.util.concurrent.CompletableFuture.thenCompose(CompletableFuture.java:2299)
	at peergos.shared.corenode.Proxy.redirectCall(Proxy.java:18)
	at peergos.shared.mutable.ProxyingMutablePointers.setPointer(ProxyingMutablePointers.java:27)
	at peergos.server.net.MutationHandler.handle(MutationHandler.java:60)
	at jdk.httpserver/com.sun.net.httpserver.Filter$Chain.doFilter(Filter.java:77)
	at jdk.httpserver/sun.net.httpserver.AuthFilter.doFilter(AuthFilter.java:82)
	at jdk.httpserver/com.sun.net.httpserver.Filter$Chain.doFilter(Filter.java:80)
	at jdk.httpserver/sun.net.httpserver.ServerImpl$Exchange$LinkHandler.handle(ServerImpl.java:692)
	at jdk.httpserver/com.sun.net.httpserver.Filter$Chain.doFilter(Filter.java:77)
	at jdk.httpserver/sun.net.httpserver.ServerImpl$Exchange.run(ServerImpl.java:664)
	at java.base/java.util.concurrent.ThreadPoolExecutor.runWorker(ThreadPoolExecutor.java:1130)
	at java.base/java.util.concurrent.ThreadPoolExecutor$Worker.run(ThreadPoolExecutor.java:630)
	at java.base/java.lang.Thread.run(Thread.java:832)
java.lang.IllegalStateException: Writer not present on this server: z59vuwzfFDp3BMiEraVquqEHMDGBgLz1gTu9fhaR4vBMP3juagkPQwB
	at peergos.server.space.JdbcUsageStore.getWriterId(JdbcUsageStore.java:179)
	at peergos.server.space.JdbcUsageStore.getOwner(JdbcUsageStore.java:239)
	at peergos.server.space.JdbcUsageStore.getUsage(JdbcUsageStore.java:268)
	at peergos.server.space.SpaceCheckingKeyFilter.prepareMutablePointerChange(SpaceCheckingKeyFilter.java:214)
	at peergos.server.space.SpaceCheckingKeyFilter.accept(SpaceCheckingKeyFilter.java:182)
	at peergos.server.mutable.MutableEventPropagator.lambda$setPointer$0(MutableEventPropagator.java:30)
	at java.base/java.util.concurrent.CompletableFuture.uniApplyNow(CompletableFuture.java:680)
	at java.base/java.util.concurrent.CompletableFuture.uniApplyStage(CompletableFuture.java:658)
	at java.base/java.util.concurrent.CompletableFuture.thenApply(CompletableFuture.java:2158)
	at peergos.server.mutable.MutableEventPropagator.setPointer(MutableEventPropagator.java:26)
	at peergos.server.mutable.PinningMutablePointers.lambda$setPointer$2(PinningMutablePointers.java:52)
	at java.base/java.util.concurrent.CompletableFuture.uniComposeStage(CompletableFuture.java:1183)
	at java.base/java.util.concurrent.CompletableFuture.thenCompose(CompletableFuture.java:2299)
	at peergos.server.mutable.PinningMutablePointers.lambda$setPointer$3(PinningMutablePointers.java:41)
	at java.base/java.util.concurrent.CompletableFuture.uniComposeStage(CompletableFuture.java:1183)
	at java.base/java.util.concurrent.CompletableFuture.thenCompose(CompletableFuture.java:2299)
	at peergos.server.mutable.PinningMutablePointers.setPointer(PinningMutablePointers.java:33)
	at peergos.server.mutable.BlockingMutablePointers.setPointer(BlockingMutablePointers.java:21)
	at peergos.shared.mutable.ProxyingMutablePointers.lambda$setPointer$0(ProxyingMutablePointers.java:30)
	at peergos.shared.corenode.Proxy.lambda$redirectCall$0(Proxy.java:26)
	at java.base/java.util.concurrent.CompletableFuture.uniComposeStage(CompletableFuture.java:1183)
	at java.base/java.util.concurrent.CompletableFuture.thenCompose(CompletableFuture.java:2299)
	at peergos.shared.corenode.Proxy.lambda$redirectCall$1(Proxy.java:19)
	at java.base/java.util.concurrent.CompletableFuture.uniComposeStage(CompletableFuture.java:1183)
	at java.base/java.util.concurrent.CompletableFuture.thenCompose(CompletableFuture.java:2299)
	at peergos.shared.corenode.Proxy.redirectCall(Proxy.java:18)
	at peergos.shared.mutable.ProxyingMutablePointers.setPointer(ProxyingMutablePointers.java:27)
	at peergos.server.net.MutationHandler.handle(MutationHandler.java:60)
	at jdk.httpserver/com.sun.net.httpserver.Filter$Chain.doFilter(Filter.java:77)
	at jdk.httpserver/sun.net.httpserver.AuthFilter.doFilter(AuthFilter.java:82)
	at jdk.httpserver/com.sun.net.httpserver.Filter$Chain.doFilter(Filter.java:80)
	at jdk.httpserver/sun.net.httpserver.ServerImpl$Exchange$LinkHandler.handle(ServerImpl.java:692)
	at jdk.httpserver/com.sun.net.httpserver.Filter$Chain.doFilter(Filter.java:77)
	at jdk.httpserver/sun.net.httpserver.ServerImpl$Exchange.run(ServerImpl.java:664)
	at java.base/java.util.concurrent.ThreadPoolExecutor.runWorker(ThreadPoolExecutor.java:1130)
	at java.base/java.util.concurrent.ThreadPoolExecutor$Worker.run(ThreadPoolExecutor.java:630)
	at java.base/java.lang.Thread.run(Thread.java:832)
java.lang.IllegalStateException: Writer not present on this server: z59vuwzfFDp3BMiEraVquqEHMDGBgLz1gTu9fhaR4vBMP3juagkPQwB
	at peergos.server.space.JdbcUsageStore.getWriterId(JdbcUsageStore.java:179)
	at peergos.server.space.JdbcUsageStore.getOwner(JdbcUsageStore.java:239)
	at peergos.server.space.JdbcUsageStore.getUsage(JdbcUsageStore.java:268)
	at peergos.server.space.SpaceCheckingKeyFilter.prepareMutablePointerChange(SpaceCheckingKeyFilter.java:214)
	at peergos.server.space.SpaceCheckingKeyFilter.accept(SpaceCheckingKeyFilter.java:182)
	at peergos.server.mutable.MutableEventPropagator.lambda$setPointer$0(MutableEventPropagator.java:30)
	at java.base/java.util.concurrent.CompletableFuture.uniApplyNow(CompletableFuture.java:680)
	at java.base/java.util.concurrent.CompletableFuture.uniApplyStage(CompletableFuture.java:658)
	at java.base/java.util.concurrent.CompletableFuture.thenApply(CompletableFuture.java:2158)
	at peergos.server.mutable.MutableEventPropagator.setPointer(MutableEventPropagator.java:26)
	at peergos.server.mutable.PinningMutablePointers.lambda$setPointer$2(PinningMutablePointers.java:52)
	at java.base/java.util.concurrent.CompletableFuture.uniComposeStage(CompletableFuture.java:1183)
	at java.base/java.util.concurrent.CompletableFuture.thenCompose(CompletableFuture.java:2299)
	at peergos.server.mutable.PinningMutablePointers.lambda$setPointer$3(PinningMutablePointers.java:41)
	at java.base/java.util.concurrent.CompletableFuture.uniComposeStage(CompletableFuture.java:1183)
	at java.base/java.util.concurrent.CompletableFuture.thenCompose(CompletableFuture.java:2299)
	at peergos.server.mutable.PinningMutablePointers.setPointer(PinningMutablePointers.java:33)
	at peergos.server.mutable.BlockingMutablePointers.setPointer(BlockingMutablePointers.java:21)
	at peergos.shared.mutable.ProxyingMutablePointers.lambda$setPointer$0(ProxyingMutablePointers.java:30)
	at peergos.shared.corenode.Proxy.lambda$redirectCall$0(Proxy.java:26)
	at java.base/java.util.concurrent.CompletableFuture.uniComposeStage(CompletableFuture.java:1183)
	at java.base/java.util.concurrent.CompletableFuture.thenCompose(CompletableFuture.java:2299)
	at peergos.shared.corenode.Proxy.lambda$redirectCall$1(Proxy.java:19)
	at java.base/java.util.concurrent.CompletableFuture.uniComposeStage(CompletableFuture.java:1183)
	at java.base/java.util.concurrent.CompletableFuture.thenCompose(CompletableFuture.java:2299)
	at peergos.shared.corenode.Proxy.redirectCall(Proxy.java:18)
	at peergos.shared.mutable.ProxyingMutablePointers.setPointer(ProxyingMutablePointers.java:27)
	at peergos.server.net.MutationHandler.handle(MutationHandler.java:60)
	at jdk.httpserver/com.sun.net.httpserver.Filter$Chain.doFilter(Filter.java:77)
	at jdk.httpserver/sun.net.httpserver.AuthFilter.doFilter(AuthFilter.java:82)
	at jdk.httpserver/com.sun.net.httpserver.Filter$Chain.doFilter(Filter.java:80)
	at jdk.httpserver/sun.net.httpserver.ServerImpl$Exchange$LinkHandler.handle(ServerImpl.java:692)
	at jdk.httpserver/com.sun.net.httpserver.Filter$Chain.doFilter(Filter.java:77)
	at jdk.httpserver/sun.net.httpserver.ServerImpl$Exchange.run(ServerImpl.java:664)
	at java.base/java.util.concurrent.ThreadPoolExecutor.runWorker(ThreadPoolExecutor.java:1130)
	at java.base/java.util.concurrent.ThreadPoolExecutor$Worker.run(ThreadPoolExecutor.java:630)
	at java.base/java.lang.Thread.run(Thread.java:832)
java.lang.IllegalStateException: Writer not present on this server: z59vuwzfFDowJ8aE93xEgbvNH95RVy7UvCkRL5vV8Wz1gqcnKMAhAu6
	at peergos.server.space.JdbcUsageStore.getWriterId(JdbcUsageStore.java:179)
	at peergos.server.space.JdbcUsageStore.getOwner(JdbcUsageStore.java:239)
	at peergos.server.space.JdbcUsageStore.getUsage(JdbcUsageStore.java:268)
	at peergos.server.space.SpaceCheckingKeyFilter.prepareMutablePointerChange(SpaceCheckingKeyFilter.java:214)
	at peergos.server.space.SpaceCheckingKeyFilter.accept(SpaceCheckingKeyFilter.java:182)
	at peergos.server.mutable.MutableEventPropagator.lambda$setPointer$0(MutableEventPropagator.java:30)
	at java.base/java.util.concurrent.CompletableFuture.uniApplyNow(CompletableFuture.java:680)
	at java.base/java.util.concurrent.CompletableFuture.uniApplyStage(CompletableFuture.java:658)
	at java.base/java.util.concurrent.CompletableFuture.thenApply(CompletableFuture.java:2158)
	at peergos.server.mutable.MutableEventPropagator.setPointer(MutableEventPropagator.java:26)
	at peergos.server.mutable.PinningMutablePointers.lambda$setPointer$2(PinningMutablePointers.java:52)
	at java.base/java.util.concurrent.CompletableFuture.uniComposeStage(CompletableFuture.java:1183)
	at java.base/java.util.concurrent.CompletableFuture.thenCompose(CompletableFuture.java:2299)
	at peergos.server.mutable.PinningMutablePointers.lambda$setPointer$3(PinningMutablePointers.java:41)
	at java.base/java.util.concurrent.CompletableFuture.uniComposeStage(CompletableFuture.java:1183)
	at java.base/java.util.concurrent.CompletableFuture.thenCompose(CompletableFuture.java:2299)
	at peergos.server.mutable.PinningMutablePointers.setPointer(PinningMutablePointers.java:33)
	at peergos.server.mutable.BlockingMutablePointers.setPointer(BlockingMutablePointers.java:21)
	at peergos.shared.mutable.ProxyingMutablePointers.lambda$setPointer$0(ProxyingMutablePointers.java:30)
	at peergos.shared.corenode.Proxy.lambda$redirectCall$0(Proxy.java:26)
	at java.base/java.util.concurrent.CompletableFuture.uniComposeStage(CompletableFuture.java:1183)
	at java.base/java.util.concurrent.CompletableFuture.thenCompose(CompletableFuture.java:2299)
	at peergos.shared.corenode.Proxy.lambda$redirectCall$1(Proxy.java:19)
	at java.base/java.util.concurrent.CompletableFuture.uniComposeStage(CompletableFuture.java:1183)
	at java.base/java.util.concurrent.CompletableFuture.thenCompose(CompletableFuture.java:2299)
	at peergos.shared.corenode.Proxy.redirectCall(Proxy.java:18)
	at peergos.shared.mutable.ProxyingMutablePointers.setPointer(ProxyingMutablePointers.java:27)
	at peergos.server.net.MutationHandler.handle(MutationHandler.java:60)
	at jdk.httpserver/com.sun.net.httpserver.Filter$Chain.doFilter(Filter.java:77)
	at jdk.httpserver/sun.net.httpserver.AuthFilter.doFilter(AuthFilter.java:82)
	at jdk.httpserver/com.sun.net.httpserver.Filter$Chain.doFilter(Filter.java:80)
	at jdk.httpserver/sun.net.httpserver.ServerImpl$Exchange$LinkHandler.handle(ServerImpl.java:692)
	at jdk.httpserver/com.sun.net.httpserver.Filter$Chain.doFilter(Filter.java:77)
	at jdk.httpserver/sun.net.httpserver.ServerImpl$Exchange.run(ServerImpl.java:664)
	at java.base/java.util.concurrent.ThreadPoolExecutor.runWorker(ThreadPoolExecutor.java:1130)
	at java.base/java.util.concurrent.ThreadPoolExecutor$Worker.run(ThreadPoolExecutor.java:630)
	at java.base/java.lang.Thread.run(Thread.java:832)
java.lang.IllegalStateException: Writer not present on this server: z59vuwzfFDowJ8aE93xEgbvNH95RVy7UvCkRL5vV8Wz1gqcnKMAhAu6
	at peergos.server.space.JdbcUsageStore.getWriterId(JdbcUsageStore.java:179)
	at peergos.server.space.JdbcUsageStore.getOwner(JdbcUsageStore.java:239)
	at peergos.server.space.JdbcUsageStore.getUsage(JdbcUsageStore.java:268)
	at peergos.server.space.SpaceCheckingKeyFilter.prepareMutablePointerChange(SpaceCheckingKeyFilter.java:214)
	at peergos.server.space.SpaceCheckingKeyFilter.accept(SpaceCheckingKeyFilter.java:182)
	at peergos.server.mutable.MutableEventPropagator.lambda$setPointer$0(MutableEventPropagator.java:30)
	at java.base/java.util.concurrent.CompletableFuture.uniApplyNow(CompletableFuture.java:680)
	at java.base/java.util.concurrent.CompletableFuture.uniApplyStage(CompletableFuture.java:658)
	at java.base/java.util.concurrent.CompletableFuture.thenApply(CompletableFuture.java:2158)
	at peergos.server.mutable.MutableEventPropagator.setPointer(MutableEventPropagator.java:26)
	at peergos.server.mutable.PinningMutablePointers.lambda$setPointer$2(PinningMutablePointers.java:52)
	at java.base/java.util.concurrent.CompletableFuture.uniComposeStage(CompletableFuture.java:1183)
	at java.base/java.util.concurrent.CompletableFuture.thenCompose(CompletableFuture.java:2299)
	at peergos.server.mutable.PinningMutablePointers.lambda$setPointer$3(PinningMutablePointers.java:41)
	at java.base/java.util.concurrent.CompletableFuture.uniComposeStage(CompletableFuture.java:1183)
	at java.base/java.util.concurrent.CompletableFuture.thenCompose(CompletableFuture.java:2299)
	at peergos.server.mutable.PinningMutablePointers.setPointer(PinningMutablePointers.java:33)
	at peergos.server.mutable.BlockingMutablePointers.setPointer(BlockingMutablePointers.java:21)
	at peergos.shared.mutable.ProxyingMutablePointers.lambda$setPointer$0(ProxyingMutablePointers.java:30)
	at peergos.shared.corenode.Proxy.lambda$redirectCall$0(Proxy.java:26)
	at java.base/java.util.concurrent.CompletableFuture.uniComposeStage(CompletableFuture.java:1183)
	at java.base/java.util.concurrent.CompletableFuture.thenCompose(CompletableFuture.java:2299)
	at peergos.shared.corenode.Proxy.lambda$redirectCall$1(Proxy.java:19)
	at java.base/java.util.concurrent.CompletableFuture.uniComposeStage(CompletableFuture.java:1183)
	at java.base/java.util.concurrent.CompletableFuture.thenCompose(CompletableFuture.java:2299)
	at peergos.shared.corenode.Proxy.redirectCall(Proxy.java:18)
	at peergos.shared.mutable.ProxyingMutablePointers.setPointer(ProxyingMutablePointers.java:27)
	at peergos.server.net.MutationHandler.handle(MutationHandler.java:60)
	at jdk.httpserver/com.sun.net.httpserver.Filter$Chain.doFilter(Filter.java:77)
	at jdk.httpserver/sun.net.httpserver.AuthFilter.doFilter(AuthFilter.java:82)
	at jdk.httpserver/com.sun.net.httpserver.Filter$Chain.doFilter(Filter.java:80)
	at jdk.httpserver/sun.net.httpserver.ServerImpl$Exchange$LinkHandler.handle(ServerImpl.java:692)
	at jdk.httpserver/com.sun.net.httpserver.Filter$Chain.doFilter(Filter.java:77)
	at jdk.httpserver/sun.net.httpserver.ServerImpl$Exchange.run(ServerImpl.java:664)
	at java.base/java.util.concurrent.ThreadPoolExecutor.runWorker(ThreadPoolExecutor.java:1130)
	at java.base/java.util.concurrent.ThreadPoolExecutor$Worker.run(ThreadPoolExecutor.java:630)
	at java.base/java.lang.Thread.run(Thread.java:832)
java.lang.IllegalStateException: Writer not present on this server: z59vuwzfFDoqcoaTrza7WupLU5tjQw2CMAzcCaiTLisLk278nUxkJxz
	at peergos.server.space.JdbcUsageStore.getWriterId(JdbcUsageStore.java:179)
	at peergos.server.space.JdbcUsageStore.getOwner(JdbcUsageStore.java:239)
	at peergos.server.space.JdbcUsageStore.getUsage(JdbcUsageStore.java:268)
	at peergos.server.space.SpaceCheckingKeyFilter.prepareMutablePointerChange(SpaceCheckingKeyFilter.java:214)
	at peergos.server.space.SpaceCheckingKeyFilter.accept(SpaceCheckingKeyFilter.java:182)
	at peergos.server.mutable.MutableEventPropagator.lambda$setPointer$0(MutableEventPropagator.java:30)
	at java.base/java.util.concurrent.CompletableFuture.uniApplyNow(CompletableFuture.java:680)
	at java.base/java.util.concurrent.CompletableFuture.uniApplyStage(CompletableFuture.java:658)
	at java.base/java.util.concurrent.CompletableFuture.thenApply(CompletableFuture.java:2158)
	at peergos.server.mutable.MutableEventPropagator.setPointer(MutableEventPropagator.java:26)
	at peergos.server.mutable.PinningMutablePointers.lambda$setPointer$2(PinningMutablePointers.java:52)
	at java.base/java.util.concurrent.CompletableFuture.uniComposeStage(CompletableFuture.java:1183)
	at java.base/java.util.concurrent.CompletableFuture.thenCompose(CompletableFuture.java:2299)
	at peergos.server.mutable.PinningMutablePointers.lambda$setPointer$3(PinningMutablePointers.java:41)
	at java.base/java.util.concurrent.CompletableFuture.uniComposeStage(CompletableFuture.java:1183)
	at java.base/java.util.concurrent.CompletableFuture.thenCompose(CompletableFuture.java:2299)
	at peergos.server.mutable.PinningMutablePointers.setPointer(PinningMutablePointers.java:33)
	at peergos.server.mutable.BlockingMutablePointers.setPointer(BlockingMutablePointers.java:21)
	at peergos.shared.mutable.ProxyingMutablePointers.lambda$setPointer$0(ProxyingMutablePointers.java:30)
	at peergos.shared.corenode.Proxy.lambda$redirectCall$0(Proxy.java:26)
	at java.base/java.util.concurrent.CompletableFuture.uniComposeStage(CompletableFuture.java:1183)
	at java.base/java.util.concurrent.CompletableFuture.thenCompose(CompletableFuture.java:2299)
	at peergos.shared.corenode.Proxy.lambda$redirectCall$1(Proxy.java:19)
	at java.base/java.util.concurrent.CompletableFuture.uniComposeStage(CompletableFuture.java:1183)
	at java.base/java.util.concurrent.CompletableFuture.thenCompose(CompletableFuture.java:2299)
	at peergos.shared.corenode.Proxy.redirectCall(Proxy.java:18)
	at peergos.shared.mutable.ProxyingMutablePointers.setPointer(ProxyingMutablePointers.java:27)
	at peergos.server.net.MutationHandler.handle(MutationHandler.java:60)
	at jdk.httpserver/com.sun.net.httpserver.Filter$Chain.doFilter(Filter.java:77)
	at jdk.httpserver/sun.net.httpserver.AuthFilter.doFilter(AuthFilter.java:82)
	at jdk.httpserver/com.sun.net.httpserver.Filter$Chain.doFilter(Filter.java:80)
	at jdk.httpserver/sun.net.httpserver.ServerImpl$Exchange$LinkHandler.handle(ServerImpl.java:692)
	at jdk.httpserver/com.sun.net.httpserver.Filter$Chain.doFilter(Filter.java:77)
	at jdk.httpserver/sun.net.httpserver.ServerImpl$Exchange.run(ServerImpl.java:664)
	at java.base/java.util.concurrent.ThreadPoolExecutor.runWorker(ThreadPoolExecutor.java:1130)
	at java.base/java.util.concurrent.ThreadPoolExecutor$Worker.run(ThreadPoolExecutor.java:630)
	at java.base/java.lang.Thread.run(Thread.java:832)
java.lang.IllegalStateException: Writer not present on this server: z59vuwzfFDoqcoaTrza7WupLU5tjQw2CMAzcCaiTLisLk278nUxkJxz
	at peergos.server.space.JdbcUsageStore.getWriterId(JdbcUsageStore.java:179)
	at peergos.server.space.JdbcUsageStore.getOwner(JdbcUsageStore.java:239)
	at peergos.server.space.JdbcUsageStore.getUsage(JdbcUsageStore.java:268)
	at peergos.server.space.SpaceCheckingKeyFilter.prepareMutablePointerChange(SpaceCheckingKeyFilter.java:214)
	at peergos.server.space.SpaceCheckingKeyFilter.accept(SpaceCheckingKeyFilter.java:182)
	at peergos.server.mutable.MutableEventPropagator.lambda$setPointer$0(MutableEventPropagator.java:30)
	at java.base/java.util.concurrent.CompletableFuture.uniApplyNow(CompletableFuture.java:680)
	at java.base/java.util.concurrent.CompletableFuture.uniApplyStage(CompletableFuture.java:658)
	at java.base/java.util.concurrent.CompletableFuture.thenApply(CompletableFuture.java:2158)
	at peergos.server.mutable.MutableEventPropagator.setPointer(MutableEventPropagator.java:26)
	at peergos.server.mutable.PinningMutablePointers.lambda$setPointer$2(PinningMutablePointers.java:52)
	at java.base/java.util.concurrent.CompletableFuture.uniComposeStage(CompletableFuture.java:1183)
	at java.base/java.util.concurrent.CompletableFuture.thenCompose(CompletableFuture.java:2299)
	at peergos.server.mutable.PinningMutablePointers.lambda$setPointer$3(PinningMutablePointers.java:41)
	at java.base/java.util.concurrent.CompletableFuture.uniComposeStage(CompletableFuture.java:1183)
	at java.base/java.util.concurrent.CompletableFuture.thenCompose(CompletableFuture.java:2299)
	at peergos.server.mutable.PinningMutablePointers.setPointer(PinningMutablePointers.java:33)
	at peergos.server.mutable.BlockingMutablePointers.setPointer(BlockingMutablePointers.java:21)
	at peergos.shared.mutable.ProxyingMutablePointers.lambda$setPointer$0(ProxyingMutablePointers.java:30)
	at peergos.shared.corenode.Proxy.lambda$redirectCall$0(Proxy.java:26)
	at java.base/java.util.concurrent.CompletableFuture.uniComposeStage(CompletableFuture.java:1183)
	at java.base/java.util.concurrent.CompletableFuture.thenCompose(CompletableFuture.java:2299)
	at peergos.shared.corenode.Proxy.lambda$redirectCall$1(Proxy.java:19)
	at java.base/java.util.concurrent.CompletableFuture.uniComposeStage(CompletableFuture.java:1183)
	at java.base/java.util.concurrent.CompletableFuture.thenCompose(CompletableFuture.java:2299)
	at peergos.shared.corenode.Proxy.redirectCall(Proxy.java:18)
	at peergos.shared.mutable.ProxyingMutablePointers.setPointer(ProxyingMutablePointers.java:27)
	at peergos.server.net.MutationHandler.handle(MutationHandler.java:60)
	at jdk.httpserver/com.sun.net.httpserver.Filter$Chain.doFilter(Filter.java:77)
	at jdk.httpserver/sun.net.httpserver.AuthFilter.doFilter(AuthFilter.java:82)
	at jdk.httpserver/com.sun.net.httpserver.Filter$Chain.doFilter(Filter.java:80)
	at jdk.httpserver/sun.net.httpserver.ServerImpl$Exchange$LinkHandler.handle(ServerImpl.java:692)
	at jdk.httpserver/com.sun.net.httpserver.Filter$Chain.doFilter(Filter.java:77)
	at jdk.httpserver/sun.net.httpserver.ServerImpl$Exchange.run(ServerImpl.java:664)
	at java.base/java.util.concurrent.ThreadPoolExecutor.runWorker(ThreadPoolExecutor.java:1130)
	at java.base/java.util.concurrent.ThreadPoolExecutor$Worker.run(ThreadPoolExecutor.java:630)
	at java.base/java.lang.Thread.run(Thread.java:832)
java.lang.IllegalStateException: Writer not present on this server: z59vuwzfFDowJ8aE93xEgbvNH95RVy7UvCkRL5vV8Wz1gqcnKMAhAu6
	at peergos.server.space.JdbcUsageStore.getWriterId(JdbcUsageStore.java:179)
	at peergos.server.space.JdbcUsageStore.getOwner(JdbcUsageStore.java:239)
	at peergos.server.space.JdbcUsageStore.getUsage(JdbcUsageStore.java:268)
	at peergos.server.space.SpaceCheckingKeyFilter.prepareMutablePointerChange(SpaceCheckingKeyFilter.java:214)
	at peergos.server.space.SpaceCheckingKeyFilter.accept(SpaceCheckingKeyFilter.java:182)
	at peergos.server.mutable.MutableEventPropagator.lambda$setPointer$0(MutableEventPropagator.java:30)
	at java.base/java.util.concurrent.CompletableFuture.uniApplyNow(CompletableFuture.java:680)
	at java.base/java.util.concurrent.CompletableFuture.uniApplyStage(CompletableFuture.java:658)
	at java.base/java.util.concurrent.CompletableFuture.thenApply(CompletableFuture.java:2158)
	at peergos.server.mutable.MutableEventPropagator.setPointer(MutableEventPropagator.java:26)
	at peergos.server.mutable.PinningMutablePointers.lambda$setPointer$2(PinningMutablePointers.java:52)
	at java.base/java.util.concurrent.CompletableFuture.uniComposeStage(CompletableFuture.java:1183)
	at java.base/java.util.concurrent.CompletableFuture.thenCompose(CompletableFuture.java:2299)
	at peergos.server.mutable.PinningMutablePointers.lambda$setPointer$3(PinningMutablePointers.java:41)
	at java.base/java.util.concurrent.CompletableFuture.uniComposeStage(CompletableFuture.java:1183)
	at java.base/java.util.concurrent.CompletableFuture.thenCompose(CompletableFuture.java:2299)
	at peergos.server.mutable.PinningMutablePointers.setPointer(PinningMutablePointers.java:33)
	at peergos.server.mutable.BlockingMutablePointers.setPointer(BlockingMutablePointers.java:21)
	at peergos.shared.mutable.ProxyingMutablePointers.lambda$setPointer$0(ProxyingMutablePointers.java:30)
	at peergos.shared.corenode.Proxy.lambda$redirectCall$0(Proxy.java:26)
	at java.base/java.util.concurrent.CompletableFuture.uniComposeStage(CompletableFuture.java:1183)
	at java.base/java.util.concurrent.CompletableFuture.thenCompose(CompletableFuture.java:2299)
	at peergos.shared.corenode.Proxy.lambda$redirectCall$1(Proxy.java:19)
	at java.base/java.util.concurrent.CompletableFuture.uniComposeStage(CompletableFuture.java:1183)
	at java.base/java.util.concurrent.CompletableFuture.thenCompose(CompletableFuture.java:2299)
	at peergos.shared.corenode.Proxy.redirectCall(Proxy.java:18)
	at peergos.shared.mutable.ProxyingMutablePointers.setPointer(ProxyingMutablePointers.java:27)
	at peergos.server.net.MutationHandler.handle(MutationHandler.java:60)
	at jdk.httpserver/com.sun.net.httpserver.Filter$Chain.doFilter(Filter.java:77)
	at jdk.httpserver/sun.net.httpserver.AuthFilter.doFilter(AuthFilter.java:82)
	at jdk.httpserver/com.sun.net.httpserver.Filter$Chain.doFilter(Filter.java:80)
	at jdk.httpserver/sun.net.httpserver.ServerImpl$Exchange$LinkHandler.handle(ServerImpl.java:692)
	at jdk.httpserver/com.sun.net.httpserver.Filter$Chain.doFilter(Filter.java:77)
	at jdk.httpserver/sun.net.httpserver.ServerImpl$Exchange.run(ServerImpl.java:664)
	at java.base/java.util.concurrent.ThreadPoolExecutor.runWorker(ThreadPoolExecutor.java:1130)
	at java.base/java.util.concurrent.ThreadPoolExecutor$Worker.run(ThreadPoolExecutor.java:630)
	at java.base/java.lang.Thread.run(Thread.java:832)
java.lang.IllegalStateException: Writer not present on this server: z59vuwzfFDoqcoaTrza7WupLU5tjQw2CMAzcCaiTLisLk278nUxkJxz
	at peergos.server.space.JdbcUsageStore.getWriterId(JdbcUsageStore.java:179)
	at peergos.server.space.JdbcUsageStore.getOwner(JdbcUsageStore.java:239)
	at peergos.server.space.JdbcUsageStore.getUsage(JdbcUsageStore.java:268)
	at peergos.server.space.SpaceCheckingKeyFilter.prepareMutablePointerChange(SpaceCheckingKeyFilter.java:214)
	at peergos.server.space.SpaceCheckingKeyFilter.accept(SpaceCheckingKeyFilter.java:182)
	at peergos.server.mutable.MutableEventPropagator.lambda$setPointer$0(MutableEventPropagator.java:30)
	at java.base/java.util.concurrent.CompletableFuture.uniApplyNow(CompletableFuture.java:680)
	at java.base/java.util.concurrent.CompletableFuture.uniApplyStage(CompletableFuture.java:658)
	at java.base/java.util.concurrent.CompletableFuture.thenApply(CompletableFuture.java:2158)
	at peergos.server.mutable.MutableEventPropagator.setPointer(MutableEventPropagator.java:26)
	at peergos.server.mutable.PinningMutablePointers.lambda$setPointer$2(PinningMutablePointers.java:52)
	at java.base/java.util.concurrent.CompletableFuture.uniComposeStage(CompletableFuture.java:1183)
	at java.base/java.util.concurrent.CompletableFuture.thenCompose(CompletableFuture.java:2299)
	at peergos.server.mutable.PinningMutablePointers.lambda$setPointer$3(PinningMutablePointers.java:41)
	at java.base/java.util.concurrent.CompletableFuture.uniComposeStage(CompletableFuture.java:1183)
	at java.base/java.util.concurrent.CompletableFuture.thenCompose(CompletableFuture.java:2299)
	at peergos.server.mutable.PinningMutablePointers.setPointer(PinningMutablePointers.java:33)
	at peergos.server.mutable.BlockingMutablePointers.setPointer(BlockingMutablePointers.java:21)
	at peergos.shared.mutable.ProxyingMutablePointers.lambda$setPointer$0(ProxyingMutablePointers.java:30)
	at peergos.shared.corenode.Proxy.lambda$redirectCall$0(Proxy.java:26)
	at java.base/java.util.concurrent.CompletableFuture.uniComposeStage(CompletableFuture.java:1183)
	at java.base/java.util.concurrent.CompletableFuture.thenCompose(CompletableFuture.java:2299)
	at peergos.shared.corenode.Proxy.lambda$redirectCall$1(Proxy.java:19)
	at java.base/java.util.concurrent.CompletableFuture.uniComposeStage(CompletableFuture.java:1183)
	at java.base/java.util.concurrent.CompletableFuture.thenCompose(CompletableFuture.java:2299)
	at peergos.shared.corenode.Proxy.redirectCall(Proxy.java:18)
	at peergos.shared.mutable.ProxyingMutablePointers.setPointer(ProxyingMutablePointers.java:27)
	at peergos.server.net.MutationHandler.handle(MutationHandler.java:60)
	at jdk.httpserver/com.sun.net.httpserver.Filter$Chain.doFilter(Filter.java:77)
	at jdk.httpserver/sun.net.httpserver.AuthFilter.doFilter(AuthFilter.java:82)
	at jdk.httpserver/com.sun.net.httpserver.Filter$Chain.doFilter(Filter.java:80)
	at jdk.httpserver/sun.net.httpserver.ServerImpl$Exchange$LinkHandler.handle(ServerImpl.java:692)
	at jdk.httpserver/com.sun.net.httpserver.Filter$Chain.doFilter(Filter.java:77)
	at jdk.httpserver/sun.net.httpserver.ServerImpl$Exchange.run(ServerImpl.java:664)
	at java.base/java.util.concurrent.ThreadPoolExecutor.runWorker(ThreadPoolExecutor.java:1130)
	at java.base/java.util.concurrent.ThreadPoolExecutor$Worker.run(ThreadPoolExecutor.java:630)
	at java.base/java.lang.Thread.run(Thread.java:832)
java.lang.IllegalStateException: Writer not present on this server: z59vuwzfFDoqcoaTrza7WupLU5tjQw2CMAzcCaiTLisLk278nUxkJxz
	at peergos.server.space.JdbcUsageStore.getWriterId(JdbcUsageStore.java:179)
	at peergos.server.space.JdbcUsageStore.getOwner(JdbcUsageStore.java:239)
	at peergos.server.space.JdbcUsageStore.getUsage(JdbcUsageStore.java:268)
	at peergos.server.space.SpaceCheckingKeyFilter.prepareMutablePointerChange(SpaceCheckingKeyFilter.java:214)
	at peergos.server.space.SpaceCheckingKeyFilter.accept(SpaceCheckingKeyFilter.java:182)
	at peergos.server.mutable.MutableEventPropagator.lambda$setPointer$0(MutableEventPropagator.java:30)
	at java.base/java.util.concurrent.CompletableFuture.uniApplyNow(CompletableFuture.java:680)
	at java.base/java.util.concurrent.CompletableFuture.uniApplyStage(CompletableFuture.java:658)
	at java.base/java.util.concurrent.CompletableFuture.thenApply(CompletableFuture.java:2158)
	at peergos.server.mutable.MutableEventPropagator.setPointer(MutableEventPropagator.java:26)
	at peergos.server.mutable.PinningMutablePointers.lambda$setPointer$2(PinningMutablePointers.java:52)
	at java.base/java.util.concurrent.CompletableFuture.uniComposeStage(CompletableFuture.java:1183)
	at java.base/java.util.concurrent.CompletableFuture.thenCompose(CompletableFuture.java:2299)
	at peergos.server.mutable.PinningMutablePointers.lambda$setPointer$3(PinningMutablePointers.java:41)
	at java.base/java.util.concurrent.CompletableFuture.uniComposeStage(CompletableFuture.java:1183)
	at java.base/java.util.concurrent.CompletableFuture.thenCompose(CompletableFuture.java:2299)
	at peergos.server.mutable.PinningMutablePointers.setPointer(PinningMutablePointers.java:33)
	at peergos.server.mutable.BlockingMutablePointers.setPointer(BlockingMutablePointers.java:21)
	at peergos.shared.mutable.ProxyingMutablePointers.lambda$setPointer$0(ProxyingMutablePointers.java:30)
	at peergos.shared.corenode.Proxy.lambda$redirectCall$0(Proxy.java:26)
	at java.base/java.util.concurrent.CompletableFuture.uniComposeStage(CompletableFuture.java:1183)
	at java.base/java.util.concurrent.CompletableFuture.thenCompose(CompletableFuture.java:2299)
	at peergos.shared.corenode.Proxy.lambda$redirectCall$1(Proxy.java:19)
	at java.base/java.util.concurrent.CompletableFuture.uniComposeStage(CompletableFuture.java:1183)
	at java.base/java.util.concurrent.CompletableFuture.thenCompose(CompletableFuture.java:2299)
	at peergos.shared.corenode.Proxy.redirectCall(Proxy.java:18)
	at peergos.shared.mutable.ProxyingMutablePointers.setPointer(ProxyingMutablePointers.java:27)
	at peergos.server.net.MutationHandler.handle(MutationHandler.java:60)
	at jdk.httpserver/com.sun.net.httpserver.Filter$Chain.doFilter(Filter.java:77)
	at jdk.httpserver/sun.net.httpserver.AuthFilter.doFilter(AuthFilter.java:82)
	at jdk.httpserver/com.sun.net.httpserver.Filter$Chain.doFilter(Filter.java:80)
	at jdk.httpserver/sun.net.httpserver.ServerImpl$Exchange$LinkHandler.handle(ServerImpl.java:692)
	at jdk.httpserver/com.sun.net.httpserver.Filter$Chain.doFilter(Filter.java:77)
	at jdk.httpserver/sun.net.httpserver.ServerImpl$Exchange.run(ServerImpl.java:664)
	at java.base/java.util.concurrent.ThreadPoolExecutor.runWorker(ThreadPoolExecutor.java:1130)
	at java.base/java.util.concurrent.ThreadPoolExecutor$Worker.run(ThreadPoolExecutor.java:630)
	at java.base/java.lang.Thread.run(Thread.java:832)
java.lang.IllegalStateException: Writer not present on this server: z59vuwzfFDoqcoaTrza7WupLU5tjQw2CMAzcCaiTLisLk278nUxkJxz
	at peergos.server.space.JdbcUsageStore.getWriterId(JdbcUsageStore.java:179)
	at peergos.server.space.JdbcUsageStore.getOwner(JdbcUsageStore.java:239)
	at peergos.server.space.JdbcUsageStore.getUsage(JdbcUsageStore.java:268)
	at peergos.server.space.SpaceCheckingKeyFilter.prepareMutablePointerChange(SpaceCheckingKeyFilter.java:214)
	at peergos.server.space.SpaceCheckingKeyFilter.accept(SpaceCheckingKeyFilter.java:182)
	at peergos.server.mutable.MutableEventPropagator.lambda$setPointer$0(MutableEventPropagator.java:30)
	at java.base/java.util.concurrent.CompletableFuture.uniApplyNow(CompletableFuture.java:680)
	at java.base/java.util.concurrent.CompletableFuture.uniApplyStage(CompletableFuture.java:658)
	at java.base/java.util.concurrent.CompletableFuture.thenApply(CompletableFuture.java:2158)
	at peergos.server.mutable.MutableEventPropagator.setPointer(MutableEventPropagator.java:26)
	at peergos.server.mutable.PinningMutablePointers.lambda$setPointer$2(PinningMutablePointers.java:52)
	at java.base/java.util.concurrent.CompletableFuture.uniComposeStage(CompletableFuture.java:1183)
	at java.base/java.util.concurrent.CompletableFuture.thenCompose(CompletableFuture.java:2299)
	at peergos.server.mutable.PinningMutablePointers.lambda$setPointer$3(PinningMutablePointers.java:41)
	at java.base/java.util.concurrent.CompletableFuture.uniComposeStage(CompletableFuture.java:1183)
	at java.base/java.util.concurrent.CompletableFuture.thenCompose(CompletableFuture.java:2299)
	at peergos.server.mutable.PinningMutablePointers.setPointer(PinningMutablePointers.java:33)
	at peergos.server.mutable.BlockingMutablePointers.setPointer(BlockingMutablePointers.java:21)
	at peergos.shared.mutable.ProxyingMutablePointers.lambda$setPointer$0(ProxyingMutablePointers.java:30)
	at peergos.shared.corenode.Proxy.lambda$redirectCall$0(Proxy.java:26)
	at java.base/java.util.concurrent.CompletableFuture.uniComposeStage(CompletableFuture.java:1183)
	at java.base/java.util.concurrent.CompletableFuture.thenCompose(CompletableFuture.java:2299)
	at peergos.shared.corenode.Proxy.lambda$redirectCall$1(Proxy.java:19)
	at java.base/java.util.concurrent.CompletableFuture.uniComposeStage(CompletableFuture.java:1183)
	at java.base/java.util.concurrent.CompletableFuture.thenCompose(CompletableFuture.java:2299)
	at peergos.shared.corenode.Proxy.redirectCall(Proxy.java:18)
	at peergos.shared.mutable.ProxyingMutablePointers.setPointer(ProxyingMutablePointers.java:27)
	at peergos.server.net.MutationHandler.handle(MutationHandler.java:60)
	at jdk.httpserver/com.sun.net.httpserver.Filter$Chain.doFilter(Filter.java:77)
	at jdk.httpserver/sun.net.httpserver.AuthFilter.doFilter(AuthFilter.java:82)
	at jdk.httpserver/com.sun.net.httpserver.Filter$Chain.doFilter(Filter.java:80)
	at jdk.httpserver/sun.net.httpserver.ServerImpl$Exchange$LinkHandler.handle(ServerImpl.java:692)
	at jdk.httpserver/com.sun.net.httpserver.Filter$Chain.doFilter(Filter.java:77)
	at jdk.httpserver/sun.net.httpserver.ServerImpl$Exchange.run(ServerImpl.java:664)
	at java.base/java.util.concurrent.ThreadPoolExecutor.runWorker(ThreadPoolExecutor.java:1130)
	at java.base/java.util.concurrent.ThreadPoolExecutor$Worker.run(ThreadPoolExecutor.java:630)
	at java.base/java.lang.Thread.run(Thread.java:832)
java.lang.IllegalStateException: Writer not present on this server: z59vuwzfFDoqcoaTrza7WupLU5tjQw2CMAzcCaiTLisLk278nUxkJxz
	at peergos.server.space.JdbcUsageStore.getWriterId(JdbcUsageStore.java:179)
	at peergos.server.space.JdbcUsageStore.getOwner(JdbcUsageStore.java:239)
	at peergos.server.space.JdbcUsageStore.getUsage(JdbcUsageStore.java:268)
	at peergos.server.space.SpaceCheckingKeyFilter.prepareMutablePointerChange(SpaceCheckingKeyFilter.java:214)
	at peergos.server.space.SpaceCheckingKeyFilter.accept(SpaceCheckingKeyFilter.java:182)
	at peergos.server.mutable.MutableEventPropagator.lambda$setPointer$0(MutableEventPropagator.java:30)
	at java.base/java.util.concurrent.CompletableFuture.uniApplyNow(CompletableFuture.java:680)
	at java.base/java.util.concurrent.CompletableFuture.uniApplyStage(CompletableFuture.java:658)
	at java.base/java.util.concurrent.CompletableFuture.thenApply(CompletableFuture.java:2158)
	at peergos.server.mutable.MutableEventPropagator.setPointer(MutableEventPropagator.java:26)
	at peergos.server.mutable.PinningMutablePointers.lambda$setPointer$2(PinningMutablePointers.java:52)
	at java.base/java.util.concurrent.CompletableFuture.uniComposeStage(CompletableFuture.java:1183)
	at java.base/java.util.concurrent.CompletableFuture.thenCompose(CompletableFuture.java:2299)
	at peergos.server.mutable.PinningMutablePointers.lambda$setPointer$3(PinningMutablePointers.java:41)
	at java.base/java.util.concurrent.CompletableFuture.uniComposeStage(CompletableFuture.java:1183)
	at java.base/java.util.concurrent.CompletableFuture.thenCompose(CompletableFuture.java:2299)
	at peergos.server.mutable.PinningMutablePointers.setPointer(PinningMutablePointers.java:33)
	at peergos.server.mutable.BlockingMutablePointers.setPointer(BlockingMutablePointers.java:21)
	at peergos.shared.mutable.ProxyingMutablePointers.lambda$setPointer$0(ProxyingMutablePointers.java:30)
	at peergos.shared.corenode.Proxy.lambda$redirectCall$0(Proxy.java:26)
	at java.base/java.util.concurrent.CompletableFuture.uniComposeStage(CompletableFuture.java:1183)
	at java.base/java.util.concurrent.CompletableFuture.thenCompose(CompletableFuture.java:2299)
	at peergos.shared.corenode.Proxy.lambda$redirectCall$1(Proxy.java:19)
	at java.base/java.util.concurrent.CompletableFuture.uniComposeStage(CompletableFuture.java:1183)
	at java.base/java.util.concurrent.CompletableFuture.thenCompose(CompletableFuture.java:2299)
	at peergos.shared.corenode.Proxy.redirectCall(Proxy.java:18)
	at peergos.shared.mutable.ProxyingMutablePointers.setPointer(ProxyingMutablePointers.java:27)
	at peergos.server.net.MutationHandler.handle(MutationHandler.java:60)
	at jdk.httpserver/com.sun.net.httpserver.Filter$Chain.doFilter(Filter.java:77)
	at jdk.httpserver/sun.net.httpserver.AuthFilter.doFilter(AuthFilter.java:82)
	at jdk.httpserver/com.sun.net.httpserver.Filter$Chain.doFilter(Filter.java:80)
	at jdk.httpserver/sun.net.httpserver.ServerImpl$Exchange$LinkHandler.handle(ServerImpl.java:692)
	at jdk.httpserver/com.sun.net.httpserver.Filter$Chain.doFilter(Filter.java:77)
	at jdk.httpserver/sun.net.httpserver.ServerImpl$Exchange.run(ServerImpl.java:664)
	at java.base/java.util.concurrent.ThreadPoolExecutor.runWorker(ThreadPoolExecutor.java:1130)
	at java.base/java.util.concurrent.ThreadPoolExecutor$Worker.run(ThreadPoolExecutor.java:630)
	at java.base/java.lang.Thread.run(Thread.java:832)
java.lang.IllegalStateException: Writer not present on this server: z59vuwzfFDoqcoaTrza7WupLU5tjQw2CMAzcCaiTLisLk278nUxkJxz
	at peergos.server.space.JdbcUsageStore.getWriterId(JdbcUsageStore.java:179)
	at peergos.server.space.JdbcUsageStore.getOwner(JdbcUsageStore.java:239)
	at peergos.server.space.JdbcUsageStore.getUsage(JdbcUsageStore.java:268)
	at peergos.server.space.SpaceCheckingKeyFilter.prepareMutablePointerChange(SpaceCheckingKeyFilter.java:214)
	at peergos.server.space.SpaceCheckingKeyFilter.accept(SpaceCheckingKeyFilter.java:182)
	at peergos.server.mutable.MutableEventPropagator.lambda$setPointer$0(MutableEventPropagator.java:30)
	at java.base/java.util.concurrent.CompletableFuture.uniApplyNow(CompletableFuture.java:680)
	at java.base/java.util.concurrent.CompletableFuture.uniApplyStage(CompletableFuture.java:658)
	at java.base/java.util.concurrent.CompletableFuture.thenApply(CompletableFuture.java:2158)
	at peergos.server.mutable.MutableEventPropagator.setPointer(MutableEventPropagator.java:26)
	at peergos.server.mutable.PinningMutablePointers.lambda$setPointer$2(PinningMutablePointers.java:52)
	at java.base/java.util.concurrent.CompletableFuture.uniComposeStage(CompletableFuture.java:1183)
	at java.base/java.util.concurrent.CompletableFuture.thenCompose(CompletableFuture.java:2299)
	at peergos.server.mutable.PinningMutablePointers.lambda$setPointer$3(PinningMutablePointers.java:41)
	at java.base/java.util.concurrent.CompletableFuture.uniComposeStage(CompletableFuture.java:1183)
	at java.base/java.util.concurrent.CompletableFuture.thenCompose(CompletableFuture.java:2299)
	at peergos.server.mutable.PinningMutablePointers.setPointer(PinningMutablePointers.java:33)
	at peergos.server.mutable.BlockingMutablePointers.setPointer(BlockingMutablePointers.java:21)
	at peergos.shared.mutable.ProxyingMutablePointers.lambda$setPointer$0(ProxyingMutablePointers.java:30)
	at peergos.shared.corenode.Proxy.lambda$redirectCall$0(Proxy.java:26)
	at java.base/java.util.concurrent.CompletableFuture.uniComposeStage(CompletableFuture.java:1183)
	at java.base/java.util.concurrent.CompletableFuture.thenCompose(CompletableFuture.java:2299)
	at peergos.shared.corenode.Proxy.lambda$redirectCall$1(Proxy.java:19)
	at java.base/java.util.concurrent.CompletableFuture.uniComposeStage(CompletableFuture.java:1183)
	at java.base/java.util.concurrent.CompletableFuture.thenCompose(CompletableFuture.java:2299)
	at peergos.shared.corenode.Proxy.redirectCall(Proxy.java:18)
	at peergos.shared.mutable.ProxyingMutablePointers.setPointer(ProxyingMutablePointers.java:27)
	at peergos.server.net.MutationHandler.handle(MutationHandler.java:60)
	at jdk.httpserver/com.sun.net.httpserver.Filter$Chain.doFilter(Filter.java:77)
	at jdk.httpserver/sun.net.httpserver.AuthFilter.doFilter(AuthFilter.java:82)
	at jdk.httpserver/com.sun.net.httpserver.Filter$Chain.doFilter(Filter.java:80)
	at jdk.httpserver/sun.net.httpserver.ServerImpl$Exchange$LinkHandler.handle(ServerImpl.java:692)
	at jdk.httpserver/com.sun.net.httpserver.Filter$Chain.doFilter(Filter.java:77)
	at jdk.httpserver/sun.net.httpserver.ServerImpl$Exchange.run(ServerImpl.java:664)
	at java.base/java.util.concurrent.ThreadPoolExecutor.runWorker(ThreadPoolExecutor.java:1130)
	at java.base/java.util.concurrent.ThreadPoolExecutor$Worker.run(ThreadPoolExecutor.java:630)
	at java.base/java.lang.Thread.run(Thread.java:832)
java.lang.IllegalStateException: Writer not present on this server: z59vuwzfFDoqcoaTrza7WupLU5tjQw2CMAzcCaiTLisLk278nUxkJxz
	at peergos.server.space.JdbcUsageStore.getWriterId(JdbcUsageStore.java:179)
	at peergos.server.space.JdbcUsageStore.getOwner(JdbcUsageStore.java:239)
	at peergos.server.space.JdbcUsageStore.getUsage(JdbcUsageStore.java:268)
	at peergos.server.space.SpaceCheckingKeyFilter.prepareMutablePointerChange(SpaceCheckingKeyFilter.java:214)
	at peergos.server.space.SpaceCheckingKeyFilter.accept(SpaceCheckingKeyFilter.java:182)
	at peergos.server.mutable.MutableEventPropagator.lambda$setPointer$0(MutableEventPropagator.java:30)
	at java.base/java.util.concurrent.CompletableFuture.uniApplyNow(CompletableFuture.java:680)
	at java.base/java.util.concurrent.CompletableFuture.uniApplyStage(CompletableFuture.java:658)
	at java.base/java.util.concurrent.CompletableFuture.thenApply(CompletableFuture.java:2158)
	at peergos.server.mutable.MutableEventPropagator.setPointer(MutableEventPropagator.java:26)
	at peergos.server.mutable.PinningMutablePointers.lambda$setPointer$2(PinningMutablePointers.java:52)
	at java.base/java.util.concurrent.CompletableFuture.uniComposeStage(CompletableFuture.java:1183)
	at java.base/java.util.concurrent.CompletableFuture.thenCompose(CompletableFuture.java:2299)
	at peergos.server.mutable.PinningMutablePointers.lambda$setPointer$3(PinningMutablePointers.java:41)
	at java.base/java.util.concurrent.CompletableFuture.uniComposeStage(CompletableFuture.java:1183)
	at java.base/java.util.concurrent.CompletableFuture.thenCompose(CompletableFuture.java:2299)
	at peergos.server.mutable.PinningMutablePointers.setPointer(PinningMutablePointers.java:33)
	at peergos.server.mutable.BlockingMutablePointers.setPointer(BlockingMutablePointers.java:21)
	at peergos.shared.mutable.ProxyingMutablePointers.lambda$setPointer$0(ProxyingMutablePointers.java:30)
	at peergos.shared.corenode.Proxy.lambda$redirectCall$0(Proxy.java:26)
	at java.base/java.util.concurrent.CompletableFuture.uniComposeStage(CompletableFuture.java:1183)
	at java.base/java.util.concurrent.CompletableFuture.thenCompose(CompletableFuture.java:2299)
	at peergos.shared.corenode.Proxy.lambda$redirectCall$1(Proxy.java:19)
	at java.base/java.util.concurrent.CompletableFuture.uniComposeStage(CompletableFuture.java:1183)
	at java.base/java.util.concurrent.CompletableFuture.thenCompose(CompletableFuture.java:2299)
	at peergos.shared.corenode.Proxy.redirectCall(Proxy.java:18)
	at peergos.shared.mutable.ProxyingMutablePointers.setPointer(ProxyingMutablePointers.java:27)
	at peergos.server.net.MutationHandler.handle(MutationHandler.java:60)
	at jdk.httpserver/com.sun.net.httpserver.Filter$Chain.doFilter(Filter.java:77)
	at jdk.httpserver/sun.net.httpserver.AuthFilter.doFilter(AuthFilter.java:82)
	at jdk.httpserver/com.sun.net.httpserver.Filter$Chain.doFilter(Filter.java:80)
	at jdk.httpserver/sun.net.httpserver.ServerImpl$Exchange$LinkHandler.handle(ServerImpl.java:692)
	at jdk.httpserver/com.sun.net.httpserver.Filter$Chain.doFilter(Filter.java:77)
	at jdk.httpserver/sun.net.httpserver.ServerImpl$Exchange.run(ServerImpl.java:664)
	at java.base/java.util.concurrent.ThreadPoolExecutor.runWorker(ThreadPoolExecutor.java:1130)
	at java.base/java.util.concurrent.ThreadPoolExecutor$Worker.run(ThreadPoolExecutor.java:630)
	at java.base/java.lang.Thread.run(Thread.java:832)
java.lang.IllegalStateException: Writer not present on this server: z59vuwzfFDotY1ZyCBw5XaGyfmYcnH3YYULs66pFY3b1HhBhTZH9NJu
	at peergos.server.space.JdbcUsageStore.getWriterId(JdbcUsageStore.java:179)
	at peergos.server.space.JdbcUsageStore.getOwner(JdbcUsageStore.java:239)
	at peergos.server.space.JdbcUsageStore.getUsage(JdbcUsageStore.java:268)
	at peergos.server.space.SpaceCheckingKeyFilter.prepareMutablePointerChange(SpaceCheckingKeyFilter.java:214)
	at peergos.server.space.SpaceCheckingKeyFilter.accept(SpaceCheckingKeyFilter.java:182)
	at peergos.server.mutable.MutableEventPropagator.lambda$setPointer$0(MutableEventPropagator.java:30)
	at java.base/java.util.concurrent.CompletableFuture.uniApplyNow(CompletableFuture.java:680)
	at java.base/java.util.concurrent.CompletableFuture.uniApplyStage(CompletableFuture.java:658)
	at java.base/java.util.concurrent.CompletableFuture.thenApply(CompletableFuture.java:2158)
	at peergos.server.mutable.MutableEventPropagator.setPointer(MutableEventPropagator.java:26)
	at peergos.server.mutable.PinningMutablePointers.lambda$setPointer$2(PinningMutablePointers.java:52)
	at java.base/java.util.concurrent.CompletableFuture.uniComposeStage(CompletableFuture.java:1183)
	at java.base/java.util.concurrent.CompletableFuture.thenCompose(CompletableFuture.java:2299)
	at peergos.server.mutable.PinningMutablePointers.lambda$setPointer$3(PinningMutablePointers.java:41)
	at java.base/java.util.concurrent.CompletableFuture.uniComposeStage(CompletableFuture.java:1183)
	at java.base/java.util.concurrent.CompletableFuture.thenCompose(CompletableFuture.java:2299)
	at peergos.server.mutable.PinningMutablePointers.setPointer(PinningMutablePointers.java:33)
	at peergos.server.mutable.BlockingMutablePointers.setPointer(BlockingMutablePointers.java:21)
	at peergos.shared.mutable.ProxyingMutablePointers.lambda$setPointer$0(ProxyingMutablePointers.java:30)
	at peergos.shared.corenode.Proxy.lambda$redirectCall$0(Proxy.java:26)
	at java.base/java.util.concurrent.CompletableFuture.uniComposeStage(CompletableFuture.java:1183)
	at java.base/java.util.concurrent.CompletableFuture.thenCompose(CompletableFuture.java:2299)
	at peergos.shared.corenode.Proxy.lambda$redirectCall$1(Proxy.java:19)
	at java.base/java.util.concurrent.CompletableFuture.uniComposeStage(CompletableFuture.java:1183)
	at java.base/java.util.concurrent.CompletableFuture.thenCompose(CompletableFuture.java:2299)
	at peergos.shared.corenode.Proxy.redirectCall(Proxy.java:18)
	at peergos.shared.mutable.ProxyingMutablePointers.setPointer(ProxyingMutablePointers.java:27)
	at peergos.server.net.MutationHandler.handle(MutationHandler.java:60)
	at jdk.httpserver/com.sun.net.httpserver.Filter$Chain.doFilter(Filter.java:77)
	at jdk.httpserver/sun.net.httpserver.AuthFilter.doFilter(AuthFilter.java:82)
	at jdk.httpserver/com.sun.net.httpserver.Filter$Chain.doFilter(Filter.java:80)
	at jdk.httpserver/sun.net.httpserver.ServerImpl$Exchange$LinkHandler.handle(ServerImpl.java:692)
	at jdk.httpserver/com.sun.net.httpserver.Filter$Chain.doFilter(Filter.java:77)
	at jdk.httpserver/sun.net.httpserver.ServerImpl$Exchange.run(ServerImpl.java:664)
	at java.base/java.util.concurrent.ThreadPoolExecutor.runWorker(ThreadPoolExecutor.java:1130)
	at java.base/java.util.concurrent.ThreadPoolExecutor$Worker.run(ThreadPoolExecutor.java:630)
	at java.base/java.lang.Thread.run(Thread.java:832)
java.lang.IllegalStateException: Writer not present on this server: z59vuwzfFDotY1ZyCBw5XaGyfmYcnH3YYULs66pFY3b1HhBhTZH9NJu
	at peergos.server.space.JdbcUsageStore.getWriterId(JdbcUsageStore.java:179)
	at peergos.server.space.JdbcUsageStore.getOwner(JdbcUsageStore.java:239)
	at peergos.server.space.JdbcUsageStore.getUsage(JdbcUsageStore.java:268)
	at peergos.server.space.SpaceCheckingKeyFilter.prepareMutablePointerChange(SpaceCheckingKeyFilter.java:214)
	at peergos.server.space.SpaceCheckingKeyFilter.accept(SpaceCheckingKeyFilter.java:182)
	at peergos.server.mutable.MutableEventPropagator.lambda$setPointer$0(MutableEventPropagator.java:30)
	at java.base/java.util.concurrent.CompletableFuture.uniApplyNow(CompletableFuture.java:680)
	at java.base/java.util.concurrent.CompletableFuture.uniApplyStage(CompletableFuture.java:658)
	at java.base/java.util.concurrent.CompletableFuture.thenApply(CompletableFuture.java:2158)
	at peergos.server.mutable.MutableEventPropagator.setPointer(MutableEventPropagator.java:26)
	at peergos.server.mutable.PinningMutablePointers.lambda$setPointer$2(PinningMutablePointers.java:52)
	at java.base/java.util.concurrent.CompletableFuture.uniComposeStage(CompletableFuture.java:1183)
	at java.base/java.util.concurrent.CompletableFuture.thenCompose(CompletableFuture.java:2299)
	at peergos.server.mutable.PinningMutablePointers.lambda$setPointer$3(PinningMutablePointers.java:41)
	at java.base/java.util.concurrent.CompletableFuture.uniComposeStage(CompletableFuture.java:1183)
	at java.base/java.util.concurrent.CompletableFuture.thenCompose(CompletableFuture.java:2299)
	at peergos.server.mutable.PinningMutablePointers.setPointer(PinningMutablePointers.java:33)
	at peergos.server.mutable.BlockingMutablePointers.setPointer(BlockingMutablePointers.java:21)
	at peergos.shared.mutable.ProxyingMutablePointers.lambda$setPointer$0(ProxyingMutablePointers.java:30)
	at peergos.shared.corenode.Proxy.lambda$redirectCall$0(Proxy.java:26)
	at java.base/java.util.concurrent.CompletableFuture.uniComposeStage(CompletableFuture.java:1183)
	at java.base/java.util.concurrent.CompletableFuture.thenCompose(CompletableFuture.java:2299)
	at peergos.shared.corenode.Proxy.lambda$redirectCall$1(Proxy.java:19)
	at java.base/java.util.concurrent.CompletableFuture.uniComposeStage(CompletableFuture.java:1183)
	at java.base/java.util.concurrent.CompletableFuture.thenCompose(CompletableFuture.java:2299)
	at peergos.shared.corenode.Proxy.redirectCall(Proxy.java:18)
	at peergos.shared.mutable.ProxyingMutablePointers.setPointer(ProxyingMutablePointers.java:27)
	at peergos.server.net.MutationHandler.handle(MutationHandler.java:60)
	at jdk.httpserver/com.sun.net.httpserver.Filter$Chain.doFilter(Filter.java:77)
	at jdk.httpserver/sun.net.httpserver.AuthFilter.doFilter(AuthFilter.java:82)
	at jdk.httpserver/com.sun.net.httpserver.Filter$Chain.doFilter(Filter.java:80)
	at jdk.httpserver/sun.net.httpserver.ServerImpl$Exchange$LinkHandler.handle(ServerImpl.java:692)
	at jdk.httpserver/com.sun.net.httpserver.Filter$Chain.doFilter(Filter.java:77)
	at jdk.httpserver/sun.net.httpserver.ServerImpl$Exchange.run(ServerImpl.java:664)
	at java.base/java.util.concurrent.ThreadPoolExecutor.runWorker(ThreadPoolExecutor.java:1130)
	at java.base/java.util.concurrent.ThreadPoolExecutor$Worker.run(ThreadPoolExecutor.java:630)
	at java.base/java.lang.Thread.run(Thread.java:832)
java.lang.IllegalStateException: Writer not present on this server: z59vuwzfFDozKBUJ3S6v5MDv2okHWhbDpCP1vqr7sxZs2WFUuepPtog
	at peergos.server.space.JdbcUsageStore.getWriterId(JdbcUsageStore.java:179)
	at peergos.server.space.JdbcUsageStore.getOwner(JdbcUsageStore.java:239)
	at peergos.server.space.JdbcUsageStore.getUsage(JdbcUsageStore.java:268)
	at peergos.server.space.SpaceCheckingKeyFilter.prepareMutablePointerChange(SpaceCheckingKeyFilter.java:214)
	at peergos.server.space.SpaceCheckingKeyFilter.accept(SpaceCheckingKeyFilter.java:182)
	at peergos.server.mutable.MutableEventPropagator.lambda$setPointer$0(MutableEventPropagator.java:30)
	at java.base/java.util.concurrent.CompletableFuture.uniApplyNow(CompletableFuture.java:680)
	at java.base/java.util.concurrent.CompletableFuture.uniApplyStage(CompletableFuture.java:658)
	at java.base/java.util.concurrent.CompletableFuture.thenApply(CompletableFuture.java:2158)
	at peergos.server.mutable.MutableEventPropagator.setPointer(MutableEventPropagator.java:26)
	at peergos.server.mutable.PinningMutablePointers.lambda$setPointer$2(PinningMutablePointers.java:52)
	at java.base/java.util.concurrent.CompletableFuture.uniComposeStage(CompletableFuture.java:1183)
	at java.base/java.util.concurrent.CompletableFuture.thenCompose(CompletableFuture.java:2299)
	at peergos.server.mutable.PinningMutablePointers.lambda$setPointer$3(PinningMutablePointers.java:41)
	at java.base/java.util.concurrent.CompletableFuture.uniComposeStage(CompletableFuture.java:1183)
	at java.base/java.util.concurrent.CompletableFuture.thenCompose(CompletableFuture.java:2299)
	at peergos.server.mutable.PinningMutablePointers.setPointer(PinningMutablePointers.java:33)
	at peergos.server.mutable.BlockingMutablePointers.setPointer(BlockingMutablePointers.java:21)
	at peergos.shared.mutable.ProxyingMutablePointers.lambda$setPointer$0(ProxyingMutablePointers.java:30)
	at peergos.shared.corenode.Proxy.lambda$redirectCall$0(Proxy.java:26)
	at java.base/java.util.concurrent.CompletableFuture.uniComposeStage(CompletableFuture.java:1183)
	at java.base/java.util.concurrent.CompletableFuture.thenCompose(CompletableFuture.java:2299)
	at peergos.shared.corenode.Proxy.lambda$redirectCall$1(Proxy.java:19)
	at java.base/java.util.concurrent.CompletableFuture.uniComposeStage(CompletableFuture.java:1183)
	at java.base/java.util.concurrent.CompletableFuture.thenCompose(CompletableFuture.java:2299)
	at peergos.shared.corenode.Proxy.redirectCall(Proxy.java:18)
	at peergos.shared.mutable.ProxyingMutablePointers.setPointer(ProxyingMutablePointers.java:27)
	at peergos.server.net.MutationHandler.handle(MutationHandler.java:60)
	at jdk.httpserver/com.sun.net.httpserver.Filter$Chain.doFilter(Filter.java:77)
	at jdk.httpserver/sun.net.httpserver.AuthFilter.doFilter(AuthFilter.java:82)
	at jdk.httpserver/com.sun.net.httpserver.Filter$Chain.doFilter(Filter.java:80)
	at jdk.httpserver/sun.net.httpserver.ServerImpl$Exchange$LinkHandler.handle(ServerImpl.java:692)
	at jdk.httpserver/com.sun.net.httpserver.Filter$Chain.doFilter(Filter.java:77)
	at jdk.httpserver/sun.net.httpserver.ServerImpl$Exchange.run(ServerImpl.java:664)
	at java.base/java.util.concurrent.ThreadPoolExecutor.runWorker(ThreadPoolExecutor.java:1130)
	at java.base/java.util.concurrent.ThreadPoolExecutor$Worker.run(ThreadPoolExecutor.java:630)
	at java.base/java.lang.Thread.run(Thread.java:832)
java.lang.IllegalStateException: Writer not present on this server: z59vuwzfFDozKBUJ3S6v5MDv2okHWhbDpCP1vqr7sxZs2WFUuepPtog
	at peergos.server.space.JdbcUsageStore.getWriterId(JdbcUsageStore.java:179)
	at peergos.server.space.JdbcUsageStore.getOwner(JdbcUsageStore.java:239)
	at peergos.server.space.JdbcUsageStore.getUsage(JdbcUsageStore.java:268)
	at peergos.server.space.SpaceCheckingKeyFilter.prepareMutablePointerChange(SpaceCheckingKeyFilter.java:214)
	at peergos.server.space.SpaceCheckingKeyFilter.accept(SpaceCheckingKeyFilter.java:182)
	at peergos.server.mutable.MutableEventPropagator.lambda$setPointer$0(MutableEventPropagator.java:30)
	at java.base/java.util.concurrent.CompletableFuture.uniApplyNow(CompletableFuture.java:680)
	at java.base/java.util.concurrent.CompletableFuture.uniApplyStage(CompletableFuture.java:658)
	at java.base/java.util.concurrent.CompletableFuture.thenApply(CompletableFuture.java:2158)
	at peergos.server.mutable.MutableEventPropagator.setPointer(MutableEventPropagator.java:26)
	at peergos.server.mutable.PinningMutablePointers.lambda$setPointer$2(PinningMutablePointers.java:52)
	at java.base/java.util.concurrent.CompletableFuture.uniComposeStage(CompletableFuture.java:1183)
	at java.base/java.util.concurrent.CompletableFuture.thenCompose(CompletableFuture.java:2299)
	at peergos.server.mutable.PinningMutablePointers.lambda$setPointer$3(PinningMutablePointers.java:41)
	at java.base/java.util.concurrent.CompletableFuture.uniComposeStage(CompletableFuture.java:1183)
	at java.base/java.util.concurrent.CompletableFuture.thenCompose(CompletableFuture.java:2299)
	at peergos.server.mutable.PinningMutablePointers.setPointer(PinningMutablePointers.java:33)
	at peergos.server.mutable.BlockingMutablePointers.setPointer(BlockingMutablePointers.java:21)
	at peergos.shared.mutable.ProxyingMutablePointers.lambda$setPointer$0(ProxyingMutablePointers.java:30)
	at peergos.shared.corenode.Proxy.lambda$redirectCall$0(Proxy.java:26)
	at java.base/java.util.concurrent.CompletableFuture.uniComposeStage(CompletableFuture.java:1183)
	at java.base/java.util.concurrent.CompletableFuture.thenCompose(CompletableFuture.java:2299)
	at peergos.shared.corenode.Proxy.lambda$redirectCall$1(Proxy.java:19)
	at java.base/java.util.concurrent.CompletableFuture.uniComposeStage(CompletableFuture.java:1183)
	at java.base/java.util.concurrent.CompletableFuture.thenCompose(CompletableFuture.java:2299)
	at peergos.shared.corenode.Proxy.redirectCall(Proxy.java:18)
	at peergos.shared.mutable.ProxyingMutablePointers.setPointer(ProxyingMutablePointers.java:27)
	at peergos.server.net.MutationHandler.handle(MutationHandler.java:60)
	at jdk.httpserver/com.sun.net.httpserver.Filter$Chain.doFilter(Filter.java:77)
	at jdk.httpserver/sun.net.httpserver.AuthFilter.doFilter(AuthFilter.java:82)
	at jdk.httpserver/com.sun.net.httpserver.Filter$Chain.doFilter(Filter.java:80)
	at jdk.httpserver/sun.net.httpserver.ServerImpl$Exchange$LinkHandler.handle(ServerImpl.java:692)
	at jdk.httpserver/com.sun.net.httpserver.Filter$Chain.doFilter(Filter.java:77)
	at jdk.httpserver/sun.net.httpserver.ServerImpl$Exchange.run(ServerImpl.java:664)
	at java.base/java.util.concurrent.ThreadPoolExecutor.runWorker(ThreadPoolExecutor.java:1130)
	at java.base/java.util.concurrent.ThreadPoolExecutor$Worker.run(ThreadPoolExecutor.java:630)
	at java.base/java.lang.Thread.run(Thread.java:832)
java.lang.IllegalStateException: Writer not present on this server: z59vuwzfFDotY1ZyCBw5XaGyfmYcnH3YYULs66pFY3b1HhBhTZH9NJu
	at peergos.server.space.JdbcUsageStore.getWriterId(JdbcUsageStore.java:179)
	at peergos.server.space.JdbcUsageStore.getOwner(JdbcUsageStore.java:239)
	at peergos.server.space.JdbcUsageStore.getUsage(JdbcUsageStore.java:268)
	at peergos.server.space.SpaceCheckingKeyFilter.prepareMutablePointerChange(SpaceCheckingKeyFilter.java:214)
	at peergos.server.space.SpaceCheckingKeyFilter.accept(SpaceCheckingKeyFilter.java:182)
	at peergos.server.mutable.MutableEventPropagator.lambda$setPointer$0(MutableEventPropagator.java:30)
	at java.base/java.util.concurrent.CompletableFuture.uniApplyNow(CompletableFuture.java:680)
	at java.base/java.util.concurrent.CompletableFuture.uniApplyStage(CompletableFuture.java:658)
	at java.base/java.util.concurrent.CompletableFuture.thenApply(CompletableFuture.java:2158)
	at peergos.server.mutable.MutableEventPropagator.setPointer(MutableEventPropagator.java:26)
	at peergos.server.mutable.PinningMutablePointers.lambda$setPointer$2(PinningMutablePointers.java:52)
	at java.base/java.util.concurrent.CompletableFuture.uniComposeStage(CompletableFuture.java:1183)
	at java.base/java.util.concurrent.CompletableFuture.thenCompose(CompletableFuture.java:2299)
	at peergos.server.mutable.PinningMutablePointers.lambda$setPointer$3(PinningMutablePointers.java:41)
	at java.base/java.util.concurrent.CompletableFuture.uniComposeStage(CompletableFuture.java:1183)
	at java.base/java.util.concurrent.CompletableFuture.thenCompose(CompletableFuture.java:2299)
	at peergos.server.mutable.PinningMutablePointers.setPointer(PinningMutablePointers.java:33)
	at peergos.server.mutable.BlockingMutablePointers.setPointer(BlockingMutablePointers.java:21)
	at peergos.shared.mutable.ProxyingMutablePointers.lambda$setPointer$0(ProxyingMutablePointers.java:30)
	at peergos.shared.corenode.Proxy.lambda$redirectCall$0(Proxy.java:26)
	at java.base/java.util.concurrent.CompletableFuture.uniComposeStage(CompletableFuture.java:1183)
	at java.base/java.util.concurrent.CompletableFuture.thenCompose(CompletableFuture.java:2299)
	at peergos.shared.corenode.Proxy.lambda$redirectCall$1(Proxy.java:19)
	at java.base/java.util.concurrent.CompletableFuture.uniComposeStage(CompletableFuture.java:1183)
	at java.base/java.util.concurrent.CompletableFuture.thenCompose(CompletableFuture.java:2299)
	at peergos.shared.corenode.Proxy.redirectCall(Proxy.java:18)
	at peergos.shared.mutable.ProxyingMutablePointers.setPointer(ProxyingMutablePointers.java:27)
	at peergos.server.net.MutationHandler.handle(MutationHandler.java:60)
	at jdk.httpserver/com.sun.net.httpserver.Filter$Chain.doFilter(Filter.java:77)
	at jdk.httpserver/sun.net.httpserver.AuthFilter.doFilter(AuthFilter.java:82)
	at jdk.httpserver/com.sun.net.httpserver.Filter$Chain.doFilter(Filter.java:80)
	at jdk.httpserver/sun.net.httpserver.ServerImpl$Exchange$LinkHandler.handle(ServerImpl.java:692)
	at jdk.httpserver/com.sun.net.httpserver.Filter$Chain.doFilter(Filter.java:77)
	at jdk.httpserver/sun.net.httpserver.ServerImpl$Exchange.run(ServerImpl.java:664)
	at java.base/java.util.concurrent.ThreadPoolExecutor.runWorker(ThreadPoolExecutor.java:1130)
	at java.base/java.util.concurrent.ThreadPoolExecutor$Worker.run(ThreadPoolExecutor.java:630)
	at java.base/java.lang.Thread.run(Thread.java:832)
java.lang.IllegalStateException: Writer not present on this server: z59vuwzfFDozKBUJ3S6v5MDv2okHWhbDpCP1vqr7sxZs2WFUuepPtog
	at peergos.server.space.JdbcUsageStore.getWriterId(JdbcUsageStore.java:179)
	at peergos.server.space.JdbcUsageStore.getOwner(JdbcUsageStore.java:239)
	at peergos.server.space.JdbcUsageStore.getUsage(JdbcUsageStore.java:268)
	at peergos.server.space.SpaceCheckingKeyFilter.prepareMutablePointerChange(SpaceCheckingKeyFilter.java:214)
	at peergos.server.space.SpaceCheckingKeyFilter.accept(SpaceCheckingKeyFilter.java:182)
	at peergos.server.mutable.MutableEventPropagator.lambda$setPointer$0(MutableEventPropagator.java:30)
	at java.base/java.util.concurrent.CompletableFuture.uniApplyNow(CompletableFuture.java:680)
	at java.base/java.util.concurrent.CompletableFuture.uniApplyStage(CompletableFuture.java:658)
	at java.base/java.util.concurrent.CompletableFuture.thenApply(CompletableFuture.java:2158)
	at peergos.server.mutable.MutableEventPropagator.setPointer(MutableEventPropagator.java:26)
	at peergos.server.mutable.PinningMutablePointers.lambda$setPointer$2(PinningMutablePointers.java:52)
	at java.base/java.util.concurrent.CompletableFuture.uniComposeStage(CompletableFuture.java:1183)
	at java.base/java.util.concurrent.CompletableFuture.thenCompose(CompletableFuture.java:2299)
	at peergos.server.mutable.PinningMutablePointers.lambda$setPointer$3(PinningMutablePointers.java:41)
	at java.base/java.util.concurrent.CompletableFuture.uniComposeStage(CompletableFuture.java:1183)
	at java.base/java.util.concurrent.CompletableFuture.thenCompose(CompletableFuture.java:2299)
	at peergos.server.mutable.PinningMutablePointers.setPointer(PinningMutablePointers.java:33)
	at peergos.server.mutable.BlockingMutablePointers.setPointer(BlockingMutablePointers.java:21)
	at peergos.shared.mutable.ProxyingMutablePointers.lambda$setPointer$0(ProxyingMutablePointers.java:30)
	at peergos.shared.corenode.Proxy.lambda$redirectCall$0(Proxy.java:26)
	at java.base/java.util.concurrent.CompletableFuture.uniComposeStage(CompletableFuture.java:1183)
	at java.base/java.util.concurrent.CompletableFuture.thenCompose(CompletableFuture.java:2299)
	at peergos.shared.corenode.Proxy.lambda$redirectCall$1(Proxy.java:19)
	at java.base/java.util.concurrent.CompletableFuture.uniComposeStage(CompletableFuture.java:1183)
	at java.base/java.util.concurrent.CompletableFuture.thenCompose(CompletableFuture.java:2299)
	at peergos.shared.corenode.Proxy.redirectCall(Proxy.java:18)
	at peergos.shared.mutable.ProxyingMutablePointers.setPointer(ProxyingMutablePointers.java:27)
	at peergos.server.net.MutationHandler.handle(MutationHandler.java:60)
	at jdk.httpserver/com.sun.net.httpserver.Filter$Chain.doFilter(Filter.java:77)
	at jdk.httpserver/sun.net.httpserver.AuthFilter.doFilter(AuthFilter.java:82)
	at jdk.httpserver/com.sun.net.httpserver.Filter$Chain.doFilter(Filter.java:80)
	at jdk.httpserver/sun.net.httpserver.ServerImpl$Exchange$LinkHandler.handle(ServerImpl.java:692)
	at jdk.httpserver/com.sun.net.httpserver.Filter$Chain.doFilter(Filter.java:77)
	at jdk.httpserver/sun.net.httpserver.ServerImpl$Exchange.run(ServerImpl.java:664)
	at java.base/java.util.concurrent.ThreadPoolExecutor.runWorker(ThreadPoolExecutor.java:1130)
	at java.base/java.util.concurrent.ThreadPoolExecutor$Worker.run(ThreadPoolExecutor.java:630)
	at java.base/java.lang.Thread.run(Thread.java:832)
java.lang.IllegalStateException: Writer not present on this server: z59vuwzfFDozKBUJ3S6v5MDv2okHWhbDpCP1vqr7sxZs2WFUuepPtog
	at peergos.server.space.JdbcUsageStore.getWriterId(JdbcUsageStore.java:179)
	at peergos.server.space.JdbcUsageStore.getOwner(JdbcUsageStore.java:239)
	at peergos.server.space.JdbcUsageStore.getUsage(JdbcUsageStore.java:268)
	at peergos.server.space.SpaceCheckingKeyFilter.prepareMutablePointerChange(SpaceCheckingKeyFilter.java:214)
	at peergos.server.space.SpaceCheckingKeyFilter.accept(SpaceCheckingKeyFilter.java:182)
	at peergos.server.mutable.MutableEventPropagator.lambda$setPointer$0(MutableEventPropagator.java:30)
	at java.base/java.util.concurrent.CompletableFuture.uniApplyNow(CompletableFuture.java:680)
	at java.base/java.util.concurrent.CompletableFuture.uniApplyStage(CompletableFuture.java:658)
	at java.base/java.util.concurrent.CompletableFuture.thenApply(CompletableFuture.java:2158)
	at peergos.server.mutable.MutableEventPropagator.setPointer(MutableEventPropagator.java:26)
	at peergos.server.mutable.PinningMutablePointers.lambda$setPointer$2(PinningMutablePointers.java:52)
	at java.base/java.util.concurrent.CompletableFuture.uniComposeStage(CompletableFuture.java:1183)
	at java.base/java.util.concurrent.CompletableFuture.thenCompose(CompletableFuture.java:2299)
	at peergos.server.mutable.PinningMutablePointers.lambda$setPointer$3(PinningMutablePointers.java:41)
	at java.base/java.util.concurrent.CompletableFuture.uniComposeStage(CompletableFuture.java:1183)
	at java.base/java.util.concurrent.CompletableFuture.thenCompose(CompletableFuture.java:2299)
	at peergos.server.mutable.PinningMutablePointers.setPointer(PinningMutablePointers.java:33)
	at peergos.server.mutable.BlockingMutablePointers.setPointer(BlockingMutablePointers.java:21)
	at peergos.shared.mutable.ProxyingMutablePointers.lambda$setPointer$0(ProxyingMutablePointers.java:30)
	at peergos.shared.corenode.Proxy.lambda$redirectCall$0(Proxy.java:26)
	at java.base/java.util.concurrent.CompletableFuture.uniComposeStage(CompletableFuture.java:1183)
	at java.base/java.util.concurrent.CompletableFuture.thenCompose(CompletableFuture.java:2299)
	at peergos.shared.corenode.Proxy.lambda$redirectCall$1(Proxy.java:19)
	at java.base/java.util.concurrent.CompletableFuture.uniComposeStage(CompletableFuture.java:1183)
	at java.base/java.util.concurrent.CompletableFuture.thenCompose(CompletableFuture.java:2299)
	at peergos.shared.corenode.Proxy.redirectCall(Proxy.java:18)
	at peergos.shared.mutable.ProxyingMutablePointers.setPointer(ProxyingMutablePointers.java:27)
	at peergos.server.net.MutationHandler.handle(MutationHandler.java:60)
	at jdk.httpserver/com.sun.net.httpserver.Filter$Chain.doFilter(Filter.java:77)
	at jdk.httpserver/sun.net.httpserver.AuthFilter.doFilter(AuthFilter.java:82)
	at jdk.httpserver/com.sun.net.httpserver.Filter$Chain.doFilter(Filter.java:80)
	at jdk.httpserver/sun.net.httpserver.ServerImpl$Exchange$LinkHandler.handle(ServerImpl.java:692)
	at jdk.httpserver/com.sun.net.httpserver.Filter$Chain.doFilter(Filter.java:77)
	at jdk.httpserver/sun.net.httpserver.ServerImpl$Exchange.run(ServerImpl.java:664)
	at java.base/java.util.concurrent.ThreadPoolExecutor.runWorker(ThreadPoolExecutor.java:1130)
	at java.base/java.util.concurrent.ThreadPoolExecutor$Worker.run(ThreadPoolExecutor.java:630)
	at java.base/java.lang.Thread.run(Thread.java:832)
java.lang.IllegalStateException: Writer not present on this server: z59vuwzfFDozKBUJ3S6v5MDv2okHWhbDpCP1vqr7sxZs2WFUuepPtog
	at peergos.server.space.JdbcUsageStore.getWriterId(JdbcUsageStore.java:179)
	at peergos.server.space.JdbcUsageStore.getOwner(JdbcUsageStore.java:239)
	at peergos.server.space.JdbcUsageStore.getUsage(JdbcUsageStore.java:268)
	at peergos.server.space.SpaceCheckingKeyFilter.prepareMutablePointerChange(SpaceCheckingKeyFilter.java:214)
	at peergos.server.space.SpaceCheckingKeyFilter.accept(SpaceCheckingKeyFilter.java:182)
	at peergos.server.mutable.MutableEventPropagator.lambda$setPointer$0(MutableEventPropagator.java:30)
	at java.base/java.util.concurrent.CompletableFuture.uniApplyNow(CompletableFuture.java:680)
	at java.base/java.util.concurrent.CompletableFuture.uniApplyStage(CompletableFuture.java:658)
	at java.base/java.util.concurrent.CompletableFuture.thenApply(CompletableFuture.java:2158)
	at peergos.server.mutable.MutableEventPropagator.setPointer(MutableEventPropagator.java:26)
	at peergos.server.mutable.PinningMutablePointers.lambda$setPointer$2(PinningMutablePointers.java:52)
	at java.base/java.util.concurrent.CompletableFuture.uniComposeStage(CompletableFuture.java:1183)
	at java.base/java.util.concurrent.CompletableFuture.thenCompose(CompletableFuture.java:2299)
	at peergos.server.mutable.PinningMutablePointers.lambda$setPointer$3(PinningMutablePointers.java:41)
	at java.base/java.util.concurrent.CompletableFuture.uniComposeStage(CompletableFuture.java:1183)
	at java.base/java.util.concurrent.CompletableFuture.thenCompose(CompletableFuture.java:2299)
	at peergos.server.mutable.PinningMutablePointers.setPointer(PinningMutablePointers.java:33)
	at peergos.server.mutable.BlockingMutablePointers.setPointer(BlockingMutablePointers.java:21)
	at peergos.shared.mutable.ProxyingMutablePointers.lambda$setPointer$0(ProxyingMutablePointers.java:30)
	at peergos.shared.corenode.Proxy.lambda$redirectCall$0(Proxy.java:26)
	at java.base/java.util.concurrent.CompletableFuture.uniComposeStage(CompletableFuture.java:1183)
	at java.base/java.util.concurrent.CompletableFuture.thenCompose(CompletableFuture.java:2299)
	at peergos.shared.corenode.Proxy.lambda$redirectCall$1(Proxy.java:19)
	at java.base/java.util.concurrent.CompletableFuture.uniComposeStage(CompletableFuture.java:1183)
	at java.base/java.util.concurrent.CompletableFuture.thenCompose(CompletableFuture.java:2299)
	at peergos.shared.corenode.Proxy.redirectCall(Proxy.java:18)
	at peergos.shared.mutable.ProxyingMutablePointers.setPointer(ProxyingMutablePointers.java:27)
	at peergos.server.net.MutationHandler.handle(MutationHandler.java:60)
	at jdk.httpserver/com.sun.net.httpserver.Filter$Chain.doFilter(Filter.java:77)
	at jdk.httpserver/sun.net.httpserver.AuthFilter.doFilter(AuthFilter.java:82)
	at jdk.httpserver/com.sun.net.httpserver.Filter$Chain.doFilter(Filter.java:80)
	at jdk.httpserver/sun.net.httpserver.ServerImpl$Exchange$LinkHandler.handle(ServerImpl.java:692)
	at jdk.httpserver/com.sun.net.httpserver.Filter$Chain.doFilter(Filter.java:77)
	at jdk.httpserver/sun.net.httpserver.ServerImpl$Exchange.run(ServerImpl.java:664)
	at java.base/java.util.concurrent.ThreadPoolExecutor.runWorker(ThreadPoolExecutor.java:1130)
	at java.base/java.util.concurrent.ThreadPoolExecutor$Worker.run(ThreadPoolExecutor.java:630)
	at java.base/java.lang.Thread.run(Thread.java:832)
java.lang.IllegalStateException: Writer not present on this server: z59vuwzfFDozKBUJ3S6v5MDv2okHWhbDpCP1vqr7sxZs2WFUuepPtog
	at peergos.server.space.JdbcUsageStore.getWriterId(JdbcUsageStore.java:179)
	at peergos.server.space.JdbcUsageStore.getOwner(JdbcUsageStore.java:239)
	at peergos.server.space.JdbcUsageStore.getUsage(JdbcUsageStore.java:268)
	at peergos.server.space.SpaceCheckingKeyFilter.prepareMutablePointerChange(SpaceCheckingKeyFilter.java:214)
	at peergos.server.space.SpaceCheckingKeyFilter.accept(SpaceCheckingKeyFilter.java:182)
	at peergos.server.mutable.MutableEventPropagator.lambda$setPointer$0(MutableEventPropagator.java:30)
	at java.base/java.util.concurrent.CompletableFuture.uniApplyNow(CompletableFuture.java:680)
	at java.base/java.util.concurrent.CompletableFuture.uniApplyStage(CompletableFuture.java:658)
	at java.base/java.util.concurrent.CompletableFuture.thenApply(CompletableFuture.java:2158)
	at peergos.server.mutable.MutableEventPropagator.setPointer(MutableEventPropagator.java:26)
	at peergos.server.mutable.PinningMutablePointers.lambda$setPointer$2(PinningMutablePointers.java:52)
	at java.base/java.util.concurrent.CompletableFuture.uniComposeStage(CompletableFuture.java:1183)
	at java.base/java.util.concurrent.CompletableFuture.thenCompose(CompletableFuture.java:2299)
	at peergos.server.mutable.PinningMutablePointers.lambda$setPointer$3(PinningMutablePointers.java:41)
	at java.base/java.util.concurrent.CompletableFuture.uniComposeStage(CompletableFuture.java:1183)
	at java.base/java.util.concurrent.CompletableFuture.thenCompose(CompletableFuture.java:2299)
	at peergos.server.mutable.PinningMutablePointers.setPointer(PinningMutablePointers.java:33)
	at peergos.server.mutable.BlockingMutablePointers.setPointer(BlockingMutablePointers.java:21)
	at peergos.shared.mutable.ProxyingMutablePointers.lambda$setPointer$0(ProxyingMutablePointers.java:30)
	at peergos.shared.corenode.Proxy.lambda$redirectCall$0(Proxy.java:26)
	at java.base/java.util.concurrent.CompletableFuture.uniComposeStage(CompletableFuture.java:1183)
	at java.base/java.util.concurrent.CompletableFuture.thenCompose(CompletableFuture.java:2299)
	at peergos.shared.corenode.Proxy.lambda$redirectCall$1(Proxy.java:19)
	at java.base/java.util.concurrent.CompletableFuture.uniComposeStage(CompletableFuture.java:1183)
	at java.base/java.util.concurrent.CompletableFuture.thenCompose(CompletableFuture.java:2299)
	at peergos.shared.corenode.Proxy.redirectCall(Proxy.java:18)
	at peergos.shared.mutable.ProxyingMutablePointers.setPointer(ProxyingMutablePointers.java:27)
	at peergos.server.net.MutationHandler.handle(MutationHandler.java:60)
	at jdk.httpserver/com.sun.net.httpserver.Filter$Chain.doFilter(Filter.java:77)
	at jdk.httpserver/sun.net.httpserver.AuthFilter.doFilter(AuthFilter.java:82)
	at jdk.httpserver/com.sun.net.httpserver.Filter$Chain.doFilter(Filter.java:80)
	at jdk.httpserver/sun.net.httpserver.ServerImpl$Exchange$LinkHandler.handle(ServerImpl.java:692)
	at jdk.httpserver/com.sun.net.httpserver.Filter$Chain.doFilter(Filter.java:77)
	at jdk.httpserver/sun.net.httpserver.ServerImpl$Exchange.run(ServerImpl.java:664)
	at java.base/java.util.concurrent.ThreadPoolExecutor.runWorker(ThreadPoolExecutor.java:1130)
	at java.base/java.util.concurrent.ThreadPoolExecutor$Worker.run(ThreadPoolExecutor.java:630)
	at java.base/java.lang.Thread.run(Thread.java:832)
java.lang.IllegalStateException: Writer not present on this server: z59vuwzfFDozKBUJ3S6v5MDv2okHWhbDpCP1vqr7sxZs2WFUuepPtog
	at peergos.server.space.JdbcUsageStore.getWriterId(JdbcUsageStore.java:179)
	at peergos.server.space.JdbcUsageStore.getOwner(JdbcUsageStore.java:239)
	at peergos.server.space.JdbcUsageStore.getUsage(JdbcUsageStore.java:268)
	at peergos.server.space.SpaceCheckingKeyFilter.prepareMutablePointerChange(SpaceCheckingKeyFilter.java:214)
	at peergos.server.space.SpaceCheckingKeyFilter.accept(SpaceCheckingKeyFilter.java:182)
	at peergos.server.mutable.MutableEventPropagator.lambda$setPointer$0(MutableEventPropagator.java:30)
	at java.base/java.util.concurrent.CompletableFuture.uniApplyNow(CompletableFuture.java:680)
	at java.base/java.util.concurrent.CompletableFuture.uniApplyStage(CompletableFuture.java:658)
	at java.base/java.util.concurrent.CompletableFuture.thenApply(CompletableFuture.java:2158)
	at peergos.server.mutable.MutableEventPropagator.setPointer(MutableEventPropagator.java:26)
	at peergos.server.mutable.PinningMutablePointers.lambda$setPointer$2(PinningMutablePointers.java:52)
	at java.base/java.util.concurrent.CompletableFuture.uniComposeStage(CompletableFuture.java:1183)
	at java.base/java.util.concurrent.CompletableFuture.thenCompose(CompletableFuture.java:2299)
	at peergos.server.mutable.PinningMutablePointers.lambda$setPointer$3(PinningMutablePointers.java:41)
	at java.base/java.util.concurrent.CompletableFuture.uniComposeStage(CompletableFuture.java:1183)
	at java.base/java.util.concurrent.CompletableFuture.thenCompose(CompletableFuture.java:2299)
	at peergos.server.mutable.PinningMutablePointers.setPointer(PinningMutablePointers.java:33)
	at peergos.server.mutable.BlockingMutablePointers.setPointer(BlockingMutablePointers.java:21)
	at peergos.shared.mutable.ProxyingMutablePointers.lambda$setPointer$0(ProxyingMutablePointers.java:30)
	at peergos.shared.corenode.Proxy.lambda$redirectCall$0(Proxy.java:26)
	at java.base/java.util.concurrent.CompletableFuture.uniComposeStage(CompletableFuture.java:1183)
	at java.base/java.util.concurrent.CompletableFuture.thenCompose(CompletableFuture.java:2299)
	at peergos.shared.corenode.Proxy.lambda$redirectCall$1(Proxy.java:19)
	at java.base/java.util.concurrent.CompletableFuture.uniComposeStage(CompletableFuture.java:1183)
	at java.base/java.util.concurrent.CompletableFuture.thenCompose(CompletableFuture.java:2299)
	at peergos.shared.corenode.Proxy.redirectCall(Proxy.java:18)
	at peergos.shared.mutable.ProxyingMutablePointers.setPointer(ProxyingMutablePointers.java:27)
	at peergos.server.net.MutationHandler.handle(MutationHandler.java:60)
	at jdk.httpserver/com.sun.net.httpserver.Filter$Chain.doFilter(Filter.java:77)
	at jdk.httpserver/sun.net.httpserver.AuthFilter.doFilter(AuthFilter.java:82)
	at jdk.httpserver/com.sun.net.httpserver.Filter$Chain.doFilter(Filter.java:80)
	at jdk.httpserver/sun.net.httpserver.ServerImpl$Exchange$LinkHandler.handle(ServerImpl.java:692)
	at jdk.httpserver/com.sun.net.httpserver.Filter$Chain.doFilter(Filter.java:77)
	at jdk.httpserver/sun.net.httpserver.ServerImpl$Exchange.run(ServerImpl.java:664)
	at java.base/java.util.concurrent.ThreadPoolExecutor.runWorker(ThreadPoolExecutor.java:1130)
	at java.base/java.util.concurrent.ThreadPoolExecutor$Worker.run(ThreadPoolExecutor.java:630)
	at java.base/java.lang.Thread.run(Thread.java:832)
java.lang.IllegalStateException: Writer not present on this server: z59vuwzfFDozKBUJ3S6v5MDv2okHWhbDpCP1vqr7sxZs2WFUuepPtog
	at peergos.server.space.JdbcUsageStore.getWriterId(JdbcUsageStore.java:179)
	at peergos.server.space.JdbcUsageStore.getOwner(JdbcUsageStore.java:239)
	at peergos.server.space.JdbcUsageStore.getUsage(JdbcUsageStore.java:268)
	at peergos.server.space.SpaceCheckingKeyFilter.prepareMutablePointerChange(SpaceCheckingKeyFilter.java:214)
	at peergos.server.space.SpaceCheckingKeyFilter.accept(SpaceCheckingKeyFilter.java:182)
	at peergos.server.mutable.MutableEventPropagator.lambda$setPointer$0(MutableEventPropagator.java:30)
	at java.base/java.util.concurrent.CompletableFuture.uniApplyNow(CompletableFuture.java:680)
	at java.base/java.util.concurrent.CompletableFuture.uniApplyStage(CompletableFuture.java:658)
	at java.base/java.util.concurrent.CompletableFuture.thenApply(CompletableFuture.java:2158)
	at peergos.server.mutable.MutableEventPropagator.setPointer(MutableEventPropagator.java:26)
	at peergos.server.mutable.PinningMutablePointers.lambda$setPointer$2(PinningMutablePointers.java:52)
	at java.base/java.util.concurrent.CompletableFuture.uniComposeStage(CompletableFuture.java:1183)
	at java.base/java.util.concurrent.CompletableFuture.thenCompose(CompletableFuture.java:2299)
	at peergos.server.mutable.PinningMutablePointers.lambda$setPointer$3(PinningMutablePointers.java:41)
	at java.base/java.util.concurrent.CompletableFuture.uniComposeStage(CompletableFuture.java:1183)
	at java.base/java.util.concurrent.CompletableFuture.thenCompose(CompletableFuture.java:2299)
	at peergos.server.mutable.PinningMutablePointers.setPointer(PinningMutablePointers.java:33)
	at peergos.server.mutable.BlockingMutablePointers.setPointer(BlockingMutablePointers.java:21)
	at peergos.shared.mutable.ProxyingMutablePointers.lambda$setPointer$0(ProxyingMutablePointers.java:30)
	at peergos.shared.corenode.Proxy.lambda$redirectCall$0(Proxy.java:26)
	at java.base/java.util.concurrent.CompletableFuture.uniComposeStage(CompletableFuture.java:1183)
	at java.base/java.util.concurrent.CompletableFuture.thenCompose(CompletableFuture.java:2299)
	at peergos.shared.corenode.Proxy.lambda$redirectCall$1(Proxy.java:19)
	at java.base/java.util.concurrent.CompletableFuture.uniComposeStage(CompletableFuture.java:1183)
	at java.base/java.util.concurrent.CompletableFuture.thenCompose(CompletableFuture.java:2299)
	at peergos.shared.corenode.Proxy.redirectCall(Proxy.java:18)
	at peergos.shared.mutable.ProxyingMutablePointers.setPointer(ProxyingMutablePointers.java:27)
	at peergos.server.net.MutationHandler.handle(MutationHandler.java:60)
	at jdk.httpserver/com.sun.net.httpserver.Filter$Chain.doFilter(Filter.java:77)
	at jdk.httpserver/sun.net.httpserver.AuthFilter.doFilter(AuthFilter.java:82)
	at jdk.httpserver/com.sun.net.httpserver.Filter$Chain.doFilter(Filter.java:80)
	at jdk.httpserver/sun.net.httpserver.ServerImpl$Exchange$LinkHandler.handle(ServerImpl.java:692)
	at jdk.httpserver/com.sun.net.httpserver.Filter$Chain.doFilter(Filter.java:77)
	at jdk.httpserver/sun.net.httpserver.ServerImpl$Exchange.run(ServerImpl.java:664)
	at java.base/java.util.concurrent.ThreadPoolExecutor.runWorker(ThreadPoolExecutor.java:1130)
	at java.base/java.util.concurrent.ThreadPoolExecutor$Worker.run(ThreadPoolExecutor.java:630)
	at java.base/java.lang.Thread.run(Thread.java:832)
Trailer:User+already+exists%3A+Invalid+key+change+attempt%21
java.lang.IllegalStateException: Writer not present on this server: z59vuwzfFDoo7338a2vS6FNRQGrAdqWZg5cWmnci31gUzMiKLoKiu6e
	at peergos.server.space.JdbcUsageStore.getWriterId(JdbcUsageStore.java:179)
	at peergos.server.space.JdbcUsageStore.getOwner(JdbcUsageStore.java:239)
	at peergos.server.space.JdbcUsageStore.getUsage(JdbcUsageStore.java:268)
	at peergos.server.space.SpaceCheckingKeyFilter.prepareMutablePointerChange(SpaceCheckingKeyFilter.java:214)
	at peergos.server.space.SpaceCheckingKeyFilter.accept(SpaceCheckingKeyFilter.java:182)
	at peergos.server.mutable.MutableEventPropagator.lambda$setPointer$0(MutableEventPropagator.java:30)
	at java.base/java.util.concurrent.CompletableFuture.uniApplyNow(CompletableFuture.java:680)
	at java.base/java.util.concurrent.CompletableFuture.uniApplyStage(CompletableFuture.java:658)
	at java.base/java.util.concurrent.CompletableFuture.thenApply(CompletableFuture.java:2158)
	at peergos.server.mutable.MutableEventPropagator.setPointer(MutableEventPropagator.java:26)
	at peergos.server.mutable.PinningMutablePointers.lambda$setPointer$2(PinningMutablePointers.java:52)
	at java.base/java.util.concurrent.CompletableFuture.uniComposeStage(CompletableFuture.java:1183)
	at java.base/java.util.concurrent.CompletableFuture.thenCompose(CompletableFuture.java:2299)
	at peergos.server.mutable.PinningMutablePointers.lambda$setPointer$3(PinningMutablePointers.java:41)
	at java.base/java.util.concurrent.CompletableFuture.uniComposeStage(CompletableFuture.java:1183)
	at java.base/java.util.concurrent.CompletableFuture.thenCompose(CompletableFuture.java:2299)
	at peergos.server.mutable.PinningMutablePointers.setPointer(PinningMutablePointers.java:33)
	at peergos.server.mutable.BlockingMutablePointers.setPointer(BlockingMutablePointers.java:21)
	at peergos.shared.mutable.ProxyingMutablePointers.lambda$setPointer$0(ProxyingMutablePointers.java:30)
	at peergos.shared.corenode.Proxy.lambda$redirectCall$0(Proxy.java:26)
	at java.base/java.util.concurrent.CompletableFuture.uniComposeStage(CompletableFuture.java:1183)
	at java.base/java.util.concurrent.CompletableFuture.thenCompose(CompletableFuture.java:2299)
	at peergos.shared.corenode.Proxy.lambda$redirectCall$1(Proxy.java:19)
	at java.base/java.util.concurrent.CompletableFuture.uniComposeStage(CompletableFuture.java:1183)
	at java.base/java.util.concurrent.CompletableFuture.thenCompose(CompletableFuture.java:2299)
	at peergos.shared.corenode.Proxy.redirectCall(Proxy.java:18)
	at peergos.shared.mutable.ProxyingMutablePointers.setPointer(ProxyingMutablePointers.java:27)
	at peergos.server.net.MutationHandler.handle(MutationHandler.java:60)
	at jdk.httpserver/com.sun.net.httpserver.Filter$Chain.doFilter(Filter.java:77)
	at jdk.httpserver/sun.net.httpserver.AuthFilter.doFilter(AuthFilter.java:82)
	at jdk.httpserver/com.sun.net.httpserver.Filter$Chain.doFilter(Filter.java:80)
	at jdk.httpserver/sun.net.httpserver.ServerImpl$Exchange$LinkHandler.handle(ServerImpl.java:692)
	at jdk.httpserver/com.sun.net.httpserver.Filter$Chain.doFilter(Filter.java:77)
	at jdk.httpserver/sun.net.httpserver.ServerImpl$Exchange.run(ServerImpl.java:664)
	at java.base/java.util.concurrent.ThreadPoolExecutor.runWorker(ThreadPoolExecutor.java:1130)
	at java.base/java.util.concurrent.ThreadPoolExecutor$Worker.run(ThreadPoolExecutor.java:630)
	at java.base/java.lang.Thread.run(Thread.java:832)
java.lang.IllegalStateException: Writer not present on this server: z59vuwzfFDoo7338a2vS6FNRQGrAdqWZg5cWmnci31gUzMiKLoKiu6e
	at peergos.server.space.JdbcUsageStore.getWriterId(JdbcUsageStore.java:179)
	at peergos.server.space.JdbcUsageStore.getOwner(JdbcUsageStore.java:239)
	at peergos.server.space.JdbcUsageStore.getUsage(JdbcUsageStore.java:268)
	at peergos.server.space.SpaceCheckingKeyFilter.prepareMutablePointerChange(SpaceCheckingKeyFilter.java:214)
	at peergos.server.space.SpaceCheckingKeyFilter.accept(SpaceCheckingKeyFilter.java:182)
	at peergos.server.mutable.MutableEventPropagator.lambda$setPointer$0(MutableEventPropagator.java:30)
	at java.base/java.util.concurrent.CompletableFuture.uniApplyNow(CompletableFuture.java:680)
	at java.base/java.util.concurrent.CompletableFuture.uniApplyStage(CompletableFuture.java:658)
	at java.base/java.util.concurrent.CompletableFuture.thenApply(CompletableFuture.java:2158)
	at peergos.server.mutable.MutableEventPropagator.setPointer(MutableEventPropagator.java:26)
	at peergos.server.mutable.PinningMutablePointers.lambda$setPointer$2(PinningMutablePointers.java:52)
	at java.base/java.util.concurrent.CompletableFuture.uniComposeStage(CompletableFuture.java:1183)
	at java.base/java.util.concurrent.CompletableFuture.thenCompose(CompletableFuture.java:2299)
	at peergos.server.mutable.PinningMutablePointers.lambda$setPointer$3(PinningMutablePointers.java:41)
	at java.base/java.util.concurrent.CompletableFuture.uniComposeStage(CompletableFuture.java:1183)
	at java.base/java.util.concurrent.CompletableFuture.thenCompose(CompletableFuture.java:2299)
	at peergos.server.mutable.PinningMutablePointers.setPointer(PinningMutablePointers.java:33)
	at peergos.server.mutable.BlockingMutablePointers.setPointer(BlockingMutablePointers.java:21)
	at peergos.shared.mutable.ProxyingMutablePointers.lambda$setPointer$0(ProxyingMutablePointers.java:30)
	at peergos.shared.corenode.Proxy.lambda$redirectCall$0(Proxy.java:26)
	at java.base/java.util.concurrent.CompletableFuture.uniComposeStage(CompletableFuture.java:1183)
	at java.base/java.util.concurrent.CompletableFuture.thenCompose(CompletableFuture.java:2299)
	at peergos.shared.corenode.Proxy.lambda$redirectCall$1(Proxy.java:19)
	at java.base/java.util.concurrent.CompletableFuture.uniComposeStage(CompletableFuture.java:1183)
	at java.base/java.util.concurrent.CompletableFuture.thenCompose(CompletableFuture.java:2299)
	at peergos.shared.corenode.Proxy.redirectCall(Proxy.java:18)
	at peergos.shared.mutable.ProxyingMutablePointers.setPointer(ProxyingMutablePointers.java:27)
	at peergos.server.net.MutationHandler.handle(MutationHandler.java:60)
	at jdk.httpserver/com.sun.net.httpserver.Filter$Chain.doFilter(Filter.java:77)
	at jdk.httpserver/sun.net.httpserver.AuthFilter.doFilter(AuthFilter.java:82)
	at jdk.httpserver/com.sun.net.httpserver.Filter$Chain.doFilter(Filter.java:80)
	at jdk.httpserver/sun.net.httpserver.ServerImpl$Exchange$LinkHandler.handle(ServerImpl.java:692)
	at jdk.httpserver/com.sun.net.httpserver.Filter$Chain.doFilter(Filter.java:77)
	at jdk.httpserver/sun.net.httpserver.ServerImpl$Exchange.run(ServerImpl.java:664)
	at java.base/java.util.concurrent.ThreadPoolExecutor.runWorker(ThreadPoolExecutor.java:1130)
	at java.base/java.util.concurrent.ThreadPoolExecutor$Worker.run(ThreadPoolExecutor.java:630)
	at java.base/java.lang.Thread.run(Thread.java:832)
java.lang.IllegalStateException: Writer not present on this server: z59vuwzfFDooKSNLfNxo8NFyL3Ef1T1sfb1r916HJYZPDyFJNTTZymk
	at peergos.server.space.JdbcUsageStore.getWriterId(JdbcUsageStore.java:179)
	at peergos.server.space.JdbcUsageStore.getOwner(JdbcUsageStore.java:239)
	at peergos.server.space.JdbcUsageStore.getUsage(JdbcUsageStore.java:268)
	at peergos.server.space.SpaceCheckingKeyFilter.prepareMutablePointerChange(SpaceCheckingKeyFilter.java:214)
	at peergos.server.space.SpaceCheckingKeyFilter.accept(SpaceCheckingKeyFilter.java:182)
	at peergos.server.mutable.MutableEventPropagator.lambda$setPointer$0(MutableEventPropagator.java:30)
	at java.base/java.util.concurrent.CompletableFuture.uniApplyNow(CompletableFuture.java:680)
	at java.base/java.util.concurrent.CompletableFuture.uniApplyStage(CompletableFuture.java:658)
	at java.base/java.util.concurrent.CompletableFuture.thenApply(CompletableFuture.java:2158)
	at peergos.server.mutable.MutableEventPropagator.setPointer(MutableEventPropagator.java:26)
	at peergos.server.mutable.PinningMutablePointers.lambda$setPointer$2(PinningMutablePointers.java:52)
	at java.base/java.util.concurrent.CompletableFuture.uniComposeStage(CompletableFuture.java:1183)
	at java.base/java.util.concurrent.CompletableFuture.thenCompose(CompletableFuture.java:2299)
	at peergos.server.mutable.PinningMutablePointers.lambda$setPointer$3(PinningMutablePointers.java:41)
	at java.base/java.util.concurrent.CompletableFuture.uniComposeStage(CompletableFuture.java:1183)
	at java.base/java.util.concurrent.CompletableFuture.thenCompose(CompletableFuture.java:2299)
	at peergos.server.mutable.PinningMutablePointers.setPointer(PinningMutablePointers.java:33)
	at peergos.server.mutable.BlockingMutablePointers.setPointer(BlockingMutablePointers.java:21)
	at peergos.shared.mutable.ProxyingMutablePointers.lambda$setPointer$0(ProxyingMutablePointers.java:30)
	at peergos.shared.corenode.Proxy.lambda$redirectCall$0(Proxy.java:26)
	at java.base/java.util.concurrent.CompletableFuture.uniComposeStage(CompletableFuture.java:1183)
	at java.base/java.util.concurrent.CompletableFuture.thenCompose(CompletableFuture.java:2299)
	at peergos.shared.corenode.Proxy.lambda$redirectCall$1(Proxy.java:19)
	at java.base/java.util.concurrent.CompletableFuture.uniComposeStage(CompletableFuture.java:1183)
	at java.base/java.util.concurrent.CompletableFuture.thenCompose(CompletableFuture.java:2299)
	at peergos.shared.corenode.Proxy.redirectCall(Proxy.java:18)
	at peergos.shared.mutable.ProxyingMutablePointers.setPointer(ProxyingMutablePointers.java:27)
	at peergos.server.net.MutationHandler.handle(MutationHandler.java:60)
	at jdk.httpserver/com.sun.net.httpserver.Filter$Chain.doFilter(Filter.java:77)
	at jdk.httpserver/sun.net.httpserver.AuthFilter.doFilter(AuthFilter.java:82)
	at jdk.httpserver/com.sun.net.httpserver.Filter$Chain.doFilter(Filter.java:80)
	at jdk.httpserver/sun.net.httpserver.ServerImpl$Exchange$LinkHandler.handle(ServerImpl.java:692)
	at jdk.httpserver/com.sun.net.httpserver.Filter$Chain.doFilter(Filter.java:77)
	at jdk.httpserver/sun.net.httpserver.ServerImpl$Exchange.run(ServerImpl.java:664)
	at java.base/java.util.concurrent.ThreadPoolExecutor.runWorker(ThreadPoolExecutor.java:1130)
	at java.base/java.util.concurrent.ThreadPoolExecutor$Worker.run(ThreadPoolExecutor.java:630)
	at java.base/java.lang.Thread.run(Thread.java:832)
java.lang.IllegalStateException: Writer not present on this server: z59vuwzfFDooKSNLfNxo8NFyL3Ef1T1sfb1r916HJYZPDyFJNTTZymk
	at peergos.server.space.JdbcUsageStore.getWriterId(JdbcUsageStore.java:179)
	at peergos.server.space.JdbcUsageStore.getOwner(JdbcUsageStore.java:239)
	at peergos.server.space.JdbcUsageStore.getUsage(JdbcUsageStore.java:268)
	at peergos.server.space.SpaceCheckingKeyFilter.prepareMutablePointerChange(SpaceCheckingKeyFilter.java:214)
	at peergos.server.space.SpaceCheckingKeyFilter.accept(SpaceCheckingKeyFilter.java:182)
	at peergos.server.mutable.MutableEventPropagator.lambda$setPointer$0(MutableEventPropagator.java:30)
	at java.base/java.util.concurrent.CompletableFuture.uniApplyNow(CompletableFuture.java:680)
	at java.base/java.util.concurrent.CompletableFuture.uniApplyStage(CompletableFuture.java:658)
	at java.base/java.util.concurrent.CompletableFuture.thenApply(CompletableFuture.java:2158)
	at peergos.server.mutable.MutableEventPropagator.setPointer(MutableEventPropagator.java:26)
	at peergos.server.mutable.PinningMutablePointers.lambda$setPointer$2(PinningMutablePointers.java:52)
	at java.base/java.util.concurrent.CompletableFuture.uniComposeStage(CompletableFuture.java:1183)
	at java.base/java.util.concurrent.CompletableFuture.thenCompose(CompletableFuture.java:2299)
	at peergos.server.mutable.PinningMutablePointers.lambda$setPointer$3(PinningMutablePointers.java:41)
	at java.base/java.util.concurrent.CompletableFuture.uniComposeStage(CompletableFuture.java:1183)
	at java.base/java.util.concurrent.CompletableFuture.thenCompose(CompletableFuture.java:2299)
	at peergos.server.mutable.PinningMutablePointers.setPointer(PinningMutablePointers.java:33)
	at peergos.server.mutable.BlockingMutablePointers.setPointer(BlockingMutablePointers.java:21)
	at peergos.shared.mutable.ProxyingMutablePointers.lambda$setPointer$0(ProxyingMutablePointers.java:30)
	at peergos.shared.corenode.Proxy.lambda$redirectCall$0(Proxy.java:26)
	at java.base/java.util.concurrent.CompletableFuture.uniComposeStage(CompletableFuture.java:1183)
	at java.base/java.util.concurrent.CompletableFuture.thenCompose(CompletableFuture.java:2299)
	at peergos.shared.corenode.Proxy.lambda$redirectCall$1(Proxy.java:19)
	at java.base/java.util.concurrent.CompletableFuture.uniComposeStage(CompletableFuture.java:1183)
	at java.base/java.util.concurrent.CompletableFuture.thenCompose(CompletableFuture.java:2299)
	at peergos.shared.corenode.Proxy.redirectCall(Proxy.java:18)
	at peergos.shared.mutable.ProxyingMutablePointers.setPointer(ProxyingMutablePointers.java:27)
	at peergos.server.net.MutationHandler.handle(MutationHandler.java:60)
	at jdk.httpserver/com.sun.net.httpserver.Filter$Chain.doFilter(Filter.java:77)
	at jdk.httpserver/sun.net.httpserver.AuthFilter.doFilter(AuthFilter.java:82)
	at jdk.httpserver/com.sun.net.httpserver.Filter$Chain.doFilter(Filter.java:80)
	at jdk.httpserver/sun.net.httpserver.ServerImpl$Exchange$LinkHandler.handle(ServerImpl.java:692)
	at jdk.httpserver/com.sun.net.httpserver.Filter$Chain.doFilter(Filter.java:77)
	at jdk.httpserver/sun.net.httpserver.ServerImpl$Exchange.run(ServerImpl.java:664)
	at java.base/java.util.concurrent.ThreadPoolExecutor.runWorker(ThreadPoolExecutor.java:1130)
	at java.base/java.util.concurrent.ThreadPoolExecutor$Worker.run(ThreadPoolExecutor.java:630)
	at java.base/java.lang.Thread.run(Thread.java:832)
java.lang.IllegalStateException: Writer not present on this server: z59vuwzfFDoo7338a2vS6FNRQGrAdqWZg5cWmnci31gUzMiKLoKiu6e
	at peergos.server.space.JdbcUsageStore.getWriterId(JdbcUsageStore.java:179)
	at peergos.server.space.JdbcUsageStore.getOwner(JdbcUsageStore.java:239)
	at peergos.server.space.JdbcUsageStore.getUsage(JdbcUsageStore.java:268)
	at peergos.server.space.SpaceCheckingKeyFilter.prepareMutablePointerChange(SpaceCheckingKeyFilter.java:214)
	at peergos.server.space.SpaceCheckingKeyFilter.accept(SpaceCheckingKeyFilter.java:182)
	at peergos.server.mutable.MutableEventPropagator.lambda$setPointer$0(MutableEventPropagator.java:30)
	at java.base/java.util.concurrent.CompletableFuture.uniApplyNow(CompletableFuture.java:680)
	at java.base/java.util.concurrent.CompletableFuture.uniApplyStage(CompletableFuture.java:658)
	at java.base/java.util.concurrent.CompletableFuture.thenApply(CompletableFuture.java:2158)
	at peergos.server.mutable.MutableEventPropagator.setPointer(MutableEventPropagator.java:26)
	at peergos.server.mutable.PinningMutablePointers.lambda$setPointer$2(PinningMutablePointers.java:52)
	at java.base/java.util.concurrent.CompletableFuture.uniComposeStage(CompletableFuture.java:1183)
	at java.base/java.util.concurrent.CompletableFuture.thenCompose(CompletableFuture.java:2299)
	at peergos.server.mutable.PinningMutablePointers.lambda$setPointer$3(PinningMutablePointers.java:41)
	at java.base/java.util.concurrent.CompletableFuture.uniComposeStage(CompletableFuture.java:1183)
	at java.base/java.util.concurrent.CompletableFuture.thenCompose(CompletableFuture.java:2299)
	at peergos.server.mutable.PinningMutablePointers.setPointer(PinningMutablePointers.java:33)
	at peergos.server.mutable.BlockingMutablePointers.setPointer(BlockingMutablePointers.java:21)
	at peergos.shared.mutable.ProxyingMutablePointers.lambda$setPointer$0(ProxyingMutablePointers.java:30)
	at peergos.shared.corenode.Proxy.lambda$redirectCall$0(Proxy.java:26)
	at java.base/java.util.concurrent.CompletableFuture.uniComposeStage(CompletableFuture.java:1183)
	at java.base/java.util.concurrent.CompletableFuture.thenCompose(CompletableFuture.java:2299)
	at peergos.shared.corenode.Proxy.lambda$redirectCall$1(Proxy.java:19)
	at java.base/java.util.concurrent.CompletableFuture.uniComposeStage(CompletableFuture.java:1183)
	at java.base/java.util.concurrent.CompletableFuture.thenCompose(CompletableFuture.java:2299)
	at peergos.shared.corenode.Proxy.redirectCall(Proxy.java:18)
	at peergos.shared.mutable.ProxyingMutablePointers.setPointer(ProxyingMutablePointers.java:27)
	at peergos.server.net.MutationHandler.handle(MutationHandler.java:60)
	at jdk.httpserver/com.sun.net.httpserver.Filter$Chain.doFilter(Filter.java:77)
	at jdk.httpserver/sun.net.httpserver.AuthFilter.doFilter(AuthFilter.java:82)
	at jdk.httpserver/com.sun.net.httpserver.Filter$Chain.doFilter(Filter.java:80)
	at jdk.httpserver/sun.net.httpserver.ServerImpl$Exchange$LinkHandler.handle(ServerImpl.java:692)
	at jdk.httpserver/com.sun.net.httpserver.Filter$Chain.doFilter(Filter.java:77)
	at jdk.httpserver/sun.net.httpserver.ServerImpl$Exchange.run(ServerImpl.java:664)
	at java.base/java.util.concurrent.ThreadPoolExecutor.runWorker(ThreadPoolExecutor.java:1130)
	at java.base/java.util.concurrent.ThreadPoolExecutor$Worker.run(ThreadPoolExecutor.java:630)
	at java.base/java.lang.Thread.run(Thread.java:832)
java.lang.IllegalStateException: Writer not present on this server: z59vuwzfFDooKSNLfNxo8NFyL3Ef1T1sfb1r916HJYZPDyFJNTTZymk
	at peergos.server.space.JdbcUsageStore.getWriterId(JdbcUsageStore.java:179)
	at peergos.server.space.JdbcUsageStore.getOwner(JdbcUsageStore.java:239)
	at peergos.server.space.JdbcUsageStore.getUsage(JdbcUsageStore.java:268)
	at peergos.server.space.SpaceCheckingKeyFilter.prepareMutablePointerChange(SpaceCheckingKeyFilter.java:214)
	at peergos.server.space.SpaceCheckingKeyFilter.accept(SpaceCheckingKeyFilter.java:182)
	at peergos.server.mutable.MutableEventPropagator.lambda$setPointer$0(MutableEventPropagator.java:30)
	at java.base/java.util.concurrent.CompletableFuture.uniApplyNow(CompletableFuture.java:680)
	at java.base/java.util.concurrent.CompletableFuture.uniApplyStage(CompletableFuture.java:658)
	at java.base/java.util.concurrent.CompletableFuture.thenApply(CompletableFuture.java:2158)
	at peergos.server.mutable.MutableEventPropagator.setPointer(MutableEventPropagator.java:26)
	at peergos.server.mutable.PinningMutablePointers.lambda$setPointer$2(PinningMutablePointers.java:52)
	at java.base/java.util.concurrent.CompletableFuture.uniComposeStage(CompletableFuture.java:1183)
	at java.base/java.util.concurrent.CompletableFuture.thenCompose(CompletableFuture.java:2299)
	at peergos.server.mutable.PinningMutablePointers.lambda$setPointer$3(PinningMutablePointers.java:41)
	at java.base/java.util.concurrent.CompletableFuture.uniComposeStage(CompletableFuture.java:1183)
	at java.base/java.util.concurrent.CompletableFuture.thenCompose(CompletableFuture.java:2299)
	at peergos.server.mutable.PinningMutablePointers.setPointer(PinningMutablePointers.java:33)
	at peergos.server.mutable.BlockingMutablePointers.setPointer(BlockingMutablePointers.java:21)
	at peergos.shared.mutable.ProxyingMutablePointers.lambda$setPointer$0(ProxyingMutablePointers.java:30)
	at peergos.shared.corenode.Proxy.lambda$redirectCall$0(Proxy.java:26)
	at java.base/java.util.concurrent.CompletableFuture.uniComposeStage(CompletableFuture.java:1183)
	at java.base/java.util.concurrent.CompletableFuture.thenCompose(CompletableFuture.java:2299)
	at peergos.shared.corenode.Proxy.lambda$redirectCall$1(Proxy.java:19)
	at java.base/java.util.concurrent.CompletableFuture.uniComposeStage(CompletableFuture.java:1183)
	at java.base/java.util.concurrent.CompletableFuture.thenCompose(CompletableFuture.java:2299)
	at peergos.shared.corenode.Proxy.redirectCall(Proxy.java:18)
	at peergos.shared.mutable.ProxyingMutablePointers.setPointer(ProxyingMutablePointers.java:27)
	at peergos.server.net.MutationHandler.handle(MutationHandler.java:60)
	at jdk.httpserver/com.sun.net.httpserver.Filter$Chain.doFilter(Filter.java:77)
	at jdk.httpserver/sun.net.httpserver.AuthFilter.doFilter(AuthFilter.java:82)
	at jdk.httpserver/com.sun.net.httpserver.Filter$Chain.doFilter(Filter.java:80)
	at jdk.httpserver/sun.net.httpserver.ServerImpl$Exchange$LinkHandler.handle(ServerImpl.java:692)
	at jdk.httpserver/com.sun.net.httpserver.Filter$Chain.doFilter(Filter.java:77)
	at jdk.httpserver/sun.net.httpserver.ServerImpl$Exchange.run(ServerImpl.java:664)
	at java.base/java.util.concurrent.ThreadPoolExecutor.runWorker(ThreadPoolExecutor.java:1130)
	at java.base/java.util.concurrent.ThreadPoolExecutor$Worker.run(ThreadPoolExecutor.java:630)
	at java.base/java.lang.Thread.run(Thread.java:832)
java.lang.IllegalStateException: Writer not present on this server: z59vuwzfFDooKSNLfNxo8NFyL3Ef1T1sfb1r916HJYZPDyFJNTTZymk
	at peergos.server.space.JdbcUsageStore.getWriterId(JdbcUsageStore.java:179)
	at peergos.server.space.JdbcUsageStore.getOwner(JdbcUsageStore.java:239)
	at peergos.server.space.JdbcUsageStore.getUsage(JdbcUsageStore.java:268)
	at peergos.server.space.SpaceCheckingKeyFilter.prepareMutablePointerChange(SpaceCheckingKeyFilter.java:214)
	at peergos.server.space.SpaceCheckingKeyFilter.accept(SpaceCheckingKeyFilter.java:182)
	at peergos.server.mutable.MutableEventPropagator.lambda$setPointer$0(MutableEventPropagator.java:30)
	at java.base/java.util.concurrent.CompletableFuture.uniApplyNow(CompletableFuture.java:680)
	at java.base/java.util.concurrent.CompletableFuture.uniApplyStage(CompletableFuture.java:658)
	at java.base/java.util.concurrent.CompletableFuture.thenApply(CompletableFuture.java:2158)
	at peergos.server.mutable.MutableEventPropagator.setPointer(MutableEventPropagator.java:26)
	at peergos.server.mutable.PinningMutablePointers.lambda$setPointer$2(PinningMutablePointers.java:52)
	at java.base/java.util.concurrent.CompletableFuture.uniComposeStage(CompletableFuture.java:1183)
	at java.base/java.util.concurrent.CompletableFuture.thenCompose(CompletableFuture.java:2299)
	at peergos.server.mutable.PinningMutablePointers.lambda$setPointer$3(PinningMutablePointers.java:41)
	at java.base/java.util.concurrent.CompletableFuture.uniComposeStage(CompletableFuture.java:1183)
	at java.base/java.util.concurrent.CompletableFuture.thenCompose(CompletableFuture.java:2299)
	at peergos.server.mutable.PinningMutablePointers.setPointer(PinningMutablePointers.java:33)
	at peergos.server.mutable.BlockingMutablePointers.setPointer(BlockingMutablePointers.java:21)
	at peergos.shared.mutable.ProxyingMutablePointers.lambda$setPointer$0(ProxyingMutablePointers.java:30)
	at peergos.shared.corenode.Proxy.lambda$redirectCall$0(Proxy.java:26)
	at java.base/java.util.concurrent.CompletableFuture.uniComposeStage(CompletableFuture.java:1183)
	at java.base/java.util.concurrent.CompletableFuture.thenCompose(CompletableFuture.java:2299)
	at peergos.shared.corenode.Proxy.lambda$redirectCall$1(Proxy.java:19)
	at java.base/java.util.concurrent.CompletableFuture.uniComposeStage(CompletableFuture.java:1183)
	at java.base/java.util.concurrent.CompletableFuture.thenCompose(CompletableFuture.java:2299)
	at peergos.shared.corenode.Proxy.redirectCall(Proxy.java:18)
	at peergos.shared.mutable.ProxyingMutablePointers.setPointer(ProxyingMutablePointers.java:27)
	at peergos.server.net.MutationHandler.handle(MutationHandler.java:60)
	at jdk.httpserver/com.sun.net.httpserver.Filter$Chain.doFilter(Filter.java:77)
	at jdk.httpserver/sun.net.httpserver.AuthFilter.doFilter(AuthFilter.java:82)
	at jdk.httpserver/com.sun.net.httpserver.Filter$Chain.doFilter(Filter.java:80)
	at jdk.httpserver/sun.net.httpserver.ServerImpl$Exchange$LinkHandler.handle(ServerImpl.java:692)
	at jdk.httpserver/com.sun.net.httpserver.Filter$Chain.doFilter(Filter.java:77)
	at jdk.httpserver/sun.net.httpserver.ServerImpl$Exchange.run(ServerImpl.java:664)
	at java.base/java.util.concurrent.ThreadPoolExecutor.runWorker(ThreadPoolExecutor.java:1130)
	at java.base/java.util.concurrent.ThreadPoolExecutor$Worker.run(ThreadPoolExecutor.java:630)
	at java.base/java.lang.Thread.run(Thread.java:832)
java.lang.IllegalStateException: Writer not present on this server: z59vuwzfFDooKSNLfNxo8NFyL3Ef1T1sfb1r916HJYZPDyFJNTTZymk
	at peergos.server.space.JdbcUsageStore.getWriterId(JdbcUsageStore.java:179)
	at peergos.server.space.JdbcUsageStore.getOwner(JdbcUsageStore.java:239)
	at peergos.server.space.JdbcUsageStore.getUsage(JdbcUsageStore.java:268)
	at peergos.server.space.SpaceCheckingKeyFilter.prepareMutablePointerChange(SpaceCheckingKeyFilter.java:214)
	at peergos.server.space.SpaceCheckingKeyFilter.accept(SpaceCheckingKeyFilter.java:182)
	at peergos.server.mutable.MutableEventPropagator.lambda$setPointer$0(MutableEventPropagator.java:30)
	at java.base/java.util.concurrent.CompletableFuture.uniApplyNow(CompletableFuture.java:680)
	at java.base/java.util.concurrent.CompletableFuture.uniApplyStage(CompletableFuture.java:658)
	at java.base/java.util.concurrent.CompletableFuture.thenApply(CompletableFuture.java:2158)
	at peergos.server.mutable.MutableEventPropagator.setPointer(MutableEventPropagator.java:26)
	at peergos.server.mutable.PinningMutablePointers.lambda$setPointer$2(PinningMutablePointers.java:52)
	at java.base/java.util.concurrent.CompletableFuture.uniComposeStage(CompletableFuture.java:1183)
	at java.base/java.util.concurrent.CompletableFuture.thenCompose(CompletableFuture.java:2299)
	at peergos.server.mutable.PinningMutablePointers.lambda$setPointer$3(PinningMutablePointers.java:41)
	at java.base/java.util.concurrent.CompletableFuture.uniComposeStage(CompletableFuture.java:1183)
	at java.base/java.util.concurrent.CompletableFuture.thenCompose(CompletableFuture.java:2299)
	at peergos.server.mutable.PinningMutablePointers.setPointer(PinningMutablePointers.java:33)
	at peergos.server.mutable.BlockingMutablePointers.setPointer(BlockingMutablePointers.java:21)
	at peergos.shared.mutable.ProxyingMutablePointers.lambda$setPointer$0(ProxyingMutablePointers.java:30)
	at peergos.shared.corenode.Proxy.lambda$redirectCall$0(Proxy.java:26)
	at java.base/java.util.concurrent.CompletableFuture.uniComposeStage(CompletableFuture.java:1183)
	at java.base/java.util.concurrent.CompletableFuture.thenCompose(CompletableFuture.java:2299)
	at peergos.shared.corenode.Proxy.lambda$redirectCall$1(Proxy.java:19)
	at java.base/java.util.concurrent.CompletableFuture.uniComposeStage(CompletableFuture.java:1183)
	at java.base/java.util.concurrent.CompletableFuture.thenCompose(CompletableFuture.java:2299)
	at peergos.shared.corenode.Proxy.redirectCall(Proxy.java:18)
	at peergos.shared.mutable.ProxyingMutablePointers.setPointer(ProxyingMutablePointers.java:27)
	at peergos.server.net.MutationHandler.handle(MutationHandler.java:60)
	at jdk.httpserver/com.sun.net.httpserver.Filter$Chain.doFilter(Filter.java:77)
	at jdk.httpserver/sun.net.httpserver.AuthFilter.doFilter(AuthFilter.java:82)
	at jdk.httpserver/com.sun.net.httpserver.Filter$Chain.doFilter(Filter.java:80)
	at jdk.httpserver/sun.net.httpserver.ServerImpl$Exchange$LinkHandler.handle(ServerImpl.java:692)
	at jdk.httpserver/com.sun.net.httpserver.Filter$Chain.doFilter(Filter.java:77)
	at jdk.httpserver/sun.net.httpserver.ServerImpl$Exchange.run(ServerImpl.java:664)
	at java.base/java.util.concurrent.ThreadPoolExecutor.runWorker(ThreadPoolExecutor.java:1130)
	at java.base/java.util.concurrent.ThreadPoolExecutor$Worker.run(ThreadPoolExecutor.java:630)
	at java.base/java.lang.Thread.run(Thread.java:832)
java.lang.IllegalStateException: Writer not present on this server: z59vuwzfFDooKSNLfNxo8NFyL3Ef1T1sfb1r916HJYZPDyFJNTTZymk
	at peergos.server.space.JdbcUsageStore.getWriterId(JdbcUsageStore.java:179)
	at peergos.server.space.JdbcUsageStore.getOwner(JdbcUsageStore.java:239)
	at peergos.server.space.JdbcUsageStore.getUsage(JdbcUsageStore.java:268)
	at peergos.server.space.SpaceCheckingKeyFilter.prepareMutablePointerChange(SpaceCheckingKeyFilter.java:214)
	at peergos.server.space.SpaceCheckingKeyFilter.accept(SpaceCheckingKeyFilter.java:182)
	at peergos.server.mutable.MutableEventPropagator.lambda$setPointer$0(MutableEventPropagator.java:30)
	at java.base/java.util.concurrent.CompletableFuture.uniApplyNow(CompletableFuture.java:680)
	at java.base/java.util.concurrent.CompletableFuture.uniApplyStage(CompletableFuture.java:658)
	at java.base/java.util.concurrent.CompletableFuture.thenApply(CompletableFuture.java:2158)
	at peergos.server.mutable.MutableEventPropagator.setPointer(MutableEventPropagator.java:26)
	at peergos.server.mutable.PinningMutablePointers.lambda$setPointer$2(PinningMutablePointers.java:52)
	at java.base/java.util.concurrent.CompletableFuture.uniComposeStage(CompletableFuture.java:1183)
	at java.base/java.util.concurrent.CompletableFuture.thenCompose(CompletableFuture.java:2299)
	at peergos.server.mutable.PinningMutablePointers.lambda$setPointer$3(PinningMutablePointers.java:41)
	at java.base/java.util.concurrent.CompletableFuture.uniComposeStage(CompletableFuture.java:1183)
	at java.base/java.util.concurrent.CompletableFuture.thenCompose(CompletableFuture.java:2299)
	at peergos.server.mutable.PinningMutablePointers.setPointer(PinningMutablePointers.java:33)
	at peergos.server.mutable.BlockingMutablePointers.setPointer(BlockingMutablePointers.java:21)
	at peergos.shared.mutable.ProxyingMutablePointers.lambda$setPointer$0(ProxyingMutablePointers.java:30)
	at peergos.shared.corenode.Proxy.lambda$redirectCall$0(Proxy.java:26)
	at java.base/java.util.concurrent.CompletableFuture.uniComposeStage(CompletableFuture.java:1183)
	at java.base/java.util.concurrent.CompletableFuture.thenCompose(CompletableFuture.java:2299)
	at peergos.shared.corenode.Proxy.lambda$redirectCall$1(Proxy.java:19)
	at java.base/java.util.concurrent.CompletableFuture.uniComposeStage(CompletableFuture.java:1183)
	at java.base/java.util.concurrent.CompletableFuture.thenCompose(CompletableFuture.java:2299)
	at peergos.shared.corenode.Proxy.redirectCall(Proxy.java:18)
	at peergos.shared.mutable.ProxyingMutablePointers.setPointer(ProxyingMutablePointers.java:27)
	at peergos.server.net.MutationHandler.handle(MutationHandler.java:60)
	at jdk.httpserver/com.sun.net.httpserver.Filter$Chain.doFilter(Filter.java:77)
	at jdk.httpserver/sun.net.httpserver.AuthFilter.doFilter(AuthFilter.java:82)
	at jdk.httpserver/com.sun.net.httpserver.Filter$Chain.doFilter(Filter.java:80)
	at jdk.httpserver/sun.net.httpserver.ServerImpl$Exchange$LinkHandler.handle(ServerImpl.java:692)
	at jdk.httpserver/com.sun.net.httpserver.Filter$Chain.doFilter(Filter.java:77)
	at jdk.httpserver/sun.net.httpserver.ServerImpl$Exchange.run(ServerImpl.java:664)
	at java.base/java.util.concurrent.ThreadPoolExecutor.runWorker(ThreadPoolExecutor.java:1130)
	at java.base/java.util.concurrent.ThreadPoolExecutor$Worker.run(ThreadPoolExecutor.java:630)
	at java.base/java.lang.Thread.run(Thread.java:832)
java.lang.IllegalStateException: Writer not present on this server: z59vuwzfFDooKSNLfNxo8NFyL3Ef1T1sfb1r916HJYZPDyFJNTTZymk
	at peergos.server.space.JdbcUsageStore.getWriterId(JdbcUsageStore.java:179)
	at peergos.server.space.JdbcUsageStore.getOwner(JdbcUsageStore.java:239)
	at peergos.server.space.JdbcUsageStore.getUsage(JdbcUsageStore.java:268)
	at peergos.server.space.SpaceCheckingKeyFilter.prepareMutablePointerChange(SpaceCheckingKeyFilter.java:214)
	at peergos.server.space.SpaceCheckingKeyFilter.accept(SpaceCheckingKeyFilter.java:182)
	at peergos.server.mutable.MutableEventPropagator.lambda$setPointer$0(MutableEventPropagator.java:30)
	at java.base/java.util.concurrent.CompletableFuture.uniApplyNow(CompletableFuture.java:680)
	at java.base/java.util.concurrent.CompletableFuture.uniApplyStage(CompletableFuture.java:658)
	at java.base/java.util.concurrent.CompletableFuture.thenApply(CompletableFuture.java:2158)
	at peergos.server.mutable.MutableEventPropagator.setPointer(MutableEventPropagator.java:26)
	at peergos.server.mutable.PinningMutablePointers.lambda$setPointer$2(PinningMutablePointers.java:52)
	at java.base/java.util.concurrent.CompletableFuture.uniComposeStage(CompletableFuture.java:1183)
	at java.base/java.util.concurrent.CompletableFuture.thenCompose(CompletableFuture.java:2299)
	at peergos.server.mutable.PinningMutablePointers.lambda$setPointer$3(PinningMutablePointers.java:41)
	at java.base/java.util.concurrent.CompletableFuture.uniComposeStage(CompletableFuture.java:1183)
	at java.base/java.util.concurrent.CompletableFuture.thenCompose(CompletableFuture.java:2299)
	at peergos.server.mutable.PinningMutablePointers.setPointer(PinningMutablePointers.java:33)
	at peergos.server.mutable.BlockingMutablePointers.setPointer(BlockingMutablePointers.java:21)
	at peergos.shared.mutable.ProxyingMutablePointers.lambda$setPointer$0(ProxyingMutablePointers.java:30)
	at peergos.shared.corenode.Proxy.lambda$redirectCall$0(Proxy.java:26)
	at java.base/java.util.concurrent.CompletableFuture.uniComposeStage(CompletableFuture.java:1183)
	at java.base/java.util.concurrent.CompletableFuture.thenCompose(CompletableFuture.java:2299)
	at peergos.shared.corenode.Proxy.lambda$redirectCall$1(Proxy.java:19)
	at java.base/java.util.concurrent.CompletableFuture.uniComposeStage(CompletableFuture.java:1183)
	at java.base/java.util.concurrent.CompletableFuture.thenCompose(CompletableFuture.java:2299)
	at peergos.shared.corenode.Proxy.redirectCall(Proxy.java:18)
	at peergos.shared.mutable.ProxyingMutablePointers.setPointer(ProxyingMutablePointers.java:27)
	at peergos.server.net.MutationHandler.handle(MutationHandler.java:60)
	at jdk.httpserver/com.sun.net.httpserver.Filter$Chain.doFilter(Filter.java:77)
	at jdk.httpserver/sun.net.httpserver.AuthFilter.doFilter(AuthFilter.java:82)
	at jdk.httpserver/com.sun.net.httpserver.Filter$Chain.doFilter(Filter.java:80)
	at jdk.httpserver/sun.net.httpserver.ServerImpl$Exchange$LinkHandler.handle(ServerImpl.java:692)
	at jdk.httpserver/com.sun.net.httpserver.Filter$Chain.doFilter(Filter.java:77)
	at jdk.httpserver/sun.net.httpserver.ServerImpl$Exchange.run(ServerImpl.java:664)
	at java.base/java.util.concurrent.ThreadPoolExecutor.runWorker(ThreadPoolExecutor.java:1130)
	at java.base/java.util.concurrent.ThreadPoolExecutor$Worker.run(ThreadPoolExecutor.java:630)
	at java.base/java.lang.Thread.run(Thread.java:832)
java.lang.IllegalStateException: Writer not present on this server: z59vuwzfFDooKSNLfNxo8NFyL3Ef1T1sfb1r916HJYZPDyFJNTTZymk
	at peergos.server.space.JdbcUsageStore.getWriterId(JdbcUsageStore.java:179)
	at peergos.server.space.JdbcUsageStore.getOwner(JdbcUsageStore.java:239)
	at peergos.server.space.JdbcUsageStore.getUsage(JdbcUsageStore.java:268)
	at peergos.server.space.SpaceCheckingKeyFilter.prepareMutablePointerChange(SpaceCheckingKeyFilter.java:214)
	at peergos.server.space.SpaceCheckingKeyFilter.accept(SpaceCheckingKeyFilter.java:182)
	at peergos.server.mutable.MutableEventPropagator.lambda$setPointer$0(MutableEventPropagator.java:30)
	at java.base/java.util.concurrent.CompletableFuture.uniApplyNow(CompletableFuture.java:680)
	at java.base/java.util.concurrent.CompletableFuture.uniApplyStage(CompletableFuture.java:658)
	at java.base/java.util.concurrent.CompletableFuture.thenApply(CompletableFuture.java:2158)
	at peergos.server.mutable.MutableEventPropagator.setPointer(MutableEventPropagator.java:26)
	at peergos.server.mutable.PinningMutablePointers.lambda$setPointer$2(PinningMutablePointers.java:52)
	at java.base/java.util.concurrent.CompletableFuture.uniComposeStage(CompletableFuture.java:1183)
	at java.base/java.util.concurrent.CompletableFuture.thenCompose(CompletableFuture.java:2299)
	at peergos.server.mutable.PinningMutablePointers.lambda$setPointer$3(PinningMutablePointers.java:41)
	at java.base/java.util.concurrent.CompletableFuture.uniComposeStage(CompletableFuture.java:1183)
	at java.base/java.util.concurrent.CompletableFuture.thenCompose(CompletableFuture.java:2299)
	at peergos.server.mutable.PinningMutablePointers.setPointer(PinningMutablePointers.java:33)
	at peergos.server.mutable.BlockingMutablePointers.setPointer(BlockingMutablePointers.java:21)
	at peergos.shared.mutable.ProxyingMutablePointers.lambda$setPointer$0(ProxyingMutablePointers.java:30)
	at peergos.shared.corenode.Proxy.lambda$redirectCall$0(Proxy.java:26)
	at java.base/java.util.concurrent.CompletableFuture.uniComposeStage(CompletableFuture.java:1183)
	at java.base/java.util.concurrent.CompletableFuture.thenCompose(CompletableFuture.java:2299)
	at peergos.shared.corenode.Proxy.lambda$redirectCall$1(Proxy.java:19)
	at java.base/java.util.concurrent.CompletableFuture.uniComposeStage(CompletableFuture.java:1183)
	at java.base/java.util.concurrent.CompletableFuture.thenCompose(CompletableFuture.java:2299)
	at peergos.shared.corenode.Proxy.redirectCall(Proxy.java:18)
	at peergos.shared.mutable.ProxyingMutablePointers.setPointer(ProxyingMutablePointers.java:27)
	at peergos.server.net.MutationHandler.handle(MutationHandler.java:60)
	at jdk.httpserver/com.sun.net.httpserver.Filter$Chain.doFilter(Filter.java:77)
	at jdk.httpserver/sun.net.httpserver.AuthFilter.doFilter(AuthFilter.java:82)
	at jdk.httpserver/com.sun.net.httpserver.Filter$Chain.doFilter(Filter.java:80)
	at jdk.httpserver/sun.net.httpserver.ServerImpl$Exchange$LinkHandler.handle(ServerImpl.java:692)
	at jdk.httpserver/com.sun.net.httpserver.Filter$Chain.doFilter(Filter.java:77)
	at jdk.httpserver/sun.net.httpserver.ServerImpl$Exchange.run(ServerImpl.java:664)
	at java.base/java.util.concurrent.ThreadPoolExecutor.runWorker(ThreadPoolExecutor.java:1130)
	at java.base/java.util.concurrent.ThreadPoolExecutor$Worker.run(ThreadPoolExecutor.java:630)
	at java.base/java.lang.Thread.run(Thread.java:832)
java.lang.IllegalStateException: Writer not present on this server: z59vuwzfFDp3HjhJPqzYDSSXwBQmGqgcu8eQ9U6fDagL7TBXUMTdszK
	at peergos.server.space.JdbcUsageStore.getWriterId(JdbcUsageStore.java:179)
	at peergos.server.space.JdbcUsageStore.getOwner(JdbcUsageStore.java:239)
	at peergos.server.space.JdbcUsageStore.getUsage(JdbcUsageStore.java:268)
	at peergos.server.space.SpaceCheckingKeyFilter.prepareMutablePointerChange(SpaceCheckingKeyFilter.java:214)
	at peergos.server.space.SpaceCheckingKeyFilter.accept(SpaceCheckingKeyFilter.java:182)
	at peergos.server.mutable.MutableEventPropagator.lambda$setPointer$0(MutableEventPropagator.java:30)
	at java.base/java.util.concurrent.CompletableFuture.uniApplyNow(CompletableFuture.java:680)
	at java.base/java.util.concurrent.CompletableFuture.uniApplyStage(CompletableFuture.java:658)
	at java.base/java.util.concurrent.CompletableFuture.thenApply(CompletableFuture.java:2158)
	at peergos.server.mutable.MutableEventPropagator.setPointer(MutableEventPropagator.java:26)
	at peergos.server.mutable.PinningMutablePointers.lambda$setPointer$2(PinningMutablePointers.java:52)
	at java.base/java.util.concurrent.CompletableFuture.uniComposeStage(CompletableFuture.java:1183)
	at java.base/java.util.concurrent.CompletableFuture.thenCompose(CompletableFuture.java:2299)
	at peergos.server.mutable.PinningMutablePointers.lambda$setPointer$3(PinningMutablePointers.java:41)
	at java.base/java.util.concurrent.CompletableFuture.uniComposeStage(CompletableFuture.java:1183)
	at java.base/java.util.concurrent.CompletableFuture.thenCompose(CompletableFuture.java:2299)
	at peergos.server.mutable.PinningMutablePointers.setPointer(PinningMutablePointers.java:33)
	at peergos.server.mutable.BlockingMutablePointers.setPointer(BlockingMutablePointers.java:21)
	at peergos.shared.mutable.ProxyingMutablePointers.lambda$setPointer$0(ProxyingMutablePointers.java:30)
	at peergos.shared.corenode.Proxy.lambda$redirectCall$0(Proxy.java:26)
	at java.base/java.util.concurrent.CompletableFuture.uniComposeStage(CompletableFuture.java:1183)
	at java.base/java.util.concurrent.CompletableFuture.thenCompose(CompletableFuture.java:2299)
	at peergos.shared.corenode.Proxy.lambda$redirectCall$1(Proxy.java:19)
	at java.base/java.util.concurrent.CompletableFuture.uniComposeStage(CompletableFuture.java:1183)
	at java.base/java.util.concurrent.CompletableFuture.thenCompose(CompletableFuture.java:2299)
	at peergos.shared.corenode.Proxy.redirectCall(Proxy.java:18)
	at peergos.shared.mutable.ProxyingMutablePointers.setPointer(ProxyingMutablePointers.java:27)
	at peergos.server.net.MutationHandler.handle(MutationHandler.java:60)
	at jdk.httpserver/com.sun.net.httpserver.Filter$Chain.doFilter(Filter.java:77)
	at jdk.httpserver/sun.net.httpserver.AuthFilter.doFilter(AuthFilter.java:82)
	at jdk.httpserver/com.sun.net.httpserver.Filter$Chain.doFilter(Filter.java:80)
	at jdk.httpserver/sun.net.httpserver.ServerImpl$Exchange$LinkHandler.handle(ServerImpl.java:692)
	at jdk.httpserver/com.sun.net.httpserver.Filter$Chain.doFilter(Filter.java:77)
	at jdk.httpserver/sun.net.httpserver.ServerImpl$Exchange.run(ServerImpl.java:664)
	at java.base/java.util.concurrent.ThreadPoolExecutor.runWorker(ThreadPoolExecutor.java:1130)
	at java.base/java.util.concurrent.ThreadPoolExecutor$Worker.run(ThreadPoolExecutor.java:630)
	at java.base/java.lang.Thread.run(Thread.java:832)
java.lang.IllegalStateException: Writer not present on this server: z59vuwzfFDp3HjhJPqzYDSSXwBQmGqgcu8eQ9U6fDagL7TBXUMTdszK
	at peergos.server.space.JdbcUsageStore.getWriterId(JdbcUsageStore.java:179)
	at peergos.server.space.JdbcUsageStore.getOwner(JdbcUsageStore.java:239)
	at peergos.server.space.JdbcUsageStore.getUsage(JdbcUsageStore.java:268)
	at peergos.server.space.SpaceCheckingKeyFilter.prepareMutablePointerChange(SpaceCheckingKeyFilter.java:214)
	at peergos.server.space.SpaceCheckingKeyFilter.accept(SpaceCheckingKeyFilter.java:182)
	at peergos.server.mutable.MutableEventPropagator.lambda$setPointer$0(MutableEventPropagator.java:30)
	at java.base/java.util.concurrent.CompletableFuture.uniApplyNow(CompletableFuture.java:680)
	at java.base/java.util.concurrent.CompletableFuture.uniApplyStage(CompletableFuture.java:658)
	at java.base/java.util.concurrent.CompletableFuture.thenApply(CompletableFuture.java:2158)
	at peergos.server.mutable.MutableEventPropagator.setPointer(MutableEventPropagator.java:26)
	at peergos.server.mutable.PinningMutablePointers.lambda$setPointer$2(PinningMutablePointers.java:52)
	at java.base/java.util.concurrent.CompletableFuture.uniComposeStage(CompletableFuture.java:1183)
	at java.base/java.util.concurrent.CompletableFuture.thenCompose(CompletableFuture.java:2299)
	at peergos.server.mutable.PinningMutablePointers.lambda$setPointer$3(PinningMutablePointers.java:41)
	at java.base/java.util.concurrent.CompletableFuture.uniComposeStage(CompletableFuture.java:1183)
	at java.base/java.util.concurrent.CompletableFuture.thenCompose(CompletableFuture.java:2299)
	at peergos.server.mutable.PinningMutablePointers.setPointer(PinningMutablePointers.java:33)
	at peergos.server.mutable.BlockingMutablePointers.setPointer(BlockingMutablePointers.java:21)
	at peergos.shared.mutable.ProxyingMutablePointers.lambda$setPointer$0(ProxyingMutablePointers.java:30)
	at peergos.shared.corenode.Proxy.lambda$redirectCall$0(Proxy.java:26)
	at java.base/java.util.concurrent.CompletableFuture.uniComposeStage(CompletableFuture.java:1183)
	at java.base/java.util.concurrent.CompletableFuture.thenCompose(CompletableFuture.java:2299)
	at peergos.shared.corenode.Proxy.lambda$redirectCall$1(Proxy.java:19)
	at java.base/java.util.concurrent.CompletableFuture.uniComposeStage(CompletableFuture.java:1183)
	at java.base/java.util.concurrent.CompletableFuture.thenCompose(CompletableFuture.java:2299)
	at peergos.shared.corenode.Proxy.redirectCall(Proxy.java:18)
	at peergos.shared.mutable.ProxyingMutablePointers.setPointer(ProxyingMutablePointers.java:27)
	at peergos.server.net.MutationHandler.handle(MutationHandler.java:60)
	at jdk.httpserver/com.sun.net.httpserver.Filter$Chain.doFilter(Filter.java:77)
	at jdk.httpserver/sun.net.httpserver.AuthFilter.doFilter(AuthFilter.java:82)
	at jdk.httpserver/com.sun.net.httpserver.Filter$Chain.doFilter(Filter.java:80)
	at jdk.httpserver/sun.net.httpserver.ServerImpl$Exchange$LinkHandler.handle(ServerImpl.java:692)
	at jdk.httpserver/com.sun.net.httpserver.Filter$Chain.doFilter(Filter.java:77)
	at jdk.httpserver/sun.net.httpserver.ServerImpl$Exchange.run(ServerImpl.java:664)
	at java.base/java.util.concurrent.ThreadPoolExecutor.runWorker(ThreadPoolExecutor.java:1130)
	at java.base/java.util.concurrent.ThreadPoolExecutor$Worker.run(ThreadPoolExecutor.java:630)
	at java.base/java.lang.Thread.run(Thread.java:832)
java.lang.IllegalStateException: Writer not present on this server: z59vuwzfFDoyW7P5Unn3VQYUJiuH1mCH1CTKPU3JiukTsVama3q1BHH
	at peergos.server.space.JdbcUsageStore.getWriterId(JdbcUsageStore.java:179)
	at peergos.server.space.JdbcUsageStore.getOwner(JdbcUsageStore.java:239)
	at peergos.server.space.JdbcUsageStore.getUsage(JdbcUsageStore.java:268)
	at peergos.server.space.SpaceCheckingKeyFilter.prepareMutablePointerChange(SpaceCheckingKeyFilter.java:214)
	at peergos.server.space.SpaceCheckingKeyFilter.accept(SpaceCheckingKeyFilter.java:182)
	at peergos.server.mutable.MutableEventPropagator.lambda$setPointer$0(MutableEventPropagator.java:30)
	at java.base/java.util.concurrent.CompletableFuture.uniApplyNow(CompletableFuture.java:680)
	at java.base/java.util.concurrent.CompletableFuture.uniApplyStage(CompletableFuture.java:658)
	at java.base/java.util.concurrent.CompletableFuture.thenApply(CompletableFuture.java:2158)
	at peergos.server.mutable.MutableEventPropagator.setPointer(MutableEventPropagator.java:26)
	at peergos.server.mutable.PinningMutablePointers.lambda$setPointer$2(PinningMutablePointers.java:52)
	at java.base/java.util.concurrent.CompletableFuture.uniComposeStage(CompletableFuture.java:1183)
	at java.base/java.util.concurrent.CompletableFuture.thenCompose(CompletableFuture.java:2299)
	at peergos.server.mutable.PinningMutablePointers.lambda$setPointer$3(PinningMutablePointers.java:41)
	at java.base/java.util.concurrent.CompletableFuture.uniComposeStage(CompletableFuture.java:1183)
	at java.base/java.util.concurrent.CompletableFuture.thenCompose(CompletableFuture.java:2299)
	at peergos.server.mutable.PinningMutablePointers.setPointer(PinningMutablePointers.java:33)
	at peergos.server.mutable.BlockingMutablePointers.setPointer(BlockingMutablePointers.java:21)
	at peergos.shared.mutable.ProxyingMutablePointers.lambda$setPointer$0(ProxyingMutablePointers.java:30)
	at peergos.shared.corenode.Proxy.lambda$redirectCall$0(Proxy.java:26)
	at java.base/java.util.concurrent.CompletableFuture.uniComposeStage(CompletableFuture.java:1183)
	at java.base/java.util.concurrent.CompletableFuture.thenCompose(CompletableFuture.java:2299)
	at peergos.shared.corenode.Proxy.lambda$redirectCall$1(Proxy.java:19)
	at java.base/java.util.concurrent.CompletableFuture.uniComposeStage(CompletableFuture.java:1183)
	at java.base/java.util.concurrent.CompletableFuture.thenCompose(CompletableFuture.java:2299)
	at peergos.shared.corenode.Proxy.redirectCall(Proxy.java:18)
	at peergos.shared.mutable.ProxyingMutablePointers.setPointer(ProxyingMutablePointers.java:27)
	at peergos.server.net.MutationHandler.handle(MutationHandler.java:60)
	at jdk.httpserver/com.sun.net.httpserver.Filter$Chain.doFilter(Filter.java:77)
	at jdk.httpserver/sun.net.httpserver.AuthFilter.doFilter(AuthFilter.java:82)
	at jdk.httpserver/com.sun.net.httpserver.Filter$Chain.doFilter(Filter.java:80)
	at jdk.httpserver/sun.net.httpserver.ServerImpl$Exchange$LinkHandler.handle(ServerImpl.java:692)
	at jdk.httpserver/com.sun.net.httpserver.Filter$Chain.doFilter(Filter.java:77)
	at jdk.httpserver/sun.net.httpserver.ServerImpl$Exchange.run(ServerImpl.java:664)
	at java.base/java.util.concurrent.ThreadPoolExecutor.runWorker(ThreadPoolExecutor.java:1130)
	at java.base/java.util.concurrent.ThreadPoolExecutor$Worker.run(ThreadPoolExecutor.java:630)
	at java.base/java.lang.Thread.run(Thread.java:832)
java.lang.IllegalStateException: Writer not present on this server: z59vuwzfFDoyW7P5Unn3VQYUJiuH1mCH1CTKPU3JiukTsVama3q1BHH
	at peergos.server.space.JdbcUsageStore.getWriterId(JdbcUsageStore.java:179)
	at peergos.server.space.JdbcUsageStore.getOwner(JdbcUsageStore.java:239)
	at peergos.server.space.JdbcUsageStore.getUsage(JdbcUsageStore.java:268)
	at peergos.server.space.SpaceCheckingKeyFilter.prepareMutablePointerChange(SpaceCheckingKeyFilter.java:214)
	at peergos.server.space.SpaceCheckingKeyFilter.accept(SpaceCheckingKeyFilter.java:182)
	at peergos.server.mutable.MutableEventPropagator.lambda$setPointer$0(MutableEventPropagator.java:30)
	at java.base/java.util.concurrent.CompletableFuture.uniApplyNow(CompletableFuture.java:680)
	at java.base/java.util.concurrent.CompletableFuture.uniApplyStage(CompletableFuture.java:658)
	at java.base/java.util.concurrent.CompletableFuture.thenApply(CompletableFuture.java:2158)
	at peergos.server.mutable.MutableEventPropagator.setPointer(MutableEventPropagator.java:26)
	at peergos.server.mutable.PinningMutablePointers.lambda$setPointer$2(PinningMutablePointers.java:52)
	at java.base/java.util.concurrent.CompletableFuture.uniComposeStage(CompletableFuture.java:1183)
	at java.base/java.util.concurrent.CompletableFuture.thenCompose(CompletableFuture.java:2299)
	at peergos.server.mutable.PinningMutablePointers.lambda$setPointer$3(PinningMutablePointers.java:41)
	at java.base/java.util.concurrent.CompletableFuture.uniComposeStage(CompletableFuture.java:1183)
	at java.base/java.util.concurrent.CompletableFuture.thenCompose(CompletableFuture.java:2299)
	at peergos.server.mutable.PinningMutablePointers.setPointer(PinningMutablePointers.java:33)
	at peergos.server.mutable.BlockingMutablePointers.setPointer(BlockingMutablePointers.java:21)
	at peergos.shared.mutable.ProxyingMutablePointers.lambda$setPointer$0(ProxyingMutablePointers.java:30)
	at peergos.shared.corenode.Proxy.lambda$redirectCall$0(Proxy.java:26)
	at java.base/java.util.concurrent.CompletableFuture.uniComposeStage(CompletableFuture.java:1183)
	at java.base/java.util.concurrent.CompletableFuture.thenCompose(CompletableFuture.java:2299)
	at peergos.shared.corenode.Proxy.lambda$redirectCall$1(Proxy.java:19)
	at java.base/java.util.concurrent.CompletableFuture.uniComposeStage(CompletableFuture.java:1183)
	at java.base/java.util.concurrent.CompletableFuture.thenCompose(CompletableFuture.java:2299)
	at peergos.shared.corenode.Proxy.redirectCall(Proxy.java:18)
	at peergos.shared.mutable.ProxyingMutablePointers.setPointer(ProxyingMutablePointers.java:27)
	at peergos.server.net.MutationHandler.handle(MutationHandler.java:60)
	at jdk.httpserver/com.sun.net.httpserver.Filter$Chain.doFilter(Filter.java:77)
	at jdk.httpserver/sun.net.httpserver.AuthFilter.doFilter(AuthFilter.java:82)
	at jdk.httpserver/com.sun.net.httpserver.Filter$Chain.doFilter(Filter.java:80)
	at jdk.httpserver/sun.net.httpserver.ServerImpl$Exchange$LinkHandler.handle(ServerImpl.java:692)
	at jdk.httpserver/com.sun.net.httpserver.Filter$Chain.doFilter(Filter.java:77)
	at jdk.httpserver/sun.net.httpserver.ServerImpl$Exchange.run(ServerImpl.java:664)
	at java.base/java.util.concurrent.ThreadPoolExecutor.runWorker(ThreadPoolExecutor.java:1130)
	at java.base/java.util.concurrent.ThreadPoolExecutor$Worker.run(ThreadPoolExecutor.java:630)
	at java.base/java.lang.Thread.run(Thread.java:832)
java.lang.IllegalStateException: Writer not present on this server: z59vuwzfFDp3HjhJPqzYDSSXwBQmGqgcu8eQ9U6fDagL7TBXUMTdszK
	at peergos.server.space.JdbcUsageStore.getWriterId(JdbcUsageStore.java:179)
	at peergos.server.space.JdbcUsageStore.getOwner(JdbcUsageStore.java:239)
	at peergos.server.space.JdbcUsageStore.getUsage(JdbcUsageStore.java:268)
	at peergos.server.space.SpaceCheckingKeyFilter.prepareMutablePointerChange(SpaceCheckingKeyFilter.java:214)
	at peergos.server.space.SpaceCheckingKeyFilter.accept(SpaceCheckingKeyFilter.java:182)
	at peergos.server.mutable.MutableEventPropagator.lambda$setPointer$0(MutableEventPropagator.java:30)
	at java.base/java.util.concurrent.CompletableFuture.uniApplyNow(CompletableFuture.java:680)
	at java.base/java.util.concurrent.CompletableFuture.uniApplyStage(CompletableFuture.java:658)
	at java.base/java.util.concurrent.CompletableFuture.thenApply(CompletableFuture.java:2158)
	at peergos.server.mutable.MutableEventPropagator.setPointer(MutableEventPropagator.java:26)
	at peergos.server.mutable.PinningMutablePointers.lambda$setPointer$2(PinningMutablePointers.java:52)
	at java.base/java.util.concurrent.CompletableFuture.uniComposeStage(CompletableFuture.java:1183)
	at java.base/java.util.concurrent.CompletableFuture.thenCompose(CompletableFuture.java:2299)
	at peergos.server.mutable.PinningMutablePointers.lambda$setPointer$3(PinningMutablePointers.java:41)
	at java.base/java.util.concurrent.CompletableFuture.uniComposeStage(CompletableFuture.java:1183)
	at java.base/java.util.concurrent.CompletableFuture.thenCompose(CompletableFuture.java:2299)
	at peergos.server.mutable.PinningMutablePointers.setPointer(PinningMutablePointers.java:33)
	at peergos.server.mutable.BlockingMutablePointers.setPointer(BlockingMutablePointers.java:21)
	at peergos.shared.mutable.ProxyingMutablePointers.lambda$setPointer$0(ProxyingMutablePointers.java:30)
	at peergos.shared.corenode.Proxy.lambda$redirectCall$0(Proxy.java:26)
	at java.base/java.util.concurrent.CompletableFuture.uniComposeStage(CompletableFuture.java:1183)
	at java.base/java.util.concurrent.CompletableFuture.thenCompose(CompletableFuture.java:2299)
	at peergos.shared.corenode.Proxy.lambda$redirectCall$1(Proxy.java:19)
	at java.base/java.util.concurrent.CompletableFuture.uniComposeStage(CompletableFuture.java:1183)
	at java.base/java.util.concurrent.CompletableFuture.thenCompose(CompletableFuture.java:2299)
	at peergos.shared.corenode.Proxy.redirectCall(Proxy.java:18)
	at peergos.shared.mutable.ProxyingMutablePointers.setPointer(ProxyingMutablePointers.java:27)
	at peergos.server.net.MutationHandler.handle(MutationHandler.java:60)
	at jdk.httpserver/com.sun.net.httpserver.Filter$Chain.doFilter(Filter.java:77)
	at jdk.httpserver/sun.net.httpserver.AuthFilter.doFilter(AuthFilter.java:82)
	at jdk.httpserver/com.sun.net.httpserver.Filter$Chain.doFilter(Filter.java:80)
	at jdk.httpserver/sun.net.httpserver.ServerImpl$Exchange$LinkHandler.handle(ServerImpl.java:692)
	at jdk.httpserver/com.sun.net.httpserver.Filter$Chain.doFilter(Filter.java:77)
	at jdk.httpserver/sun.net.httpserver.ServerImpl$Exchange.run(ServerImpl.java:664)
	at java.base/java.util.concurrent.ThreadPoolExecutor.runWorker(ThreadPoolExecutor.java:1130)
	at java.base/java.util.concurrent.ThreadPoolExecutor$Worker.run(ThreadPoolExecutor.java:630)
	at java.base/java.lang.Thread.run(Thread.java:832)
java.lang.IllegalStateException: Writer not present on this server: z59vuwzfFDoyW7P5Unn3VQYUJiuH1mCH1CTKPU3JiukTsVama3q1BHH
	at peergos.server.space.JdbcUsageStore.getWriterId(JdbcUsageStore.java:179)
	at peergos.server.space.JdbcUsageStore.getOwner(JdbcUsageStore.java:239)
	at peergos.server.space.JdbcUsageStore.getUsage(JdbcUsageStore.java:268)
	at peergos.server.space.SpaceCheckingKeyFilter.prepareMutablePointerChange(SpaceCheckingKeyFilter.java:214)
	at peergos.server.space.SpaceCheckingKeyFilter.accept(SpaceCheckingKeyFilter.java:182)
	at peergos.server.mutable.MutableEventPropagator.lambda$setPointer$0(MutableEventPropagator.java:30)
	at java.base/java.util.concurrent.CompletableFuture.uniApplyNow(CompletableFuture.java:680)
	at java.base/java.util.concurrent.CompletableFuture.uniApplyStage(CompletableFuture.java:658)
	at java.base/java.util.concurrent.CompletableFuture.thenApply(CompletableFuture.java:2158)
	at peergos.server.mutable.MutableEventPropagator.setPointer(MutableEventPropagator.java:26)
	at peergos.server.mutable.PinningMutablePointers.lambda$setPointer$2(PinningMutablePointers.java:52)
	at java.base/java.util.concurrent.CompletableFuture.uniComposeStage(CompletableFuture.java:1183)
	at java.base/java.util.concurrent.CompletableFuture.thenCompose(CompletableFuture.java:2299)
	at peergos.server.mutable.PinningMutablePointers.lambda$setPointer$3(PinningMutablePointers.java:41)
	at java.base/java.util.concurrent.CompletableFuture.uniComposeStage(CompletableFuture.java:1183)
	at java.base/java.util.concurrent.CompletableFuture.thenCompose(CompletableFuture.java:2299)
	at peergos.server.mutable.PinningMutablePointers.setPointer(PinningMutablePointers.java:33)
	at peergos.server.mutable.BlockingMutablePointers.setPointer(BlockingMutablePointers.java:21)
	at peergos.shared.mutable.ProxyingMutablePointers.lambda$setPointer$0(ProxyingMutablePointers.java:30)
	at peergos.shared.corenode.Proxy.lambda$redirectCall$0(Proxy.java:26)
	at java.base/java.util.concurrent.CompletableFuture.uniComposeStage(CompletableFuture.java:1183)
	at java.base/java.util.concurrent.CompletableFuture.thenCompose(CompletableFuture.java:2299)
	at peergos.shared.corenode.Proxy.lambda$redirectCall$1(Proxy.java:19)
	at java.base/java.util.concurrent.CompletableFuture.uniComposeStage(CompletableFuture.java:1183)
	at java.base/java.util.concurrent.CompletableFuture.thenCompose(CompletableFuture.java:2299)
	at peergos.shared.corenode.Proxy.redirectCall(Proxy.java:18)
	at peergos.shared.mutable.ProxyingMutablePointers.setPointer(ProxyingMutablePointers.java:27)
	at peergos.server.net.MutationHandler.handle(MutationHandler.java:60)
	at jdk.httpserver/com.sun.net.httpserver.Filter$Chain.doFilter(Filter.java:77)
	at jdk.httpserver/sun.net.httpserver.AuthFilter.doFilter(AuthFilter.java:82)
	at jdk.httpserver/com.sun.net.httpserver.Filter$Chain.doFilter(Filter.java:80)
	at jdk.httpserver/sun.net.httpserver.ServerImpl$Exchange$LinkHandler.handle(ServerImpl.java:692)
	at jdk.httpserver/com.sun.net.httpserver.Filter$Chain.doFilter(Filter.java:77)
	at jdk.httpserver/sun.net.httpserver.ServerImpl$Exchange.run(ServerImpl.java:664)
	at java.base/java.util.concurrent.ThreadPoolExecutor.runWorker(ThreadPoolExecutor.java:1130)
	at java.base/java.util.concurrent.ThreadPoolExecutor$Worker.run(ThreadPoolExecutor.java:630)
	at java.base/java.lang.Thread.run(Thread.java:832)
java.lang.IllegalStateException: Writer not present on this server: z59vuwzfFDoyW7P5Unn3VQYUJiuH1mCH1CTKPU3JiukTsVama3q1BHH
	at peergos.server.space.JdbcUsageStore.getWriterId(JdbcUsageStore.java:179)
	at peergos.server.space.JdbcUsageStore.getOwner(JdbcUsageStore.java:239)
	at peergos.server.space.JdbcUsageStore.getUsage(JdbcUsageStore.java:268)
	at peergos.server.space.SpaceCheckingKeyFilter.prepareMutablePointerChange(SpaceCheckingKeyFilter.java:214)
	at peergos.server.space.SpaceCheckingKeyFilter.accept(SpaceCheckingKeyFilter.java:182)
	at peergos.server.mutable.MutableEventPropagator.lambda$setPointer$0(MutableEventPropagator.java:30)
	at java.base/java.util.concurrent.CompletableFuture.uniApplyNow(CompletableFuture.java:680)
	at java.base/java.util.concurrent.CompletableFuture.uniApplyStage(CompletableFuture.java:658)
	at java.base/java.util.concurrent.CompletableFuture.thenApply(CompletableFuture.java:2158)
	at peergos.server.mutable.MutableEventPropagator.setPointer(MutableEventPropagator.java:26)
	at peergos.server.mutable.PinningMutablePointers.lambda$setPointer$2(PinningMutablePointers.java:52)
	at java.base/java.util.concurrent.CompletableFuture.uniComposeStage(CompletableFuture.java:1183)
	at java.base/java.util.concurrent.CompletableFuture.thenCompose(CompletableFuture.java:2299)
	at peergos.server.mutable.PinningMutablePointers.lambda$setPointer$3(PinningMutablePointers.java:41)
	at java.base/java.util.concurrent.CompletableFuture.uniComposeStage(CompletableFuture.java:1183)
	at java.base/java.util.concurrent.CompletableFuture.thenCompose(CompletableFuture.java:2299)
	at peergos.server.mutable.PinningMutablePointers.setPointer(PinningMutablePointers.java:33)
	at peergos.server.mutable.BlockingMutablePointers.setPointer(BlockingMutablePointers.java:21)
	at peergos.shared.mutable.ProxyingMutablePointers.lambda$setPointer$0(ProxyingMutablePointers.java:30)
	at peergos.shared.corenode.Proxy.lambda$redirectCall$0(Proxy.java:26)
	at java.base/java.util.concurrent.CompletableFuture.uniComposeStage(CompletableFuture.java:1183)
	at java.base/java.util.concurrent.CompletableFuture.thenCompose(CompletableFuture.java:2299)
	at peergos.shared.corenode.Proxy.lambda$redirectCall$1(Proxy.java:19)
	at java.base/java.util.concurrent.CompletableFuture.uniComposeStage(CompletableFuture.java:1183)
	at java.base/java.util.concurrent.CompletableFuture.thenCompose(CompletableFuture.java:2299)
	at peergos.shared.corenode.Proxy.redirectCall(Proxy.java:18)
	at peergos.shared.mutable.ProxyingMutablePointers.setPointer(ProxyingMutablePointers.java:27)
	at peergos.server.net.MutationHandler.handle(MutationHandler.java:60)
	at jdk.httpserver/com.sun.net.httpserver.Filter$Chain.doFilter(Filter.java:77)
	at jdk.httpserver/sun.net.httpserver.AuthFilter.doFilter(AuthFilter.java:82)
	at jdk.httpserver/com.sun.net.httpserver.Filter$Chain.doFilter(Filter.java:80)
	at jdk.httpserver/sun.net.httpserver.ServerImpl$Exchange$LinkHandler.handle(ServerImpl.java:692)
	at jdk.httpserver/com.sun.net.httpserver.Filter$Chain.doFilter(Filter.java:77)
	at jdk.httpserver/sun.net.httpserver.ServerImpl$Exchange.run(ServerImpl.java:664)
	at java.base/java.util.concurrent.ThreadPoolExecutor.runWorker(ThreadPoolExecutor.java:1130)
	at java.base/java.util.concurrent.ThreadPoolExecutor$Worker.run(ThreadPoolExecutor.java:630)
	at java.base/java.lang.Thread.run(Thread.java:832)
java.lang.IllegalStateException: Writer not present on this server: z59vuwzfFDoyW7P5Unn3VQYUJiuH1mCH1CTKPU3JiukTsVama3q1BHH
	at peergos.server.space.JdbcUsageStore.getWriterId(JdbcUsageStore.java:179)
	at peergos.server.space.JdbcUsageStore.getOwner(JdbcUsageStore.java:239)
	at peergos.server.space.JdbcUsageStore.getUsage(JdbcUsageStore.java:268)
	at peergos.server.space.SpaceCheckingKeyFilter.prepareMutablePointerChange(SpaceCheckingKeyFilter.java:214)
	at peergos.server.space.SpaceCheckingKeyFilter.accept(SpaceCheckingKeyFilter.java:182)
	at peergos.server.mutable.MutableEventPropagator.lambda$setPointer$0(MutableEventPropagator.java:30)
	at java.base/java.util.concurrent.CompletableFuture.uniApplyNow(CompletableFuture.java:680)
	at java.base/java.util.concurrent.CompletableFuture.uniApplyStage(CompletableFuture.java:658)
	at java.base/java.util.concurrent.CompletableFuture.thenApply(CompletableFuture.java:2158)
	at peergos.server.mutable.MutableEventPropagator.setPointer(MutableEventPropagator.java:26)
	at peergos.server.mutable.PinningMutablePointers.lambda$setPointer$2(PinningMutablePointers.java:52)
	at java.base/java.util.concurrent.CompletableFuture.uniComposeStage(CompletableFuture.java:1183)
	at java.base/java.util.concurrent.CompletableFuture.thenCompose(CompletableFuture.java:2299)
	at peergos.server.mutable.PinningMutablePointers.lambda$setPointer$3(PinningMutablePointers.java:41)
	at java.base/java.util.concurrent.CompletableFuture.uniComposeStage(CompletableFuture.java:1183)
	at java.base/java.util.concurrent.CompletableFuture.thenCompose(CompletableFuture.java:2299)
	at peergos.server.mutable.PinningMutablePointers.setPointer(PinningMutablePointers.java:33)
	at peergos.server.mutable.BlockingMutablePointers.setPointer(BlockingMutablePointers.java:21)
	at peergos.shared.mutable.ProxyingMutablePointers.lambda$setPointer$0(ProxyingMutablePointers.java:30)
	at peergos.shared.corenode.Proxy.lambda$redirectCall$0(Proxy.java:26)
	at java.base/java.util.concurrent.CompletableFuture.uniComposeStage(CompletableFuture.java:1183)
	at java.base/java.util.concurrent.CompletableFuture.thenCompose(CompletableFuture.java:2299)
	at peergos.shared.corenode.Proxy.lambda$redirectCall$1(Proxy.java:19)
	at java.base/java.util.concurrent.CompletableFuture.uniComposeStage(CompletableFuture.java:1183)
	at java.base/java.util.concurrent.CompletableFuture.thenCompose(CompletableFuture.java:2299)
	at peergos.shared.corenode.Proxy.redirectCall(Proxy.java:18)
	at peergos.shared.mutable.ProxyingMutablePointers.setPointer(ProxyingMutablePointers.java:27)
	at peergos.server.net.MutationHandler.handle(MutationHandler.java:60)
	at jdk.httpserver/com.sun.net.httpserver.Filter$Chain.doFilter(Filter.java:77)
	at jdk.httpserver/sun.net.httpserver.AuthFilter.doFilter(AuthFilter.java:82)
	at jdk.httpserver/com.sun.net.httpserver.Filter$Chain.doFilter(Filter.java:80)
	at jdk.httpserver/sun.net.httpserver.ServerImpl$Exchange$LinkHandler.handle(ServerImpl.java:692)
	at jdk.httpserver/com.sun.net.httpserver.Filter$Chain.doFilter(Filter.java:77)
	at jdk.httpserver/sun.net.httpserver.ServerImpl$Exchange.run(ServerImpl.java:664)
	at java.base/java.util.concurrent.ThreadPoolExecutor.runWorker(ThreadPoolExecutor.java:1130)
	at java.base/java.util.concurrent.ThreadPoolExecutor$Worker.run(ThreadPoolExecutor.java:630)
	at java.base/java.lang.Thread.run(Thread.java:832)
java.lang.IllegalStateException: Writer not present on this server: z59vuwzfFDoyW7P5Unn3VQYUJiuH1mCH1CTKPU3JiukTsVama3q1BHH
	at peergos.server.space.JdbcUsageStore.getWriterId(JdbcUsageStore.java:179)
	at peergos.server.space.JdbcUsageStore.getOwner(JdbcUsageStore.java:239)
	at peergos.server.space.JdbcUsageStore.getUsage(JdbcUsageStore.java:268)
	at peergos.server.space.SpaceCheckingKeyFilter.prepareMutablePointerChange(SpaceCheckingKeyFilter.java:214)
	at peergos.server.space.SpaceCheckingKeyFilter.accept(SpaceCheckingKeyFilter.java:182)
	at peergos.server.mutable.MutableEventPropagator.lambda$setPointer$0(MutableEventPropagator.java:30)
	at java.base/java.util.concurrent.CompletableFuture.uniApplyNow(CompletableFuture.java:680)
	at java.base/java.util.concurrent.CompletableFuture.uniApplyStage(CompletableFuture.java:658)
	at java.base/java.util.concurrent.CompletableFuture.thenApply(CompletableFuture.java:2158)
	at peergos.server.mutable.MutableEventPropagator.setPointer(MutableEventPropagator.java:26)
	at peergos.server.mutable.PinningMutablePointers.lambda$setPointer$2(PinningMutablePointers.java:52)
	at java.base/java.util.concurrent.CompletableFuture.uniComposeStage(CompletableFuture.java:1183)
	at java.base/java.util.concurrent.CompletableFuture.thenCompose(CompletableFuture.java:2299)
	at peergos.server.mutable.PinningMutablePointers.lambda$setPointer$3(PinningMutablePointers.java:41)
	at java.base/java.util.concurrent.CompletableFuture.uniComposeStage(CompletableFuture.java:1183)
	at java.base/java.util.concurrent.CompletableFuture.thenCompose(CompletableFuture.java:2299)
	at peergos.server.mutable.PinningMutablePointers.setPointer(PinningMutablePointers.java:33)
	at peergos.server.mutable.BlockingMutablePointers.setPointer(BlockingMutablePointers.java:21)
	at peergos.shared.mutable.ProxyingMutablePointers.lambda$setPointer$0(ProxyingMutablePointers.java:30)
	at peergos.shared.corenode.Proxy.lambda$redirectCall$0(Proxy.java:26)
	at java.base/java.util.concurrent.CompletableFuture.uniComposeStage(CompletableFuture.java:1183)
	at java.base/java.util.concurrent.CompletableFuture.thenCompose(CompletableFuture.java:2299)
	at peergos.shared.corenode.Proxy.lambda$redirectCall$1(Proxy.java:19)
	at java.base/java.util.concurrent.CompletableFuture.uniComposeStage(CompletableFuture.java:1183)
	at java.base/java.util.concurrent.CompletableFuture.thenCompose(CompletableFuture.java:2299)
	at peergos.shared.corenode.Proxy.redirectCall(Proxy.java:18)
	at peergos.shared.mutable.ProxyingMutablePointers.setPointer(ProxyingMutablePointers.java:27)
	at peergos.server.net.MutationHandler.handle(MutationHandler.java:60)
	at jdk.httpserver/com.sun.net.httpserver.Filter$Chain.doFilter(Filter.java:77)
	at jdk.httpserver/sun.net.httpserver.AuthFilter.doFilter(AuthFilter.java:82)
	at jdk.httpserver/com.sun.net.httpserver.Filter$Chain.doFilter(Filter.java:80)
	at jdk.httpserver/sun.net.httpserver.ServerImpl$Exchange$LinkHandler.handle(ServerImpl.java:692)
	at jdk.httpserver/com.sun.net.httpserver.Filter$Chain.doFilter(Filter.java:77)
	at jdk.httpserver/sun.net.httpserver.ServerImpl$Exchange.run(ServerImpl.java:664)
	at java.base/java.util.concurrent.ThreadPoolExecutor.runWorker(ThreadPoolExecutor.java:1130)
	at java.base/java.util.concurrent.ThreadPoolExecutor$Worker.run(ThreadPoolExecutor.java:630)
	at java.base/java.lang.Thread.run(Thread.java:832)
java.lang.IllegalStateException: Writer not present on this server: z59vuwzfFDoyW7P5Unn3VQYUJiuH1mCH1CTKPU3JiukTsVama3q1BHH
	at peergos.server.space.JdbcUsageStore.getWriterId(JdbcUsageStore.java:179)
	at peergos.server.space.JdbcUsageStore.getOwner(JdbcUsageStore.java:239)
	at peergos.server.space.JdbcUsageStore.getUsage(JdbcUsageStore.java:268)
	at peergos.server.space.SpaceCheckingKeyFilter.prepareMutablePointerChange(SpaceCheckingKeyFilter.java:214)
	at peergos.server.space.SpaceCheckingKeyFilter.accept(SpaceCheckingKeyFilter.java:182)
	at peergos.server.mutable.MutableEventPropagator.lambda$setPointer$0(MutableEventPropagator.java:30)
	at java.base/java.util.concurrent.CompletableFuture.uniApplyNow(CompletableFuture.java:680)
	at java.base/java.util.concurrent.CompletableFuture.uniApplyStage(CompletableFuture.java:658)
	at java.base/java.util.concurrent.CompletableFuture.thenApply(CompletableFuture.java:2158)
	at peergos.server.mutable.MutableEventPropagator.setPointer(MutableEventPropagator.java:26)
	at peergos.server.mutable.PinningMutablePointers.lambda$setPointer$2(PinningMutablePointers.java:52)
	at java.base/java.util.concurrent.CompletableFuture.uniComposeStage(CompletableFuture.java:1183)
	at java.base/java.util.concurrent.CompletableFuture.thenCompose(CompletableFuture.java:2299)
	at peergos.server.mutable.PinningMutablePointers.lambda$setPointer$3(PinningMutablePointers.java:41)
	at java.base/java.util.concurrent.CompletableFuture.uniComposeStage(CompletableFuture.java:1183)
	at java.base/java.util.concurrent.CompletableFuture.thenCompose(CompletableFuture.java:2299)
	at peergos.server.mutable.PinningMutablePointers.setPointer(PinningMutablePointers.java:33)
	at peergos.server.mutable.BlockingMutablePointers.setPointer(BlockingMutablePointers.java:21)
	at peergos.shared.mutable.ProxyingMutablePointers.lambda$setPointer$0(ProxyingMutablePointers.java:30)
	at peergos.shared.corenode.Proxy.lambda$redirectCall$0(Proxy.java:26)
	at java.base/java.util.concurrent.CompletableFuture.uniComposeStage(CompletableFuture.java:1183)
	at java.base/java.util.concurrent.CompletableFuture.thenCompose(CompletableFuture.java:2299)
	at peergos.shared.corenode.Proxy.lambda$redirectCall$1(Proxy.java:19)
	at java.base/java.util.concurrent.CompletableFuture.uniComposeStage(CompletableFuture.java:1183)
	at java.base/java.util.concurrent.CompletableFuture.thenCompose(CompletableFuture.java:2299)
	at peergos.shared.corenode.Proxy.redirectCall(Proxy.java:18)
	at peergos.shared.mutable.ProxyingMutablePointers.setPointer(ProxyingMutablePointers.java:27)
	at peergos.server.net.MutationHandler.handle(MutationHandler.java:60)
	at jdk.httpserver/com.sun.net.httpserver.Filter$Chain.doFilter(Filter.java:77)
	at jdk.httpserver/sun.net.httpserver.AuthFilter.doFilter(AuthFilter.java:82)
	at jdk.httpserver/com.sun.net.httpserver.Filter$Chain.doFilter(Filter.java:80)
	at jdk.httpserver/sun.net.httpserver.ServerImpl$Exchange$LinkHandler.handle(ServerImpl.java:692)
	at jdk.httpserver/com.sun.net.httpserver.Filter$Chain.doFilter(Filter.java:77)
	at jdk.httpserver/sun.net.httpserver.ServerImpl$Exchange.run(ServerImpl.java:664)
	at java.base/java.util.concurrent.ThreadPoolExecutor.runWorker(ThreadPoolExecutor.java:1130)
	at java.base/java.util.concurrent.ThreadPoolExecutor$Worker.run(ThreadPoolExecutor.java:630)
	at java.base/java.lang.Thread.run(Thread.java:832)
java.lang.IllegalStateException: Writer not present on this server: z59vuwzfFDoyW7P5Unn3VQYUJiuH1mCH1CTKPU3JiukTsVama3q1BHH
	at peergos.server.space.JdbcUsageStore.getWriterId(JdbcUsageStore.java:179)
	at peergos.server.space.JdbcUsageStore.getOwner(JdbcUsageStore.java:239)
	at peergos.server.space.JdbcUsageStore.getUsage(JdbcUsageStore.java:268)
	at peergos.server.space.SpaceCheckingKeyFilter.prepareMutablePointerChange(SpaceCheckingKeyFilter.java:214)
	at peergos.server.space.SpaceCheckingKeyFilter.accept(SpaceCheckingKeyFilter.java:182)
	at peergos.server.mutable.MutableEventPropagator.lambda$setPointer$0(MutableEventPropagator.java:30)
	at java.base/java.util.concurrent.CompletableFuture.uniApplyNow(CompletableFuture.java:680)
	at java.base/java.util.concurrent.CompletableFuture.uniApplyStage(CompletableFuture.java:658)
	at java.base/java.util.concurrent.CompletableFuture.thenApply(CompletableFuture.java:2158)
	at peergos.server.mutable.MutableEventPropagator.setPointer(MutableEventPropagator.java:26)
	at peergos.server.mutable.PinningMutablePointers.lambda$setPointer$2(PinningMutablePointers.java:52)
	at java.base/java.util.concurrent.CompletableFuture.uniComposeStage(CompletableFuture.java:1183)
	at java.base/java.util.concurrent.CompletableFuture.thenCompose(CompletableFuture.java:2299)
	at peergos.server.mutable.PinningMutablePointers.lambda$setPointer$3(PinningMutablePointers.java:41)
	at java.base/java.util.concurrent.CompletableFuture.uniComposeStage(CompletableFuture.java:1183)
	at java.base/java.util.concurrent.CompletableFuture.thenCompose(CompletableFuture.java:2299)
	at peergos.server.mutable.PinningMutablePointers.setPointer(PinningMutablePointers.java:33)
	at peergos.server.mutable.BlockingMutablePointers.setPointer(BlockingMutablePointers.java:21)
	at peergos.shared.mutable.ProxyingMutablePointers.lambda$setPointer$0(ProxyingMutablePointers.java:30)
	at peergos.shared.corenode.Proxy.lambda$redirectCall$0(Proxy.java:26)
	at java.base/java.util.concurrent.CompletableFuture.uniComposeStage(CompletableFuture.java:1183)
	at java.base/java.util.concurrent.CompletableFuture.thenCompose(CompletableFuture.java:2299)
	at peergos.shared.corenode.Proxy.lambda$redirectCall$1(Proxy.java:19)
	at java.base/java.util.concurrent.CompletableFuture.uniComposeStage(CompletableFuture.java:1183)
	at java.base/java.util.concurrent.CompletableFuture.thenCompose(CompletableFuture.java:2299)
	at peergos.shared.corenode.Proxy.redirectCall(Proxy.java:18)
	at peergos.shared.mutable.ProxyingMutablePointers.setPointer(ProxyingMutablePointers.java:27)
	at peergos.server.net.MutationHandler.handle(MutationHandler.java:60)
	at jdk.httpserver/com.sun.net.httpserver.Filter$Chain.doFilter(Filter.java:77)
	at jdk.httpserver/sun.net.httpserver.AuthFilter.doFilter(AuthFilter.java:82)
	at jdk.httpserver/com.sun.net.httpserver.Filter$Chain.doFilter(Filter.java:80)
	at jdk.httpserver/sun.net.httpserver.ServerImpl$Exchange$LinkHandler.handle(ServerImpl.java:692)
	at jdk.httpserver/com.sun.net.httpserver.Filter$Chain.doFilter(Filter.java:77)
	at jdk.httpserver/sun.net.httpserver.ServerImpl$Exchange.run(ServerImpl.java:664)
	at java.base/java.util.concurrent.ThreadPoolExecutor.runWorker(ThreadPoolExecutor.java:1130)
	at java.base/java.util.concurrent.ThreadPoolExecutor$Worker.run(ThreadPoolExecutor.java:630)
	at java.base/java.lang.Thread.run(Thread.java:832)
java.lang.IllegalStateException: Writer not present on this server: z59vuwzfFDp2DqRCPkzNvGaT4o9CSCyJkBadK55fx4QfFderzoyu6Ts
	at peergos.server.space.JdbcUsageStore.getWriterId(JdbcUsageStore.java:179)
	at peergos.server.space.JdbcUsageStore.getOwner(JdbcUsageStore.java:239)
	at peergos.server.space.JdbcUsageStore.getUsage(JdbcUsageStore.java:268)
	at peergos.server.space.SpaceCheckingKeyFilter.prepareMutablePointerChange(SpaceCheckingKeyFilter.java:214)
	at peergos.server.space.SpaceCheckingKeyFilter.accept(SpaceCheckingKeyFilter.java:182)
	at peergos.server.mutable.MutableEventPropagator.lambda$setPointer$0(MutableEventPropagator.java:30)
	at java.base/java.util.concurrent.CompletableFuture.uniApplyNow(CompletableFuture.java:680)
	at java.base/java.util.concurrent.CompletableFuture.uniApplyStage(CompletableFuture.java:658)
	at java.base/java.util.concurrent.CompletableFuture.thenApply(CompletableFuture.java:2158)
	at peergos.server.mutable.MutableEventPropagator.setPointer(MutableEventPropagator.java:26)
	at peergos.server.mutable.PinningMutablePointers.lambda$setPointer$2(PinningMutablePointers.java:52)
	at java.base/java.util.concurrent.CompletableFuture.uniComposeStage(CompletableFuture.java:1183)
	at java.base/java.util.concurrent.CompletableFuture.thenCompose(CompletableFuture.java:2299)
	at peergos.server.mutable.PinningMutablePointers.lambda$setPointer$3(PinningMutablePointers.java:41)
	at java.base/java.util.concurrent.CompletableFuture.uniComposeStage(CompletableFuture.java:1183)
	at java.base/java.util.concurrent.CompletableFuture.thenCompose(CompletableFuture.java:2299)
	at peergos.server.mutable.PinningMutablePointers.setPointer(PinningMutablePointers.java:33)
	at peergos.server.mutable.BlockingMutablePointers.setPointer(BlockingMutablePointers.java:21)
	at peergos.shared.mutable.ProxyingMutablePointers.lambda$setPointer$0(ProxyingMutablePointers.java:30)
	at peergos.shared.corenode.Proxy.lambda$redirectCall$0(Proxy.java:26)
	at java.base/java.util.concurrent.CompletableFuture.uniComposeStage(CompletableFuture.java:1183)
	at java.base/java.util.concurrent.CompletableFuture.thenCompose(CompletableFuture.java:2299)
	at peergos.shared.corenode.Proxy.lambda$redirectCall$1(Proxy.java:19)
	at java.base/java.util.concurrent.CompletableFuture.uniComposeStage(CompletableFuture.java:1183)
	at java.base/java.util.concurrent.CompletableFuture.thenCompose(CompletableFuture.java:2299)
	at peergos.shared.corenode.Proxy.redirectCall(Proxy.java:18)
	at peergos.shared.mutable.ProxyingMutablePointers.setPointer(ProxyingMutablePointers.java:27)
	at peergos.server.net.MutationHandler.handle(MutationHandler.java:60)
	at jdk.httpserver/com.sun.net.httpserver.Filter$Chain.doFilter(Filter.java:77)
	at jdk.httpserver/sun.net.httpserver.AuthFilter.doFilter(AuthFilter.java:82)
	at jdk.httpserver/com.sun.net.httpserver.Filter$Chain.doFilter(Filter.java:80)
	at jdk.httpserver/sun.net.httpserver.ServerImpl$Exchange$LinkHandler.handle(ServerImpl.java:692)
	at jdk.httpserver/com.sun.net.httpserver.Filter$Chain.doFilter(Filter.java:77)
	at jdk.httpserver/sun.net.httpserver.ServerImpl$Exchange.run(ServerImpl.java:664)
	at java.base/java.util.concurrent.ThreadPoolExecutor.runWorker(ThreadPoolExecutor.java:1130)
	at java.base/java.util.concurrent.ThreadPoolExecutor$Worker.run(ThreadPoolExecutor.java:630)
	at java.base/java.lang.Thread.run(Thread.java:832)
java.lang.IllegalStateException: Writer not present on this server: z59vuwzfFDp2DqRCPkzNvGaT4o9CSCyJkBadK55fx4QfFderzoyu6Ts
	at peergos.server.space.JdbcUsageStore.getWriterId(JdbcUsageStore.java:179)
	at peergos.server.space.JdbcUsageStore.getOwner(JdbcUsageStore.java:239)
	at peergos.server.space.JdbcUsageStore.getUsage(JdbcUsageStore.java:268)
	at peergos.server.space.SpaceCheckingKeyFilter.prepareMutablePointerChange(SpaceCheckingKeyFilter.java:214)
	at peergos.server.space.SpaceCheckingKeyFilter.accept(SpaceCheckingKeyFilter.java:182)
	at peergos.server.mutable.MutableEventPropagator.lambda$setPointer$0(MutableEventPropagator.java:30)
	at java.base/java.util.concurrent.CompletableFuture.uniApplyNow(CompletableFuture.java:680)
	at java.base/java.util.concurrent.CompletableFuture.uniApplyStage(CompletableFuture.java:658)
	at java.base/java.util.concurrent.CompletableFuture.thenApply(CompletableFuture.java:2158)
	at peergos.server.mutable.MutableEventPropagator.setPointer(MutableEventPropagator.java:26)
	at peergos.server.mutable.PinningMutablePointers.lambda$setPointer$2(PinningMutablePointers.java:52)
	at java.base/java.util.concurrent.CompletableFuture.uniComposeStage(CompletableFuture.java:1183)
	at java.base/java.util.concurrent.CompletableFuture.thenCompose(CompletableFuture.java:2299)
	at peergos.server.mutable.PinningMutablePointers.lambda$setPointer$3(PinningMutablePointers.java:41)
	at java.base/java.util.concurrent.CompletableFuture.uniComposeStage(CompletableFuture.java:1183)
	at java.base/java.util.concurrent.CompletableFuture.thenCompose(CompletableFuture.java:2299)
	at peergos.server.mutable.PinningMutablePointers.setPointer(PinningMutablePointers.java:33)
	at peergos.server.mutable.BlockingMutablePointers.setPointer(BlockingMutablePointers.java:21)
	at peergos.shared.mutable.ProxyingMutablePointers.lambda$setPointer$0(ProxyingMutablePointers.java:30)
	at peergos.shared.corenode.Proxy.lambda$redirectCall$0(Proxy.java:26)
	at java.base/java.util.concurrent.CompletableFuture.uniComposeStage(CompletableFuture.java:1183)
	at java.base/java.util.concurrent.CompletableFuture.thenCompose(CompletableFuture.java:2299)
	at peergos.shared.corenode.Proxy.lambda$redirectCall$1(Proxy.java:19)
	at java.base/java.util.concurrent.CompletableFuture.uniComposeStage(CompletableFuture.java:1183)
	at java.base/java.util.concurrent.CompletableFuture.thenCompose(CompletableFuture.java:2299)
	at peergos.shared.corenode.Proxy.redirectCall(Proxy.java:18)
	at peergos.shared.mutable.ProxyingMutablePointers.setPointer(ProxyingMutablePointers.java:27)
	at peergos.server.net.MutationHandler.handle(MutationHandler.java:60)
	at jdk.httpserver/com.sun.net.httpserver.Filter$Chain.doFilter(Filter.java:77)
	at jdk.httpserver/sun.net.httpserver.AuthFilter.doFilter(AuthFilter.java:82)
	at jdk.httpserver/com.sun.net.httpserver.Filter$Chain.doFilter(Filter.java:80)
	at jdk.httpserver/sun.net.httpserver.ServerImpl$Exchange$LinkHandler.handle(ServerImpl.java:692)
	at jdk.httpserver/com.sun.net.httpserver.Filter$Chain.doFilter(Filter.java:77)
	at jdk.httpserver/sun.net.httpserver.ServerImpl$Exchange.run(ServerImpl.java:664)
	at java.base/java.util.concurrent.ThreadPoolExecutor.runWorker(ThreadPoolExecutor.java:1130)
	at java.base/java.util.concurrent.ThreadPoolExecutor$Worker.run(ThreadPoolExecutor.java:630)
	at java.base/java.lang.Thread.run(Thread.java:832)
java.lang.IllegalStateException: Writer not present on this server: z59vuwzfFDosGtqxBLBnsWBdZbAd7ooaRVYEyaAH6z31b5WUdBNnStg
	at peergos.server.space.JdbcUsageStore.getWriterId(JdbcUsageStore.java:179)
	at peergos.server.space.JdbcUsageStore.getOwner(JdbcUsageStore.java:239)
	at peergos.server.space.JdbcUsageStore.getUsage(JdbcUsageStore.java:268)
	at peergos.server.space.SpaceCheckingKeyFilter.prepareMutablePointerChange(SpaceCheckingKeyFilter.java:214)
	at peergos.server.space.SpaceCheckingKeyFilter.accept(SpaceCheckingKeyFilter.java:182)
	at peergos.server.mutable.MutableEventPropagator.lambda$setPointer$0(MutableEventPropagator.java:30)
	at java.base/java.util.concurrent.CompletableFuture.uniApplyNow(CompletableFuture.java:680)
	at java.base/java.util.concurrent.CompletableFuture.uniApplyStage(CompletableFuture.java:658)
	at java.base/java.util.concurrent.CompletableFuture.thenApply(CompletableFuture.java:2158)
	at peergos.server.mutable.MutableEventPropagator.setPointer(MutableEventPropagator.java:26)
	at peergos.server.mutable.PinningMutablePointers.lambda$setPointer$2(PinningMutablePointers.java:52)
	at java.base/java.util.concurrent.CompletableFuture.uniComposeStage(CompletableFuture.java:1183)
	at java.base/java.util.concurrent.CompletableFuture.thenCompose(CompletableFuture.java:2299)
	at peergos.server.mutable.PinningMutablePointers.lambda$setPointer$3(PinningMutablePointers.java:41)
	at java.base/java.util.concurrent.CompletableFuture.uniComposeStage(CompletableFuture.java:1183)
	at java.base/java.util.concurrent.CompletableFuture.thenCompose(CompletableFuture.java:2299)
	at peergos.server.mutable.PinningMutablePointers.setPointer(PinningMutablePointers.java:33)
	at peergos.server.mutable.BlockingMutablePointers.setPointer(BlockingMutablePointers.java:21)
	at peergos.shared.mutable.ProxyingMutablePointers.lambda$setPointer$0(ProxyingMutablePointers.java:30)
	at peergos.shared.corenode.Proxy.lambda$redirectCall$0(Proxy.java:26)
	at java.base/java.util.concurrent.CompletableFuture.uniComposeStage(CompletableFuture.java:1183)
	at java.base/java.util.concurrent.CompletableFuture.thenCompose(CompletableFuture.java:2299)
	at peergos.shared.corenode.Proxy.lambda$redirectCall$1(Proxy.java:19)
	at java.base/java.util.concurrent.CompletableFuture.uniComposeStage(CompletableFuture.java:1183)
	at java.base/java.util.concurrent.CompletableFuture.thenCompose(CompletableFuture.java:2299)
	at peergos.shared.corenode.Proxy.redirectCall(Proxy.java:18)
	at peergos.shared.mutable.ProxyingMutablePointers.setPointer(ProxyingMutablePointers.java:27)
	at peergos.server.net.MutationHandler.handle(MutationHandler.java:60)
	at jdk.httpserver/com.sun.net.httpserver.Filter$Chain.doFilter(Filter.java:77)
	at jdk.httpserver/sun.net.httpserver.AuthFilter.doFilter(AuthFilter.java:82)
	at jdk.httpserver/com.sun.net.httpserver.Filter$Chain.doFilter(Filter.java:80)
	at jdk.httpserver/sun.net.httpserver.ServerImpl$Exchange$LinkHandler.handle(ServerImpl.java:692)
	at jdk.httpserver/com.sun.net.httpserver.Filter$Chain.doFilter(Filter.java:77)
	at jdk.httpserver/sun.net.httpserver.ServerImpl$Exchange.run(ServerImpl.java:664)
	at java.base/java.util.concurrent.ThreadPoolExecutor.runWorker(ThreadPoolExecutor.java:1130)
	at java.base/java.util.concurrent.ThreadPoolExecutor$Worker.run(ThreadPoolExecutor.java:630)
	at java.base/java.lang.Thread.run(Thread.java:832)
java.lang.IllegalStateException: Writer not present on this server: z59vuwzfFDosGtqxBLBnsWBdZbAd7ooaRVYEyaAH6z31b5WUdBNnStg
	at peergos.server.space.JdbcUsageStore.getWriterId(JdbcUsageStore.java:179)
	at peergos.server.space.JdbcUsageStore.getOwner(JdbcUsageStore.java:239)
	at peergos.server.space.JdbcUsageStore.getUsage(JdbcUsageStore.java:268)
	at peergos.server.space.SpaceCheckingKeyFilter.prepareMutablePointerChange(SpaceCheckingKeyFilter.java:214)
	at peergos.server.space.SpaceCheckingKeyFilter.accept(SpaceCheckingKeyFilter.java:182)
	at peergos.server.mutable.MutableEventPropagator.lambda$setPointer$0(MutableEventPropagator.java:30)
	at java.base/java.util.concurrent.CompletableFuture.uniApplyNow(CompletableFuture.java:680)
	at java.base/java.util.concurrent.CompletableFuture.uniApplyStage(CompletableFuture.java:658)
	at java.base/java.util.concurrent.CompletableFuture.thenApply(CompletableFuture.java:2158)
	at peergos.server.mutable.MutableEventPropagator.setPointer(MutableEventPropagator.java:26)
	at peergos.server.mutable.PinningMutablePointers.lambda$setPointer$2(PinningMutablePointers.java:52)
	at java.base/java.util.concurrent.CompletableFuture.uniComposeStage(CompletableFuture.java:1183)
	at java.base/java.util.concurrent.CompletableFuture.thenCompose(CompletableFuture.java:2299)
	at peergos.server.mutable.PinningMutablePointers.lambda$setPointer$3(PinningMutablePointers.java:41)
	at java.base/java.util.concurrent.CompletableFuture.uniComposeStage(CompletableFuture.java:1183)
	at java.base/java.util.concurrent.CompletableFuture.thenCompose(CompletableFuture.java:2299)
	at peergos.server.mutable.PinningMutablePointers.setPointer(PinningMutablePointers.java:33)
	at peergos.server.mutable.BlockingMutablePointers.setPointer(BlockingMutablePointers.java:21)
	at peergos.shared.mutable.ProxyingMutablePointers.lambda$setPointer$0(ProxyingMutablePointers.java:30)
	at peergos.shared.corenode.Proxy.lambda$redirectCall$0(Proxy.java:26)
	at java.base/java.util.concurrent.CompletableFuture.uniComposeStage(CompletableFuture.java:1183)
	at java.base/java.util.concurrent.CompletableFuture.thenCompose(CompletableFuture.java:2299)
	at peergos.shared.corenode.Proxy.lambda$redirectCall$1(Proxy.java:19)
	at java.base/java.util.concurrent.CompletableFuture.uniComposeStage(CompletableFuture.java:1183)
	at java.base/java.util.concurrent.CompletableFuture.thenCompose(CompletableFuture.java:2299)
	at peergos.shared.corenode.Proxy.redirectCall(Proxy.java:18)
	at peergos.shared.mutable.ProxyingMutablePointers.setPointer(ProxyingMutablePointers.java:27)
	at peergos.server.net.MutationHandler.handle(MutationHandler.java:60)
	at jdk.httpserver/com.sun.net.httpserver.Filter$Chain.doFilter(Filter.java:77)
	at jdk.httpserver/sun.net.httpserver.AuthFilter.doFilter(AuthFilter.java:82)
	at jdk.httpserver/com.sun.net.httpserver.Filter$Chain.doFilter(Filter.java:80)
	at jdk.httpserver/sun.net.httpserver.ServerImpl$Exchange$LinkHandler.handle(ServerImpl.java:692)
	at jdk.httpserver/com.sun.net.httpserver.Filter$Chain.doFilter(Filter.java:77)
	at jdk.httpserver/sun.net.httpserver.ServerImpl$Exchange.run(ServerImpl.java:664)
	at java.base/java.util.concurrent.ThreadPoolExecutor.runWorker(ThreadPoolExecutor.java:1130)
	at java.base/java.util.concurrent.ThreadPoolExecutor$Worker.run(ThreadPoolExecutor.java:630)
	at java.base/java.lang.Thread.run(Thread.java:832)
java.lang.IllegalStateException: Writer not present on this server: z59vuwzfFDp2DqRCPkzNvGaT4o9CSCyJkBadK55fx4QfFderzoyu6Ts
	at peergos.server.space.JdbcUsageStore.getWriterId(JdbcUsageStore.java:179)
	at peergos.server.space.JdbcUsageStore.getOwner(JdbcUsageStore.java:239)
	at peergos.server.space.JdbcUsageStore.getUsage(JdbcUsageStore.java:268)
	at peergos.server.space.SpaceCheckingKeyFilter.prepareMutablePointerChange(SpaceCheckingKeyFilter.java:214)
	at peergos.server.space.SpaceCheckingKeyFilter.accept(SpaceCheckingKeyFilter.java:182)
	at peergos.server.mutable.MutableEventPropagator.lambda$setPointer$0(MutableEventPropagator.java:30)
	at java.base/java.util.concurrent.CompletableFuture.uniApplyNow(CompletableFuture.java:680)
	at java.base/java.util.concurrent.CompletableFuture.uniApplyStage(CompletableFuture.java:658)
	at java.base/java.util.concurrent.CompletableFuture.thenApply(CompletableFuture.java:2158)
	at peergos.server.mutable.MutableEventPropagator.setPointer(MutableEventPropagator.java:26)
	at peergos.server.mutable.PinningMutablePointers.lambda$setPointer$2(PinningMutablePointers.java:52)
	at java.base/java.util.concurrent.CompletableFuture.uniComposeStage(CompletableFuture.java:1183)
	at java.base/java.util.concurrent.CompletableFuture.thenCompose(CompletableFuture.java:2299)
	at peergos.server.mutable.PinningMutablePointers.lambda$setPointer$3(PinningMutablePointers.java:41)
	at java.base/java.util.concurrent.CompletableFuture.uniComposeStage(CompletableFuture.java:1183)
	at java.base/java.util.concurrent.CompletableFuture.thenCompose(CompletableFuture.java:2299)
	at peergos.server.mutable.PinningMutablePointers.setPointer(PinningMutablePointers.java:33)
	at peergos.server.mutable.BlockingMutablePointers.setPointer(BlockingMutablePointers.java:21)
	at peergos.shared.mutable.ProxyingMutablePointers.lambda$setPointer$0(ProxyingMutablePointers.java:30)
	at peergos.shared.corenode.Proxy.lambda$redirectCall$0(Proxy.java:26)
	at java.base/java.util.concurrent.CompletableFuture.uniComposeStage(CompletableFuture.java:1183)
	at java.base/java.util.concurrent.CompletableFuture.thenCompose(CompletableFuture.java:2299)
	at peergos.shared.corenode.Proxy.lambda$redirectCall$1(Proxy.java:19)
	at java.base/java.util.concurrent.CompletableFuture.uniComposeStage(CompletableFuture.java:1183)
	at java.base/java.util.concurrent.CompletableFuture.thenCompose(CompletableFuture.java:2299)
	at peergos.shared.corenode.Proxy.redirectCall(Proxy.java:18)
	at peergos.shared.mutable.ProxyingMutablePointers.setPointer(ProxyingMutablePointers.java:27)
	at peergos.server.net.MutationHandler.handle(MutationHandler.java:60)
	at jdk.httpserver/com.sun.net.httpserver.Filter$Chain.doFilter(Filter.java:77)
	at jdk.httpserver/sun.net.httpserver.AuthFilter.doFilter(AuthFilter.java:82)
	at jdk.httpserver/com.sun.net.httpserver.Filter$Chain.doFilter(Filter.java:80)
	at jdk.httpserver/sun.net.httpserver.ServerImpl$Exchange$LinkHandler.handle(ServerImpl.java:692)
	at jdk.httpserver/com.sun.net.httpserver.Filter$Chain.doFilter(Filter.java:77)
	at jdk.httpserver/sun.net.httpserver.ServerImpl$Exchange.run(ServerImpl.java:664)
	at java.base/java.util.concurrent.ThreadPoolExecutor.runWorker(ThreadPoolExecutor.java:1130)
	at java.base/java.util.concurrent.ThreadPoolExecutor$Worker.run(ThreadPoolExecutor.java:630)
	at java.base/java.lang.Thread.run(Thread.java:832)
java.lang.IllegalStateException: Writer not present on this server: z59vuwzfFDosGtqxBLBnsWBdZbAd7ooaRVYEyaAH6z31b5WUdBNnStg
	at peergos.server.space.JdbcUsageStore.getWriterId(JdbcUsageStore.java:179)
	at peergos.server.space.JdbcUsageStore.getOwner(JdbcUsageStore.java:239)
	at peergos.server.space.JdbcUsageStore.getUsage(JdbcUsageStore.java:268)
	at peergos.server.space.SpaceCheckingKeyFilter.prepareMutablePointerChange(SpaceCheckingKeyFilter.java:214)
	at peergos.server.space.SpaceCheckingKeyFilter.accept(SpaceCheckingKeyFilter.java:182)
	at peergos.server.mutable.MutableEventPropagator.lambda$setPointer$0(MutableEventPropagator.java:30)
	at java.base/java.util.concurrent.CompletableFuture.uniApplyNow(CompletableFuture.java:680)
	at java.base/java.util.concurrent.CompletableFuture.uniApplyStage(CompletableFuture.java:658)
	at java.base/java.util.concurrent.CompletableFuture.thenApply(CompletableFuture.java:2158)
	at peergos.server.mutable.MutableEventPropagator.setPointer(MutableEventPropagator.java:26)
	at peergos.server.mutable.PinningMutablePointers.lambda$setPointer$2(PinningMutablePointers.java:52)
	at java.base/java.util.concurrent.CompletableFuture.uniComposeStage(CompletableFuture.java:1183)
	at java.base/java.util.concurrent.CompletableFuture.thenCompose(CompletableFuture.java:2299)
	at peergos.server.mutable.PinningMutablePointers.lambda$setPointer$3(PinningMutablePointers.java:41)
	at java.base/java.util.concurrent.CompletableFuture.uniComposeStage(CompletableFuture.java:1183)
	at java.base/java.util.concurrent.CompletableFuture.thenCompose(CompletableFuture.java:2299)
	at peergos.server.mutable.PinningMutablePointers.setPointer(PinningMutablePointers.java:33)
	at peergos.server.mutable.BlockingMutablePointers.setPointer(BlockingMutablePointers.java:21)
	at peergos.shared.mutable.ProxyingMutablePointers.lambda$setPointer$0(ProxyingMutablePointers.java:30)
	at peergos.shared.corenode.Proxy.lambda$redirectCall$0(Proxy.java:26)
	at java.base/java.util.concurrent.CompletableFuture.uniComposeStage(CompletableFuture.java:1183)
	at java.base/java.util.concurrent.CompletableFuture.thenCompose(CompletableFuture.java:2299)
	at peergos.shared.corenode.Proxy.lambda$redirectCall$1(Proxy.java:19)
	at java.base/java.util.concurrent.CompletableFuture.uniComposeStage(CompletableFuture.java:1183)
	at java.base/java.util.concurrent.CompletableFuture.thenCompose(CompletableFuture.java:2299)
	at peergos.shared.corenode.Proxy.redirectCall(Proxy.java:18)
	at peergos.shared.mutable.ProxyingMutablePointers.setPointer(ProxyingMutablePointers.java:27)
	at peergos.server.net.MutationHandler.handle(MutationHandler.java:60)
	at jdk.httpserver/com.sun.net.httpserver.Filter$Chain.doFilter(Filter.java:77)
	at jdk.httpserver/sun.net.httpserver.AuthFilter.doFilter(AuthFilter.java:82)
	at jdk.httpserver/com.sun.net.httpserver.Filter$Chain.doFilter(Filter.java:80)
	at jdk.httpserver/sun.net.httpserver.ServerImpl$Exchange$LinkHandler.handle(ServerImpl.java:692)
	at jdk.httpserver/com.sun.net.httpserver.Filter$Chain.doFilter(Filter.java:77)
	at jdk.httpserver/sun.net.httpserver.ServerImpl$Exchange.run(ServerImpl.java:664)
	at java.base/java.util.concurrent.ThreadPoolExecutor.runWorker(ThreadPoolExecutor.java:1130)
	at java.base/java.util.concurrent.ThreadPoolExecutor$Worker.run(ThreadPoolExecutor.java:630)
	at java.base/java.lang.Thread.run(Thread.java:832)
java.lang.IllegalStateException: Writer not present on this server: z59vuwzfFDosGtqxBLBnsWBdZbAd7ooaRVYEyaAH6z31b5WUdBNnStg
	at peergos.server.space.JdbcUsageStore.getWriterId(JdbcUsageStore.java:179)
	at peergos.server.space.JdbcUsageStore.getOwner(JdbcUsageStore.java:239)
	at peergos.server.space.JdbcUsageStore.getUsage(JdbcUsageStore.java:268)
	at peergos.server.space.SpaceCheckingKeyFilter.prepareMutablePointerChange(SpaceCheckingKeyFilter.java:214)
	at peergos.server.space.SpaceCheckingKeyFilter.accept(SpaceCheckingKeyFilter.java:182)
	at peergos.server.mutable.MutableEventPropagator.lambda$setPointer$0(MutableEventPropagator.java:30)
	at java.base/java.util.concurrent.CompletableFuture.uniApplyNow(CompletableFuture.java:680)
	at java.base/java.util.concurrent.CompletableFuture.uniApplyStage(CompletableFuture.java:658)
	at java.base/java.util.concurrent.CompletableFuture.thenApply(CompletableFuture.java:2158)
	at peergos.server.mutable.MutableEventPropagator.setPointer(MutableEventPropagator.java:26)
	at peergos.server.mutable.PinningMutablePointers.lambda$setPointer$2(PinningMutablePointers.java:52)
	at java.base/java.util.concurrent.CompletableFuture.uniComposeStage(CompletableFuture.java:1183)
	at java.base/java.util.concurrent.CompletableFuture.thenCompose(CompletableFuture.java:2299)
	at peergos.server.mutable.PinningMutablePointers.lambda$setPointer$3(PinningMutablePointers.java:41)
	at java.base/java.util.concurrent.CompletableFuture.uniComposeStage(CompletableFuture.java:1183)
	at java.base/java.util.concurrent.CompletableFuture.thenCompose(CompletableFuture.java:2299)
	at peergos.server.mutable.PinningMutablePointers.setPointer(PinningMutablePointers.java:33)
	at peergos.server.mutable.BlockingMutablePointers.setPointer(BlockingMutablePointers.java:21)
	at peergos.shared.mutable.ProxyingMutablePointers.lambda$setPointer$0(ProxyingMutablePointers.java:30)
	at peergos.shared.corenode.Proxy.lambda$redirectCall$0(Proxy.java:26)
	at java.base/java.util.concurrent.CompletableFuture.uniComposeStage(CompletableFuture.java:1183)
	at java.base/java.util.concurrent.CompletableFuture.thenCompose(CompletableFuture.java:2299)
	at peergos.shared.corenode.Proxy.lambda$redirectCall$1(Proxy.java:19)
	at java.base/java.util.concurrent.CompletableFuture.uniComposeStage(CompletableFuture.java:1183)
	at java.base/java.util.concurrent.CompletableFuture.thenCompose(CompletableFuture.java:2299)
	at peergos.shared.corenode.Proxy.redirectCall(Proxy.java:18)
	at peergos.shared.mutable.ProxyingMutablePointers.setPointer(ProxyingMutablePointers.java:27)
	at peergos.server.net.MutationHandler.handle(MutationHandler.java:60)
	at jdk.httpserver/com.sun.net.httpserver.Filter$Chain.doFilter(Filter.java:77)
	at jdk.httpserver/sun.net.httpserver.AuthFilter.doFilter(AuthFilter.java:82)
	at jdk.httpserver/com.sun.net.httpserver.Filter$Chain.doFilter(Filter.java:80)
	at jdk.httpserver/sun.net.httpserver.ServerImpl$Exchange$LinkHandler.handle(ServerImpl.java:692)
	at jdk.httpserver/com.sun.net.httpserver.Filter$Chain.doFilter(Filter.java:77)
	at jdk.httpserver/sun.net.httpserver.ServerImpl$Exchange.run(ServerImpl.java:664)
	at java.base/java.util.concurrent.ThreadPoolExecutor.runWorker(ThreadPoolExecutor.java:1130)
	at java.base/java.util.concurrent.ThreadPoolExecutor$Worker.run(ThreadPoolExecutor.java:630)
	at java.base/java.lang.Thread.run(Thread.java:832)
java.lang.IllegalStateException: Writer not present on this server: z59vuwzfFDosGtqxBLBnsWBdZbAd7ooaRVYEyaAH6z31b5WUdBNnStg
	at peergos.server.space.JdbcUsageStore.getWriterId(JdbcUsageStore.java:179)
	at peergos.server.space.JdbcUsageStore.getOwner(JdbcUsageStore.java:239)
	at peergos.server.space.JdbcUsageStore.getUsage(JdbcUsageStore.java:268)
	at peergos.server.space.SpaceCheckingKeyFilter.prepareMutablePointerChange(SpaceCheckingKeyFilter.java:214)
	at peergos.server.space.SpaceCheckingKeyFilter.accept(SpaceCheckingKeyFilter.java:182)
	at peergos.server.mutable.MutableEventPropagator.lambda$setPointer$0(MutableEventPropagator.java:30)
	at java.base/java.util.concurrent.CompletableFuture.uniApplyNow(CompletableFuture.java:680)
	at java.base/java.util.concurrent.CompletableFuture.uniApplyStage(CompletableFuture.java:658)
	at java.base/java.util.concurrent.CompletableFuture.thenApply(CompletableFuture.java:2158)
	at peergos.server.mutable.MutableEventPropagator.setPointer(MutableEventPropagator.java:26)
	at peergos.server.mutable.PinningMutablePointers.lambda$setPointer$2(PinningMutablePointers.java:52)
	at java.base/java.util.concurrent.CompletableFuture.uniComposeStage(CompletableFuture.java:1183)
	at java.base/java.util.concurrent.CompletableFuture.thenCompose(CompletableFuture.java:2299)
	at peergos.server.mutable.PinningMutablePointers.lambda$setPointer$3(PinningMutablePointers.java:41)
	at java.base/java.util.concurrent.CompletableFuture.uniComposeStage(CompletableFuture.java:1183)
	at java.base/java.util.concurrent.CompletableFuture.thenCompose(CompletableFuture.java:2299)
	at peergos.server.mutable.PinningMutablePointers.setPointer(PinningMutablePointers.java:33)
	at peergos.server.mutable.BlockingMutablePointers.setPointer(BlockingMutablePointers.java:21)
	at peergos.shared.mutable.ProxyingMutablePointers.lambda$setPointer$0(ProxyingMutablePointers.java:30)
	at peergos.shared.corenode.Proxy.lambda$redirectCall$0(Proxy.java:26)
	at java.base/java.util.concurrent.CompletableFuture.uniComposeStage(CompletableFuture.java:1183)
	at java.base/java.util.concurrent.CompletableFuture.thenCompose(CompletableFuture.java:2299)
	at peergos.shared.corenode.Proxy.lambda$redirectCall$1(Proxy.java:19)
	at java.base/java.util.concurrent.CompletableFuture.uniComposeStage(CompletableFuture.java:1183)
	at java.base/java.util.concurrent.CompletableFuture.thenCompose(CompletableFuture.java:2299)
	at peergos.shared.corenode.Proxy.redirectCall(Proxy.java:18)
	at peergos.shared.mutable.ProxyingMutablePointers.setPointer(ProxyingMutablePointers.java:27)
	at peergos.server.net.MutationHandler.handle(MutationHandler.java:60)
	at jdk.httpserver/com.sun.net.httpserver.Filter$Chain.doFilter(Filter.java:77)
	at jdk.httpserver/sun.net.httpserver.AuthFilter.doFilter(AuthFilter.java:82)
	at jdk.httpserver/com.sun.net.httpserver.Filter$Chain.doFilter(Filter.java:80)
	at jdk.httpserver/sun.net.httpserver.ServerImpl$Exchange$LinkHandler.handle(ServerImpl.java:692)
	at jdk.httpserver/com.sun.net.httpserver.Filter$Chain.doFilter(Filter.java:77)
	at jdk.httpserver/sun.net.httpserver.ServerImpl$Exchange.run(ServerImpl.java:664)
	at java.base/java.util.concurrent.ThreadPoolExecutor.runWorker(ThreadPoolExecutor.java:1130)
	at java.base/java.util.concurrent.ThreadPoolExecutor$Worker.run(ThreadPoolExecutor.java:630)
	at java.base/java.lang.Thread.run(Thread.java:832)
java.lang.IllegalStateException: Writer not present on this server: z59vuwzfFDosGtqxBLBnsWBdZbAd7ooaRVYEyaAH6z31b5WUdBNnStg
	at peergos.server.space.JdbcUsageStore.getWriterId(JdbcUsageStore.java:179)
	at peergos.server.space.JdbcUsageStore.getOwner(JdbcUsageStore.java:239)
	at peergos.server.space.JdbcUsageStore.getUsage(JdbcUsageStore.java:268)
	at peergos.server.space.SpaceCheckingKeyFilter.prepareMutablePointerChange(SpaceCheckingKeyFilter.java:214)
	at peergos.server.space.SpaceCheckingKeyFilter.accept(SpaceCheckingKeyFilter.java:182)
	at peergos.server.mutable.MutableEventPropagator.lambda$setPointer$0(MutableEventPropagator.java:30)
	at java.base/java.util.concurrent.CompletableFuture.uniApplyNow(CompletableFuture.java:680)
	at java.base/java.util.concurrent.CompletableFuture.uniApplyStage(CompletableFuture.java:658)
	at java.base/java.util.concurrent.CompletableFuture.thenApply(CompletableFuture.java:2158)
	at peergos.server.mutable.MutableEventPropagator.setPointer(MutableEventPropagator.java:26)
	at peergos.server.mutable.PinningMutablePointers.lambda$setPointer$2(PinningMutablePointers.java:52)
	at java.base/java.util.concurrent.CompletableFuture.uniComposeStage(CompletableFuture.java:1183)
	at java.base/java.util.concurrent.CompletableFuture.thenCompose(CompletableFuture.java:2299)
	at peergos.server.mutable.PinningMutablePointers.lambda$setPointer$3(PinningMutablePointers.java:41)
	at java.base/java.util.concurrent.CompletableFuture.uniComposeStage(CompletableFuture.java:1183)
	at java.base/java.util.concurrent.CompletableFuture.thenCompose(CompletableFuture.java:2299)
	at peergos.server.mutable.PinningMutablePointers.setPointer(PinningMutablePointers.java:33)
	at peergos.server.mutable.BlockingMutablePointers.setPointer(BlockingMutablePointers.java:21)
	at peergos.shared.mutable.ProxyingMutablePointers.lambda$setPointer$0(ProxyingMutablePointers.java:30)
	at peergos.shared.corenode.Proxy.lambda$redirectCall$0(Proxy.java:26)
	at java.base/java.util.concurrent.CompletableFuture.uniComposeStage(CompletableFuture.java:1183)
	at java.base/java.util.concurrent.CompletableFuture.thenCompose(CompletableFuture.java:2299)
	at peergos.shared.corenode.Proxy.lambda$redirectCall$1(Proxy.java:19)
	at java.base/java.util.concurrent.CompletableFuture.uniComposeStage(CompletableFuture.java:1183)
	at java.base/java.util.concurrent.CompletableFuture.thenCompose(CompletableFuture.java:2299)
	at peergos.shared.corenode.Proxy.redirectCall(Proxy.java:18)
	at peergos.shared.mutable.ProxyingMutablePointers.setPointer(ProxyingMutablePointers.java:27)
	at peergos.server.net.MutationHandler.handle(MutationHandler.java:60)
	at jdk.httpserver/com.sun.net.httpserver.Filter$Chain.doFilter(Filter.java:77)
	at jdk.httpserver/sun.net.httpserver.AuthFilter.doFilter(AuthFilter.java:82)
	at jdk.httpserver/com.sun.net.httpserver.Filter$Chain.doFilter(Filter.java:80)
	at jdk.httpserver/sun.net.httpserver.ServerImpl$Exchange$LinkHandler.handle(ServerImpl.java:692)
	at jdk.httpserver/com.sun.net.httpserver.Filter$Chain.doFilter(Filter.java:77)
	at jdk.httpserver/sun.net.httpserver.ServerImpl$Exchange.run(ServerImpl.java:664)
	at java.base/java.util.concurrent.ThreadPoolExecutor.runWorker(ThreadPoolExecutor.java:1130)
	at java.base/java.util.concurrent.ThreadPoolExecutor$Worker.run(ThreadPoolExecutor.java:630)
	at java.base/java.lang.Thread.run(Thread.java:832)
java.lang.IllegalStateException: Writer not present on this server: z59vuwzfFDosGtqxBLBnsWBdZbAd7ooaRVYEyaAH6z31b5WUdBNnStg
	at peergos.server.space.JdbcUsageStore.getWriterId(JdbcUsageStore.java:179)
	at peergos.server.space.JdbcUsageStore.getOwner(JdbcUsageStore.java:239)
	at peergos.server.space.JdbcUsageStore.getUsage(JdbcUsageStore.java:268)
	at peergos.server.space.SpaceCheckingKeyFilter.prepareMutablePointerChange(SpaceCheckingKeyFilter.java:214)
	at peergos.server.space.SpaceCheckingKeyFilter.accept(SpaceCheckingKeyFilter.java:182)
	at peergos.server.mutable.MutableEventPropagator.lambda$setPointer$0(MutableEventPropagator.java:30)
	at java.base/java.util.concurrent.CompletableFuture.uniApplyNow(CompletableFuture.java:680)
	at java.base/java.util.concurrent.CompletableFuture.uniApplyStage(CompletableFuture.java:658)
	at java.base/java.util.concurrent.CompletableFuture.thenApply(CompletableFuture.java:2158)
	at peergos.server.mutable.MutableEventPropagator.setPointer(MutableEventPropagator.java:26)
	at peergos.server.mutable.PinningMutablePointers.lambda$setPointer$2(PinningMutablePointers.java:52)
	at java.base/java.util.concurrent.CompletableFuture.uniComposeStage(CompletableFuture.java:1183)
	at java.base/java.util.concurrent.CompletableFuture.thenCompose(CompletableFuture.java:2299)
	at peergos.server.mutable.PinningMutablePointers.lambda$setPointer$3(PinningMutablePointers.java:41)
	at java.base/java.util.concurrent.CompletableFuture.uniComposeStage(CompletableFuture.java:1183)
	at java.base/java.util.concurrent.CompletableFuture.thenCompose(CompletableFuture.java:2299)
	at peergos.server.mutable.PinningMutablePointers.setPointer(PinningMutablePointers.java:33)
	at peergos.server.mutable.BlockingMutablePointers.setPointer(BlockingMutablePointers.java:21)
	at peergos.shared.mutable.ProxyingMutablePointers.lambda$setPointer$0(ProxyingMutablePointers.java:30)
	at peergos.shared.corenode.Proxy.lambda$redirectCall$0(Proxy.java:26)
	at java.base/java.util.concurrent.CompletableFuture.uniComposeStage(CompletableFuture.java:1183)
	at java.base/java.util.concurrent.CompletableFuture.thenCompose(CompletableFuture.java:2299)
	at peergos.shared.corenode.Proxy.lambda$redirectCall$1(Proxy.java:19)
	at java.base/java.util.concurrent.CompletableFuture.uniComposeStage(CompletableFuture.java:1183)
	at java.base/java.util.concurrent.CompletableFuture.thenCompose(CompletableFuture.java:2299)
	at peergos.shared.corenode.Proxy.redirectCall(Proxy.java:18)
	at peergos.shared.mutable.ProxyingMutablePointers.setPointer(ProxyingMutablePointers.java:27)
	at peergos.server.net.MutationHandler.handle(MutationHandler.java:60)
	at jdk.httpserver/com.sun.net.httpserver.Filter$Chain.doFilter(Filter.java:77)
	at jdk.httpserver/sun.net.httpserver.AuthFilter.doFilter(AuthFilter.java:82)
	at jdk.httpserver/com.sun.net.httpserver.Filter$Chain.doFilter(Filter.java:80)
	at jdk.httpserver/sun.net.httpserver.ServerImpl$Exchange$LinkHandler.handle(ServerImpl.java:692)
	at jdk.httpserver/com.sun.net.httpserver.Filter$Chain.doFilter(Filter.java:77)
	at jdk.httpserver/sun.net.httpserver.ServerImpl$Exchange.run(ServerImpl.java:664)
	at java.base/java.util.concurrent.ThreadPoolExecutor.runWorker(ThreadPoolExecutor.java:1130)
	at java.base/java.util.concurrent.ThreadPoolExecutor$Worker.run(ThreadPoolExecutor.java:630)
	at java.base/java.lang.Thread.run(Thread.java:832)
java.lang.IllegalStateException: Writer not present on this server: z59vuwzfFDosGtqxBLBnsWBdZbAd7ooaRVYEyaAH6z31b5WUdBNnStg
	at peergos.server.space.JdbcUsageStore.getWriterId(JdbcUsageStore.java:179)
	at peergos.server.space.JdbcUsageStore.getOwner(JdbcUsageStore.java:239)
	at peergos.server.space.JdbcUsageStore.getUsage(JdbcUsageStore.java:268)
	at peergos.server.space.SpaceCheckingKeyFilter.prepareMutablePointerChange(SpaceCheckingKeyFilter.java:214)
	at peergos.server.space.SpaceCheckingKeyFilter.accept(SpaceCheckingKeyFilter.java:182)
	at peergos.server.mutable.MutableEventPropagator.lambda$setPointer$0(MutableEventPropagator.java:30)
	at java.base/java.util.concurrent.CompletableFuture.uniApplyNow(CompletableFuture.java:680)
	at java.base/java.util.concurrent.CompletableFuture.uniApplyStage(CompletableFuture.java:658)
	at java.base/java.util.concurrent.CompletableFuture.thenApply(CompletableFuture.java:2158)
	at peergos.server.mutable.MutableEventPropagator.setPointer(MutableEventPropagator.java:26)
	at peergos.server.mutable.PinningMutablePointers.lambda$setPointer$2(PinningMutablePointers.java:52)
	at java.base/java.util.concurrent.CompletableFuture.uniComposeStage(CompletableFuture.java:1183)
	at java.base/java.util.concurrent.CompletableFuture.thenCompose(CompletableFuture.java:2299)
	at peergos.server.mutable.PinningMutablePointers.lambda$setPointer$3(PinningMutablePointers.java:41)
	at java.base/java.util.concurrent.CompletableFuture.uniComposeStage(CompletableFuture.java:1183)
	at java.base/java.util.concurrent.CompletableFuture.thenCompose(CompletableFuture.java:2299)
	at peergos.server.mutable.PinningMutablePointers.setPointer(PinningMutablePointers.java:33)
	at peergos.server.mutable.BlockingMutablePointers.setPointer(BlockingMutablePointers.java:21)
	at peergos.shared.mutable.ProxyingMutablePointers.lambda$setPointer$0(ProxyingMutablePointers.java:30)
	at peergos.shared.corenode.Proxy.lambda$redirectCall$0(Proxy.java:26)
	at java.base/java.util.concurrent.CompletableFuture.uniComposeStage(CompletableFuture.java:1183)
	at java.base/java.util.concurrent.CompletableFuture.thenCompose(CompletableFuture.java:2299)
	at peergos.shared.corenode.Proxy.lambda$redirectCall$1(Proxy.java:19)
	at java.base/java.util.concurrent.CompletableFuture.uniComposeStage(CompletableFuture.java:1183)
	at java.base/java.util.concurrent.CompletableFuture.thenCompose(CompletableFuture.java:2299)
	at peergos.shared.corenode.Proxy.redirectCall(Proxy.java:18)
	at peergos.shared.mutable.ProxyingMutablePointers.setPointer(ProxyingMutablePointers.java:27)
	at peergos.server.net.MutationHandler.handle(MutationHandler.java:60)
	at jdk.httpserver/com.sun.net.httpserver.Filter$Chain.doFilter(Filter.java:77)
	at jdk.httpserver/sun.net.httpserver.AuthFilter.doFilter(AuthFilter.java:82)
	at jdk.httpserver/com.sun.net.httpserver.Filter$Chain.doFilter(Filter.java:80)
	at jdk.httpserver/sun.net.httpserver.ServerImpl$Exchange$LinkHandler.handle(ServerImpl.java:692)
	at jdk.httpserver/com.sun.net.httpserver.Filter$Chain.doFilter(Filter.java:77)
	at jdk.httpserver/sun.net.httpserver.ServerImpl$Exchange.run(ServerImpl.java:664)
	at java.base/java.util.concurrent.ThreadPoolExecutor.runWorker(ThreadPoolExecutor.java:1130)
	at java.base/java.util.concurrent.ThreadPoolExecutor$Worker.run(ThreadPoolExecutor.java:630)
	at java.base/java.lang.Thread.run(Thread.java:832)
java.lang.IllegalStateException: Writer not present on this server: z59vuwzfFDouA1bH4CBu3Q1xcXLNmikRY9YBkZpDj2vX6sNA2ccidUN
	at peergos.server.space.JdbcUsageStore.getWriterId(JdbcUsageStore.java:179)
	at peergos.server.space.JdbcUsageStore.getOwner(JdbcUsageStore.java:239)
	at peergos.server.space.JdbcUsageStore.getUsage(JdbcUsageStore.java:268)
	at peergos.server.space.SpaceCheckingKeyFilter.prepareMutablePointerChange(SpaceCheckingKeyFilter.java:214)
	at peergos.server.space.SpaceCheckingKeyFilter.accept(SpaceCheckingKeyFilter.java:182)
	at peergos.server.mutable.MutableEventPropagator.lambda$setPointer$0(MutableEventPropagator.java:30)
	at java.base/java.util.concurrent.CompletableFuture.uniApplyNow(CompletableFuture.java:680)
	at java.base/java.util.concurrent.CompletableFuture.uniApplyStage(CompletableFuture.java:658)
	at java.base/java.util.concurrent.CompletableFuture.thenApply(CompletableFuture.java:2158)
	at peergos.server.mutable.MutableEventPropagator.setPointer(MutableEventPropagator.java:26)
	at peergos.server.mutable.PinningMutablePointers.lambda$setPointer$2(PinningMutablePointers.java:52)
	at java.base/java.util.concurrent.CompletableFuture.uniComposeStage(CompletableFuture.java:1183)
	at java.base/java.util.concurrent.CompletableFuture.thenCompose(CompletableFuture.java:2299)
	at peergos.server.mutable.PinningMutablePointers.lambda$setPointer$3(PinningMutablePointers.java:41)
	at java.base/java.util.concurrent.CompletableFuture.uniComposeStage(CompletableFuture.java:1183)
	at java.base/java.util.concurrent.CompletableFuture.thenCompose(CompletableFuture.java:2299)
	at peergos.server.mutable.PinningMutablePointers.setPointer(PinningMutablePointers.java:33)
	at peergos.server.mutable.BlockingMutablePointers.setPointer(BlockingMutablePointers.java:21)
	at peergos.shared.mutable.ProxyingMutablePointers.lambda$setPointer$0(ProxyingMutablePointers.java:30)
	at peergos.shared.corenode.Proxy.lambda$redirectCall$0(Proxy.java:26)
	at java.base/java.util.concurrent.CompletableFuture.uniComposeStage(CompletableFuture.java:1183)
	at java.base/java.util.concurrent.CompletableFuture.thenCompose(CompletableFuture.java:2299)
	at peergos.shared.corenode.Proxy.lambda$redirectCall$1(Proxy.java:19)
	at java.base/java.util.concurrent.CompletableFuture.uniComposeStage(CompletableFuture.java:1183)
	at java.base/java.util.concurrent.CompletableFuture.thenCompose(CompletableFuture.java:2299)
	at peergos.shared.corenode.Proxy.redirectCall(Proxy.java:18)
	at peergos.shared.mutable.ProxyingMutablePointers.setPointer(ProxyingMutablePointers.java:27)
	at peergos.server.net.MutationHandler.handle(MutationHandler.java:60)
	at jdk.httpserver/com.sun.net.httpserver.Filter$Chain.doFilter(Filter.java:77)
	at jdk.httpserver/sun.net.httpserver.AuthFilter.doFilter(AuthFilter.java:82)
	at jdk.httpserver/com.sun.net.httpserver.Filter$Chain.doFilter(Filter.java:80)
	at jdk.httpserver/sun.net.httpserver.ServerImpl$Exchange$LinkHandler.handle(ServerImpl.java:692)
	at jdk.httpserver/com.sun.net.httpserver.Filter$Chain.doFilter(Filter.java:77)
	at jdk.httpserver/sun.net.httpserver.ServerImpl$Exchange.run(ServerImpl.java:664)
	at java.base/java.util.concurrent.ThreadPoolExecutor.runWorker(ThreadPoolExecutor.java:1130)
	at java.base/java.util.concurrent.ThreadPoolExecutor$Worker.run(ThreadPoolExecutor.java:630)
	at java.base/java.lang.Thread.run(Thread.java:832)
java.lang.IllegalStateException: Writer not present on this server: z59vuwzfFDouA1bH4CBu3Q1xcXLNmikRY9YBkZpDj2vX6sNA2ccidUN
	at peergos.server.space.JdbcUsageStore.getWriterId(JdbcUsageStore.java:179)
	at peergos.server.space.JdbcUsageStore.getOwner(JdbcUsageStore.java:239)
	at peergos.server.space.JdbcUsageStore.getUsage(JdbcUsageStore.java:268)
	at peergos.server.space.SpaceCheckingKeyFilter.prepareMutablePointerChange(SpaceCheckingKeyFilter.java:214)
	at peergos.server.space.SpaceCheckingKeyFilter.accept(SpaceCheckingKeyFilter.java:182)
	at peergos.server.mutable.MutableEventPropagator.lambda$setPointer$0(MutableEventPropagator.java:30)
	at java.base/java.util.concurrent.CompletableFuture.uniApplyNow(CompletableFuture.java:680)
	at java.base/java.util.concurrent.CompletableFuture.uniApplyStage(CompletableFuture.java:658)
	at java.base/java.util.concurrent.CompletableFuture.thenApply(CompletableFuture.java:2158)
	at peergos.server.mutable.MutableEventPropagator.setPointer(MutableEventPropagator.java:26)
	at peergos.server.mutable.PinningMutablePointers.lambda$setPointer$2(PinningMutablePointers.java:52)
	at java.base/java.util.concurrent.CompletableFuture.uniComposeStage(CompletableFuture.java:1183)
	at java.base/java.util.concurrent.CompletableFuture.thenCompose(CompletableFuture.java:2299)
	at peergos.server.mutable.PinningMutablePointers.lambda$setPointer$3(PinningMutablePointers.java:41)
	at java.base/java.util.concurrent.CompletableFuture.uniComposeStage(CompletableFuture.java:1183)
	at java.base/java.util.concurrent.CompletableFuture.thenCompose(CompletableFuture.java:2299)
	at peergos.server.mutable.PinningMutablePointers.setPointer(PinningMutablePointers.java:33)
	at peergos.server.mutable.BlockingMutablePointers.setPointer(BlockingMutablePointers.java:21)
	at peergos.shared.mutable.ProxyingMutablePointers.lambda$setPointer$0(ProxyingMutablePointers.java:30)
	at peergos.shared.corenode.Proxy.lambda$redirectCall$0(Proxy.java:26)
	at java.base/java.util.concurrent.CompletableFuture.uniComposeStage(CompletableFuture.java:1183)
	at java.base/java.util.concurrent.CompletableFuture.thenCompose(CompletableFuture.java:2299)
	at peergos.shared.corenode.Proxy.lambda$redirectCall$1(Proxy.java:19)
	at java.base/java.util.concurrent.CompletableFuture.uniComposeStage(CompletableFuture.java:1183)
	at java.base/java.util.concurrent.CompletableFuture.thenCompose(CompletableFuture.java:2299)
	at peergos.shared.corenode.Proxy.redirectCall(Proxy.java:18)
	at peergos.shared.mutable.ProxyingMutablePointers.setPointer(ProxyingMutablePointers.java:27)
	at peergos.server.net.MutationHandler.handle(MutationHandler.java:60)
	at jdk.httpserver/com.sun.net.httpserver.Filter$Chain.doFilter(Filter.java:77)
	at jdk.httpserver/sun.net.httpserver.AuthFilter.doFilter(AuthFilter.java:82)
	at jdk.httpserver/com.sun.net.httpserver.Filter$Chain.doFilter(Filter.java:80)
	at jdk.httpserver/sun.net.httpserver.ServerImpl$Exchange$LinkHandler.handle(ServerImpl.java:692)
	at jdk.httpserver/com.sun.net.httpserver.Filter$Chain.doFilter(Filter.java:77)
	at jdk.httpserver/sun.net.httpserver.ServerImpl$Exchange.run(ServerImpl.java:664)
	at java.base/java.util.concurrent.ThreadPoolExecutor.runWorker(ThreadPoolExecutor.java:1130)
	at java.base/java.util.concurrent.ThreadPoolExecutor$Worker.run(ThreadPoolExecutor.java:630)
	at java.base/java.lang.Thread.run(Thread.java:832)
java.lang.IllegalStateException: Writer not present on this server: z59vuwzfFDowZ9Anew4CKMiK9Z3aBHCanoprCEpcRWoi8PFVr1D1EZS
	at peergos.server.space.JdbcUsageStore.getWriterId(JdbcUsageStore.java:179)
	at peergos.server.space.JdbcUsageStore.getOwner(JdbcUsageStore.java:239)
	at peergos.server.space.JdbcUsageStore.getUsage(JdbcUsageStore.java:268)
	at peergos.server.space.SpaceCheckingKeyFilter.prepareMutablePointerChange(SpaceCheckingKeyFilter.java:214)
	at peergos.server.space.SpaceCheckingKeyFilter.accept(SpaceCheckingKeyFilter.java:182)
	at peergos.server.mutable.MutableEventPropagator.lambda$setPointer$0(MutableEventPropagator.java:30)
	at java.base/java.util.concurrent.CompletableFuture.uniApplyNow(CompletableFuture.java:680)
	at java.base/java.util.concurrent.CompletableFuture.uniApplyStage(CompletableFuture.java:658)
	at java.base/java.util.concurrent.CompletableFuture.thenApply(CompletableFuture.java:2158)
	at peergos.server.mutable.MutableEventPropagator.setPointer(MutableEventPropagator.java:26)
	at peergos.server.mutable.PinningMutablePointers.lambda$setPointer$2(PinningMutablePointers.java:52)
	at java.base/java.util.concurrent.CompletableFuture.uniComposeStage(CompletableFuture.java:1183)
	at java.base/java.util.concurrent.CompletableFuture.thenCompose(CompletableFuture.java:2299)
	at peergos.server.mutable.PinningMutablePointers.lambda$setPointer$3(PinningMutablePointers.java:41)
	at java.base/java.util.concurrent.CompletableFuture.uniComposeStage(CompletableFuture.java:1183)
	at java.base/java.util.concurrent.CompletableFuture.thenCompose(CompletableFuture.java:2299)
	at peergos.server.mutable.PinningMutablePointers.setPointer(PinningMutablePointers.java:33)
	at peergos.server.mutable.BlockingMutablePointers.setPointer(BlockingMutablePointers.java:21)
	at peergos.shared.mutable.ProxyingMutablePointers.lambda$setPointer$0(ProxyingMutablePointers.java:30)
	at peergos.shared.corenode.Proxy.lambda$redirectCall$0(Proxy.java:26)
	at java.base/java.util.concurrent.CompletableFuture.uniComposeStage(CompletableFuture.java:1183)
	at java.base/java.util.concurrent.CompletableFuture.thenCompose(CompletableFuture.java:2299)
	at peergos.shared.corenode.Proxy.lambda$redirectCall$1(Proxy.java:19)
	at java.base/java.util.concurrent.CompletableFuture.uniComposeStage(CompletableFuture.java:1183)
	at java.base/java.util.concurrent.CompletableFuture.thenCompose(CompletableFuture.java:2299)
	at peergos.shared.corenode.Proxy.redirectCall(Proxy.java:18)
	at peergos.shared.mutable.ProxyingMutablePointers.setPointer(ProxyingMutablePointers.java:27)
	at peergos.server.net.MutationHandler.handle(MutationHandler.java:60)
	at jdk.httpserver/com.sun.net.httpserver.Filter$Chain.doFilter(Filter.java:77)
	at jdk.httpserver/sun.net.httpserver.AuthFilter.doFilter(AuthFilter.java:82)
	at jdk.httpserver/com.sun.net.httpserver.Filter$Chain.doFilter(Filter.java:80)
	at jdk.httpserver/sun.net.httpserver.ServerImpl$Exchange$LinkHandler.handle(ServerImpl.java:692)
	at jdk.httpserver/com.sun.net.httpserver.Filter$Chain.doFilter(Filter.java:77)
	at jdk.httpserver/sun.net.httpserver.ServerImpl$Exchange.run(ServerImpl.java:664)
	at java.base/java.util.concurrent.ThreadPoolExecutor.runWorker(ThreadPoolExecutor.java:1130)
	at java.base/java.util.concurrent.ThreadPoolExecutor$Worker.run(ThreadPoolExecutor.java:630)
	at java.base/java.lang.Thread.run(Thread.java:832)
java.lang.IllegalStateException: Writer not present on this server: z59vuwzfFDowZ9Anew4CKMiK9Z3aBHCanoprCEpcRWoi8PFVr1D1EZS
	at peergos.server.space.JdbcUsageStore.getWriterId(JdbcUsageStore.java:179)
	at peergos.server.space.JdbcUsageStore.getOwner(JdbcUsageStore.java:239)
	at peergos.server.space.JdbcUsageStore.getUsage(JdbcUsageStore.java:268)
	at peergos.server.space.SpaceCheckingKeyFilter.prepareMutablePointerChange(SpaceCheckingKeyFilter.java:214)
	at peergos.server.space.SpaceCheckingKeyFilter.accept(SpaceCheckingKeyFilter.java:182)
	at peergos.server.mutable.MutableEventPropagator.lambda$setPointer$0(MutableEventPropagator.java:30)
	at java.base/java.util.concurrent.CompletableFuture.uniApplyNow(CompletableFuture.java:680)
	at java.base/java.util.concurrent.CompletableFuture.uniApplyStage(CompletableFuture.java:658)
	at java.base/java.util.concurrent.CompletableFuture.thenApply(CompletableFuture.java:2158)
	at peergos.server.mutable.MutableEventPropagator.setPointer(MutableEventPropagator.java:26)
	at peergos.server.mutable.PinningMutablePointers.lambda$setPointer$2(PinningMutablePointers.java:52)
	at java.base/java.util.concurrent.CompletableFuture.uniComposeStage(CompletableFuture.java:1183)
	at java.base/java.util.concurrent.CompletableFuture.thenCompose(CompletableFuture.java:2299)
	at peergos.server.mutable.PinningMutablePointers.lambda$setPointer$3(PinningMutablePointers.java:41)
	at java.base/java.util.concurrent.CompletableFuture.uniComposeStage(CompletableFuture.java:1183)
	at java.base/java.util.concurrent.CompletableFuture.thenCompose(CompletableFuture.java:2299)
	at peergos.server.mutable.PinningMutablePointers.setPointer(PinningMutablePointers.java:33)
	at peergos.server.mutable.BlockingMutablePointers.setPointer(BlockingMutablePointers.java:21)
	at peergos.shared.mutable.ProxyingMutablePointers.lambda$setPointer$0(ProxyingMutablePointers.java:30)
	at peergos.shared.corenode.Proxy.lambda$redirectCall$0(Proxy.java:26)
	at java.base/java.util.concurrent.CompletableFuture.uniComposeStage(CompletableFuture.java:1183)
	at java.base/java.util.concurrent.CompletableFuture.thenCompose(CompletableFuture.java:2299)
	at peergos.shared.corenode.Proxy.lambda$redirectCall$1(Proxy.java:19)
	at java.base/java.util.concurrent.CompletableFuture.uniComposeStage(CompletableFuture.java:1183)
	at java.base/java.util.concurrent.CompletableFuture.thenCompose(CompletableFuture.java:2299)
	at peergos.shared.corenode.Proxy.redirectCall(Proxy.java:18)
	at peergos.shared.mutable.ProxyingMutablePointers.setPointer(ProxyingMutablePointers.java:27)
	at peergos.server.net.MutationHandler.handle(MutationHandler.java:60)
	at jdk.httpserver/com.sun.net.httpserver.Filter$Chain.doFilter(Filter.java:77)
	at jdk.httpserver/sun.net.httpserver.AuthFilter.doFilter(AuthFilter.java:82)
	at jdk.httpserver/com.sun.net.httpserver.Filter$Chain.doFilter(Filter.java:80)
	at jdk.httpserver/sun.net.httpserver.ServerImpl$Exchange$LinkHandler.handle(ServerImpl.java:692)
	at jdk.httpserver/com.sun.net.httpserver.Filter$Chain.doFilter(Filter.java:77)
	at jdk.httpserver/sun.net.httpserver.ServerImpl$Exchange.run(ServerImpl.java:664)
	at java.base/java.util.concurrent.ThreadPoolExecutor.runWorker(ThreadPoolExecutor.java:1130)
	at java.base/java.util.concurrent.ThreadPoolExecutor$Worker.run(ThreadPoolExecutor.java:630)
	at java.base/java.lang.Thread.run(Thread.java:832)
java.lang.IllegalStateException: Writer not present on this server: z59vuwzfFDouA1bH4CBu3Q1xcXLNmikRY9YBkZpDj2vX6sNA2ccidUN
	at peergos.server.space.JdbcUsageStore.getWriterId(JdbcUsageStore.java:179)
	at peergos.server.space.JdbcUsageStore.getOwner(JdbcUsageStore.java:239)
	at peergos.server.space.JdbcUsageStore.getUsage(JdbcUsageStore.java:268)
	at peergos.server.space.SpaceCheckingKeyFilter.prepareMutablePointerChange(SpaceCheckingKeyFilter.java:214)
	at peergos.server.space.SpaceCheckingKeyFilter.accept(SpaceCheckingKeyFilter.java:182)
	at peergos.server.mutable.MutableEventPropagator.lambda$setPointer$0(MutableEventPropagator.java:30)
	at java.base/java.util.concurrent.CompletableFuture.uniApplyNow(CompletableFuture.java:680)
	at java.base/java.util.concurrent.CompletableFuture.uniApplyStage(CompletableFuture.java:658)
	at java.base/java.util.concurrent.CompletableFuture.thenApply(CompletableFuture.java:2158)
	at peergos.server.mutable.MutableEventPropagator.setPointer(MutableEventPropagator.java:26)
	at peergos.server.mutable.PinningMutablePointers.lambda$setPointer$2(PinningMutablePointers.java:52)
	at java.base/java.util.concurrent.CompletableFuture.uniComposeStage(CompletableFuture.java:1183)
	at java.base/java.util.concurrent.CompletableFuture.thenCompose(CompletableFuture.java:2299)
	at peergos.server.mutable.PinningMutablePointers.lambda$setPointer$3(PinningMutablePointers.java:41)
	at java.base/java.util.concurrent.CompletableFuture.uniComposeStage(CompletableFuture.java:1183)
	at java.base/java.util.concurrent.CompletableFuture.thenCompose(CompletableFuture.java:2299)
	at peergos.server.mutable.PinningMutablePointers.setPointer(PinningMutablePointers.java:33)
	at peergos.server.mutable.BlockingMutablePointers.setPointer(BlockingMutablePointers.java:21)
	at peergos.shared.mutable.ProxyingMutablePointers.lambda$setPointer$0(ProxyingMutablePointers.java:30)
	at peergos.shared.corenode.Proxy.lambda$redirectCall$0(Proxy.java:26)
	at java.base/java.util.concurrent.CompletableFuture.uniComposeStage(CompletableFuture.java:1183)
	at java.base/java.util.concurrent.CompletableFuture.thenCompose(CompletableFuture.java:2299)
	at peergos.shared.corenode.Proxy.lambda$redirectCall$1(Proxy.java:19)
	at java.base/java.util.concurrent.CompletableFuture.uniComposeStage(CompletableFuture.java:1183)
	at java.base/java.util.concurrent.CompletableFuture.thenCompose(CompletableFuture.java:2299)
	at peergos.shared.corenode.Proxy.redirectCall(Proxy.java:18)
	at peergos.shared.mutable.ProxyingMutablePointers.setPointer(ProxyingMutablePointers.java:27)
	at peergos.server.net.MutationHandler.handle(MutationHandler.java:60)
	at jdk.httpserver/com.sun.net.httpserver.Filter$Chain.doFilter(Filter.java:77)
	at jdk.httpserver/sun.net.httpserver.AuthFilter.doFilter(AuthFilter.java:82)
	at jdk.httpserver/com.sun.net.httpserver.Filter$Chain.doFilter(Filter.java:80)
	at jdk.httpserver/sun.net.httpserver.ServerImpl$Exchange$LinkHandler.handle(ServerImpl.java:692)
	at jdk.httpserver/com.sun.net.httpserver.Filter$Chain.doFilter(Filter.java:77)
	at jdk.httpserver/sun.net.httpserver.ServerImpl$Exchange.run(ServerImpl.java:664)
	at java.base/java.util.concurrent.ThreadPoolExecutor.runWorker(ThreadPoolExecutor.java:1130)
	at java.base/java.util.concurrent.ThreadPoolExecutor$Worker.run(ThreadPoolExecutor.java:630)
	at java.base/java.lang.Thread.run(Thread.java:832)
java.lang.IllegalStateException: Writer not present on this server: z59vuwzfFDowZ9Anew4CKMiK9Z3aBHCanoprCEpcRWoi8PFVr1D1EZS
	at peergos.server.space.JdbcUsageStore.getWriterId(JdbcUsageStore.java:179)
	at peergos.server.space.JdbcUsageStore.getOwner(JdbcUsageStore.java:239)
	at peergos.server.space.JdbcUsageStore.getUsage(JdbcUsageStore.java:268)
	at peergos.server.space.SpaceCheckingKeyFilter.prepareMutablePointerChange(SpaceCheckingKeyFilter.java:214)
	at peergos.server.space.SpaceCheckingKeyFilter.accept(SpaceCheckingKeyFilter.java:182)
	at peergos.server.mutable.MutableEventPropagator.lambda$setPointer$0(MutableEventPropagator.java:30)
	at java.base/java.util.concurrent.CompletableFuture.uniApplyNow(CompletableFuture.java:680)
	at java.base/java.util.concurrent.CompletableFuture.uniApplyStage(CompletableFuture.java:658)
	at java.base/java.util.concurrent.CompletableFuture.thenApply(CompletableFuture.java:2158)
	at peergos.server.mutable.MutableEventPropagator.setPointer(MutableEventPropagator.java:26)
	at peergos.server.mutable.PinningMutablePointers.lambda$setPointer$2(PinningMutablePointers.java:52)
	at java.base/java.util.concurrent.CompletableFuture.uniComposeStage(CompletableFuture.java:1183)
	at java.base/java.util.concurrent.CompletableFuture.thenCompose(CompletableFuture.java:2299)
	at peergos.server.mutable.PinningMutablePointers.lambda$setPointer$3(PinningMutablePointers.java:41)
	at java.base/java.util.concurrent.CompletableFuture.uniComposeStage(CompletableFuture.java:1183)
	at java.base/java.util.concurrent.CompletableFuture.thenCompose(CompletableFuture.java:2299)
	at peergos.server.mutable.PinningMutablePointers.setPointer(PinningMutablePointers.java:33)
	at peergos.server.mutable.BlockingMutablePointers.setPointer(BlockingMutablePointers.java:21)
	at peergos.shared.mutable.ProxyingMutablePointers.lambda$setPointer$0(ProxyingMutablePointers.java:30)
	at peergos.shared.corenode.Proxy.lambda$redirectCall$0(Proxy.java:26)
	at java.base/java.util.concurrent.CompletableFuture.uniComposeStage(CompletableFuture.java:1183)
	at java.base/java.util.concurrent.CompletableFuture.thenCompose(CompletableFuture.java:2299)
	at peergos.shared.corenode.Proxy.lambda$redirectCall$1(Proxy.java:19)
	at java.base/java.util.concurrent.CompletableFuture.uniComposeStage(CompletableFuture.java:1183)
	at java.base/java.util.concurrent.CompletableFuture.thenCompose(CompletableFuture.java:2299)
	at peergos.shared.corenode.Proxy.redirectCall(Proxy.java:18)
	at peergos.shared.mutable.ProxyingMutablePointers.setPointer(ProxyingMutablePointers.java:27)
	at peergos.server.net.MutationHandler.handle(MutationHandler.java:60)
	at jdk.httpserver/com.sun.net.httpserver.Filter$Chain.doFilter(Filter.java:77)
	at jdk.httpserver/sun.net.httpserver.AuthFilter.doFilter(AuthFilter.java:82)
	at jdk.httpserver/com.sun.net.httpserver.Filter$Chain.doFilter(Filter.java:80)
	at jdk.httpserver/sun.net.httpserver.ServerImpl$Exchange$LinkHandler.handle(ServerImpl.java:692)
	at jdk.httpserver/com.sun.net.httpserver.Filter$Chain.doFilter(Filter.java:77)
	at jdk.httpserver/sun.net.httpserver.ServerImpl$Exchange.run(ServerImpl.java:664)
	at java.base/java.util.concurrent.ThreadPoolExecutor.runWorker(ThreadPoolExecutor.java:1130)
	at java.base/java.util.concurrent.ThreadPoolExecutor$Worker.run(ThreadPoolExecutor.java:630)
	at java.base/java.lang.Thread.run(Thread.java:832)
java.lang.IllegalStateException: Writer not present on this server: z59vuwzfFDowZ9Anew4CKMiK9Z3aBHCanoprCEpcRWoi8PFVr1D1EZS
	at peergos.server.space.JdbcUsageStore.getWriterId(JdbcUsageStore.java:179)
	at peergos.server.space.JdbcUsageStore.getOwner(JdbcUsageStore.java:239)
	at peergos.server.space.JdbcUsageStore.getUsage(JdbcUsageStore.java:268)
	at peergos.server.space.SpaceCheckingKeyFilter.prepareMutablePointerChange(SpaceCheckingKeyFilter.java:214)
	at peergos.server.space.SpaceCheckingKeyFilter.accept(SpaceCheckingKeyFilter.java:182)
	at peergos.server.mutable.MutableEventPropagator.lambda$setPointer$0(MutableEventPropagator.java:30)
	at java.base/java.util.concurrent.CompletableFuture.uniApplyNow(CompletableFuture.java:680)
	at java.base/java.util.concurrent.CompletableFuture.uniApplyStage(CompletableFuture.java:658)
	at java.base/java.util.concurrent.CompletableFuture.thenApply(CompletableFuture.java:2158)
	at peergos.server.mutable.MutableEventPropagator.setPointer(MutableEventPropagator.java:26)
	at peergos.server.mutable.PinningMutablePointers.lambda$setPointer$2(PinningMutablePointers.java:52)
	at java.base/java.util.concurrent.CompletableFuture.uniComposeStage(CompletableFuture.java:1183)
	at java.base/java.util.concurrent.CompletableFuture.thenCompose(CompletableFuture.java:2299)
	at peergos.server.mutable.PinningMutablePointers.lambda$setPointer$3(PinningMutablePointers.java:41)
	at java.base/java.util.concurrent.CompletableFuture.uniComposeStage(CompletableFuture.java:1183)
	at java.base/java.util.concurrent.CompletableFuture.thenCompose(CompletableFuture.java:2299)
	at peergos.server.mutable.PinningMutablePointers.setPointer(PinningMutablePointers.java:33)
	at peergos.server.mutable.BlockingMutablePointers.setPointer(BlockingMutablePointers.java:21)
	at peergos.shared.mutable.ProxyingMutablePointers.lambda$setPointer$0(ProxyingMutablePointers.java:30)
	at peergos.shared.corenode.Proxy.lambda$redirectCall$0(Proxy.java:26)
	at java.base/java.util.concurrent.CompletableFuture.uniComposeStage(CompletableFuture.java:1183)
	at java.base/java.util.concurrent.CompletableFuture.thenCompose(CompletableFuture.java:2299)
	at peergos.shared.corenode.Proxy.lambda$redirectCall$1(Proxy.java:19)
	at java.base/java.util.concurrent.CompletableFuture.uniComposeStage(CompletableFuture.java:1183)
	at java.base/java.util.concurrent.CompletableFuture.thenCompose(CompletableFuture.java:2299)
	at peergos.shared.corenode.Proxy.redirectCall(Proxy.java:18)
	at peergos.shared.mutable.ProxyingMutablePointers.setPointer(ProxyingMutablePointers.java:27)
	at peergos.server.net.MutationHandler.handle(MutationHandler.java:60)
	at jdk.httpserver/com.sun.net.httpserver.Filter$Chain.doFilter(Filter.java:77)
	at jdk.httpserver/sun.net.httpserver.AuthFilter.doFilter(AuthFilter.java:82)
	at jdk.httpserver/com.sun.net.httpserver.Filter$Chain.doFilter(Filter.java:80)
	at jdk.httpserver/sun.net.httpserver.ServerImpl$Exchange$LinkHandler.handle(ServerImpl.java:692)
	at jdk.httpserver/com.sun.net.httpserver.Filter$Chain.doFilter(Filter.java:77)
	at jdk.httpserver/sun.net.httpserver.ServerImpl$Exchange.run(ServerImpl.java:664)
	at java.base/java.util.concurrent.ThreadPoolExecutor.runWorker(ThreadPoolExecutor.java:1130)
	at java.base/java.util.concurrent.ThreadPoolExecutor$Worker.run(ThreadPoolExecutor.java:630)
	at java.base/java.lang.Thread.run(Thread.java:832)
java.lang.IllegalStateException: Writer not present on this server: z59vuwzfFDowZ9Anew4CKMiK9Z3aBHCanoprCEpcRWoi8PFVr1D1EZS
	at peergos.server.space.JdbcUsageStore.getWriterId(JdbcUsageStore.java:179)
	at peergos.server.space.JdbcUsageStore.getOwner(JdbcUsageStore.java:239)
	at peergos.server.space.JdbcUsageStore.getUsage(JdbcUsageStore.java:268)
	at peergos.server.space.SpaceCheckingKeyFilter.prepareMutablePointerChange(SpaceCheckingKeyFilter.java:214)
	at peergos.server.space.SpaceCheckingKeyFilter.accept(SpaceCheckingKeyFilter.java:182)
	at peergos.server.mutable.MutableEventPropagator.lambda$setPointer$0(MutableEventPropagator.java:30)
	at java.base/java.util.concurrent.CompletableFuture.uniApplyNow(CompletableFuture.java:680)
	at java.base/java.util.concurrent.CompletableFuture.uniApplyStage(CompletableFuture.java:658)
	at java.base/java.util.concurrent.CompletableFuture.thenApply(CompletableFuture.java:2158)
	at peergos.server.mutable.MutableEventPropagator.setPointer(MutableEventPropagator.java:26)
	at peergos.server.mutable.PinningMutablePointers.lambda$setPointer$2(PinningMutablePointers.java:52)
	at java.base/java.util.concurrent.CompletableFuture.uniComposeStage(CompletableFuture.java:1183)
	at java.base/java.util.concurrent.CompletableFuture.thenCompose(CompletableFuture.java:2299)
	at peergos.server.mutable.PinningMutablePointers.lambda$setPointer$3(PinningMutablePointers.java:41)
	at java.base/java.util.concurrent.CompletableFuture.uniComposeStage(CompletableFuture.java:1183)
	at java.base/java.util.concurrent.CompletableFuture.thenCompose(CompletableFuture.java:2299)
	at peergos.server.mutable.PinningMutablePointers.setPointer(PinningMutablePointers.java:33)
	at peergos.server.mutable.BlockingMutablePointers.setPointer(BlockingMutablePointers.java:21)
	at peergos.shared.mutable.ProxyingMutablePointers.lambda$setPointer$0(ProxyingMutablePointers.java:30)
	at peergos.shared.corenode.Proxy.lambda$redirectCall$0(Proxy.java:26)
	at java.base/java.util.concurrent.CompletableFuture.uniComposeStage(CompletableFuture.java:1183)
	at java.base/java.util.concurrent.CompletableFuture.thenCompose(CompletableFuture.java:2299)
	at peergos.shared.corenode.Proxy.lambda$redirectCall$1(Proxy.java:19)
	at java.base/java.util.concurrent.CompletableFuture.uniComposeStage(CompletableFuture.java:1183)
	at java.base/java.util.concurrent.CompletableFuture.thenCompose(CompletableFuture.java:2299)
	at peergos.shared.corenode.Proxy.redirectCall(Proxy.java:18)
	at peergos.shared.mutable.ProxyingMutablePointers.setPointer(ProxyingMutablePointers.java:27)
	at peergos.server.net.MutationHandler.handle(MutationHandler.java:60)
	at jdk.httpserver/com.sun.net.httpserver.Filter$Chain.doFilter(Filter.java:77)
	at jdk.httpserver/sun.net.httpserver.AuthFilter.doFilter(AuthFilter.java:82)
	at jdk.httpserver/com.sun.net.httpserver.Filter$Chain.doFilter(Filter.java:80)
	at jdk.httpserver/sun.net.httpserver.ServerImpl$Exchange$LinkHandler.handle(ServerImpl.java:692)
	at jdk.httpserver/com.sun.net.httpserver.Filter$Chain.doFilter(Filter.java:77)
	at jdk.httpserver/sun.net.httpserver.ServerImpl$Exchange.run(ServerImpl.java:664)
	at java.base/java.util.concurrent.ThreadPoolExecutor.runWorker(ThreadPoolExecutor.java:1130)
	at java.base/java.util.concurrent.ThreadPoolExecutor$Worker.run(ThreadPoolExecutor.java:630)
	at java.base/java.lang.Thread.run(Thread.java:832)
java.lang.IllegalStateException: Writer not present on this server: z59vuwzfFDowZ9Anew4CKMiK9Z3aBHCanoprCEpcRWoi8PFVr1D1EZS
	at peergos.server.space.JdbcUsageStore.getWriterId(JdbcUsageStore.java:179)
	at peergos.server.space.JdbcUsageStore.getOwner(JdbcUsageStore.java:239)
	at peergos.server.space.JdbcUsageStore.getUsage(JdbcUsageStore.java:268)
	at peergos.server.space.SpaceCheckingKeyFilter.prepareMutablePointerChange(SpaceCheckingKeyFilter.java:214)
	at peergos.server.space.SpaceCheckingKeyFilter.accept(SpaceCheckingKeyFilter.java:182)
	at peergos.server.mutable.MutableEventPropagator.lambda$setPointer$0(MutableEventPropagator.java:30)
	at java.base/java.util.concurrent.CompletableFuture.uniApplyNow(CompletableFuture.java:680)
	at java.base/java.util.concurrent.CompletableFuture.uniApplyStage(CompletableFuture.java:658)
	at java.base/java.util.concurrent.CompletableFuture.thenApply(CompletableFuture.java:2158)
	at peergos.server.mutable.MutableEventPropagator.setPointer(MutableEventPropagator.java:26)
	at peergos.server.mutable.PinningMutablePointers.lambda$setPointer$2(PinningMutablePointers.java:52)
	at java.base/java.util.concurrent.CompletableFuture.uniComposeStage(CompletableFuture.java:1183)
	at java.base/java.util.concurrent.CompletableFuture.thenCompose(CompletableFuture.java:2299)
	at peergos.server.mutable.PinningMutablePointers.lambda$setPointer$3(PinningMutablePointers.java:41)
	at java.base/java.util.concurrent.CompletableFuture.uniComposeStage(CompletableFuture.java:1183)
	at java.base/java.util.concurrent.CompletableFuture.thenCompose(CompletableFuture.java:2299)
	at peergos.server.mutable.PinningMutablePointers.setPointer(PinningMutablePointers.java:33)
	at peergos.server.mutable.BlockingMutablePointers.setPointer(BlockingMutablePointers.java:21)
	at peergos.shared.mutable.ProxyingMutablePointers.lambda$setPointer$0(ProxyingMutablePointers.java:30)
	at peergos.shared.corenode.Proxy.lambda$redirectCall$0(Proxy.java:26)
	at java.base/java.util.concurrent.CompletableFuture.uniComposeStage(CompletableFuture.java:1183)
	at java.base/java.util.concurrent.CompletableFuture.thenCompose(CompletableFuture.java:2299)
	at peergos.shared.corenode.Proxy.lambda$redirectCall$1(Proxy.java:19)
	at java.base/java.util.concurrent.CompletableFuture.uniComposeStage(CompletableFuture.java:1183)
	at java.base/java.util.concurrent.CompletableFuture.thenCompose(CompletableFuture.java:2299)
	at peergos.shared.corenode.Proxy.redirectCall(Proxy.java:18)
	at peergos.shared.mutable.ProxyingMutablePointers.setPointer(ProxyingMutablePointers.java:27)
	at peergos.server.net.MutationHandler.handle(MutationHandler.java:60)
	at jdk.httpserver/com.sun.net.httpserver.Filter$Chain.doFilter(Filter.java:77)
	at jdk.httpserver/sun.net.httpserver.AuthFilter.doFilter(AuthFilter.java:82)
	at jdk.httpserver/com.sun.net.httpserver.Filter$Chain.doFilter(Filter.java:80)
	at jdk.httpserver/sun.net.httpserver.ServerImpl$Exchange$LinkHandler.handle(ServerImpl.java:692)
	at jdk.httpserver/com.sun.net.httpserver.Filter$Chain.doFilter(Filter.java:77)
	at jdk.httpserver/sun.net.httpserver.ServerImpl$Exchange.run(ServerImpl.java:664)
	at java.base/java.util.concurrent.ThreadPoolExecutor.runWorker(ThreadPoolExecutor.java:1130)
	at java.base/java.util.concurrent.ThreadPoolExecutor$Worker.run(ThreadPoolExecutor.java:630)
	at java.base/java.lang.Thread.run(Thread.java:832)
java.lang.IllegalStateException: Writer not present on this server: z59vuwzfFDowZ9Anew4CKMiK9Z3aBHCanoprCEpcRWoi8PFVr1D1EZS
	at peergos.server.space.JdbcUsageStore.getWriterId(JdbcUsageStore.java:179)
	at peergos.server.space.JdbcUsageStore.getOwner(JdbcUsageStore.java:239)
	at peergos.server.space.JdbcUsageStore.getUsage(JdbcUsageStore.java:268)
	at peergos.server.space.SpaceCheckingKeyFilter.prepareMutablePointerChange(SpaceCheckingKeyFilter.java:214)
	at peergos.server.space.SpaceCheckingKeyFilter.accept(SpaceCheckingKeyFilter.java:182)
	at peergos.server.mutable.MutableEventPropagator.lambda$setPointer$0(MutableEventPropagator.java:30)
	at java.base/java.util.concurrent.CompletableFuture.uniApplyNow(CompletableFuture.java:680)
	at java.base/java.util.concurrent.CompletableFuture.uniApplyStage(CompletableFuture.java:658)
	at java.base/java.util.concurrent.CompletableFuture.thenApply(CompletableFuture.java:2158)
	at peergos.server.mutable.MutableEventPropagator.setPointer(MutableEventPropagator.java:26)
	at peergos.server.mutable.PinningMutablePointers.lambda$setPointer$2(PinningMutablePointers.java:52)
	at java.base/java.util.concurrent.CompletableFuture.uniComposeStage(CompletableFuture.java:1183)
	at java.base/java.util.concurrent.CompletableFuture.thenCompose(CompletableFuture.java:2299)
	at peergos.server.mutable.PinningMutablePointers.lambda$setPointer$3(PinningMutablePointers.java:41)
	at java.base/java.util.concurrent.CompletableFuture.uniComposeStage(CompletableFuture.java:1183)
	at java.base/java.util.concurrent.CompletableFuture.thenCompose(CompletableFuture.java:2299)
	at peergos.server.mutable.PinningMutablePointers.setPointer(PinningMutablePointers.java:33)
	at peergos.server.mutable.BlockingMutablePointers.setPointer(BlockingMutablePointers.java:21)
	at peergos.shared.mutable.ProxyingMutablePointers.lambda$setPointer$0(ProxyingMutablePointers.java:30)
	at peergos.shared.corenode.Proxy.lambda$redirectCall$0(Proxy.java:26)
	at java.base/java.util.concurrent.CompletableFuture.uniComposeStage(CompletableFuture.java:1183)
	at java.base/java.util.concurrent.CompletableFuture.thenCompose(CompletableFuture.java:2299)
	at peergos.shared.corenode.Proxy.lambda$redirectCall$1(Proxy.java:19)
	at java.base/java.util.concurrent.CompletableFuture.uniComposeStage(CompletableFuture.java:1183)
	at java.base/java.util.concurrent.CompletableFuture.thenCompose(CompletableFuture.java:2299)
	at peergos.shared.corenode.Proxy.redirectCall(Proxy.java:18)
	at peergos.shared.mutable.ProxyingMutablePointers.setPointer(ProxyingMutablePointers.java:27)
	at peergos.server.net.MutationHandler.handle(MutationHandler.java:60)
	at jdk.httpserver/com.sun.net.httpserver.Filter$Chain.doFilter(Filter.java:77)
	at jdk.httpserver/sun.net.httpserver.AuthFilter.doFilter(AuthFilter.java:82)
	at jdk.httpserver/com.sun.net.httpserver.Filter$Chain.doFilter(Filter.java:80)
	at jdk.httpserver/sun.net.httpserver.ServerImpl$Exchange$LinkHandler.handle(ServerImpl.java:692)
	at jdk.httpserver/com.sun.net.httpserver.Filter$Chain.doFilter(Filter.java:77)
	at jdk.httpserver/sun.net.httpserver.ServerImpl$Exchange.run(ServerImpl.java:664)
	at java.base/java.util.concurrent.ThreadPoolExecutor.runWorker(ThreadPoolExecutor.java:1130)
	at java.base/java.util.concurrent.ThreadPoolExecutor$Worker.run(ThreadPoolExecutor.java:630)
	at java.base/java.lang.Thread.run(Thread.java:832)
java.lang.IllegalStateException: Writer not present on this server: z59vuwzfFDowZ9Anew4CKMiK9Z3aBHCanoprCEpcRWoi8PFVr1D1EZS
	at peergos.server.space.JdbcUsageStore.getWriterId(JdbcUsageStore.java:179)
	at peergos.server.space.JdbcUsageStore.getOwner(JdbcUsageStore.java:239)
	at peergos.server.space.JdbcUsageStore.getUsage(JdbcUsageStore.java:268)
	at peergos.server.space.SpaceCheckingKeyFilter.prepareMutablePointerChange(SpaceCheckingKeyFilter.java:214)
	at peergos.server.space.SpaceCheckingKeyFilter.accept(SpaceCheckingKeyFilter.java:182)
	at peergos.server.mutable.MutableEventPropagator.lambda$setPointer$0(MutableEventPropagator.java:30)
	at java.base/java.util.concurrent.CompletableFuture.uniApplyNow(CompletableFuture.java:680)
	at java.base/java.util.concurrent.CompletableFuture.uniApplyStage(CompletableFuture.java:658)
	at java.base/java.util.concurrent.CompletableFuture.thenApply(CompletableFuture.java:2158)
	at peergos.server.mutable.MutableEventPropagator.setPointer(MutableEventPropagator.java:26)
	at peergos.server.mutable.PinningMutablePointers.lambda$setPointer$2(PinningMutablePointers.java:52)
	at java.base/java.util.concurrent.CompletableFuture.uniComposeStage(CompletableFuture.java:1183)
	at java.base/java.util.concurrent.CompletableFuture.thenCompose(CompletableFuture.java:2299)
	at peergos.server.mutable.PinningMutablePointers.lambda$setPointer$3(PinningMutablePointers.java:41)
	at java.base/java.util.concurrent.CompletableFuture.uniComposeStage(CompletableFuture.java:1183)
	at java.base/java.util.concurrent.CompletableFuture.thenCompose(CompletableFuture.java:2299)
	at peergos.server.mutable.PinningMutablePointers.setPointer(PinningMutablePointers.java:33)
	at peergos.server.mutable.BlockingMutablePointers.setPointer(BlockingMutablePointers.java:21)
	at peergos.shared.mutable.ProxyingMutablePointers.lambda$setPointer$0(ProxyingMutablePointers.java:30)
	at peergos.shared.corenode.Proxy.lambda$redirectCall$0(Proxy.java:26)
	at java.base/java.util.concurrent.CompletableFuture.uniComposeStage(CompletableFuture.java:1183)
	at java.base/java.util.concurrent.CompletableFuture.thenCompose(CompletableFuture.java:2299)
	at peergos.shared.corenode.Proxy.lambda$redirectCall$1(Proxy.java:19)
	at java.base/java.util.concurrent.CompletableFuture.uniComposeStage(CompletableFuture.java:1183)
	at java.base/java.util.concurrent.CompletableFuture.thenCompose(CompletableFuture.java:2299)
	at peergos.shared.corenode.Proxy.redirectCall(Proxy.java:18)
	at peergos.shared.mutable.ProxyingMutablePointers.setPointer(ProxyingMutablePointers.java:27)
	at peergos.server.net.MutationHandler.handle(MutationHandler.java:60)
	at jdk.httpserver/com.sun.net.httpserver.Filter$Chain.doFilter(Filter.java:77)
	at jdk.httpserver/sun.net.httpserver.AuthFilter.doFilter(AuthFilter.java:82)
	at jdk.httpserver/com.sun.net.httpserver.Filter$Chain.doFilter(Filter.java:80)
	at jdk.httpserver/sun.net.httpserver.ServerImpl$Exchange$LinkHandler.handle(ServerImpl.java:692)
	at jdk.httpserver/com.sun.net.httpserver.Filter$Chain.doFilter(Filter.java:77)
	at jdk.httpserver/sun.net.httpserver.ServerImpl$Exchange.run(ServerImpl.java:664)
	at java.base/java.util.concurrent.ThreadPoolExecutor.runWorker(ThreadPoolExecutor.java:1130)
	at java.base/java.util.concurrent.ThreadPoolExecutor$Worker.run(ThreadPoolExecutor.java:630)
	at java.base/java.lang.Thread.run(Thread.java:832)
Trailer:Migration+claim+has+earlier+expiry+than+current+one%21
Trailer:New+claim+chain+expiry+before+existing%21
Trailer:New%2Bclaim%2Bchain%2Bexpiry%2Bbefore%2Bexisting%2521
java.lang.IllegalStateException: Writer not present on this server: z59vuwzfFDp3TjMoyv8GLGf8KnqLHQcFxv4aKUpMvBtWwNaqLpCm3cH
	at peergos.server.space.JdbcUsageStore.getWriterId(JdbcUsageStore.java:179)
	at peergos.server.space.JdbcUsageStore.getOwner(JdbcUsageStore.java:239)
	at peergos.server.space.JdbcUsageStore.getUsage(JdbcUsageStore.java:268)
	at peergos.server.space.SpaceCheckingKeyFilter.prepareMutablePointerChange(SpaceCheckingKeyFilter.java:214)
	at peergos.server.space.SpaceCheckingKeyFilter.accept(SpaceCheckingKeyFilter.java:182)
	at peergos.server.mutable.MutableEventPropagator.lambda$setPointer$0(MutableEventPropagator.java:30)
	at java.base/java.util.concurrent.CompletableFuture.uniApplyNow(CompletableFuture.java:680)
	at java.base/java.util.concurrent.CompletableFuture.uniApplyStage(CompletableFuture.java:658)
	at java.base/java.util.concurrent.CompletableFuture.thenApply(CompletableFuture.java:2158)
	at peergos.server.mutable.MutableEventPropagator.setPointer(MutableEventPropagator.java:26)
	at peergos.server.mutable.PinningMutablePointers.lambda$setPointer$2(PinningMutablePointers.java:52)
	at java.base/java.util.concurrent.CompletableFuture.uniComposeStage(CompletableFuture.java:1183)
	at java.base/java.util.concurrent.CompletableFuture.thenCompose(CompletableFuture.java:2299)
	at peergos.server.mutable.PinningMutablePointers.lambda$setPointer$3(PinningMutablePointers.java:41)
	at java.base/java.util.concurrent.CompletableFuture.uniComposeStage(CompletableFuture.java:1183)
	at java.base/java.util.concurrent.CompletableFuture.thenCompose(CompletableFuture.java:2299)
	at peergos.server.mutable.PinningMutablePointers.setPointer(PinningMutablePointers.java:33)
	at peergos.server.mutable.BlockingMutablePointers.setPointer(BlockingMutablePointers.java:21)
	at peergos.shared.mutable.ProxyingMutablePointers.lambda$setPointer$0(ProxyingMutablePointers.java:30)
	at peergos.shared.corenode.Proxy.lambda$redirectCall$0(Proxy.java:26)
	at java.base/java.util.concurrent.CompletableFuture.uniComposeStage(CompletableFuture.java:1183)
	at java.base/java.util.concurrent.CompletableFuture.thenCompose(CompletableFuture.java:2299)
	at peergos.shared.corenode.Proxy.lambda$redirectCall$1(Proxy.java:19)
	at java.base/java.util.concurrent.CompletableFuture.uniComposeStage(CompletableFuture.java:1183)
	at java.base/java.util.concurrent.CompletableFuture.thenCompose(CompletableFuture.java:2299)
	at peergos.shared.corenode.Proxy.redirectCall(Proxy.java:18)
	at peergos.shared.mutable.ProxyingMutablePointers.setPointer(ProxyingMutablePointers.java:27)
	at peergos.server.net.MutationHandler.handle(MutationHandler.java:60)
	at jdk.httpserver/com.sun.net.httpserver.Filter$Chain.doFilter(Filter.java:77)
	at jdk.httpserver/sun.net.httpserver.AuthFilter.doFilter(AuthFilter.java:82)
	at jdk.httpserver/com.sun.net.httpserver.Filter$Chain.doFilter(Filter.java:80)
	at jdk.httpserver/sun.net.httpserver.ServerImpl$Exchange$LinkHandler.handle(ServerImpl.java:692)
	at jdk.httpserver/com.sun.net.httpserver.Filter$Chain.doFilter(Filter.java:77)
	at jdk.httpserver/sun.net.httpserver.ServerImpl$Exchange.run(ServerImpl.java:664)
	at java.base/java.util.concurrent.ThreadPoolExecutor.runWorker(ThreadPoolExecutor.java:1130)
	at java.base/java.util.concurrent.ThreadPoolExecutor$Worker.run(ThreadPoolExecutor.java:630)
	at java.base/java.lang.Thread.run(Thread.java:832)
java.lang.IllegalStateException: Writer not present on this server: z59vuwzfFDp3TjMoyv8GLGf8KnqLHQcFxv4aKUpMvBtWwNaqLpCm3cH
	at peergos.server.space.JdbcUsageStore.getWriterId(JdbcUsageStore.java:179)
	at peergos.server.space.JdbcUsageStore.getOwner(JdbcUsageStore.java:239)
	at peergos.server.space.JdbcUsageStore.getUsage(JdbcUsageStore.java:268)
	at peergos.server.space.SpaceCheckingKeyFilter.prepareMutablePointerChange(SpaceCheckingKeyFilter.java:214)
	at peergos.server.space.SpaceCheckingKeyFilter.accept(SpaceCheckingKeyFilter.java:182)
	at peergos.server.mutable.MutableEventPropagator.lambda$setPointer$0(MutableEventPropagator.java:30)
	at java.base/java.util.concurrent.CompletableFuture.uniApplyNow(CompletableFuture.java:680)
	at java.base/java.util.concurrent.CompletableFuture.uniApplyStage(CompletableFuture.java:658)
	at java.base/java.util.concurrent.CompletableFuture.thenApply(CompletableFuture.java:2158)
	at peergos.server.mutable.MutableEventPropagator.setPointer(MutableEventPropagator.java:26)
	at peergos.server.mutable.PinningMutablePointers.lambda$setPointer$2(PinningMutablePointers.java:52)
	at java.base/java.util.concurrent.CompletableFuture.uniComposeStage(CompletableFuture.java:1183)
	at java.base/java.util.concurrent.CompletableFuture.thenCompose(CompletableFuture.java:2299)
	at peergos.server.mutable.PinningMutablePointers.lambda$setPointer$3(PinningMutablePointers.java:41)
	at java.base/java.util.concurrent.CompletableFuture.uniComposeStage(CompletableFuture.java:1183)
	at java.base/java.util.concurrent.CompletableFuture.thenCompose(CompletableFuture.java:2299)
	at peergos.server.mutable.PinningMutablePointers.setPointer(PinningMutablePointers.java:33)
	at peergos.server.mutable.BlockingMutablePointers.setPointer(BlockingMutablePointers.java:21)
	at peergos.shared.mutable.ProxyingMutablePointers.lambda$setPointer$0(ProxyingMutablePointers.java:30)
	at peergos.shared.corenode.Proxy.lambda$redirectCall$0(Proxy.java:26)
	at java.base/java.util.concurrent.CompletableFuture.uniComposeStage(CompletableFuture.java:1183)
	at java.base/java.util.concurrent.CompletableFuture.thenCompose(CompletableFuture.java:2299)
	at peergos.shared.corenode.Proxy.lambda$redirectCall$1(Proxy.java:19)
	at java.base/java.util.concurrent.CompletableFuture.uniComposeStage(CompletableFuture.java:1183)
	at java.base/java.util.concurrent.CompletableFuture.thenCompose(CompletableFuture.java:2299)
	at peergos.shared.corenode.Proxy.redirectCall(Proxy.java:18)
	at peergos.shared.mutable.ProxyingMutablePointers.setPointer(ProxyingMutablePointers.java:27)
	at peergos.server.net.MutationHandler.handle(MutationHandler.java:60)
	at jdk.httpserver/com.sun.net.httpserver.Filter$Chain.doFilter(Filter.java:77)
	at jdk.httpserver/sun.net.httpserver.AuthFilter.doFilter(AuthFilter.java:82)
	at jdk.httpserver/com.sun.net.httpserver.Filter$Chain.doFilter(Filter.java:80)
	at jdk.httpserver/sun.net.httpserver.ServerImpl$Exchange$LinkHandler.handle(ServerImpl.java:692)
	at jdk.httpserver/com.sun.net.httpserver.Filter$Chain.doFilter(Filter.java:77)
	at jdk.httpserver/sun.net.httpserver.ServerImpl$Exchange.run(ServerImpl.java:664)
	at java.base/java.util.concurrent.ThreadPoolExecutor.runWorker(ThreadPoolExecutor.java:1130)
	at java.base/java.util.concurrent.ThreadPoolExecutor$Worker.run(ThreadPoolExecutor.java:630)
	at java.base/java.lang.Thread.run(Thread.java:832)
java.lang.IllegalStateException: Writer not present on this server: z59vuwzfFDp1yHviLVoSoBSKkwA9jXWAm8BzGk8xwayNyyqB4wUdufu
	at peergos.server.space.JdbcUsageStore.getWriterId(JdbcUsageStore.java:179)
	at peergos.server.space.JdbcUsageStore.getOwner(JdbcUsageStore.java:239)
	at peergos.server.space.JdbcUsageStore.getUsage(JdbcUsageStore.java:268)
	at peergos.server.space.SpaceCheckingKeyFilter.prepareMutablePointerChange(SpaceCheckingKeyFilter.java:214)
	at peergos.server.space.SpaceCheckingKeyFilter.accept(SpaceCheckingKeyFilter.java:182)
	at peergos.server.mutable.MutableEventPropagator.lambda$setPointer$0(MutableEventPropagator.java:30)
	at java.base/java.util.concurrent.CompletableFuture.uniApplyNow(CompletableFuture.java:680)
	at java.base/java.util.concurrent.CompletableFuture.uniApplyStage(CompletableFuture.java:658)
	at java.base/java.util.concurrent.CompletableFuture.thenApply(CompletableFuture.java:2158)
	at peergos.server.mutable.MutableEventPropagator.setPointer(MutableEventPropagator.java:26)
	at peergos.server.mutable.PinningMutablePointers.lambda$setPointer$2(PinningMutablePointers.java:52)
	at java.base/java.util.concurrent.CompletableFuture.uniComposeStage(CompletableFuture.java:1183)
	at java.base/java.util.concurrent.CompletableFuture.thenCompose(CompletableFuture.java:2299)
	at peergos.server.mutable.PinningMutablePointers.lambda$setPointer$3(PinningMutablePointers.java:41)
	at java.base/java.util.concurrent.CompletableFuture.uniComposeStage(CompletableFuture.java:1183)
	at java.base/java.util.concurrent.CompletableFuture.thenCompose(CompletableFuture.java:2299)
	at peergos.server.mutable.PinningMutablePointers.setPointer(PinningMutablePointers.java:33)
	at peergos.server.mutable.BlockingMutablePointers.setPointer(BlockingMutablePointers.java:21)
	at peergos.shared.mutable.ProxyingMutablePointers.lambda$setPointer$0(ProxyingMutablePointers.java:30)
	at peergos.shared.corenode.Proxy.lambda$redirectCall$0(Proxy.java:26)
	at java.base/java.util.concurrent.CompletableFuture.uniComposeStage(CompletableFuture.java:1183)
	at java.base/java.util.concurrent.CompletableFuture.thenCompose(CompletableFuture.java:2299)
	at peergos.shared.corenode.Proxy.lambda$redirectCall$1(Proxy.java:19)
	at java.base/java.util.concurrent.CompletableFuture.uniComposeStage(CompletableFuture.java:1183)
	at java.base/java.util.concurrent.CompletableFuture.thenCompose(CompletableFuture.java:2299)
	at peergos.shared.corenode.Proxy.redirectCall(Proxy.java:18)
	at peergos.shared.mutable.ProxyingMutablePointers.setPointer(ProxyingMutablePointers.java:27)
	at peergos.server.net.MutationHandler.handle(MutationHandler.java:60)
	at jdk.httpserver/com.sun.net.httpserver.Filter$Chain.doFilter(Filter.java:77)
	at jdk.httpserver/sun.net.httpserver.AuthFilter.doFilter(AuthFilter.java:82)
	at jdk.httpserver/com.sun.net.httpserver.Filter$Chain.doFilter(Filter.java:80)
	at jdk.httpserver/sun.net.httpserver.ServerImpl$Exchange$LinkHandler.handle(ServerImpl.java:692)
	at jdk.httpserver/com.sun.net.httpserver.Filter$Chain.doFilter(Filter.java:77)
	at jdk.httpserver/sun.net.httpserver.ServerImpl$Exchange.run(ServerImpl.java:664)
	at java.base/java.util.concurrent.ThreadPoolExecutor.runWorker(ThreadPoolExecutor.java:1130)
	at java.base/java.util.concurrent.ThreadPoolExecutor$Worker.run(ThreadPoolExecutor.java:630)
	at java.base/java.lang.Thread.run(Thread.java:832)
java.lang.IllegalStateException: Writer not present on this server: z59vuwzfFDp1yHviLVoSoBSKkwA9jXWAm8BzGk8xwayNyyqB4wUdufu
	at peergos.server.space.JdbcUsageStore.getWriterId(JdbcUsageStore.java:179)
	at peergos.server.space.JdbcUsageStore.getOwner(JdbcUsageStore.java:239)
	at peergos.server.space.JdbcUsageStore.getUsage(JdbcUsageStore.java:268)
	at peergos.server.space.SpaceCheckingKeyFilter.prepareMutablePointerChange(SpaceCheckingKeyFilter.java:214)
	at peergos.server.space.SpaceCheckingKeyFilter.accept(SpaceCheckingKeyFilter.java:182)
	at peergos.server.mutable.MutableEventPropagator.lambda$setPointer$0(MutableEventPropagator.java:30)
	at java.base/java.util.concurrent.CompletableFuture.uniApplyNow(CompletableFuture.java:680)
	at java.base/java.util.concurrent.CompletableFuture.uniApplyStage(CompletableFuture.java:658)
	at java.base/java.util.concurrent.CompletableFuture.thenApply(CompletableFuture.java:2158)
	at peergos.server.mutable.MutableEventPropagator.setPointer(MutableEventPropagator.java:26)
	at peergos.server.mutable.PinningMutablePointers.lambda$setPointer$2(PinningMutablePointers.java:52)
	at java.base/java.util.concurrent.CompletableFuture.uniComposeStage(CompletableFuture.java:1183)
	at java.base/java.util.concurrent.CompletableFuture.thenCompose(CompletableFuture.java:2299)
	at peergos.server.mutable.PinningMutablePointers.lambda$setPointer$3(PinningMutablePointers.java:41)
	at java.base/java.util.concurrent.CompletableFuture.uniComposeStage(CompletableFuture.java:1183)
	at java.base/java.util.concurrent.CompletableFuture.thenCompose(CompletableFuture.java:2299)
	at peergos.server.mutable.PinningMutablePointers.setPointer(PinningMutablePointers.java:33)
	at peergos.server.mutable.BlockingMutablePointers.setPointer(BlockingMutablePointers.java:21)
	at peergos.shared.mutable.ProxyingMutablePointers.lambda$setPointer$0(ProxyingMutablePointers.java:30)
	at peergos.shared.corenode.Proxy.lambda$redirectCall$0(Proxy.java:26)
	at java.base/java.util.concurrent.CompletableFuture.uniComposeStage(CompletableFuture.java:1183)
	at java.base/java.util.concurrent.CompletableFuture.thenCompose(CompletableFuture.java:2299)
	at peergos.shared.corenode.Proxy.lambda$redirectCall$1(Proxy.java:19)
	at java.base/java.util.concurrent.CompletableFuture.uniComposeStage(CompletableFuture.java:1183)
	at java.base/java.util.concurrent.CompletableFuture.thenCompose(CompletableFuture.java:2299)
	at peergos.shared.corenode.Proxy.redirectCall(Proxy.java:18)
	at peergos.shared.mutable.ProxyingMutablePointers.setPointer(ProxyingMutablePointers.java:27)
	at peergos.server.net.MutationHandler.handle(MutationHandler.java:60)
	at jdk.httpserver/com.sun.net.httpserver.Filter$Chain.doFilter(Filter.java:77)
	at jdk.httpserver/sun.net.httpserver.AuthFilter.doFilter(AuthFilter.java:82)
	at jdk.httpserver/com.sun.net.httpserver.Filter$Chain.doFilter(Filter.java:80)
	at jdk.httpserver/sun.net.httpserver.ServerImpl$Exchange$LinkHandler.handle(ServerImpl.java:692)
	at jdk.httpserver/com.sun.net.httpserver.Filter$Chain.doFilter(Filter.java:77)
	at jdk.httpserver/sun.net.httpserver.ServerImpl$Exchange.run(ServerImpl.java:664)
	at java.base/java.util.concurrent.ThreadPoolExecutor.runWorker(ThreadPoolExecutor.java:1130)
	at java.base/java.util.concurrent.ThreadPoolExecutor$Worker.run(ThreadPoolExecutor.java:630)
	at java.base/java.lang.Thread.run(Thread.java:832)
java.lang.IllegalStateException: Writer not present on this server: z59vuwzfFDp3TjMoyv8GLGf8KnqLHQcFxv4aKUpMvBtWwNaqLpCm3cH
	at peergos.server.space.JdbcUsageStore.getWriterId(JdbcUsageStore.java:179)
	at peergos.server.space.JdbcUsageStore.getOwner(JdbcUsageStore.java:239)
	at peergos.server.space.JdbcUsageStore.getUsage(JdbcUsageStore.java:268)
	at peergos.server.space.SpaceCheckingKeyFilter.prepareMutablePointerChange(SpaceCheckingKeyFilter.java:214)
	at peergos.server.space.SpaceCheckingKeyFilter.accept(SpaceCheckingKeyFilter.java:182)
	at peergos.server.mutable.MutableEventPropagator.lambda$setPointer$0(MutableEventPropagator.java:30)
	at java.base/java.util.concurrent.CompletableFuture.uniApplyNow(CompletableFuture.java:680)
	at java.base/java.util.concurrent.CompletableFuture.uniApplyStage(CompletableFuture.java:658)
	at java.base/java.util.concurrent.CompletableFuture.thenApply(CompletableFuture.java:2158)
	at peergos.server.mutable.MutableEventPropagator.setPointer(MutableEventPropagator.java:26)
	at peergos.server.mutable.PinningMutablePointers.lambda$setPointer$2(PinningMutablePointers.java:52)
	at java.base/java.util.concurrent.CompletableFuture.uniComposeStage(CompletableFuture.java:1183)
	at java.base/java.util.concurrent.CompletableFuture.thenCompose(CompletableFuture.java:2299)
	at peergos.server.mutable.PinningMutablePointers.lambda$setPointer$3(PinningMutablePointers.java:41)
	at java.base/java.util.concurrent.CompletableFuture.uniComposeStage(CompletableFuture.java:1183)
	at java.base/java.util.concurrent.CompletableFuture.thenCompose(CompletableFuture.java:2299)
	at peergos.server.mutable.PinningMutablePointers.setPointer(PinningMutablePointers.java:33)
	at peergos.server.mutable.BlockingMutablePointers.setPointer(BlockingMutablePointers.java:21)
	at peergos.shared.mutable.ProxyingMutablePointers.lambda$setPointer$0(ProxyingMutablePointers.java:30)
	at peergos.shared.corenode.Proxy.lambda$redirectCall$0(Proxy.java:26)
	at java.base/java.util.concurrent.CompletableFuture.uniComposeStage(CompletableFuture.java:1183)
	at java.base/java.util.concurrent.CompletableFuture.thenCompose(CompletableFuture.java:2299)
	at peergos.shared.corenode.Proxy.lambda$redirectCall$1(Proxy.java:19)
	at java.base/java.util.concurrent.CompletableFuture.uniComposeStage(CompletableFuture.java:1183)
	at java.base/java.util.concurrent.CompletableFuture.thenCompose(CompletableFuture.java:2299)
	at peergos.shared.corenode.Proxy.redirectCall(Proxy.java:18)
	at peergos.shared.mutable.ProxyingMutablePointers.setPointer(ProxyingMutablePointers.java:27)
	at peergos.server.net.MutationHandler.handle(MutationHandler.java:60)
	at jdk.httpserver/com.sun.net.httpserver.Filter$Chain.doFilter(Filter.java:77)
	at jdk.httpserver/sun.net.httpserver.AuthFilter.doFilter(AuthFilter.java:82)
	at jdk.httpserver/com.sun.net.httpserver.Filter$Chain.doFilter(Filter.java:80)
	at jdk.httpserver/sun.net.httpserver.ServerImpl$Exchange$LinkHandler.handle(ServerImpl.java:692)
	at jdk.httpserver/com.sun.net.httpserver.Filter$Chain.doFilter(Filter.java:77)
	at jdk.httpserver/sun.net.httpserver.ServerImpl$Exchange.run(ServerImpl.java:664)
	at java.base/java.util.concurrent.ThreadPoolExecutor.runWorker(ThreadPoolExecutor.java:1130)
	at java.base/java.util.concurrent.ThreadPoolExecutor$Worker.run(ThreadPoolExecutor.java:630)
	at java.base/java.lang.Thread.run(Thread.java:832)
java.lang.IllegalStateException: Writer not present on this server: z59vuwzfFDp1yHviLVoSoBSKkwA9jXWAm8BzGk8xwayNyyqB4wUdufu
	at peergos.server.space.JdbcUsageStore.getWriterId(JdbcUsageStore.java:179)
	at peergos.server.space.JdbcUsageStore.getOwner(JdbcUsageStore.java:239)
	at peergos.server.space.JdbcUsageStore.getUsage(JdbcUsageStore.java:268)
	at peergos.server.space.SpaceCheckingKeyFilter.prepareMutablePointerChange(SpaceCheckingKeyFilter.java:214)
	at peergos.server.space.SpaceCheckingKeyFilter.accept(SpaceCheckingKeyFilter.java:182)
	at peergos.server.mutable.MutableEventPropagator.lambda$setPointer$0(MutableEventPropagator.java:30)
	at java.base/java.util.concurrent.CompletableFuture.uniApplyNow(CompletableFuture.java:680)
	at java.base/java.util.concurrent.CompletableFuture.uniApplyStage(CompletableFuture.java:658)
	at java.base/java.util.concurrent.CompletableFuture.thenApply(CompletableFuture.java:2158)
	at peergos.server.mutable.MutableEventPropagator.setPointer(MutableEventPropagator.java:26)
	at peergos.server.mutable.PinningMutablePointers.lambda$setPointer$2(PinningMutablePointers.java:52)
	at java.base/java.util.concurrent.CompletableFuture.uniComposeStage(CompletableFuture.java:1183)
	at java.base/java.util.concurrent.CompletableFuture.thenCompose(CompletableFuture.java:2299)
	at peergos.server.mutable.PinningMutablePointers.lambda$setPointer$3(PinningMutablePointers.java:41)
	at java.base/java.util.concurrent.CompletableFuture.uniComposeStage(CompletableFuture.java:1183)
	at java.base/java.util.concurrent.CompletableFuture.thenCompose(CompletableFuture.java:2299)
	at peergos.server.mutable.PinningMutablePointers.setPointer(PinningMutablePointers.java:33)
	at peergos.server.mutable.BlockingMutablePointers.setPointer(BlockingMutablePointers.java:21)
	at peergos.shared.mutable.ProxyingMutablePointers.lambda$setPointer$0(ProxyingMutablePointers.java:30)
	at peergos.shared.corenode.Proxy.lambda$redirectCall$0(Proxy.java:26)
	at java.base/java.util.concurrent.CompletableFuture.uniComposeStage(CompletableFuture.java:1183)
	at java.base/java.util.concurrent.CompletableFuture.thenCompose(CompletableFuture.java:2299)
	at peergos.shared.corenode.Proxy.lambda$redirectCall$1(Proxy.java:19)
	at java.base/java.util.concurrent.CompletableFuture.uniComposeStage(CompletableFuture.java:1183)
	at java.base/java.util.concurrent.CompletableFuture.thenCompose(CompletableFuture.java:2299)
	at peergos.shared.corenode.Proxy.redirectCall(Proxy.java:18)
	at peergos.shared.mutable.ProxyingMutablePointers.setPointer(ProxyingMutablePointers.java:27)
	at peergos.server.net.MutationHandler.handle(MutationHandler.java:60)
	at jdk.httpserver/com.sun.net.httpserver.Filter$Chain.doFilter(Filter.java:77)
	at jdk.httpserver/sun.net.httpserver.AuthFilter.doFilter(AuthFilter.java:82)
	at jdk.httpserver/com.sun.net.httpserver.Filter$Chain.doFilter(Filter.java:80)
	at jdk.httpserver/sun.net.httpserver.ServerImpl$Exchange$LinkHandler.handle(ServerImpl.java:692)
	at jdk.httpserver/com.sun.net.httpserver.Filter$Chain.doFilter(Filter.java:77)
	at jdk.httpserver/sun.net.httpserver.ServerImpl$Exchange.run(ServerImpl.java:664)
	at java.base/java.util.concurrent.ThreadPoolExecutor.runWorker(ThreadPoolExecutor.java:1130)
	at java.base/java.util.concurrent.ThreadPoolExecutor$Worker.run(ThreadPoolExecutor.java:630)
	at java.base/java.lang.Thread.run(Thread.java:832)
java.lang.IllegalStateException: Writer not present on this server: z59vuwzfFDp1yHviLVoSoBSKkwA9jXWAm8BzGk8xwayNyyqB4wUdufu
	at peergos.server.space.JdbcUsageStore.getWriterId(JdbcUsageStore.java:179)
	at peergos.server.space.JdbcUsageStore.getOwner(JdbcUsageStore.java:239)
	at peergos.server.space.JdbcUsageStore.getUsage(JdbcUsageStore.java:268)
	at peergos.server.space.SpaceCheckingKeyFilter.prepareMutablePointerChange(SpaceCheckingKeyFilter.java:214)
	at peergos.server.space.SpaceCheckingKeyFilter.accept(SpaceCheckingKeyFilter.java:182)
	at peergos.server.mutable.MutableEventPropagator.lambda$setPointer$0(MutableEventPropagator.java:30)
	at java.base/java.util.concurrent.CompletableFuture.uniApplyNow(CompletableFuture.java:680)
	at java.base/java.util.concurrent.CompletableFuture.uniApplyStage(CompletableFuture.java:658)
	at java.base/java.util.concurrent.CompletableFuture.thenApply(CompletableFuture.java:2158)
	at peergos.server.mutable.MutableEventPropagator.setPointer(MutableEventPropagator.java:26)
	at peergos.server.mutable.PinningMutablePointers.lambda$setPointer$2(PinningMutablePointers.java:52)
	at java.base/java.util.concurrent.CompletableFuture.uniComposeStage(CompletableFuture.java:1183)
	at java.base/java.util.concurrent.CompletableFuture.thenCompose(CompletableFuture.java:2299)
	at peergos.server.mutable.PinningMutablePointers.lambda$setPointer$3(PinningMutablePointers.java:41)
	at java.base/java.util.concurrent.CompletableFuture.uniComposeStage(CompletableFuture.java:1183)
	at java.base/java.util.concurrent.CompletableFuture.thenCompose(CompletableFuture.java:2299)
	at peergos.server.mutable.PinningMutablePointers.setPointer(PinningMutablePointers.java:33)
	at peergos.server.mutable.BlockingMutablePointers.setPointer(BlockingMutablePointers.java:21)
	at peergos.shared.mutable.ProxyingMutablePointers.lambda$setPointer$0(ProxyingMutablePointers.java:30)
	at peergos.shared.corenode.Proxy.lambda$redirectCall$0(Proxy.java:26)
	at java.base/java.util.concurrent.CompletableFuture.uniComposeStage(CompletableFuture.java:1183)
	at java.base/java.util.concurrent.CompletableFuture.thenCompose(CompletableFuture.java:2299)
	at peergos.shared.corenode.Proxy.lambda$redirectCall$1(Proxy.java:19)
	at java.base/java.util.concurrent.CompletableFuture.uniComposeStage(CompletableFuture.java:1183)
	at java.base/java.util.concurrent.CompletableFuture.thenCompose(CompletableFuture.java:2299)
	at peergos.shared.corenode.Proxy.redirectCall(Proxy.java:18)
	at peergos.shared.mutable.ProxyingMutablePointers.setPointer(ProxyingMutablePointers.java:27)
	at peergos.server.net.MutationHandler.handle(MutationHandler.java:60)
	at jdk.httpserver/com.sun.net.httpserver.Filter$Chain.doFilter(Filter.java:77)
	at jdk.httpserver/sun.net.httpserver.AuthFilter.doFilter(AuthFilter.java:82)
	at jdk.httpserver/com.sun.net.httpserver.Filter$Chain.doFilter(Filter.java:80)
	at jdk.httpserver/sun.net.httpserver.ServerImpl$Exchange$LinkHandler.handle(ServerImpl.java:692)
	at jdk.httpserver/com.sun.net.httpserver.Filter$Chain.doFilter(Filter.java:77)
	at jdk.httpserver/sun.net.httpserver.ServerImpl$Exchange.run(ServerImpl.java:664)
	at java.base/java.util.concurrent.ThreadPoolExecutor.runWorker(ThreadPoolExecutor.java:1130)
	at java.base/java.util.concurrent.ThreadPoolExecutor$Worker.run(ThreadPoolExecutor.java:630)
	at java.base/java.lang.Thread.run(Thread.java:832)
java.lang.IllegalStateException: Writer not present on this server: z59vuwzfFDp1yHviLVoSoBSKkwA9jXWAm8BzGk8xwayNyyqB4wUdufu
	at peergos.server.space.JdbcUsageStore.getWriterId(JdbcUsageStore.java:179)
	at peergos.server.space.JdbcUsageStore.getOwner(JdbcUsageStore.java:239)
	at peergos.server.space.JdbcUsageStore.getUsage(JdbcUsageStore.java:268)
	at peergos.server.space.SpaceCheckingKeyFilter.prepareMutablePointerChange(SpaceCheckingKeyFilter.java:214)
	at peergos.server.space.SpaceCheckingKeyFilter.accept(SpaceCheckingKeyFilter.java:182)
	at peergos.server.mutable.MutableEventPropagator.lambda$setPointer$0(MutableEventPropagator.java:30)
	at java.base/java.util.concurrent.CompletableFuture.uniApplyNow(CompletableFuture.java:680)
	at java.base/java.util.concurrent.CompletableFuture.uniApplyStage(CompletableFuture.java:658)
	at java.base/java.util.concurrent.CompletableFuture.thenApply(CompletableFuture.java:2158)
	at peergos.server.mutable.MutableEventPropagator.setPointer(MutableEventPropagator.java:26)
	at peergos.server.mutable.PinningMutablePointers.lambda$setPointer$2(PinningMutablePointers.java:52)
	at java.base/java.util.concurrent.CompletableFuture.uniComposeStage(CompletableFuture.java:1183)
	at java.base/java.util.concurrent.CompletableFuture.thenCompose(CompletableFuture.java:2299)
	at peergos.server.mutable.PinningMutablePointers.lambda$setPointer$3(PinningMutablePointers.java:41)
	at java.base/java.util.concurrent.CompletableFuture.uniComposeStage(CompletableFuture.java:1183)
	at java.base/java.util.concurrent.CompletableFuture.thenCompose(CompletableFuture.java:2299)
	at peergos.server.mutable.PinningMutablePointers.setPointer(PinningMutablePointers.java:33)
	at peergos.server.mutable.BlockingMutablePointers.setPointer(BlockingMutablePointers.java:21)
	at peergos.shared.mutable.ProxyingMutablePointers.lambda$setPointer$0(ProxyingMutablePointers.java:30)
	at peergos.shared.corenode.Proxy.lambda$redirectCall$0(Proxy.java:26)
	at java.base/java.util.concurrent.CompletableFuture.uniComposeStage(CompletableFuture.java:1183)
	at java.base/java.util.concurrent.CompletableFuture.thenCompose(CompletableFuture.java:2299)
	at peergos.shared.corenode.Proxy.lambda$redirectCall$1(Proxy.java:19)
	at java.base/java.util.concurrent.CompletableFuture.uniComposeStage(CompletableFuture.java:1183)
	at java.base/java.util.concurrent.CompletableFuture.thenCompose(CompletableFuture.java:2299)
	at peergos.shared.corenode.Proxy.redirectCall(Proxy.java:18)
	at peergos.shared.mutable.ProxyingMutablePointers.setPointer(ProxyingMutablePointers.java:27)
	at peergos.server.net.MutationHandler.handle(MutationHandler.java:60)
	at jdk.httpserver/com.sun.net.httpserver.Filter$Chain.doFilter(Filter.java:77)
	at jdk.httpserver/sun.net.httpserver.AuthFilter.doFilter(AuthFilter.java:82)
	at jdk.httpserver/com.sun.net.httpserver.Filter$Chain.doFilter(Filter.java:80)
	at jdk.httpserver/sun.net.httpserver.ServerImpl$Exchange$LinkHandler.handle(ServerImpl.java:692)
	at jdk.httpserver/com.sun.net.httpserver.Filter$Chain.doFilter(Filter.java:77)
	at jdk.httpserver/sun.net.httpserver.ServerImpl$Exchange.run(ServerImpl.java:664)
	at java.base/java.util.concurrent.ThreadPoolExecutor.runWorker(ThreadPoolExecutor.java:1130)
	at java.base/java.util.concurrent.ThreadPoolExecutor$Worker.run(ThreadPoolExecutor.java:630)
	at java.base/java.lang.Thread.run(Thread.java:832)
java.lang.IllegalStateException: Writer not present on this server: z59vuwzfFDp1yHviLVoSoBSKkwA9jXWAm8BzGk8xwayNyyqB4wUdufu
	at peergos.server.space.JdbcUsageStore.getWriterId(JdbcUsageStore.java:179)
	at peergos.server.space.JdbcUsageStore.getOwner(JdbcUsageStore.java:239)
	at peergos.server.space.JdbcUsageStore.getUsage(JdbcUsageStore.java:268)
	at peergos.server.space.SpaceCheckingKeyFilter.prepareMutablePointerChange(SpaceCheckingKeyFilter.java:214)
	at peergos.server.space.SpaceCheckingKeyFilter.accept(SpaceCheckingKeyFilter.java:182)
	at peergos.server.mutable.MutableEventPropagator.lambda$setPointer$0(MutableEventPropagator.java:30)
	at java.base/java.util.concurrent.CompletableFuture.uniApplyNow(CompletableFuture.java:680)
	at java.base/java.util.concurrent.CompletableFuture.uniApplyStage(CompletableFuture.java:658)
	at java.base/java.util.concurrent.CompletableFuture.thenApply(CompletableFuture.java:2158)
	at peergos.server.mutable.MutableEventPropagator.setPointer(MutableEventPropagator.java:26)
	at peergos.server.mutable.PinningMutablePointers.lambda$setPointer$2(PinningMutablePointers.java:52)
	at java.base/java.util.concurrent.CompletableFuture.uniComposeStage(CompletableFuture.java:1183)
	at java.base/java.util.concurrent.CompletableFuture.thenCompose(CompletableFuture.java:2299)
	at peergos.server.mutable.PinningMutablePointers.lambda$setPointer$3(PinningMutablePointers.java:41)
	at java.base/java.util.concurrent.CompletableFuture.uniComposeStage(CompletableFuture.java:1183)
	at java.base/java.util.concurrent.CompletableFuture.thenCompose(CompletableFuture.java:2299)
	at peergos.server.mutable.PinningMutablePointers.setPointer(PinningMutablePointers.java:33)
	at peergos.server.mutable.BlockingMutablePointers.setPointer(BlockingMutablePointers.java:21)
	at peergos.shared.mutable.ProxyingMutablePointers.lambda$setPointer$0(ProxyingMutablePointers.java:30)
	at peergos.shared.corenode.Proxy.lambda$redirectCall$0(Proxy.java:26)
	at java.base/java.util.concurrent.CompletableFuture.uniComposeStage(CompletableFuture.java:1183)
	at java.base/java.util.concurrent.CompletableFuture.thenCompose(CompletableFuture.java:2299)
	at peergos.shared.corenode.Proxy.lambda$redirectCall$1(Proxy.java:19)
	at java.base/java.util.concurrent.CompletableFuture.uniComposeStage(CompletableFuture.java:1183)
	at java.base/java.util.concurrent.CompletableFuture.thenCompose(CompletableFuture.java:2299)
	at peergos.shared.corenode.Proxy.redirectCall(Proxy.java:18)
	at peergos.shared.mutable.ProxyingMutablePointers.setPointer(ProxyingMutablePointers.java:27)
	at peergos.server.net.MutationHandler.handle(MutationHandler.java:60)
	at jdk.httpserver/com.sun.net.httpserver.Filter$Chain.doFilter(Filter.java:77)
	at jdk.httpserver/sun.net.httpserver.AuthFilter.doFilter(AuthFilter.java:82)
	at jdk.httpserver/com.sun.net.httpserver.Filter$Chain.doFilter(Filter.java:80)
	at jdk.httpserver/sun.net.httpserver.ServerImpl$Exchange$LinkHandler.handle(ServerImpl.java:692)
	at jdk.httpserver/com.sun.net.httpserver.Filter$Chain.doFilter(Filter.java:77)
	at jdk.httpserver/sun.net.httpserver.ServerImpl$Exchange.run(ServerImpl.java:664)
	at java.base/java.util.concurrent.ThreadPoolExecutor.runWorker(ThreadPoolExecutor.java:1130)
	at java.base/java.util.concurrent.ThreadPoolExecutor$Worker.run(ThreadPoolExecutor.java:630)
	at java.base/java.lang.Thread.run(Thread.java:832)
java.lang.IllegalStateException: Writer not present on this server: z59vuwzfFDp1yHviLVoSoBSKkwA9jXWAm8BzGk8xwayNyyqB4wUdufu
	at peergos.server.space.JdbcUsageStore.getWriterId(JdbcUsageStore.java:179)
	at peergos.server.space.JdbcUsageStore.getOwner(JdbcUsageStore.java:239)
	at peergos.server.space.JdbcUsageStore.getUsage(JdbcUsageStore.java:268)
	at peergos.server.space.SpaceCheckingKeyFilter.prepareMutablePointerChange(SpaceCheckingKeyFilter.java:214)
	at peergos.server.space.SpaceCheckingKeyFilter.accept(SpaceCheckingKeyFilter.java:182)
	at peergos.server.mutable.MutableEventPropagator.lambda$setPointer$0(MutableEventPropagator.java:30)
	at java.base/java.util.concurrent.CompletableFuture.uniApplyNow(CompletableFuture.java:680)
	at java.base/java.util.concurrent.CompletableFuture.uniApplyStage(CompletableFuture.java:658)
	at java.base/java.util.concurrent.CompletableFuture.thenApply(CompletableFuture.java:2158)
	at peergos.server.mutable.MutableEventPropagator.setPointer(MutableEventPropagator.java:26)
	at peergos.server.mutable.PinningMutablePointers.lambda$setPointer$2(PinningMutablePointers.java:52)
	at java.base/java.util.concurrent.CompletableFuture.uniComposeStage(CompletableFuture.java:1183)
	at java.base/java.util.concurrent.CompletableFuture.thenCompose(CompletableFuture.java:2299)
	at peergos.server.mutable.PinningMutablePointers.lambda$setPointer$3(PinningMutablePointers.java:41)
	at java.base/java.util.concurrent.CompletableFuture.uniComposeStage(CompletableFuture.java:1183)
	at java.base/java.util.concurrent.CompletableFuture.thenCompose(CompletableFuture.java:2299)
	at peergos.server.mutable.PinningMutablePointers.setPointer(PinningMutablePointers.java:33)
	at peergos.server.mutable.BlockingMutablePointers.setPointer(BlockingMutablePointers.java:21)
	at peergos.shared.mutable.ProxyingMutablePointers.lambda$setPointer$0(ProxyingMutablePointers.java:30)
	at peergos.shared.corenode.Proxy.lambda$redirectCall$0(Proxy.java:26)
	at java.base/java.util.concurrent.CompletableFuture.uniComposeStage(CompletableFuture.java:1183)
	at java.base/java.util.concurrent.CompletableFuture.thenCompose(CompletableFuture.java:2299)
	at peergos.shared.corenode.Proxy.lambda$redirectCall$1(Proxy.java:19)
	at java.base/java.util.concurrent.CompletableFuture.uniComposeStage(CompletableFuture.java:1183)
	at java.base/java.util.concurrent.CompletableFuture.thenCompose(CompletableFuture.java:2299)
	at peergos.shared.corenode.Proxy.redirectCall(Proxy.java:18)
	at peergos.shared.mutable.ProxyingMutablePointers.setPointer(ProxyingMutablePointers.java:27)
	at peergos.server.net.MutationHandler.handle(MutationHandler.java:60)
	at jdk.httpserver/com.sun.net.httpserver.Filter$Chain.doFilter(Filter.java:77)
	at jdk.httpserver/sun.net.httpserver.AuthFilter.doFilter(AuthFilter.java:82)
	at jdk.httpserver/com.sun.net.httpserver.Filter$Chain.doFilter(Filter.java:80)
	at jdk.httpserver/sun.net.httpserver.ServerImpl$Exchange$LinkHandler.handle(ServerImpl.java:692)
	at jdk.httpserver/com.sun.net.httpserver.Filter$Chain.doFilter(Filter.java:77)
	at jdk.httpserver/sun.net.httpserver.ServerImpl$Exchange.run(ServerImpl.java:664)
	at java.base/java.util.concurrent.ThreadPoolExecutor.runWorker(ThreadPoolExecutor.java:1130)
	at java.base/java.util.concurrent.ThreadPoolExecutor$Worker.run(ThreadPoolExecutor.java:630)
	at java.base/java.lang.Thread.run(Thread.java:832)
java.lang.IllegalStateException: Writer not present on this server: z59vuwzfFDp1yHviLVoSoBSKkwA9jXWAm8BzGk8xwayNyyqB4wUdufu
	at peergos.server.space.JdbcUsageStore.getWriterId(JdbcUsageStore.java:179)
	at peergos.server.space.JdbcUsageStore.getOwner(JdbcUsageStore.java:239)
	at peergos.server.space.JdbcUsageStore.getUsage(JdbcUsageStore.java:268)
	at peergos.server.space.SpaceCheckingKeyFilter.prepareMutablePointerChange(SpaceCheckingKeyFilter.java:214)
	at peergos.server.space.SpaceCheckingKeyFilter.accept(SpaceCheckingKeyFilter.java:182)
	at peergos.server.mutable.MutableEventPropagator.lambda$setPointer$0(MutableEventPropagator.java:30)
	at java.base/java.util.concurrent.CompletableFuture.uniApplyNow(CompletableFuture.java:680)
	at java.base/java.util.concurrent.CompletableFuture.uniApplyStage(CompletableFuture.java:658)
	at java.base/java.util.concurrent.CompletableFuture.thenApply(CompletableFuture.java:2158)
	at peergos.server.mutable.MutableEventPropagator.setPointer(MutableEventPropagator.java:26)
	at peergos.server.mutable.PinningMutablePointers.lambda$setPointer$2(PinningMutablePointers.java:52)
	at java.base/java.util.concurrent.CompletableFuture.uniComposeStage(CompletableFuture.java:1183)
	at java.base/java.util.concurrent.CompletableFuture.thenCompose(CompletableFuture.java:2299)
	at peergos.server.mutable.PinningMutablePointers.lambda$setPointer$3(PinningMutablePointers.java:41)
	at java.base/java.util.concurrent.CompletableFuture.uniComposeStage(CompletableFuture.java:1183)
	at java.base/java.util.concurrent.CompletableFuture.thenCompose(CompletableFuture.java:2299)
	at peergos.server.mutable.PinningMutablePointers.setPointer(PinningMutablePointers.java:33)
	at peergos.server.mutable.BlockingMutablePointers.setPointer(BlockingMutablePointers.java:21)
	at peergos.shared.mutable.ProxyingMutablePointers.lambda$setPointer$0(ProxyingMutablePointers.java:30)
	at peergos.shared.corenode.Proxy.lambda$redirectCall$0(Proxy.java:26)
	at java.base/java.util.concurrent.CompletableFuture.uniComposeStage(CompletableFuture.java:1183)
	at java.base/java.util.concurrent.CompletableFuture.thenCompose(CompletableFuture.java:2299)
	at peergos.shared.corenode.Proxy.lambda$redirectCall$1(Proxy.java:19)
	at java.base/java.util.concurrent.CompletableFuture.uniComposeStage(CompletableFuture.java:1183)
	at java.base/java.util.concurrent.CompletableFuture.thenCompose(CompletableFuture.java:2299)
	at peergos.shared.corenode.Proxy.redirectCall(Proxy.java:18)
	at peergos.shared.mutable.ProxyingMutablePointers.setPointer(ProxyingMutablePointers.java:27)
	at peergos.server.net.MutationHandler.handle(MutationHandler.java:60)
	at jdk.httpserver/com.sun.net.httpserver.Filter$Chain.doFilter(Filter.java:77)
	at jdk.httpserver/sun.net.httpserver.AuthFilter.doFilter(AuthFilter.java:82)
	at jdk.httpserver/com.sun.net.httpserver.Filter$Chain.doFilter(Filter.java:80)
	at jdk.httpserver/sun.net.httpserver.ServerImpl$Exchange$LinkHandler.handle(ServerImpl.java:692)
	at jdk.httpserver/com.sun.net.httpserver.Filter$Chain.doFilter(Filter.java:77)
	at jdk.httpserver/sun.net.httpserver.ServerImpl$Exchange.run(ServerImpl.java:664)
	at java.base/java.util.concurrent.ThreadPoolExecutor.runWorker(ThreadPoolExecutor.java:1130)
	at java.base/java.util.concurrent.ThreadPoolExecutor$Worker.run(ThreadPoolExecutor.java:630)
	at java.base/java.lang.Thread.run(Thread.java:832)
java.lang.IllegalStateException: Writer not present on this server: z59vuwzfFDovdeqgVvYK3fy6Dw2AG84q3AgaecP9HqrS5aCKUeP82kP
	at peergos.server.space.JdbcUsageStore.getWriterId(JdbcUsageStore.java:179)
	at peergos.server.space.JdbcUsageStore.getOwner(JdbcUsageStore.java:239)
	at peergos.server.space.JdbcUsageStore.getUsage(JdbcUsageStore.java:268)
	at peergos.server.space.SpaceCheckingKeyFilter.prepareMutablePointerChange(SpaceCheckingKeyFilter.java:214)
	at peergos.server.space.SpaceCheckingKeyFilter.accept(SpaceCheckingKeyFilter.java:182)
	at peergos.server.mutable.MutableEventPropagator.lambda$setPointer$0(MutableEventPropagator.java:30)
	at java.base/java.util.concurrent.CompletableFuture.uniApplyNow(CompletableFuture.java:680)
	at java.base/java.util.concurrent.CompletableFuture.uniApplyStage(CompletableFuture.java:658)
	at java.base/java.util.concurrent.CompletableFuture.thenApply(CompletableFuture.java:2158)
	at peergos.server.mutable.MutableEventPropagator.setPointer(MutableEventPropagator.java:26)
	at peergos.server.mutable.PinningMutablePointers.lambda$setPointer$2(PinningMutablePointers.java:52)
	at java.base/java.util.concurrent.CompletableFuture.uniComposeStage(CompletableFuture.java:1183)
	at java.base/java.util.concurrent.CompletableFuture.thenCompose(CompletableFuture.java:2299)
	at peergos.server.mutable.PinningMutablePointers.lambda$setPointer$3(PinningMutablePointers.java:41)
	at java.base/java.util.concurrent.CompletableFuture.uniComposeStage(CompletableFuture.java:1183)
	at java.base/java.util.concurrent.CompletableFuture.thenCompose(CompletableFuture.java:2299)
	at peergos.server.mutable.PinningMutablePointers.setPointer(PinningMutablePointers.java:33)
	at peergos.server.mutable.BlockingMutablePointers.setPointer(BlockingMutablePointers.java:21)
	at peergos.shared.mutable.ProxyingMutablePointers.lambda$setPointer$0(ProxyingMutablePointers.java:30)
	at peergos.shared.corenode.Proxy.lambda$redirectCall$0(Proxy.java:26)
	at java.base/java.util.concurrent.CompletableFuture.uniComposeStage(CompletableFuture.java:1183)
	at java.base/java.util.concurrent.CompletableFuture.thenCompose(CompletableFuture.java:2299)
	at peergos.shared.corenode.Proxy.lambda$redirectCall$1(Proxy.java:19)
	at java.base/java.util.concurrent.CompletableFuture.uniComposeStage(CompletableFuture.java:1183)
	at java.base/java.util.concurrent.CompletableFuture.thenCompose(CompletableFuture.java:2299)
	at peergos.shared.corenode.Proxy.redirectCall(Proxy.java:18)
	at peergos.shared.mutable.ProxyingMutablePointers.setPointer(ProxyingMutablePointers.java:27)
	at peergos.server.net.MutationHandler.handle(MutationHandler.java:60)
	at jdk.httpserver/com.sun.net.httpserver.Filter$Chain.doFilter(Filter.java:77)
	at jdk.httpserver/sun.net.httpserver.AuthFilter.doFilter(AuthFilter.java:82)
	at jdk.httpserver/com.sun.net.httpserver.Filter$Chain.doFilter(Filter.java:80)
	at jdk.httpserver/sun.net.httpserver.ServerImpl$Exchange$LinkHandler.handle(ServerImpl.java:692)
	at jdk.httpserver/com.sun.net.httpserver.Filter$Chain.doFilter(Filter.java:77)
	at jdk.httpserver/sun.net.httpserver.ServerImpl$Exchange.run(ServerImpl.java:664)
	at java.base/java.util.concurrent.ThreadPoolExecutor.runWorker(ThreadPoolExecutor.java:1130)
	at java.base/java.util.concurrent.ThreadPoolExecutor$Worker.run(ThreadPoolExecutor.java:630)
	at java.base/java.lang.Thread.run(Thread.java:832)
java.lang.IllegalStateException: Writer not present on this server: z59vuwzfFDovdeqgVvYK3fy6Dw2AG84q3AgaecP9HqrS5aCKUeP82kP
	at peergos.server.space.JdbcUsageStore.getWriterId(JdbcUsageStore.java:179)
	at peergos.server.space.JdbcUsageStore.getOwner(JdbcUsageStore.java:239)
	at peergos.server.space.JdbcUsageStore.getUsage(JdbcUsageStore.java:268)
	at peergos.server.space.SpaceCheckingKeyFilter.prepareMutablePointerChange(SpaceCheckingKeyFilter.java:214)
	at peergos.server.space.SpaceCheckingKeyFilter.accept(SpaceCheckingKeyFilter.java:182)
	at peergos.server.mutable.MutableEventPropagator.lambda$setPointer$0(MutableEventPropagator.java:30)
	at java.base/java.util.concurrent.CompletableFuture.uniApplyNow(CompletableFuture.java:680)
	at java.base/java.util.concurrent.CompletableFuture.uniApplyStage(CompletableFuture.java:658)
	at java.base/java.util.concurrent.CompletableFuture.thenApply(CompletableFuture.java:2158)
	at peergos.server.mutable.MutableEventPropagator.setPointer(MutableEventPropagator.java:26)
	at peergos.server.mutable.PinningMutablePointers.lambda$setPointer$2(PinningMutablePointers.java:52)
	at java.base/java.util.concurrent.CompletableFuture.uniComposeStage(CompletableFuture.java:1183)
	at java.base/java.util.concurrent.CompletableFuture.thenCompose(CompletableFuture.java:2299)
	at peergos.server.mutable.PinningMutablePointers.lambda$setPointer$3(PinningMutablePointers.java:41)
	at java.base/java.util.concurrent.CompletableFuture.uniComposeStage(CompletableFuture.java:1183)
	at java.base/java.util.concurrent.CompletableFuture.thenCompose(CompletableFuture.java:2299)
	at peergos.server.mutable.PinningMutablePointers.setPointer(PinningMutablePointers.java:33)
	at peergos.server.mutable.BlockingMutablePointers.setPointer(BlockingMutablePointers.java:21)
	at peergos.shared.mutable.ProxyingMutablePointers.lambda$setPointer$0(ProxyingMutablePointers.java:30)
	at peergos.shared.corenode.Proxy.lambda$redirectCall$0(Proxy.java:26)
	at java.base/java.util.concurrent.CompletableFuture.uniComposeStage(CompletableFuture.java:1183)
	at java.base/java.util.concurrent.CompletableFuture.thenCompose(CompletableFuture.java:2299)
	at peergos.shared.corenode.Proxy.lambda$redirectCall$1(Proxy.java:19)
	at java.base/java.util.concurrent.CompletableFuture.uniComposeStage(CompletableFuture.java:1183)
	at java.base/java.util.concurrent.CompletableFuture.thenCompose(CompletableFuture.java:2299)
	at peergos.shared.corenode.Proxy.redirectCall(Proxy.java:18)
	at peergos.shared.mutable.ProxyingMutablePointers.setPointer(ProxyingMutablePointers.java:27)
	at peergos.server.net.MutationHandler.handle(MutationHandler.java:60)
	at jdk.httpserver/com.sun.net.httpserver.Filter$Chain.doFilter(Filter.java:77)
	at jdk.httpserver/sun.net.httpserver.AuthFilter.doFilter(AuthFilter.java:82)
	at jdk.httpserver/com.sun.net.httpserver.Filter$Chain.doFilter(Filter.java:80)
	at jdk.httpserver/sun.net.httpserver.ServerImpl$Exchange$LinkHandler.handle(ServerImpl.java:692)
	at jdk.httpserver/com.sun.net.httpserver.Filter$Chain.doFilter(Filter.java:77)
	at jdk.httpserver/sun.net.httpserver.ServerImpl$Exchange.run(ServerImpl.java:664)
	at java.base/java.util.concurrent.ThreadPoolExecutor.runWorker(ThreadPoolExecutor.java:1130)
	at java.base/java.util.concurrent.ThreadPoolExecutor$Worker.run(ThreadPoolExecutor.java:630)
	at java.base/java.lang.Thread.run(Thread.java:832)
java.lang.IllegalStateException: Writer not present on this server: z59vuwzfFDoy58obLcY45cN1mVVnG6jK23N7wxpuNeuxmYRmpMFGSD5
	at peergos.server.space.JdbcUsageStore.getWriterId(JdbcUsageStore.java:179)
	at peergos.server.space.JdbcUsageStore.getOwner(JdbcUsageStore.java:239)
	at peergos.server.space.JdbcUsageStore.getUsage(JdbcUsageStore.java:268)
	at peergos.server.space.SpaceCheckingKeyFilter.prepareMutablePointerChange(SpaceCheckingKeyFilter.java:214)
	at peergos.server.space.SpaceCheckingKeyFilter.accept(SpaceCheckingKeyFilter.java:182)
	at peergos.server.mutable.MutableEventPropagator.lambda$setPointer$0(MutableEventPropagator.java:30)
	at java.base/java.util.concurrent.CompletableFuture.uniApplyNow(CompletableFuture.java:680)
	at java.base/java.util.concurrent.CompletableFuture.uniApplyStage(CompletableFuture.java:658)
	at java.base/java.util.concurrent.CompletableFuture.thenApply(CompletableFuture.java:2158)
	at peergos.server.mutable.MutableEventPropagator.setPointer(MutableEventPropagator.java:26)
	at peergos.server.mutable.PinningMutablePointers.lambda$setPointer$2(PinningMutablePointers.java:52)
	at java.base/java.util.concurrent.CompletableFuture.uniComposeStage(CompletableFuture.java:1183)
	at java.base/java.util.concurrent.CompletableFuture.thenCompose(CompletableFuture.java:2299)
	at peergos.server.mutable.PinningMutablePointers.lambda$setPointer$3(PinningMutablePointers.java:41)
	at java.base/java.util.concurrent.CompletableFuture.uniComposeStage(CompletableFuture.java:1183)
	at java.base/java.util.concurrent.CompletableFuture.thenCompose(CompletableFuture.java:2299)
	at peergos.server.mutable.PinningMutablePointers.setPointer(PinningMutablePointers.java:33)
	at peergos.server.mutable.BlockingMutablePointers.setPointer(BlockingMutablePointers.java:21)
	at peergos.shared.mutable.ProxyingMutablePointers.lambda$setPointer$0(ProxyingMutablePointers.java:30)
	at peergos.shared.corenode.Proxy.lambda$redirectCall$0(Proxy.java:26)
	at java.base/java.util.concurrent.CompletableFuture.uniComposeStage(CompletableFuture.java:1183)
	at java.base/java.util.concurrent.CompletableFuture.thenCompose(CompletableFuture.java:2299)
	at peergos.shared.corenode.Proxy.lambda$redirectCall$1(Proxy.java:19)
	at java.base/java.util.concurrent.CompletableFuture.uniComposeStage(CompletableFuture.java:1183)
	at java.base/java.util.concurrent.CompletableFuture.thenCompose(CompletableFuture.java:2299)
	at peergos.shared.corenode.Proxy.redirectCall(Proxy.java:18)
	at peergos.shared.mutable.ProxyingMutablePointers.setPointer(ProxyingMutablePointers.java:27)
	at peergos.server.net.MutationHandler.handle(MutationHandler.java:60)
	at jdk.httpserver/com.sun.net.httpserver.Filter$Chain.doFilter(Filter.java:77)
	at jdk.httpserver/sun.net.httpserver.AuthFilter.doFilter(AuthFilter.java:82)
	at jdk.httpserver/com.sun.net.httpserver.Filter$Chain.doFilter(Filter.java:80)
	at jdk.httpserver/sun.net.httpserver.ServerImpl$Exchange$LinkHandler.handle(ServerImpl.java:692)
	at jdk.httpserver/com.sun.net.httpserver.Filter$Chain.doFilter(Filter.java:77)
	at jdk.httpserver/sun.net.httpserver.ServerImpl$Exchange.run(ServerImpl.java:664)
	at java.base/java.util.concurrent.ThreadPoolExecutor.runWorker(ThreadPoolExecutor.java:1130)
	at java.base/java.util.concurrent.ThreadPoolExecutor$Worker.run(ThreadPoolExecutor.java:630)
	at java.base/java.lang.Thread.run(Thread.java:832)
java.lang.IllegalStateException: Writer not present on this server: z59vuwzfFDoy58obLcY45cN1mVVnG6jK23N7wxpuNeuxmYRmpMFGSD5
	at peergos.server.space.JdbcUsageStore.getWriterId(JdbcUsageStore.java:179)
	at peergos.server.space.JdbcUsageStore.getOwner(JdbcUsageStore.java:239)
	at peergos.server.space.JdbcUsageStore.getUsage(JdbcUsageStore.java:268)
	at peergos.server.space.SpaceCheckingKeyFilter.prepareMutablePointerChange(SpaceCheckingKeyFilter.java:214)
	at peergos.server.space.SpaceCheckingKeyFilter.accept(SpaceCheckingKeyFilter.java:182)
	at peergos.server.mutable.MutableEventPropagator.lambda$setPointer$0(MutableEventPropagator.java:30)
	at java.base/java.util.concurrent.CompletableFuture.uniApplyNow(CompletableFuture.java:680)
	at java.base/java.util.concurrent.CompletableFuture.uniApplyStage(CompletableFuture.java:658)
	at java.base/java.util.concurrent.CompletableFuture.thenApply(CompletableFuture.java:2158)
	at peergos.server.mutable.MutableEventPropagator.setPointer(MutableEventPropagator.java:26)
	at peergos.server.mutable.PinningMutablePointers.lambda$setPointer$2(PinningMutablePointers.java:52)
	at java.base/java.util.concurrent.CompletableFuture.uniComposeStage(CompletableFuture.java:1183)
	at java.base/java.util.concurrent.CompletableFuture.thenCompose(CompletableFuture.java:2299)
	at peergos.server.mutable.PinningMutablePointers.lambda$setPointer$3(PinningMutablePointers.java:41)
	at java.base/java.util.concurrent.CompletableFuture.uniComposeStage(CompletableFuture.java:1183)
	at java.base/java.util.concurrent.CompletableFuture.thenCompose(CompletableFuture.java:2299)
	at peergos.server.mutable.PinningMutablePointers.setPointer(PinningMutablePointers.java:33)
	at peergos.server.mutable.BlockingMutablePointers.setPointer(BlockingMutablePointers.java:21)
	at peergos.shared.mutable.ProxyingMutablePointers.lambda$setPointer$0(ProxyingMutablePointers.java:30)
	at peergos.shared.corenode.Proxy.lambda$redirectCall$0(Proxy.java:26)
	at java.base/java.util.concurrent.CompletableFuture.uniComposeStage(CompletableFuture.java:1183)
	at java.base/java.util.concurrent.CompletableFuture.thenCompose(CompletableFuture.java:2299)
	at peergos.shared.corenode.Proxy.lambda$redirectCall$1(Proxy.java:19)
	at java.base/java.util.concurrent.CompletableFuture.uniComposeStage(CompletableFuture.java:1183)
	at java.base/java.util.concurrent.CompletableFuture.thenCompose(CompletableFuture.java:2299)
	at peergos.shared.corenode.Proxy.redirectCall(Proxy.java:18)
	at peergos.shared.mutable.ProxyingMutablePointers.setPointer(ProxyingMutablePointers.java:27)
	at peergos.server.net.MutationHandler.handle(MutationHandler.java:60)
	at jdk.httpserver/com.sun.net.httpserver.Filter$Chain.doFilter(Filter.java:77)
	at jdk.httpserver/sun.net.httpserver.AuthFilter.doFilter(AuthFilter.java:82)
	at jdk.httpserver/com.sun.net.httpserver.Filter$Chain.doFilter(Filter.java:80)
	at jdk.httpserver/sun.net.httpserver.ServerImpl$Exchange$LinkHandler.handle(ServerImpl.java:692)
	at jdk.httpserver/com.sun.net.httpserver.Filter$Chain.doFilter(Filter.java:77)
	at jdk.httpserver/sun.net.httpserver.ServerImpl$Exchange.run(ServerImpl.java:664)
	at java.base/java.util.concurrent.ThreadPoolExecutor.runWorker(ThreadPoolExecutor.java:1130)
	at java.base/java.util.concurrent.ThreadPoolExecutor$Worker.run(ThreadPoolExecutor.java:630)
	at java.base/java.lang.Thread.run(Thread.java:832)
java.lang.IllegalStateException: Writer not present on this server: z59vuwzfFDovdeqgVvYK3fy6Dw2AG84q3AgaecP9HqrS5aCKUeP82kP
	at peergos.server.space.JdbcUsageStore.getWriterId(JdbcUsageStore.java:179)
	at peergos.server.space.JdbcUsageStore.getOwner(JdbcUsageStore.java:239)
	at peergos.server.space.JdbcUsageStore.getUsage(JdbcUsageStore.java:268)
	at peergos.server.space.SpaceCheckingKeyFilter.prepareMutablePointerChange(SpaceCheckingKeyFilter.java:214)
	at peergos.server.space.SpaceCheckingKeyFilter.accept(SpaceCheckingKeyFilter.java:182)
	at peergos.server.mutable.MutableEventPropagator.lambda$setPointer$0(MutableEventPropagator.java:30)
	at java.base/java.util.concurrent.CompletableFuture.uniApplyNow(CompletableFuture.java:680)
	at java.base/java.util.concurrent.CompletableFuture.uniApplyStage(CompletableFuture.java:658)
	at java.base/java.util.concurrent.CompletableFuture.thenApply(CompletableFuture.java:2158)
	at peergos.server.mutable.MutableEventPropagator.setPointer(MutableEventPropagator.java:26)
	at peergos.server.mutable.PinningMutablePointers.lambda$setPointer$2(PinningMutablePointers.java:52)
	at java.base/java.util.concurrent.CompletableFuture.uniComposeStage(CompletableFuture.java:1183)
	at java.base/java.util.concurrent.CompletableFuture.thenCompose(CompletableFuture.java:2299)
	at peergos.server.mutable.PinningMutablePointers.lambda$setPointer$3(PinningMutablePointers.java:41)
	at java.base/java.util.concurrent.CompletableFuture.uniComposeStage(CompletableFuture.java:1183)
	at java.base/java.util.concurrent.CompletableFuture.thenCompose(CompletableFuture.java:2299)
	at peergos.server.mutable.PinningMutablePointers.setPointer(PinningMutablePointers.java:33)
	at peergos.server.mutable.BlockingMutablePointers.setPointer(BlockingMutablePointers.java:21)
	at peergos.shared.mutable.ProxyingMutablePointers.lambda$setPointer$0(ProxyingMutablePointers.java:30)
	at peergos.shared.corenode.Proxy.lambda$redirectCall$0(Proxy.java:26)
	at java.base/java.util.concurrent.CompletableFuture.uniComposeStage(CompletableFuture.java:1183)
	at java.base/java.util.concurrent.CompletableFuture.thenCompose(CompletableFuture.java:2299)
	at peergos.shared.corenode.Proxy.lambda$redirectCall$1(Proxy.java:19)
	at java.base/java.util.concurrent.CompletableFuture.uniComposeStage(CompletableFuture.java:1183)
	at java.base/java.util.concurrent.CompletableFuture.thenCompose(CompletableFuture.java:2299)
	at peergos.shared.corenode.Proxy.redirectCall(Proxy.java:18)
	at peergos.shared.mutable.ProxyingMutablePointers.setPointer(ProxyingMutablePointers.java:27)
	at peergos.server.net.MutationHandler.handle(MutationHandler.java:60)
	at jdk.httpserver/com.sun.net.httpserver.Filter$Chain.doFilter(Filter.java:77)
	at jdk.httpserver/sun.net.httpserver.AuthFilter.doFilter(AuthFilter.java:82)
	at jdk.httpserver/com.sun.net.httpserver.Filter$Chain.doFilter(Filter.java:80)
	at jdk.httpserver/sun.net.httpserver.ServerImpl$Exchange$LinkHandler.handle(ServerImpl.java:692)
	at jdk.httpserver/com.sun.net.httpserver.Filter$Chain.doFilter(Filter.java:77)
	at jdk.httpserver/sun.net.httpserver.ServerImpl$Exchange.run(ServerImpl.java:664)
	at java.base/java.util.concurrent.ThreadPoolExecutor.runWorker(ThreadPoolExecutor.java:1130)
	at java.base/java.util.concurrent.ThreadPoolExecutor$Worker.run(ThreadPoolExecutor.java:630)
	at java.base/java.lang.Thread.run(Thread.java:832)
java.lang.IllegalStateException: Writer not present on this server: z59vuwzfFDoy58obLcY45cN1mVVnG6jK23N7wxpuNeuxmYRmpMFGSD5
	at peergos.server.space.JdbcUsageStore.getWriterId(JdbcUsageStore.java:179)
	at peergos.server.space.JdbcUsageStore.getOwner(JdbcUsageStore.java:239)
	at peergos.server.space.JdbcUsageStore.getUsage(JdbcUsageStore.java:268)
	at peergos.server.space.SpaceCheckingKeyFilter.prepareMutablePointerChange(SpaceCheckingKeyFilter.java:214)
	at peergos.server.space.SpaceCheckingKeyFilter.accept(SpaceCheckingKeyFilter.java:182)
	at peergos.server.mutable.MutableEventPropagator.lambda$setPointer$0(MutableEventPropagator.java:30)
	at java.base/java.util.concurrent.CompletableFuture.uniApplyNow(CompletableFuture.java:680)
	at java.base/java.util.concurrent.CompletableFuture.uniApplyStage(CompletableFuture.java:658)
	at java.base/java.util.concurrent.CompletableFuture.thenApply(CompletableFuture.java:2158)
	at peergos.server.mutable.MutableEventPropagator.setPointer(MutableEventPropagator.java:26)
	at peergos.server.mutable.PinningMutablePointers.lambda$setPointer$2(PinningMutablePointers.java:52)
	at java.base/java.util.concurrent.CompletableFuture.uniComposeStage(CompletableFuture.java:1183)
	at java.base/java.util.concurrent.CompletableFuture.thenCompose(CompletableFuture.java:2299)
	at peergos.server.mutable.PinningMutablePointers.lambda$setPointer$3(PinningMutablePointers.java:41)
	at java.base/java.util.concurrent.CompletableFuture.uniComposeStage(CompletableFuture.java:1183)
	at java.base/java.util.concurrent.CompletableFuture.thenCompose(CompletableFuture.java:2299)
	at peergos.server.mutable.PinningMutablePointers.setPointer(PinningMutablePointers.java:33)
	at peergos.server.mutable.BlockingMutablePointers.setPointer(BlockingMutablePointers.java:21)
	at peergos.shared.mutable.ProxyingMutablePointers.lambda$setPointer$0(ProxyingMutablePointers.java:30)
	at peergos.shared.corenode.Proxy.lambda$redirectCall$0(Proxy.java:26)
	at java.base/java.util.concurrent.CompletableFuture.uniComposeStage(CompletableFuture.java:1183)
	at java.base/java.util.concurrent.CompletableFuture.thenCompose(CompletableFuture.java:2299)
	at peergos.shared.corenode.Proxy.lambda$redirectCall$1(Proxy.java:19)
	at java.base/java.util.concurrent.CompletableFuture.uniComposeStage(CompletableFuture.java:1183)
	at java.base/java.util.concurrent.CompletableFuture.thenCompose(CompletableFuture.java:2299)
	at peergos.shared.corenode.Proxy.redirectCall(Proxy.java:18)
	at peergos.shared.mutable.ProxyingMutablePointers.setPointer(ProxyingMutablePointers.java:27)
	at peergos.server.net.MutationHandler.handle(MutationHandler.java:60)
	at jdk.httpserver/com.sun.net.httpserver.Filter$Chain.doFilter(Filter.java:77)
	at jdk.httpserver/sun.net.httpserver.AuthFilter.doFilter(AuthFilter.java:82)
	at jdk.httpserver/com.sun.net.httpserver.Filter$Chain.doFilter(Filter.java:80)
	at jdk.httpserver/sun.net.httpserver.ServerImpl$Exchange$LinkHandler.handle(ServerImpl.java:692)
	at jdk.httpserver/com.sun.net.httpserver.Filter$Chain.doFilter(Filter.java:77)
	at jdk.httpserver/sun.net.httpserver.ServerImpl$Exchange.run(ServerImpl.java:664)
	at java.base/java.util.concurrent.ThreadPoolExecutor.runWorker(ThreadPoolExecutor.java:1130)
	at java.base/java.util.concurrent.ThreadPoolExecutor$Worker.run(ThreadPoolExecutor.java:630)
	at java.base/java.lang.Thread.run(Thread.java:832)
java.lang.IllegalStateException: Writer not present on this server: z59vuwzfFDoy58obLcY45cN1mVVnG6jK23N7wxpuNeuxmYRmpMFGSD5
	at peergos.server.space.JdbcUsageStore.getWriterId(JdbcUsageStore.java:179)
	at peergos.server.space.JdbcUsageStore.getOwner(JdbcUsageStore.java:239)
	at peergos.server.space.JdbcUsageStore.getUsage(JdbcUsageStore.java:268)
	at peergos.server.space.SpaceCheckingKeyFilter.prepareMutablePointerChange(SpaceCheckingKeyFilter.java:214)
	at peergos.server.space.SpaceCheckingKeyFilter.accept(SpaceCheckingKeyFilter.java:182)
	at peergos.server.mutable.MutableEventPropagator.lambda$setPointer$0(MutableEventPropagator.java:30)
	at java.base/java.util.concurrent.CompletableFuture.uniApplyNow(CompletableFuture.java:680)
	at java.base/java.util.concurrent.CompletableFuture.uniApplyStage(CompletableFuture.java:658)
	at java.base/java.util.concurrent.CompletableFuture.thenApply(CompletableFuture.java:2158)
	at peergos.server.mutable.MutableEventPropagator.setPointer(MutableEventPropagator.java:26)
	at peergos.server.mutable.PinningMutablePointers.lambda$setPointer$2(PinningMutablePointers.java:52)
	at java.base/java.util.concurrent.CompletableFuture.uniComposeStage(CompletableFuture.java:1183)
	at java.base/java.util.concurrent.CompletableFuture.thenCompose(CompletableFuture.java:2299)
	at peergos.server.mutable.PinningMutablePointers.lambda$setPointer$3(PinningMutablePointers.java:41)
	at java.base/java.util.concurrent.CompletableFuture.uniComposeStage(CompletableFuture.java:1183)
	at java.base/java.util.concurrent.CompletableFuture.thenCompose(CompletableFuture.java:2299)
	at peergos.server.mutable.PinningMutablePointers.setPointer(PinningMutablePointers.java:33)
	at peergos.server.mutable.BlockingMutablePointers.setPointer(BlockingMutablePointers.java:21)
	at peergos.shared.mutable.ProxyingMutablePointers.lambda$setPointer$0(ProxyingMutablePointers.java:30)
	at peergos.shared.corenode.Proxy.lambda$redirectCall$0(Proxy.java:26)
	at java.base/java.util.concurrent.CompletableFuture.uniComposeStage(CompletableFuture.java:1183)
	at java.base/java.util.concurrent.CompletableFuture.thenCompose(CompletableFuture.java:2299)
	at peergos.shared.corenode.Proxy.lambda$redirectCall$1(Proxy.java:19)
	at java.base/java.util.concurrent.CompletableFuture.uniComposeStage(CompletableFuture.java:1183)
	at java.base/java.util.concurrent.CompletableFuture.thenCompose(CompletableFuture.java:2299)
	at peergos.shared.corenode.Proxy.redirectCall(Proxy.java:18)
	at peergos.shared.mutable.ProxyingMutablePointers.setPointer(ProxyingMutablePointers.java:27)
	at peergos.server.net.MutationHandler.handle(MutationHandler.java:60)
	at jdk.httpserver/com.sun.net.httpserver.Filter$Chain.doFilter(Filter.java:77)
	at jdk.httpserver/sun.net.httpserver.AuthFilter.doFilter(AuthFilter.java:82)
	at jdk.httpserver/com.sun.net.httpserver.Filter$Chain.doFilter(Filter.java:80)
	at jdk.httpserver/sun.net.httpserver.ServerImpl$Exchange$LinkHandler.handle(ServerImpl.java:692)
	at jdk.httpserver/com.sun.net.httpserver.Filter$Chain.doFilter(Filter.java:77)
	at jdk.httpserver/sun.net.httpserver.ServerImpl$Exchange.run(ServerImpl.java:664)
	at java.base/java.util.concurrent.ThreadPoolExecutor.runWorker(ThreadPoolExecutor.java:1130)
	at java.base/java.util.concurrent.ThreadPoolExecutor$Worker.run(ThreadPoolExecutor.java:630)
	at java.base/java.lang.Thread.run(Thread.java:832)
java.lang.IllegalStateException: Writer not present on this server: z59vuwzfFDoy58obLcY45cN1mVVnG6jK23N7wxpuNeuxmYRmpMFGSD5
	at peergos.server.space.JdbcUsageStore.getWriterId(JdbcUsageStore.java:179)
	at peergos.server.space.JdbcUsageStore.getOwner(JdbcUsageStore.java:239)
	at peergos.server.space.JdbcUsageStore.getUsage(JdbcUsageStore.java:268)
	at peergos.server.space.SpaceCheckingKeyFilter.prepareMutablePointerChange(SpaceCheckingKeyFilter.java:214)
	at peergos.server.space.SpaceCheckingKeyFilter.accept(SpaceCheckingKeyFilter.java:182)
	at peergos.server.mutable.MutableEventPropagator.lambda$setPointer$0(MutableEventPropagator.java:30)
	at java.base/java.util.concurrent.CompletableFuture.uniApplyNow(CompletableFuture.java:680)
	at java.base/java.util.concurrent.CompletableFuture.uniApplyStage(CompletableFuture.java:658)
	at java.base/java.util.concurrent.CompletableFuture.thenApply(CompletableFuture.java:2158)
	at peergos.server.mutable.MutableEventPropagator.setPointer(MutableEventPropagator.java:26)
	at peergos.server.mutable.PinningMutablePointers.lambda$setPointer$2(PinningMutablePointers.java:52)
	at java.base/java.util.concurrent.CompletableFuture.uniComposeStage(CompletableFuture.java:1183)
	at java.base/java.util.concurrent.CompletableFuture.thenCompose(CompletableFuture.java:2299)
	at peergos.server.mutable.PinningMutablePointers.lambda$setPointer$3(PinningMutablePointers.java:41)
	at java.base/java.util.concurrent.CompletableFuture.uniComposeStage(CompletableFuture.java:1183)
	at java.base/java.util.concurrent.CompletableFuture.thenCompose(CompletableFuture.java:2299)
	at peergos.server.mutable.PinningMutablePointers.setPointer(PinningMutablePointers.java:33)
	at peergos.server.mutable.BlockingMutablePointers.setPointer(BlockingMutablePointers.java:21)
	at peergos.shared.mutable.ProxyingMutablePointers.lambda$setPointer$0(ProxyingMutablePointers.java:30)
	at peergos.shared.corenode.Proxy.lambda$redirectCall$0(Proxy.java:26)
	at java.base/java.util.concurrent.CompletableFuture.uniComposeStage(CompletableFuture.java:1183)
	at java.base/java.util.concurrent.CompletableFuture.thenCompose(CompletableFuture.java:2299)
	at peergos.shared.corenode.Proxy.lambda$redirectCall$1(Proxy.java:19)
	at java.base/java.util.concurrent.CompletableFuture.uniComposeStage(CompletableFuture.java:1183)
	at java.base/java.util.concurrent.CompletableFuture.thenCompose(CompletableFuture.java:2299)
	at peergos.shared.corenode.Proxy.redirectCall(Proxy.java:18)
	at peergos.shared.mutable.ProxyingMutablePointers.setPointer(ProxyingMutablePointers.java:27)
	at peergos.server.net.MutationHandler.handle(MutationHandler.java:60)
	at jdk.httpserver/com.sun.net.httpserver.Filter$Chain.doFilter(Filter.java:77)
	at jdk.httpserver/sun.net.httpserver.AuthFilter.doFilter(AuthFilter.java:82)
	at jdk.httpserver/com.sun.net.httpserver.Filter$Chain.doFilter(Filter.java:80)
	at jdk.httpserver/sun.net.httpserver.ServerImpl$Exchange$LinkHandler.handle(ServerImpl.java:692)
	at jdk.httpserver/com.sun.net.httpserver.Filter$Chain.doFilter(Filter.java:77)
	at jdk.httpserver/sun.net.httpserver.ServerImpl$Exchange.run(ServerImpl.java:664)
	at java.base/java.util.concurrent.ThreadPoolExecutor.runWorker(ThreadPoolExecutor.java:1130)
	at java.base/java.util.concurrent.ThreadPoolExecutor$Worker.run(ThreadPoolExecutor.java:630)
	at java.base/java.lang.Thread.run(Thread.java:832)
java.lang.IllegalStateException: Writer not present on this server: z59vuwzfFDoy58obLcY45cN1mVVnG6jK23N7wxpuNeuxmYRmpMFGSD5
	at peergos.server.space.JdbcUsageStore.getWriterId(JdbcUsageStore.java:179)
	at peergos.server.space.JdbcUsageStore.getOwner(JdbcUsageStore.java:239)
	at peergos.server.space.JdbcUsageStore.getUsage(JdbcUsageStore.java:268)
	at peergos.server.space.SpaceCheckingKeyFilter.prepareMutablePointerChange(SpaceCheckingKeyFilter.java:214)
	at peergos.server.space.SpaceCheckingKeyFilter.accept(SpaceCheckingKeyFilter.java:182)
	at peergos.server.mutable.MutableEventPropagator.lambda$setPointer$0(MutableEventPropagator.java:30)
	at java.base/java.util.concurrent.CompletableFuture.uniApplyNow(CompletableFuture.java:680)
	at java.base/java.util.concurrent.CompletableFuture.uniApplyStage(CompletableFuture.java:658)
	at java.base/java.util.concurrent.CompletableFuture.thenApply(CompletableFuture.java:2158)
	at peergos.server.mutable.MutableEventPropagator.setPointer(MutableEventPropagator.java:26)
	at peergos.server.mutable.PinningMutablePointers.lambda$setPointer$2(PinningMutablePointers.java:52)
	at java.base/java.util.concurrent.CompletableFuture.uniComposeStage(CompletableFuture.java:1183)
	at java.base/java.util.concurrent.CompletableFuture.thenCompose(CompletableFuture.java:2299)
	at peergos.server.mutable.PinningMutablePointers.lambda$setPointer$3(PinningMutablePointers.java:41)
	at java.base/java.util.concurrent.CompletableFuture.uniComposeStage(CompletableFuture.java:1183)
	at java.base/java.util.concurrent.CompletableFuture.thenCompose(CompletableFuture.java:2299)
	at peergos.server.mutable.PinningMutablePointers.setPointer(PinningMutablePointers.java:33)
	at peergos.server.mutable.BlockingMutablePointers.setPointer(BlockingMutablePointers.java:21)
	at peergos.shared.mutable.ProxyingMutablePointers.lambda$setPointer$0(ProxyingMutablePointers.java:30)
	at peergos.shared.corenode.Proxy.lambda$redirectCall$0(Proxy.java:26)
	at java.base/java.util.concurrent.CompletableFuture.uniComposeStage(CompletableFuture.java:1183)
	at java.base/java.util.concurrent.CompletableFuture.thenCompose(CompletableFuture.java:2299)
	at peergos.shared.corenode.Proxy.lambda$redirectCall$1(Proxy.java:19)
	at java.base/java.util.concurrent.CompletableFuture.uniComposeStage(CompletableFuture.java:1183)
	at java.base/java.util.concurrent.CompletableFuture.thenCompose(CompletableFuture.java:2299)
	at peergos.shared.corenode.Proxy.redirectCall(Proxy.java:18)
	at peergos.shared.mutable.ProxyingMutablePointers.setPointer(ProxyingMutablePointers.java:27)
	at peergos.server.net.MutationHandler.handle(MutationHandler.java:60)
	at jdk.httpserver/com.sun.net.httpserver.Filter$Chain.doFilter(Filter.java:77)
	at jdk.httpserver/sun.net.httpserver.AuthFilter.doFilter(AuthFilter.java:82)
	at jdk.httpserver/com.sun.net.httpserver.Filter$Chain.doFilter(Filter.java:80)
	at jdk.httpserver/sun.net.httpserver.ServerImpl$Exchange$LinkHandler.handle(ServerImpl.java:692)
	at jdk.httpserver/com.sun.net.httpserver.Filter$Chain.doFilter(Filter.java:77)
	at jdk.httpserver/sun.net.httpserver.ServerImpl$Exchange.run(ServerImpl.java:664)
	at java.base/java.util.concurrent.ThreadPoolExecutor.runWorker(ThreadPoolExecutor.java:1130)
	at java.base/java.util.concurrent.ThreadPoolExecutor$Worker.run(ThreadPoolExecutor.java:630)
	at java.base/java.lang.Thread.run(Thread.java:832)
java.lang.IllegalStateException: Writer not present on this server: z59vuwzfFDoy58obLcY45cN1mVVnG6jK23N7wxpuNeuxmYRmpMFGSD5
	at peergos.server.space.JdbcUsageStore.getWriterId(JdbcUsageStore.java:179)
	at peergos.server.space.JdbcUsageStore.getOwner(JdbcUsageStore.java:239)
	at peergos.server.space.JdbcUsageStore.getUsage(JdbcUsageStore.java:268)
	at peergos.server.space.SpaceCheckingKeyFilter.prepareMutablePointerChange(SpaceCheckingKeyFilter.java:214)
	at peergos.server.space.SpaceCheckingKeyFilter.accept(SpaceCheckingKeyFilter.java:182)
	at peergos.server.mutable.MutableEventPropagator.lambda$setPointer$0(MutableEventPropagator.java:30)
	at java.base/java.util.concurrent.CompletableFuture.uniApplyNow(CompletableFuture.java:680)
	at java.base/java.util.concurrent.CompletableFuture.uniApplyStage(CompletableFuture.java:658)
	at java.base/java.util.concurrent.CompletableFuture.thenApply(CompletableFuture.java:2158)
	at peergos.server.mutable.MutableEventPropagator.setPointer(MutableEventPropagator.java:26)
	at peergos.server.mutable.PinningMutablePointers.lambda$setPointer$2(PinningMutablePointers.java:52)
	at java.base/java.util.concurrent.CompletableFuture.uniComposeStage(CompletableFuture.java:1183)
	at java.base/java.util.concurrent.CompletableFuture.thenCompose(CompletableFuture.java:2299)
	at peergos.server.mutable.PinningMutablePointers.lambda$setPointer$3(PinningMutablePointers.java:41)
	at java.base/java.util.concurrent.CompletableFuture.uniComposeStage(CompletableFuture.java:1183)
	at java.base/java.util.concurrent.CompletableFuture.thenCompose(CompletableFuture.java:2299)
	at peergos.server.mutable.PinningMutablePointers.setPointer(PinningMutablePointers.java:33)
	at peergos.server.mutable.BlockingMutablePointers.setPointer(BlockingMutablePointers.java:21)
	at peergos.shared.mutable.ProxyingMutablePointers.lambda$setPointer$0(ProxyingMutablePointers.java:30)
	at peergos.shared.corenode.Proxy.lambda$redirectCall$0(Proxy.java:26)
	at java.base/java.util.concurrent.CompletableFuture.uniComposeStage(CompletableFuture.java:1183)
	at java.base/java.util.concurrent.CompletableFuture.thenCompose(CompletableFuture.java:2299)
	at peergos.shared.corenode.Proxy.lambda$redirectCall$1(Proxy.java:19)
	at java.base/java.util.concurrent.CompletableFuture.uniComposeStage(CompletableFuture.java:1183)
	at java.base/java.util.concurrent.CompletableFuture.thenCompose(CompletableFuture.java:2299)
	at peergos.shared.corenode.Proxy.redirectCall(Proxy.java:18)
	at peergos.shared.mutable.ProxyingMutablePointers.setPointer(ProxyingMutablePointers.java:27)
	at peergos.server.net.MutationHandler.handle(MutationHandler.java:60)
	at jdk.httpserver/com.sun.net.httpserver.Filter$Chain.doFilter(Filter.java:77)
	at jdk.httpserver/sun.net.httpserver.AuthFilter.doFilter(AuthFilter.java:82)
	at jdk.httpserver/com.sun.net.httpserver.Filter$Chain.doFilter(Filter.java:80)
	at jdk.httpserver/sun.net.httpserver.ServerImpl$Exchange$LinkHandler.handle(ServerImpl.java:692)
	at jdk.httpserver/com.sun.net.httpserver.Filter$Chain.doFilter(Filter.java:77)
	at jdk.httpserver/sun.net.httpserver.ServerImpl$Exchange.run(ServerImpl.java:664)
	at java.base/java.util.concurrent.ThreadPoolExecutor.runWorker(ThreadPoolExecutor.java:1130)
	at java.base/java.util.concurrent.ThreadPoolExecutor$Worker.run(ThreadPoolExecutor.java:630)
	at java.base/java.lang.Thread.run(Thread.java:832)
java.lang.IllegalStateException: Writer not present on this server: z59vuwzfFDoy58obLcY45cN1mVVnG6jK23N7wxpuNeuxmYRmpMFGSD5
	at peergos.server.space.JdbcUsageStore.getWriterId(JdbcUsageStore.java:179)
	at peergos.server.space.JdbcUsageStore.getOwner(JdbcUsageStore.java:239)
	at peergos.server.space.JdbcUsageStore.getUsage(JdbcUsageStore.java:268)
	at peergos.server.space.SpaceCheckingKeyFilter.prepareMutablePointerChange(SpaceCheckingKeyFilter.java:214)
	at peergos.server.space.SpaceCheckingKeyFilter.accept(SpaceCheckingKeyFilter.java:182)
	at peergos.server.mutable.MutableEventPropagator.lambda$setPointer$0(MutableEventPropagator.java:30)
	at java.base/java.util.concurrent.CompletableFuture.uniApplyNow(CompletableFuture.java:680)
	at java.base/java.util.concurrent.CompletableFuture.uniApplyStage(CompletableFuture.java:658)
	at java.base/java.util.concurrent.CompletableFuture.thenApply(CompletableFuture.java:2158)
	at peergos.server.mutable.MutableEventPropagator.setPointer(MutableEventPropagator.java:26)
	at peergos.server.mutable.PinningMutablePointers.lambda$setPointer$2(PinningMutablePointers.java:52)
	at java.base/java.util.concurrent.CompletableFuture.uniComposeStage(CompletableFuture.java:1183)
	at java.base/java.util.concurrent.CompletableFuture.thenCompose(CompletableFuture.java:2299)
	at peergos.server.mutable.PinningMutablePointers.lambda$setPointer$3(PinningMutablePointers.java:41)
	at java.base/java.util.concurrent.CompletableFuture.uniComposeStage(CompletableFuture.java:1183)
	at java.base/java.util.concurrent.CompletableFuture.thenCompose(CompletableFuture.java:2299)
	at peergos.server.mutable.PinningMutablePointers.setPointer(PinningMutablePointers.java:33)
	at peergos.server.mutable.BlockingMutablePointers.setPointer(BlockingMutablePointers.java:21)
	at peergos.shared.mutable.ProxyingMutablePointers.lambda$setPointer$0(ProxyingMutablePointers.java:30)
	at peergos.shared.corenode.Proxy.lambda$redirectCall$0(Proxy.java:26)
	at java.base/java.util.concurrent.CompletableFuture.uniComposeStage(CompletableFuture.java:1183)
	at java.base/java.util.concurrent.CompletableFuture.thenCompose(CompletableFuture.java:2299)
	at peergos.shared.corenode.Proxy.lambda$redirectCall$1(Proxy.java:19)
	at java.base/java.util.concurrent.CompletableFuture.uniComposeStage(CompletableFuture.java:1183)
	at java.base/java.util.concurrent.CompletableFuture.thenCompose(CompletableFuture.java:2299)
	at peergos.shared.corenode.Proxy.redirectCall(Proxy.java:18)
	at peergos.shared.mutable.ProxyingMutablePointers.setPointer(ProxyingMutablePointers.java:27)
	at peergos.server.net.MutationHandler.handle(MutationHandler.java:60)
	at jdk.httpserver/com.sun.net.httpserver.Filter$Chain.doFilter(Filter.java:77)
	at jdk.httpserver/sun.net.httpserver.AuthFilter.doFilter(AuthFilter.java:82)
	at jdk.httpserver/com.sun.net.httpserver.Filter$Chain.doFilter(Filter.java:80)
	at jdk.httpserver/sun.net.httpserver.ServerImpl$Exchange$LinkHandler.handle(ServerImpl.java:692)
	at jdk.httpserver/com.sun.net.httpserver.Filter$Chain.doFilter(Filter.java:77)
	at jdk.httpserver/sun.net.httpserver.ServerImpl$Exchange.run(ServerImpl.java:664)
	at java.base/java.util.concurrent.ThreadPoolExecutor.runWorker(ThreadPoolExecutor.java:1130)
	at java.base/java.util.concurrent.ThreadPoolExecutor$Worker.run(ThreadPoolExecutor.java:630)
	at java.base/java.lang.Thread.run(Thread.java:832)
Trailer:Migration+claim+has+earlier+expiry+than+current+one%21
Trailer:New+claim+chain+expiry+before+existing%21
Trailer:New%2Bclaim%2Bchain%2Bexpiry%2Bbefore%2Bexisting%2521
java.lang.IllegalStateException: Writer not present on this server: z59vuwzfFDp2LMA6En2Uveqt6C7rsbYHoyM8yK2AX5uaxMo1fKJu7G4
	at peergos.server.space.JdbcUsageStore.getWriterId(JdbcUsageStore.java:179)
	at peergos.server.space.JdbcUsageStore.getOwner(JdbcUsageStore.java:239)
	at peergos.server.space.JdbcUsageStore.getUsage(JdbcUsageStore.java:268)
	at peergos.server.space.SpaceCheckingKeyFilter.prepareMutablePointerChange(SpaceCheckingKeyFilter.java:214)
	at peergos.server.space.SpaceCheckingKeyFilter.accept(SpaceCheckingKeyFilter.java:182)
	at peergos.server.mutable.MutableEventPropagator.lambda$setPointer$0(MutableEventPropagator.java:30)
	at java.base/java.util.concurrent.CompletableFuture.uniApplyNow(CompletableFuture.java:680)
	at java.base/java.util.concurrent.CompletableFuture.uniApplyStage(CompletableFuture.java:658)
	at java.base/java.util.concurrent.CompletableFuture.thenApply(CompletableFuture.java:2158)
	at peergos.server.mutable.MutableEventPropagator.setPointer(MutableEventPropagator.java:26)
	at peergos.server.mutable.PinningMutablePointers.lambda$setPointer$2(PinningMutablePointers.java:52)
	at java.base/java.util.concurrent.CompletableFuture.uniComposeStage(CompletableFuture.java:1183)
	at java.base/java.util.concurrent.CompletableFuture.thenCompose(CompletableFuture.java:2299)
	at peergos.server.mutable.PinningMutablePointers.lambda$setPointer$3(PinningMutablePointers.java:41)
	at java.base/java.util.concurrent.CompletableFuture.uniComposeStage(CompletableFuture.java:1183)
	at java.base/java.util.concurrent.CompletableFuture.thenCompose(CompletableFuture.java:2299)
	at peergos.server.mutable.PinningMutablePointers.setPointer(PinningMutablePointers.java:33)
	at peergos.server.mutable.BlockingMutablePointers.setPointer(BlockingMutablePointers.java:21)
	at peergos.shared.mutable.ProxyingMutablePointers.lambda$setPointer$0(ProxyingMutablePointers.java:30)
	at peergos.shared.corenode.Proxy.lambda$redirectCall$0(Proxy.java:26)
	at java.base/java.util.concurrent.CompletableFuture.uniComposeStage(CompletableFuture.java:1183)
	at java.base/java.util.concurrent.CompletableFuture.thenCompose(CompletableFuture.java:2299)
	at peergos.shared.corenode.Proxy.lambda$redirectCall$1(Proxy.java:19)
	at java.base/java.util.concurrent.CompletableFuture.uniComposeStage(CompletableFuture.java:1183)
	at java.base/java.util.concurrent.CompletableFuture.thenCompose(CompletableFuture.java:2299)
	at peergos.shared.corenode.Proxy.redirectCall(Proxy.java:18)
	at peergos.shared.mutable.ProxyingMutablePointers.setPointer(ProxyingMutablePointers.java:27)
	at peergos.server.net.MutationHandler.handle(MutationHandler.java:60)
	at jdk.httpserver/com.sun.net.httpserver.Filter$Chain.doFilter(Filter.java:77)
	at jdk.httpserver/sun.net.httpserver.AuthFilter.doFilter(AuthFilter.java:82)
	at jdk.httpserver/com.sun.net.httpserver.Filter$Chain.doFilter(Filter.java:80)
	at jdk.httpserver/sun.net.httpserver.ServerImpl$Exchange$LinkHandler.handle(ServerImpl.java:692)
	at jdk.httpserver/com.sun.net.httpserver.Filter$Chain.doFilter(Filter.java:77)
	at jdk.httpserver/sun.net.httpserver.ServerImpl$Exchange.run(ServerImpl.java:664)
	at java.base/java.util.concurrent.ThreadPoolExecutor.runWorker(ThreadPoolExecutor.java:1130)
	at java.base/java.util.concurrent.ThreadPoolExecutor$Worker.run(ThreadPoolExecutor.java:630)
	at java.base/java.lang.Thread.run(Thread.java:832)
java.lang.IllegalStateException: Writer not present on this server: z59vuwzfFDp2LMA6En2Uveqt6C7rsbYHoyM8yK2AX5uaxMo1fKJu7G4
	at peergos.server.space.JdbcUsageStore.getWriterId(JdbcUsageStore.java:179)
	at peergos.server.space.JdbcUsageStore.getOwner(JdbcUsageStore.java:239)
	at peergos.server.space.JdbcUsageStore.getUsage(JdbcUsageStore.java:268)
	at peergos.server.space.SpaceCheckingKeyFilter.prepareMutablePointerChange(SpaceCheckingKeyFilter.java:214)
	at peergos.server.space.SpaceCheckingKeyFilter.accept(SpaceCheckingKeyFilter.java:182)
	at peergos.server.mutable.MutableEventPropagator.lambda$setPointer$0(MutableEventPropagator.java:30)
	at java.base/java.util.concurrent.CompletableFuture.uniApplyNow(CompletableFuture.java:680)
	at java.base/java.util.concurrent.CompletableFuture.uniApplyStage(CompletableFuture.java:658)
	at java.base/java.util.concurrent.CompletableFuture.thenApply(CompletableFuture.java:2158)
	at peergos.server.mutable.MutableEventPropagator.setPointer(MutableEventPropagator.java:26)
	at peergos.server.mutable.PinningMutablePointers.lambda$setPointer$2(PinningMutablePointers.java:52)
	at java.base/java.util.concurrent.CompletableFuture.uniComposeStage(CompletableFuture.java:1183)
	at java.base/java.util.concurrent.CompletableFuture.thenCompose(CompletableFuture.java:2299)
	at peergos.server.mutable.PinningMutablePointers.lambda$setPointer$3(PinningMutablePointers.java:41)
	at java.base/java.util.concurrent.CompletableFuture.uniComposeStage(CompletableFuture.java:1183)
	at java.base/java.util.concurrent.CompletableFuture.thenCompose(CompletableFuture.java:2299)
	at peergos.server.mutable.PinningMutablePointers.setPointer(PinningMutablePointers.java:33)
	at peergos.server.mutable.BlockingMutablePointers.setPointer(BlockingMutablePointers.java:21)
	at peergos.shared.mutable.ProxyingMutablePointers.lambda$setPointer$0(ProxyingMutablePointers.java:30)
	at peergos.shared.corenode.Proxy.lambda$redirectCall$0(Proxy.java:26)
	at java.base/java.util.concurrent.CompletableFuture.uniComposeStage(CompletableFuture.java:1183)
	at java.base/java.util.concurrent.CompletableFuture.thenCompose(CompletableFuture.java:2299)
	at peergos.shared.corenode.Proxy.lambda$redirectCall$1(Proxy.java:19)
	at java.base/java.util.concurrent.CompletableFuture.uniComposeStage(CompletableFuture.java:1183)
	at java.base/java.util.concurrent.CompletableFuture.thenCompose(CompletableFuture.java:2299)
	at peergos.shared.corenode.Proxy.redirectCall(Proxy.java:18)
	at peergos.shared.mutable.ProxyingMutablePointers.setPointer(ProxyingMutablePointers.java:27)
	at peergos.server.net.MutationHandler.handle(MutationHandler.java:60)
	at jdk.httpserver/com.sun.net.httpserver.Filter$Chain.doFilter(Filter.java:77)
	at jdk.httpserver/sun.net.httpserver.AuthFilter.doFilter(AuthFilter.java:82)
	at jdk.httpserver/com.sun.net.httpserver.Filter$Chain.doFilter(Filter.java:80)
	at jdk.httpserver/sun.net.httpserver.ServerImpl$Exchange$LinkHandler.handle(ServerImpl.java:692)
	at jdk.httpserver/com.sun.net.httpserver.Filter$Chain.doFilter(Filter.java:77)
	at jdk.httpserver/sun.net.httpserver.ServerImpl$Exchange.run(ServerImpl.java:664)
	at java.base/java.util.concurrent.ThreadPoolExecutor.runWorker(ThreadPoolExecutor.java:1130)
	at java.base/java.util.concurrent.ThreadPoolExecutor$Worker.run(ThreadPoolExecutor.java:630)
	at java.base/java.lang.Thread.run(Thread.java:832)
java.lang.IllegalStateException: Writer not present on this server: z59vuwzfFDox5s9DTu65jTdJsr72KjUfRD9Ke2WGneE7MRxjVs4wLHg
	at peergos.server.space.JdbcUsageStore.getWriterId(JdbcUsageStore.java:179)
	at peergos.server.space.JdbcUsageStore.getOwner(JdbcUsageStore.java:239)
	at peergos.server.space.JdbcUsageStore.getUsage(JdbcUsageStore.java:268)
	at peergos.server.space.SpaceCheckingKeyFilter.prepareMutablePointerChange(SpaceCheckingKeyFilter.java:214)
	at peergos.server.space.SpaceCheckingKeyFilter.accept(SpaceCheckingKeyFilter.java:182)
	at peergos.server.mutable.MutableEventPropagator.lambda$setPointer$0(MutableEventPropagator.java:30)
	at java.base/java.util.concurrent.CompletableFuture.uniApplyNow(CompletableFuture.java:680)
	at java.base/java.util.concurrent.CompletableFuture.uniApplyStage(CompletableFuture.java:658)
	at java.base/java.util.concurrent.CompletableFuture.thenApply(CompletableFuture.java:2158)
	at peergos.server.mutable.MutableEventPropagator.setPointer(MutableEventPropagator.java:26)
	at peergos.server.mutable.PinningMutablePointers.lambda$setPointer$2(PinningMutablePointers.java:52)
	at java.base/java.util.concurrent.CompletableFuture.uniComposeStage(CompletableFuture.java:1183)
	at java.base/java.util.concurrent.CompletableFuture.thenCompose(CompletableFuture.java:2299)
	at peergos.server.mutable.PinningMutablePointers.lambda$setPointer$3(PinningMutablePointers.java:41)
	at java.base/java.util.concurrent.CompletableFuture.uniComposeStage(CompletableFuture.java:1183)
	at java.base/java.util.concurrent.CompletableFuture.thenCompose(CompletableFuture.java:2299)
	at peergos.server.mutable.PinningMutablePointers.setPointer(PinningMutablePointers.java:33)
	at peergos.server.mutable.BlockingMutablePointers.setPointer(BlockingMutablePointers.java:21)
	at peergos.shared.mutable.ProxyingMutablePointers.lambda$setPointer$0(ProxyingMutablePointers.java:30)
	at peergos.shared.corenode.Proxy.lambda$redirectCall$0(Proxy.java:26)
	at java.base/java.util.concurrent.CompletableFuture.uniComposeStage(CompletableFuture.java:1183)
	at java.base/java.util.concurrent.CompletableFuture.thenCompose(CompletableFuture.java:2299)
	at peergos.shared.corenode.Proxy.lambda$redirectCall$1(Proxy.java:19)
	at java.base/java.util.concurrent.CompletableFuture.uniComposeStage(CompletableFuture.java:1183)
	at java.base/java.util.concurrent.CompletableFuture.thenCompose(CompletableFuture.java:2299)
	at peergos.shared.corenode.Proxy.redirectCall(Proxy.java:18)
	at peergos.shared.mutable.ProxyingMutablePointers.setPointer(ProxyingMutablePointers.java:27)
	at peergos.server.net.MutationHandler.handle(MutationHandler.java:60)
	at jdk.httpserver/com.sun.net.httpserver.Filter$Chain.doFilter(Filter.java:77)
	at jdk.httpserver/sun.net.httpserver.AuthFilter.doFilter(AuthFilter.java:82)
	at jdk.httpserver/com.sun.net.httpserver.Filter$Chain.doFilter(Filter.java:80)
	at jdk.httpserver/sun.net.httpserver.ServerImpl$Exchange$LinkHandler.handle(ServerImpl.java:692)
	at jdk.httpserver/com.sun.net.httpserver.Filter$Chain.doFilter(Filter.java:77)
	at jdk.httpserver/sun.net.httpserver.ServerImpl$Exchange.run(ServerImpl.java:664)
	at java.base/java.util.concurrent.ThreadPoolExecutor.runWorker(ThreadPoolExecutor.java:1130)
	at java.base/java.util.concurrent.ThreadPoolExecutor$Worker.run(ThreadPoolExecutor.java:630)
	at java.base/java.lang.Thread.run(Thread.java:832)
java.lang.IllegalStateException: Writer not present on this server: z59vuwzfFDox5s9DTu65jTdJsr72KjUfRD9Ke2WGneE7MRxjVs4wLHg
	at peergos.server.space.JdbcUsageStore.getWriterId(JdbcUsageStore.java:179)
	at peergos.server.space.JdbcUsageStore.getOwner(JdbcUsageStore.java:239)
	at peergos.server.space.JdbcUsageStore.getUsage(JdbcUsageStore.java:268)
	at peergos.server.space.SpaceCheckingKeyFilter.prepareMutablePointerChange(SpaceCheckingKeyFilter.java:214)
	at peergos.server.space.SpaceCheckingKeyFilter.accept(SpaceCheckingKeyFilter.java:182)
	at peergos.server.mutable.MutableEventPropagator.lambda$setPointer$0(MutableEventPropagator.java:30)
	at java.base/java.util.concurrent.CompletableFuture.uniApplyNow(CompletableFuture.java:680)
	at java.base/java.util.concurrent.CompletableFuture.uniApplyStage(CompletableFuture.java:658)
	at java.base/java.util.concurrent.CompletableFuture.thenApply(CompletableFuture.java:2158)
	at peergos.server.mutable.MutableEventPropagator.setPointer(MutableEventPropagator.java:26)
	at peergos.server.mutable.PinningMutablePointers.lambda$setPointer$2(PinningMutablePointers.java:52)
	at java.base/java.util.concurrent.CompletableFuture.uniComposeStage(CompletableFuture.java:1183)
	at java.base/java.util.concurrent.CompletableFuture.thenCompose(CompletableFuture.java:2299)
	at peergos.server.mutable.PinningMutablePointers.lambda$setPointer$3(PinningMutablePointers.java:41)
	at java.base/java.util.concurrent.CompletableFuture.uniComposeStage(CompletableFuture.java:1183)
	at java.base/java.util.concurrent.CompletableFuture.thenCompose(CompletableFuture.java:2299)
	at peergos.server.mutable.PinningMutablePointers.setPointer(PinningMutablePointers.java:33)
	at peergos.server.mutable.BlockingMutablePointers.setPointer(BlockingMutablePointers.java:21)
	at peergos.shared.mutable.ProxyingMutablePointers.lambda$setPointer$0(ProxyingMutablePointers.java:30)
	at peergos.shared.corenode.Proxy.lambda$redirectCall$0(Proxy.java:26)
	at java.base/java.util.concurrent.CompletableFuture.uniComposeStage(CompletableFuture.java:1183)
	at java.base/java.util.concurrent.CompletableFuture.thenCompose(CompletableFuture.java:2299)
	at peergos.shared.corenode.Proxy.lambda$redirectCall$1(Proxy.java:19)
	at java.base/java.util.concurrent.CompletableFuture.uniComposeStage(CompletableFuture.java:1183)
	at java.base/java.util.concurrent.CompletableFuture.thenCompose(CompletableFuture.java:2299)
	at peergos.shared.corenode.Proxy.redirectCall(Proxy.java:18)
	at peergos.shared.mutable.ProxyingMutablePointers.setPointer(ProxyingMutablePointers.java:27)
	at peergos.server.net.MutationHandler.handle(MutationHandler.java:60)
	at jdk.httpserver/com.sun.net.httpserver.Filter$Chain.doFilter(Filter.java:77)
	at jdk.httpserver/sun.net.httpserver.AuthFilter.doFilter(AuthFilter.java:82)
	at jdk.httpserver/com.sun.net.httpserver.Filter$Chain.doFilter(Filter.java:80)
	at jdk.httpserver/sun.net.httpserver.ServerImpl$Exchange$LinkHandler.handle(ServerImpl.java:692)
	at jdk.httpserver/com.sun.net.httpserver.Filter$Chain.doFilter(Filter.java:77)
	at jdk.httpserver/sun.net.httpserver.ServerImpl$Exchange.run(ServerImpl.java:664)
	at java.base/java.util.concurrent.ThreadPoolExecutor.runWorker(ThreadPoolExecutor.java:1130)
	at java.base/java.util.concurrent.ThreadPoolExecutor$Worker.run(ThreadPoolExecutor.java:630)
	at java.base/java.lang.Thread.run(Thread.java:832)
java.lang.IllegalStateException: Writer not present on this server: z59vuwzfFDp2LMA6En2Uveqt6C7rsbYHoyM8yK2AX5uaxMo1fKJu7G4
	at peergos.server.space.JdbcUsageStore.getWriterId(JdbcUsageStore.java:179)
	at peergos.server.space.JdbcUsageStore.getOwner(JdbcUsageStore.java:239)
	at peergos.server.space.JdbcUsageStore.getUsage(JdbcUsageStore.java:268)
	at peergos.server.space.SpaceCheckingKeyFilter.prepareMutablePointerChange(SpaceCheckingKeyFilter.java:214)
	at peergos.server.space.SpaceCheckingKeyFilter.accept(SpaceCheckingKeyFilter.java:182)
	at peergos.server.mutable.MutableEventPropagator.lambda$setPointer$0(MutableEventPropagator.java:30)
	at java.base/java.util.concurrent.CompletableFuture.uniApplyNow(CompletableFuture.java:680)
	at java.base/java.util.concurrent.CompletableFuture.uniApplyStage(CompletableFuture.java:658)
	at java.base/java.util.concurrent.CompletableFuture.thenApply(CompletableFuture.java:2158)
	at peergos.server.mutable.MutableEventPropagator.setPointer(MutableEventPropagator.java:26)
	at peergos.server.mutable.PinningMutablePointers.lambda$setPointer$2(PinningMutablePointers.java:52)
	at java.base/java.util.concurrent.CompletableFuture.uniComposeStage(CompletableFuture.java:1183)
	at java.base/java.util.concurrent.CompletableFuture.thenCompose(CompletableFuture.java:2299)
	at peergos.server.mutable.PinningMutablePointers.lambda$setPointer$3(PinningMutablePointers.java:41)
	at java.base/java.util.concurrent.CompletableFuture.uniComposeStage(CompletableFuture.java:1183)
	at java.base/java.util.concurrent.CompletableFuture.thenCompose(CompletableFuture.java:2299)
	at peergos.server.mutable.PinningMutablePointers.setPointer(PinningMutablePointers.java:33)
	at peergos.server.mutable.BlockingMutablePointers.setPointer(BlockingMutablePointers.java:21)
	at peergos.shared.mutable.ProxyingMutablePointers.lambda$setPointer$0(ProxyingMutablePointers.java:30)
	at peergos.shared.corenode.Proxy.lambda$redirectCall$0(Proxy.java:26)
	at java.base/java.util.concurrent.CompletableFuture.uniComposeStage(CompletableFuture.java:1183)
	at java.base/java.util.concurrent.CompletableFuture.thenCompose(CompletableFuture.java:2299)
	at peergos.shared.corenode.Proxy.lambda$redirectCall$1(Proxy.java:19)
	at java.base/java.util.concurrent.CompletableFuture.uniComposeStage(CompletableFuture.java:1183)
	at java.base/java.util.concurrent.CompletableFuture.thenCompose(CompletableFuture.java:2299)
	at peergos.shared.corenode.Proxy.redirectCall(Proxy.java:18)
	at peergos.shared.mutable.ProxyingMutablePointers.setPointer(ProxyingMutablePointers.java:27)
	at peergos.server.net.MutationHandler.handle(MutationHandler.java:60)
	at jdk.httpserver/com.sun.net.httpserver.Filter$Chain.doFilter(Filter.java:77)
	at jdk.httpserver/sun.net.httpserver.AuthFilter.doFilter(AuthFilter.java:82)
	at jdk.httpserver/com.sun.net.httpserver.Filter$Chain.doFilter(Filter.java:80)
	at jdk.httpserver/sun.net.httpserver.ServerImpl$Exchange$LinkHandler.handle(ServerImpl.java:692)
	at jdk.httpserver/com.sun.net.httpserver.Filter$Chain.doFilter(Filter.java:77)
	at jdk.httpserver/sun.net.httpserver.ServerImpl$Exchange.run(ServerImpl.java:664)
	at java.base/java.util.concurrent.ThreadPoolExecutor.runWorker(ThreadPoolExecutor.java:1130)
	at java.base/java.util.concurrent.ThreadPoolExecutor$Worker.run(ThreadPoolExecutor.java:630)
	at java.base/java.lang.Thread.run(Thread.java:832)
java.lang.IllegalStateException: Writer not present on this server: z59vuwzfFDox5s9DTu65jTdJsr72KjUfRD9Ke2WGneE7MRxjVs4wLHg
	at peergos.server.space.JdbcUsageStore.getWriterId(JdbcUsageStore.java:179)
	at peergos.server.space.JdbcUsageStore.getOwner(JdbcUsageStore.java:239)
	at peergos.server.space.JdbcUsageStore.getUsage(JdbcUsageStore.java:268)
	at peergos.server.space.SpaceCheckingKeyFilter.prepareMutablePointerChange(SpaceCheckingKeyFilter.java:214)
	at peergos.server.space.SpaceCheckingKeyFilter.accept(SpaceCheckingKeyFilter.java:182)
	at peergos.server.mutable.MutableEventPropagator.lambda$setPointer$0(MutableEventPropagator.java:30)
	at java.base/java.util.concurrent.CompletableFuture.uniApplyNow(CompletableFuture.java:680)
	at java.base/java.util.concurrent.CompletableFuture.uniApplyStage(CompletableFuture.java:658)
	at java.base/java.util.concurrent.CompletableFuture.thenApply(CompletableFuture.java:2158)
	at peergos.server.mutable.MutableEventPropagator.setPointer(MutableEventPropagator.java:26)
	at peergos.server.mutable.PinningMutablePointers.lambda$setPointer$2(PinningMutablePointers.java:52)
	at java.base/java.util.concurrent.CompletableFuture.uniComposeStage(CompletableFuture.java:1183)
	at java.base/java.util.concurrent.CompletableFuture.thenCompose(CompletableFuture.java:2299)
	at peergos.server.mutable.PinningMutablePointers.lambda$setPointer$3(PinningMutablePointers.java:41)
	at java.base/java.util.concurrent.CompletableFuture.uniComposeStage(CompletableFuture.java:1183)
	at java.base/java.util.concurrent.CompletableFuture.thenCompose(CompletableFuture.java:2299)
	at peergos.server.mutable.PinningMutablePointers.setPointer(PinningMutablePointers.java:33)
	at peergos.server.mutable.BlockingMutablePointers.setPointer(BlockingMutablePointers.java:21)
	at peergos.shared.mutable.ProxyingMutablePointers.lambda$setPointer$0(ProxyingMutablePointers.java:30)
	at peergos.shared.corenode.Proxy.lambda$redirectCall$0(Proxy.java:26)
	at java.base/java.util.concurrent.CompletableFuture.uniComposeStage(CompletableFuture.java:1183)
	at java.base/java.util.concurrent.CompletableFuture.thenCompose(CompletableFuture.java:2299)
	at peergos.shared.corenode.Proxy.lambda$redirectCall$1(Proxy.java:19)
	at java.base/java.util.concurrent.CompletableFuture.uniComposeStage(CompletableFuture.java:1183)
	at java.base/java.util.concurrent.CompletableFuture.thenCompose(CompletableFuture.java:2299)
	at peergos.shared.corenode.Proxy.redirectCall(Proxy.java:18)
	at peergos.shared.mutable.ProxyingMutablePointers.setPointer(ProxyingMutablePointers.java:27)
	at peergos.server.net.MutationHandler.handle(MutationHandler.java:60)
	at jdk.httpserver/com.sun.net.httpserver.Filter$Chain.doFilter(Filter.java:77)
	at jdk.httpserver/sun.net.httpserver.AuthFilter.doFilter(AuthFilter.java:82)
	at jdk.httpserver/com.sun.net.httpserver.Filter$Chain.doFilter(Filter.java:80)
	at jdk.httpserver/sun.net.httpserver.ServerImpl$Exchange$LinkHandler.handle(ServerImpl.java:692)
	at jdk.httpserver/com.sun.net.httpserver.Filter$Chain.doFilter(Filter.java:77)
	at jdk.httpserver/sun.net.httpserver.ServerImpl$Exchange.run(ServerImpl.java:664)
	at java.base/java.util.concurrent.ThreadPoolExecutor.runWorker(ThreadPoolExecutor.java:1130)
	at java.base/java.util.concurrent.ThreadPoolExecutor$Worker.run(ThreadPoolExecutor.java:630)
	at java.base/java.lang.Thread.run(Thread.java:832)
java.lang.IllegalStateException: Writer not present on this server: z59vuwzfFDox5s9DTu65jTdJsr72KjUfRD9Ke2WGneE7MRxjVs4wLHg
	at peergos.server.space.JdbcUsageStore.getWriterId(JdbcUsageStore.java:179)
	at peergos.server.space.JdbcUsageStore.getOwner(JdbcUsageStore.java:239)
	at peergos.server.space.JdbcUsageStore.getUsage(JdbcUsageStore.java:268)
	at peergos.server.space.SpaceCheckingKeyFilter.prepareMutablePointerChange(SpaceCheckingKeyFilter.java:214)
	at peergos.server.space.SpaceCheckingKeyFilter.accept(SpaceCheckingKeyFilter.java:182)
	at peergos.server.mutable.MutableEventPropagator.lambda$setPointer$0(MutableEventPropagator.java:30)
	at java.base/java.util.concurrent.CompletableFuture.uniApplyNow(CompletableFuture.java:680)
	at java.base/java.util.concurrent.CompletableFuture.uniApplyStage(CompletableFuture.java:658)
	at java.base/java.util.concurrent.CompletableFuture.thenApply(CompletableFuture.java:2158)
	at peergos.server.mutable.MutableEventPropagator.setPointer(MutableEventPropagator.java:26)
	at peergos.server.mutable.PinningMutablePointers.lambda$setPointer$2(PinningMutablePointers.java:52)
	at java.base/java.util.concurrent.CompletableFuture.uniComposeStage(CompletableFuture.java:1183)
	at java.base/java.util.concurrent.CompletableFuture.thenCompose(CompletableFuture.java:2299)
	at peergos.server.mutable.PinningMutablePointers.lambda$setPointer$3(PinningMutablePointers.java:41)
	at java.base/java.util.concurrent.CompletableFuture.uniComposeStage(CompletableFuture.java:1183)
	at java.base/java.util.concurrent.CompletableFuture.thenCompose(CompletableFuture.java:2299)
	at peergos.server.mutable.PinningMutablePointers.setPointer(PinningMutablePointers.java:33)
	at peergos.server.mutable.BlockingMutablePointers.setPointer(BlockingMutablePointers.java:21)
	at peergos.shared.mutable.ProxyingMutablePointers.lambda$setPointer$0(ProxyingMutablePointers.java:30)
	at peergos.shared.corenode.Proxy.lambda$redirectCall$0(Proxy.java:26)
	at java.base/java.util.concurrent.CompletableFuture.uniComposeStage(CompletableFuture.java:1183)
	at java.base/java.util.concurrent.CompletableFuture.thenCompose(CompletableFuture.java:2299)
	at peergos.shared.corenode.Proxy.lambda$redirectCall$1(Proxy.java:19)
	at java.base/java.util.concurrent.CompletableFuture.uniComposeStage(CompletableFuture.java:1183)
	at java.base/java.util.concurrent.CompletableFuture.thenCompose(CompletableFuture.java:2299)
	at peergos.shared.corenode.Proxy.redirectCall(Proxy.java:18)
	at peergos.shared.mutable.ProxyingMutablePointers.setPointer(ProxyingMutablePointers.java:27)
	at peergos.server.net.MutationHandler.handle(MutationHandler.java:60)
	at jdk.httpserver/com.sun.net.httpserver.Filter$Chain.doFilter(Filter.java:77)
	at jdk.httpserver/sun.net.httpserver.AuthFilter.doFilter(AuthFilter.java:82)
	at jdk.httpserver/com.sun.net.httpserver.Filter$Chain.doFilter(Filter.java:80)
	at jdk.httpserver/sun.net.httpserver.ServerImpl$Exchange$LinkHandler.handle(ServerImpl.java:692)
	at jdk.httpserver/com.sun.net.httpserver.Filter$Chain.doFilter(Filter.java:77)
	at jdk.httpserver/sun.net.httpserver.ServerImpl$Exchange.run(ServerImpl.java:664)
	at java.base/java.util.concurrent.ThreadPoolExecutor.runWorker(ThreadPoolExecutor.java:1130)
	at java.base/java.util.concurrent.ThreadPoolExecutor$Worker.run(ThreadPoolExecutor.java:630)
	at java.base/java.lang.Thread.run(Thread.java:832)
java.lang.IllegalStateException: Writer not present on this server: z59vuwzfFDox5s9DTu65jTdJsr72KjUfRD9Ke2WGneE7MRxjVs4wLHg
	at peergos.server.space.JdbcUsageStore.getWriterId(JdbcUsageStore.java:179)
	at peergos.server.space.JdbcUsageStore.getOwner(JdbcUsageStore.java:239)
	at peergos.server.space.JdbcUsageStore.getUsage(JdbcUsageStore.java:268)
	at peergos.server.space.SpaceCheckingKeyFilter.prepareMutablePointerChange(SpaceCheckingKeyFilter.java:214)
	at peergos.server.space.SpaceCheckingKeyFilter.accept(SpaceCheckingKeyFilter.java:182)
	at peergos.server.mutable.MutableEventPropagator.lambda$setPointer$0(MutableEventPropagator.java:30)
	at java.base/java.util.concurrent.CompletableFuture.uniApplyNow(CompletableFuture.java:680)
	at java.base/java.util.concurrent.CompletableFuture.uniApplyStage(CompletableFuture.java:658)
	at java.base/java.util.concurrent.CompletableFuture.thenApply(CompletableFuture.java:2158)
	at peergos.server.mutable.MutableEventPropagator.setPointer(MutableEventPropagator.java:26)
	at peergos.server.mutable.PinningMutablePointers.lambda$setPointer$2(PinningMutablePointers.java:52)
	at java.base/java.util.concurrent.CompletableFuture.uniComposeStage(CompletableFuture.java:1183)
	at java.base/java.util.concurrent.CompletableFuture.thenCompose(CompletableFuture.java:2299)
	at peergos.server.mutable.PinningMutablePointers.lambda$setPointer$3(PinningMutablePointers.java:41)
	at java.base/java.util.concurrent.CompletableFuture.uniComposeStage(CompletableFuture.java:1183)
	at java.base/java.util.concurrent.CompletableFuture.thenCompose(CompletableFuture.java:2299)
	at peergos.server.mutable.PinningMutablePointers.setPointer(PinningMutablePointers.java:33)
	at peergos.server.mutable.BlockingMutablePointers.setPointer(BlockingMutablePointers.java:21)
	at peergos.shared.mutable.ProxyingMutablePointers.lambda$setPointer$0(ProxyingMutablePointers.java:30)
	at peergos.shared.corenode.Proxy.lambda$redirectCall$0(Proxy.java:26)
	at java.base/java.util.concurrent.CompletableFuture.uniComposeStage(CompletableFuture.java:1183)
	at java.base/java.util.concurrent.CompletableFuture.thenCompose(CompletableFuture.java:2299)
	at peergos.shared.corenode.Proxy.lambda$redirectCall$1(Proxy.java:19)
	at java.base/java.util.concurrent.CompletableFuture.uniComposeStage(CompletableFuture.java:1183)
	at java.base/java.util.concurrent.CompletableFuture.thenCompose(CompletableFuture.java:2299)
	at peergos.shared.corenode.Proxy.redirectCall(Proxy.java:18)
	at peergos.shared.mutable.ProxyingMutablePointers.setPointer(ProxyingMutablePointers.java:27)
	at peergos.server.net.MutationHandler.handle(MutationHandler.java:60)
	at jdk.httpserver/com.sun.net.httpserver.Filter$Chain.doFilter(Filter.java:77)
	at jdk.httpserver/sun.net.httpserver.AuthFilter.doFilter(AuthFilter.java:82)
	at jdk.httpserver/com.sun.net.httpserver.Filter$Chain.doFilter(Filter.java:80)
	at jdk.httpserver/sun.net.httpserver.ServerImpl$Exchange$LinkHandler.handle(ServerImpl.java:692)
	at jdk.httpserver/com.sun.net.httpserver.Filter$Chain.doFilter(Filter.java:77)
	at jdk.httpserver/sun.net.httpserver.ServerImpl$Exchange.run(ServerImpl.java:664)
	at java.base/java.util.concurrent.ThreadPoolExecutor.runWorker(ThreadPoolExecutor.java:1130)
	at java.base/java.util.concurrent.ThreadPoolExecutor$Worker.run(ThreadPoolExecutor.java:630)
	at java.base/java.lang.Thread.run(Thread.java:832)
java.lang.IllegalStateException: Writer not present on this server: z59vuwzfFDox5s9DTu65jTdJsr72KjUfRD9Ke2WGneE7MRxjVs4wLHg
	at peergos.server.space.JdbcUsageStore.getWriterId(JdbcUsageStore.java:179)
	at peergos.server.space.JdbcUsageStore.getOwner(JdbcUsageStore.java:239)
	at peergos.server.space.JdbcUsageStore.getUsage(JdbcUsageStore.java:268)
	at peergos.server.space.SpaceCheckingKeyFilter.prepareMutablePointerChange(SpaceCheckingKeyFilter.java:214)
	at peergos.server.space.SpaceCheckingKeyFilter.accept(SpaceCheckingKeyFilter.java:182)
	at peergos.server.mutable.MutableEventPropagator.lambda$setPointer$0(MutableEventPropagator.java:30)
	at java.base/java.util.concurrent.CompletableFuture.uniApplyNow(CompletableFuture.java:680)
	at java.base/java.util.concurrent.CompletableFuture.uniApplyStage(CompletableFuture.java:658)
	at java.base/java.util.concurrent.CompletableFuture.thenApply(CompletableFuture.java:2158)
	at peergos.server.mutable.MutableEventPropagator.setPointer(MutableEventPropagator.java:26)
	at peergos.server.mutable.PinningMutablePointers.lambda$setPointer$2(PinningMutablePointers.java:52)
	at java.base/java.util.concurrent.CompletableFuture.uniComposeStage(CompletableFuture.java:1183)
	at java.base/java.util.concurrent.CompletableFuture.thenCompose(CompletableFuture.java:2299)
	at peergos.server.mutable.PinningMutablePointers.lambda$setPointer$3(PinningMutablePointers.java:41)
	at java.base/java.util.concurrent.CompletableFuture.uniComposeStage(CompletableFuture.java:1183)
	at java.base/java.util.concurrent.CompletableFuture.thenCompose(CompletableFuture.java:2299)
	at peergos.server.mutable.PinningMutablePointers.setPointer(PinningMutablePointers.java:33)
	at peergos.server.mutable.BlockingMutablePointers.setPointer(BlockingMutablePointers.java:21)
	at peergos.shared.mutable.ProxyingMutablePointers.lambda$setPointer$0(ProxyingMutablePointers.java:30)
	at peergos.shared.corenode.Proxy.lambda$redirectCall$0(Proxy.java:26)
	at java.base/java.util.concurrent.CompletableFuture.uniComposeStage(CompletableFuture.java:1183)
	at java.base/java.util.concurrent.CompletableFuture.thenCompose(CompletableFuture.java:2299)
	at peergos.shared.corenode.Proxy.lambda$redirectCall$1(Proxy.java:19)
	at java.base/java.util.concurrent.CompletableFuture.uniComposeStage(CompletableFuture.java:1183)
	at java.base/java.util.concurrent.CompletableFuture.thenCompose(CompletableFuture.java:2299)
	at peergos.shared.corenode.Proxy.redirectCall(Proxy.java:18)
	at peergos.shared.mutable.ProxyingMutablePointers.setPointer(ProxyingMutablePointers.java:27)
	at peergos.server.net.MutationHandler.handle(MutationHandler.java:60)
	at jdk.httpserver/com.sun.net.httpserver.Filter$Chain.doFilter(Filter.java:77)
	at jdk.httpserver/sun.net.httpserver.AuthFilter.doFilter(AuthFilter.java:82)
	at jdk.httpserver/com.sun.net.httpserver.Filter$Chain.doFilter(Filter.java:80)
	at jdk.httpserver/sun.net.httpserver.ServerImpl$Exchange$LinkHandler.handle(ServerImpl.java:692)
	at jdk.httpserver/com.sun.net.httpserver.Filter$Chain.doFilter(Filter.java:77)
	at jdk.httpserver/sun.net.httpserver.ServerImpl$Exchange.run(ServerImpl.java:664)
	at java.base/java.util.concurrent.ThreadPoolExecutor.runWorker(ThreadPoolExecutor.java:1130)
	at java.base/java.util.concurrent.ThreadPoolExecutor$Worker.run(ThreadPoolExecutor.java:630)
	at java.base/java.lang.Thread.run(Thread.java:832)
java.lang.IllegalStateException: Writer not present on this server: z59vuwzfFDox5s9DTu65jTdJsr72KjUfRD9Ke2WGneE7MRxjVs4wLHg
	at peergos.server.space.JdbcUsageStore.getWriterId(JdbcUsageStore.java:179)
	at peergos.server.space.JdbcUsageStore.getOwner(JdbcUsageStore.java:239)
	at peergos.server.space.JdbcUsageStore.getUsage(JdbcUsageStore.java:268)
	at peergos.server.space.SpaceCheckingKeyFilter.prepareMutablePointerChange(SpaceCheckingKeyFilter.java:214)
	at peergos.server.space.SpaceCheckingKeyFilter.accept(SpaceCheckingKeyFilter.java:182)
	at peergos.server.mutable.MutableEventPropagator.lambda$setPointer$0(MutableEventPropagator.java:30)
	at java.base/java.util.concurrent.CompletableFuture.uniApplyNow(CompletableFuture.java:680)
	at java.base/java.util.concurrent.CompletableFuture.uniApplyStage(CompletableFuture.java:658)
	at java.base/java.util.concurrent.CompletableFuture.thenApply(CompletableFuture.java:2158)
	at peergos.server.mutable.MutableEventPropagator.setPointer(MutableEventPropagator.java:26)
	at peergos.server.mutable.PinningMutablePointers.lambda$setPointer$2(PinningMutablePointers.java:52)
	at java.base/java.util.concurrent.CompletableFuture.uniComposeStage(CompletableFuture.java:1183)
	at java.base/java.util.concurrent.CompletableFuture.thenCompose(CompletableFuture.java:2299)
	at peergos.server.mutable.PinningMutablePointers.lambda$setPointer$3(PinningMutablePointers.java:41)
	at java.base/java.util.concurrent.CompletableFuture.uniComposeStage(CompletableFuture.java:1183)
	at java.base/java.util.concurrent.CompletableFuture.thenCompose(CompletableFuture.java:2299)
	at peergos.server.mutable.PinningMutablePointers.setPointer(PinningMutablePointers.java:33)
	at peergos.server.mutable.BlockingMutablePointers.setPointer(BlockingMutablePointers.java:21)
	at peergos.shared.mutable.ProxyingMutablePointers.lambda$setPointer$0(ProxyingMutablePointers.java:30)
	at peergos.shared.corenode.Proxy.lambda$redirectCall$0(Proxy.java:26)
	at java.base/java.util.concurrent.CompletableFuture.uniComposeStage(CompletableFuture.java:1183)
	at java.base/java.util.concurrent.CompletableFuture.thenCompose(CompletableFuture.java:2299)
	at peergos.shared.corenode.Proxy.lambda$redirectCall$1(Proxy.java:19)
	at java.base/java.util.concurrent.CompletableFuture.uniComposeStage(CompletableFuture.java:1183)
	at java.base/java.util.concurrent.CompletableFuture.thenCompose(CompletableFuture.java:2299)
	at peergos.shared.corenode.Proxy.redirectCall(Proxy.java:18)
	at peergos.shared.mutable.ProxyingMutablePointers.setPointer(ProxyingMutablePointers.java:27)
	at peergos.server.net.MutationHandler.handle(MutationHandler.java:60)
	at jdk.httpserver/com.sun.net.httpserver.Filter$Chain.doFilter(Filter.java:77)
	at jdk.httpserver/sun.net.httpserver.AuthFilter.doFilter(AuthFilter.java:82)
	at jdk.httpserver/com.sun.net.httpserver.Filter$Chain.doFilter(Filter.java:80)
	at jdk.httpserver/sun.net.httpserver.ServerImpl$Exchange$LinkHandler.handle(ServerImpl.java:692)
	at jdk.httpserver/com.sun.net.httpserver.Filter$Chain.doFilter(Filter.java:77)
	at jdk.httpserver/sun.net.httpserver.ServerImpl$Exchange.run(ServerImpl.java:664)
	at java.base/java.util.concurrent.ThreadPoolExecutor.runWorker(ThreadPoolExecutor.java:1130)
	at java.base/java.util.concurrent.ThreadPoolExecutor$Worker.run(ThreadPoolExecutor.java:630)
	at java.base/java.lang.Thread.run(Thread.java:832)
java.lang.IllegalStateException: Writer not present on this server: z59vuwzfFDox5s9DTu65jTdJsr72KjUfRD9Ke2WGneE7MRxjVs4wLHg
	at peergos.server.space.JdbcUsageStore.getWriterId(JdbcUsageStore.java:179)
	at peergos.server.space.JdbcUsageStore.getOwner(JdbcUsageStore.java:239)
	at peergos.server.space.JdbcUsageStore.getUsage(JdbcUsageStore.java:268)
	at peergos.server.space.SpaceCheckingKeyFilter.prepareMutablePointerChange(SpaceCheckingKeyFilter.java:214)
	at peergos.server.space.SpaceCheckingKeyFilter.accept(SpaceCheckingKeyFilter.java:182)
	at peergos.server.mutable.MutableEventPropagator.lambda$setPointer$0(MutableEventPropagator.java:30)
	at java.base/java.util.concurrent.CompletableFuture.uniApplyNow(CompletableFuture.java:680)
	at java.base/java.util.concurrent.CompletableFuture.uniApplyStage(CompletableFuture.java:658)
	at java.base/java.util.concurrent.CompletableFuture.thenApply(CompletableFuture.java:2158)
	at peergos.server.mutable.MutableEventPropagator.setPointer(MutableEventPropagator.java:26)
	at peergos.server.mutable.PinningMutablePointers.lambda$setPointer$2(PinningMutablePointers.java:52)
	at java.base/java.util.concurrent.CompletableFuture.uniComposeStage(CompletableFuture.java:1183)
	at java.base/java.util.concurrent.CompletableFuture.thenCompose(CompletableFuture.java:2299)
	at peergos.server.mutable.PinningMutablePointers.lambda$setPointer$3(PinningMutablePointers.java:41)
	at java.base/java.util.concurrent.CompletableFuture.uniComposeStage(CompletableFuture.java:1183)
	at java.base/java.util.concurrent.CompletableFuture.thenCompose(CompletableFuture.java:2299)
	at peergos.server.mutable.PinningMutablePointers.setPointer(PinningMutablePointers.java:33)
	at peergos.server.mutable.BlockingMutablePointers.setPointer(BlockingMutablePointers.java:21)
	at peergos.shared.mutable.ProxyingMutablePointers.lambda$setPointer$0(ProxyingMutablePointers.java:30)
	at peergos.shared.corenode.Proxy.lambda$redirectCall$0(Proxy.java:26)
	at java.base/java.util.concurrent.CompletableFuture.uniComposeStage(CompletableFuture.java:1183)
	at java.base/java.util.concurrent.CompletableFuture.thenCompose(CompletableFuture.java:2299)
	at peergos.shared.corenode.Proxy.lambda$redirectCall$1(Proxy.java:19)
	at java.base/java.util.concurrent.CompletableFuture.uniComposeStage(CompletableFuture.java:1183)
	at java.base/java.util.concurrent.CompletableFuture.thenCompose(CompletableFuture.java:2299)
	at peergos.shared.corenode.Proxy.redirectCall(Proxy.java:18)
	at peergos.shared.mutable.ProxyingMutablePointers.setPointer(ProxyingMutablePointers.java:27)
	at peergos.server.net.MutationHandler.handle(MutationHandler.java:60)
	at jdk.httpserver/com.sun.net.httpserver.Filter$Chain.doFilter(Filter.java:77)
	at jdk.httpserver/sun.net.httpserver.AuthFilter.doFilter(AuthFilter.java:82)
	at jdk.httpserver/com.sun.net.httpserver.Filter$Chain.doFilter(Filter.java:80)
	at jdk.httpserver/sun.net.httpserver.ServerImpl$Exchange$LinkHandler.handle(ServerImpl.java:692)
	at jdk.httpserver/com.sun.net.httpserver.Filter$Chain.doFilter(Filter.java:77)
	at jdk.httpserver/sun.net.httpserver.ServerImpl$Exchange.run(ServerImpl.java:664)
	at java.base/java.util.concurrent.ThreadPoolExecutor.runWorker(ThreadPoolExecutor.java:1130)
	at java.base/java.util.concurrent.ThreadPoolExecutor$Worker.run(ThreadPoolExecutor.java:630)
	at java.base/java.lang.Thread.run(Thread.java:832)
java.lang.IllegalStateException: Writer not present on this server: z59vuwzfFDovQebxdccEnEGtKZNUgifsNRcQs9JLatgE6ew8adMdJvB
	at peergos.server.space.JdbcUsageStore.getWriterId(JdbcUsageStore.java:179)
	at peergos.server.space.JdbcUsageStore.getOwner(JdbcUsageStore.java:239)
	at peergos.server.space.JdbcUsageStore.getUsage(JdbcUsageStore.java:268)
	at peergos.server.space.SpaceCheckingKeyFilter.prepareMutablePointerChange(SpaceCheckingKeyFilter.java:214)
	at peergos.server.space.SpaceCheckingKeyFilter.accept(SpaceCheckingKeyFilter.java:182)
	at peergos.server.mutable.MutableEventPropagator.lambda$setPointer$0(MutableEventPropagator.java:30)
	at java.base/java.util.concurrent.CompletableFuture.uniApplyNow(CompletableFuture.java:680)
	at java.base/java.util.concurrent.CompletableFuture.uniApplyStage(CompletableFuture.java:658)
	at java.base/java.util.concurrent.CompletableFuture.thenApply(CompletableFuture.java:2158)
	at peergos.server.mutable.MutableEventPropagator.setPointer(MutableEventPropagator.java:26)
	at peergos.server.mutable.PinningMutablePointers.lambda$setPointer$2(PinningMutablePointers.java:52)
	at java.base/java.util.concurrent.CompletableFuture.uniComposeStage(CompletableFuture.java:1183)
	at java.base/java.util.concurrent.CompletableFuture.thenCompose(CompletableFuture.java:2299)
	at peergos.server.mutable.PinningMutablePointers.lambda$setPointer$3(PinningMutablePointers.java:41)
	at java.base/java.util.concurrent.CompletableFuture.uniComposeStage(CompletableFuture.java:1183)
	at java.base/java.util.concurrent.CompletableFuture.thenCompose(CompletableFuture.java:2299)
	at peergos.server.mutable.PinningMutablePointers.setPointer(PinningMutablePointers.java:33)
	at peergos.server.mutable.BlockingMutablePointers.setPointer(BlockingMutablePointers.java:21)
	at peergos.shared.mutable.ProxyingMutablePointers.lambda$setPointer$0(ProxyingMutablePointers.java:30)
	at peergos.shared.corenode.Proxy.lambda$redirectCall$0(Proxy.java:26)
	at java.base/java.util.concurrent.CompletableFuture.uniComposeStage(CompletableFuture.java:1183)
	at java.base/java.util.concurrent.CompletableFuture.thenCompose(CompletableFuture.java:2299)
	at peergos.shared.corenode.Proxy.lambda$redirectCall$1(Proxy.java:19)
	at java.base/java.util.concurrent.CompletableFuture.uniComposeStage(CompletableFuture.java:1183)
	at java.base/java.util.concurrent.CompletableFuture.thenCompose(CompletableFuture.java:2299)
	at peergos.shared.corenode.Proxy.redirectCall(Proxy.java:18)
	at peergos.shared.mutable.ProxyingMutablePointers.setPointer(ProxyingMutablePointers.java:27)
	at peergos.server.net.MutationHandler.handle(MutationHandler.java:60)
	at jdk.httpserver/com.sun.net.httpserver.Filter$Chain.doFilter(Filter.java:77)
	at jdk.httpserver/sun.net.httpserver.AuthFilter.doFilter(AuthFilter.java:82)
	at jdk.httpserver/com.sun.net.httpserver.Filter$Chain.doFilter(Filter.java:80)
	at jdk.httpserver/sun.net.httpserver.ServerImpl$Exchange$LinkHandler.handle(ServerImpl.java:692)
	at jdk.httpserver/com.sun.net.httpserver.Filter$Chain.doFilter(Filter.java:77)
	at jdk.httpserver/sun.net.httpserver.ServerImpl$Exchange.run(ServerImpl.java:664)
	at java.base/java.util.concurrent.ThreadPoolExecutor.runWorker(ThreadPoolExecutor.java:1130)
	at java.base/java.util.concurrent.ThreadPoolExecutor$Worker.run(ThreadPoolExecutor.java:630)
	at java.base/java.lang.Thread.run(Thread.java:832)
java.lang.IllegalStateException: Writer not present on this server: z59vuwzfFDovQebxdccEnEGtKZNUgifsNRcQs9JLatgE6ew8adMdJvB
	at peergos.server.space.JdbcUsageStore.getWriterId(JdbcUsageStore.java:179)
	at peergos.server.space.JdbcUsageStore.getOwner(JdbcUsageStore.java:239)
	at peergos.server.space.JdbcUsageStore.getUsage(JdbcUsageStore.java:268)
	at peergos.server.space.SpaceCheckingKeyFilter.prepareMutablePointerChange(SpaceCheckingKeyFilter.java:214)
	at peergos.server.space.SpaceCheckingKeyFilter.accept(SpaceCheckingKeyFilter.java:182)
	at peergos.server.mutable.MutableEventPropagator.lambda$setPointer$0(MutableEventPropagator.java:30)
	at java.base/java.util.concurrent.CompletableFuture.uniApplyNow(CompletableFuture.java:680)
	at java.base/java.util.concurrent.CompletableFuture.uniApplyStage(CompletableFuture.java:658)
	at java.base/java.util.concurrent.CompletableFuture.thenApply(CompletableFuture.java:2158)
	at peergos.server.mutable.MutableEventPropagator.setPointer(MutableEventPropagator.java:26)
	at peergos.server.mutable.PinningMutablePointers.lambda$setPointer$2(PinningMutablePointers.java:52)
	at java.base/java.util.concurrent.CompletableFuture.uniComposeStage(CompletableFuture.java:1183)
	at java.base/java.util.concurrent.CompletableFuture.thenCompose(CompletableFuture.java:2299)
	at peergos.server.mutable.PinningMutablePointers.lambda$setPointer$3(PinningMutablePointers.java:41)
	at java.base/java.util.concurrent.CompletableFuture.uniComposeStage(CompletableFuture.java:1183)
	at java.base/java.util.concurrent.CompletableFuture.thenCompose(CompletableFuture.java:2299)
	at peergos.server.mutable.PinningMutablePointers.setPointer(PinningMutablePointers.java:33)
	at peergos.server.mutable.BlockingMutablePointers.setPointer(BlockingMutablePointers.java:21)
	at peergos.shared.mutable.ProxyingMutablePointers.lambda$setPointer$0(ProxyingMutablePointers.java:30)
	at peergos.shared.corenode.Proxy.lambda$redirectCall$0(Proxy.java:26)
	at java.base/java.util.concurrent.CompletableFuture.uniComposeStage(CompletableFuture.java:1183)
	at java.base/java.util.concurrent.CompletableFuture.thenCompose(CompletableFuture.java:2299)
	at peergos.shared.corenode.Proxy.lambda$redirectCall$1(Proxy.java:19)
	at java.base/java.util.concurrent.CompletableFuture.uniComposeStage(CompletableFuture.java:1183)
	at java.base/java.util.concurrent.CompletableFuture.thenCompose(CompletableFuture.java:2299)
	at peergos.shared.corenode.Proxy.redirectCall(Proxy.java:18)
	at peergos.shared.mutable.ProxyingMutablePointers.setPointer(ProxyingMutablePointers.java:27)
	at peergos.server.net.MutationHandler.handle(MutationHandler.java:60)
	at jdk.httpserver/com.sun.net.httpserver.Filter$Chain.doFilter(Filter.java:77)
	at jdk.httpserver/sun.net.httpserver.AuthFilter.doFilter(AuthFilter.java:82)
	at jdk.httpserver/com.sun.net.httpserver.Filter$Chain.doFilter(Filter.java:80)
	at jdk.httpserver/sun.net.httpserver.ServerImpl$Exchange$LinkHandler.handle(ServerImpl.java:692)
	at jdk.httpserver/com.sun.net.httpserver.Filter$Chain.doFilter(Filter.java:77)
	at jdk.httpserver/sun.net.httpserver.ServerImpl$Exchange.run(ServerImpl.java:664)
	at java.base/java.util.concurrent.ThreadPoolExecutor.runWorker(ThreadPoolExecutor.java:1130)
	at java.base/java.util.concurrent.ThreadPoolExecutor$Worker.run(ThreadPoolExecutor.java:630)
	at java.base/java.lang.Thread.run(Thread.java:832)
java.lang.IllegalStateException: Writer not present on this server: z59vuwzfFDp1NTnQp4XCBwS9ojGNTeFGAvBB95W57JeLN74CCYk1dto
	at peergos.server.space.JdbcUsageStore.getWriterId(JdbcUsageStore.java:179)
	at peergos.server.space.JdbcUsageStore.getOwner(JdbcUsageStore.java:239)
	at peergos.server.space.JdbcUsageStore.getUsage(JdbcUsageStore.java:268)
	at peergos.server.space.SpaceCheckingKeyFilter.prepareMutablePointerChange(SpaceCheckingKeyFilter.java:214)
	at peergos.server.space.SpaceCheckingKeyFilter.accept(SpaceCheckingKeyFilter.java:182)
	at peergos.server.mutable.MutableEventPropagator.lambda$setPointer$0(MutableEventPropagator.java:30)
	at java.base/java.util.concurrent.CompletableFuture.uniApplyNow(CompletableFuture.java:680)
	at java.base/java.util.concurrent.CompletableFuture.uniApplyStage(CompletableFuture.java:658)
	at java.base/java.util.concurrent.CompletableFuture.thenApply(CompletableFuture.java:2158)
	at peergos.server.mutable.MutableEventPropagator.setPointer(MutableEventPropagator.java:26)
	at peergos.server.mutable.PinningMutablePointers.lambda$setPointer$2(PinningMutablePointers.java:52)
	at java.base/java.util.concurrent.CompletableFuture.uniComposeStage(CompletableFuture.java:1183)
	at java.base/java.util.concurrent.CompletableFuture.thenCompose(CompletableFuture.java:2299)
	at peergos.server.mutable.PinningMutablePointers.lambda$setPointer$3(PinningMutablePointers.java:41)
	at java.base/java.util.concurrent.CompletableFuture.uniComposeStage(CompletableFuture.java:1183)
	at java.base/java.util.concurrent.CompletableFuture.thenCompose(CompletableFuture.java:2299)
	at peergos.server.mutable.PinningMutablePointers.setPointer(PinningMutablePointers.java:33)
	at peergos.server.mutable.BlockingMutablePointers.setPointer(BlockingMutablePointers.java:21)
	at peergos.shared.mutable.ProxyingMutablePointers.lambda$setPointer$0(ProxyingMutablePointers.java:30)
	at peergos.shared.corenode.Proxy.lambda$redirectCall$0(Proxy.java:26)
	at java.base/java.util.concurrent.CompletableFuture.uniComposeStage(CompletableFuture.java:1183)
	at java.base/java.util.concurrent.CompletableFuture.thenCompose(CompletableFuture.java:2299)
	at peergos.shared.corenode.Proxy.lambda$redirectCall$1(Proxy.java:19)
	at java.base/java.util.concurrent.CompletableFuture.uniComposeStage(CompletableFuture.java:1183)
	at java.base/java.util.concurrent.CompletableFuture.thenCompose(CompletableFuture.java:2299)
	at peergos.shared.corenode.Proxy.redirectCall(Proxy.java:18)
	at peergos.shared.mutable.ProxyingMutablePointers.setPointer(ProxyingMutablePointers.java:27)
	at peergos.server.net.MutationHandler.handle(MutationHandler.java:60)
	at jdk.httpserver/com.sun.net.httpserver.Filter$Chain.doFilter(Filter.java:77)
	at jdk.httpserver/sun.net.httpserver.AuthFilter.doFilter(AuthFilter.java:82)
	at jdk.httpserver/com.sun.net.httpserver.Filter$Chain.doFilter(Filter.java:80)
	at jdk.httpserver/sun.net.httpserver.ServerImpl$Exchange$LinkHandler.handle(ServerImpl.java:692)
	at jdk.httpserver/com.sun.net.httpserver.Filter$Chain.doFilter(Filter.java:77)
	at jdk.httpserver/sun.net.httpserver.ServerImpl$Exchange.run(ServerImpl.java:664)
	at java.base/java.util.concurrent.ThreadPoolExecutor.runWorker(ThreadPoolExecutor.java:1130)
	at java.base/java.util.concurrent.ThreadPoolExecutor$Worker.run(ThreadPoolExecutor.java:630)
	at java.base/java.lang.Thread.run(Thread.java:832)
java.lang.IllegalStateException: Writer not present on this server: z59vuwzfFDp1NTnQp4XCBwS9ojGNTeFGAvBB95W57JeLN74CCYk1dto
	at peergos.server.space.JdbcUsageStore.getWriterId(JdbcUsageStore.java:179)
	at peergos.server.space.JdbcUsageStore.getOwner(JdbcUsageStore.java:239)
	at peergos.server.space.JdbcUsageStore.getUsage(JdbcUsageStore.java:268)
	at peergos.server.space.SpaceCheckingKeyFilter.prepareMutablePointerChange(SpaceCheckingKeyFilter.java:214)
	at peergos.server.space.SpaceCheckingKeyFilter.accept(SpaceCheckingKeyFilter.java:182)
	at peergos.server.mutable.MutableEventPropagator.lambda$setPointer$0(MutableEventPropagator.java:30)
	at java.base/java.util.concurrent.CompletableFuture.uniApplyNow(CompletableFuture.java:680)
	at java.base/java.util.concurrent.CompletableFuture.uniApplyStage(CompletableFuture.java:658)
	at java.base/java.util.concurrent.CompletableFuture.thenApply(CompletableFuture.java:2158)
	at peergos.server.mutable.MutableEventPropagator.setPointer(MutableEventPropagator.java:26)
	at peergos.server.mutable.PinningMutablePointers.lambda$setPointer$2(PinningMutablePointers.java:52)
	at java.base/java.util.concurrent.CompletableFuture.uniComposeStage(CompletableFuture.java:1183)
	at java.base/java.util.concurrent.CompletableFuture.thenCompose(CompletableFuture.java:2299)
	at peergos.server.mutable.PinningMutablePointers.lambda$setPointer$3(PinningMutablePointers.java:41)
	at java.base/java.util.concurrent.CompletableFuture.uniComposeStage(CompletableFuture.java:1183)
	at java.base/java.util.concurrent.CompletableFuture.thenCompose(CompletableFuture.java:2299)
	at peergos.server.mutable.PinningMutablePointers.setPointer(PinningMutablePointers.java:33)
	at peergos.server.mutable.BlockingMutablePointers.setPointer(BlockingMutablePointers.java:21)
	at peergos.shared.mutable.ProxyingMutablePointers.lambda$setPointer$0(ProxyingMutablePointers.java:30)
	at peergos.shared.corenode.Proxy.lambda$redirectCall$0(Proxy.java:26)
	at java.base/java.util.concurrent.CompletableFuture.uniComposeStage(CompletableFuture.java:1183)
	at java.base/java.util.concurrent.CompletableFuture.thenCompose(CompletableFuture.java:2299)
	at peergos.shared.corenode.Proxy.lambda$redirectCall$1(Proxy.java:19)
	at java.base/java.util.concurrent.CompletableFuture.uniComposeStage(CompletableFuture.java:1183)
	at java.base/java.util.concurrent.CompletableFuture.thenCompose(CompletableFuture.java:2299)
	at peergos.shared.corenode.Proxy.redirectCall(Proxy.java:18)
	at peergos.shared.mutable.ProxyingMutablePointers.setPointer(ProxyingMutablePointers.java:27)
	at peergos.server.net.MutationHandler.handle(MutationHandler.java:60)
	at jdk.httpserver/com.sun.net.httpserver.Filter$Chain.doFilter(Filter.java:77)
	at jdk.httpserver/sun.net.httpserver.AuthFilter.doFilter(AuthFilter.java:82)
	at jdk.httpserver/com.sun.net.httpserver.Filter$Chain.doFilter(Filter.java:80)
	at jdk.httpserver/sun.net.httpserver.ServerImpl$Exchange$LinkHandler.handle(ServerImpl.java:692)
	at jdk.httpserver/com.sun.net.httpserver.Filter$Chain.doFilter(Filter.java:77)
	at jdk.httpserver/sun.net.httpserver.ServerImpl$Exchange.run(ServerImpl.java:664)
	at java.base/java.util.concurrent.ThreadPoolExecutor.runWorker(ThreadPoolExecutor.java:1130)
	at java.base/java.util.concurrent.ThreadPoolExecutor$Worker.run(ThreadPoolExecutor.java:630)
	at java.base/java.lang.Thread.run(Thread.java:832)
java.lang.IllegalStateException: Writer not present on this server: z59vuwzfFDovQebxdccEnEGtKZNUgifsNRcQs9JLatgE6ew8adMdJvB
	at peergos.server.space.JdbcUsageStore.getWriterId(JdbcUsageStore.java:179)
	at peergos.server.space.JdbcUsageStore.getOwner(JdbcUsageStore.java:239)
	at peergos.server.space.JdbcUsageStore.getUsage(JdbcUsageStore.java:268)
	at peergos.server.space.SpaceCheckingKeyFilter.prepareMutablePointerChange(SpaceCheckingKeyFilter.java:214)
	at peergos.server.space.SpaceCheckingKeyFilter.accept(SpaceCheckingKeyFilter.java:182)
	at peergos.server.mutable.MutableEventPropagator.lambda$setPointer$0(MutableEventPropagator.java:30)
	at java.base/java.util.concurrent.CompletableFuture.uniApplyNow(CompletableFuture.java:680)
	at java.base/java.util.concurrent.CompletableFuture.uniApplyStage(CompletableFuture.java:658)
	at java.base/java.util.concurrent.CompletableFuture.thenApply(CompletableFuture.java:2158)
	at peergos.server.mutable.MutableEventPropagator.setPointer(MutableEventPropagator.java:26)
	at peergos.server.mutable.PinningMutablePointers.lambda$setPointer$2(PinningMutablePointers.java:52)
	at java.base/java.util.concurrent.CompletableFuture.uniComposeStage(CompletableFuture.java:1183)
	at java.base/java.util.concurrent.CompletableFuture.thenCompose(CompletableFuture.java:2299)
	at peergos.server.mutable.PinningMutablePointers.lambda$setPointer$3(PinningMutablePointers.java:41)
	at java.base/java.util.concurrent.CompletableFuture.uniComposeStage(CompletableFuture.java:1183)
	at java.base/java.util.concurrent.CompletableFuture.thenCompose(CompletableFuture.java:2299)
	at peergos.server.mutable.PinningMutablePointers.setPointer(PinningMutablePointers.java:33)
	at peergos.server.mutable.BlockingMutablePointers.setPointer(BlockingMutablePointers.java:21)
	at peergos.shared.mutable.ProxyingMutablePointers.lambda$setPointer$0(ProxyingMutablePointers.java:30)
	at peergos.shared.corenode.Proxy.lambda$redirectCall$0(Proxy.java:26)
	at java.base/java.util.concurrent.CompletableFuture.uniComposeStage(CompletableFuture.java:1183)
	at java.base/java.util.concurrent.CompletableFuture.thenCompose(CompletableFuture.java:2299)
	at peergos.shared.corenode.Proxy.lambda$redirectCall$1(Proxy.java:19)
	at java.base/java.util.concurrent.CompletableFuture.uniComposeStage(CompletableFuture.java:1183)
	at java.base/java.util.concurrent.CompletableFuture.thenCompose(CompletableFuture.java:2299)
	at peergos.shared.corenode.Proxy.redirectCall(Proxy.java:18)
	at peergos.shared.mutable.ProxyingMutablePointers.setPointer(ProxyingMutablePointers.java:27)
	at peergos.server.net.MutationHandler.handle(MutationHandler.java:60)
	at jdk.httpserver/com.sun.net.httpserver.Filter$Chain.doFilter(Filter.java:77)
	at jdk.httpserver/sun.net.httpserver.AuthFilter.doFilter(AuthFilter.java:82)
	at jdk.httpserver/com.sun.net.httpserver.Filter$Chain.doFilter(Filter.java:80)
	at jdk.httpserver/sun.net.httpserver.ServerImpl$Exchange$LinkHandler.handle(ServerImpl.java:692)
	at jdk.httpserver/com.sun.net.httpserver.Filter$Chain.doFilter(Filter.java:77)
	at jdk.httpserver/sun.net.httpserver.ServerImpl$Exchange.run(ServerImpl.java:664)
	at java.base/java.util.concurrent.ThreadPoolExecutor.runWorker(ThreadPoolExecutor.java:1130)
	at java.base/java.util.concurrent.ThreadPoolExecutor$Worker.run(ThreadPoolExecutor.java:630)
	at java.base/java.lang.Thread.run(Thread.java:832)
java.lang.IllegalStateException: Writer not present on this server: z59vuwzfFDp1NTnQp4XCBwS9ojGNTeFGAvBB95W57JeLN74CCYk1dto
	at peergos.server.space.JdbcUsageStore.getWriterId(JdbcUsageStore.java:179)
	at peergos.server.space.JdbcUsageStore.getOwner(JdbcUsageStore.java:239)
	at peergos.server.space.JdbcUsageStore.getUsage(JdbcUsageStore.java:268)
	at peergos.server.space.SpaceCheckingKeyFilter.prepareMutablePointerChange(SpaceCheckingKeyFilter.java:214)
	at peergos.server.space.SpaceCheckingKeyFilter.accept(SpaceCheckingKeyFilter.java:182)
	at peergos.server.mutable.MutableEventPropagator.lambda$setPointer$0(MutableEventPropagator.java:30)
	at java.base/java.util.concurrent.CompletableFuture.uniApplyNow(CompletableFuture.java:680)
	at java.base/java.util.concurrent.CompletableFuture.uniApplyStage(CompletableFuture.java:658)
	at java.base/java.util.concurrent.CompletableFuture.thenApply(CompletableFuture.java:2158)
	at peergos.server.mutable.MutableEventPropagator.setPointer(MutableEventPropagator.java:26)
	at peergos.server.mutable.PinningMutablePointers.lambda$setPointer$2(PinningMutablePointers.java:52)
	at java.base/java.util.concurrent.CompletableFuture.uniComposeStage(CompletableFuture.java:1183)
	at java.base/java.util.concurrent.CompletableFuture.thenCompose(CompletableFuture.java:2299)
	at peergos.server.mutable.PinningMutablePointers.lambda$setPointer$3(PinningMutablePointers.java:41)
	at java.base/java.util.concurrent.CompletableFuture.uniComposeStage(CompletableFuture.java:1183)
	at java.base/java.util.concurrent.CompletableFuture.thenCompose(CompletableFuture.java:2299)
	at peergos.server.mutable.PinningMutablePointers.setPointer(PinningMutablePointers.java:33)
	at peergos.server.mutable.BlockingMutablePointers.setPointer(BlockingMutablePointers.java:21)
	at peergos.shared.mutable.ProxyingMutablePointers.lambda$setPointer$0(ProxyingMutablePointers.java:30)
	at peergos.shared.corenode.Proxy.lambda$redirectCall$0(Proxy.java:26)
	at java.base/java.util.concurrent.CompletableFuture.uniComposeStage(CompletableFuture.java:1183)
	at java.base/java.util.concurrent.CompletableFuture.thenCompose(CompletableFuture.java:2299)
	at peergos.shared.corenode.Proxy.lambda$redirectCall$1(Proxy.java:19)
	at java.base/java.util.concurrent.CompletableFuture.uniComposeStage(CompletableFuture.java:1183)
	at java.base/java.util.concurrent.CompletableFuture.thenCompose(CompletableFuture.java:2299)
	at peergos.shared.corenode.Proxy.redirectCall(Proxy.java:18)
	at peergos.shared.mutable.ProxyingMutablePointers.setPointer(ProxyingMutablePointers.java:27)
	at peergos.server.net.MutationHandler.handle(MutationHandler.java:60)
	at jdk.httpserver/com.sun.net.httpserver.Filter$Chain.doFilter(Filter.java:77)
	at jdk.httpserver/sun.net.httpserver.AuthFilter.doFilter(AuthFilter.java:82)
	at jdk.httpserver/com.sun.net.httpserver.Filter$Chain.doFilter(Filter.java:80)
	at jdk.httpserver/sun.net.httpserver.ServerImpl$Exchange$LinkHandler.handle(ServerImpl.java:692)
	at jdk.httpserver/com.sun.net.httpserver.Filter$Chain.doFilter(Filter.java:77)
	at jdk.httpserver/sun.net.httpserver.ServerImpl$Exchange.run(ServerImpl.java:664)
	at java.base/java.util.concurrent.ThreadPoolExecutor.runWorker(ThreadPoolExecutor.java:1130)
	at java.base/java.util.concurrent.ThreadPoolExecutor$Worker.run(ThreadPoolExecutor.java:630)
	at java.base/java.lang.Thread.run(Thread.java:832)
java.lang.IllegalStateException: Writer not present on this server: z59vuwzfFDp1NTnQp4XCBwS9ojGNTeFGAvBB95W57JeLN74CCYk1dto
	at peergos.server.space.JdbcUsageStore.getWriterId(JdbcUsageStore.java:179)
	at peergos.server.space.JdbcUsageStore.getOwner(JdbcUsageStore.java:239)
	at peergos.server.space.JdbcUsageStore.getUsage(JdbcUsageStore.java:268)
	at peergos.server.space.SpaceCheckingKeyFilter.prepareMutablePointerChange(SpaceCheckingKeyFilter.java:214)
	at peergos.server.space.SpaceCheckingKeyFilter.accept(SpaceCheckingKeyFilter.java:182)
	at peergos.server.mutable.MutableEventPropagator.lambda$setPointer$0(MutableEventPropagator.java:30)
	at java.base/java.util.concurrent.CompletableFuture.uniApplyNow(CompletableFuture.java:680)
	at java.base/java.util.concurrent.CompletableFuture.uniApplyStage(CompletableFuture.java:658)
	at java.base/java.util.concurrent.CompletableFuture.thenApply(CompletableFuture.java:2158)
	at peergos.server.mutable.MutableEventPropagator.setPointer(MutableEventPropagator.java:26)
	at peergos.server.mutable.PinningMutablePointers.lambda$setPointer$2(PinningMutablePointers.java:52)
	at java.base/java.util.concurrent.CompletableFuture.uniComposeStage(CompletableFuture.java:1183)
	at java.base/java.util.concurrent.CompletableFuture.thenCompose(CompletableFuture.java:2299)
	at peergos.server.mutable.PinningMutablePointers.lambda$setPointer$3(PinningMutablePointers.java:41)
	at java.base/java.util.concurrent.CompletableFuture.uniComposeStage(CompletableFuture.java:1183)
	at java.base/java.util.concurrent.CompletableFuture.thenCompose(CompletableFuture.java:2299)
	at peergos.server.mutable.PinningMutablePointers.setPointer(PinningMutablePointers.java:33)
	at peergos.server.mutable.BlockingMutablePointers.setPointer(BlockingMutablePointers.java:21)
	at peergos.shared.mutable.ProxyingMutablePointers.lambda$setPointer$0(ProxyingMutablePointers.java:30)
	at peergos.shared.corenode.Proxy.lambda$redirectCall$0(Proxy.java:26)
	at java.base/java.util.concurrent.CompletableFuture.uniComposeStage(CompletableFuture.java:1183)
	at java.base/java.util.concurrent.CompletableFuture.thenCompose(CompletableFuture.java:2299)
	at peergos.shared.corenode.Proxy.lambda$redirectCall$1(Proxy.java:19)
	at java.base/java.util.concurrent.CompletableFuture.uniComposeStage(CompletableFuture.java:1183)
	at java.base/java.util.concurrent.CompletableFuture.thenCompose(CompletableFuture.java:2299)
	at peergos.shared.corenode.Proxy.redirectCall(Proxy.java:18)
	at peergos.shared.mutable.ProxyingMutablePointers.setPointer(ProxyingMutablePointers.java:27)
	at peergos.server.net.MutationHandler.handle(MutationHandler.java:60)
	at jdk.httpserver/com.sun.net.httpserver.Filter$Chain.doFilter(Filter.java:77)
	at jdk.httpserver/sun.net.httpserver.AuthFilter.doFilter(AuthFilter.java:82)
	at jdk.httpserver/com.sun.net.httpserver.Filter$Chain.doFilter(Filter.java:80)
	at jdk.httpserver/sun.net.httpserver.ServerImpl$Exchange$LinkHandler.handle(ServerImpl.java:692)
	at jdk.httpserver/com.sun.net.httpserver.Filter$Chain.doFilter(Filter.java:77)
	at jdk.httpserver/sun.net.httpserver.ServerImpl$Exchange.run(ServerImpl.java:664)
	at java.base/java.util.concurrent.ThreadPoolExecutor.runWorker(ThreadPoolExecutor.java:1130)
	at java.base/java.util.concurrent.ThreadPoolExecutor$Worker.run(ThreadPoolExecutor.java:630)
	at java.base/java.lang.Thread.run(Thread.java:832)
java.lang.IllegalStateException: Writer not present on this server: z59vuwzfFDp1NTnQp4XCBwS9ojGNTeFGAvBB95W57JeLN74CCYk1dto
	at peergos.server.space.JdbcUsageStore.getWriterId(JdbcUsageStore.java:179)
	at peergos.server.space.JdbcUsageStore.getOwner(JdbcUsageStore.java:239)
	at peergos.server.space.JdbcUsageStore.getUsage(JdbcUsageStore.java:268)
	at peergos.server.space.SpaceCheckingKeyFilter.prepareMutablePointerChange(SpaceCheckingKeyFilter.java:214)
	at peergos.server.space.SpaceCheckingKeyFilter.accept(SpaceCheckingKeyFilter.java:182)
	at peergos.server.mutable.MutableEventPropagator.lambda$setPointer$0(MutableEventPropagator.java:30)
	at java.base/java.util.concurrent.CompletableFuture.uniApplyNow(CompletableFuture.java:680)
	at java.base/java.util.concurrent.CompletableFuture.uniApplyStage(CompletableFuture.java:658)
	at java.base/java.util.concurrent.CompletableFuture.thenApply(CompletableFuture.java:2158)
	at peergos.server.mutable.MutableEventPropagator.setPointer(MutableEventPropagator.java:26)
	at peergos.server.mutable.PinningMutablePointers.lambda$setPointer$2(PinningMutablePointers.java:52)
	at java.base/java.util.concurrent.CompletableFuture.uniComposeStage(CompletableFuture.java:1183)
	at java.base/java.util.concurrent.CompletableFuture.thenCompose(CompletableFuture.java:2299)
	at peergos.server.mutable.PinningMutablePointers.lambda$setPointer$3(PinningMutablePointers.java:41)
	at java.base/java.util.concurrent.CompletableFuture.uniComposeStage(CompletableFuture.java:1183)
	at java.base/java.util.concurrent.CompletableFuture.thenCompose(CompletableFuture.java:2299)
	at peergos.server.mutable.PinningMutablePointers.setPointer(PinningMutablePointers.java:33)
	at peergos.server.mutable.BlockingMutablePointers.setPointer(BlockingMutablePointers.java:21)
	at peergos.shared.mutable.ProxyingMutablePointers.lambda$setPointer$0(ProxyingMutablePointers.java:30)
	at peergos.shared.corenode.Proxy.lambda$redirectCall$0(Proxy.java:26)
	at java.base/java.util.concurrent.CompletableFuture.uniComposeStage(CompletableFuture.java:1183)
	at java.base/java.util.concurrent.CompletableFuture.thenCompose(CompletableFuture.java:2299)
	at peergos.shared.corenode.Proxy.lambda$redirectCall$1(Proxy.java:19)
	at java.base/java.util.concurrent.CompletableFuture.uniComposeStage(CompletableFuture.java:1183)
	at java.base/java.util.concurrent.CompletableFuture.thenCompose(CompletableFuture.java:2299)
	at peergos.shared.corenode.Proxy.redirectCall(Proxy.java:18)
	at peergos.shared.mutable.ProxyingMutablePointers.setPointer(ProxyingMutablePointers.java:27)
	at peergos.server.net.MutationHandler.handle(MutationHandler.java:60)
	at jdk.httpserver/com.sun.net.httpserver.Filter$Chain.doFilter(Filter.java:77)
	at jdk.httpserver/sun.net.httpserver.AuthFilter.doFilter(AuthFilter.java:82)
	at jdk.httpserver/com.sun.net.httpserver.Filter$Chain.doFilter(Filter.java:80)
	at jdk.httpserver/sun.net.httpserver.ServerImpl$Exchange$LinkHandler.handle(ServerImpl.java:692)
	at jdk.httpserver/com.sun.net.httpserver.Filter$Chain.doFilter(Filter.java:77)
	at jdk.httpserver/sun.net.httpserver.ServerImpl$Exchange.run(ServerImpl.java:664)
	at java.base/java.util.concurrent.ThreadPoolExecutor.runWorker(ThreadPoolExecutor.java:1130)
	at java.base/java.util.concurrent.ThreadPoolExecutor$Worker.run(ThreadPoolExecutor.java:630)
	at java.base/java.lang.Thread.run(Thread.java:832)
java.lang.IllegalStateException: Writer not present on this server: z59vuwzfFDp1NTnQp4XCBwS9ojGNTeFGAvBB95W57JeLN74CCYk1dto
	at peergos.server.space.JdbcUsageStore.getWriterId(JdbcUsageStore.java:179)
	at peergos.server.space.JdbcUsageStore.getOwner(JdbcUsageStore.java:239)
	at peergos.server.space.JdbcUsageStore.getUsage(JdbcUsageStore.java:268)
	at peergos.server.space.SpaceCheckingKeyFilter.prepareMutablePointerChange(SpaceCheckingKeyFilter.java:214)
	at peergos.server.space.SpaceCheckingKeyFilter.accept(SpaceCheckingKeyFilter.java:182)
	at peergos.server.mutable.MutableEventPropagator.lambda$setPointer$0(MutableEventPropagator.java:30)
	at java.base/java.util.concurrent.CompletableFuture.uniApplyNow(CompletableFuture.java:680)
	at java.base/java.util.concurrent.CompletableFuture.uniApplyStage(CompletableFuture.java:658)
	at java.base/java.util.concurrent.CompletableFuture.thenApply(CompletableFuture.java:2158)
	at peergos.server.mutable.MutableEventPropagator.setPointer(MutableEventPropagator.java:26)
	at peergos.server.mutable.PinningMutablePointers.lambda$setPointer$2(PinningMutablePointers.java:52)
	at java.base/java.util.concurrent.CompletableFuture.uniComposeStage(CompletableFuture.java:1183)
	at java.base/java.util.concurrent.CompletableFuture.thenCompose(CompletableFuture.java:2299)
	at peergos.server.mutable.PinningMutablePointers.lambda$setPointer$3(PinningMutablePointers.java:41)
	at java.base/java.util.concurrent.CompletableFuture.uniComposeStage(CompletableFuture.java:1183)
	at java.base/java.util.concurrent.CompletableFuture.thenCompose(CompletableFuture.java:2299)
	at peergos.server.mutable.PinningMutablePointers.setPointer(PinningMutablePointers.java:33)
	at peergos.server.mutable.BlockingMutablePointers.setPointer(BlockingMutablePointers.java:21)
	at peergos.shared.mutable.ProxyingMutablePointers.lambda$setPointer$0(ProxyingMutablePointers.java:30)
	at peergos.shared.corenode.Proxy.lambda$redirectCall$0(Proxy.java:26)
	at java.base/java.util.concurrent.CompletableFuture.uniComposeStage(CompletableFuture.java:1183)
	at java.base/java.util.concurrent.CompletableFuture.thenCompose(CompletableFuture.java:2299)
	at peergos.shared.corenode.Proxy.lambda$redirectCall$1(Proxy.java:19)
	at java.base/java.util.concurrent.CompletableFuture.uniComposeStage(CompletableFuture.java:1183)
	at java.base/java.util.concurrent.CompletableFuture.thenCompose(CompletableFuture.java:2299)
	at peergos.shared.corenode.Proxy.redirectCall(Proxy.java:18)
	at peergos.shared.mutable.ProxyingMutablePointers.setPointer(ProxyingMutablePointers.java:27)
	at peergos.server.net.MutationHandler.handle(MutationHandler.java:60)
	at jdk.httpserver/com.sun.net.httpserver.Filter$Chain.doFilter(Filter.java:77)
	at jdk.httpserver/sun.net.httpserver.AuthFilter.doFilter(AuthFilter.java:82)
	at jdk.httpserver/com.sun.net.httpserver.Filter$Chain.doFilter(Filter.java:80)
	at jdk.httpserver/sun.net.httpserver.ServerImpl$Exchange$LinkHandler.handle(ServerImpl.java:692)
	at jdk.httpserver/com.sun.net.httpserver.Filter$Chain.doFilter(Filter.java:77)
	at jdk.httpserver/sun.net.httpserver.ServerImpl$Exchange.run(ServerImpl.java:664)
	at java.base/java.util.concurrent.ThreadPoolExecutor.runWorker(ThreadPoolExecutor.java:1130)
	at java.base/java.util.concurrent.ThreadPoolExecutor$Worker.run(ThreadPoolExecutor.java:630)
	at java.base/java.lang.Thread.run(Thread.java:832)
java.lang.IllegalStateException: Writer not present on this server: z59vuwzfFDp1NTnQp4XCBwS9ojGNTeFGAvBB95W57JeLN74CCYk1dto
	at peergos.server.space.JdbcUsageStore.getWriterId(JdbcUsageStore.java:179)
	at peergos.server.space.JdbcUsageStore.getOwner(JdbcUsageStore.java:239)
	at peergos.server.space.JdbcUsageStore.getUsage(JdbcUsageStore.java:268)
	at peergos.server.space.SpaceCheckingKeyFilter.prepareMutablePointerChange(SpaceCheckingKeyFilter.java:214)
	at peergos.server.space.SpaceCheckingKeyFilter.accept(SpaceCheckingKeyFilter.java:182)
	at peergos.server.mutable.MutableEventPropagator.lambda$setPointer$0(MutableEventPropagator.java:30)
	at java.base/java.util.concurrent.CompletableFuture.uniApplyNow(CompletableFuture.java:680)
	at java.base/java.util.concurrent.CompletableFuture.uniApplyStage(CompletableFuture.java:658)
	at java.base/java.util.concurrent.CompletableFuture.thenApply(CompletableFuture.java:2158)
	at peergos.server.mutable.MutableEventPropagator.setPointer(MutableEventPropagator.java:26)
	at peergos.server.mutable.PinningMutablePointers.lambda$setPointer$2(PinningMutablePointers.java:52)
	at java.base/java.util.concurrent.CompletableFuture.uniComposeStage(CompletableFuture.java:1183)
	at java.base/java.util.concurrent.CompletableFuture.thenCompose(CompletableFuture.java:2299)
	at peergos.server.mutable.PinningMutablePointers.lambda$setPointer$3(PinningMutablePointers.java:41)
	at java.base/java.util.concurrent.CompletableFuture.uniComposeStage(CompletableFuture.java:1183)
	at java.base/java.util.concurrent.CompletableFuture.thenCompose(CompletableFuture.java:2299)
	at peergos.server.mutable.PinningMutablePointers.setPointer(PinningMutablePointers.java:33)
	at peergos.server.mutable.BlockingMutablePointers.setPointer(BlockingMutablePointers.java:21)
	at peergos.shared.mutable.ProxyingMutablePointers.lambda$setPointer$0(ProxyingMutablePointers.java:30)
	at peergos.shared.corenode.Proxy.lambda$redirectCall$0(Proxy.java:26)
	at java.base/java.util.concurrent.CompletableFuture.uniComposeStage(CompletableFuture.java:1183)
	at java.base/java.util.concurrent.CompletableFuture.thenCompose(CompletableFuture.java:2299)
	at peergos.shared.corenode.Proxy.lambda$redirectCall$1(Proxy.java:19)
	at java.base/java.util.concurrent.CompletableFuture.uniComposeStage(CompletableFuture.java:1183)
	at java.base/java.util.concurrent.CompletableFuture.thenCompose(CompletableFuture.java:2299)
	at peergos.shared.corenode.Proxy.redirectCall(Proxy.java:18)
	at peergos.shared.mutable.ProxyingMutablePointers.setPointer(ProxyingMutablePointers.java:27)
	at peergos.server.net.MutationHandler.handle(MutationHandler.java:60)
	at jdk.httpserver/com.sun.net.httpserver.Filter$Chain.doFilter(Filter.java:77)
	at jdk.httpserver/sun.net.httpserver.AuthFilter.doFilter(AuthFilter.java:82)
	at jdk.httpserver/com.sun.net.httpserver.Filter$Chain.doFilter(Filter.java:80)
	at jdk.httpserver/sun.net.httpserver.ServerImpl$Exchange$LinkHandler.handle(ServerImpl.java:692)
	at jdk.httpserver/com.sun.net.httpserver.Filter$Chain.doFilter(Filter.java:77)
	at jdk.httpserver/sun.net.httpserver.ServerImpl$Exchange.run(ServerImpl.java:664)
	at java.base/java.util.concurrent.ThreadPoolExecutor.runWorker(ThreadPoolExecutor.java:1130)
	at java.base/java.util.concurrent.ThreadPoolExecutor$Worker.run(ThreadPoolExecutor.java:630)
	at java.base/java.lang.Thread.run(Thread.java:832)
java.lang.IllegalStateException: Writer not present on this server: z59vuwzfFDp1NTnQp4XCBwS9ojGNTeFGAvBB95W57JeLN74CCYk1dto
	at peergos.server.space.JdbcUsageStore.getWriterId(JdbcUsageStore.java:179)
	at peergos.server.space.JdbcUsageStore.getOwner(JdbcUsageStore.java:239)
	at peergos.server.space.JdbcUsageStore.getUsage(JdbcUsageStore.java:268)
	at peergos.server.space.SpaceCheckingKeyFilter.prepareMutablePointerChange(SpaceCheckingKeyFilter.java:214)
	at peergos.server.space.SpaceCheckingKeyFilter.accept(SpaceCheckingKeyFilter.java:182)
	at peergos.server.mutable.MutableEventPropagator.lambda$setPointer$0(MutableEventPropagator.java:30)
	at java.base/java.util.concurrent.CompletableFuture.uniApplyNow(CompletableFuture.java:680)
	at java.base/java.util.concurrent.CompletableFuture.uniApplyStage(CompletableFuture.java:658)
	at java.base/java.util.concurrent.CompletableFuture.thenApply(CompletableFuture.java:2158)
	at peergos.server.mutable.MutableEventPropagator.setPointer(MutableEventPropagator.java:26)
	at peergos.server.mutable.PinningMutablePointers.lambda$setPointer$2(PinningMutablePointers.java:52)
	at java.base/java.util.concurrent.CompletableFuture.uniComposeStage(CompletableFuture.java:1183)
	at java.base/java.util.concurrent.CompletableFuture.thenCompose(CompletableFuture.java:2299)
	at peergos.server.mutable.PinningMutablePointers.lambda$setPointer$3(PinningMutablePointers.java:41)
	at java.base/java.util.concurrent.CompletableFuture.uniComposeStage(CompletableFuture.java:1183)
	at java.base/java.util.concurrent.CompletableFuture.thenCompose(CompletableFuture.java:2299)
	at peergos.server.mutable.PinningMutablePointers.setPointer(PinningMutablePointers.java:33)
	at peergos.server.mutable.BlockingMutablePointers.setPointer(BlockingMutablePointers.java:21)
	at peergos.shared.mutable.ProxyingMutablePointers.lambda$setPointer$0(ProxyingMutablePointers.java:30)
	at peergos.shared.corenode.Proxy.lambda$redirectCall$0(Proxy.java:26)
	at java.base/java.util.concurrent.CompletableFuture.uniComposeStage(CompletableFuture.java:1183)
	at java.base/java.util.concurrent.CompletableFuture.thenCompose(CompletableFuture.java:2299)
	at peergos.shared.corenode.Proxy.lambda$redirectCall$1(Proxy.java:19)
	at java.base/java.util.concurrent.CompletableFuture.uniComposeStage(CompletableFuture.java:1183)
	at java.base/java.util.concurrent.CompletableFuture.thenCompose(CompletableFuture.java:2299)
	at peergos.shared.corenode.Proxy.redirectCall(Proxy.java:18)
	at peergos.shared.mutable.ProxyingMutablePointers.setPointer(ProxyingMutablePointers.java:27)
	at peergos.server.net.MutationHandler.handle(MutationHandler.java:60)
	at jdk.httpserver/com.sun.net.httpserver.Filter$Chain.doFilter(Filter.java:77)
	at jdk.httpserver/sun.net.httpserver.AuthFilter.doFilter(AuthFilter.java:82)
	at jdk.httpserver/com.sun.net.httpserver.Filter$Chain.doFilter(Filter.java:80)
	at jdk.httpserver/sun.net.httpserver.ServerImpl$Exchange$LinkHandler.handle(ServerImpl.java:692)
	at jdk.httpserver/com.sun.net.httpserver.Filter$Chain.doFilter(Filter.java:77)
	at jdk.httpserver/sun.net.httpserver.ServerImpl$Exchange.run(ServerImpl.java:664)
	at java.base/java.util.concurrent.ThreadPoolExecutor.runWorker(ThreadPoolExecutor.java:1130)
	at java.base/java.util.concurrent.ThreadPoolExecutor$Worker.run(ThreadPoolExecutor.java:630)
	at java.base/java.lang.Thread.run(Thread.java:832)
Trailer:Migration+claim+has+earlier+expiry+than+current+one%21
Trailer:New+claim+chain+expiry+before+existing%21
Trailer:New%2Bclaim%2Bchain%2Bexpiry%2Bbefore%2Bexisting%2521
]]></system-err>
</testsuite>
